22:47:34.391 - Records Processed 277
22:47:34.392 - Current Subscribers: 
bid     | 
quote   | 
statsTab| 

22:47:35.392 - Records Processed 278
22:47:35.393 - Current Subscribers: 
bid     | 
quote   | 
statsTab| 

22:47:36.392 - Records Processed 280
22:47:36.393 - Current Subscribers: 
bid     | ,(9i;`)
quote   | ,(9i;`)
statsTab| ()

22:47:37.392 - Records Processed 282
22:47:37.393 - Current Subscribers: 
bid     | ((9i;`);(10i;`))
quote   | ((9i;`);(10i;`))
statsTab| ,(11i;`)

22:47:38.392 - Records Processed 284
22:47:38.392 - Current Subscribers: 
bid     | ((9i;`);(10i;`))
quote   | ((9i;`);(10i;`))
statsTab| ,(11i;`)

22:47:39.392 - Records Processed 286
22:47:39.392 - Current Subscribers: 
bid     | ((9i;`);(10i;`))
quote   | ((9i;`);(10i;`))
statsTab| ,(11i;`)

22:47:40.392 - Records Processed 288
22:47:40.392 - Current Subscribers: 
bid     | ((9i;`);(10i;`))
quote   | ((9i;`);(10i;`))
statsTab| ,(11i;`)

22:47:41.392 - Records Processed 290
22:47:41.392 - Current Subscribers: 
bid     | ((9i;`);(10i;`))
quote   | ((9i;`);(10i;`))
statsTab| ,(11i;`)

22:47:42.392 - Records Processed 292
22:47:42.392 - Current Subscribers: 
bid     | ((9i;`);(10i;`))
quote   | ((9i;`);(10i;`))
statsTab| ,(11i;`)

22:47:43.392 - Records Processed 294
22:47:43.394 - Current Subscribers: 
bid     | ((9i;`);(10i;`))
quote   | ((9i;`);(10i;`))
statsTab| ,(11i;`)

22:47:44.392 - Records Processed 296
22:47:44.393 - Current Subscribers: 
bid     | ((9i;`);(10i;`))
quote   | ((9i;`);(10i;`))
statsTab| ,(11i;`)

22:47:45.392 - Records Processed 298
22:47:45.392 - Current Subscribers: 
bid     | ((9i;`);(10i;`))
quote   | ((9i;`);(10i;`))
statsTab| ,(11i;`)

22:47:46.392 - Records Processed 300
22:47:46.393 - Current Subscribers: 
bid     | ((9i;`);(10i;`))
quote   | ((9i;`);(10i;`))
statsTab| ,(11i;`)

22:47:47.392 - Records Processed 302
22:47:47.392 - Current Subscribers: 
bid     | ((9i;`);(10i;`))
quote   | ((9i;`);(10i;`))
statsTab| ,(11i;`)

22:47:48.392 - Records Processed 304
22:47:48.392 - Current Subscribers: 
bid     | ((9i;`);(10i;`))
quote   | ((9i;`);(10i;`))
statsTab| ,(11i;`)

22:47:49.392 - Records Processed 306
22:47:49.392 - Current Subscribers: 
bid     | ((9i;`);(10i;`))
quote   | ((9i;`);(10i;`))
statsTab| ,(11i;`)

22:47:50.393 - Records Processed 308
22:47:50.393 - Current Subscribers: 
bid     | ((9i;`);(10i;`))
quote   | ((9i;`);(10i;`))
statsTab| ,(11i;`)

22:47:51.391 - Records Processed 310
22:47:51.392 - Current Subscribers: 
bid     | ((9i;`);(10i;`))
quote   | ((9i;`);(10i;`))
statsTab| ,(11i;`)

22:47:52.392 - Records Processed 312
22:47:52.393 - Current Subscribers: 
bid     | ((9i;`);(10i;`))
quote   | ((9i;`);(10i;`))
statsTab| ,(11i;`)

22:47:53.392 - Records Processed 314
22:47:53.392 - Current Subscribers: 
bid     | ((9i;`);(10i;`))
quote   | ((9i;`);(10i;`))
statsTab| ,(11i;`)

22:47:54.391 - Records Processed 316
22:47:54.392 - Current Subscribers: 
bid     | ((9i;`);(10i;`))
quote   | ((9i;`);(10i;`))
statsTab| ,(11i;`)

22:47:55.392 - Records Processed 318
22:47:55.392 - Current Subscribers: 
bid     | ((9i;`);(10i;`))
quote   | ((9i;`);(10i;`))
statsTab| ,(11i;`)

22:47:56.392 - Records Processed 320
22:47:56.392 - Current Subscribers: 
bid     | ((9i;`);(10i;`))
quote   | ((9i;`);(10i;`))
statsTab| ,(11i;`)

22:47:57.392 - Records Processed 322
22:47:57.393 - Current Subscribers: 
bid     | ((9i;`);(10i;`))
quote   | ((9i;`);(10i;`))
statsTab| ,(11i;`)

22:47:58.392 - Records Processed 324
22:47:58.393 - Current Subscribers: 
bid     | ((9i;`);(10i;`))
quote   | ((9i;`);(10i;`))
statsTab| ,(11i;`)

22:47:59.392 - Records Processed 326
22:47:59.392 - Current Subscribers: 
bid     | ((9i;`);(10i;`))
quote   | ((9i;`);(10i;`))
statsTab| ,(11i;`)

22:48:00.392 - Records Processed 328
22:48:00.393 - Current Subscribers: 
bid     | ((9i;`);(10i;`))
quote   | ((9i;`);(10i;`))
statsTab| ,(11i;`)

22:48:01.391 - Records Processed 330
22:48:01.392 - Current Subscribers: 
bid     | ((9i;`);(10i;`))
quote   | ((9i;`);(10i;`))
statsTab| ,(11i;`)

22:48:02.392 - Records Processed 332
22:48:02.393 - Current Subscribers: 
bid     | ((9i;`);(10i;`))
quote   | ((9i;`);(10i;`))
statsTab| ,(11i;`)

22:48:03.392 - Records Processed 334
22:48:03.392 - Current Subscribers: 
bid     | ((9i;`);(10i;`))
quote   | ((9i;`);(10i;`))
statsTab| ,(11i;`)

22:48:04.392 - Records Processed 336
22:48:04.392 - Current Subscribers: 
bid     | ((9i;`);(10i;`))
quote   | ((9i;`);(10i;`))
statsTab| ,(11i;`)

22:48:05.392 - Records Processed 338
22:48:05.393 - Current Subscribers: 
bid     | ((9i;`);(10i;`))
quote   | ((9i;`);(10i;`))
statsTab| ,(11i;`)

22:48:06.392 - Records Processed 340
22:48:06.392 - Current Subscribers: 
bid     | ((9i;`);(10i;`))
quote   | ((9i;`);(10i;`))
statsTab| ,(11i;`)

22:48:07.391 - Records Processed 342
22:48:07.392 - Current Subscribers: 
bid     | ((9i;`);(10i;`))
quote   | ((9i;`);(10i;`))
statsTab| ,(11i;`)

22:48:08.392 - Records Processed 344
22:48:08.393 - Current Subscribers: 
bid     | ((9i;`);(10i;`))
quote   | ((9i;`);(10i;`))
statsTab| ,(11i;`)

22:48:09.392 - Records Processed 346
22:48:09.393 - Current Subscribers: 
bid     | ((9i;`);(10i;`))
quote   | ((9i;`);(10i;`))
statsTab| ,(11i;`)

22:48:10.391 - Records Processed 348
22:48:10.392 - Current Subscribers: 
bid     | ((9i;`);(10i;`))
quote   | ((9i;`);(10i;`))
statsTab| ,(11i;`)

22:48:11.392 - Records Processed 350
22:48:11.393 - Current Subscribers: 
bid     | ((9i;`);(10i;`))
quote   | ((9i;`);(10i;`))
statsTab| ,(11i;`)

22:48:12.391 - Records Processed 352
22:48:12.392 - Current Subscribers: 
bid     | ((9i;`);(10i;`))
quote   | ((9i;`);(10i;`))
statsTab| ,(11i;`)

22:48:13.392 - Records Processed 354
22:48:13.392 - Current Subscribers: 
bid     | ((9i;`);(10i;`))
quote   | ((9i;`);(10i;`))
statsTab| ,(11i;`)

22:48:14.392 - Records Processed 356
22:48:14.393 - Current Subscribers: 
bid     | ((9i;`);(10i;`))
quote   | ((9i;`);(10i;`))
statsTab| ,(11i;`)

22:48:15.393 - Records Processed 358
22:48:15.394 - Current Subscribers: 
bid     | ((9i;`);(10i;`);(12i;`))
quote   | ((9i;`);(10i;`);(12i;`))
statsTab| ((11i;`);(12i;`))

22:48:16.392 - Records Processed 360
22:48:16.393 - Current Subscribers: 
bid     | ((9i;`);(10i;`);(12i;`))
quote   | ((9i;`);(10i;`);(12i;`))
statsTab| ((11i;`);(12i;`))

22:48:17.392 - Records Processed 362
22:48:17.393 - Current Subscribers: 
bid     | ((9i;`);(10i;`);(12i;`))
quote   | ((9i;`);(10i;`);(12i;`))
statsTab| ((11i;`);(12i;`))

22:48:18.391 - Records Processed 364
22:48:18.393 - Current Subscribers: 
bid     | ((9i;`);(10i;`);(12i;`))
quote   | ((9i;`);(10i;`);(12i;`))
statsTab| ((11i;`);(12i;`))

22:48:19.391 - Records Processed 366
22:48:19.392 - Current Subscribers: 
bid     | ((9i;`);(10i;`);(12i;`))
quote   | ((9i;`);(10i;`);(12i;`))
statsTab| ((11i;`);(12i;`))

22:48:20.392 - Records Processed 368
22:48:20.393 - Current Subscribers: 
bid     | ((9i;`);(10i;`);(12i;`))
quote   | ((9i;`);(10i;`);(12i;`))
statsTab| ((11i;`);(12i;`))

22:48:21.392 - Records Processed 370
22:48:21.392 - Current Subscribers: 
bid     | ((9i;`);(10i;`);(12i;`))
quote   | ((9i;`);(10i;`);(12i;`))
statsTab| ((11i;`);(12i;`))

22:48:22.392 - Records Processed 372
22:48:22.393 - Current Subscribers: 
bid     | ((9i;`);(10i;`);(12i;`))
quote   | ((9i;`);(10i;`);(12i;`))
statsTab| ((11i;`);(12i;`))

22:48:23.392 - Records Processed 374
22:48:23.392 - Current Subscribers: 
bid     | ((9i;`);(10i;`);(12i;`))
quote   | ((9i;`);(10i;`);(12i;`))
statsTab| ((11i;`);(12i;`))

22:48:24.392 - Records Processed 376
22:48:24.392 - Current Subscribers: 
bid     | ((9i;`);(10i;`);(12i;`))
quote   | ((9i;`);(10i;`);(12i;`))
statsTab| ((11i;`);(12i;`))

22:48:25.392 - Records Processed 378
22:48:25.393 - Current Subscribers: 
bid     | ((9i;`);(10i;`);(12i;`))
quote   | ((9i;`);(10i;`);(12i;`))
statsTab| ((11i;`);(12i;`))

22:48:26.392 - Records Processed 380
22:48:26.393 - Current Subscribers: 
bid     | ((9i;`);(10i;`);(12i;`))
quote   | ((9i;`);(10i;`);(12i;`))
statsTab| ((11i;`);(12i;`))

22:48:27.392 - Records Processed 382
22:48:27.393 - Current Subscribers: 
bid     | ((9i;`);(10i;`);(12i;`))
quote   | ((9i;`);(10i;`);(12i;`))
statsTab| ((11i;`);(12i;`))

22:48:28.392 - Records Processed 384
22:48:28.392 - Current Subscribers: 
bid     | ((9i;`);(10i;`);(12i;`))
quote   | ((9i;`);(10i;`);(12i;`))
statsTab| ((11i;`);(12i;`))

22:48:29.392 - Records Processed 386
22:48:29.393 - Current Subscribers: 
bid     | ((9i;`);(10i;`);(12i;`))
quote   | ((9i;`);(10i;`);(12i;`))
statsTab| ((11i;`);(12i;`))

22:48:30.392 - Records Processed 388
22:48:30.393 - Current Subscribers: 
bid     | ((9i;`);(10i;`);(12i;`))
quote   | ((9i;`);(10i;`);(12i;`))
statsTab| ((11i;`);(12i;`))

22:48:31.392 - Records Processed 390
22:48:31.392 - Current Subscribers: 
bid     | ((9i;`);(10i;`);(12i;`))
quote   | ((9i;`);(10i;`);(12i;`))
statsTab| ((11i;`);(12i;`))

22:48:32.392 - Records Processed 392
22:48:32.393 - Current Subscribers: 
bid     | ((9i;`);(10i;`);(12i;`))
quote   | ((9i;`);(10i;`);(12i;`))
statsTab| ((11i;`);(12i;`))

22:48:33.392 - Records Processed 394
22:48:33.392 - Current Subscribers: 
bid     | ((9i;`);(10i;`);(12i;`))
quote   | ((9i;`);(10i;`);(12i;`))
statsTab| ((11i;`);(12i;`))

22:48:34.392 - Records Processed 396
22:48:34.393 - Current Subscribers: 
bid     | ((9i;`);(10i;`);(12i;`))
quote   | ((9i;`);(10i;`);(12i;`))
statsTab| ((11i;`);(12i;`))

22:48:35.392 - Records Processed 398
22:48:35.393 - Current Subscribers: 
bid     | ((9i;`);(10i;`);(12i;`))
quote   | ((9i;`);(10i;`);(12i;`))
statsTab| ((11i;`);(12i;`))

22:48:36.392 - Records Processed 400
22:48:36.392 - Current Subscribers: 
bid     | ((9i;`);(10i;`);(12i;`))
quote   | ((9i;`);(10i;`);(12i;`))
statsTab| ((11i;`);(12i;`))

22:48:37.392 - Records Processed 402
22:48:37.393 - Current Subscribers: 
bid     | ((9i;`);(10i;`);(12i;`))
quote   | ((9i;`);(10i;`);(12i;`))
statsTab| ((11i;`);(12i;`))

22:48:38.392 - Records Processed 404
22:48:38.393 - Current Subscribers: 
bid     | ((9i;`);(10i;`);(12i;`))
quote   | ((9i;`);(10i;`);(12i;`))
statsTab| ((11i;`);(12i;`))

22:48:39.392 - Records Processed 406
22:48:39.393 - Current Subscribers: 
bid     | ((9i;`);(10i;`);(12i;`))
quote   | ((9i;`);(10i;`);(12i;`))
statsTab| ((11i;`);(12i;`))

22:48:40.391 - Records Processed 408
22:48:40.392 - Current Subscribers: 
bid     | ((9i;`);(10i;`);(12i;`))
quote   | ((9i;`);(10i;`);(12i;`))
statsTab| ((11i;`);(12i;`))

22:48:41.391 - Records Processed 410
22:48:41.394 - Current Subscribers: 
bid     | ((9i;`);(10i;`);(12i;`))
quote   | ((9i;`);(10i;`);(12i;`))
statsTab| ((11i;`);(12i;`))

22:48:42.392 - Records Processed 412
22:48:42.392 - Current Subscribers: 
bid     | ((9i;`);(10i;`);(12i;`))
quote   | ((9i;`);(10i;`);(12i;`))
statsTab| ((11i;`);(12i;`))

22:48:43.391 - Records Processed 414
22:48:43.392 - Current Subscribers: 
bid     | ((9i;`);(10i;`);(12i;`))
quote   | ((9i;`);(10i;`);(12i;`))
statsTab| ((11i;`);(12i;`))

22:48:44.392 - Records Processed 416
22:48:44.392 - Current Subscribers: 
bid     | ((9i;`);(10i;`);(12i;`))
quote   | ((9i;`);(10i;`);(12i;`))
statsTab| ((11i;`);(12i;`))

22:48:45.391 - Records Processed 418
22:48:45.392 - Current Subscribers: 
bid     | ((9i;`);(10i;`);(12i;`))
quote   | ((9i;`);(10i;`);(12i;`))
statsTab| ((11i;`);(12i;`))

22:48:46.392 - Records Processed 420
22:48:46.393 - Current Subscribers: 
bid     | ((9i;`);(10i;`);(12i;`))
quote   | ((9i;`);(10i;`);(12i;`))
statsTab| ((11i;`);(12i;`))

22:48:47.392 - Records Processed 422
22:48:47.392 - Current Subscribers: 
bid     | ((9i;`);(10i;`);(12i;`))
quote   | ((9i;`);(10i;`);(12i;`))
statsTab| ((11i;`);(12i;`))

22:48:48.392 - Records Processed 424
22:48:48.393 - Current Subscribers: 
bid     | ((9i;`);(10i;`);(12i;`))
quote   | ((9i;`);(10i;`);(12i;`))
statsTab| ((11i;`);(12i;`))

22:48:49.392 - Records Processed 426
22:48:49.393 - Current Subscribers: 
bid     | ((9i;`);(10i;`))
quote   | ((9i;`);(10i;`))
statsTab| ,(11i;`)

22:48:50.392 - Records Processed 428
22:48:50.392 - Current Subscribers: 
bid     | ((9i;`);(10i;`))
quote   | ((9i;`);(10i;`))
statsTab| ,(11i;`)

22:48:51.392 - Records Processed 430
22:48:51.393 - Current Subscribers: 
bid     | ((9i;`);(10i;`))
quote   | ((9i;`);(10i;`))
statsTab| ,(11i;`)

22:48:52.392 - Records Processed 432
22:48:52.393 - Current Subscribers: 
bid     | ((9i;`);(10i;`))
quote   | ((9i;`);(10i;`))
statsTab| ,(11i;`)

22:48:53.392 - Records Processed 434
22:48:53.393 - Current Subscribers: 
bid     | ((9i;`);(10i;`))
quote   | ((9i;`);(10i;`))
statsTab| ,(11i;`)

22:48:54.392 - Records Processed 436
22:48:54.392 - Current Subscribers: 
bid     | ((9i;`);(10i;`))
quote   | ((9i;`);(10i;`))
statsTab| ,(11i;`)

22:48:55.392 - Records Processed 438
22:48:55.393 - Current Subscribers: 
bid     | ((9i;`);(10i;`))
quote   | ((9i;`);(10i;`))
statsTab| ,(11i;`)

22:48:56.392 - Records Processed 440
22:48:56.392 - Current Subscribers: 
bid     | ((9i;`);(10i;`))
quote   | ((9i;`);(10i;`))
statsTab| ,(11i;`)

