12:03:41.453 - Records Processed 701
12:03:41.453 - Current Subscribers: 
bid     | 
quote   | 
statsTab| 

12:03:42.455 - Records Processed 701
12:03:42.455 - Current Subscribers: 
bid     | 
quote   | 
statsTab| 

12:03:43.455 - Records Processed 701
12:03:43.455 - Current Subscribers: 
bid     | 
quote   | 
statsTab| 

12:03:44.455 - Records Processed 701
12:03:44.455 - Current Subscribers: 
bid     | 
quote   | 
statsTab| 

12:03:45.455 - Records Processed 701
12:03:45.455 - Current Subscribers: 
bid     | 
quote   | 
statsTab| 

12:03:46.455 - Records Processed 701
12:03:46.455 - Current Subscribers: 
bid     | 
quote   | 
statsTab| 

12:03:47.456 - Records Processed 701
12:03:47.456 - Current Subscribers: 
bid     | 
quote   | 
statsTab| 

12:03:48.455 - Records Processed 701
12:03:48.455 - Current Subscribers: 
bid     | 
quote   | 
statsTab| 

12:03:49.455 - Records Processed 701
12:03:49.455 - Current Subscribers: 
bid     | 
quote   | 
statsTab| 

12:03:50.455 - Records Processed 701
12:03:50.455 - Current Subscribers: 
bid     | 
quote   | 
statsTab| 

12:03:51.455 - Records Processed 701
12:03:51.455 - Current Subscribers: 
bid     | 
quote   | 
statsTab| 

