23:53:26.660 - Records Processed 0
23:53:26.661 - Current Subscribers: 
bid     | 
quote   | 
statsTab| 

23:53:27.661 - Records Processed 0
23:53:27.662 - Current Subscribers: 
bid     | ,(8i;`)
quote   | ,(8i;`)
statsTab| ()

23:53:28.244 - Records Processed 0
23:53:28.244 - Current Subscribers: 
bid     | ((8i;`);(10i;`))
quote   | ((8i;`);(10i;`))
statsTab| ,(9i;`)

23:53:29.243 - Records Processed 2
23:53:29.244 - Current Subscribers: 
bid     | ((8i;`);(10i;`))
quote   | ((8i;`);(10i;`))
statsTab| ,(9i;`)

23:53:30.243 - Records Processed 4
23:53:30.244 - Current Subscribers: 
bid     | ((8i;`);(10i;`))
quote   | ((8i;`);(10i;`))
statsTab| ,(9i;`)

23:53:31.243 - Records Processed 6
23:53:31.244 - Current Subscribers: 
bid     | ((8i;`);(10i;`))
quote   | ((8i;`);(10i;`))
statsTab| ,(9i;`)

23:53:32.243 - Records Processed 8
23:53:32.244 - Current Subscribers: 
bid     | ((8i;`);(10i;`))
quote   | ((8i;`);(10i;`))
statsTab| ,(9i;`)

23:53:33.244 - Records Processed 10
23:53:33.244 - Current Subscribers: 
bid     | ((8i;`);(10i;`))
quote   | ((8i;`);(10i;`))
statsTab| ,(9i;`)

23:53:34.244 - Records Processed 12
23:53:34.245 - Current Subscribers: 
bid     | ((8i;`);(10i;`))
quote   | ((8i;`);(10i;`))
statsTab| ,(9i;`)

23:53:35.244 - Records Processed 14
23:53:35.244 - Current Subscribers: 
bid     | ((8i;`);(10i;`))
quote   | ((8i;`);(10i;`))
statsTab| ,(9i;`)

23:53:36.243 - Records Processed 16
23:53:36.244 - Current Subscribers: 
bid     | ((8i;`);(10i;`))
quote   | ((8i;`);(10i;`))
statsTab| ,(9i;`)

23:53:37.243 - Records Processed 18
23:53:37.245 - Current Subscribers: 
bid     | ((8i;`);(10i;`))
quote   | ((8i;`);(10i;`))
statsTab| ,(9i;`)

23:53:38.243 - Records Processed 20
23:53:38.244 - Current Subscribers: 
bid     | ((8i;`);(10i;`))
quote   | ((8i;`);(10i;`))
statsTab| ,(9i;`)

23:53:39.244 - Records Processed 22
23:53:39.244 - Current Subscribers: 
bid     | ((8i;`);(10i;`))
quote   | ((8i;`);(10i;`))
statsTab| ,(9i;`)

23:53:40.244 - Records Processed 24
23:53:40.244 - Current Subscribers: 
bid     | ((8i;`);(10i;`))
quote   | ((8i;`);(10i;`))
statsTab| ,(9i;`)

23:53:41.243 - Records Processed 26
23:53:41.244 - Current Subscribers: 
bid     | ((8i;`);(10i;`))
quote   | ((8i;`);(10i;`))
statsTab| ,(9i;`)

23:53:42.243 - Records Processed 28
23:53:42.244 - Current Subscribers: 
bid     | ((8i;`);(10i;`))
quote   | ((8i;`);(10i;`))
statsTab| ,(9i;`)

23:53:43.243 - Records Processed 30
23:53:43.244 - Current Subscribers: 
bid     | ((8i;`);(10i;`))
quote   | ((8i;`);(10i;`))
statsTab| ,(9i;`)

23:53:44.244 - Records Processed 32
23:53:44.245 - Current Subscribers: 
bid     | ((8i;`);(10i;`))
quote   | ((8i;`);(10i;`))
statsTab| ,(9i;`)

23:53:45.244 - Records Processed 34
23:53:45.245 - Current Subscribers: 
bid     | ((8i;`);(10i;`))
quote   | ((8i;`);(10i;`))
statsTab| ,(9i;`)

23:53:46.245 - Records Processed 36
23:53:46.245 - Current Subscribers: 
bid     | ((8i;`);(10i;`))
quote   | ((8i;`);(10i;`))
statsTab| ,(9i;`)

23:53:47.243 - Records Processed 38
23:53:47.244 - Current Subscribers: 
bid     | ((8i;`);(10i;`))
quote   | ((8i;`);(10i;`))
statsTab| ,(9i;`)

23:53:48.244 - Records Processed 40
23:53:48.245 - Current Subscribers: 
bid     | ((8i;`);(10i;`))
quote   | ((8i;`);(10i;`))
statsTab| ,(9i;`)

23:53:49.243 - Records Processed 42
23:53:49.244 - Current Subscribers: 
bid     | ((8i;`);(10i;`))
quote   | ((8i;`);(10i;`))
statsTab| ,(9i;`)

23:53:50.244 - Records Processed 44
23:53:50.244 - Current Subscribers: 
bid     | ((8i;`);(10i;`))
quote   | ((8i;`);(10i;`))
statsTab| ,(9i;`)

23:53:51.243 - Records Processed 46
23:53:51.244 - Current Subscribers: 
bid     | ((8i;`);(10i;`))
quote   | ((8i;`);(10i;`))
statsTab| ,(9i;`)

23:53:52.243 - Records Processed 48
23:53:52.244 - Current Subscribers: 
bid     | ((8i;`);(10i;`))
quote   | ((8i;`);(10i;`))
statsTab| ,(9i;`)

23:53:53.244 - Records Processed 50
23:53:53.244 - Current Subscribers: 
bid     | ((8i;`);(10i;`))
quote   | ((8i;`);(10i;`))
statsTab| ,(9i;`)

23:53:54.243 - Records Processed 52
23:53:54.244 - Current Subscribers: 
bid     | ((8i;`);(10i;`))
quote   | ((8i;`);(10i;`))
statsTab| ,(9i;`)

23:53:55.244 - Records Processed 54
23:53:55.244 - Current Subscribers: 
bid     | ((8i;`);(10i;`))
quote   | ((8i;`);(10i;`))
statsTab| ,(9i;`)

23:53:56.244 - Records Processed 56
23:53:56.245 - Current Subscribers: 
bid     | ((8i;`);(10i;`))
quote   | ((8i;`);(10i;`))
statsTab| ,(9i;`)

23:53:57.244 - Records Processed 58
23:53:57.244 - Current Subscribers: 
bid     | ((8i;`);(10i;`))
quote   | ((8i;`);(10i;`))
statsTab| ,(9i;`)

23:53:58.244 - Records Processed 60
23:53:58.244 - Current Subscribers: 
bid     | ((8i;`);(10i;`))
quote   | ((8i;`);(10i;`))
statsTab| ,(9i;`)

23:53:59.244 - Records Processed 62
23:53:59.244 - Current Subscribers: 
bid     | ((8i;`);(10i;`))
quote   | ((8i;`);(10i;`))
statsTab| ,(9i;`)

23:54:00.243 - Records Processed 64
23:54:00.244 - Current Subscribers: 
bid     | ((8i;`);(10i;`))
quote   | ((8i;`);(10i;`))
statsTab| ,(9i;`)

23:54:01.244 - Records Processed 66
23:54:01.245 - Current Subscribers: 
bid     | ((8i;`);(10i;`))
quote   | ((8i;`);(10i;`))
statsTab| ,(9i;`)

23:54:02.244 - Records Processed 68
23:54:02.244 - Current Subscribers: 
bid     | ((8i;`);(10i;`))
quote   | ((8i;`);(10i;`))
statsTab| ,(9i;`)

23:54:03.243 - Records Processed 70
23:54:03.244 - Current Subscribers: 
bid     | ((8i;`);(10i;`))
quote   | ((8i;`);(10i;`))
statsTab| ,(9i;`)

23:54:04.243 - Records Processed 72
23:54:04.244 - Current Subscribers: 
bid     | ((8i;`);(10i;`))
quote   | ((8i;`);(10i;`))
statsTab| ,(9i;`)

23:54:05.243 - Records Processed 74
23:54:05.244 - Current Subscribers: 
bid     | ((8i;`);(10i;`))
quote   | ((8i;`);(10i;`))
statsTab| ,(9i;`)

23:54:06.244 - Records Processed 76
23:54:06.244 - Current Subscribers: 
bid     | ((8i;`);(10i;`))
quote   | ((8i;`);(10i;`))
statsTab| ,(9i;`)

23:54:07.243 - Records Processed 78
23:54:07.244 - Current Subscribers: 
bid     | ((8i;`);(10i;`))
quote   | ((8i;`);(10i;`))
statsTab| ,(9i;`)

23:54:08.244 - Records Processed 80
23:54:08.245 - Current Subscribers: 
bid     | ((8i;`);(10i;`))
quote   | ((8i;`);(10i;`))
statsTab| ,(9i;`)

23:54:09.244 - Records Processed 82
23:54:09.245 - Current Subscribers: 
bid     | ((8i;`);(10i;`))
quote   | ((8i;`);(10i;`))
statsTab| ,(9i;`)

23:54:10.244 - Records Processed 84
23:54:10.244 - Current Subscribers: 
bid     | ((8i;`);(10i;`))
quote   | ((8i;`);(10i;`))
statsTab| ,(9i;`)

23:54:11.244 - Records Processed 86
23:54:11.244 - Current Subscribers: 
bid     | ((8i;`);(10i;`))
quote   | ((8i;`);(10i;`))
statsTab| ,(9i;`)

23:54:12.245 - Records Processed 88
23:54:12.246 - Current Subscribers: 
bid     | ((8i;`);(10i;`))
quote   | ((8i;`);(10i;`))
statsTab| ,(9i;`)

23:54:13.243 - Records Processed 90
23:54:13.244 - Current Subscribers: 
bid     | ((8i;`);(10i;`))
quote   | ((8i;`);(10i;`))
statsTab| ,(9i;`)

23:54:14.243 - Records Processed 92
23:54:14.244 - Current Subscribers: 
bid     | ((8i;`);(10i;`))
quote   | ((8i;`);(10i;`))
statsTab| ,(9i;`)

23:54:15.244 - Records Processed 94
23:54:15.244 - Current Subscribers: 
bid     | ((8i;`);(10i;`))
quote   | ((8i;`);(10i;`))
statsTab| ,(9i;`)

23:54:16.244 - Records Processed 96
23:54:16.245 - Current Subscribers: 
bid     | ((8i;`);(10i;`))
quote   | ((8i;`);(10i;`))
statsTab| ,(9i;`)

23:54:17.244 - Records Processed 98
23:54:17.244 - Current Subscribers: 
bid     | ((8i;`);(10i;`))
quote   | ((8i;`);(10i;`))
statsTab| ,(9i;`)

23:54:18.244 - Records Processed 100
23:54:18.244 - Current Subscribers: 
bid     | ((8i;`);(10i;`))
quote   | ((8i;`);(10i;`))
statsTab| ,(9i;`)

23:54:19.244 - Records Processed 102
23:54:19.244 - Current Subscribers: 
bid     | ((8i;`);(10i;`))
quote   | ((8i;`);(10i;`))
statsTab| ,(9i;`)

23:54:20.244 - Records Processed 104
23:54:20.244 - Current Subscribers: 
bid     | ((8i;`);(10i;`))
quote   | ((8i;`);(10i;`))
statsTab| ,(9i;`)

23:54:21.244 - Records Processed 106
23:54:21.244 - Current Subscribers: 
bid     | ((8i;`);(10i;`))
quote   | ((8i;`);(10i;`))
statsTab| ,(9i;`)

23:54:22.244 - Records Processed 108
23:54:22.244 - Current Subscribers: 
bid     | ((8i;`);(10i;`))
quote   | ((8i;`);(10i;`))
statsTab| ,(9i;`)

23:54:23.244 - Records Processed 110
23:54:23.244 - Current Subscribers: 
bid     | ((8i;`);(10i;`))
quote   | ((8i;`);(10i;`))
statsTab| ,(9i;`)

23:54:24.244 - Records Processed 112
23:54:24.244 - Current Subscribers: 
bid     | ((8i;`);(10i;`))
quote   | ((8i;`);(10i;`))
statsTab| ,(9i;`)

23:54:25.243 - Records Processed 114
23:54:25.244 - Current Subscribers: 
bid     | ((8i;`);(10i;`))
quote   | ((8i;`);(10i;`))
statsTab| ,(9i;`)

23:54:26.244 - Records Processed 116
23:54:26.244 - Current Subscribers: 
bid     | ((8i;`);(10i;`))
quote   | ((8i;`);(10i;`))
statsTab| ,(9i;`)

23:54:27.244 - Records Processed 118
23:54:27.244 - Current Subscribers: 
bid     | ((8i;`);(10i;`))
quote   | ((8i;`);(10i;`))
statsTab| ,(9i;`)

23:54:28.244 - Records Processed 120
23:54:28.244 - Current Subscribers: 
bid     | ((8i;`);(10i;`))
quote   | ((8i;`);(10i;`))
statsTab| ,(9i;`)

23:54:29.244 - Records Processed 122
23:54:29.244 - Current Subscribers: 
bid     | ((8i;`);(10i;`))
quote   | ((8i;`);(10i;`))
statsTab| ,(9i;`)

23:54:30.244 - Records Processed 124
23:54:30.244 - Current Subscribers: 
bid     | ((8i;`);(10i;`))
quote   | ((8i;`);(10i;`))
statsTab| ,(9i;`)

23:54:31.244 - Records Processed 126
23:54:31.244 - Current Subscribers: 
bid     | ((8i;`);(10i;`))
quote   | ((8i;`);(10i;`))
statsTab| ,(9i;`)

23:54:32.244 - Records Processed 128
23:54:32.244 - Current Subscribers: 
bid     | ((8i;`);(10i;`))
quote   | ((8i;`);(10i;`))
statsTab| ,(9i;`)

23:54:33.243 - Records Processed 130
23:54:33.244 - Current Subscribers: 
bid     | ((8i;`);(10i;`))
quote   | ((8i;`);(10i;`))
statsTab| ,(9i;`)

23:54:34.244 - Records Processed 132
23:54:34.244 - Current Subscribers: 
bid     | ((8i;`);(10i;`))
quote   | ((8i;`);(10i;`))
statsTab| ,(9i;`)

23:54:35.258 - Records Processed 134
23:54:35.259 - Current Subscribers: 
bid     | ((8i;`);(10i;`))
quote   | ((8i;`);(10i;`))
statsTab| ,(9i;`)

23:54:36.243 - Records Processed 136
23:54:36.244 - Current Subscribers: 
bid     | ((8i;`);(10i;`))
quote   | ((8i;`);(10i;`))
statsTab| ,(9i;`)

23:54:37.244 - Records Processed 138
23:54:37.244 - Current Subscribers: 
bid     | ((8i;`);(10i;`))
quote   | ((8i;`);(10i;`))
statsTab| ,(9i;`)

23:54:38.243 - Records Processed 140
23:54:38.244 - Current Subscribers: 
bid     | ((8i;`);(10i;`))
quote   | ((8i;`);(10i;`))
statsTab| ,(9i;`)

23:54:39.244 - Records Processed 142
23:54:39.245 - Current Subscribers: 
bid     | ((8i;`);(10i;`))
quote   | ((8i;`);(10i;`))
statsTab| ,(9i;`)

23:54:40.243 - Records Processed 144
23:54:40.243 - Current Subscribers: 
bid     | ((8i;`);(10i;`))
quote   | ((8i;`);(10i;`))
statsTab| ,(9i;`)

23:54:41.244 - Records Processed 146
23:54:41.245 - Current Subscribers: 
bid     | ((8i;`);(10i;`))
quote   | ((8i;`);(10i;`))
statsTab| ,(9i;`)

23:54:42.244 - Records Processed 148
23:54:42.245 - Current Subscribers: 
bid     | ((8i;`);(10i;`))
quote   | ((8i;`);(10i;`))
statsTab| ,(9i;`)

23:54:43.244 - Records Processed 150
23:54:43.244 - Current Subscribers: 
bid     | ((8i;`);(10i;`))
quote   | ((8i;`);(10i;`))
statsTab| ,(9i;`)

23:54:44.243 - Records Processed 152
23:54:44.244 - Current Subscribers: 
bid     | ((8i;`);(10i;`))
quote   | ((8i;`);(10i;`))
statsTab| ,(9i;`)

23:54:45.244 - Records Processed 154
23:54:45.245 - Current Subscribers: 
bid     | ((8i;`);(10i;`))
quote   | ((8i;`);(10i;`))
statsTab| ,(9i;`)

23:54:46.245 - Records Processed 156
23:54:46.246 - Current Subscribers: 
bid     | ((8i;`);(10i;`))
quote   | ((8i;`);(10i;`))
statsTab| ,(9i;`)

23:54:47.244 - Records Processed 158
23:54:47.244 - Current Subscribers: 
bid     | ((8i;`);(10i;`))
quote   | ((8i;`);(10i;`))
statsTab| ,(9i;`)

23:54:48.244 - Records Processed 160
23:54:48.245 - Current Subscribers: 
bid     | ((8i;`);(10i;`))
quote   | ((8i;`);(10i;`))
statsTab| ,(9i;`)

23:54:49.244 - Records Processed 162
23:54:49.245 - Current Subscribers: 
bid     | ((8i;`);(10i;`))
quote   | ((8i;`);(10i;`))
statsTab| ,(9i;`)

23:54:50.243 - Records Processed 164
23:54:50.244 - Current Subscribers: 
bid     | ((8i;`);(10i;`))
quote   | ((8i;`);(10i;`))
statsTab| ,(9i;`)

23:54:51.244 - Records Processed 166
23:54:51.246 - Current Subscribers: 
bid     | ((8i;`);(10i;`))
quote   | ((8i;`);(10i;`))
statsTab| ,(9i;`)

23:54:52.244 - Records Processed 168
23:54:52.245 - Current Subscribers: 
bid     | ((8i;`);(10i;`))
quote   | ((8i;`);(10i;`))
statsTab| ,(9i;`)

23:54:53.243 - Records Processed 170
23:54:53.244 - Current Subscribers: 
bid     | ((8i;`);(10i;`))
quote   | ((8i;`);(10i;`))
statsTab| ,(9i;`)

23:54:54.244 - Records Processed 172
23:54:54.244 - Current Subscribers: 
bid     | ((8i;`);(10i;`))
quote   | ((8i;`);(10i;`))
statsTab| ,(9i;`)

23:54:55.244 - Records Processed 174
23:54:55.244 - Current Subscribers: 
bid     | ((8i;`);(10i;`))
quote   | ((8i;`);(10i;`))
statsTab| ,(9i;`)

23:54:56.244 - Records Processed 176
23:54:56.244 - Current Subscribers: 
bid     | ((8i;`);(10i;`))
quote   | ((8i;`);(10i;`))
statsTab| ,(9i;`)

23:54:57.243 - Records Processed 178
23:54:57.243 - Current Subscribers: 
bid     | ((8i;`);(10i;`))
quote   | ((8i;`);(10i;`))
statsTab| ,(9i;`)

23:54:58.244 - Records Processed 180
23:54:58.245 - Current Subscribers: 
bid     | ((8i;`);(10i;`))
quote   | ((8i;`);(10i;`))
statsTab| ,(9i;`)

23:54:59.244 - Records Processed 182
23:54:59.245 - Current Subscribers: 
bid     | ((8i;`);(10i;`))
quote   | ((8i;`);(10i;`))
statsTab| ,(9i;`)

23:55:00.244 - Records Processed 184
23:55:00.245 - Current Subscribers: 
bid     | ((8i;`);(10i;`))
quote   | ((8i;`);(10i;`))
statsTab| ,(9i;`)

23:55:01.244 - Records Processed 186
23:55:01.245 - Current Subscribers: 
bid     | ((8i;`);(10i;`))
quote   | ((8i;`);(10i;`))
statsTab| ,(9i;`)

23:55:02.244 - Records Processed 188
23:55:02.244 - Current Subscribers: 
bid     | ((8i;`);(10i;`))
quote   | ((8i;`);(10i;`))
statsTab| ,(9i;`)

23:55:03.244 - Records Processed 190
23:55:03.244 - Current Subscribers: 
bid     | ((8i;`);(10i;`))
quote   | ((8i;`);(10i;`))
statsTab| ,(9i;`)

23:55:04.244 - Records Processed 192
23:55:04.244 - Current Subscribers: 
bid     | ((8i;`);(10i;`))
quote   | ((8i;`);(10i;`))
statsTab| ,(9i;`)

23:55:05.243 - Records Processed 194
23:55:05.244 - Current Subscribers: 
bid     | ((8i;`);(10i;`))
quote   | ((8i;`);(10i;`))
statsTab| ,(9i;`)

23:55:06.244 - Records Processed 196
23:55:06.245 - Current Subscribers: 
bid     | ((8i;`);(10i;`))
quote   | ((8i;`);(10i;`))
statsTab| ,(9i;`)

23:55:07.244 - Records Processed 198
23:55:07.244 - Current Subscribers: 
bid     | ((8i;`);(10i;`))
quote   | ((8i;`);(10i;`))
statsTab| ,(9i;`)

23:55:08.244 - Records Processed 200
23:55:08.244 - Current Subscribers: 
bid     | ((8i;`);(10i;`))
quote   | ((8i;`);(10i;`))
statsTab| ,(9i;`)

23:55:09.244 - Records Processed 202
23:55:09.244 - Current Subscribers: 
bid     | ((8i;`);(10i;`))
quote   | ((8i;`);(10i;`))
statsTab| ,(9i;`)

23:55:10.243 - Records Processed 204
23:55:10.244 - Current Subscribers: 
bid     | ((8i;`);(10i;`))
quote   | ((8i;`);(10i;`))
statsTab| ,(9i;`)

23:55:11.243 - Records Processed 206
23:55:11.244 - Current Subscribers: 
bid     | ((8i;`);(10i;`))
quote   | ((8i;`);(10i;`))
statsTab| ,(9i;`)

23:55:12.255 - Records Processed 208
23:55:12.255 - Current Subscribers: 
bid     | ((8i;`);(10i;`))
quote   | ((8i;`);(10i;`))
statsTab| ,(9i;`)

23:55:13.244 - Records Processed 210
23:55:13.244 - Current Subscribers: 
bid     | ((8i;`);(10i;`))
quote   | ((8i;`);(10i;`))
statsTab| ,(9i;`)

23:55:14.244 - Records Processed 212
23:55:14.245 - Current Subscribers: 
bid     | ((8i;`);(10i;`))
quote   | ((8i;`);(10i;`))
statsTab| ,(9i;`)

23:55:15.244 - Records Processed 214
23:55:15.245 - Current Subscribers: 
bid     | ((8i;`);(10i;`))
quote   | ((8i;`);(10i;`))
statsTab| ,(9i;`)

23:55:16.244 - Records Processed 216
23:55:16.245 - Current Subscribers: 
bid     | ((8i;`);(10i;`))
quote   | ((8i;`);(10i;`))
statsTab| ,(9i;`)

23:55:17.243 - Records Processed 218
23:55:17.244 - Current Subscribers: 
bid     | ((8i;`);(10i;`))
quote   | ((8i;`);(10i;`))
statsTab| ,(9i;`)

23:55:18.244 - Records Processed 220
23:55:18.244 - Current Subscribers: 
bid     | ((8i;`);(10i;`))
quote   | ((8i;`);(10i;`))
statsTab| ,(9i;`)

23:55:19.244 - Records Processed 222
23:55:19.244 - Current Subscribers: 
bid     | ((8i;`);(10i;`))
quote   | ((8i;`);(10i;`))
statsTab| ,(9i;`)

23:55:20.243 - Records Processed 224
23:55:20.244 - Current Subscribers: 
bid     | ((8i;`);(10i;`))
quote   | ((8i;`);(10i;`))
statsTab| ,(9i;`)

23:55:21.244 - Records Processed 226
23:55:21.244 - Current Subscribers: 
bid     | ((8i;`);(10i;`))
quote   | ((8i;`);(10i;`))
statsTab| ,(9i;`)

23:55:22.244 - Records Processed 228
23:55:22.245 - Current Subscribers: 
bid     | ((8i;`);(10i;`))
quote   | ((8i;`);(10i;`))
statsTab| ,(9i;`)

23:55:23.243 - Records Processed 230
23:55:23.244 - Current Subscribers: 
bid     | ((8i;`);(10i;`))
quote   | ((8i;`);(10i;`))
statsTab| ,(9i;`)

23:55:24.244 - Records Processed 232
23:55:24.245 - Current Subscribers: 
bid     | ((8i;`);(10i;`))
quote   | ((8i;`);(10i;`))
statsTab| ,(9i;`)

23:55:25.244 - Records Processed 234
23:55:25.245 - Current Subscribers: 
bid     | ((8i;`);(10i;`))
quote   | ((8i;`);(10i;`))
statsTab| ,(9i;`)

23:55:26.244 - Records Processed 236
23:55:26.244 - Current Subscribers: 
bid     | ((8i;`);(10i;`))
quote   | ((8i;`);(10i;`))
statsTab| ,(9i;`)

23:55:27.244 - Records Processed 238
23:55:27.244 - Current Subscribers: 
bid     | ((8i;`);(10i;`))
quote   | ((8i;`);(10i;`))
statsTab| ,(9i;`)

23:55:28.244 - Records Processed 240
23:55:28.245 - Current Subscribers: 
bid     | ((8i;`);(10i;`))
quote   | ((8i;`);(10i;`))
statsTab| ,(9i;`)

23:55:29.243 - Records Processed 242
23:55:29.244 - Current Subscribers: 
bid     | ((8i;`);(10i;`))
quote   | ((8i;`);(10i;`))
statsTab| ,(9i;`)

23:55:30.244 - Records Processed 244
23:55:30.244 - Current Subscribers: 
bid     | ((8i;`);(10i;`))
quote   | ((8i;`);(10i;`))
statsTab| ,(9i;`)

23:55:31.244 - Records Processed 246
23:55:31.244 - Current Subscribers: 
bid     | ((8i;`);(10i;`))
quote   | ((8i;`);(10i;`))
statsTab| ,(9i;`)

23:55:32.243 - Records Processed 248
23:55:32.244 - Current Subscribers: 
bid     | ((8i;`);(10i;`))
quote   | ((8i;`);(10i;`))
statsTab| ,(9i;`)

23:55:33.244 - Records Processed 250
23:55:33.245 - Current Subscribers: 
bid     | ((8i;`);(10i;`))
quote   | ((8i;`);(10i;`))
statsTab| ,(9i;`)

23:55:34.244 - Records Processed 252
23:55:34.244 - Current Subscribers: 
bid     | ((8i;`);(10i;`))
quote   | ((8i;`);(10i;`))
statsTab| ,(9i;`)

23:55:35.243 - Records Processed 254
23:55:35.244 - Current Subscribers: 
bid     | ((8i;`);(10i;`))
quote   | ((8i;`);(10i;`))
statsTab| ,(9i;`)

23:55:36.244 - Records Processed 256
23:55:36.244 - Current Subscribers: 
bid     | ((8i;`);(10i;`))
quote   | ((8i;`);(10i;`))
statsTab| ,(9i;`)

23:55:37.244 - Records Processed 258
23:55:37.244 - Current Subscribers: 
bid     | ((8i;`);(10i;`))
quote   | ((8i;`);(10i;`))
statsTab| ,(9i;`)

23:55:38.244 - Records Processed 260
23:55:38.245 - Current Subscribers: 
bid     | ((8i;`);(10i;`))
quote   | ((8i;`);(10i;`))
statsTab| ,(9i;`)

23:55:39.243 - Records Processed 262
23:55:39.244 - Current Subscribers: 
bid     | ((8i;`);(10i;`))
quote   | ((8i;`);(10i;`))
statsTab| ,(9i;`)

23:55:40.243 - Records Processed 264
23:55:40.244 - Current Subscribers: 
bid     | ((8i;`);(10i;`))
quote   | ((8i;`);(10i;`))
statsTab| ,(9i;`)

23:55:41.244 - Records Processed 266
23:55:41.245 - Current Subscribers: 
bid     | ((8i;`);(10i;`))
quote   | ((8i;`);(10i;`))
statsTab| ,(9i;`)

23:55:42.244 - Records Processed 268
23:55:42.244 - Current Subscribers: 
bid     | ((8i;`);(10i;`))
quote   | ((8i;`);(10i;`))
statsTab| ,(9i;`)

23:55:43.243 - Records Processed 270
23:55:43.244 - Current Subscribers: 
bid     | ((8i;`);(10i;`))
quote   | ((8i;`);(10i;`))
statsTab| ,(9i;`)

23:55:44.243 - Records Processed 272
23:55:44.244 - Current Subscribers: 
bid     | ((8i;`);(10i;`))
quote   | ((8i;`);(10i;`))
statsTab| ,(9i;`)

23:55:45.244 - Records Processed 274
23:55:45.245 - Current Subscribers: 
bid     | ((8i;`);(10i;`))
quote   | ((8i;`);(10i;`))
statsTab| ,(9i;`)

23:55:46.245 - Records Processed 276
23:55:46.245 - Current Subscribers: 
bid     | ((8i;`);(10i;`))
quote   | ((8i;`);(10i;`))
statsTab| ,(9i;`)

23:55:47.244 - Records Processed 278
23:55:47.245 - Current Subscribers: 
bid     | ((8i;`);(10i;`))
quote   | ((8i;`);(10i;`))
statsTab| ,(9i;`)

23:55:48.244 - Records Processed 280
23:55:48.244 - Current Subscribers: 
bid     | ((8i;`);(10i;`))
quote   | ((8i;`);(10i;`))
statsTab| ,(9i;`)

23:55:49.243 - Records Processed 282
23:55:49.244 - Current Subscribers: 
bid     | ((8i;`);(10i;`))
quote   | ((8i;`);(10i;`))
statsTab| ,(9i;`)

23:55:50.244 - Records Processed 284
23:55:50.244 - Current Subscribers: 
bid     | ((8i;`);(10i;`))
quote   | ((8i;`);(10i;`))
statsTab| ,(9i;`)

23:55:51.244 - Records Processed 286
23:55:51.244 - Current Subscribers: 
bid     | ((8i;`);(10i;`))
quote   | ((8i;`);(10i;`))
statsTab| ,(9i;`)

23:55:52.243 - Records Processed 288
23:55:52.244 - Current Subscribers: 
bid     | ((8i;`);(10i;`))
quote   | ((8i;`);(10i;`))
statsTab| ,(9i;`)

23:55:53.243 - Records Processed 290
23:55:53.244 - Current Subscribers: 
bid     | ((8i;`);(10i;`))
quote   | ((8i;`);(10i;`))
statsTab| ,(9i;`)

23:55:54.244 - Records Processed 292
23:55:54.244 - Current Subscribers: 
bid     | ((8i;`);(10i;`))
quote   | ((8i;`);(10i;`))
statsTab| ,(9i;`)

23:55:55.244 - Records Processed 294
23:55:55.244 - Current Subscribers: 
bid     | ((8i;`);(10i;`))
quote   | ((8i;`);(10i;`))
statsTab| ,(9i;`)

23:55:56.243 - Records Processed 296
23:55:56.244 - Current Subscribers: 
bid     | ((8i;`);(10i;`))
quote   | ((8i;`);(10i;`))
statsTab| ,(9i;`)

23:55:57.244 - Records Processed 298
23:55:57.245 - Current Subscribers: 
bid     | ((8i;`);(10i;`))
quote   | ((8i;`);(10i;`))
statsTab| ,(9i;`)

23:55:58.244 - Records Processed 300
23:55:58.244 - Current Subscribers: 
bid     | ((8i;`);(10i;`))
quote   | ((8i;`);(10i;`))
statsTab| ,(9i;`)

23:55:59.244 - Records Processed 302
23:55:59.245 - Current Subscribers: 
bid     | ((8i;`);(10i;`))
quote   | ((8i;`);(10i;`))
statsTab| ,(9i;`)

23:56:00.244 - Records Processed 304
23:56:00.244 - Current Subscribers: 
bid     | ((8i;`);(10i;`))
quote   | ((8i;`);(10i;`))
statsTab| ,(9i;`)

23:56:01.243 - Records Processed 306
23:56:01.244 - Current Subscribers: 
bid     | ((8i;`);(10i;`))
quote   | ((8i;`);(10i;`))
statsTab| ,(9i;`)

23:56:02.243 - Records Processed 308
23:56:02.243 - Current Subscribers: 
bid     | ((8i;`);(10i;`))
quote   | ((8i;`);(10i;`))
statsTab| ,(9i;`)

23:56:03.243 - Records Processed 310
23:56:03.243 - Current Subscribers: 
bid     | ((8i;`);(10i;`))
quote   | ((8i;`);(10i;`))
statsTab| ,(9i;`)

23:56:04.244 - Records Processed 312
23:56:04.244 - Current Subscribers: 
bid     | ((8i;`);(10i;`))
quote   | ((8i;`);(10i;`))
statsTab| ,(9i;`)

23:56:05.243 - Records Processed 314
23:56:05.244 - Current Subscribers: 
bid     | ((8i;`);(10i;`))
quote   | ((8i;`);(10i;`))
statsTab| ,(9i;`)

23:56:06.244 - Records Processed 316
23:56:06.244 - Current Subscribers: 
bid     | ((8i;`);(10i;`))
quote   | ((8i;`);(10i;`))
statsTab| ,(9i;`)

23:56:07.244 - Records Processed 318
23:56:07.244 - Current Subscribers: 
bid     | ((8i;`);(10i;`))
quote   | ((8i;`);(10i;`))
statsTab| ,(9i;`)

23:56:08.244 - Records Processed 320
23:56:08.244 - Current Subscribers: 
bid     | ((8i;`);(10i;`))
quote   | ((8i;`);(10i;`))
statsTab| ,(9i;`)

23:56:09.244 - Records Processed 322
23:56:09.244 - Current Subscribers: 
bid     | ((8i;`);(10i;`))
quote   | ((8i;`);(10i;`))
statsTab| ,(9i;`)

23:56:10.243 - Records Processed 324
23:56:10.244 - Current Subscribers: 
bid     | ((8i;`);(10i;`))
quote   | ((8i;`);(10i;`))
statsTab| ,(9i;`)

23:56:11.244 - Records Processed 326
23:56:11.244 - Current Subscribers: 
bid     | ((8i;`);(10i;`))
quote   | ((8i;`);(10i;`))
statsTab| ,(9i;`)

23:56:12.244 - Records Processed 328
23:56:12.244 - Current Subscribers: 
bid     | ((8i;`);(10i;`))
quote   | ((8i;`);(10i;`))
statsTab| ,(9i;`)

23:56:13.244 - Records Processed 330
23:56:13.244 - Current Subscribers: 
bid     | ((8i;`);(10i;`))
quote   | ((8i;`);(10i;`))
statsTab| ,(9i;`)

23:56:14.244 - Records Processed 332
23:56:14.244 - Current Subscribers: 
bid     | ((8i;`);(10i;`))
quote   | ((8i;`);(10i;`))
statsTab| ,(9i;`)

23:56:15.243 - Records Processed 334
23:56:15.244 - Current Subscribers: 
bid     | ((8i;`);(10i;`))
quote   | ((8i;`);(10i;`))
statsTab| ,(9i;`)

23:56:16.244 - Records Processed 336
23:56:16.244 - Current Subscribers: 
bid     | ((8i;`);(10i;`))
quote   | ((8i;`);(10i;`))
statsTab| ,(9i;`)

23:56:17.243 - Records Processed 338
23:56:17.244 - Current Subscribers: 
bid     | ((8i;`);(10i;`))
quote   | ((8i;`);(10i;`))
statsTab| ,(9i;`)

23:56:18.244 - Records Processed 340
23:56:18.244 - Current Subscribers: 
bid     | ((8i;`);(10i;`))
quote   | ((8i;`);(10i;`))
statsTab| ,(9i;`)

23:56:19.243 - Records Processed 342
23:56:19.243 - Current Subscribers: 
bid     | ((8i;`);(10i;`))
quote   | ((8i;`);(10i;`))
statsTab| ,(9i;`)

23:56:20.244 - Records Processed 344
23:56:20.244 - Current Subscribers: 
bid     | ((8i;`);(10i;`))
quote   | ((8i;`);(10i;`))
statsTab| ,(9i;`)

23:56:21.244 - Records Processed 346
23:56:21.244 - Current Subscribers: 
bid     | ((8i;`);(10i;`))
quote   | ((8i;`);(10i;`))
statsTab| ,(9i;`)

23:56:22.244 - Records Processed 348
23:56:22.244 - Current Subscribers: 
bid     | ((8i;`);(10i;`))
quote   | ((8i;`);(10i;`))
statsTab| ,(9i;`)

23:56:23.243 - Records Processed 350
23:56:23.243 - Current Subscribers: 
bid     | ((8i;`);(10i;`))
quote   | ((8i;`);(10i;`))
statsTab| ,(9i;`)

23:56:24.244 - Records Processed 352
23:56:24.244 - Current Subscribers: 
bid     | ((8i;`);(10i;`))
quote   | ((8i;`);(10i;`))
statsTab| ,(9i;`)

23:56:25.244 - Records Processed 354
23:56:25.244 - Current Subscribers: 
bid     | ((8i;`);(10i;`))
quote   | ((8i;`);(10i;`))
statsTab| ,(9i;`)

23:56:26.244 - Records Processed 356
23:56:26.244 - Current Subscribers: 
bid     | ((8i;`);(10i;`))
quote   | ((8i;`);(10i;`))
statsTab| ,(9i;`)

23:56:27.244 - Records Processed 358
23:56:27.244 - Current Subscribers: 
bid     | ((8i;`);(10i;`))
quote   | ((8i;`);(10i;`))
statsTab| ,(9i;`)

23:56:28.244 - Records Processed 360
23:56:28.244 - Current Subscribers: 
bid     | ((8i;`);(10i;`))
quote   | ((8i;`);(10i;`))
statsTab| ,(9i;`)

23:56:29.243 - Records Processed 362
23:56:29.244 - Current Subscribers: 
bid     | ((8i;`);(10i;`))
quote   | ((8i;`);(10i;`))
statsTab| ,(9i;`)

23:56:30.243 - Records Processed 364
23:56:30.244 - Current Subscribers: 
bid     | ((8i;`);(10i;`))
quote   | ((8i;`);(10i;`))
statsTab| ,(9i;`)

23:56:31.243 - Records Processed 366
23:56:31.244 - Current Subscribers: 
bid     | ((8i;`);(10i;`))
quote   | ((8i;`);(10i;`))
statsTab| ,(9i;`)

23:56:32.243 - Records Processed 368
23:56:32.244 - Current Subscribers: 
bid     | ((8i;`);(10i;`))
quote   | ((8i;`);(10i;`))
statsTab| ,(9i;`)

23:56:33.243 - Records Processed 370
23:56:33.244 - Current Subscribers: 
bid     | ((8i;`);(10i;`))
quote   | ((8i;`);(10i;`))
statsTab| ,(9i;`)

23:56:34.243 - Records Processed 372
23:56:34.243 - Current Subscribers: 
bid     | ((8i;`);(10i;`))
quote   | ((8i;`);(10i;`))
statsTab| ,(9i;`)

23:56:35.244 - Records Processed 374
23:56:35.244 - Current Subscribers: 
bid     | ((8i;`);(10i;`))
quote   | ((8i;`);(10i;`))
statsTab| ,(9i;`)

23:56:36.243 - Records Processed 376
23:56:36.251 - Current Subscribers: 
bid     | ((8i;`);(10i;`))
quote   | ((8i;`);(10i;`))
statsTab| ,(9i;`)

23:56:37.244 - Records Processed 378
23:56:37.244 - Current Subscribers: 
bid     | ((8i;`);(10i;`))
quote   | ((8i;`);(10i;`))
statsTab| ,(9i;`)

23:56:38.244 - Records Processed 380
23:56:38.244 - Current Subscribers: 
bid     | ((8i;`);(10i;`))
quote   | ((8i;`);(10i;`))
statsTab| ,(9i;`)

23:56:39.243 - Records Processed 382
23:56:39.243 - Current Subscribers: 
bid     | ((8i;`);(10i;`))
quote   | ((8i;`);(10i;`))
statsTab| ,(9i;`)

23:56:40.244 - Records Processed 384
23:56:40.244 - Current Subscribers: 
bid     | ((8i;`);(10i;`))
quote   | ((8i;`);(10i;`))
statsTab| ,(9i;`)

23:56:41.243 - Records Processed 386
23:56:41.244 - Current Subscribers: 
bid     | ((8i;`);(10i;`))
quote   | ((8i;`);(10i;`))
statsTab| ,(9i;`)

23:56:42.243 - Records Processed 388
23:56:42.243 - Current Subscribers: 
bid     | ((8i;`);(10i;`))
quote   | ((8i;`);(10i;`))
statsTab| ,(9i;`)

23:56:43.243 - Records Processed 390
23:56:43.243 - Current Subscribers: 
bid     | ((8i;`);(10i;`))
quote   | ((8i;`);(10i;`))
statsTab| ,(9i;`)

23:56:44.244 - Records Processed 392
23:56:44.244 - Current Subscribers: 
bid     | ((8i;`);(10i;`))
quote   | ((8i;`);(10i;`))
statsTab| ,(9i;`)

23:56:45.244 - Records Processed 394
23:56:45.244 - Current Subscribers: 
bid     | ((8i;`);(10i;`))
quote   | ((8i;`);(10i;`))
statsTab| ,(9i;`)

23:56:46.243 - Records Processed 396
23:56:46.244 - Current Subscribers: 
bid     | ((8i;`);(10i;`))
quote   | ((8i;`);(10i;`))
statsTab| ,(9i;`)

23:56:47.244 - Records Processed 398
23:56:47.244 - Current Subscribers: 
bid     | ((8i;`);(10i;`))
quote   | ((8i;`);(10i;`))
statsTab| ,(9i;`)

23:56:48.243 - Records Processed 400
23:56:48.243 - Current Subscribers: 
bid     | ((8i;`);(10i;`))
quote   | ((8i;`);(10i;`))
statsTab| ,(9i;`)

23:56:49.243 - Records Processed 402
23:56:49.244 - Current Subscribers: 
bid     | ((8i;`);(10i;`))
quote   | ((8i;`);(10i;`))
statsTab| ,(9i;`)

23:56:50.243 - Records Processed 404
23:56:50.243 - Current Subscribers: 
bid     | ((8i;`);(10i;`))
quote   | ((8i;`);(10i;`))
statsTab| ,(9i;`)

23:56:51.243 - Records Processed 406
23:56:51.243 - Current Subscribers: 
bid     | ((8i;`);(10i;`))
quote   | ((8i;`);(10i;`))
statsTab| ,(9i;`)

23:56:52.244 - Records Processed 408
23:56:52.245 - Current Subscribers: 
bid     | ((8i;`);(10i;`))
quote   | ((8i;`);(10i;`))
statsTab| ,(9i;`)

23:56:53.243 - Records Processed 410
23:56:53.244 - Current Subscribers: 
bid     | ((8i;`);(10i;`))
quote   | ((8i;`);(10i;`))
statsTab| ,(9i;`)

23:56:54.243 - Records Processed 412
23:56:54.244 - Current Subscribers: 
bid     | ((8i;`);(10i;`))
quote   | ((8i;`);(10i;`))
statsTab| ,(9i;`)

23:56:55.244 - Records Processed 414
23:56:55.244 - Current Subscribers: 
bid     | ((8i;`);(10i;`))
quote   | ((8i;`);(10i;`))
statsTab| ,(9i;`)

23:56:56.244 - Records Processed 416
23:56:56.244 - Current Subscribers: 
bid     | ((8i;`);(10i;`))
quote   | ((8i;`);(10i;`))
statsTab| ,(9i;`)

23:56:57.244 - Records Processed 418
23:56:57.244 - Current Subscribers: 
bid     | ((8i;`);(10i;`))
quote   | ((8i;`);(10i;`))
statsTab| ,(9i;`)

23:56:58.243 - Records Processed 420
23:56:58.243 - Current Subscribers: 
bid     | ((8i;`);(10i;`))
quote   | ((8i;`);(10i;`))
statsTab| ,(9i;`)

23:56:59.244 - Records Processed 422
23:56:59.244 - Current Subscribers: 
bid     | ((8i;`);(10i;`))
quote   | ((8i;`);(10i;`))
statsTab| ,(9i;`)

23:57:00.244 - Records Processed 424
23:57:00.253 - Current Subscribers: 
bid     | ((8i;`);(10i;`))
quote   | ((8i;`);(10i;`))
statsTab| ,(9i;`)

23:57:01.243 - Records Processed 426
23:57:01.244 - Current Subscribers: 
bid     | ((8i;`);(10i;`))
quote   | ((8i;`);(10i;`))
statsTab| ,(9i;`)

23:57:02.243 - Records Processed 428
23:57:02.244 - Current Subscribers: 
bid     | ((8i;`);(10i;`))
quote   | ((8i;`);(10i;`))
statsTab| ,(9i;`)

23:57:03.243 - Records Processed 430
23:57:03.244 - Current Subscribers: 
bid     | ((8i;`);(10i;`))
quote   | ((8i;`);(10i;`))
statsTab| ,(9i;`)

23:57:04.244 - Records Processed 432
23:57:04.244 - Current Subscribers: 
bid     | ((8i;`);(10i;`))
quote   | ((8i;`);(10i;`))
statsTab| ,(9i;`)

23:57:05.243 - Records Processed 434
23:57:05.243 - Current Subscribers: 
bid     | ((8i;`);(10i;`))
quote   | ((8i;`);(10i;`))
statsTab| ,(9i;`)

23:57:06.243 - Records Processed 436
23:57:06.244 - Current Subscribers: 
bid     | ((8i;`);(10i;`))
quote   | ((8i;`);(10i;`))
statsTab| ,(9i;`)

23:57:07.243 - Records Processed 438
23:57:07.244 - Current Subscribers: 
bid     | ((8i;`);(10i;`))
quote   | ((8i;`);(10i;`))
statsTab| ,(9i;`)

23:57:08.243 - Records Processed 440
23:57:08.243 - Current Subscribers: 
bid     | ((8i;`);(10i;`))
quote   | ((8i;`);(10i;`))
statsTab| ,(9i;`)

23:57:09.243 - Records Processed 442
23:57:09.244 - Current Subscribers: 
bid     | ((8i;`);(10i;`))
quote   | ((8i;`);(10i;`))
statsTab| ,(9i;`)

23:57:10.243 - Records Processed 444
23:57:10.244 - Current Subscribers: 
bid     | ((8i;`);(10i;`))
quote   | ((8i;`);(10i;`))
statsTab| ,(9i;`)

23:57:11.244 - Records Processed 446
23:57:11.254 - Current Subscribers: 
bid     | ((8i;`);(10i;`))
quote   | ((8i;`);(10i;`))
statsTab| ,(9i;`)

23:57:12.244 - Records Processed 448
23:57:12.244 - Current Subscribers: 
bid     | ((8i;`);(10i;`))
quote   | ((8i;`);(10i;`))
statsTab| ,(9i;`)

23:57:13.243 - Records Processed 450
23:57:13.243 - Current Subscribers: 
bid     | ((8i;`);(10i;`))
quote   | ((8i;`);(10i;`))
statsTab| ,(9i;`)

23:57:14.243 - Records Processed 452
23:57:14.244 - Current Subscribers: 
bid     | ((8i;`);(10i;`))
quote   | ((8i;`);(10i;`))
statsTab| ,(9i;`)

23:57:15.244 - Records Processed 454
23:57:15.244 - Current Subscribers: 
bid     | ((8i;`);(10i;`))
quote   | ((8i;`);(10i;`))
statsTab| ,(9i;`)

23:57:16.244 - Records Processed 456
23:57:16.244 - Current Subscribers: 
bid     | ((8i;`);(10i;`))
quote   | ((8i;`);(10i;`))
statsTab| ,(9i;`)

23:57:17.244 - Records Processed 458
23:57:17.244 - Current Subscribers: 
bid     | ((8i;`);(10i;`))
quote   | ((8i;`);(10i;`))
statsTab| ,(9i;`)

23:57:18.244 - Records Processed 460
23:57:18.244 - Current Subscribers: 
bid     | ((8i;`);(10i;`))
quote   | ((8i;`);(10i;`))
statsTab| ,(9i;`)

23:57:19.243 - Records Processed 462
23:57:19.243 - Current Subscribers: 
bid     | ((8i;`);(10i;`))
quote   | ((8i;`);(10i;`))
statsTab| ,(9i;`)

23:57:20.244 - Records Processed 464
23:57:20.244 - Current Subscribers: 
bid     | ((8i;`);(10i;`))
quote   | ((8i;`);(10i;`))
statsTab| ,(9i;`)

23:57:21.243 - Records Processed 466
23:57:21.244 - Current Subscribers: 
bid     | ((8i;`);(10i;`))
quote   | ((8i;`);(10i;`))
statsTab| ,(9i;`)

23:57:22.243 - Records Processed 468
23:57:22.243 - Current Subscribers: 
bid     | ((8i;`);(10i;`))
quote   | ((8i;`);(10i;`))
statsTab| ,(9i;`)

23:57:23.243 - Records Processed 470
23:57:23.244 - Current Subscribers: 
bid     | ((8i;`);(10i;`))
quote   | ((8i;`);(10i;`))
statsTab| ,(9i;`)

23:57:24.244 - Records Processed 472
23:57:24.244 - Current Subscribers: 
bid     | ((8i;`);(10i;`))
quote   | ((8i;`);(10i;`))
statsTab| ,(9i;`)

23:57:25.244 - Records Processed 474
23:57:25.244 - Current Subscribers: 
bid     | ((8i;`);(10i;`))
quote   | ((8i;`);(10i;`))
statsTab| ,(9i;`)

23:57:26.243 - Records Processed 476
23:57:26.244 - Current Subscribers: 
bid     | ((8i;`);(10i;`))
quote   | ((8i;`);(10i;`))
statsTab| ,(9i;`)

23:57:27.243 - Records Processed 478
23:57:27.244 - Current Subscribers: 
bid     | ((8i;`);(10i;`))
quote   | ((8i;`);(10i;`))
statsTab| ,(9i;`)

23:57:28.243 - Records Processed 480
23:57:28.243 - Current Subscribers: 
bid     | ((8i;`);(10i;`))
quote   | ((8i;`);(10i;`))
statsTab| ,(9i;`)

23:57:29.244 - Records Processed 482
23:57:29.244 - Current Subscribers: 
bid     | ((8i;`);(10i;`))
quote   | ((8i;`);(10i;`))
statsTab| ,(9i;`)

23:57:30.243 - Records Processed 484
23:57:30.244 - Current Subscribers: 
bid     | ((8i;`);(10i;`))
quote   | ((8i;`);(10i;`))
statsTab| ,(9i;`)

23:57:31.243 - Records Processed 486
23:57:31.243 - Current Subscribers: 
bid     | ((8i;`);(10i;`))
quote   | ((8i;`);(10i;`))
statsTab| ,(9i;`)

23:57:32.243 - Records Processed 488
23:57:32.243 - Current Subscribers: 
bid     | ((8i;`);(10i;`))
quote   | ((8i;`);(10i;`))
statsTab| ,(9i;`)

23:57:33.243 - Records Processed 490
23:57:33.243 - Current Subscribers: 
bid     | ((8i;`);(10i;`))
quote   | ((8i;`);(10i;`))
statsTab| ,(9i;`)

23:57:34.243 - Records Processed 492
23:57:34.243 - Current Subscribers: 
bid     | ((8i;`);(10i;`))
quote   | ((8i;`);(10i;`))
statsTab| ,(9i;`)

23:57:35.243 - Records Processed 494
23:57:35.244 - Current Subscribers: 
bid     | ((8i;`);(10i;`))
quote   | ((8i;`);(10i;`))
statsTab| ,(9i;`)

23:57:36.244 - Records Processed 496
23:57:36.244 - Current Subscribers: 
bid     | ((8i;`);(10i;`))
quote   | ((8i;`);(10i;`))
statsTab| ,(9i;`)

23:57:37.244 - Records Processed 498
23:57:37.244 - Current Subscribers: 
bid     | ((8i;`);(10i;`))
quote   | ((8i;`);(10i;`))
statsTab| ,(9i;`)

23:57:38.244 - Records Processed 500
23:57:38.244 - Current Subscribers: 
bid     | ((8i;`);(10i;`))
quote   | ((8i;`);(10i;`))
statsTab| ,(9i;`)

23:57:39.244 - Records Processed 502
23:57:39.244 - Current Subscribers: 
bid     | ((8i;`);(10i;`))
quote   | ((8i;`);(10i;`))
statsTab| ,(9i;`)

23:57:40.244 - Records Processed 504
23:57:40.244 - Current Subscribers: 
bid     | ((8i;`);(10i;`))
quote   | ((8i;`);(10i;`))
statsTab| ,(9i;`)

23:57:41.243 - Records Processed 506
23:57:41.244 - Current Subscribers: 
bid     | ((8i;`);(10i;`))
quote   | ((8i;`);(10i;`))
statsTab| ,(9i;`)

23:57:42.260 - Records Processed 508
23:57:42.260 - Current Subscribers: 
bid     | ((8i;`);(10i;`))
quote   | ((8i;`);(10i;`))
statsTab| ,(9i;`)

23:57:43.243 - Records Processed 510
23:57:43.243 - Current Subscribers: 
bid     | ((8i;`);(10i;`))
quote   | ((8i;`);(10i;`))
statsTab| ,(9i;`)

23:57:44.243 - Records Processed 512
23:57:44.244 - Current Subscribers: 
bid     | ((8i;`);(10i;`))
quote   | ((8i;`);(10i;`))
statsTab| ,(9i;`)

23:57:45.243 - Records Processed 514
23:57:45.244 - Current Subscribers: 
bid     | ((8i;`);(10i;`))
quote   | ((8i;`);(10i;`))
statsTab| ,(9i;`)

23:57:46.243 - Records Processed 516
23:57:46.243 - Current Subscribers: 
bid     | ((8i;`);(10i;`))
quote   | ((8i;`);(10i;`))
statsTab| ,(9i;`)

23:57:47.244 - Records Processed 518
23:57:47.244 - Current Subscribers: 
bid     | ((8i;`);(10i;`))
quote   | ((8i;`);(10i;`))
statsTab| ,(9i;`)

23:57:48.244 - Records Processed 520
23:57:48.244 - Current Subscribers: 
bid     | ((8i;`);(10i;`))
quote   | ((8i;`);(10i;`))
statsTab| ,(9i;`)

23:57:49.243 - Records Processed 522
23:57:49.243 - Current Subscribers: 
bid     | ((8i;`);(10i;`))
quote   | ((8i;`);(10i;`))
statsTab| ,(9i;`)

23:57:50.243 - Records Processed 524
23:57:50.244 - Current Subscribers: 
bid     | ((8i;`);(10i;`))
quote   | ((8i;`);(10i;`))
statsTab| ,(9i;`)

23:57:51.244 - Records Processed 526
23:57:51.244 - Current Subscribers: 
bid     | ((8i;`);(10i;`))
quote   | ((8i;`);(10i;`))
statsTab| ,(9i;`)

23:57:52.243 - Records Processed 528
23:57:52.244 - Current Subscribers: 
bid     | ((8i;`);(10i;`))
quote   | ((8i;`);(10i;`))
statsTab| ,(9i;`)

23:57:53.243 - Records Processed 530
23:57:53.243 - Current Subscribers: 
bid     | ((8i;`);(10i;`))
quote   | ((8i;`);(10i;`))
statsTab| ,(9i;`)

23:57:54.243 - Records Processed 532
23:57:54.243 - Current Subscribers: 
bid     | ((8i;`);(10i;`))
quote   | ((8i;`);(10i;`))
statsTab| ,(9i;`)

23:57:55.243 - Records Processed 534
23:57:55.244 - Current Subscribers: 
bid     | ((8i;`);(10i;`))
quote   | ((8i;`);(10i;`))
statsTab| ,(9i;`)

23:57:56.244 - Records Processed 536
23:57:56.244 - Current Subscribers: 
bid     | ((8i;`);(10i;`))
quote   | ((8i;`);(10i;`))
statsTab| ,(9i;`)

23:57:57.244 - Records Processed 538
23:57:57.244 - Current Subscribers: 
bid     | ((8i;`);(10i;`))
quote   | ((8i;`);(10i;`))
statsTab| ,(9i;`)

23:57:58.243 - Records Processed 540
23:57:58.244 - Current Subscribers: 
bid     | ((8i;`);(10i;`))
quote   | ((8i;`);(10i;`))
statsTab| ,(9i;`)

23:57:59.243 - Records Processed 542
23:57:59.244 - Current Subscribers: 
bid     | ((8i;`);(10i;`))
quote   | ((8i;`);(10i;`))
statsTab| ,(9i;`)

23:58:00.244 - Records Processed 544
23:58:00.244 - Current Subscribers: 
bid     | ((8i;`);(10i;`))
quote   | ((8i;`);(10i;`))
statsTab| ,(9i;`)

23:58:01.243 - Records Processed 546
23:58:01.243 - Current Subscribers: 
bid     | ((8i;`);(10i;`))
quote   | ((8i;`);(10i;`))
statsTab| ,(9i;`)

23:58:02.243 - Records Processed 548
23:58:02.244 - Current Subscribers: 
bid     | ((8i;`);(10i;`))
quote   | ((8i;`);(10i;`))
statsTab| ,(9i;`)

23:58:03.243 - Records Processed 550
23:58:03.244 - Current Subscribers: 
bid     | ((8i;`);(10i;`))
quote   | ((8i;`);(10i;`))
statsTab| ,(9i;`)

23:58:04.244 - Records Processed 552
23:58:04.244 - Current Subscribers: 
bid     | ((8i;`);(10i;`))
quote   | ((8i;`);(10i;`))
statsTab| ,(9i;`)

23:58:05.244 - Records Processed 554
23:58:05.244 - Current Subscribers: 
bid     | ((8i;`);(10i;`))
quote   | ((8i;`);(10i;`))
statsTab| ,(9i;`)

23:58:06.243 - Records Processed 556
23:58:06.244 - Current Subscribers: 
bid     | ((8i;`);(10i;`))
quote   | ((8i;`);(10i;`))
statsTab| ,(9i;`)

23:58:07.244 - Records Processed 558
23:58:07.244 - Current Subscribers: 
bid     | ((8i;`);(10i;`))
quote   | ((8i;`);(10i;`))
statsTab| ,(9i;`)

23:58:08.243 - Records Processed 560
23:58:08.244 - Current Subscribers: 
bid     | ((8i;`);(10i;`))
quote   | ((8i;`);(10i;`))
statsTab| ,(9i;`)

23:58:09.244 - Records Processed 562
23:58:09.244 - Current Subscribers: 
bid     | ((8i;`);(10i;`))
quote   | ((8i;`);(10i;`))
statsTab| ,(9i;`)

23:58:10.243 - Records Processed 564
23:58:10.244 - Current Subscribers: 
bid     | ((8i;`);(10i;`))
quote   | ((8i;`);(10i;`))
statsTab| ,(9i;`)

23:58:11.244 - Records Processed 566
23:58:11.244 - Current Subscribers: 
bid     | ((8i;`);(10i;`))
quote   | ((8i;`);(10i;`))
statsTab| ,(9i;`)

23:58:12.243 - Records Processed 568
23:58:12.244 - Current Subscribers: 
bid     | ((8i;`);(10i;`))
quote   | ((8i;`);(10i;`))
statsTab| ,(9i;`)

23:58:13.244 - Records Processed 570
23:58:13.244 - Current Subscribers: 
bid     | ((8i;`);(10i;`))
quote   | ((8i;`);(10i;`))
statsTab| ,(9i;`)

23:58:14.244 - Records Processed 572
23:58:14.244 - Current Subscribers: 
bid     | ((8i;`);(10i;`))
quote   | ((8i;`);(10i;`))
statsTab| ,(9i;`)

23:58:15.244 - Records Processed 574
23:58:15.244 - Current Subscribers: 
bid     | ((8i;`);(10i;`))
quote   | ((8i;`);(10i;`))
statsTab| ,(9i;`)

23:58:16.244 - Records Processed 576
23:58:16.244 - Current Subscribers: 
bid     | ((8i;`);(10i;`))
quote   | ((8i;`);(10i;`))
statsTab| ,(9i;`)

23:58:17.243 - Records Processed 578
23:58:17.244 - Current Subscribers: 
bid     | ((8i;`);(10i;`))
quote   | ((8i;`);(10i;`))
statsTab| ,(9i;`)

23:58:18.244 - Records Processed 580
23:58:18.244 - Current Subscribers: 
bid     | ((8i;`);(10i;`))
quote   | ((8i;`);(10i;`))
statsTab| ,(9i;`)

23:58:19.244 - Records Processed 582
23:58:19.244 - Current Subscribers: 
bid     | ((8i;`);(10i;`))
quote   | ((8i;`);(10i;`))
statsTab| ,(9i;`)

23:58:20.243 - Records Processed 584
23:58:20.243 - Current Subscribers: 
bid     | ((8i;`);(10i;`))
quote   | ((8i;`);(10i;`))
statsTab| ,(9i;`)

23:58:21.243 - Records Processed 586
23:58:21.243 - Current Subscribers: 
bid     | ((8i;`);(10i;`))
quote   | ((8i;`);(10i;`))
statsTab| ,(9i;`)

23:58:22.243 - Records Processed 588
23:58:22.243 - Current Subscribers: 
bid     | ((8i;`);(10i;`))
quote   | ((8i;`);(10i;`))
statsTab| ,(9i;`)

23:58:23.243 - Records Processed 590
23:58:23.244 - Current Subscribers: 
bid     | ((8i;`);(10i;`))
quote   | ((8i;`);(10i;`))
statsTab| ,(9i;`)

23:58:24.243 - Records Processed 592
23:58:24.244 - Current Subscribers: 
bid     | ((8i;`);(10i;`))
quote   | ((8i;`);(10i;`))
statsTab| ,(9i;`)

23:58:25.244 - Records Processed 594
23:58:25.244 - Current Subscribers: 
bid     | ((8i;`);(10i;`))
quote   | ((8i;`);(10i;`))
statsTab| ,(9i;`)

23:58:26.244 - Records Processed 596
23:58:26.244 - Current Subscribers: 
bid     | ((8i;`);(10i;`))
quote   | ((8i;`);(10i;`))
statsTab| ,(9i;`)

23:58:27.244 - Records Processed 598
23:58:27.244 - Current Subscribers: 
bid     | ((8i;`);(10i;`))
quote   | ((8i;`);(10i;`))
statsTab| ,(9i;`)

23:58:28.243 - Records Processed 600
23:58:28.244 - Current Subscribers: 
bid     | ((8i;`);(10i;`))
quote   | ((8i;`);(10i;`))
statsTab| ,(9i;`)

23:58:29.244 - Records Processed 602
23:58:29.245 - Current Subscribers: 
bid     | ((8i;`);(10i;`))
quote   | ((8i;`);(10i;`))
statsTab| ,(9i;`)

23:58:30.244 - Records Processed 604
23:58:30.244 - Current Subscribers: 
bid     | ((8i;`);(10i;`))
quote   | ((8i;`);(10i;`))
statsTab| ,(9i;`)

23:58:31.243 - Records Processed 606
23:58:31.244 - Current Subscribers: 
bid     | ((8i;`);(10i;`))
quote   | ((8i;`);(10i;`))
statsTab| ,(9i;`)

23:58:32.243 - Records Processed 608
23:58:32.244 - Current Subscribers: 
bid     | ((8i;`);(10i;`))
quote   | ((8i;`);(10i;`))
statsTab| ,(9i;`)

23:58:33.245 - Records Processed 610
23:58:33.246 - Current Subscribers: 
bid     | ((8i;`);(10i;`))
quote   | ((8i;`);(10i;`))
statsTab| ,(9i;`)

23:58:34.244 - Records Processed 612
23:58:34.244 - Current Subscribers: 
bid     | ((8i;`);(10i;`))
quote   | ((8i;`);(10i;`))
statsTab| ,(9i;`)

23:58:35.244 - Records Processed 614
23:58:35.244 - Current Subscribers: 
bid     | ((8i;`);(10i;`))
quote   | ((8i;`);(10i;`))
statsTab| ,(9i;`)

23:58:36.244 - Records Processed 616
23:58:36.244 - Current Subscribers: 
bid     | ((8i;`);(10i;`))
quote   | ((8i;`);(10i;`))
statsTab| ,(9i;`)

23:58:37.244 - Records Processed 618
23:58:37.244 - Current Subscribers: 
bid     | ((8i;`);(10i;`))
quote   | ((8i;`);(10i;`))
statsTab| ,(9i;`)

23:58:38.243 - Records Processed 620
23:58:38.243 - Current Subscribers: 
bid     | ((8i;`);(10i;`))
quote   | ((8i;`);(10i;`))
statsTab| ,(9i;`)

23:58:39.244 - Records Processed 622
23:58:39.244 - Current Subscribers: 
bid     | ((8i;`);(10i;`))
quote   | ((8i;`);(10i;`))
statsTab| ,(9i;`)

23:58:40.243 - Records Processed 624
23:58:40.244 - Current Subscribers: 
bid     | ((8i;`);(10i;`))
quote   | ((8i;`);(10i;`))
statsTab| ,(9i;`)

23:58:41.244 - Records Processed 626
23:58:41.244 - Current Subscribers: 
bid     | ((8i;`);(10i;`))
quote   | ((8i;`);(10i;`))
statsTab| ,(9i;`)

23:58:42.244 - Records Processed 628
23:58:42.244 - Current Subscribers: 
bid     | ((8i;`);(10i;`))
quote   | ((8i;`);(10i;`))
statsTab| ,(9i;`)

23:58:43.243 - Records Processed 630
23:58:43.244 - Current Subscribers: 
bid     | ((8i;`);(10i;`))
quote   | ((8i;`);(10i;`))
statsTab| ,(9i;`)

23:58:44.243 - Records Processed 632
23:58:44.244 - Current Subscribers: 
bid     | ((8i;`);(10i;`))
quote   | ((8i;`);(10i;`))
statsTab| ,(9i;`)

23:58:45.244 - Records Processed 634
23:58:45.244 - Current Subscribers: 
bid     | ((8i;`);(10i;`))
quote   | ((8i;`);(10i;`))
statsTab| ,(9i;`)

23:58:46.243 - Records Processed 636
23:58:46.243 - Current Subscribers: 
bid     | ((8i;`);(10i;`))
quote   | ((8i;`);(10i;`))
statsTab| ,(9i;`)

23:58:47.244 - Records Processed 638
23:58:47.244 - Current Subscribers: 
bid     | ((8i;`);(10i;`))
quote   | ((8i;`);(10i;`))
statsTab| ,(9i;`)

23:58:48.243 - Records Processed 640
23:58:48.244 - Current Subscribers: 
bid     | ((8i;`);(10i;`))
quote   | ((8i;`);(10i;`))
statsTab| ,(9i;`)

23:58:49.243 - Records Processed 642
23:58:49.244 - Current Subscribers: 
bid     | ((8i;`);(10i;`))
quote   | ((8i;`);(10i;`))
statsTab| ,(9i;`)

23:58:50.243 - Records Processed 644
23:58:50.244 - Current Subscribers: 
bid     | ((8i;`);(10i;`))
quote   | ((8i;`);(10i;`))
statsTab| ,(9i;`)

23:58:51.243 - Records Processed 646
23:58:51.244 - Current Subscribers: 
bid     | ((8i;`);(10i;`))
quote   | ((8i;`);(10i;`))
statsTab| ,(9i;`)

23:58:52.243 - Records Processed 648
23:58:52.244 - Current Subscribers: 
bid     | ((8i;`);(10i;`))
quote   | ((8i;`);(10i;`))
statsTab| ,(9i;`)

23:58:53.244 - Records Processed 650
23:58:53.244 - Current Subscribers: 
bid     | ((8i;`);(10i;`))
quote   | ((8i;`);(10i;`))
statsTab| ,(9i;`)

23:58:54.243 - Records Processed 652
23:58:54.243 - Current Subscribers: 
bid     | ((8i;`);(10i;`))
quote   | ((8i;`);(10i;`))
statsTab| ,(9i;`)

23:58:55.243 - Records Processed 654
23:58:55.243 - Current Subscribers: 
bid     | ((8i;`);(10i;`))
quote   | ((8i;`);(10i;`))
statsTab| ,(9i;`)

23:58:56.243 - Records Processed 656
23:58:56.244 - Current Subscribers: 
bid     | ((8i;`);(10i;`))
quote   | ((8i;`);(10i;`))
statsTab| ,(9i;`)

23:58:57.243 - Records Processed 658
23:58:57.243 - Current Subscribers: 
bid     | ((8i;`);(10i;`))
quote   | ((8i;`);(10i;`))
statsTab| ,(9i;`)

23:58:58.244 - Records Processed 660
23:58:58.244 - Current Subscribers: 
bid     | ((8i;`);(10i;`))
quote   | ((8i;`);(10i;`))
statsTab| ,(9i;`)

23:58:59.243 - Records Processed 662
23:58:59.244 - Current Subscribers: 
bid     | ((8i;`);(10i;`))
quote   | ((8i;`);(10i;`))
statsTab| ,(9i;`)

23:59:00.243 - Records Processed 664
23:59:00.244 - Current Subscribers: 
bid     | ((8i;`);(10i;`))
quote   | ((8i;`);(10i;`))
statsTab| ,(9i;`)

23:59:01.244 - Records Processed 666
23:59:01.244 - Current Subscribers: 
bid     | ((8i;`);(10i;`))
quote   | ((8i;`);(10i;`))
statsTab| ,(9i;`)

23:59:02.243 - Records Processed 668
23:59:02.243 - Current Subscribers: 
bid     | ((8i;`);(10i;`))
quote   | ((8i;`);(10i;`))
statsTab| ,(9i;`)

23:59:03.243 - Records Processed 670
23:59:03.243 - Current Subscribers: 
bid     | ((8i;`);(10i;`))
quote   | ((8i;`);(10i;`))
statsTab| ,(9i;`)

23:59:04.243 - Records Processed 672
23:59:04.244 - Current Subscribers: 
bid     | ((8i;`);(10i;`))
quote   | ((8i;`);(10i;`))
statsTab| ,(9i;`)

23:59:05.243 - Records Processed 674
23:59:05.244 - Current Subscribers: 
bid     | ((8i;`);(10i;`))
quote   | ((8i;`);(10i;`))
statsTab| ,(9i;`)

23:59:06.243 - Records Processed 676
23:59:06.244 - Current Subscribers: 
bid     | ((8i;`);(10i;`))
quote   | ((8i;`);(10i;`))
statsTab| ,(9i;`)

23:59:07.243 - Records Processed 678
23:59:07.243 - Current Subscribers: 
bid     | ((8i;`);(10i;`))
quote   | ((8i;`);(10i;`))
statsTab| ,(9i;`)

23:59:08.243 - Records Processed 680
23:59:08.244 - Current Subscribers: 
bid     | ((8i;`);(10i;`))
quote   | ((8i;`);(10i;`))
statsTab| ,(9i;`)

23:59:09.243 - Records Processed 682
23:59:09.244 - Current Subscribers: 
bid     | ((8i;`);(10i;`))
quote   | ((8i;`);(10i;`))
statsTab| ,(9i;`)

23:59:10.244 - Records Processed 684
23:59:10.244 - Current Subscribers: 
bid     | ((8i;`);(10i;`))
quote   | ((8i;`);(10i;`))
statsTab| ,(9i;`)

23:59:11.243 - Records Processed 686
23:59:11.244 - Current Subscribers: 
bid     | ((8i;`);(10i;`))
quote   | ((8i;`);(10i;`))
statsTab| ,(9i;`)

23:59:12.244 - Records Processed 688
23:59:12.244 - Current Subscribers: 
bid     | ((8i;`);(10i;`))
quote   | ((8i;`);(10i;`))
statsTab| ,(9i;`)

23:59:13.243 - Records Processed 690
23:59:13.244 - Current Subscribers: 
bid     | ((8i;`);(10i;`))
quote   | ((8i;`);(10i;`))
statsTab| ,(9i;`)

23:59:14.244 - Records Processed 692
23:59:14.244 - Current Subscribers: 
bid     | ((8i;`);(10i;`))
quote   | ((8i;`);(10i;`))
statsTab| ,(9i;`)

23:59:15.244 - Records Processed 694
23:59:15.245 - Current Subscribers: 
bid     | ((8i;`);(10i;`))
quote   | ((8i;`);(10i;`))
statsTab| ,(9i;`)

23:59:16.244 - Records Processed 696
23:59:16.245 - Current Subscribers: 
bid     | ((8i;`);(10i;`))
quote   | ((8i;`);(10i;`))
statsTab| ,(9i;`)

23:59:17.244 - Records Processed 698
23:59:17.245 - Current Subscribers: 
bid     | ((8i;`);(10i;`))
quote   | ((8i;`);(10i;`))
statsTab| ,(9i;`)

23:59:18.243 - Records Processed 700
23:59:18.244 - Current Subscribers: 
bid     | ((8i;`);(10i;`))
quote   | ((8i;`);(10i;`))
statsTab| ,(9i;`)

23:59:19.244 - Records Processed 702
23:59:19.245 - Current Subscribers: 
bid     | ((8i;`);(10i;`))
quote   | ((8i;`);(10i;`))
statsTab| ,(9i;`)

23:59:20.244 - Records Processed 704
23:59:20.245 - Current Subscribers: 
bid     | ((8i;`);(10i;`))
quote   | ((8i;`);(10i;`))
statsTab| ,(9i;`)

23:59:21.243 - Records Processed 706
23:59:21.244 - Current Subscribers: 
bid     | ((8i;`);(10i;`))
quote   | ((8i;`);(10i;`))
statsTab| ,(9i;`)

23:59:22.244 - Records Processed 708
23:59:22.244 - Current Subscribers: 
bid     | ((8i;`);(10i;`))
quote   | ((8i;`);(10i;`))
statsTab| ,(9i;`)

23:59:23.244 - Records Processed 710
23:59:23.244 - Current Subscribers: 
bid     | ((8i;`);(10i;`))
quote   | ((8i;`);(10i;`))
statsTab| ,(9i;`)

23:59:24.244 - Records Processed 712
23:59:24.245 - Current Subscribers: 
bid     | ((8i;`);(10i;`))
quote   | ((8i;`);(10i;`))
statsTab| ,(9i;`)

23:59:25.243 - Records Processed 714
23:59:25.244 - Current Subscribers: 
bid     | ((8i;`);(10i;`))
quote   | ((8i;`);(10i;`))
statsTab| ,(9i;`)

23:59:26.243 - Records Processed 716
23:59:26.244 - Current Subscribers: 
bid     | ((8i;`);(10i;`))
quote   | ((8i;`);(10i;`))
statsTab| ,(9i;`)

23:59:27.244 - Records Processed 718
23:59:27.245 - Current Subscribers: 
bid     | ((8i;`);(10i;`))
quote   | ((8i;`);(10i;`))
statsTab| ,(9i;`)

23:59:28.243 - Records Processed 720
23:59:28.244 - Current Subscribers: 
bid     | ((8i;`);(10i;`))
quote   | ((8i;`);(10i;`))
statsTab| ,(9i;`)

23:59:29.244 - Records Processed 722
23:59:29.244 - Current Subscribers: 
bid     | ((8i;`);(10i;`))
quote   | ((8i;`);(10i;`))
statsTab| ,(9i;`)

23:59:30.244 - Records Processed 724
23:59:30.244 - Current Subscribers: 
bid     | ((8i;`);(10i;`))
quote   | ((8i;`);(10i;`))
statsTab| ,(9i;`)

23:59:31.244 - Records Processed 726
23:59:31.244 - Current Subscribers: 
bid     | ((8i;`);(10i;`))
quote   | ((8i;`);(10i;`))
statsTab| ,(9i;`)

23:59:32.244 - Records Processed 728
23:59:32.244 - Current Subscribers: 
bid     | ((8i;`);(10i;`))
quote   | ((8i;`);(10i;`))
statsTab| ,(9i;`)

23:59:33.243 - Records Processed 730
23:59:33.244 - Current Subscribers: 
bid     | ((8i;`);(10i;`))
quote   | ((8i;`);(10i;`))
statsTab| ,(9i;`)

23:59:34.245 - Records Processed 732
23:59:34.245 - Current Subscribers: 
bid     | ((8i;`);(10i;`))
quote   | ((8i;`);(10i;`))
statsTab| ,(9i;`)

23:59:35.244 - Records Processed 734
23:59:35.245 - Current Subscribers: 
bid     | ((8i;`);(10i;`))
quote   | ((8i;`);(10i;`))
statsTab| ,(9i;`)

23:59:36.244 - Records Processed 736
23:59:36.245 - Current Subscribers: 
bid     | ((8i;`);(10i;`))
quote   | ((8i;`);(10i;`))
statsTab| ,(9i;`)

23:59:37.244 - Records Processed 738
23:59:37.244 - Current Subscribers: 
bid     | ((8i;`);(10i;`))
quote   | ((8i;`);(10i;`))
statsTab| ,(9i;`)

23:59:38.244 - Records Processed 740
23:59:38.244 - Current Subscribers: 
bid     | ((8i;`);(10i;`))
quote   | ((8i;`);(10i;`))
statsTab| ,(9i;`)

23:59:39.244 - Records Processed 742
23:59:39.244 - Current Subscribers: 
bid     | ((8i;`);(10i;`))
quote   | ((8i;`);(10i;`))
statsTab| ,(9i;`)

23:59:40.243 - Records Processed 744
23:59:40.244 - Current Subscribers: 
bid     | ((8i;`);(10i;`))
quote   | ((8i;`);(10i;`))
statsTab| ,(9i;`)

23:59:41.243 - Records Processed 746
23:59:41.244 - Current Subscribers: 
bid     | ((8i;`);(10i;`))
quote   | ((8i;`);(10i;`))
statsTab| ,(9i;`)

23:59:42.244 - Records Processed 748
23:59:42.244 - Current Subscribers: 
bid     | ((8i;`);(10i;`))
quote   | ((8i;`);(10i;`))
statsTab| ,(9i;`)

23:59:43.244 - Records Processed 750
23:59:43.244 - Current Subscribers: 
bid     | ((8i;`);(10i;`))
quote   | ((8i;`);(10i;`))
statsTab| ,(9i;`)

23:59:44.244 - Records Processed 752
23:59:44.244 - Current Subscribers: 
bid     | ((8i;`);(10i;`))
quote   | ((8i;`);(10i;`))
statsTab| ,(9i;`)

23:59:45.244 - Records Processed 754
23:59:45.245 - Current Subscribers: 
bid     | ((8i;`);(10i;`))
quote   | ((8i;`);(10i;`))
statsTab| ,(9i;`)

23:59:46.244 - Records Processed 756
23:59:46.244 - Current Subscribers: 
bid     | ((8i;`);(10i;`))
quote   | ((8i;`);(10i;`))
statsTab| ,(9i;`)

23:59:47.244 - Records Processed 758
23:59:47.251 - Current Subscribers: 
bid     | ((8i;`);(10i;`))
quote   | ((8i;`);(10i;`))
statsTab| ,(9i;`)

23:59:48.244 - Records Processed 760
23:59:48.245 - Current Subscribers: 
bid     | ((8i;`);(10i;`))
quote   | ((8i;`);(10i;`))
statsTab| ,(9i;`)

23:59:49.244 - Records Processed 762
23:59:49.244 - Current Subscribers: 
bid     | ((8i;`);(10i;`))
quote   | ((8i;`);(10i;`))
statsTab| ,(9i;`)

23:59:50.244 - Records Processed 764
23:59:50.245 - Current Subscribers: 
bid     | ((8i;`);(10i;`))
quote   | ((8i;`);(10i;`))
statsTab| ,(9i;`)

23:59:51.244 - Records Processed 766
23:59:51.244 - Current Subscribers: 
bid     | ((8i;`);(10i;`))
quote   | ((8i;`);(10i;`))
statsTab| ,(9i;`)

23:59:52.244 - Records Processed 768
23:59:52.244 - Current Subscribers: 
bid     | ((8i;`);(10i;`))
quote   | ((8i;`);(10i;`))
statsTab| ,(9i;`)

23:59:53.243 - Records Processed 770
23:59:53.244 - Current Subscribers: 
bid     | ((8i;`);(10i;`))
quote   | ((8i;`);(10i;`))
statsTab| ,(9i;`)

23:59:54.244 - Records Processed 772
23:59:54.244 - Current Subscribers: 
bid     | ((8i;`);(10i;`))
quote   | ((8i;`);(10i;`))
statsTab| ,(9i;`)

23:59:55.244 - Records Processed 774
23:59:55.245 - Current Subscribers: 
bid     | ((8i;`);(10i;`))
quote   | ((8i;`);(10i;`))
statsTab| ,(9i;`)

23:59:56.244 - Records Processed 776
23:59:56.244 - Current Subscribers: 
bid     | ((8i;`);(10i;`))
quote   | ((8i;`);(10i;`))
statsTab| ,(9i;`)

23:59:57.244 - Records Processed 778
23:59:57.245 - Current Subscribers: 
bid     | ((8i;`);(10i;`))
quote   | ((8i;`);(10i;`))
statsTab| ,(9i;`)

23:59:58.244 - Records Processed 780
23:59:58.244 - Current Subscribers: 
bid     | ((8i;`);(10i;`))
quote   | ((8i;`);(10i;`))
statsTab| ,(9i;`)

23:59:59.243 - Records Processed 782
23:59:59.244 - Current Subscribers: 
bid     | ((8i;`);(10i;`))
quote   | ((8i;`);(10i;`))
statsTab| ,(9i;`)

00:00:00.244 - Records Processed 784
00:00:00.245 - Current Subscribers: 
bid     | ((8i;`);(10i;`))
quote   | ((8i;`);(10i;`))
statsTab| ,(9i;`)

00:00:01.244 - Records Processed 786
00:00:01.245 - Current Subscribers: 
bid     | ((8i;`);(10i;`))
quote   | ((8i;`);(10i;`))
statsTab| ,(9i;`)

00:00:02.244 - Records Processed 788
00:00:02.244 - Current Subscribers: 
bid     | ((8i;`);(10i;`))
quote   | ((8i;`);(10i;`))
statsTab| ,(9i;`)

00:00:03.244 - Records Processed 790
00:00:03.244 - Current Subscribers: 
bid     | ((8i;`);(10i;`))
quote   | ((8i;`);(10i;`))
statsTab| ,(9i;`)

00:00:04.244 - Records Processed 792
00:00:04.244 - Current Subscribers: 
bid     | ((8i;`);(10i;`))
quote   | ((8i;`);(10i;`))
statsTab| ,(9i;`)

00:00:05.243 - Records Processed 794
00:00:05.244 - Current Subscribers: 
bid     | ((8i;`);(10i;`))
quote   | ((8i;`);(10i;`))
statsTab| ,(9i;`)

00:00:06.244 - Records Processed 796
00:00:06.245 - Current Subscribers: 
bid     | ((8i;`);(10i;`))
quote   | ((8i;`);(10i;`))
statsTab| ,(9i;`)

00:00:07.243 - Records Processed 798
00:00:07.244 - Current Subscribers: 
bid     | ((8i;`);(10i;`))
quote   | ((8i;`);(10i;`))
statsTab| ,(9i;`)

00:00:08.244 - Records Processed 800
00:00:08.245 - Current Subscribers: 
bid     | ((8i;`);(10i;`))
quote   | ((8i;`);(10i;`))
statsTab| ,(9i;`)

00:00:09.244 - Records Processed 802
00:00:09.244 - Current Subscribers: 
bid     | ((8i;`);(10i;`))
quote   | ((8i;`);(10i;`))
statsTab| ,(9i;`)

00:00:10.244 - Records Processed 804
00:00:10.244 - Current Subscribers: 
bid     | ((8i;`);(10i;`))
quote   | ((8i;`);(10i;`))
statsTab| ,(9i;`)

00:00:11.244 - Records Processed 806
00:00:11.244 - Current Subscribers: 
bid     | ((8i;`);(10i;`))
quote   | ((8i;`);(10i;`))
statsTab| ,(9i;`)

00:00:12.243 - Records Processed 808
00:00:12.244 - Current Subscribers: 
bid     | ((8i;`);(10i;`))
quote   | ((8i;`);(10i;`))
statsTab| ,(9i;`)

00:00:13.244 - Records Processed 810
00:00:13.244 - Current Subscribers: 
bid     | ((8i;`);(10i;`))
quote   | ((8i;`);(10i;`))
statsTab| ,(9i;`)

00:00:14.244 - Records Processed 812
00:00:14.244 - Current Subscribers: 
bid     | ((8i;`);(10i;`))
quote   | ((8i;`);(10i;`))
statsTab| ,(9i;`)

00:00:15.243 - Records Processed 814
00:00:15.244 - Current Subscribers: 
bid     | ((8i;`);(10i;`))
quote   | ((8i;`);(10i;`))
statsTab| ,(9i;`)

00:00:16.244 - Records Processed 816
00:00:16.244 - Current Subscribers: 
bid     | ((8i;`);(10i;`))
quote   | ((8i;`);(10i;`))
statsTab| ,(9i;`)

00:00:17.243 - Records Processed 818
00:00:17.244 - Current Subscribers: 
bid     | ((8i;`);(10i;`))
quote   | ((8i;`);(10i;`))
statsTab| ,(9i;`)

00:00:18.244 - Records Processed 820
00:00:18.244 - Current Subscribers: 
bid     | ((8i;`);(10i;`))
quote   | ((8i;`);(10i;`))
statsTab| ,(9i;`)

00:00:19.243 - Records Processed 822
00:00:19.244 - Current Subscribers: 
bid     | ((8i;`);(10i;`))
quote   | ((8i;`);(10i;`))
statsTab| ,(9i;`)

00:00:20.244 - Records Processed 824
00:00:20.245 - Current Subscribers: 
bid     | ((8i;`);(10i;`))
quote   | ((8i;`);(10i;`))
statsTab| ,(9i;`)

00:00:21.243 - Records Processed 826
00:00:21.244 - Current Subscribers: 
bid     | ((8i;`);(10i;`))
quote   | ((8i;`);(10i;`))
statsTab| ,(9i;`)

00:00:22.243 - Records Processed 828
00:00:22.244 - Current Subscribers: 
bid     | ((8i;`);(10i;`))
quote   | ((8i;`);(10i;`))
statsTab| ,(9i;`)

00:00:23.244 - Records Processed 830
00:00:23.245 - Current Subscribers: 
bid     | ((8i;`);(10i;`))
quote   | ((8i;`);(10i;`))
statsTab| ,(9i;`)

00:00:24.244 - Records Processed 832
00:00:24.249 - Current Subscribers: 
bid     | ((8i;`);(10i;`))
quote   | ((8i;`);(10i;`))
statsTab| ,(9i;`)

00:00:25.244 - Records Processed 834
00:00:25.245 - Current Subscribers: 
bid     | ((8i;`);(10i;`))
quote   | ((8i;`);(10i;`))
statsTab| ,(9i;`)

00:00:26.243 - Records Processed 836
00:00:26.244 - Current Subscribers: 
bid     | ((8i;`);(10i;`))
quote   | ((8i;`);(10i;`))
statsTab| ,(9i;`)

00:00:27.244 - Records Processed 838
00:00:27.244 - Current Subscribers: 
bid     | ((8i;`);(10i;`))
quote   | ((8i;`);(10i;`))
statsTab| ,(9i;`)

00:00:28.244 - Records Processed 840
00:00:28.245 - Current Subscribers: 
bid     | ((8i;`);(10i;`))
quote   | ((8i;`);(10i;`))
statsTab| ,(9i;`)

00:00:29.244 - Records Processed 842
00:00:29.245 - Current Subscribers: 
bid     | ((8i;`);(10i;`))
quote   | ((8i;`);(10i;`))
statsTab| ,(9i;`)

00:00:30.244 - Records Processed 844
00:00:30.244 - Current Subscribers: 
bid     | ((8i;`);(10i;`))
quote   | ((8i;`);(10i;`))
statsTab| ,(9i;`)

00:00:31.244 - Records Processed 846
00:00:31.244 - Current Subscribers: 
bid     | ((8i;`);(10i;`))
quote   | ((8i;`);(10i;`))
statsTab| ,(9i;`)

00:00:32.244 - Records Processed 848
00:00:32.245 - Current Subscribers: 
bid     | ((8i;`);(10i;`))
quote   | ((8i;`);(10i;`))
statsTab| ,(9i;`)

00:00:33.243 - Records Processed 850
00:00:33.244 - Current Subscribers: 
bid     | ((8i;`);(10i;`))
quote   | ((8i;`);(10i;`))
statsTab| ,(9i;`)

00:00:34.243 - Records Processed 852
00:00:34.244 - Current Subscribers: 
bid     | ((8i;`);(10i;`))
quote   | ((8i;`);(10i;`))
statsTab| ,(9i;`)

00:00:35.244 - Records Processed 854
00:00:35.244 - Current Subscribers: 
bid     | ((8i;`);(10i;`))
quote   | ((8i;`);(10i;`))
statsTab| ,(9i;`)

00:00:36.244 - Records Processed 856
00:00:36.244 - Current Subscribers: 
bid     | ((8i;`);(10i;`))
quote   | ((8i;`);(10i;`))
statsTab| ,(9i;`)

00:00:37.244 - Records Processed 858
00:00:37.245 - Current Subscribers: 
bid     | ((8i;`);(10i;`))
quote   | ((8i;`);(10i;`))
statsTab| ,(9i;`)

00:00:38.244 - Records Processed 860
00:00:38.245 - Current Subscribers: 
bid     | ((8i;`);(10i;`))
quote   | ((8i;`);(10i;`))
statsTab| ,(9i;`)

00:00:39.244 - Records Processed 862
00:00:39.244 - Current Subscribers: 
bid     | ((8i;`);(10i;`))
quote   | ((8i;`);(10i;`))
statsTab| ,(9i;`)

00:00:40.244 - Records Processed 864
00:00:40.245 - Current Subscribers: 
bid     | ((8i;`);(10i;`))
quote   | ((8i;`);(10i;`))
statsTab| ,(9i;`)

00:00:41.244 - Records Processed 866
00:00:41.244 - Current Subscribers: 
bid     | ((8i;`);(10i;`))
quote   | ((8i;`);(10i;`))
statsTab| ,(9i;`)

00:00:42.243 - Records Processed 868
00:00:42.244 - Current Subscribers: 
bid     | ((8i;`);(10i;`))
quote   | ((8i;`);(10i;`))
statsTab| ,(9i;`)

00:00:43.243 - Records Processed 870
00:00:43.244 - Current Subscribers: 
bid     | ((8i;`);(10i;`))
quote   | ((8i;`);(10i;`))
statsTab| ,(9i;`)

00:00:44.244 - Records Processed 872
00:00:44.244 - Current Subscribers: 
bid     | ((8i;`);(10i;`))
quote   | ((8i;`);(10i;`))
statsTab| ,(9i;`)

00:00:45.244 - Records Processed 874
00:00:45.244 - Current Subscribers: 
bid     | ((8i;`);(10i;`))
quote   | ((8i;`);(10i;`))
statsTab| ,(9i;`)

00:00:46.244 - Records Processed 876
00:00:46.244 - Current Subscribers: 
bid     | ((8i;`);(10i;`))
quote   | ((8i;`);(10i;`))
statsTab| ,(9i;`)

00:00:47.244 - Records Processed 878
00:00:47.244 - Current Subscribers: 
bid     | ((8i;`);(10i;`))
quote   | ((8i;`);(10i;`))
statsTab| ,(9i;`)

00:00:48.244 - Records Processed 880
00:00:48.245 - Current Subscribers: 
bid     | ((8i;`);(10i;`))
quote   | ((8i;`);(10i;`))
statsTab| ,(9i;`)

00:00:49.244 - Records Processed 882
00:00:49.245 - Current Subscribers: 
bid     | ((8i;`);(10i;`))
quote   | ((8i;`);(10i;`))
statsTab| ,(9i;`)

00:00:50.243 - Records Processed 884
00:00:50.244 - Current Subscribers: 
bid     | ((8i;`);(10i;`))
quote   | ((8i;`);(10i;`))
statsTab| ,(9i;`)

00:00:51.243 - Records Processed 886
00:00:51.244 - Current Subscribers: 
bid     | ((8i;`);(10i;`))
quote   | ((8i;`);(10i;`))
statsTab| ,(9i;`)

00:00:52.244 - Records Processed 888
00:00:52.244 - Current Subscribers: 
bid     | ((8i;`);(10i;`))
quote   | ((8i;`);(10i;`))
statsTab| ,(9i;`)

00:00:53.244 - Records Processed 890
00:00:53.244 - Current Subscribers: 
bid     | ((8i;`);(10i;`))
quote   | ((8i;`);(10i;`))
statsTab| ,(9i;`)

00:00:54.244 - Records Processed 892
00:00:54.245 - Current Subscribers: 
bid     | ((8i;`);(10i;`))
quote   | ((8i;`);(10i;`))
statsTab| ,(9i;`)

00:00:55.244 - Records Processed 894
00:00:55.245 - Current Subscribers: 
bid     | ((8i;`);(10i;`))
quote   | ((8i;`);(10i;`))
statsTab| ,(9i;`)

00:00:56.244 - Records Processed 896
00:00:56.244 - Current Subscribers: 
bid     | ((8i;`);(10i;`))
quote   | ((8i;`);(10i;`))
statsTab| ,(9i;`)

00:00:57.244 - Records Processed 898
00:00:57.245 - Current Subscribers: 
bid     | ((8i;`);(10i;`))
quote   | ((8i;`);(10i;`))
statsTab| ,(9i;`)

00:00:58.243 - Records Processed 900
00:00:58.244 - Current Subscribers: 
bid     | ((8i;`);(10i;`))
quote   | ((8i;`);(10i;`))
statsTab| ,(9i;`)

00:00:59.244 - Records Processed 902
00:00:59.244 - Current Subscribers: 
bid     | ((8i;`);(10i;`))
quote   | ((8i;`);(10i;`))
statsTab| ,(9i;`)

00:01:00.243 - Records Processed 904
00:01:00.244 - Current Subscribers: 
bid     | ((8i;`);(10i;`))
quote   | ((8i;`);(10i;`))
statsTab| ,(9i;`)

00:01:01.243 - Records Processed 906
00:01:01.244 - Current Subscribers: 
bid     | ((8i;`);(10i;`))
quote   | ((8i;`);(10i;`))
statsTab| ,(9i;`)

00:01:02.244 - Records Processed 908
00:01:02.244 - Current Subscribers: 
bid     | ((8i;`);(10i;`))
quote   | ((8i;`);(10i;`))
statsTab| ,(9i;`)

00:01:03.244 - Records Processed 910
00:01:03.244 - Current Subscribers: 
bid     | ((8i;`);(10i;`))
quote   | ((8i;`);(10i;`))
statsTab| ,(9i;`)

00:01:04.243 - Records Processed 912
00:01:04.244 - Current Subscribers: 
bid     | ((8i;`);(10i;`))
quote   | ((8i;`);(10i;`))
statsTab| ,(9i;`)

00:01:05.244 - Records Processed 914
00:01:05.244 - Current Subscribers: 
bid     | ((8i;`);(10i;`))
quote   | ((8i;`);(10i;`))
statsTab| ,(9i;`)

00:01:06.243 - Records Processed 916
00:01:06.244 - Current Subscribers: 
bid     | ((8i;`);(10i;`))
quote   | ((8i;`);(10i;`))
statsTab| ,(9i;`)

00:01:07.244 - Records Processed 918
00:01:07.244 - Current Subscribers: 
bid     | ((8i;`);(10i;`))
quote   | ((8i;`);(10i;`))
statsTab| ,(9i;`)

00:01:08.244 - Records Processed 920
00:01:08.245 - Current Subscribers: 
bid     | ((8i;`);(10i;`))
quote   | ((8i;`);(10i;`))
statsTab| ,(9i;`)

00:01:09.243 - Records Processed 922
00:01:09.244 - Current Subscribers: 
bid     | ((8i;`);(10i;`))
quote   | ((8i;`);(10i;`))
statsTab| ,(9i;`)

00:01:10.243 - Records Processed 924
00:01:10.244 - Current Subscribers: 
bid     | ((8i;`);(10i;`))
quote   | ((8i;`);(10i;`))
statsTab| ,(9i;`)

00:01:11.244 - Records Processed 926
00:01:11.244 - Current Subscribers: 
bid     | ((8i;`);(10i;`))
quote   | ((8i;`);(10i;`))
statsTab| ,(9i;`)

00:01:12.244 - Records Processed 928
00:01:12.245 - Current Subscribers: 
bid     | ((8i;`);(10i;`))
quote   | ((8i;`);(10i;`))
statsTab| ,(9i;`)

00:01:13.244 - Records Processed 930
00:01:13.244 - Current Subscribers: 
bid     | ((8i;`);(10i;`))
quote   | ((8i;`);(10i;`))
statsTab| ,(9i;`)

00:01:14.244 - Records Processed 932
00:01:14.244 - Current Subscribers: 
bid     | ((8i;`);(10i;`))
quote   | ((8i;`);(10i;`))
statsTab| ,(9i;`)

00:01:15.244 - Records Processed 934
00:01:15.245 - Current Subscribers: 
bid     | ((8i;`);(10i;`))
quote   | ((8i;`);(10i;`))
statsTab| ,(9i;`)

00:01:16.244 - Records Processed 936
00:01:16.244 - Current Subscribers: 
bid     | ((8i;`);(10i;`))
quote   | ((8i;`);(10i;`))
statsTab| ,(9i;`)

00:01:17.244 - Records Processed 938
00:01:17.244 - Current Subscribers: 
bid     | ((8i;`);(10i;`))
quote   | ((8i;`);(10i;`))
statsTab| ,(9i;`)

00:01:18.243 - Records Processed 940
00:01:18.244 - Current Subscribers: 
bid     | ((8i;`);(10i;`))
quote   | ((8i;`);(10i;`))
statsTab| ,(9i;`)

00:01:19.245 - Records Processed 942
00:01:19.246 - Current Subscribers: 
bid     | ((8i;`);(10i;`))
quote   | ((8i;`);(10i;`))
statsTab| ,(9i;`)

00:01:20.244 - Records Processed 944
00:01:20.244 - Current Subscribers: 
bid     | ((8i;`);(10i;`))
quote   | ((8i;`);(10i;`))
statsTab| ,(9i;`)

00:01:21.244 - Records Processed 946
00:01:21.245 - Current Subscribers: 
bid     | ((8i;`);(10i;`))
quote   | ((8i;`);(10i;`))
statsTab| ,(9i;`)

00:01:22.244 - Records Processed 948
00:01:22.244 - Current Subscribers: 
bid     | ((8i;`);(10i;`))
quote   | ((8i;`);(10i;`))
statsTab| ,(9i;`)

00:01:23.277 - Records Processed 950
00:01:23.277 - Current Subscribers: 
bid     | ((8i;`);(10i;`))
quote   | ((8i;`);(10i;`))
statsTab| ,(9i;`)

00:01:24.244 - Records Processed 952
00:01:24.245 - Current Subscribers: 
bid     | ((8i;`);(10i;`))
quote   | ((8i;`);(10i;`))
statsTab| ,(9i;`)

00:01:25.244 - Records Processed 954
00:01:25.244 - Current Subscribers: 
bid     | ((8i;`);(10i;`))
quote   | ((8i;`);(10i;`))
statsTab| ,(9i;`)

00:01:26.243 - Records Processed 956
00:01:26.243 - Current Subscribers: 
bid     | ((8i;`);(10i;`))
quote   | ((8i;`);(10i;`))
statsTab| ,(9i;`)

00:01:27.243 - Records Processed 958
00:01:27.243 - Current Subscribers: 
bid     | ((8i;`);(10i;`))
quote   | ((8i;`);(10i;`))
statsTab| ,(9i;`)

00:01:28.244 - Records Processed 960
00:01:28.244 - Current Subscribers: 
bid     | ((8i;`);(10i;`))
quote   | ((8i;`);(10i;`))
statsTab| ,(9i;`)

00:01:29.244 - Records Processed 962
00:01:29.244 - Current Subscribers: 
bid     | ((8i;`);(10i;`))
quote   | ((8i;`);(10i;`))
statsTab| ,(9i;`)

00:01:30.244 - Records Processed 964
00:01:30.245 - Current Subscribers: 
bid     | ((8i;`);(10i;`))
quote   | ((8i;`);(10i;`))
statsTab| ,(9i;`)

00:01:31.244 - Records Processed 966
00:01:31.244 - Current Subscribers: 
bid     | ((8i;`);(10i;`))
quote   | ((8i;`);(10i;`))
statsTab| ,(9i;`)

00:01:32.243 - Records Processed 968
00:01:32.244 - Current Subscribers: 
bid     | ((8i;`);(10i;`))
quote   | ((8i;`);(10i;`))
statsTab| ,(9i;`)

00:01:33.244 - Records Processed 970
00:01:33.244 - Current Subscribers: 
bid     | ((8i;`);(10i;`))
quote   | ((8i;`);(10i;`))
statsTab| ,(9i;`)

00:01:34.244 - Records Processed 972
00:01:34.244 - Current Subscribers: 
bid     | ((8i;`);(10i;`))
quote   | ((8i;`);(10i;`))
statsTab| ,(9i;`)

00:01:35.244 - Records Processed 974
00:01:35.244 - Current Subscribers: 
bid     | ((8i;`);(10i;`))
quote   | ((8i;`);(10i;`))
statsTab| ,(9i;`)

00:01:36.244 - Records Processed 976
00:01:36.245 - Current Subscribers: 
bid     | ((8i;`);(10i;`))
quote   | ((8i;`);(10i;`))
statsTab| ,(9i;`)

00:01:37.245 - Records Processed 978
00:01:37.245 - Current Subscribers: 
bid     | ((8i;`);(10i;`))
quote   | ((8i;`);(10i;`))
statsTab| ,(9i;`)

00:01:38.244 - Records Processed 980
00:01:38.244 - Current Subscribers: 
bid     | ((8i;`);(10i;`))
quote   | ((8i;`);(10i;`))
statsTab| ,(9i;`)

00:01:39.243 - Records Processed 982
00:01:39.244 - Current Subscribers: 
bid     | ((8i;`);(10i;`))
quote   | ((8i;`);(10i;`))
statsTab| ,(9i;`)

00:01:40.244 - Records Processed 984
00:01:40.245 - Current Subscribers: 
bid     | ((8i;`);(10i;`))
quote   | ((8i;`);(10i;`))
statsTab| ,(9i;`)

00:01:41.243 - Records Processed 986
00:01:41.244 - Current Subscribers: 
bid     | ((8i;`);(10i;`))
quote   | ((8i;`);(10i;`))
statsTab| ,(9i;`)

00:01:42.248 - Records Processed 988
00:01:42.250 - Current Subscribers: 
bid     | ((8i;`);(10i;`))
quote   | ((8i;`);(10i;`))
statsTab| ,(9i;`)

00:01:43.244 - Records Processed 990
00:01:43.244 - Current Subscribers: 
bid     | ((8i;`);(10i;`))
quote   | ((8i;`);(10i;`))
statsTab| ,(9i;`)

00:01:44.244 - Records Processed 992
00:01:44.244 - Current Subscribers: 
bid     | ((8i;`);(10i;`))
quote   | ((8i;`);(10i;`))
statsTab| ,(9i;`)

00:01:45.243 - Records Processed 994
00:01:45.243 - Current Subscribers: 
bid     | ((8i;`);(10i;`))
quote   | ((8i;`);(10i;`))
statsTab| ,(9i;`)

00:01:46.243 - Records Processed 996
00:01:46.244 - Current Subscribers: 
bid     | ((8i;`);(10i;`))
quote   | ((8i;`);(10i;`))
statsTab| ,(9i;`)

00:01:47.243 - Records Processed 998
00:01:47.244 - Current Subscribers: 
bid     | ((8i;`);(10i;`))
quote   | ((8i;`);(10i;`))
statsTab| ,(9i;`)

00:01:48.245 - Records Processed 1000
00:01:48.245 - Current Subscribers: 
bid     | ((8i;`);(10i;`))
quote   | ((8i;`);(10i;`))
statsTab| ,(9i;`)

00:01:49.247 - Records Processed 1002
00:01:49.247 - Current Subscribers: 
bid     | ((8i;`);(10i;`))
quote   | ((8i;`);(10i;`))
statsTab| ,(9i;`)

00:01:50.245 - Records Processed 1004
00:01:50.246 - Current Subscribers: 
bid     | ((8i;`);(10i;`))
quote   | ((8i;`);(10i;`))
statsTab| ,(9i;`)

00:01:51.244 - Records Processed 1006
00:01:51.244 - Current Subscribers: 
bid     | ((8i;`);(10i;`))
quote   | ((8i;`);(10i;`))
statsTab| ,(9i;`)

00:01:52.244 - Records Processed 1008
00:01:52.245 - Current Subscribers: 
bid     | ((8i;`);(10i;`))
quote   | ((8i;`);(10i;`))
statsTab| ,(9i;`)

00:01:53.243 - Records Processed 1010
00:01:53.243 - Current Subscribers: 
bid     | ((8i;`);(10i;`))
quote   | ((8i;`);(10i;`))
statsTab| ,(9i;`)

00:01:54.243 - Records Processed 1012
00:01:54.244 - Current Subscribers: 
bid     | ((8i;`);(10i;`))
quote   | ((8i;`);(10i;`))
statsTab| ,(9i;`)

00:01:55.244 - Records Processed 1014
00:01:55.244 - Current Subscribers: 
bid     | ((8i;`);(10i;`))
quote   | ((8i;`);(10i;`))
statsTab| ,(9i;`)

00:01:56.244 - Records Processed 1016
00:01:56.245 - Current Subscribers: 
bid     | ((8i;`);(10i;`))
quote   | ((8i;`);(10i;`))
statsTab| ,(9i;`)

00:01:57.243 - Records Processed 1018
00:01:57.244 - Current Subscribers: 
bid     | ((8i;`);(10i;`))
quote   | ((8i;`);(10i;`))
statsTab| ,(9i;`)

00:01:58.244 - Records Processed 1020
00:01:58.245 - Current Subscribers: 
bid     | ((8i;`);(10i;`))
quote   | ((8i;`);(10i;`))
statsTab| ,(9i;`)

00:01:59.244 - Records Processed 1022
00:01:59.245 - Current Subscribers: 
bid     | ((8i;`);(10i;`))
quote   | ((8i;`);(10i;`))
statsTab| ,(9i;`)

00:02:00.245 - Records Processed 1024
00:02:00.245 - Current Subscribers: 
bid     | ((8i;`);(10i;`))
quote   | ((8i;`);(10i;`))
statsTab| ,(9i;`)

00:02:01.244 - Records Processed 1026
00:02:01.244 - Current Subscribers: 
bid     | ((8i;`);(10i;`))
quote   | ((8i;`);(10i;`))
statsTab| ,(9i;`)

00:02:02.244 - Records Processed 1028
00:02:02.244 - Current Subscribers: 
bid     | ((8i;`);(10i;`))
quote   | ((8i;`);(10i;`))
statsTab| ,(9i;`)

00:02:03.244 - Records Processed 1030
00:02:03.244 - Current Subscribers: 
bid     | ((8i;`);(10i;`))
quote   | ((8i;`);(10i;`))
statsTab| ,(9i;`)

00:02:04.244 - Records Processed 1032
00:02:04.246 - Current Subscribers: 
bid     | ((8i;`);(10i;`))
quote   | ((8i;`);(10i;`))
statsTab| ,(9i;`)

00:02:05.243 - Records Processed 1034
00:02:05.244 - Current Subscribers: 
bid     | ((8i;`);(10i;`))
quote   | ((8i;`);(10i;`))
statsTab| ,(9i;`)

00:02:06.244 - Records Processed 1036
00:02:06.244 - Current Subscribers: 
bid     | ((8i;`);(10i;`))
quote   | ((8i;`);(10i;`))
statsTab| ,(9i;`)

00:02:07.244 - Records Processed 1038
00:02:07.244 - Current Subscribers: 
bid     | ((8i;`);(10i;`))
quote   | ((8i;`);(10i;`))
statsTab| ,(9i;`)

00:02:08.243 - Records Processed 1040
00:02:08.244 - Current Subscribers: 
bid     | ((8i;`);(10i;`))
quote   | ((8i;`);(10i;`))
statsTab| ,(9i;`)

00:02:09.244 - Records Processed 1042
00:02:09.244 - Current Subscribers: 
bid     | ((8i;`);(10i;`))
quote   | ((8i;`);(10i;`))
statsTab| ,(9i;`)

00:02:10.244 - Records Processed 1044
00:02:10.244 - Current Subscribers: 
bid     | ((8i;`);(10i;`))
quote   | ((8i;`);(10i;`))
statsTab| ,(9i;`)

00:02:11.244 - Records Processed 1046
00:02:11.245 - Current Subscribers: 
bid     | ((8i;`);(10i;`))
quote   | ((8i;`);(10i;`))
statsTab| ,(9i;`)

00:02:12.244 - Records Processed 1048
00:02:12.244 - Current Subscribers: 
bid     | ((8i;`);(10i;`))
quote   | ((8i;`);(10i;`))
statsTab| ,(9i;`)

00:02:13.243 - Records Processed 1050
00:02:13.244 - Current Subscribers: 
bid     | ((8i;`);(10i;`))
quote   | ((8i;`);(10i;`))
statsTab| ,(9i;`)

00:02:14.246 - Records Processed 1052
00:02:14.246 - Current Subscribers: 
bid     | ((8i;`);(10i;`))
quote   | ((8i;`);(10i;`))
statsTab| ,(9i;`)

00:02:15.243 - Records Processed 1054
00:02:15.243 - Current Subscribers: 
bid     | ((8i;`);(10i;`))
quote   | ((8i;`);(10i;`))
statsTab| ,(9i;`)

00:02:16.244 - Records Processed 1056
00:02:16.245 - Current Subscribers: 
bid     | ((8i;`);(10i;`))
quote   | ((8i;`);(10i;`))
statsTab| ,(9i;`)

00:02:17.243 - Records Processed 1058
00:02:17.244 - Current Subscribers: 
bid     | ((8i;`);(10i;`))
quote   | ((8i;`);(10i;`))
statsTab| ,(9i;`)

00:02:18.243 - Records Processed 1060
00:02:18.244 - Current Subscribers: 
bid     | ((8i;`);(10i;`))
quote   | ((8i;`);(10i;`))
statsTab| ,(9i;`)

00:02:19.244 - Records Processed 1062
00:02:19.244 - Current Subscribers: 
bid     | ((8i;`);(10i;`))
quote   | ((8i;`);(10i;`))
statsTab| ,(9i;`)

00:02:20.244 - Records Processed 1064
00:02:20.244 - Current Subscribers: 
bid     | ((8i;`);(10i;`))
quote   | ((8i;`);(10i;`))
statsTab| ,(9i;`)

00:02:21.244 - Records Processed 1066
00:02:21.245 - Current Subscribers: 
bid     | ((8i;`);(10i;`))
quote   | ((8i;`);(10i;`))
statsTab| ,(9i;`)

00:02:22.245 - Records Processed 1068
00:02:22.245 - Current Subscribers: 
bid     | ((8i;`);(10i;`))
quote   | ((8i;`);(10i;`))
statsTab| ,(9i;`)

00:02:23.244 - Records Processed 1070
00:02:23.244 - Current Subscribers: 
bid     | ((8i;`);(10i;`))
quote   | ((8i;`);(10i;`))
statsTab| ,(9i;`)

00:02:24.244 - Records Processed 1072
00:02:24.245 - Current Subscribers: 
bid     | ((8i;`);(10i;`))
quote   | ((8i;`);(10i;`))
statsTab| ,(9i;`)

00:02:25.244 - Records Processed 1074
00:02:25.245 - Current Subscribers: 
bid     | ((8i;`);(10i;`))
quote   | ((8i;`);(10i;`))
statsTab| ,(9i;`)

00:02:26.244 - Records Processed 1076
00:02:26.244 - Current Subscribers: 
bid     | ((8i;`);(10i;`))
quote   | ((8i;`);(10i;`))
statsTab| ,(9i;`)

00:02:27.244 - Records Processed 1078
00:02:27.244 - Current Subscribers: 
bid     | ((8i;`);(10i;`))
quote   | ((8i;`);(10i;`))
statsTab| ,(9i;`)

00:02:28.243 - Records Processed 1080
00:02:28.244 - Current Subscribers: 
bid     | ((8i;`);(10i;`))
quote   | ((8i;`);(10i;`))
statsTab| ,(9i;`)

00:02:29.243 - Records Processed 1082
00:02:29.244 - Current Subscribers: 
bid     | ((8i;`);(10i;`))
quote   | ((8i;`);(10i;`))
statsTab| ,(9i;`)

00:02:30.244 - Records Processed 1084
00:02:30.244 - Current Subscribers: 
bid     | ((8i;`);(10i;`))
quote   | ((8i;`);(10i;`))
statsTab| ,(9i;`)

00:02:31.243 - Records Processed 1086
00:02:31.244 - Current Subscribers: 
bid     | ((8i;`);(10i;`))
quote   | ((8i;`);(10i;`))
statsTab| ,(9i;`)

00:02:32.244 - Records Processed 1088
00:02:32.245 - Current Subscribers: 
bid     | ((8i;`);(10i;`))
quote   | ((8i;`);(10i;`))
statsTab| ,(9i;`)

00:02:33.254 - Records Processed 1090
00:02:33.254 - Current Subscribers: 
bid     | ((8i;`);(10i;`))
quote   | ((8i;`);(10i;`))
statsTab| ,(9i;`)

00:02:34.243 - Records Processed 1092
00:02:34.244 - Current Subscribers: 
bid     | ((8i;`);(10i;`))
quote   | ((8i;`);(10i;`))
statsTab| ,(9i;`)

00:02:35.253 - Records Processed 1094
00:02:35.254 - Current Subscribers: 
bid     | ((8i;`);(10i;`))
quote   | ((8i;`);(10i;`))
statsTab| ,(9i;`)

00:02:36.244 - Records Processed 1096
00:02:36.245 - Current Subscribers: 
bid     | ((8i;`);(10i;`))
quote   | ((8i;`);(10i;`))
statsTab| ,(9i;`)

00:02:37.244 - Records Processed 1098
00:02:37.244 - Current Subscribers: 
bid     | ((8i;`);(10i;`))
quote   | ((8i;`);(10i;`))
statsTab| ,(9i;`)

00:02:38.244 - Records Processed 1100
00:02:38.244 - Current Subscribers: 
bid     | ((8i;`);(10i;`))
quote   | ((8i;`);(10i;`))
statsTab| ,(9i;`)

00:02:39.243 - Records Processed 1102
00:02:39.244 - Current Subscribers: 
bid     | ((8i;`);(10i;`))
quote   | ((8i;`);(10i;`))
statsTab| ,(9i;`)

00:02:40.243 - Records Processed 1104
00:02:40.243 - Current Subscribers: 
bid     | ((8i;`);(10i;`))
quote   | ((8i;`);(10i;`))
statsTab| ,(9i;`)

00:02:41.244 - Records Processed 1106
00:02:41.245 - Current Subscribers: 
bid     | ((8i;`);(10i;`))
quote   | ((8i;`);(10i;`))
statsTab| ,(9i;`)

00:02:42.243 - Records Processed 1108
00:02:42.244 - Current Subscribers: 
bid     | ((8i;`);(10i;`))
quote   | ((8i;`);(10i;`))
statsTab| ,(9i;`)

00:02:43.244 - Records Processed 1110
00:02:43.244 - Current Subscribers: 
bid     | ((8i;`);(10i;`))
quote   | ((8i;`);(10i;`))
statsTab| ,(9i;`)

00:02:44.243 - Records Processed 1112
00:02:44.244 - Current Subscribers: 
bid     | ((8i;`);(10i;`))
quote   | ((8i;`);(10i;`))
statsTab| ,(9i;`)

00:02:45.244 - Records Processed 1114
00:02:45.244 - Current Subscribers: 
bid     | ((8i;`);(10i;`))
quote   | ((8i;`);(10i;`))
statsTab| ,(9i;`)

00:02:46.243 - Records Processed 1116
00:02:46.244 - Current Subscribers: 
bid     | ((8i;`);(10i;`))
quote   | ((8i;`);(10i;`))
statsTab| ,(9i;`)

00:02:47.244 - Records Processed 1118
00:02:47.244 - Current Subscribers: 
bid     | ((8i;`);(10i;`))
quote   | ((8i;`);(10i;`))
statsTab| ,(9i;`)

00:02:48.243 - Records Processed 1120
00:02:48.243 - Current Subscribers: 
bid     | ((8i;`);(10i;`))
quote   | ((8i;`);(10i;`))
statsTab| ,(9i;`)

00:02:49.244 - Records Processed 1122
00:02:49.244 - Current Subscribers: 
bid     | ((8i;`);(10i;`))
quote   | ((8i;`);(10i;`))
statsTab| ,(9i;`)

00:02:50.244 - Records Processed 1124
00:02:50.245 - Current Subscribers: 
bid     | ((8i;`);(10i;`))
quote   | ((8i;`);(10i;`))
statsTab| ,(9i;`)

00:02:51.244 - Records Processed 1126
00:02:51.245 - Current Subscribers: 
bid     | ((8i;`);(10i;`);(12i;`))
quote   | ((8i;`);(10i;`);(12i;`))
statsTab| ((9i;`);(12i;`))

00:02:52.243 - Records Processed 1128
00:02:52.244 - Current Subscribers: 
bid     | ((8i;`);(10i;`);(12i;`))
quote   | ((8i;`);(10i;`);(12i;`))
statsTab| ((9i;`);(12i;`))

00:02:53.244 - Records Processed 1130
00:02:53.244 - Current Subscribers: 
bid     | ((8i;`);(10i;`);(12i;`))
quote   | ((8i;`);(10i;`);(12i;`))
statsTab| ((9i;`);(12i;`))

00:02:54.244 - Records Processed 1132
00:02:54.245 - Current Subscribers: 
bid     | ((8i;`);(10i;`);(12i;`))
quote   | ((8i;`);(10i;`);(12i;`))
statsTab| ((9i;`);(12i;`))

00:02:55.244 - Records Processed 1134
00:02:55.244 - Current Subscribers: 
bid     | ((8i;`);(10i;`);(12i;`))
quote   | ((8i;`);(10i;`);(12i;`))
statsTab| ((9i;`);(12i;`))

00:02:56.243 - Records Processed 1136
00:02:56.244 - Current Subscribers: 
bid     | ((8i;`);(10i;`);(12i;`))
quote   | ((8i;`);(10i;`);(12i;`))
statsTab| ((9i;`);(12i;`))

00:02:57.243 - Records Processed 1138
00:02:57.244 - Current Subscribers: 
bid     | ((8i;`);(10i;`);(12i;`))
quote   | ((8i;`);(10i;`);(12i;`))
statsTab| ((9i;`);(12i;`))

00:02:58.244 - Records Processed 1140
00:02:58.244 - Current Subscribers: 
bid     | ((8i;`);(10i;`);(12i;`))
quote   | ((8i;`);(10i;`);(12i;`))
statsTab| ((9i;`);(12i;`))

00:02:59.244 - Records Processed 1142
00:02:59.244 - Current Subscribers: 
bid     | ((8i;`);(10i;`);(12i;`))
quote   | ((8i;`);(10i;`);(12i;`))
statsTab| ((9i;`);(12i;`))

00:03:00.244 - Records Processed 1144
00:03:00.244 - Current Subscribers: 
bid     | ((8i;`);(10i;`);(12i;`))
quote   | ((8i;`);(10i;`);(12i;`))
statsTab| ((9i;`);(12i;`))

00:03:01.244 - Records Processed 1146
00:03:01.245 - Current Subscribers: 
bid     | ((8i;`);(10i;`);(12i;`))
quote   | ((8i;`);(10i;`);(12i;`))
statsTab| ((9i;`);(12i;`))

00:03:02.243 - Records Processed 1148
00:03:02.244 - Current Subscribers: 
bid     | ((8i;`);(10i;`);(12i;`))
quote   | ((8i;`);(10i;`);(12i;`))
statsTab| ((9i;`);(12i;`))

00:03:03.244 - Records Processed 1150
00:03:03.244 - Current Subscribers: 
bid     | ((8i;`);(10i;`);(12i;`))
quote   | ((8i;`);(10i;`);(12i;`))
statsTab| ((9i;`);(12i;`))

00:03:04.244 - Records Processed 1152
00:03:04.245 - Current Subscribers: 
bid     | ((8i;`);(10i;`);(12i;`))
quote   | ((8i;`);(10i;`);(12i;`))
statsTab| ((9i;`);(12i;`))

00:03:05.244 - Records Processed 1154
00:03:05.244 - Current Subscribers: 
bid     | ((8i;`);(10i;`);(12i;`))
quote   | ((8i;`);(10i;`);(12i;`))
statsTab| ((9i;`);(12i;`))

00:03:06.244 - Records Processed 1156
00:03:06.244 - Current Subscribers: 
bid     | ((8i;`);(10i;`);(12i;`))
quote   | ((8i;`);(10i;`);(12i;`))
statsTab| ((9i;`);(12i;`))

00:03:07.243 - Records Processed 1158
00:03:07.244 - Current Subscribers: 
bid     | ((8i;`);(10i;`);(12i;`))
quote   | ((8i;`);(10i;`);(12i;`))
statsTab| ((9i;`);(12i;`))

00:03:08.244 - Records Processed 1160
00:03:08.244 - Current Subscribers: 
bid     | ((8i;`);(10i;`);(12i;`))
quote   | ((8i;`);(10i;`);(12i;`))
statsTab| ((9i;`);(12i;`))

00:03:09.244 - Records Processed 1162
00:03:09.245 - Current Subscribers: 
bid     | ((8i;`);(10i;`);(12i;`))
quote   | ((8i;`);(10i;`);(12i;`))
statsTab| ((9i;`);(12i;`))

00:03:10.243 - Records Processed 1164
00:03:10.244 - Current Subscribers: 
bid     | ((8i;`);(10i;`);(12i;`))
quote   | ((8i;`);(10i;`);(12i;`))
statsTab| ((9i;`);(12i;`))

00:03:11.244 - Records Processed 1166
00:03:11.244 - Current Subscribers: 
bid     | ((8i;`);(10i;`);(12i;`))
quote   | ((8i;`);(10i;`);(12i;`))
statsTab| ((9i;`);(12i;`))

00:03:12.244 - Records Processed 1168
00:03:12.244 - Current Subscribers: 
bid     | ((8i;`);(10i;`);(12i;`))
quote   | ((8i;`);(10i;`);(12i;`))
statsTab| ((9i;`);(12i;`))

00:03:13.243 - Records Processed 1170
00:03:13.244 - Current Subscribers: 
bid     | ((8i;`);(10i;`);(12i;`))
quote   | ((8i;`);(10i;`);(12i;`))
statsTab| ((9i;`);(12i;`))

00:03:14.244 - Records Processed 1172
00:03:14.245 - Current Subscribers: 
bid     | ((8i;`);(10i;`);(12i;`))
quote   | ((8i;`);(10i;`);(12i;`))
statsTab| ((9i;`);(12i;`))

00:03:15.243 - Records Processed 1174
00:03:15.244 - Current Subscribers: 
bid     | ((8i;`);(10i;`);(12i;`))
quote   | ((8i;`);(10i;`);(12i;`))
statsTab| ((9i;`);(12i;`))

00:03:16.244 - Records Processed 1176
00:03:16.245 - Current Subscribers: 
bid     | ((8i;`);(10i;`);(12i;`))
quote   | ((8i;`);(10i;`);(12i;`))
statsTab| ((9i;`);(12i;`))

00:03:17.243 - Records Processed 1178
00:03:17.244 - Current Subscribers: 
bid     | ((8i;`);(10i;`);(12i;`))
quote   | ((8i;`);(10i;`);(12i;`))
statsTab| ((9i;`);(12i;`))

00:03:18.244 - Records Processed 1180
00:03:18.244 - Current Subscribers: 
bid     | ((8i;`);(10i;`);(12i;`))
quote   | ((8i;`);(10i;`);(12i;`))
statsTab| ((9i;`);(12i;`))

00:03:19.244 - Records Processed 1182
00:03:19.245 - Current Subscribers: 
bid     | ((8i;`);(10i;`);(12i;`))
quote   | ((8i;`);(10i;`);(12i;`))
statsTab| ((9i;`);(12i;`))

00:03:20.244 - Records Processed 1184
00:03:20.245 - Current Subscribers: 
bid     | ((8i;`);(10i;`);(12i;`))
quote   | ((8i;`);(10i;`);(12i;`))
statsTab| ((9i;`);(12i;`))

00:03:21.243 - Records Processed 1186
00:03:21.244 - Current Subscribers: 
bid     | ((8i;`);(10i;`);(12i;`))
quote   | ((8i;`);(10i;`);(12i;`))
statsTab| ((9i;`);(12i;`))

00:03:22.244 - Records Processed 1188
00:03:22.244 - Current Subscribers: 
bid     | ((8i;`);(10i;`);(12i;`))
quote   | ((8i;`);(10i;`);(12i;`))
statsTab| ((9i;`);(12i;`))

00:03:23.244 - Records Processed 1190
00:03:23.245 - Current Subscribers: 
bid     | ((8i;`);(10i;`);(12i;`))
quote   | ((8i;`);(10i;`);(12i;`))
statsTab| ((9i;`);(12i;`))

00:03:24.243 - Records Processed 1192
00:03:24.244 - Current Subscribers: 
bid     | ((8i;`);(10i;`);(12i;`))
quote   | ((8i;`);(10i;`);(12i;`))
statsTab| ((9i;`);(12i;`))

00:03:25.244 - Records Processed 1194
00:03:25.244 - Current Subscribers: 
bid     | ((8i;`);(10i;`);(12i;`))
quote   | ((8i;`);(10i;`);(12i;`))
statsTab| ((9i;`);(12i;`))

00:03:26.244 - Records Processed 1196
00:03:26.244 - Current Subscribers: 
bid     | ((8i;`);(10i;`);(12i;`))
quote   | ((8i;`);(10i;`);(12i;`))
statsTab| ((9i;`);(12i;`))

00:03:27.244 - Records Processed 1198
00:03:27.244 - Current Subscribers: 
bid     | ((8i;`);(10i;`);(12i;`))
quote   | ((8i;`);(10i;`);(12i;`))
statsTab| ((9i;`);(12i;`))

00:03:28.244 - Records Processed 1200
00:03:28.244 - Current Subscribers: 
bid     | ((8i;`);(10i;`);(12i;`))
quote   | ((8i;`);(10i;`);(12i;`))
statsTab| ((9i;`);(12i;`))

00:03:29.244 - Records Processed 1202
00:03:29.245 - Current Subscribers: 
bid     | ((8i;`);(10i;`);(12i;`))
quote   | ((8i;`);(10i;`);(12i;`))
statsTab| ((9i;`);(12i;`))

00:03:30.244 - Records Processed 1204
00:03:30.245 - Current Subscribers: 
bid     | ((8i;`);(10i;`);(12i;`))
quote   | ((8i;`);(10i;`);(12i;`))
statsTab| ((9i;`);(12i;`))

00:03:31.243 - Records Processed 1206
00:03:31.244 - Current Subscribers: 
bid     | ((8i;`);(10i;`);(12i;`))
quote   | ((8i;`);(10i;`);(12i;`))
statsTab| ((9i;`);(12i;`))

