11:24:57.614 - Records Processed 88
11:24:57.614 - Current Subscribers: 
bid     | 
quote   | 
statsTab| 

11:24:58.615 - Records Processed 88
11:24:58.615 - Current Subscribers: 
bid     | 
quote   | 
statsTab| 

11:24:59.614 - Records Processed 88
11:24:59.615 - Current Subscribers: 
bid     | 
quote   | 
statsTab| 

11:25:00.614 - Records Processed 88
11:25:00.615 - Current Subscribers: 
bid     | 
quote   | 
statsTab| 

11:25:01.616 - Records Processed 88
11:25:01.617 - Current Subscribers: 
bid     | 
quote   | 
statsTab| 

11:25:02.615 - Records Processed 89
11:25:02.615 - Current Subscribers: 
bid     | 
quote   | 
statsTab| 

11:25:03.614 - Records Processed 90
11:25:03.615 - Current Subscribers: 
bid     | 
quote   | 
statsTab| 

11:25:04.615 - Records Processed 91
11:25:04.615 - Current Subscribers: 
bid     | 
quote   | 
statsTab| 

11:25:05.614 - Records Processed 92
11:25:05.615 - Current Subscribers: 
bid     | 
quote   | 
statsTab| 

11:25:06.615 - Records Processed 93
11:25:06.615 - Current Subscribers: 
bid     | 
quote   | 
statsTab| 

11:25:07.615 - Records Processed 94
11:25:07.615 - Current Subscribers: 
bid     | 
quote   | 
statsTab| 

11:25:08.614 - Records Processed 95
11:25:08.614 - Current Subscribers: 
bid     | 
quote   | 
statsTab| 

11:25:09.615 - Records Processed 95
11:25:09.615 - Current Subscribers: 
bid     | 
quote   | 
statsTab| 

11:25:10.614 - Records Processed 95
11:25:10.615 - Current Subscribers: 
bid     | 
quote   | 
statsTab| 

