10:58:26.465 - Records Processed 422
10:58:26.465 - Current Subscribers: 
bid     | 
quote   | 
statsTab| 

10:58:27.467 - Records Processed 422
10:58:27.467 - Current Subscribers: 
bid     | 
quote   | 
statsTab| 

10:58:28.467 - Records Processed 422
10:58:28.468 - Current Subscribers: 
bid     | 
quote   | 
statsTab| 

10:58:29.467 - Records Processed 422
10:58:29.467 - Current Subscribers: 
bid     | 
quote   | 
statsTab| 

10:58:35.111 - Records Processed 422
10:58:35.111 - Current Subscribers: 
bid     | ,(8i;`)
quote   | ,(8i;`)
statsTab| ()

10:58:36.466 - Records Processed 422
10:58:36.467 - Current Subscribers: 
bid     | ,(8i;`)
quote   | ,(8i;`)
statsTab| ()

10:58:37.468 - Records Processed 422
10:58:37.469 - Current Subscribers: 
bid     | ,(8i;`)
quote   | ,(8i;`)
statsTab| ()

10:58:38.469 - Records Processed 422
10:58:38.469 - Current Subscribers: 
bid     | ,(8i;`)
quote   | ,(8i;`)
statsTab| ()

10:58:39.467 - Records Processed 422
10:58:39.468 - Current Subscribers: 
bid     | ,(8i;`)
quote   | ,(8i;`)
statsTab| ()

