12:37:12.999 - Records Processed 1943
12:37:12.999 - Current Subscribers: 
bid     | 
quote   | 
statsTab| 

12:37:14.001 - Records Processed 1943
12:37:14.001 - Current Subscribers: 
bid     | 
quote   | 
statsTab| 

12:37:15.001 - Records Processed 1943
12:37:15.001 - Current Subscribers: 
bid     | 
quote   | 
statsTab| 

12:37:16.001 - Records Processed 1943
12:37:16.001 - Current Subscribers: 
bid     | 
quote   | 
statsTab| 

12:37:17.001 - Records Processed 1943
12:37:17.001 - Current Subscribers: 
bid     | 
quote   | 
statsTab| 

12:37:18.001 - Records Processed 1943
12:37:18.002 - Current Subscribers: 
bid     | 
quote   | 
statsTab| 

12:37:19.001 - Records Processed 1943
12:37:19.001 - Current Subscribers: 
bid     | 
quote   | 
statsTab| 

12:37:20.001 - Records Processed 1943
12:37:20.001 - Current Subscribers: 
bid     | 
quote   | 
statsTab| 

12:37:21.002 - Records Processed 1943
12:37:21.002 - Current Subscribers: 
bid     | 
quote   | 
statsTab| 

12:37:22.001 - Records Processed 1943
12:37:22.001 - Current Subscribers: 
bid     | 
quote   | 
statsTab| 

12:37:23.001 - Records Processed 1943
12:37:23.002 - Current Subscribers: 
bid     | 
quote   | 
statsTab| 

12:37:24.001 - Records Processed 1943
12:37:24.002 - Current Subscribers: 
bid     | 
quote   | 
statsTab| 

12:37:25.001 - Records Processed 1943
12:37:25.002 - Current Subscribers: 
bid     | 
quote   | 
statsTab| 

12:37:26.001 - Records Processed 1943
12:37:26.001 - Current Subscribers: 
bid     | 
quote   | 
statsTab| 

12:37:27.001 - Records Processed 1943
12:37:27.002 - Current Subscribers: 
bid     | 
quote   | 
statsTab| 

12:37:28.001 - Records Processed 1943
12:37:28.001 - Current Subscribers: 
bid     | 
quote   | 
statsTab| 

12:37:29.001 - Records Processed 1943
12:37:29.002 - Current Subscribers: 
bid     | 
quote   | 
statsTab| 

12:37:30.000 - Records Processed 1943
12:37:30.001 - Current Subscribers: 
bid     | 
quote   | 
statsTab| 

12:37:31.001 - Records Processed 1943
12:37:31.002 - Current Subscribers: 
bid     | 
quote   | 
statsTab| 

12:37:32.002 - Records Processed 1943
12:37:32.002 - Current Subscribers: 
bid     | 
quote   | 
statsTab| 

12:37:33.001 - Records Processed 1943
12:37:33.002 - Current Subscribers: 
bid     | 
quote   | 
statsTab| 

12:37:34.001 - Records Processed 1943
12:37:34.002 - Current Subscribers: 
bid     | 
quote   | 
statsTab| 

12:37:35.000 - Records Processed 1943
12:37:35.001 - Current Subscribers: 
bid     | 
quote   | 
statsTab| 

12:37:36.001 - Records Processed 1943
12:37:36.001 - Current Subscribers: 
bid     | 
quote   | 
statsTab| 

12:37:37.002 - Records Processed 1943
12:37:37.002 - Current Subscribers: 
bid     | 
quote   | 
statsTab| 

12:37:38.001 - Records Processed 1943
12:37:38.002 - Current Subscribers: 
bid     | 
quote   | 
statsTab| 

12:37:39.001 - Records Processed 1943
12:37:39.001 - Current Subscribers: 
bid     | 
quote   | 
statsTab| 

12:37:40.001 - Records Processed 1943
12:37:40.001 - Current Subscribers: 
bid     | 
quote   | 
statsTab| 

12:37:41.000 - Records Processed 1943
12:37:41.001 - Current Subscribers: 
bid     | 
quote   | 
statsTab| 

12:37:42.002 - Records Processed 1943
12:37:42.002 - Current Subscribers: 
bid     | 
quote   | 
statsTab| 

12:37:43.001 - Records Processed 1943
12:37:43.001 - Current Subscribers: 
bid     | 
quote   | 
statsTab| 

12:37:44.000 - Records Processed 1943
12:37:44.000 - Current Subscribers: 
bid     | 
quote   | 
statsTab| 

12:37:45.002 - Records Processed 1943
12:37:45.002 - Current Subscribers: 
bid     | 
quote   | 
statsTab| 

12:37:46.001 - Records Processed 1943
12:37:46.001 - Current Subscribers: 
bid     | 
quote   | 
statsTab| 

12:37:47.001 - Records Processed 1943
12:37:47.001 - Current Subscribers: 
bid     | 
quote   | 
statsTab| 

12:37:48.001 - Records Processed 1943
12:37:48.001 - Current Subscribers: 
bid     | 
quote   | 
statsTab| 

12:37:49.001 - Records Processed 1943
12:37:49.001 - Current Subscribers: 
bid     | 
quote   | 
statsTab| 

12:37:50.000 - Records Processed 1943
12:37:50.001 - Current Subscribers: 
bid     | 
quote   | 
statsTab| 

12:37:51.001 - Records Processed 1943
12:37:51.001 - Current Subscribers: 
bid     | 
quote   | 
statsTab| 

12:37:52.002 - Records Processed 1943
12:37:52.002 - Current Subscribers: 
bid     | 
quote   | 
statsTab| 

12:37:53.001 - Records Processed 1943
12:37:53.001 - Current Subscribers: 
bid     | 
quote   | 
statsTab| 

12:37:54.000 - Records Processed 1943
12:37:54.001 - Current Subscribers: 
bid     | 
quote   | 
statsTab| 

12:37:55.000 - Records Processed 1943
12:37:55.001 - Current Subscribers: 
bid     | 
quote   | 
statsTab| 

12:37:56.002 - Records Processed 1943
12:37:56.002 - Current Subscribers: 
bid     | 
quote   | 
statsTab| 

12:37:57.002 - Records Processed 1943
12:37:57.002 - Current Subscribers: 
bid     | 
quote   | 
statsTab| 

12:37:58.000 - Records Processed 1943
12:37:58.000 - Current Subscribers: 
bid     | 
quote   | 
statsTab| 

12:37:59.001 - Records Processed 1943
12:37:59.001 - Current Subscribers: 
bid     | 
quote   | 
statsTab| 

12:38:00.000 - Records Processed 1943
12:38:00.001 - Current Subscribers: 
bid     | 
quote   | 
statsTab| 

12:38:01.001 - Records Processed 1943
12:38:01.001 - Current Subscribers: 
bid     | 
quote   | 
statsTab| 

12:38:02.001 - Records Processed 1943
12:38:02.001 - Current Subscribers: 
bid     | 
quote   | 
statsTab| 

12:38:03.001 - Records Processed 1943
12:38:03.001 - Current Subscribers: 
bid     | 
quote   | 
statsTab| 

12:38:04.001 - Records Processed 1943
12:38:04.001 - Current Subscribers: 
bid     | 
quote   | 
statsTab| 

12:38:05.000 - Records Processed 1943
12:38:05.001 - Current Subscribers: 
bid     | 
quote   | 
statsTab| 

12:38:06.001 - Records Processed 1943
12:38:06.001 - Current Subscribers: 
bid     | 
quote   | 
statsTab| 

12:38:07.001 - Records Processed 1943
12:38:07.001 - Current Subscribers: 
bid     | 
quote   | 
statsTab| 

12:38:08.002 - Records Processed 1943
12:38:08.002 - Current Subscribers: 
bid     | 
quote   | 
statsTab| 

12:38:09.000 - Records Processed 1943
12:38:09.000 - Current Subscribers: 
bid     | 
quote   | 
statsTab| 

12:38:10.001 - Records Processed 1943
12:38:10.001 - Current Subscribers: 
bid     | 
quote   | 
statsTab| 

12:38:11.001 - Records Processed 1943
12:38:11.001 - Current Subscribers: 
bid     | 
quote   | 
statsTab| 

12:38:12.002 - Records Processed 1943
12:38:12.003 - Current Subscribers: 
bid     | 
quote   | 
statsTab| 

12:38:13.002 - Records Processed 1943
12:38:13.002 - Current Subscribers: 
bid     | 
quote   | 
statsTab| 

12:38:14.001 - Records Processed 1943
12:38:14.001 - Current Subscribers: 
bid     | 
quote   | 
statsTab| 

12:38:15.001 - Records Processed 1943
12:38:15.001 - Current Subscribers: 
bid     | 
quote   | 
statsTab| 

12:38:16.001 - Records Processed 1943
12:38:16.002 - Current Subscribers: 
bid     | 
quote   | 
statsTab| 

12:38:17.002 - Records Processed 1943
12:38:17.003 - Current Subscribers: 
bid     | 
quote   | 
statsTab| 

12:38:18.000 - Records Processed 1943
12:38:18.001 - Current Subscribers: 
bid     | 
quote   | 
statsTab| 

12:38:19.000 - Records Processed 1943
12:38:19.001 - Current Subscribers: 
bid     | 
quote   | 
statsTab| 

12:38:20.001 - Records Processed 1943
12:38:20.002 - Current Subscribers: 
bid     | 
quote   | 
statsTab| 

12:38:21.001 - Records Processed 1943
12:38:21.001 - Current Subscribers: 
bid     | 
quote   | 
statsTab| 

12:38:22.001 - Records Processed 1943
12:38:22.002 - Current Subscribers: 
bid     | 
quote   | 
statsTab| 

12:38:23.001 - Records Processed 1943
12:38:23.001 - Current Subscribers: 
bid     | 
quote   | 
statsTab| 

12:38:24.001 - Records Processed 1943
12:38:24.001 - Current Subscribers: 
bid     | 
quote   | 
statsTab| 

12:38:25.001 - Records Processed 1943
12:38:25.001 - Current Subscribers: 
bid     | 
quote   | 
statsTab| 

12:38:26.001 - Records Processed 1943
12:38:26.001 - Current Subscribers: 
bid     | 
quote   | 
statsTab| 

12:38:27.002 - Records Processed 1943
12:38:27.002 - Current Subscribers: 
bid     | 
quote   | 
statsTab| 

12:38:28.002 - Records Processed 1943
12:38:28.002 - Current Subscribers: 
bid     | 
quote   | 
statsTab| 

12:38:29.002 - Records Processed 1943
12:38:29.002 - Current Subscribers: 
bid     | 
quote   | 
statsTab| 

12:38:30.001 - Records Processed 1943
12:38:30.002 - Current Subscribers: 
bid     | 
quote   | 
statsTab| 

12:38:31.001 - Records Processed 1943
12:38:31.001 - Current Subscribers: 
bid     | 
quote   | 
statsTab| 

12:38:32.002 - Records Processed 1943
12:38:32.002 - Current Subscribers: 
bid     | 
quote   | 
statsTab| 

12:38:33.001 - Records Processed 1943
12:38:33.001 - Current Subscribers: 
bid     | 
quote   | 
statsTab| 

12:38:34.001 - Records Processed 1943
12:38:34.001 - Current Subscribers: 
bid     | 
quote   | 
statsTab| 

12:38:35.000 - Records Processed 1943
12:38:35.001 - Current Subscribers: 
bid     | 
quote   | 
statsTab| 

12:38:36.001 - Records Processed 1943
12:38:36.001 - Current Subscribers: 
bid     | 
quote   | 
statsTab| 

12:38:37.002 - Records Processed 1943
12:38:37.003 - Current Subscribers: 
bid     | 
quote   | 
statsTab| 

12:38:38.003 - Records Processed 1943
12:38:38.003 - Current Subscribers: 
bid     | 
quote   | 
statsTab| 

12:38:39.001 - Records Processed 1943
12:38:39.001 - Current Subscribers: 
bid     | 
quote   | 
statsTab| 

12:38:40.001 - Records Processed 1943
12:38:40.001 - Current Subscribers: 
bid     | 
quote   | 
statsTab| 

12:38:41.001 - Records Processed 1943
12:38:41.001 - Current Subscribers: 
bid     | 
quote   | 
statsTab| 

12:38:42.002 - Records Processed 1943
12:38:42.002 - Current Subscribers: 
bid     | 
quote   | 
statsTab| 

12:38:43.001 - Records Processed 1943
12:38:43.002 - Current Subscribers: 
bid     | 
quote   | 
statsTab| 

12:38:44.001 - Records Processed 1943
12:38:44.002 - Current Subscribers: 
bid     | 
quote   | 
statsTab| 

12:38:45.001 - Records Processed 1943
12:38:45.001 - Current Subscribers: 
bid     | 
quote   | 
statsTab| 

12:38:46.001 - Records Processed 1943
12:38:46.002 - Current Subscribers: 
bid     | 
quote   | 
statsTab| 

12:38:47.002 - Records Processed 1943
12:38:47.002 - Current Subscribers: 
bid     | 
quote   | 
statsTab| 

12:38:48.001 - Records Processed 1943
12:38:48.001 - Current Subscribers: 
bid     | 
quote   | 
statsTab| 

12:38:49.001 - Records Processed 1943
12:38:49.002 - Current Subscribers: 
bid     | 
quote   | 
statsTab| 

12:38:50.000 - Records Processed 1943
12:38:50.000 - Current Subscribers: 
bid     | 
quote   | 
statsTab| 

12:38:51.001 - Records Processed 1943
12:38:51.001 - Current Subscribers: 
bid     | 
quote   | 
statsTab| 

12:38:52.001 - Records Processed 1943
12:38:52.001 - Current Subscribers: 
bid     | 
quote   | 
statsTab| 

12:38:53.001 - Records Processed 1943
12:38:53.001 - Current Subscribers: 
bid     | 
quote   | 
statsTab| 

12:38:54.000 - Records Processed 1943
12:38:54.000 - Current Subscribers: 
bid     | 
quote   | 
statsTab| 

12:38:55.001 - Records Processed 1943
12:38:55.001 - Current Subscribers: 
bid     | 
quote   | 
statsTab| 

12:38:56.000 - Records Processed 1943
12:38:56.001 - Current Subscribers: 
bid     | 
quote   | 
statsTab| 

12:38:57.002 - Records Processed 1943
12:38:57.002 - Current Subscribers: 
bid     | 
quote   | 
statsTab| 

12:38:58.001 - Records Processed 1943
12:38:58.001 - Current Subscribers: 
bid     | 
quote   | 
statsTab| 

12:38:59.001 - Records Processed 1943
12:38:59.001 - Current Subscribers: 
bid     | 
quote   | 
statsTab| 

12:39:00.000 - Records Processed 1943
12:39:00.000 - Current Subscribers: 
bid     | 
quote   | 
statsTab| 

12:39:01.001 - Records Processed 1943
12:39:01.001 - Current Subscribers: 
bid     | 
quote   | 
statsTab| 

12:39:02.003 - Records Processed 1943
12:39:02.003 - Current Subscribers: 
bid     | 
quote   | 
statsTab| 

12:39:03.001 - Records Processed 1943
12:39:03.001 - Current Subscribers: 
bid     | 
quote   | 
statsTab| 

12:39:04.001 - Records Processed 1943
12:39:04.001 - Current Subscribers: 
bid     | 
quote   | 
statsTab| 

12:39:05.001 - Records Processed 1943
12:39:05.001 - Current Subscribers: 
bid     | 
quote   | 
statsTab| 

12:39:06.000 - Records Processed 1943
12:39:06.001 - Current Subscribers: 
bid     | 
quote   | 
statsTab| 

12:39:07.002 - Records Processed 1943
12:39:07.003 - Current Subscribers: 
bid     | 
quote   | 
statsTab| 

12:39:08.002 - Records Processed 1943
12:39:08.002 - Current Subscribers: 
bid     | 
quote   | 
statsTab| 

12:39:09.001 - Records Processed 1943
12:39:09.001 - Current Subscribers: 
bid     | 
quote   | 
statsTab| 

12:39:10.001 - Records Processed 1943
12:39:10.001 - Current Subscribers: 
bid     | 
quote   | 
statsTab| 

12:39:11.001 - Records Processed 1943
12:39:11.001 - Current Subscribers: 
bid     | 
quote   | 
statsTab| 

12:39:12.002 - Records Processed 1943
12:39:12.002 - Current Subscribers: 
bid     | 
quote   | 
statsTab| 

12:39:13.001 - Records Processed 1943
12:39:13.001 - Current Subscribers: 
bid     | 
quote   | 
statsTab| 

12:39:14.001 - Records Processed 1943
12:39:14.002 - Current Subscribers: 
bid     | 
quote   | 
statsTab| 

12:39:15.002 - Records Processed 1943
12:39:15.002 - Current Subscribers: 
bid     | 
quote   | 
statsTab| 

12:39:16.001 - Records Processed 1943
12:39:16.001 - Current Subscribers: 
bid     | 
quote   | 
statsTab| 

12:39:17.002 - Records Processed 1943
12:39:17.003 - Current Subscribers: 
bid     | 
quote   | 
statsTab| 

12:39:18.001 - Records Processed 1943
12:39:18.001 - Current Subscribers: 
bid     | 
quote   | 
statsTab| 

12:39:19.001 - Records Processed 1943
12:39:19.001 - Current Subscribers: 
bid     | 
quote   | 
statsTab| 

12:39:20.001 - Records Processed 1943
12:39:20.001 - Current Subscribers: 
bid     | 
quote   | 
statsTab| 

12:39:21.001 - Records Processed 1943
12:39:21.001 - Current Subscribers: 
bid     | 
quote   | 
statsTab| 

12:39:22.002 - Records Processed 1943
12:39:22.002 - Current Subscribers: 
bid     | 
quote   | 
statsTab| 

12:39:23.001 - Records Processed 1943
12:39:23.001 - Current Subscribers: 
bid     | 
quote   | 
statsTab| 

12:39:24.001 - Records Processed 1943
12:39:24.001 - Current Subscribers: 
bid     | 
quote   | 
statsTab| 

12:39:25.001 - Records Processed 1943
12:39:25.001 - Current Subscribers: 
bid     | 
quote   | 
statsTab| 

12:39:26.001 - Records Processed 1943
12:39:26.001 - Current Subscribers: 
bid     | 
quote   | 
statsTab| 

12:39:27.002 - Records Processed 1943
12:39:27.002 - Current Subscribers: 
bid     | 
quote   | 
statsTab| 

12:39:28.001 - Records Processed 1943
12:39:28.001 - Current Subscribers: 
bid     | 
quote   | 
statsTab| 

12:39:29.001 - Records Processed 1943
12:39:29.001 - Current Subscribers: 
bid     | 
quote   | 
statsTab| 

12:39:30.001 - Records Processed 1943
12:39:30.002 - Current Subscribers: 
bid     | 
quote   | 
statsTab| 

12:39:31.001 - Records Processed 1943
12:39:31.001 - Current Subscribers: 
bid     | 
quote   | 
statsTab| 

12:39:32.001 - Records Processed 1943
12:39:32.002 - Current Subscribers: 
bid     | 
quote   | 
statsTab| 

12:39:33.001 - Records Processed 1943
12:39:33.001 - Current Subscribers: 
bid     | 
quote   | 
statsTab| 

12:39:34.002 - Records Processed 1943
12:39:34.002 - Current Subscribers: 
bid     | 
quote   | 
statsTab| 

12:39:35.001 - Records Processed 1943
12:39:35.001 - Current Subscribers: 
bid     | 
quote   | 
statsTab| 

12:39:36.002 - Records Processed 1943
12:39:36.003 - Current Subscribers: 
bid     | 
quote   | 
statsTab| 

12:39:37.000 - Records Processed 1943
12:39:37.000 - Current Subscribers: 
bid     | 
quote   | 
statsTab| 

12:39:38.002 - Records Processed 1943
12:39:38.002 - Current Subscribers: 
bid     | 
quote   | 
statsTab| 

12:39:39.001 - Records Processed 1943
12:39:39.001 - Current Subscribers: 
bid     | 
quote   | 
statsTab| 

12:39:40.001 - Records Processed 1943
12:39:40.001 - Current Subscribers: 
bid     | 
quote   | 
statsTab| 

12:39:41.001 - Records Processed 1943
12:39:41.001 - Current Subscribers: 
bid     | 
quote   | 
statsTab| 

12:39:42.004 - Records Processed 1943
12:39:42.004 - Current Subscribers: 
bid     | 
quote   | 
statsTab| 

12:39:43.001 - Records Processed 1943
12:39:43.002 - Current Subscribers: 
bid     | 
quote   | 
statsTab| 

12:39:44.001 - Records Processed 1943
12:39:44.001 - Current Subscribers: 
bid     | 
quote   | 
statsTab| 

12:39:45.001 - Records Processed 1943
12:39:45.002 - Current Subscribers: 
bid     | 
quote   | 
statsTab| 

12:39:46.001 - Records Processed 1943
12:39:46.001 - Current Subscribers: 
bid     | 
quote   | 
statsTab| 

12:39:47.002 - Records Processed 1943
12:39:47.002 - Current Subscribers: 
bid     | 
quote   | 
statsTab| 

12:39:48.001 - Records Processed 1943
12:39:48.001 - Current Subscribers: 
bid     | 
quote   | 
statsTab| 

12:39:49.001 - Records Processed 1943
12:39:49.001 - Current Subscribers: 
bid     | 
quote   | 
statsTab| 

12:39:50.001 - Records Processed 1943
12:39:50.001 - Current Subscribers: 
bid     | 
quote   | 
statsTab| 

12:39:51.001 - Records Processed 1943
12:39:51.001 - Current Subscribers: 
bid     | 
quote   | 
statsTab| 

12:39:52.003 - Records Processed 1943
12:39:52.003 - Current Subscribers: 
bid     | 
quote   | 
statsTab| 

12:39:53.001 - Records Processed 1943
12:39:53.001 - Current Subscribers: 
bid     | 
quote   | 
statsTab| 

12:39:54.002 - Records Processed 1943
12:39:54.002 - Current Subscribers: 
bid     | 
quote   | 
statsTab| 

12:39:55.002 - Records Processed 1943
12:39:55.002 - Current Subscribers: 
bid     | 
quote   | 
statsTab| 

12:39:56.001 - Records Processed 1943
12:39:56.001 - Current Subscribers: 
bid     | 
quote   | 
statsTab| 

12:39:57.002 - Records Processed 1943
12:39:57.002 - Current Subscribers: 
bid     | 
quote   | 
statsTab| 

12:39:58.001 - Records Processed 1943
12:39:58.002 - Current Subscribers: 
bid     | 
quote   | 
statsTab| 

12:39:59.001 - Records Processed 1943
12:39:59.001 - Current Subscribers: 
bid     | 
quote   | 
statsTab| 

12:40:00.000 - Records Processed 1943
12:40:00.001 - Current Subscribers: 
bid     | 
quote   | 
statsTab| 

12:40:01.001 - Records Processed 1943
12:40:01.001 - Current Subscribers: 
bid     | 
quote   | 
statsTab| 

12:40:02.001 - Records Processed 1943
12:40:02.001 - Current Subscribers: 
bid     | 
quote   | 
statsTab| 

12:40:03.002 - Records Processed 1943
12:40:03.003 - Current Subscribers: 
bid     | 
quote   | 
statsTab| 

12:40:04.001 - Records Processed 1943
12:40:04.001 - Current Subscribers: 
bid     | 
quote   | 
statsTab| 

12:40:05.001 - Records Processed 1943
12:40:05.001 - Current Subscribers: 
bid     | 
quote   | 
statsTab| 

12:40:06.001 - Records Processed 1943
12:40:06.001 - Current Subscribers: 
bid     | 
quote   | 
statsTab| 

12:40:07.001 - Records Processed 1943
12:40:07.002 - Current Subscribers: 
bid     | 
quote   | 
statsTab| 

12:40:08.003 - Records Processed 1943
12:40:08.003 - Current Subscribers: 
bid     | 
quote   | 
statsTab| 

12:40:09.000 - Records Processed 1943
12:40:09.001 - Current Subscribers: 
bid     | 
quote   | 
statsTab| 

12:40:10.001 - Records Processed 1943
12:40:10.001 - Current Subscribers: 
bid     | 
quote   | 
statsTab| 

12:40:11.001 - Records Processed 1943
12:40:11.001 - Current Subscribers: 
bid     | 
quote   | 
statsTab| 

12:40:12.001 - Records Processed 1943
12:40:12.001 - Current Subscribers: 
bid     | 
quote   | 
statsTab| 

12:40:13.002 - Records Processed 1943
12:40:13.005 - Current Subscribers: 
bid     | 
quote   | 
statsTab| 

12:40:14.003 - Records Processed 1943
12:40:14.003 - Current Subscribers: 
bid     | 
quote   | 
statsTab| 

12:40:15.001 - Records Processed 1943
12:40:15.001 - Current Subscribers: 
bid     | 
quote   | 
statsTab| 

12:40:16.001 - Records Processed 1943
12:40:16.001 - Current Subscribers: 
bid     | 
quote   | 
statsTab| 

12:40:17.001 - Records Processed 1943
12:40:17.002 - Current Subscribers: 
bid     | 
quote   | 
statsTab| 

12:40:18.001 - Records Processed 1943
12:40:18.001 - Current Subscribers: 
bid     | 
quote   | 
statsTab| 

12:40:19.001 - Records Processed 1943
12:40:19.001 - Current Subscribers: 
bid     | 
quote   | 
statsTab| 

12:40:20.001 - Records Processed 1943
12:40:20.001 - Current Subscribers: 
bid     | 
quote   | 
statsTab| 

12:40:21.001 - Records Processed 1943
12:40:21.002 - Current Subscribers: 
bid     | 
quote   | 
statsTab| 

12:40:22.001 - Records Processed 1943
12:40:22.001 - Current Subscribers: 
bid     | 
quote   | 
statsTab| 

12:40:23.002 - Records Processed 1943
12:40:23.002 - Current Subscribers: 
bid     | 
quote   | 
statsTab| 

12:40:24.002 - Records Processed 1943
12:40:24.002 - Current Subscribers: 
bid     | 
quote   | 
statsTab| 

12:40:25.001 - Records Processed 1943
12:40:25.001 - Current Subscribers: 
bid     | 
quote   | 
statsTab| 

12:40:26.000 - Records Processed 1943
12:40:26.000 - Current Subscribers: 
bid     | 
quote   | 
statsTab| 

12:40:27.001 - Records Processed 1943
12:40:27.001 - Current Subscribers: 
bid     | 
quote   | 
statsTab| 

12:40:28.002 - Records Processed 1943
12:40:28.003 - Current Subscribers: 
bid     | 
quote   | 
statsTab| 

12:40:29.001 - Records Processed 1943
12:40:29.001 - Current Subscribers: 
bid     | 
quote   | 
statsTab| 

12:40:30.001 - Records Processed 1943
12:40:30.001 - Current Subscribers: 
bid     | 
quote   | 
statsTab| 

12:40:31.006 - Records Processed 1943
12:40:31.006 - Current Subscribers: 
bid     | 
quote   | 
statsTab| 

12:40:32.001 - Records Processed 1943
12:40:32.001 - Current Subscribers: 
bid     | 
quote   | 
statsTab| 

12:40:33.002 - Records Processed 1943
12:40:33.002 - Current Subscribers: 
bid     | 
quote   | 
statsTab| 

12:40:34.001 - Records Processed 1943
12:40:34.001 - Current Subscribers: 
bid     | 
quote   | 
statsTab| 

12:40:35.001 - Records Processed 1943
12:40:35.001 - Current Subscribers: 
bid     | 
quote   | 
statsTab| 

12:40:36.001 - Records Processed 1943
12:40:36.002 - Current Subscribers: 
bid     | 
quote   | 
statsTab| 

12:40:37.001 - Records Processed 1943
12:40:37.001 - Current Subscribers: 
bid     | 
quote   | 
statsTab| 

12:40:38.002 - Records Processed 1943
12:40:38.002 - Current Subscribers: 
bid     | 
quote   | 
statsTab| 

12:40:39.001 - Records Processed 1943
12:40:39.001 - Current Subscribers: 
bid     | 
quote   | 
statsTab| 

12:40:40.001 - Records Processed 1943
12:40:40.002 - Current Subscribers: 
bid     | ()
quote   | ()
statsTab| ,(8i;`)

12:40:41.003 - Records Processed 1943
12:40:41.003 - Current Subscribers: 
bid     | ()
quote   | ()
statsTab| ,(8i;`)

12:40:42.001 - Records Processed 1943
12:40:42.001 - Current Subscribers: 
bid     | ()
quote   | ()
statsTab| ,(8i;`)

12:40:43.002 - Records Processed 1943
12:40:43.002 - Current Subscribers: 
bid     | ()
quote   | ()
statsTab| ,(8i;`)

12:40:44.001 - Records Processed 1943
12:40:44.001 - Current Subscribers: 
bid     | ()
quote   | ()
statsTab| ,(8i;`)

12:40:45.001 - Records Processed 1943
12:40:45.001 - Current Subscribers: 
bid     | ()
quote   | ()
statsTab| ,(8i;`)

12:40:46.002 - Records Processed 1943
12:40:46.002 - Current Subscribers: 
bid     | ()
quote   | ()
statsTab| ,(8i;`)

12:40:47.001 - Records Processed 1943
12:40:47.001 - Current Subscribers: 
bid     | ()
quote   | ()
statsTab| ,(8i;`)

12:40:48.002 - Records Processed 1943
12:40:48.002 - Current Subscribers: 
bid     | ()
quote   | ()
statsTab| ,(8i;`)

12:40:49.001 - Records Processed 1943
12:40:49.001 - Current Subscribers: 
bid     | ()
quote   | ()
statsTab| ,(8i;`)

12:40:50.002 - Records Processed 1943
12:40:50.002 - Current Subscribers: 
bid     | ()
quote   | ()
statsTab| ,(8i;`)

12:40:51.001 - Records Processed 1943
12:40:51.001 - Current Subscribers: 
bid     | ()
quote   | ()
statsTab| ,(8i;`)

12:40:52.001 - Records Processed 1943
12:40:52.001 - Current Subscribers: 
bid     | ()
quote   | ()
statsTab| ,(8i;`)

12:40:53.002 - Records Processed 1943
12:40:53.002 - Current Subscribers: 
bid     | ()
quote   | ()
statsTab| ,(8i;`)

12:40:54.001 - Records Processed 1943
12:40:54.002 - Current Subscribers: 
bid     | ()
quote   | ()
statsTab| ,(8i;`)

12:40:55.001 - Records Processed 1943
12:40:55.001 - Current Subscribers: 
bid     | ()
quote   | ()
statsTab| ,(8i;`)

12:40:56.001 - Records Processed 1943
12:40:56.002 - Current Subscribers: 
bid     | ()
quote   | ()
statsTab| ,(8i;`)

12:40:57.001 - Records Processed 1943
12:40:57.002 - Current Subscribers: 
bid     | ()
quote   | ()
statsTab| ,(8i;`)

12:40:58.002 - Records Processed 1943
12:40:58.002 - Current Subscribers: 
bid     | ()
quote   | ()
statsTab| ,(8i;`)

12:40:59.006 - Records Processed 1943
12:40:59.007 - Current Subscribers: 
bid     | ()
quote   | ()
statsTab| ,(8i;`)

12:41:00.002 - Records Processed 1943
12:41:00.002 - Current Subscribers: 
bid     | ()
quote   | ()
statsTab| ,(8i;`)

12:41:01.002 - Records Processed 1943
12:41:01.002 - Current Subscribers: 
bid     | ()
quote   | ()
statsTab| ,(8i;`)

12:41:02.001 - Records Processed 1943
12:41:02.002 - Current Subscribers: 
bid     | ()
quote   | ()
statsTab| ,(8i;`)

12:41:03.004 - Records Processed 1943
12:41:03.004 - Current Subscribers: 
bid     | ()
quote   | ()
statsTab| ,(8i;`)

12:41:04.001 - Records Processed 1943
12:41:04.001 - Current Subscribers: 
bid     | ()
quote   | ()
statsTab| ,(8i;`)

12:41:05.001 - Records Processed 1943
12:41:05.001 - Current Subscribers: 
bid     | ()
quote   | ()
statsTab| ,(8i;`)

12:41:06.001 - Records Processed 1943
12:41:06.001 - Current Subscribers: 
bid     | ()
quote   | ()
statsTab| ,(8i;`)

12:41:07.001 - Records Processed 1943
12:41:07.001 - Current Subscribers: 
bid     | ()
quote   | ()
statsTab| ,(8i;`)

12:41:08.002 - Records Processed 1943
12:41:08.003 - Current Subscribers: 
bid     | ()
quote   | ()
statsTab| ,(8i;`)

12:41:09.002 - Records Processed 1943
12:41:09.002 - Current Subscribers: 
bid     | ()
quote   | ()
statsTab| ,(8i;`)

12:41:10.001 - Records Processed 1943
12:41:10.001 - Current Subscribers: 
bid     | ()
quote   | ()
statsTab| ,(8i;`)

12:41:11.001 - Records Processed 1943
12:41:11.002 - Current Subscribers: 
bid     | ()
quote   | ()
statsTab| ,(8i;`)

12:41:12.001 - Records Processed 1943
12:41:12.002 - Current Subscribers: 
bid     | ()
quote   | ()
statsTab| ,(8i;`)

12:41:13.003 - Records Processed 1943
12:41:13.003 - Current Subscribers: 
bid     | ()
quote   | ()
statsTab| ,(8i;`)

12:41:14.001 - Records Processed 1943
12:41:14.002 - Current Subscribers: 
bid     | ()
quote   | ()
statsTab| ,(8i;`)

12:41:15.001 - Records Processed 1943
12:41:15.002 - Current Subscribers: 
bid     | ()
quote   | ()
statsTab| ,(8i;`)

12:41:16.001 - Records Processed 1943
12:41:16.001 - Current Subscribers: 
bid     | ()
quote   | ()
statsTab| ,(8i;`)

12:41:17.000 - Records Processed 1943
12:41:17.000 - Current Subscribers: 
bid     | ()
quote   | ()
statsTab| ,(8i;`)

12:41:18.001 - Records Processed 1943
12:41:18.001 - Current Subscribers: 
bid     | ()
quote   | ()
statsTab| ,(8i;`)

12:41:19.001 - Records Processed 1943
12:41:19.002 - Current Subscribers: 
bid     | ()
quote   | ()
statsTab| ,(8i;`)

12:41:20.001 - Records Processed 1943
12:41:20.001 - Current Subscribers: 
bid     | ()
quote   | ()
statsTab| ,(8i;`)

12:41:21.001 - Records Processed 1943
12:41:21.001 - Current Subscribers: 
bid     | ()
quote   | ()
statsTab| ,(8i;`)

12:41:22.001 - Records Processed 1943
12:41:22.002 - Current Subscribers: 
bid     | ()
quote   | ()
statsTab| ,(8i;`)

12:41:23.001 - Records Processed 1943
12:41:23.004 - Current Subscribers: 
bid     | ()
quote   | ()
statsTab| ,(8i;`)

12:41:24.003 - Records Processed 1943
12:41:24.003 - Current Subscribers: 
bid     | ()
quote   | ()
statsTab| ,(8i;`)

12:41:25.001 - Records Processed 1943
12:41:25.001 - Current Subscribers: 
bid     | ()
quote   | ()
statsTab| ,(8i;`)

12:41:26.001 - Records Processed 1943
12:41:26.001 - Current Subscribers: 
bid     | ()
quote   | ()
statsTab| ,(8i;`)

12:41:27.002 - Records Processed 1943
12:41:27.002 - Current Subscribers: 
bid     | ()
quote   | ()
statsTab| ,(8i;`)

12:41:28.001 - Records Processed 1943
12:41:28.001 - Current Subscribers: 
bid     | ()
quote   | ()
statsTab| ,(8i;`)

12:41:29.001 - Records Processed 1943
12:41:29.001 - Current Subscribers: 
bid     | ()
quote   | ()
statsTab| ,(8i;`)

12:41:30.001 - Records Processed 1943
12:41:30.001 - Current Subscribers: 
bid     | ()
quote   | ()
statsTab| ,(8i;`)

12:41:31.001 - Records Processed 1943
12:41:31.001 - Current Subscribers: 
bid     | ()
quote   | ()
statsTab| ,(8i;`)

12:41:32.001 - Records Processed 1943
12:41:32.002 - Current Subscribers: 
bid     | ()
quote   | ()
statsTab| ,(8i;`)

12:41:33.001 - Records Processed 1943
12:41:33.002 - Current Subscribers: 
bid     | ()
quote   | ()
statsTab| ,(8i;`)

12:41:34.001 - Records Processed 1943
12:41:34.001 - Current Subscribers: 
bid     | ()
quote   | ()
statsTab| ,(8i;`)

12:41:35.001 - Records Processed 1943
12:41:35.002 - Current Subscribers: 
bid     | ()
quote   | ()
statsTab| ,(8i;`)

12:41:36.002 - Records Processed 1943
12:41:36.002 - Current Subscribers: 
bid     | ()
quote   | ()
statsTab| ,(8i;`)

12:41:37.001 - Records Processed 1943
12:41:37.001 - Current Subscribers: 
bid     | ()
quote   | ()
statsTab| ,(8i;`)

12:41:38.001 - Records Processed 1943
12:41:38.001 - Current Subscribers: 
bid     | ()
quote   | ()
statsTab| ,(8i;`)

12:41:39.000 - Records Processed 1943
12:41:39.001 - Current Subscribers: 
bid     | ()
quote   | ()
statsTab| ,(8i;`)

12:41:40.001 - Records Processed 1943
12:41:40.001 - Current Subscribers: 
bid     | ()
quote   | ()
statsTab| ,(8i;`)

12:41:41.001 - Records Processed 1943
12:41:41.001 - Current Subscribers: 
bid     | ()
quote   | ()
statsTab| ,(8i;`)

12:41:42.002 - Records Processed 1943
12:41:42.002 - Current Subscribers: 
bid     | ()
quote   | ()
statsTab| ,(8i;`)

12:41:43.000 - Records Processed 1943
12:41:43.000 - Current Subscribers: 
bid     | ()
quote   | ()
statsTab| ,(8i;`)

12:41:44.000 - Records Processed 1943
12:41:44.000 - Current Subscribers: 
bid     | ()
quote   | ()
statsTab| ,(8i;`)

12:41:45.002 - Records Processed 1943
12:41:45.002 - Current Subscribers: 
bid     | ()
quote   | ()
statsTab| ,(8i;`)

12:41:46.002 - Records Processed 1943
12:41:46.002 - Current Subscribers: 
bid     | ()
quote   | ()
statsTab| ,(8i;`)

12:41:47.002 - Records Processed 1943
12:41:47.002 - Current Subscribers: 
bid     | ()
quote   | ()
statsTab| ,(8i;`)

12:41:48.002 - Records Processed 1943
12:41:48.002 - Current Subscribers: 
bid     | ()
quote   | ()
statsTab| ,(8i;`)

12:41:49.001 - Records Processed 1943
12:41:49.001 - Current Subscribers: 
bid     | ()
quote   | ()
statsTab| ,(8i;`)

12:41:50.001 - Records Processed 1943
12:41:50.001 - Current Subscribers: 
bid     | ()
quote   | ()
statsTab| ,(8i;`)

12:41:51.002 - Records Processed 1943
12:41:51.002 - Current Subscribers: 
bid     | ()
quote   | ()
statsTab| ,(8i;`)

12:41:52.002 - Records Processed 1943
12:41:52.002 - Current Subscribers: 
bid     | ()
quote   | ()
statsTab| ,(8i;`)

12:41:53.001 - Records Processed 1943
12:41:53.002 - Current Subscribers: 
bid     | ()
quote   | ()
statsTab| ,(8i;`)

12:41:54.002 - Records Processed 1943
12:41:54.002 - Current Subscribers: 
bid     | ()
quote   | ()
statsTab| ,(8i;`)

12:41:55.001 - Records Processed 1943
12:41:55.001 - Current Subscribers: 
bid     | ()
quote   | ()
statsTab| ,(8i;`)

12:41:56.002 - Records Processed 1943
12:41:56.002 - Current Subscribers: 
bid     | ()
quote   | ()
statsTab| ,(8i;`)

12:41:57.002 - Records Processed 1943
12:41:57.002 - Current Subscribers: 
bid     | ()
quote   | ()
statsTab| ,(8i;`)

12:41:58.001 - Records Processed 1943
12:41:58.001 - Current Subscribers: 
bid     | ()
quote   | ()
statsTab| ,(8i;`)

12:41:59.001 - Records Processed 1943
12:41:59.001 - Current Subscribers: 
bid     | ()
quote   | ()
statsTab| ,(8i;`)

12:42:00.002 - Records Processed 1943
12:42:00.002 - Current Subscribers: 
bid     | ()
quote   | ()
statsTab| ,(8i;`)

12:42:01.002 - Records Processed 1943
12:42:01.002 - Current Subscribers: 
bid     | ()
quote   | ()
statsTab| ,(8i;`)

12:42:02.001 - Records Processed 1943
12:42:02.001 - Current Subscribers: 
bid     | ()
quote   | ()
statsTab| ,(8i;`)

12:42:03.001 - Records Processed 1943
12:42:03.002 - Current Subscribers: 
bid     | ()
quote   | ()
statsTab| ,(8i;`)

12:42:04.001 - Records Processed 1943
12:42:04.001 - Current Subscribers: 
bid     | ()
quote   | ()
statsTab| ,(8i;`)

12:42:05.001 - Records Processed 1943
12:42:05.001 - Current Subscribers: 
bid     | ()
quote   | ()
statsTab| ,(8i;`)

12:42:06.002 - Records Processed 1943
12:42:06.002 - Current Subscribers: 
bid     | ()
quote   | ()
statsTab| ,(8i;`)

12:42:07.000 - Records Processed 1943
12:42:07.000 - Current Subscribers: 
bid     | ()
quote   | ()
statsTab| ,(8i;`)

12:42:08.001 - Records Processed 1943
12:42:08.001 - Current Subscribers: 
bid     | ()
quote   | ()
statsTab| ,(8i;`)

12:42:09.001 - Records Processed 1943
12:42:09.001 - Current Subscribers: 
bid     | ()
quote   | ()
statsTab| ,(8i;`)

12:42:10.001 - Records Processed 1943
12:42:10.002 - Current Subscribers: 
bid     | ()
quote   | ()
statsTab| ,(8i;`)

12:42:11.001 - Records Processed 1943
12:42:11.002 - Current Subscribers: 
bid     | ()
quote   | ()
statsTab| ,(8i;`)

12:42:12.001 - Records Processed 1943
12:42:12.001 - Current Subscribers: 
bid     | ()
quote   | ()
statsTab| ,(8i;`)

12:42:13.001 - Records Processed 1943
12:42:13.001 - Current Subscribers: 
bid     | ()
quote   | ()
statsTab| ,(8i;`)

12:42:14.001 - Records Processed 1943
12:42:14.002 - Current Subscribers: 
bid     | ()
quote   | ()
statsTab| ,(8i;`)

12:42:15.001 - Records Processed 1943
12:42:15.001 - Current Subscribers: 
bid     | ()
quote   | ()
statsTab| ,(8i;`)

12:42:16.002 - Records Processed 1943
12:42:16.002 - Current Subscribers: 
bid     | ()
quote   | ()
statsTab| ,(8i;`)

12:42:17.001 - Records Processed 1943
12:42:17.002 - Current Subscribers: 
bid     | ()
quote   | ()
statsTab| ,(8i;`)

12:42:18.001 - Records Processed 1943
12:42:18.002 - Current Subscribers: 
bid     | ()
quote   | ()
statsTab| ,(8i;`)

12:42:19.002 - Records Processed 1943
12:42:19.002 - Current Subscribers: 
bid     | ()
quote   | ()
statsTab| ,(8i;`)

12:42:20.000 - Records Processed 1943
12:42:20.001 - Current Subscribers: 
bid     | ()
quote   | ()
statsTab| ,(8i;`)

12:42:21.002 - Records Processed 1943
12:42:21.003 - Current Subscribers: 
bid     | ()
quote   | ()
statsTab| ,(8i;`)

12:42:22.001 - Records Processed 1943
12:42:22.001 - Current Subscribers: 
bid     | ()
quote   | ()
statsTab| ,(8i;`)

12:42:23.001 - Records Processed 1943
12:42:23.001 - Current Subscribers: 
bid     | ()
quote   | ()
statsTab| ,(8i;`)

12:42:24.001 - Records Processed 1943
12:42:24.001 - Current Subscribers: 
bid     | ()
quote   | ()
statsTab| ,(8i;`)

12:42:25.001 - Records Processed 1943
12:42:25.001 - Current Subscribers: 
bid     | ()
quote   | ()
statsTab| ,(8i;`)

12:42:26.002 - Records Processed 1943
12:42:26.002 - Current Subscribers: 
bid     | ()
quote   | ()
statsTab| ,(8i;`)

12:42:27.000 - Records Processed 1943
12:42:27.001 - Current Subscribers: 
bid     | ()
quote   | ()
statsTab| ,(8i;`)

12:42:28.002 - Records Processed 1943
12:42:28.002 - Current Subscribers: 
bid     | ()
quote   | ()
statsTab| ,(8i;`)

12:42:29.001 - Records Processed 1943
12:42:29.001 - Current Subscribers: 
bid     | ()
quote   | ()
statsTab| ,(8i;`)

12:42:30.001 - Records Processed 1943
12:42:30.002 - Current Subscribers: 
bid     | ()
quote   | ()
statsTab| ,(8i;`)

12:42:31.001 - Records Processed 1943
12:42:31.001 - Current Subscribers: 
bid     | ()
quote   | ()
statsTab| ,(8i;`)

12:42:32.002 - Records Processed 1943
12:42:32.003 - Current Subscribers: 
bid     | ()
quote   | ()
statsTab| ,(8i;`)

12:42:33.000 - Records Processed 1943
12:42:33.001 - Current Subscribers: 
bid     | ()
quote   | ()
statsTab| ,(8i;`)

12:42:35.000 - Records Processed 1943
12:42:35.001 - Current Subscribers: 
bid     | ()
quote   | ()
statsTab| ,(8i;`)

12:42:36.001 - Records Processed 1943
12:42:36.002 - Current Subscribers: 
bid     | ()
quote   | ()
statsTab| ,(8i;`)

12:42:37.002 - Records Processed 1943
12:42:37.002 - Current Subscribers: 
bid     | ()
quote   | ()
statsTab| ,(8i;`)

12:42:38.000 - Records Processed 1943
12:42:38.001 - Current Subscribers: 
bid     | ()
quote   | ()
statsTab| ,(8i;`)

12:42:39.001 - Records Processed 1943
12:42:39.002 - Current Subscribers: 
bid     | ()
quote   | ()
statsTab| ,(8i;`)

12:42:40.002 - Records Processed 1943
12:42:40.003 - Current Subscribers: 
bid     | ()
quote   | ()
statsTab| ,(8i;`)

12:42:41.002 - Records Processed 1943
12:42:41.002 - Current Subscribers: 
bid     | ()
quote   | ()
statsTab| ,(8i;`)

12:42:42.001 - Records Processed 1943
12:42:42.001 - Current Subscribers: 
bid     | ()
quote   | ()
statsTab| ,(8i;`)

12:42:43.001 - Records Processed 1943
12:42:43.002 - Current Subscribers: 
bid     | ()
quote   | ()
statsTab| ,(8i;`)

12:42:44.002 - Records Processed 1943
12:42:44.002 - Current Subscribers: 
bid     | ()
quote   | ()
statsTab| ,(8i;`)

12:42:45.001 - Records Processed 1943
12:42:45.002 - Current Subscribers: 
bid     | ()
quote   | ()
statsTab| ,(8i;`)

12:42:46.001 - Records Processed 1943
12:42:46.002 - Current Subscribers: 
bid     | ()
quote   | ()
statsTab| ,(8i;`)

12:42:47.001 - Records Processed 1943
12:42:47.002 - Current Subscribers: 
bid     | ()
quote   | ()
statsTab| ,(8i;`)

12:42:48.000 - Records Processed 1943
12:42:48.000 - Current Subscribers: 
bid     | 9i `
quote   | 9i `
statsTab| 8i `

12:42:49.002 - Records Processed 1943
12:42:49.002 - Current Subscribers: 
bid     | 9i `
quote   | 9i `
statsTab| 8i `

12:42:50.000 - Records Processed 1943
12:42:50.001 - Current Subscribers: 
bid     | 9i `
quote   | 9i `
statsTab| 8i `

12:42:51.001 - Records Processed 1943
12:42:51.002 - Current Subscribers: 
bid     | 9i `
quote   | 9i `
statsTab| 8i `

12:42:52.001 - Records Processed 1943
12:42:52.002 - Current Subscribers: 
bid     | 9i `
quote   | 9i `
statsTab| 8i `

12:42:53.002 - Records Processed 1943
12:42:53.002 - Current Subscribers: 
bid     | 9i `
quote   | 9i `
statsTab| 8i `

12:42:54.002 - Records Processed 1943
12:42:54.002 - Current Subscribers: 
bid     | 9i `
quote   | 9i `
statsTab| 8i `

12:42:55.001 - Records Processed 1943
12:42:55.002 - Current Subscribers: 
bid     | 9i `
quote   | 9i `
statsTab| 8i `

12:42:56.000 - Records Processed 1943
12:42:56.001 - Current Subscribers: 
bid     | 9i `
quote   | 9i `
statsTab| 8i `

12:42:57.001 - Records Processed 1943
12:42:57.002 - Current Subscribers: 
bid     | 9i `
quote   | 9i `
statsTab| 8i `

12:42:58.002 - Records Processed 1943
12:42:58.003 - Current Subscribers: 
bid     | 9i `
quote   | 9i `
statsTab| 8i `

12:42:59.002 - Records Processed 1943
12:42:59.004 - Current Subscribers: 
bid     | 9i `
quote   | 9i `
statsTab| 8i `

12:43:00.003 - Records Processed 1943
12:43:00.004 - Current Subscribers: 
bid     | 9i `
quote   | 9i `
statsTab| 8i `

12:43:01.001 - Records Processed 1943
12:43:01.002 - Current Subscribers: 
bid     | 9i `
quote   | 9i `
statsTab| 8i `

12:43:02.001 - Records Processed 1943
12:43:02.002 - Current Subscribers: 
bid     | 9i `
quote   | 9i `
statsTab| 8i `

12:43:03.002 - Records Processed 1943
12:43:03.002 - Current Subscribers: 
bid     | 9i `
quote   | 9i `
statsTab| 8i `

12:43:04.001 - Records Processed 1943
12:43:04.001 - Current Subscribers: 
bid     | 9i `
quote   | 9i `
statsTab| 8i `

12:43:05.001 - Records Processed 1943
12:43:05.003 - Current Subscribers: 
bid     | 9i `
quote   | 9i `
statsTab| 8i `

12:43:06.003 - Records Processed 1943
12:43:06.003 - Current Subscribers: 
bid     | 9i `
quote   | 9i `
statsTab| 8i `

12:43:07.001 - Records Processed 1943
12:43:07.002 - Current Subscribers: 
bid     | 9i `
quote   | 9i `
statsTab| 8i `

12:43:08.001 - Records Processed 1943
12:43:08.002 - Current Subscribers: 
bid     | 9i `
quote   | 9i `
statsTab| 8i `

12:43:09.002 - Records Processed 1943
12:43:09.002 - Current Subscribers: 
bid     | 9i `
quote   | 9i `
statsTab| 8i `

12:43:10.001 - Records Processed 1943
12:43:10.002 - Current Subscribers: 
bid     | 9i `
quote   | 9i `
statsTab| 8i `

12:43:11.001 - Records Processed 1943
12:43:11.001 - Current Subscribers: 
bid     | 9i `
quote   | 9i `
statsTab| 8i `

12:43:12.001 - Records Processed 1943
12:43:12.001 - Current Subscribers: 
bid     | 9i `
quote   | 9i `
statsTab| 8i `

12:43:13.001 - Records Processed 1943
12:43:13.001 - Current Subscribers: 
bid     | 9i `
quote   | 9i `
statsTab| 8i `

12:43:14.002 - Records Processed 1943
12:43:14.003 - Current Subscribers: 
bid     | 9i `
quote   | 9i `
statsTab| 8i `

12:43:15.000 - Records Processed 1943
12:43:15.001 - Current Subscribers: 
bid     | 9i `
quote   | 9i `
statsTab| 8i `

12:43:16.002 - Records Processed 1943
12:43:16.003 - Current Subscribers: 
bid     | 9i `
quote   | 9i `
statsTab| 8i `

12:43:17.001 - Records Processed 1943
12:43:17.002 - Current Subscribers: 
bid     | 9i `
quote   | 9i `
statsTab| 8i `

12:43:18.001 - Records Processed 1943
12:43:18.002 - Current Subscribers: 
bid     | 9i `
quote   | 9i `
statsTab| 8i `

12:43:19.001 - Records Processed 1943
12:43:19.002 - Current Subscribers: 
bid     | 9i `
quote   | 9i `
statsTab| 8i `

12:43:20.002 - Records Processed 1943
12:43:20.003 - Current Subscribers: 
bid     | 9i `
quote   | 9i `
statsTab| 8i `

12:43:21.002 - Records Processed 1943
12:43:21.002 - Current Subscribers: 
bid     | 9i `
quote   | 9i `
statsTab| 8i `

12:43:22.000 - Records Processed 1943
12:43:22.000 - Current Subscribers: 
bid     | 9i `
quote   | 9i `
statsTab| 8i `

12:43:23.001 - Records Processed 1943
12:43:23.001 - Current Subscribers: 
bid     | 9i `
quote   | 9i `
statsTab| 8i `

12:43:24.001 - Records Processed 1943
12:43:24.002 - Current Subscribers: 
bid     | 9i `
quote   | 9i `
statsTab| 8i `

12:43:25.001 - Records Processed 1943
12:43:25.002 - Current Subscribers: 
bid     | 9i `
quote   | 9i `
statsTab| 8i `

12:43:26.001 - Records Processed 1943
12:43:26.002 - Current Subscribers: 
bid     | 9i `
quote   | 9i `
statsTab| 8i `

12:43:27.001 - Records Processed 1943
12:43:27.001 - Current Subscribers: 
bid     | 9i `
quote   | 9i `
statsTab| 8i `

12:43:28.001 - Records Processed 1943
12:43:28.001 - Current Subscribers: 
bid     | 9i `
quote   | 9i `
statsTab| 8i `

12:43:29.001 - Records Processed 1943
12:43:29.002 - Current Subscribers: 
bid     | 9i `
quote   | 9i `
statsTab| 8i `

12:43:30.001 - Records Processed 1943
12:43:30.002 - Current Subscribers: 
bid     | 9i `
quote   | 9i `
statsTab| 8i `

12:43:31.001 - Records Processed 1943
12:43:31.002 - Current Subscribers: 
bid     | 9i `
quote   | 9i `
statsTab| 8i `

12:43:32.002 - Records Processed 1943
12:43:32.002 - Current Subscribers: 
bid     | 9i `
quote   | 9i `
statsTab| 8i `

12:43:33.001 - Records Processed 1943
12:43:33.002 - Current Subscribers: 
bid     | 9i `
quote   | 9i `
statsTab| 8i `

12:43:34.001 - Records Processed 1943
12:43:34.001 - Current Subscribers: 
bid     | 9i `
quote   | 9i `
statsTab| 8i `

12:43:35.001 - Records Processed 1943
12:43:35.001 - Current Subscribers: 
bid     | 9i `
quote   | 9i `
statsTab| 8i `

12:43:36.001 - Records Processed 1943
12:43:36.001 - Current Subscribers: 
bid     | 9i `
quote   | 9i `
statsTab| 8i `

12:43:37.001 - Records Processed 1943
12:43:37.002 - Current Subscribers: 
bid     | 9i `
quote   | 9i `
statsTab| 8i `

12:43:38.001 - Records Processed 1943
12:43:38.003 - Current Subscribers: 
bid     | 9i `
quote   | 9i `
statsTab| 8i `

12:43:39.002 - Records Processed 1943
12:43:39.002 - Current Subscribers: 
bid     | 9i `
quote   | 9i `
statsTab| 8i `

12:43:40.001 - Records Processed 1943
12:43:40.002 - Current Subscribers: 
bid     | 9i `
quote   | 9i `
statsTab| 8i `

12:43:41.001 - Records Processed 1943
12:43:41.002 - Current Subscribers: 
bid     | 9i `
quote   | 9i `
statsTab| 8i `

12:43:42.001 - Records Processed 1943
12:43:42.002 - Current Subscribers: 
bid     | 9i `
quote   | 9i `
statsTab| 8i `

12:43:43.001 - Records Processed 1943
12:43:43.002 - Current Subscribers: 
bid     | 9i `
quote   | 9i `
statsTab| 8i `

12:43:44.001 - Records Processed 1943
12:43:44.002 - Current Subscribers: 
bid     | 9i `
quote   | 9i `
statsTab| 8i `

12:43:45.002 - Records Processed 1943
12:43:45.002 - Current Subscribers: 
bid     | 9i `
quote   | 9i `
statsTab| 8i `

12:43:46.001 - Records Processed 1943
12:43:46.001 - Current Subscribers: 
bid     | 9i `
quote   | 9i `
statsTab| 8i `

12:43:47.002 - Records Processed 1943
12:43:47.002 - Current Subscribers: 
bid     | 9i `
quote   | 9i `
statsTab| 8i `

12:43:48.000 - Records Processed 1943
12:43:48.000 - Current Subscribers: 
bid     | 9i `
quote   | 9i `
statsTab| 8i `

12:43:49.002 - Records Processed 1943
12:43:49.002 - Current Subscribers: 
bid     | 9i `
quote   | 9i `
statsTab| 8i `

12:43:50.001 - Records Processed 1943
12:43:50.002 - Current Subscribers: 
bid     | 9i `
quote   | 9i `
statsTab| 8i `

12:43:51.001 - Records Processed 1943
12:43:51.002 - Current Subscribers: 
bid     | 9i `
quote   | 9i `
statsTab| 8i `

12:43:52.001 - Records Processed 1943
12:43:52.002 - Current Subscribers: 
bid     | 9i `
quote   | 9i `
statsTab| 8i `

12:43:53.002 - Records Processed 1943
12:43:53.003 - Current Subscribers: 
bid     | 9i `
quote   | 9i `
statsTab| 8i `

12:43:54.001 - Records Processed 1943
12:43:54.001 - Current Subscribers: 
bid     | 9i `
quote   | 9i `
statsTab| 8i `

12:43:55.001 - Records Processed 1943
12:43:55.001 - Current Subscribers: 
bid     | 9i `
quote   | 9i `
statsTab| 8i `

12:43:56.001 - Records Processed 1943
12:43:56.002 - Current Subscribers: 
bid     | 9i `
quote   | 9i `
statsTab| 8i `

12:43:57.002 - Records Processed 1943
12:43:57.004 - Current Subscribers: 
bid     | 9i `
quote   | 9i `
statsTab| 8i `

12:43:58.003 - Records Processed 1943
12:43:58.004 - Current Subscribers: 
bid     | 9i `
quote   | 9i `
statsTab| 8i `

12:43:59.001 - Records Processed 1943
12:43:59.002 - Current Subscribers: 
bid     | 9i `
quote   | 9i `
statsTab| 8i `

12:44:00.002 - Records Processed 1943
12:44:00.002 - Current Subscribers: 
bid     | 9i `
quote   | 9i `
statsTab| 8i `

12:44:01.001 - Records Processed 1943
12:44:01.002 - Current Subscribers: 
bid     | 9i `
quote   | 9i `
statsTab| 8i `

12:44:02.002 - Records Processed 1943
12:44:02.002 - Current Subscribers: 
bid     | 9i `
quote   | 9i `
statsTab| 8i `

12:44:03.002 - Records Processed 1943
12:44:03.003 - Current Subscribers: 
bid     | 9i `
quote   | 9i `
statsTab| 8i `

12:44:04.000 - Records Processed 1943
12:44:04.001 - Current Subscribers: 
bid     | ()
quote   | ()
statsTab| ,(8i;`)

12:44:05.002 - Records Processed 1943
12:44:05.002 - Current Subscribers: 
bid     | ()
quote   | ()
statsTab| ,(8i;`)

12:44:06.001 - Records Processed 1943
12:44:06.001 - Current Subscribers: 
bid     | ()
quote   | ()
statsTab| ,(8i;`)

12:44:07.001 - Records Processed 1943
12:44:07.001 - Current Subscribers: 
bid     | ()
quote   | ()
statsTab| ,(8i;`)

12:44:08.001 - Records Processed 1943
12:44:08.004 - Current Subscribers: 
bid     | ()
quote   | ()
statsTab| ,(8i;`)

12:44:09.003 - Records Processed 1943
12:44:09.004 - Current Subscribers: 
bid     | ()
quote   | ()
statsTab| ,(8i;`)

