10:08:59.375 - Records Processed 0
10:08:59.375 - Current Subscribers: 
bid     | 
quote   | 
statsTab| 

10:09:00.376 - Records Processed 0
10:09:00.376 - Current Subscribers: 
bid     | 
quote   | 
statsTab| 

10:09:01.375 - Records Processed 0
10:09:01.375 - Current Subscribers: 
bid     | 
quote   | 
statsTab| 

10:09:02.375 - Records Processed 0
10:09:02.375 - Current Subscribers: 
bid     | 
quote   | 
statsTab| 

10:09:03.375 - Records Processed 0
10:09:03.375 - Current Subscribers: 
bid     | 
quote   | 
statsTab| 

10:09:04.376 - Records Processed 0
10:09:04.376 - Current Subscribers: 
bid     | 
quote   | 
statsTab| 

10:09:05.375 - Records Processed 0
10:09:05.376 - Current Subscribers: 
bid     | 
quote   | 
statsTab| 

10:09:06.375 - Records Processed 0
10:09:06.375 - Current Subscribers: 
bid     | ()
quote   | ()
statsTab| ,(8i;`)

10:09:07.376 - Records Processed 0
10:09:07.376 - Current Subscribers: 
bid     | ()
quote   | ()
statsTab| ,(8i;`)

10:09:08.376 - Records Processed 0
10:09:08.376 - Current Subscribers: 
bid     | ()
quote   | ()
statsTab| ,(8i;`)

10:09:09.376 - Records Processed 0
10:09:09.376 - Current Subscribers: 
bid     | 9i `
quote   | 9i `
statsTab| 8i `

10:09:10.376 - Records Processed 0
10:09:10.376 - Current Subscribers: 
bid     | 9i `
quote   | 9i `
statsTab| 8i `

10:09:11.376 - Records Processed 0
10:09:11.376 - Current Subscribers: 
bid     | 9i `
quote   | 9i `
statsTab| 8i `

10:09:12.375 - Records Processed 0
10:09:12.375 - Current Subscribers: 
bid     | 9i `
quote   | 9i `
statsTab| 8i `

10:09:13.375 - Records Processed 0
10:09:13.375 - Current Subscribers: 
bid     | ((9i;`);(10i;`))
quote   | ((9i;`);(10i;`))
statsTab| ,(8i;`)

10:09:14.376 - Records Processed 0
10:09:14.376 - Current Subscribers: 
bid     | ((9i;`);(10i;`))
quote   | ((9i;`);(10i;`))
statsTab| ,(8i;`)

10:09:15.375 - Records Processed 0
10:09:15.375 - Current Subscribers: 
bid     | ((9i;`);(10i;`))
quote   | ((9i;`);(10i;`))
statsTab| ,(8i;`)

10:09:16.375 - Records Processed 0
10:09:16.375 - Current Subscribers: 
bid     | ((9i;`);(10i;`))
quote   | ((9i;`);(10i;`))
statsTab| ,(8i;`)

10:09:17.377 - Records Processed 0
10:09:17.377 - Current Subscribers: 
bid     | ((9i;`);(10i;`))
quote   | ((9i;`);(10i;`))
statsTab| ,(8i;`)

10:09:18.375 - Records Processed 0
10:09:18.375 - Current Subscribers: 
bid     | ((9i;`);(10i;`))
quote   | ((9i;`);(10i;`))
statsTab| ,(8i;`)

10:09:19.375 - Records Processed 0
10:09:19.375 - Current Subscribers: 
bid     | ((9i;`);(10i;`))
quote   | ((9i;`);(10i;`))
statsTab| ,(8i;`)

10:09:20.376 - Records Processed 0
10:09:20.376 - Current Subscribers: 
bid     | ((9i;`);(10i;`))
quote   | ((9i;`);(10i;`))
statsTab| ,(8i;`)

10:09:21.376 - Records Processed 0
10:09:21.376 - Current Subscribers: 
bid     | ((9i;`);(10i;`))
quote   | ((9i;`);(10i;`))
statsTab| ,(8i;`)

10:09:22.376 - Records Processed 0
10:09:22.376 - Current Subscribers: 
bid     | ((9i;`);(10i;`))
quote   | ((9i;`);(10i;`))
statsTab| ,(8i;`)

10:09:23.375 - Records Processed 0
10:09:23.376 - Current Subscribers: 
bid     | 9i `
quote   | 9i `
statsTab| 8i `

10:09:24.376 - Records Processed 0
10:09:24.376 - Current Subscribers: 
bid     | ()
quote   | ()
statsTab| ,(8i;`)

10:09:25.376 - Records Processed 0
10:09:25.376 - Current Subscribers: 
bid     | ()
quote   | ()
statsTab| ,(8i;`)

10:09:26.376 - Records Processed 0
10:09:26.376 - Current Subscribers: 
bid     | 
quote   | 
statsTab| 

10:09:27.375 - Records Processed 0
10:09:27.375 - Current Subscribers: 
bid     | 
quote   | 
statsTab| 

10:09:28.375 - Records Processed 0
10:09:28.376 - Current Subscribers: 
bid     | 
quote   | 
statsTab| 

10:09:29.377 - Records Processed 0
10:09:29.377 - Current Subscribers: 
bid     | 
quote   | 
statsTab| 

10:09:30.377 - Records Processed 0
10:09:30.377 - Current Subscribers: 
bid     | 
quote   | 
statsTab| 

10:09:31.376 - Records Processed 0
10:09:31.376 - Current Subscribers: 
bid     | 
quote   | 
statsTab| 

10:09:32.375 - Records Processed 0
10:09:32.376 - Current Subscribers: 
bid     | 
quote   | 
statsTab| 

10:09:33.375 - Records Processed 0
10:09:33.375 - Current Subscribers: 
bid     | 
quote   | 
statsTab| 

10:09:34.375 - Records Processed 0
10:09:34.375 - Current Subscribers: 
bid     | 
quote   | 
statsTab| 

10:09:35.375 - Records Processed 0
10:09:35.376 - Current Subscribers: 
bid     | 
quote   | 
statsTab| 

