22:39:48.889 - Records Processed 0
22:39:48.889 - Current Subscribers: 
bid     | 
quote   | 
statsTab| 

22:39:49.890 - Records Processed 1
22:39:49.890 - Current Subscribers: 
bid     | ((9i;`);(11i;`))
quote   | ((9i;`);(11i;`))
statsTab| ,(10i;`)

22:39:50.890 - Records Processed 3
22:39:50.890 - Current Subscribers: 
bid     | ((9i;`);(11i;`))
quote   | ((9i;`);(11i;`))
statsTab| ,(10i;`)

22:39:51.890 - Records Processed 5
22:39:51.899 - Current Subscribers: 
bid     | ((9i;`);(11i;`))
quote   | ((9i;`);(11i;`))
statsTab| ,(10i;`)

22:39:52.890 - Records Processed 7
22:39:52.890 - Current Subscribers: 
bid     | ((9i;`);(11i;`))
quote   | ((9i;`);(11i;`))
statsTab| ,(10i;`)

22:39:53.889 - Records Processed 9
22:39:53.889 - Current Subscribers: 
bid     | ((9i;`);(11i;`))
quote   | ((9i;`);(11i;`))
statsTab| ,(10i;`)

22:39:54.889 - Records Processed 11
22:39:54.890 - Current Subscribers: 
bid     | ((9i;`);(11i;`))
quote   | ((9i;`);(11i;`))
statsTab| ,(10i;`)

22:39:55.890 - Records Processed 13
22:39:55.890 - Current Subscribers: 
bid     | ((9i;`);(11i;`))
quote   | ((9i;`);(11i;`))
statsTab| ,(10i;`)

22:39:56.890 - Records Processed 15
22:39:56.890 - Current Subscribers: 
bid     | ((9i;`);(11i;`))
quote   | ((9i;`);(11i;`))
statsTab| ,(10i;`)

22:39:57.889 - Records Processed 17
22:39:57.890 - Current Subscribers: 
bid     | ((9i;`);(11i;`))
quote   | ((9i;`);(11i;`))
statsTab| ,(10i;`)

22:39:58.889 - Records Processed 19
22:39:58.890 - Current Subscribers: 
bid     | ((9i;`);(11i;`))
quote   | ((9i;`);(11i;`))
statsTab| ,(10i;`)

22:39:59.890 - Records Processed 21
22:39:59.890 - Current Subscribers: 
bid     | ((9i;`);(11i;`))
quote   | ((9i;`);(11i;`))
statsTab| ,(10i;`)

22:40:00.890 - Records Processed 23
22:40:00.890 - Current Subscribers: 
bid     | ((9i;`);(11i;`))
quote   | ((9i;`);(11i;`))
statsTab| ,(10i;`)

22:40:01.890 - Records Processed 25
22:40:01.890 - Current Subscribers: 
bid     | ((9i;`);(11i;`))
quote   | ((9i;`);(11i;`))
statsTab| ,(10i;`)

22:40:02.890 - Records Processed 27
22:40:02.890 - Current Subscribers: 
bid     | ((9i;`);(11i;`))
quote   | ((9i;`);(11i;`))
statsTab| ,(10i;`)

22:40:03.890 - Records Processed 29
22:40:03.890 - Current Subscribers: 
bid     | ((9i;`);(11i;`))
quote   | ((9i;`);(11i;`))
statsTab| ,(10i;`)

22:40:04.890 - Records Processed 31
22:40:04.890 - Current Subscribers: 
bid     | ((9i;`);(11i;`))
quote   | ((9i;`);(11i;`))
statsTab| ,(10i;`)

22:40:05.889 - Records Processed 33
22:40:05.890 - Current Subscribers: 
bid     | ((9i;`);(11i;`))
quote   | ((9i;`);(11i;`))
statsTab| ,(10i;`)

22:40:06.889 - Records Processed 35
22:40:06.890 - Current Subscribers: 
bid     | ((9i;`);(11i;`))
quote   | ((9i;`);(11i;`))
statsTab| ,(10i;`)

22:40:07.890 - Records Processed 37
22:40:07.891 - Current Subscribers: 
bid     | ((9i;`);(11i;`))
quote   | ((9i;`);(11i;`))
statsTab| ,(10i;`)

22:40:08.890 - Records Processed 39
22:40:08.891 - Current Subscribers: 
bid     | ((9i;`);(11i;`))
quote   | ((9i;`);(11i;`))
statsTab| ,(10i;`)

22:40:09.891 - Records Processed 41
22:40:09.892 - Current Subscribers: 
bid     | ((9i;`);(11i;`))
quote   | ((9i;`);(11i;`))
statsTab| ,(10i;`)

22:40:10.890 - Records Processed 43
22:40:10.891 - Current Subscribers: 
bid     | ((9i;`);(11i;`))
quote   | ((9i;`);(11i;`))
statsTab| ,(10i;`)

22:40:11.889 - Records Processed 45
22:40:11.890 - Current Subscribers: 
bid     | ((9i;`);(11i;`))
quote   | ((9i;`);(11i;`))
statsTab| ,(10i;`)

22:40:12.890 - Records Processed 47
22:40:12.891 - Current Subscribers: 
bid     | ((9i;`);(11i;`))
quote   | ((9i;`);(11i;`))
statsTab| ,(10i;`)

22:40:13.890 - Records Processed 49
22:40:13.890 - Current Subscribers: 
bid     | ((9i;`);(11i;`))
quote   | ((9i;`);(11i;`))
statsTab| ,(10i;`)

22:40:14.889 - Records Processed 51
22:40:14.890 - Current Subscribers: 
bid     | ((9i;`);(11i;`))
quote   | ((9i;`);(11i;`))
statsTab| ,(10i;`)

22:40:15.889 - Records Processed 53
22:40:15.890 - Current Subscribers: 
bid     | ((9i;`);(11i;`))
quote   | ((9i;`);(11i;`))
statsTab| ,(10i;`)

22:40:16.890 - Records Processed 55
22:40:16.891 - Current Subscribers: 
bid     | ((9i;`);(11i;`))
quote   | ((9i;`);(11i;`))
statsTab| ,(10i;`)

22:40:17.890 - Records Processed 57
22:40:17.890 - Current Subscribers: 
bid     | ((9i;`);(11i;`))
quote   | ((9i;`);(11i;`))
statsTab| ,(10i;`)

22:40:18.890 - Records Processed 59
22:40:18.890 - Current Subscribers: 
bid     | ((9i;`);(11i;`))
quote   | ((9i;`);(11i;`))
statsTab| ,(10i;`)

22:40:19.889 - Records Processed 61
22:40:19.890 - Current Subscribers: 
bid     | ((9i;`);(11i;`))
quote   | ((9i;`);(11i;`))
statsTab| ,(10i;`)

22:40:20.890 - Records Processed 63
22:40:20.890 - Current Subscribers: 
bid     | ((9i;`);(11i;`))
quote   | ((9i;`);(11i;`))
statsTab| ,(10i;`)

22:40:21.890 - Records Processed 65
22:40:21.890 - Current Subscribers: 
bid     | ((9i;`);(11i;`))
quote   | ((9i;`);(11i;`))
statsTab| ,(10i;`)

22:40:22.890 - Records Processed 67
22:40:22.890 - Current Subscribers: 
bid     | ((9i;`);(11i;`))
quote   | ((9i;`);(11i;`))
statsTab| ,(10i;`)

22:40:23.890 - Records Processed 69
22:40:23.899 - Current Subscribers: 
bid     | ((9i;`);(11i;`))
quote   | ((9i;`);(11i;`))
statsTab| ,(10i;`)

22:40:24.890 - Records Processed 71
22:40:24.891 - Current Subscribers: 
bid     | ((9i;`);(11i;`))
quote   | ((9i;`);(11i;`))
statsTab| ,(10i;`)

22:40:25.890 - Records Processed 73
22:40:25.891 - Current Subscribers: 
bid     | ((9i;`);(11i;`))
quote   | ((9i;`);(11i;`))
statsTab| ,(10i;`)

22:40:26.890 - Records Processed 75
22:40:26.891 - Current Subscribers: 
bid     | ((9i;`);(11i;`))
quote   | ((9i;`);(11i;`))
statsTab| ,(10i;`)

22:40:27.890 - Records Processed 77
22:40:27.890 - Current Subscribers: 
bid     | ((9i;`);(11i;`))
quote   | ((9i;`);(11i;`))
statsTab| ,(10i;`)

22:40:28.889 - Records Processed 79
22:40:28.890 - Current Subscribers: 
bid     | ((9i;`);(11i;`))
quote   | ((9i;`);(11i;`))
statsTab| ,(10i;`)

22:40:29.890 - Records Processed 81
22:40:29.890 - Current Subscribers: 
bid     | ((9i;`);(11i;`))
quote   | ((9i;`);(11i;`))
statsTab| ,(10i;`)

22:40:30.890 - Records Processed 83
22:40:30.890 - Current Subscribers: 
bid     | ((9i;`);(11i;`))
quote   | ((9i;`);(11i;`))
statsTab| ,(10i;`)

22:40:31.890 - Records Processed 85
22:40:31.890 - Current Subscribers: 
bid     | ((9i;`);(11i;`))
quote   | ((9i;`);(11i;`))
statsTab| ,(10i;`)

22:40:32.890 - Records Processed 87
22:40:32.891 - Current Subscribers: 
bid     | ((9i;`);(11i;`))
quote   | ((9i;`);(11i;`))
statsTab| ,(10i;`)

22:40:33.889 - Records Processed 89
22:40:33.890 - Current Subscribers: 
bid     | ((9i;`);(11i;`))
quote   | ((9i;`);(11i;`))
statsTab| ,(10i;`)

22:40:34.889 - Records Processed 91
22:40:34.890 - Current Subscribers: 
bid     | ((9i;`);(11i;`))
quote   | ((9i;`);(11i;`))
statsTab| ,(10i;`)

22:40:35.890 - Records Processed 93
22:40:35.891 - Current Subscribers: 
bid     | ((9i;`);(11i;`))
quote   | ((9i;`);(11i;`))
statsTab| ,(10i;`)

22:40:36.890 - Records Processed 95
22:40:36.890 - Current Subscribers: 
bid     | ((9i;`);(11i;`))
quote   | ((9i;`);(11i;`))
statsTab| ,(10i;`)

22:40:37.890 - Records Processed 97
22:40:37.890 - Current Subscribers: 
bid     | ((9i;`);(11i;`))
quote   | ((9i;`);(11i;`))
statsTab| ,(10i;`)

22:40:38.890 - Records Processed 99
22:40:38.890 - Current Subscribers: 
bid     | ((9i;`);(11i;`))
quote   | ((9i;`);(11i;`))
statsTab| ,(10i;`)

22:40:39.889 - Records Processed 101
22:40:39.890 - Current Subscribers: 
bid     | ((9i;`);(11i;`))
quote   | ((9i;`);(11i;`))
statsTab| ,(10i;`)

22:40:40.890 - Records Processed 103
22:40:40.890 - Current Subscribers: 
bid     | ((9i;`);(11i;`))
quote   | ((9i;`);(11i;`))
statsTab| ,(10i;`)

22:40:41.890 - Records Processed 105
22:40:41.891 - Current Subscribers: 
bid     | ((9i;`);(11i;`))
quote   | ((9i;`);(11i;`))
statsTab| ,(10i;`)

22:40:42.890 - Records Processed 107
22:40:42.891 - Current Subscribers: 
bid     | ((9i;`);(11i;`))
quote   | ((9i;`);(11i;`))
statsTab| ,(10i;`)

22:40:43.890 - Records Processed 109
22:40:43.891 - Current Subscribers: 
bid     | ((9i;`);(11i;`))
quote   | ((9i;`);(11i;`))
statsTab| ,(10i;`)

22:40:44.890 - Records Processed 111
22:40:44.891 - Current Subscribers: 
bid     | ((9i;`);(11i;`))
quote   | ((9i;`);(11i;`))
statsTab| ,(10i;`)

22:40:45.890 - Records Processed 113
22:40:45.890 - Current Subscribers: 
bid     | ((9i;`);(11i;`))
quote   | ((9i;`);(11i;`))
statsTab| ,(10i;`)

22:40:46.889 - Records Processed 115
22:40:46.890 - Current Subscribers: 
bid     | ((9i;`);(11i;`))
quote   | ((9i;`);(11i;`))
statsTab| ,(10i;`)

22:40:47.890 - Records Processed 117
22:40:47.891 - Current Subscribers: 
bid     | ((9i;`);(11i;`))
quote   | ((9i;`);(11i;`))
statsTab| ,(10i;`)

22:40:48.890 - Records Processed 119
22:40:48.891 - Current Subscribers: 
bid     | ((9i;`);(11i;`))
quote   | ((9i;`);(11i;`))
statsTab| ,(10i;`)

22:40:49.889 - Records Processed 121
22:40:49.890 - Current Subscribers: 
bid     | ((9i;`);(11i;`))
quote   | ((9i;`);(11i;`))
statsTab| ,(10i;`)

22:40:50.889 - Records Processed 123
22:40:50.890 - Current Subscribers: 
bid     | ((9i;`);(11i;`))
quote   | ((9i;`);(11i;`))
statsTab| ,(10i;`)

22:40:51.889 - Records Processed 125
22:40:51.890 - Current Subscribers: 
bid     | ((9i;`);(11i;`))
quote   | ((9i;`);(11i;`))
statsTab| ,(10i;`)

22:40:52.890 - Records Processed 127
22:40:52.891 - Current Subscribers: 
bid     | ((9i;`);(11i;`))
quote   | ((9i;`);(11i;`))
statsTab| ,(10i;`)

22:40:53.890 - Records Processed 129
22:40:53.891 - Current Subscribers: 
bid     | ((9i;`);(11i;`))
quote   | ((9i;`);(11i;`))
statsTab| ,(10i;`)

22:40:54.890 - Records Processed 131
22:40:54.890 - Current Subscribers: 
bid     | ((9i;`);(11i;`))
quote   | ((9i;`);(11i;`))
statsTab| ,(10i;`)

22:40:55.890 - Records Processed 133
22:40:55.891 - Current Subscribers: 
bid     | ((9i;`);(11i;`))
quote   | ((9i;`);(11i;`))
statsTab| ,(10i;`)

22:40:56.889 - Records Processed 135
22:40:56.890 - Current Subscribers: 
bid     | ((9i;`);(11i;`))
quote   | ((9i;`);(11i;`))
statsTab| ,(10i;`)

22:40:57.891 - Records Processed 137
22:40:57.891 - Current Subscribers: 
bid     | ((9i;`);(11i;`))
quote   | ((9i;`);(11i;`))
statsTab| ,(10i;`)

22:40:58.890 - Records Processed 139
22:40:58.891 - Current Subscribers: 
bid     | ((9i;`);(11i;`))
quote   | ((9i;`);(11i;`))
statsTab| ,(10i;`)

22:40:59.889 - Records Processed 141
22:40:59.890 - Current Subscribers: 
bid     | ((9i;`);(11i;`))
quote   | ((9i;`);(11i;`))
statsTab| ,(10i;`)

22:41:00.889 - Records Processed 143
22:41:00.890 - Current Subscribers: 
bid     | ((9i;`);(11i;`);(12i;`))
quote   | ((9i;`);(11i;`);(12i;`))
statsTab| ((10i;`);(12i;`))

22:41:01.889 - Records Processed 145
22:41:01.891 - Current Subscribers: 
bid     | ((9i;`);(11i;`);(12i;`))
quote   | ((9i;`);(11i;`);(12i;`))
statsTab| ((10i;`);(12i;`))

22:41:02.889 - Records Processed 147
22:41:02.890 - Current Subscribers: 
bid     | ((9i;`);(11i;`);(12i;`))
quote   | ((9i;`);(11i;`);(12i;`))
statsTab| ((10i;`);(12i;`))

22:41:03.890 - Records Processed 149
22:41:03.890 - Current Subscribers: 
bid     | ((9i;`);(11i;`);(12i;`))
quote   | ((9i;`);(11i;`);(12i;`))
statsTab| ((10i;`);(12i;`))

22:41:04.889 - Records Processed 151
22:41:04.890 - Current Subscribers: 
bid     | ((9i;`);(11i;`);(12i;`))
quote   | ((9i;`);(11i;`);(12i;`))
statsTab| ((10i;`);(12i;`))

22:41:05.889 - Records Processed 153
22:41:05.890 - Current Subscribers: 
bid     | ((9i;`);(11i;`);(12i;`))
quote   | ((9i;`);(11i;`);(12i;`))
statsTab| ((10i;`);(12i;`))

22:41:06.890 - Records Processed 155
22:41:06.891 - Current Subscribers: 
bid     | ((9i;`);(11i;`);(12i;`))
quote   | ((9i;`);(11i;`);(12i;`))
statsTab| ((10i;`);(12i;`))

22:41:07.889 - Records Processed 157
22:41:07.890 - Current Subscribers: 
bid     | ((9i;`);(11i;`);(12i;`))
quote   | ((9i;`);(11i;`);(12i;`))
statsTab| ((10i;`);(12i;`))

22:41:08.890 - Records Processed 159
22:41:08.891 - Current Subscribers: 
bid     | ((9i;`);(11i;`);(12i;`))
quote   | ((9i;`);(11i;`);(12i;`))
statsTab| ((10i;`);(12i;`))

22:41:09.890 - Records Processed 161
22:41:09.891 - Current Subscribers: 
bid     | ((9i;`);(11i;`);(12i;`))
quote   | ((9i;`);(11i;`);(12i;`))
statsTab| ((10i;`);(12i;`))

22:41:10.890 - Records Processed 163
22:41:10.891 - Current Subscribers: 
bid     | ((9i;`);(11i;`);(12i;`))
quote   | ((9i;`);(11i;`);(12i;`))
statsTab| ((10i;`);(12i;`))

22:41:11.890 - Records Processed 165
22:41:11.891 - Current Subscribers: 
bid     | ((9i;`);(11i;`);(12i;`))
quote   | ((9i;`);(11i;`);(12i;`))
statsTab| ((10i;`);(12i;`))

22:41:12.890 - Records Processed 167
22:41:12.890 - Current Subscribers: 
bid     | ((9i;`);(11i;`);(12i;`))
quote   | ((9i;`);(11i;`);(12i;`))
statsTab| ((10i;`);(12i;`))

22:41:13.889 - Records Processed 169
22:41:13.890 - Current Subscribers: 
bid     | ((9i;`);(11i;`);(12i;`))
quote   | ((9i;`);(11i;`);(12i;`))
statsTab| ((10i;`);(12i;`))

22:41:14.889 - Records Processed 171
22:41:14.890 - Current Subscribers: 
bid     | ((9i;`);(11i;`);(12i;`))
quote   | ((9i;`);(11i;`);(12i;`))
statsTab| ((10i;`);(12i;`))

22:41:15.890 - Records Processed 173
22:41:15.891 - Current Subscribers: 
bid     | ((9i;`);(11i;`);(12i;`))
quote   | ((9i;`);(11i;`);(12i;`))
statsTab| ((10i;`);(12i;`))

22:41:16.890 - Records Processed 175
22:41:16.891 - Current Subscribers: 
bid     | ((9i;`);(11i;`);(12i;`))
quote   | ((9i;`);(11i;`);(12i;`))
statsTab| ((10i;`);(12i;`))

22:41:17.890 - Records Processed 177
22:41:17.891 - Current Subscribers: 
bid     | ((9i;`);(11i;`);(12i;`))
quote   | ((9i;`);(11i;`);(12i;`))
statsTab| ((10i;`);(12i;`))

22:41:18.890 - Records Processed 179
22:41:18.891 - Current Subscribers: 
bid     | ((9i;`);(11i;`);(12i;`))
quote   | ((9i;`);(11i;`);(12i;`))
statsTab| ((10i;`);(12i;`))

22:41:19.890 - Records Processed 181
22:41:19.891 - Current Subscribers: 
bid     | ((9i;`);(11i;`);(12i;`))
quote   | ((9i;`);(11i;`);(12i;`))
statsTab| ((10i;`);(12i;`))

22:41:20.889 - Records Processed 183
22:41:20.890 - Current Subscribers: 
bid     | ((9i;`);(11i;`);(12i;`))
quote   | ((9i;`);(11i;`);(12i;`))
statsTab| ((10i;`);(12i;`))

22:41:21.890 - Records Processed 185
22:41:21.891 - Current Subscribers: 
bid     | ((9i;`);(11i;`);(12i;`))
quote   | ((9i;`);(11i;`);(12i;`))
statsTab| ((10i;`);(12i;`))

22:41:22.890 - Records Processed 187
22:41:22.891 - Current Subscribers: 
bid     | ((9i;`);(11i;`);(12i;`))
quote   | ((9i;`);(11i;`);(12i;`))
statsTab| ((10i;`);(12i;`))

22:41:23.890 - Records Processed 189
22:41:23.892 - Current Subscribers: 
bid     | ((9i;`);(11i;`);(12i;`))
quote   | ((9i;`);(11i;`);(12i;`))
statsTab| ((10i;`);(12i;`))

22:41:24.891 - Records Processed 191
22:41:24.891 - Current Subscribers: 
bid     | ((9i;`);(11i;`);(12i;`))
quote   | ((9i;`);(11i;`);(12i;`))
statsTab| ((10i;`);(12i;`))

22:41:25.891 - Records Processed 193
22:41:25.891 - Current Subscribers: 
bid     | ((9i;`);(11i;`);(12i;`))
quote   | ((9i;`);(11i;`);(12i;`))
statsTab| ((10i;`);(12i;`))

22:41:26.890 - Records Processed 195
22:41:26.891 - Current Subscribers: 
bid     | ((9i;`);(11i;`);(12i;`))
quote   | ((9i;`);(11i;`);(12i;`))
statsTab| ((10i;`);(12i;`))

22:41:27.890 - Records Processed 197
22:41:27.890 - Current Subscribers: 
bid     | ((9i;`);(11i;`);(12i;`))
quote   | ((9i;`);(11i;`);(12i;`))
statsTab| ((10i;`);(12i;`))

22:41:28.890 - Records Processed 199
22:41:28.891 - Current Subscribers: 
bid     | ((9i;`);(11i;`);(12i;`))
quote   | ((9i;`);(11i;`);(12i;`))
statsTab| ((10i;`);(12i;`))

22:41:29.890 - Records Processed 201
22:41:29.891 - Current Subscribers: 
bid     | ((9i;`);(11i;`);(12i;`))
quote   | ((9i;`);(11i;`);(12i;`))
statsTab| ((10i;`);(12i;`))

22:41:30.890 - Records Processed 203
22:41:30.890 - Current Subscribers: 
bid     | ((9i;`);(11i;`);(12i;`))
quote   | ((9i;`);(11i;`);(12i;`))
statsTab| ((10i;`);(12i;`))

22:41:31.890 - Records Processed 205
22:41:31.891 - Current Subscribers: 
bid     | ((9i;`);(11i;`);(12i;`))
quote   | ((9i;`);(11i;`);(12i;`))
statsTab| ((10i;`);(12i;`))

22:41:32.890 - Records Processed 207
22:41:32.890 - Current Subscribers: 
bid     | ((9i;`);(11i;`);(12i;`))
quote   | ((9i;`);(11i;`);(12i;`))
statsTab| ((10i;`);(12i;`))

22:41:33.890 - Records Processed 209
22:41:33.891 - Current Subscribers: 
bid     | ((9i;`);(11i;`);(12i;`))
quote   | ((9i;`);(11i;`);(12i;`))
statsTab| ((10i;`);(12i;`))

22:41:34.890 - Records Processed 211
22:41:34.890 - Current Subscribers: 
bid     | ((9i;`);(11i;`);(12i;`))
quote   | ((9i;`);(11i;`);(12i;`))
statsTab| ((10i;`);(12i;`))

22:41:35.890 - Records Processed 213
22:41:35.891 - Current Subscribers: 
bid     | ((9i;`);(11i;`);(12i;`))
quote   | ((9i;`);(11i;`);(12i;`))
statsTab| ((10i;`);(12i;`))

22:41:36.890 - Records Processed 215
22:41:36.891 - Current Subscribers: 
bid     | ((9i;`);(11i;`);(12i;`))
quote   | ((9i;`);(11i;`);(12i;`))
statsTab| ((10i;`);(12i;`))

22:41:37.890 - Records Processed 217
22:41:37.890 - Current Subscribers: 
bid     | ((9i;`);(11i;`);(12i;`))
quote   | ((9i;`);(11i;`);(12i;`))
statsTab| ((10i;`);(12i;`))

22:41:38.890 - Records Processed 219
22:41:38.891 - Current Subscribers: 
bid     | ((9i;`);(11i;`);(12i;`))
quote   | ((9i;`);(11i;`);(12i;`))
statsTab| ((10i;`);(12i;`))

22:41:39.890 - Records Processed 221
22:41:39.891 - Current Subscribers: 
bid     | ((9i;`);(11i;`);(12i;`))
quote   | ((9i;`);(11i;`);(12i;`))
statsTab| ((10i;`);(12i;`))

22:41:40.889 - Records Processed 223
22:41:40.890 - Current Subscribers: 
bid     | ((9i;`);(11i;`);(12i;`))
quote   | ((9i;`);(11i;`);(12i;`))
statsTab| ((10i;`);(12i;`))

22:41:41.889 - Records Processed 225
22:41:41.890 - Current Subscribers: 
bid     | ((9i;`);(11i;`);(12i;`))
quote   | ((9i;`);(11i;`);(12i;`))
statsTab| ((10i;`);(12i;`))

22:41:42.890 - Records Processed 227
22:41:42.891 - Current Subscribers: 
bid     | ((9i;`);(11i;`);(12i;`))
quote   | ((9i;`);(11i;`);(12i;`))
statsTab| ((10i;`);(12i;`))

22:41:43.890 - Records Processed 229
22:41:43.891 - Current Subscribers: 
bid     | ((9i;`);(11i;`);(12i;`))
quote   | ((9i;`);(11i;`);(12i;`))
statsTab| ((10i;`);(12i;`))

22:41:44.889 - Records Processed 231
22:41:44.890 - Current Subscribers: 
bid     | ((9i;`);(11i;`);(12i;`))
quote   | ((9i;`);(11i;`);(12i;`))
statsTab| ((10i;`);(12i;`))

22:41:45.890 - Records Processed 233
22:41:45.890 - Current Subscribers: 
bid     | ((9i;`);(11i;`);(12i;`))
quote   | ((9i;`);(11i;`);(12i;`))
statsTab| ((10i;`);(12i;`))

22:41:46.890 - Records Processed 235
22:41:46.890 - Current Subscribers: 
bid     | ((9i;`);(11i;`);(12i;`))
quote   | ((9i;`);(11i;`);(12i;`))
statsTab| ((10i;`);(12i;`))

22:41:47.890 - Records Processed 237
22:41:47.890 - Current Subscribers: 
bid     | ((9i;`);(11i;`);(12i;`))
quote   | ((9i;`);(11i;`);(12i;`))
statsTab| ((10i;`);(12i;`))

22:41:48.889 - Records Processed 239
22:41:48.890 - Current Subscribers: 
bid     | ((9i;`);(11i;`);(12i;`))
quote   | ((9i;`);(11i;`);(12i;`))
statsTab| ((10i;`);(12i;`))

22:41:49.890 - Records Processed 241
22:41:49.891 - Current Subscribers: 
bid     | ((9i;`);(11i;`);(12i;`))
quote   | ((9i;`);(11i;`);(12i;`))
statsTab| ((10i;`);(12i;`))

22:41:50.890 - Records Processed 243
22:41:50.891 - Current Subscribers: 
bid     | ((9i;`);(11i;`);(12i;`))
quote   | ((9i;`);(11i;`);(12i;`))
statsTab| ((10i;`);(12i;`))

22:41:51.889 - Records Processed 245
22:41:51.890 - Current Subscribers: 
bid     | ((9i;`);(11i;`);(12i;`))
quote   | ((9i;`);(11i;`);(12i;`))
statsTab| ((10i;`);(12i;`))

22:41:52.890 - Records Processed 247
22:41:52.891 - Current Subscribers: 
bid     | ((9i;`);(11i;`);(12i;`))
quote   | ((9i;`);(11i;`);(12i;`))
statsTab| ((10i;`);(12i;`))

22:41:53.890 - Records Processed 249
22:41:53.890 - Current Subscribers: 
bid     | ((9i;`);(11i;`);(12i;`))
quote   | ((9i;`);(11i;`);(12i;`))
statsTab| ((10i;`);(12i;`))

22:41:54.890 - Records Processed 251
22:41:54.891 - Current Subscribers: 
bid     | ((9i;`);(11i;`);(12i;`))
quote   | ((9i;`);(11i;`);(12i;`))
statsTab| ((10i;`);(12i;`))

22:41:55.889 - Records Processed 253
22:41:55.890 - Current Subscribers: 
bid     | ((9i;`);(11i;`);(12i;`))
quote   | ((9i;`);(11i;`);(12i;`))
statsTab| ((10i;`);(12i;`))

22:41:56.890 - Records Processed 255
22:41:56.891 - Current Subscribers: 
bid     | ((9i;`);(11i;`);(12i;`))
quote   | ((9i;`);(11i;`);(12i;`))
statsTab| ((10i;`);(12i;`))

22:41:57.890 - Records Processed 257
22:41:57.890 - Current Subscribers: 
bid     | ((9i;`);(11i;`);(12i;`))
quote   | ((9i;`);(11i;`);(12i;`))
statsTab| ((10i;`);(12i;`))

22:41:58.890 - Records Processed 259
22:41:58.891 - Current Subscribers: 
bid     | ((9i;`);(11i;`);(12i;`))
quote   | ((9i;`);(11i;`);(12i;`))
statsTab| ((10i;`);(12i;`))

22:41:59.890 - Records Processed 261
22:41:59.891 - Current Subscribers: 
bid     | ((9i;`);(11i;`);(12i;`))
quote   | ((9i;`);(11i;`);(12i;`))
statsTab| ((10i;`);(12i;`))

22:42:00.890 - Records Processed 263
22:42:00.891 - Current Subscribers: 
bid     | ((9i;`);(11i;`);(12i;`))
quote   | ((9i;`);(11i;`);(12i;`))
statsTab| ((10i;`);(12i;`))

22:42:01.889 - Records Processed 265
22:42:01.890 - Current Subscribers: 
bid     | ((9i;`);(11i;`);(12i;`))
quote   | ((9i;`);(11i;`);(12i;`))
statsTab| ((10i;`);(12i;`))

22:42:02.889 - Records Processed 267
22:42:02.890 - Current Subscribers: 
bid     | ((9i;`);(11i;`);(12i;`))
quote   | ((9i;`);(11i;`);(12i;`))
statsTab| ((10i;`);(12i;`))

22:42:03.890 - Records Processed 269
22:42:03.891 - Current Subscribers: 
bid     | ((9i;`);(11i;`);(12i;`))
quote   | ((9i;`);(11i;`);(12i;`))
statsTab| ((10i;`);(12i;`))

22:42:04.890 - Records Processed 271
22:42:04.891 - Current Subscribers: 
bid     | ((9i;`);(11i;`);(12i;`))
quote   | ((9i;`);(11i;`);(12i;`))
statsTab| ((10i;`);(12i;`))

22:42:05.890 - Records Processed 273
22:42:05.891 - Current Subscribers: 
bid     | ((9i;`);(11i;`);(12i;`))
quote   | ((9i;`);(11i;`);(12i;`))
statsTab| ((10i;`);(12i;`))

22:42:06.890 - Records Processed 275
22:42:06.891 - Current Subscribers: 
bid     | ((9i;`);(11i;`);(12i;`))
quote   | ((9i;`);(11i;`);(12i;`))
statsTab| ((10i;`);(12i;`))

