13:57:09.975 - Records Processed 0
13:57:09.975 - Current Subscribers: 
bid     | 
quote   | 
statsTab| 

13:57:10.737 - Records Processed 0
13:57:10.745 - Current Subscribers: 
bid     | 
quote   | 
statsTab| 

13:57:11.740 - Records Processed 1
13:57:11.741 - Current Subscribers: 
bid     | 
quote   | 
statsTab| 

13:57:12.976 - Records Processed 2
13:57:12.977 - Current Subscribers: 
bid     | 
quote   | 
statsTab| 

13:57:13.978 - Records Processed 2
13:57:13.979 - Current Subscribers: 
bid     | 
quote   | 
statsTab| 

13:57:14.978 - Records Processed 2
13:57:14.978 - Current Subscribers: 
bid     | 
quote   | 
statsTab| 

13:57:15.976 - Records Processed 2
13:57:15.976 - Current Subscribers: 
bid     | ()
quote   | ()
statsTab| ,(8i;`)

13:57:16.977 - Records Processed 2
13:57:16.978 - Current Subscribers: 
bid     | ()
quote   | ()
statsTab| ,(8i;`)

13:57:17.977 - Records Processed 2
13:57:17.978 - Current Subscribers: 
bid     | ()
quote   | ()
statsTab| ,(8i;`)

13:57:18.977 - Records Processed 2
13:57:18.978 - Current Subscribers: 
bid     | ()
quote   | ()
statsTab| ,(8i;`)

13:57:19.976 - Records Processed 2
13:57:19.977 - Current Subscribers: 
bid     | 9i `
quote   | 9i `
statsTab| 8i `

13:57:20.977 - Records Processed 2
13:57:20.978 - Current Subscribers: 
bid     | 9i `
quote   | 9i `
statsTab| 8i `

13:57:21.976 - Records Processed 2
13:57:21.977 - Current Subscribers: 
bid     | ((9i;`);(10i;`))
quote   | ((9i;`);(10i;`))
statsTab| ,(8i;`)

13:57:22.978 - Records Processed 2
13:57:22.979 - Current Subscribers: 
bid     | ((9i;`);(10i;`))
quote   | ((9i;`);(10i;`))
statsTab| ,(8i;`)

13:57:23.978 - Records Processed 2
13:57:23.979 - Current Subscribers: 
bid     | ((9i;`);(10i;`))
quote   | ((9i;`);(10i;`))
statsTab| ,(8i;`)

13:57:24.978 - Records Processed 2
13:57:24.978 - Current Subscribers: 
bid     | ((9i;`);(10i;`))
quote   | ((9i;`);(10i;`))
statsTab| ,(8i;`)

13:57:25.977 - Records Processed 2
13:57:25.978 - Current Subscribers: 
bid     | ((9i;`);(10i;`))
quote   | ((9i;`);(10i;`))
statsTab| ,(8i;`)

13:57:26.978 - Records Processed 2
13:57:26.978 - Current Subscribers: 
bid     | ((9i;`);(10i;`))
quote   | ((9i;`);(10i;`))
statsTab| ,(8i;`)

13:57:27.979 - Records Processed 2
13:57:27.979 - Current Subscribers: 
bid     | ((9i;`);(10i;`))
quote   | ((9i;`);(10i;`))
statsTab| ,(8i;`)

13:57:28.978 - Records Processed 2
13:57:28.978 - Current Subscribers: 
bid     | ((9i;`);(10i;`))
quote   | ((9i;`);(10i;`))
statsTab| ,(8i;`)

13:57:29.978 - Records Processed 2
13:57:29.980 - Current Subscribers: 
bid     | ((9i;`);(10i;`))
quote   | ((9i;`);(10i;`))
statsTab| ,(8i;`)

13:57:30.980 - Records Processed 2
13:57:30.980 - Current Subscribers: 
bid     | ((9i;`);(10i;`))
quote   | ((9i;`);(10i;`))
statsTab| ,(8i;`)

13:57:31.977 - Records Processed 2
13:57:31.977 - Current Subscribers: 
bid     | ((9i;`);(10i;`))
quote   | ((9i;`);(10i;`))
statsTab| ,(8i;`)

13:57:32.977 - Records Processed 2
13:57:32.978 - Current Subscribers: 
bid     | ((9i;`);(10i;`))
quote   | ((9i;`);(10i;`))
statsTab| ,(8i;`)

13:57:33.978 - Records Processed 2
13:57:33.980 - Current Subscribers: 
bid     | ((9i;`);(10i;`))
quote   | ((9i;`);(10i;`))
statsTab| ,(8i;`)

13:57:34.978 - Records Processed 2
13:57:34.978 - Current Subscribers: 
bid     | ((9i;`);(10i;`))
quote   | ((9i;`);(10i;`))
statsTab| ,(8i;`)

13:57:35.978 - Records Processed 2
13:57:35.979 - Current Subscribers: 
bid     | ((9i;`);(10i;`))
quote   | ((9i;`);(10i;`))
statsTab| ,(8i;`)

13:57:36.977 - Records Processed 2
13:57:36.978 - Current Subscribers: 
bid     | ((9i;`);(10i;`))
quote   | ((9i;`);(10i;`))
statsTab| ,(8i;`)

13:57:37.977 - Records Processed 2
13:57:37.978 - Current Subscribers: 
bid     | ((9i;`);(10i;`))
quote   | ((9i;`);(10i;`))
statsTab| ,(8i;`)

13:57:38.977 - Records Processed 2
13:57:38.978 - Current Subscribers: 
bid     | ((9i;`);(10i;`))
quote   | ((9i;`);(10i;`))
statsTab| ,(8i;`)

13:57:39.978 - Records Processed 2
13:57:39.978 - Current Subscribers: 
bid     | ((9i;`);(10i;`))
quote   | ((9i;`);(10i;`))
statsTab| ,(8i;`)

13:57:40.977 - Records Processed 2
13:57:40.977 - Current Subscribers: 
bid     | ((9i;`);(10i;`))
quote   | ((9i;`);(10i;`))
statsTab| ,(8i;`)

13:57:41.977 - Records Processed 2
13:57:41.978 - Current Subscribers: 
bid     | ((9i;`);(10i;`))
quote   | ((9i;`);(10i;`))
statsTab| ,(8i;`)

13:57:42.542 - Records Processed 2
13:57:42.542 - Current Subscribers: 
bid     | ((9i;`);(10i;`))
quote   | ((9i;`);(10i;`))
statsTab| ,(8i;`)

13:57:43.976 - Records Processed 2
13:57:43.977 - Current Subscribers: 
bid     | ((9i;`);(10i;`))
quote   | ((9i;`);(10i;`))
statsTab| ,(8i;`)

13:57:44.977 - Records Processed 2
13:57:44.977 - Current Subscribers: 
bid     | ((9i;`);(10i;`))
quote   | ((9i;`);(10i;`))
statsTab| ,(8i;`)

13:57:45.977 - Records Processed 2
13:57:45.978 - Current Subscribers: 
bid     | ((9i;`);(10i;`))
quote   | ((9i;`);(10i;`))
statsTab| ,(8i;`)

13:57:46.982 - Records Processed 2
13:57:46.983 - Current Subscribers: 
bid     | ((9i;`);(10i;`))
quote   | ((9i;`);(10i;`))
statsTab| ,(8i;`)

13:57:47.979 - Records Processed 2
13:57:47.980 - Current Subscribers: 
bid     | ((9i;`);(10i;`))
quote   | ((9i;`);(10i;`))
statsTab| ,(8i;`)

13:57:48.978 - Records Processed 2
13:57:48.979 - Current Subscribers: 
bid     | ((9i;`);(10i;`))
quote   | ((9i;`);(10i;`))
statsTab| ,(8i;`)

13:57:49.977 - Records Processed 2
13:57:49.978 - Current Subscribers: 
bid     | ((9i;`);(10i;`))
quote   | ((9i;`);(10i;`))
statsTab| ,(8i;`)

13:57:50.976 - Records Processed 2
13:57:50.976 - Current Subscribers: 
bid     | ((9i;`);(10i;`))
quote   | ((9i;`);(10i;`))
statsTab| ,(8i;`)

13:57:51.978 - Records Processed 2
13:57:51.978 - Current Subscribers: 
bid     | ((9i;`);(10i;`))
quote   | ((9i;`);(10i;`))
statsTab| ,(8i;`)

13:57:52.976 - Records Processed 2
13:57:52.976 - Current Subscribers: 
bid     | ((9i;`);(10i;`))
quote   | ((9i;`);(10i;`))
statsTab| ,(8i;`)

13:57:53.977 - Records Processed 2
13:57:53.977 - Current Subscribers: 
bid     | ((9i;`);(10i;`))
quote   | ((9i;`);(10i;`))
statsTab| ,(8i;`)

13:57:54.976 - Records Processed 2
13:57:54.977 - Current Subscribers: 
bid     | ((9i;`);(10i;`))
quote   | ((9i;`);(10i;`))
statsTab| ,(8i;`)

13:57:55.982 - Records Processed 2
13:57:55.984 - Current Subscribers: 
bid     | ((9i;`);(10i;`))
quote   | ((9i;`);(10i;`))
statsTab| ,(8i;`)

13:57:56.981 - Records Processed 2
13:57:56.982 - Current Subscribers: 
bid     | ((9i;`);(10i;`))
quote   | ((9i;`);(10i;`))
statsTab| ,(8i;`)

13:57:57.977 - Records Processed 2
13:57:57.978 - Current Subscribers: 
bid     | ((9i;`);(10i;`))
quote   | ((9i;`);(10i;`))
statsTab| ,(8i;`)

13:57:58.977 - Records Processed 2
13:57:58.977 - Current Subscribers: 
bid     | ((9i;`);(10i;`))
quote   | ((9i;`);(10i;`))
statsTab| ,(8i;`)

13:57:59.977 - Records Processed 2
13:57:59.977 - Current Subscribers: 
bid     | ((9i;`);(10i;`))
quote   | ((9i;`);(10i;`))
statsTab| ,(8i;`)

13:58:00.456 - Records Processed 2
13:58:00.457 - Current Subscribers: 
bid     | ((9i;`);(10i;`))
quote   | ((9i;`);(10i;`))
statsTab| ,(8i;`)

