10:10:25.496 - Records Processed 0
10:10:25.497 - Current Subscribers: 
bid     | 
quote   | 
statsTab| 

10:10:26.498 - Records Processed 0
10:10:26.498 - Current Subscribers: 
bid     | 
quote   | 
statsTab| 

10:10:27.498 - Records Processed 0
10:10:27.498 - Current Subscribers: 
bid     | 
quote   | 
statsTab| 

10:10:28.498 - Records Processed 0
10:10:28.498 - Current Subscribers: 
bid     | 
quote   | 
statsTab| 

10:10:29.499 - Records Processed 0
10:10:29.499 - Current Subscribers: 
bid     | 
quote   | 
statsTab| 

10:10:30.498 - Records Processed 0
10:10:30.498 - Current Subscribers: 
bid     | 
quote   | 
statsTab| 

10:10:31.498 - Records Processed 0
10:10:31.498 - Current Subscribers: 
bid     | 
quote   | 
statsTab| 

10:10:32.499 - Records Processed 0
10:10:32.499 - Current Subscribers: 
bid     | 
quote   | 
statsTab| 

10:10:33.498 - Records Processed 0
10:10:33.498 - Current Subscribers: 
bid     | 
quote   | 
statsTab| 

10:10:34.498 - Records Processed 0
10:10:34.498 - Current Subscribers: 
bid     | 
quote   | 
statsTab| 

10:10:35.498 - Records Processed 0
10:10:35.498 - Current Subscribers: 
bid     | 
quote   | 
statsTab| 

10:10:36.498 - Records Processed 0
10:10:36.498 - Current Subscribers: 
bid     | 
quote   | 
statsTab| 

10:10:37.499 - Records Processed 0
10:10:37.499 - Current Subscribers: 
bid     | 
quote   | 
statsTab| 

10:10:38.498 - Records Processed 0
10:10:38.498 - Current Subscribers: 
bid     | 
quote   | 
statsTab| 

10:10:39.498 - Records Processed 0
10:10:39.498 - Current Subscribers: 
bid     | 
quote   | 
statsTab| 

10:10:40.498 - Records Processed 0
10:10:40.498 - Current Subscribers: 
bid     | 
quote   | 
statsTab| 

10:10:41.499 - Records Processed 0
10:10:41.499 - Current Subscribers: 
bid     | 
quote   | 
statsTab| 

10:10:42.498 - Records Processed 0
10:10:42.498 - Current Subscribers: 
bid     | 
quote   | 
statsTab| 

10:10:43.498 - Records Processed 0
10:10:43.498 - Current Subscribers: 
bid     | 
quote   | 
statsTab| 

10:10:44.498 - Records Processed 0
10:10:44.500 - Current Subscribers: 
bid     | 
quote   | 
statsTab| 

10:10:45.499 - Records Processed 0
10:10:45.499 - Current Subscribers: 
bid     | 
quote   | 
statsTab| 

10:10:46.498 - Records Processed 0
10:10:46.498 - Current Subscribers: 
bid     | 
quote   | 
statsTab| 

10:10:47.498 - Records Processed 0
10:10:47.498 - Current Subscribers: 
bid     | 
quote   | 
statsTab| 

10:10:48.498 - Records Processed 0
10:10:48.498 - Current Subscribers: 
bid     | 
quote   | 
statsTab| 

10:10:49.498 - Records Processed 0
10:10:49.498 - Current Subscribers: 
bid     | 
quote   | 
statsTab| 

10:10:50.498 - Records Processed 0
10:10:50.498 - Current Subscribers: 
bid     | 
quote   | 
statsTab| 

10:10:51.498 - Records Processed 0
10:10:51.498 - Current Subscribers: 
bid     | 
quote   | 
statsTab| 

10:10:52.498 - Records Processed 0
10:10:52.498 - Current Subscribers: 
bid     | 
quote   | 
statsTab| 

10:10:53.499 - Records Processed 0
10:10:53.499 - Current Subscribers: 
bid     | 
quote   | 
statsTab| 

10:10:54.498 - Records Processed 0
10:10:54.498 - Current Subscribers: 
bid     | 
quote   | 
statsTab| 

10:10:55.499 - Records Processed 0
10:10:55.499 - Current Subscribers: 
bid     | 
quote   | 
statsTab| 

10:10:56.498 - Records Processed 0
10:10:56.498 - Current Subscribers: 
bid     | 
quote   | 
statsTab| 

10:10:57.498 - Records Processed 0
10:10:57.498 - Current Subscribers: 
bid     | 
quote   | 
statsTab| 

10:10:58.498 - Records Processed 0
10:10:58.498 - Current Subscribers: 
bid     | 
quote   | 
statsTab| 

10:10:59.498 - Records Processed 0
10:10:59.498 - Current Subscribers: 
bid     | 
quote   | 
statsTab| 

10:11:00.498 - Records Processed 0
10:11:00.498 - Current Subscribers: 
bid     | 
quote   | 
statsTab| 

10:11:01.498 - Records Processed 0
10:11:01.498 - Current Subscribers: 
bid     | 
quote   | 
statsTab| 

10:11:02.498 - Records Processed 0
10:11:02.498 - Current Subscribers: 
bid     | 
quote   | 
statsTab| 

10:11:03.498 - Records Processed 0
10:11:03.498 - Current Subscribers: 
bid     | ()
quote   | ()
statsTab| ,(8i;`)

10:11:04.498 - Records Processed 0
10:11:04.498 - Current Subscribers: 
bid     | ()
quote   | ()
statsTab| ,(8i;`)

10:11:05.497 - Records Processed 0
10:11:05.497 - Current Subscribers: 
bid     | 9i `
quote   | 9i `
statsTab| 8i `

10:11:06.498 - Records Processed 0
10:11:06.499 - Current Subscribers: 
bid     | 9i `
quote   | 9i `
statsTab| 8i `

10:11:07.498 - Records Processed 0
10:11:07.498 - Current Subscribers: 
bid     | 9i `
quote   | 9i `
statsTab| 8i `

10:11:08.498 - Records Processed 0
10:11:08.498 - Current Subscribers: 
bid     | 9i `
quote   | 9i `
statsTab| 8i `

10:11:09.498 - Records Processed 0
10:11:09.499 - Current Subscribers: 
bid     | 9i `
quote   | 9i `
statsTab| 8i `

10:11:10.498 - Records Processed 0
10:11:10.498 - Current Subscribers: 
bid     | 9i `
quote   | 9i `
statsTab| 8i `

10:11:11.498 - Records Processed 0
10:11:11.499 - Current Subscribers: 
bid     | 9i `
quote   | 9i `
statsTab| 8i `

10:11:12.499 - Records Processed 0
10:11:12.499 - Current Subscribers: 
bid     | 9i `
quote   | 9i `
statsTab| 8i `

10:11:13.498 - Records Processed 0
10:11:13.498 - Current Subscribers: 
bid     | 9i `
quote   | 9i `
statsTab| 8i `

10:11:14.498 - Records Processed 0
10:11:14.498 - Current Subscribers: 
bid     | 9i `
quote   | 9i `
statsTab| 8i `

10:11:15.499 - Records Processed 0
10:11:15.499 - Current Subscribers: 
bid     | 9i `
quote   | 9i `
statsTab| 8i `

10:11:16.499 - Records Processed 0
10:11:16.499 - Current Subscribers: 
bid     | 9i `
quote   | 9i `
statsTab| 8i `

10:11:17.499 - Records Processed 0
10:11:17.499 - Current Subscribers: 
bid     | 9i `
quote   | 9i `
statsTab| 8i `

10:11:18.498 - Records Processed 0
10:11:18.498 - Current Subscribers: 
bid     | 9i `
quote   | 9i `
statsTab| 8i `

10:11:19.498 - Records Processed 0
10:11:19.499 - Current Subscribers: 
bid     | 9i `
quote   | 9i `
statsTab| 8i `

10:11:20.499 - Records Processed 0
10:11:20.499 - Current Subscribers: 
bid     | 9i `
quote   | 9i `
statsTab| 8i `

10:11:21.498 - Records Processed 0
10:11:21.498 - Current Subscribers: 
bid     | 9i `
quote   | 9i `
statsTab| 8i `

10:11:22.498 - Records Processed 0
10:11:22.498 - Current Subscribers: 
bid     | 9i `
quote   | 9i `
statsTab| 8i `

10:11:23.497 - Records Processed 0
10:11:23.498 - Current Subscribers: 
bid     | 9i `
quote   | 9i `
statsTab| 8i `

10:11:24.498 - Records Processed 0
10:11:24.499 - Current Subscribers: 
bid     | 9i `
quote   | 9i `
statsTab| 8i `

10:11:25.499 - Records Processed 0
10:11:25.499 - Current Subscribers: 
bid     | 9i `
quote   | 9i `
statsTab| 8i `

10:11:26.499 - Records Processed 0
10:11:26.499 - Current Subscribers: 
bid     | 9i `
quote   | 9i `
statsTab| 8i `

10:11:27.498 - Records Processed 0
10:11:27.498 - Current Subscribers: 
bid     | 9i `
quote   | 9i `
statsTab| 8i `

10:11:28.497 - Records Processed 0
10:11:28.497 - Current Subscribers: 
bid     | 9i `
quote   | 9i `
statsTab| 8i `

10:11:29.498 - Records Processed 0
10:11:29.498 - Current Subscribers: 
bid     | 9i `
quote   | 9i `
statsTab| 8i `

10:11:30.499 - Records Processed 0
10:11:30.499 - Current Subscribers: 
bid     | 9i `
quote   | 9i `
statsTab| 8i `

10:11:31.498 - Records Processed 0
10:11:31.499 - Current Subscribers: 
bid     | 9i `
quote   | 9i `
statsTab| 8i `

10:11:32.499 - Records Processed 0
10:11:32.499 - Current Subscribers: 
bid     | 9i `
quote   | 9i `
statsTab| 8i `

10:11:33.208 - Records Processed 0
10:11:33.208 - Current Subscribers: 
bid     | 9i `
quote   | 9i `
statsTab| 8i `

10:11:34.209 - Records Processed 1
10:11:34.209 - Current Subscribers: 
bid     | 9i `
quote   | 9i `
statsTab| 8i `

10:11:35.209 - Records Processed 2
10:11:35.209 - Current Subscribers: 
bid     | 9i `
quote   | 9i `
statsTab| 8i `

10:11:36.210 - Records Processed 3
10:11:36.210 - Current Subscribers: 
bid     | 9i `
quote   | 9i `
statsTab| 8i `

10:11:37.210 - Records Processed 4
10:11:37.210 - Current Subscribers: 
bid     | 9i `
quote   | 9i `
statsTab| 8i `

10:11:38.209 - Records Processed 5
10:11:38.210 - Current Subscribers: 
bid     | 9i `
quote   | 9i `
statsTab| 8i `

10:11:39.210 - Records Processed 6
10:11:39.210 - Current Subscribers: 
bid     | 9i `
quote   | 9i `
statsTab| 8i `

10:11:40.210 - Records Processed 7
10:11:40.210 - Current Subscribers: 
bid     | 9i `
quote   | 9i `
statsTab| 8i `

10:11:41.210 - Records Processed 8
10:11:41.210 - Current Subscribers: 
bid     | 9i `
quote   | 9i `
statsTab| 8i `

10:11:42.209 - Records Processed 9
10:11:42.210 - Current Subscribers: 
bid     | 9i `
quote   | 9i `
statsTab| 8i `

10:11:43.209 - Records Processed 10
10:11:43.210 - Current Subscribers: 
bid     | 9i `
quote   | 9i `
statsTab| 8i `

10:11:44.210 - Records Processed 11
10:11:44.210 - Current Subscribers: 
bid     | 9i `
quote   | 9i `
statsTab| 8i `

10:11:45.210 - Records Processed 12
10:11:45.210 - Current Subscribers: 
bid     | 9i `
quote   | 9i `
statsTab| 8i `

10:11:46.210 - Records Processed 13
10:11:46.210 - Current Subscribers: 
bid     | 9i `
quote   | 9i `
statsTab| 8i `

10:11:47.209 - Records Processed 14
10:11:47.209 - Current Subscribers: 
bid     | 9i `
quote   | 9i `
statsTab| 8i `

10:11:48.210 - Records Processed 15
10:11:48.210 - Current Subscribers: 
bid     | 9i `
quote   | 9i `
statsTab| 8i `

10:11:49.210 - Records Processed 16
10:11:49.210 - Current Subscribers: 
bid     | 9i `
quote   | 9i `
statsTab| 8i `

10:11:50.210 - Records Processed 17
10:11:50.210 - Current Subscribers: 
bid     | 9i `
quote   | 9i `
statsTab| 8i `

10:11:51.210 - Records Processed 18
10:11:51.210 - Current Subscribers: 
bid     | 9i `
quote   | 9i `
statsTab| 8i `

10:11:52.210 - Records Processed 19
10:11:52.210 - Current Subscribers: 
bid     | 9i `
quote   | 9i `
statsTab| 8i `

10:11:53.210 - Records Processed 20
10:11:53.211 - Current Subscribers: 
bid     | 9i `
quote   | 9i `
statsTab| 8i `

10:11:54.209 - Records Processed 21
10:11:54.209 - Current Subscribers: 
bid     | 9i `
quote   | 9i `
statsTab| 8i `

10:11:55.210 - Records Processed 22
10:11:55.210 - Current Subscribers: 
bid     | 9i `
quote   | 9i `
statsTab| 8i `

10:11:56.210 - Records Processed 23
10:11:56.210 - Current Subscribers: 
bid     | 9i `
quote   | 9i `
statsTab| 8i `

10:11:57.209 - Records Processed 24
10:11:57.210 - Current Subscribers: 
bid     | 9i `
quote   | 9i `
statsTab| 8i `

10:11:58.209 - Records Processed 25
10:11:58.210 - Current Subscribers: 
bid     | 9i `
quote   | 9i `
statsTab| 8i `

10:11:59.211 - Records Processed 26
10:11:59.212 - Current Subscribers: 
bid     | 9i `
quote   | 9i `
statsTab| 8i `

10:12:00.210 - Records Processed 27
10:12:00.210 - Current Subscribers: 
bid     | 9i `
quote   | 9i `
statsTab| 8i `

10:12:01.209 - Records Processed 28
10:12:01.210 - Current Subscribers: 
bid     | 9i `
quote   | 9i `
statsTab| 8i `

10:12:02.210 - Records Processed 29
10:12:02.210 - Current Subscribers: 
bid     | 9i `
quote   | 9i `
statsTab| 8i `

10:12:03.210 - Records Processed 30
10:12:03.210 - Current Subscribers: 
bid     | 9i `
quote   | 9i `
statsTab| 8i `

10:12:04.209 - Records Processed 31
10:12:04.210 - Current Subscribers: 
bid     | 9i `
quote   | 9i `
statsTab| 8i `

10:12:05.210 - Records Processed 32
10:12:05.210 - Current Subscribers: 
bid     | 9i `
quote   | 9i `
statsTab| 8i `

10:12:06.209 - Records Processed 33
10:12:06.210 - Current Subscribers: 
bid     | 9i `
quote   | 9i `
statsTab| 8i `

10:12:07.209 - Records Processed 34
10:12:07.210 - Current Subscribers: 
bid     | 9i `
quote   | 9i `
statsTab| 8i `

10:12:08.210 - Records Processed 35
10:12:08.210 - Current Subscribers: 
bid     | 9i `
quote   | 9i `
statsTab| 8i `

10:12:09.210 - Records Processed 36
10:12:09.210 - Current Subscribers: 
bid     | 9i `
quote   | 9i `
statsTab| 8i `

10:12:10.210 - Records Processed 37
10:12:10.210 - Current Subscribers: 
bid     | 9i `
quote   | 9i `
statsTab| 8i `

10:12:11.210 - Records Processed 38
10:12:11.210 - Current Subscribers: 
bid     | 9i `
quote   | 9i `
statsTab| 8i `

10:12:12.210 - Records Processed 39
10:12:12.210 - Current Subscribers: 
bid     | 9i `
quote   | 9i `
statsTab| 8i `

10:12:13.212 - Records Processed 40
10:12:13.212 - Current Subscribers: 
bid     | 9i `
quote   | 9i `
statsTab| 8i `

10:12:14.209 - Records Processed 41
10:12:14.209 - Current Subscribers: 
bid     | 9i `
quote   | 9i `
statsTab| 8i `

10:12:15.209 - Records Processed 42
10:12:15.209 - Current Subscribers: 
bid     | 9i `
quote   | 9i `
statsTab| 8i `

10:12:16.210 - Records Processed 43
10:12:16.210 - Current Subscribers: 
bid     | 9i `
quote   | 9i `
statsTab| 8i `

10:12:17.209 - Records Processed 44
10:12:17.210 - Current Subscribers: 
bid     | 9i `
quote   | 9i `
statsTab| 8i `

10:12:18.209 - Records Processed 45
10:12:18.210 - Current Subscribers: 
bid     | 9i `
quote   | 9i `
statsTab| 8i `

10:12:19.209 - Records Processed 46
10:12:19.209 - Current Subscribers: 
bid     | 9i `
quote   | 9i `
statsTab| 8i `

10:12:20.210 - Records Processed 47
10:12:20.210 - Current Subscribers: 
bid     | 9i `
quote   | 9i `
statsTab| 8i `

10:12:21.210 - Records Processed 48
10:12:21.210 - Current Subscribers: 
bid     | 9i `
quote   | 9i `
statsTab| 8i `

10:12:22.210 - Records Processed 49
10:12:22.211 - Current Subscribers: 
bid     | 9i `
quote   | 9i `
statsTab| 8i `

10:12:23.210 - Records Processed 50
10:12:23.210 - Current Subscribers: 
bid     | 9i `
quote   | 9i `
statsTab| 8i `

10:12:24.210 - Records Processed 51
10:12:24.210 - Current Subscribers: 
bid     | 9i `
quote   | 9i `
statsTab| 8i `

10:12:25.210 - Records Processed 52
10:12:25.211 - Current Subscribers: 
bid     | 9i `
quote   | 9i `
statsTab| 8i `

10:12:26.210 - Records Processed 53
10:12:26.210 - Current Subscribers: 
bid     | 9i `
quote   | 9i `
statsTab| 8i `

10:12:27.210 - Records Processed 54
10:12:27.210 - Current Subscribers: 
bid     | 9i `
quote   | 9i `
statsTab| 8i `

10:12:28.210 - Records Processed 55
10:12:28.210 - Current Subscribers: 
bid     | 9i `
quote   | 9i `
statsTab| 8i `

10:12:29.210 - Records Processed 56
10:12:29.210 - Current Subscribers: 
bid     | 9i `
quote   | 9i `
statsTab| 8i `

10:12:30.210 - Records Processed 57
10:12:30.210 - Current Subscribers: 
bid     | 9i `
quote   | 9i `
statsTab| 8i `

10:12:31.209 - Records Processed 58
10:12:31.210 - Current Subscribers: 
bid     | 9i `
quote   | 9i `
statsTab| 8i `

10:12:32.281 - Records Processed 59
10:12:32.281 - Current Subscribers: 
bid     | 9i `
quote   | 9i `
statsTab| 8i `

10:12:33.209 - Records Processed 60
10:12:33.210 - Current Subscribers: 
bid     | 9i `
quote   | 9i `
statsTab| 8i `

10:12:34.210 - Records Processed 61
10:12:34.210 - Current Subscribers: 
bid     | 9i `
quote   | 9i `
statsTab| 8i `

10:12:35.210 - Records Processed 62
10:12:35.210 - Current Subscribers: 
bid     | 9i `
quote   | 9i `
statsTab| 8i `

10:12:36.209 - Records Processed 63
10:12:36.209 - Current Subscribers: 
bid     | 9i `
quote   | 9i `
statsTab| 8i `

10:12:37.209 - Records Processed 64
10:12:37.210 - Current Subscribers: 
bid     | 9i `
quote   | 9i `
statsTab| 8i `

10:12:38.210 - Records Processed 65
10:12:38.210 - Current Subscribers: 
bid     | 9i `
quote   | 9i `
statsTab| 8i `

10:12:39.210 - Records Processed 66
10:12:39.210 - Current Subscribers: 
bid     | 9i `
quote   | 9i `
statsTab| 8i `

10:12:40.210 - Records Processed 67
10:12:40.210 - Current Subscribers: 
bid     | 9i `
quote   | 9i `
statsTab| 8i `

10:12:41.209 - Records Processed 68
10:12:41.210 - Current Subscribers: 
bid     | 9i `
quote   | 9i `
statsTab| 8i `

10:12:42.210 - Records Processed 69
10:12:42.210 - Current Subscribers: 
bid     | 9i `
quote   | 9i `
statsTab| 8i `

10:12:43.210 - Records Processed 70
10:12:43.210 - Current Subscribers: 
bid     | 9i `
quote   | 9i `
statsTab| 8i `

10:12:44.210 - Records Processed 71
10:12:44.210 - Current Subscribers: 
bid     | 9i `
quote   | 9i `
statsTab| 8i `

10:12:45.211 - Records Processed 72
10:12:45.211 - Current Subscribers: 
bid     | 9i `
quote   | 9i `
statsTab| 8i `

10:12:46.210 - Records Processed 73
10:12:46.210 - Current Subscribers: 
bid     | 9i `
quote   | 9i `
statsTab| 8i `

10:12:47.498 - Records Processed 74
10:12:47.499 - Current Subscribers: 
bid     | 9i `
quote   | 9i `
statsTab| 8i `

10:12:48.499 - Records Processed 74
10:12:48.499 - Current Subscribers: 
bid     | 9i `
quote   | 9i `
statsTab| 8i `

10:12:49.498 - Records Processed 74
10:12:49.499 - Current Subscribers: 
bid     | 9i `
quote   | 9i `
statsTab| 8i `

10:12:50.498 - Records Processed 74
10:12:50.498 - Current Subscribers: 
bid     | ()
quote   | ()
statsTab| ,(8i;`)

10:12:51.498 - Records Processed 74
10:12:51.498 - Current Subscribers: 
bid     | ()
quote   | ()
statsTab| ,(8i;`)

10:12:52.498 - Records Processed 74
10:12:52.498 - Current Subscribers: 
bid     | ()
quote   | ()
statsTab| ,(8i;`)

10:12:53.499 - Records Processed 74
10:12:53.499 - Current Subscribers: 
bid     | ()
quote   | ()
statsTab| ,(8i;`)

10:12:54.498 - Records Processed 74
10:12:54.498 - Current Subscribers: 
bid     | ()
quote   | ()
statsTab| ,(8i;`)

10:12:55.497 - Records Processed 74
10:12:55.497 - Current Subscribers: 
bid     | 
quote   | 
statsTab| 

10:12:56.498 - Records Processed 74
10:12:56.498 - Current Subscribers: 
bid     | 
quote   | 
statsTab| 

10:12:57.498 - Records Processed 74
10:12:57.498 - Current Subscribers: 
bid     | 
quote   | 
statsTab| 

10:12:58.499 - Records Processed 74
10:12:58.499 - Current Subscribers: 
bid     | 
quote   | 
statsTab| 

10:12:59.498 - Records Processed 74
10:12:59.498 - Current Subscribers: 
bid     | 
quote   | 
statsTab| 

10:13:00.498 - Records Processed 74
10:13:00.498 - Current Subscribers: 
bid     | 
quote   | 
statsTab| 

10:13:01.499 - Records Processed 74
10:13:01.499 - Current Subscribers: 
bid     | 
quote   | 
statsTab| 

10:13:02.498 - Records Processed 74
10:13:02.498 - Current Subscribers: 
bid     | 
quote   | 
statsTab| 

10:13:03.498 - Records Processed 74
10:13:03.498 - Current Subscribers: 
bid     | 
quote   | 
statsTab| 

10:13:04.499 - Records Processed 74
10:13:04.499 - Current Subscribers: 
bid     | 
quote   | 
statsTab| 

10:13:05.498 - Records Processed 74
10:13:05.498 - Current Subscribers: 
bid     | 
quote   | 
statsTab| 

10:13:06.498 - Records Processed 74
10:13:06.498 - Current Subscribers: 
bid     | 
quote   | 
statsTab| 

10:13:07.498 - Records Processed 74
10:13:07.498 - Current Subscribers: 
bid     | 
quote   | 
statsTab| 

10:13:08.498 - Records Processed 74
10:13:08.498 - Current Subscribers: 
bid     | 
quote   | 
statsTab| 

10:13:09.498 - Records Processed 74
10:13:09.498 - Current Subscribers: 
bid     | 
quote   | 
statsTab| 

10:13:10.498 - Records Processed 74
10:13:10.499 - Current Subscribers: 
bid     | 
quote   | 
statsTab| 

10:13:11.498 - Records Processed 74
10:13:11.498 - Current Subscribers: 
bid     | 
quote   | 
statsTab| 

10:13:12.499 - Records Processed 74
10:13:12.499 - Current Subscribers: 
bid     | 
quote   | 
statsTab| 

10:13:13.497 - Records Processed 74
10:13:13.497 - Current Subscribers: 
bid     | 
quote   | 
statsTab| 

10:13:14.498 - Records Processed 74
10:13:14.498 - Current Subscribers: 
bid     | 
quote   | 
statsTab| 

10:13:15.498 - Records Processed 74
10:13:15.498 - Current Subscribers: 
bid     | 
quote   | 
statsTab| 

10:13:16.499 - Records Processed 74
10:13:16.499 - Current Subscribers: 
bid     | 
quote   | 
statsTab| 

10:13:17.498 - Records Processed 74
10:13:17.498 - Current Subscribers: 
bid     | 
quote   | 
statsTab| 

10:13:18.499 - Records Processed 74
10:13:18.499 - Current Subscribers: 
bid     | 
quote   | 
statsTab| 

10:13:19.499 - Records Processed 74
10:13:19.499 - Current Subscribers: 
bid     | 
quote   | 
statsTab| 

10:13:20.498 - Records Processed 74
10:13:20.498 - Current Subscribers: 
bid     | 
quote   | 
statsTab| 

10:13:21.498 - Records Processed 74
10:13:21.498 - Current Subscribers: 
bid     | 
quote   | 
statsTab| 

10:13:22.499 - Records Processed 74
10:13:22.499 - Current Subscribers: 
bid     | 
quote   | 
statsTab| 

10:13:23.498 - Records Processed 74
10:13:23.498 - Current Subscribers: 
bid     | 
quote   | 
statsTab| 

10:13:24.499 - Records Processed 74
10:13:24.499 - Current Subscribers: 
bid     | 
quote   | 
statsTab| 

10:13:25.498 - Records Processed 74
10:13:25.498 - Current Subscribers: 
bid     | 
quote   | 
statsTab| 

10:13:26.498 - Records Processed 74
10:13:26.498 - Current Subscribers: 
bid     | 
quote   | 
statsTab| 

10:13:27.498 - Records Processed 74
10:13:27.498 - Current Subscribers: 
bid     | 
quote   | 
statsTab| 

10:13:28.498 - Records Processed 74
10:13:28.498 - Current Subscribers: 
bid     | 
quote   | 
statsTab| 

10:13:29.499 - Records Processed 74
10:13:29.499 - Current Subscribers: 
bid     | 
quote   | 
statsTab| 

10:13:30.498 - Records Processed 74
10:13:30.498 - Current Subscribers: 
bid     | 
quote   | 
statsTab| 

10:13:31.498 - Records Processed 74
10:13:31.498 - Current Subscribers: 
bid     | 
quote   | 
statsTab| 

10:13:32.499 - Records Processed 74
10:13:32.499 - Current Subscribers: 
bid     | 
quote   | 
statsTab| 

10:13:33.498 - Records Processed 74
10:13:33.498 - Current Subscribers: 
bid     | 
quote   | 
statsTab| 

10:13:34.498 - Records Processed 74
10:13:34.498 - Current Subscribers: 
bid     | 
quote   | 
statsTab| 

10:13:35.499 - Records Processed 74
10:13:35.499 - Current Subscribers: 
bid     | 
quote   | 
statsTab| 

10:13:36.498 - Records Processed 74
10:13:36.498 - Current Subscribers: 
bid     | 
quote   | 
statsTab| 

10:13:37.499 - Records Processed 74
10:13:37.499 - Current Subscribers: 
bid     | 
quote   | 
statsTab| 

10:13:38.498 - Records Processed 74
10:13:38.498 - Current Subscribers: 
bid     | 
quote   | 
statsTab| 

10:13:39.499 - Records Processed 74
10:13:39.499 - Current Subscribers: 
bid     | 
quote   | 
statsTab| 

10:13:40.498 - Records Processed 74
10:13:40.498 - Current Subscribers: 
bid     | 
quote   | 
statsTab| 

10:13:41.498 - Records Processed 74
10:13:41.498 - Current Subscribers: 
bid     | 
quote   | 
statsTab| 

10:13:42.498 - Records Processed 74
10:13:42.499 - Current Subscribers: 
bid     | 
quote   | 
statsTab| 

10:13:43.498 - Records Processed 74
10:13:43.498 - Current Subscribers: 
bid     | 
quote   | 
statsTab| 

10:13:44.498 - Records Processed 74
10:13:44.498 - Current Subscribers: 
bid     | 
quote   | 
statsTab| 

10:13:45.498 - Records Processed 74
10:13:45.498 - Current Subscribers: 
bid     | 
quote   | 
statsTab| 

10:13:46.498 - Records Processed 74
10:13:46.498 - Current Subscribers: 
bid     | 
quote   | 
statsTab| 

10:13:47.498 - Records Processed 74
10:13:47.498 - Current Subscribers: 
bid     | 
quote   | 
statsTab| 

10:13:48.499 - Records Processed 74
10:13:48.499 - Current Subscribers: 
bid     | 
quote   | 
statsTab| 

10:13:49.498 - Records Processed 74
10:13:49.498 - Current Subscribers: 
bid     | 
quote   | 
statsTab| 

10:13:50.498 - Records Processed 74
10:13:50.499 - Current Subscribers: 
bid     | 
quote   | 
statsTab| 

10:13:51.498 - Records Processed 74
10:13:51.498 - Current Subscribers: 
bid     | 
quote   | 
statsTab| 

10:13:52.498 - Records Processed 74
10:13:52.498 - Current Subscribers: 
bid     | 
quote   | 
statsTab| 

10:13:53.499 - Records Processed 74
10:13:53.499 - Current Subscribers: 
bid     | 
quote   | 
statsTab| 

10:13:54.498 - Records Processed 74
10:13:54.498 - Current Subscribers: 
bid     | 
quote   | 
statsTab| 

10:13:55.498 - Records Processed 74
10:13:55.498 - Current Subscribers: 
bid     | 
quote   | 
statsTab| 

10:13:56.498 - Records Processed 74
10:13:56.499 - Current Subscribers: 
bid     | 
quote   | 
statsTab| 

10:13:57.498 - Records Processed 74
10:13:57.498 - Current Subscribers: 
bid     | 
quote   | 
statsTab| 

10:13:58.498 - Records Processed 74
10:13:58.498 - Current Subscribers: 
bid     | 
quote   | 
statsTab| 

10:13:59.498 - Records Processed 74
10:13:59.498 - Current Subscribers: 
bid     | 
quote   | 
statsTab| 

10:14:00.498 - Records Processed 74
10:14:00.498 - Current Subscribers: 
bid     | 
quote   | 
statsTab| 

10:14:01.498 - Records Processed 74
10:14:01.498 - Current Subscribers: 
bid     | 
quote   | 
statsTab| 

10:14:02.499 - Records Processed 74
10:14:02.499 - Current Subscribers: 
bid     | 
quote   | 
statsTab| 

10:14:03.498 - Records Processed 74
10:14:03.498 - Current Subscribers: 
bid     | 
quote   | 
statsTab| 

10:14:04.499 - Records Processed 74
10:14:04.499 - Current Subscribers: 
bid     | 
quote   | 
statsTab| 

10:14:05.499 - Records Processed 74
10:14:05.499 - Current Subscribers: 
bid     | 
quote   | 
statsTab| 

10:14:06.498 - Records Processed 74
10:14:06.498 - Current Subscribers: 
bid     | 
quote   | 
statsTab| 

10:14:07.498 - Records Processed 74
10:14:07.498 - Current Subscribers: 
bid     | 
quote   | 
statsTab| 

10:14:08.498 - Records Processed 74
10:14:08.499 - Current Subscribers: 
bid     | 
quote   | 
statsTab| 

10:14:09.498 - Records Processed 74
10:14:09.498 - Current Subscribers: 
bid     | 
quote   | 
statsTab| 

10:14:10.498 - Records Processed 74
10:14:10.498 - Current Subscribers: 
bid     | 
quote   | 
statsTab| 

10:14:11.498 - Records Processed 74
10:14:11.498 - Current Subscribers: 
bid     | 
quote   | 
statsTab| 

10:14:12.498 - Records Processed 74
10:14:12.499 - Current Subscribers: 
bid     | 
quote   | 
statsTab| 

10:14:13.498 - Records Processed 74
10:14:13.498 - Current Subscribers: 
bid     | 
quote   | 
statsTab| 

10:14:14.499 - Records Processed 74
10:14:14.499 - Current Subscribers: 
bid     | 
quote   | 
statsTab| 

10:14:15.498 - Records Processed 74
10:14:15.498 - Current Subscribers: 
bid     | 
quote   | 
statsTab| 

10:14:16.499 - Records Processed 74
10:14:16.499 - Current Subscribers: 
bid     | 
quote   | 
statsTab| 

10:14:17.499 - Records Processed 74
10:14:17.499 - Current Subscribers: 
bid     | 
quote   | 
statsTab| 

10:14:18.498 - Records Processed 74
10:14:18.499 - Current Subscribers: 
bid     | 
quote   | 
statsTab| 

10:14:19.500 - Records Processed 74
10:14:19.500 - Current Subscribers: 
bid     | 
quote   | 
statsTab| 

10:14:20.499 - Records Processed 74
10:14:20.500 - Current Subscribers: 
bid     | 
quote   | 
statsTab| 

10:14:21.499 - Records Processed 74
10:14:21.499 - Current Subscribers: 
bid     | 
quote   | 
statsTab| 

10:14:22.498 - Records Processed 74
10:14:22.498 - Current Subscribers: 
bid     | 
quote   | 
statsTab| 

10:14:23.498 - Records Processed 74
10:14:23.499 - Current Subscribers: 
bid     | 
quote   | 
statsTab| 

10:14:24.499 - Records Processed 74
10:14:24.499 - Current Subscribers: 
bid     | 
quote   | 
statsTab| 

10:14:25.499 - Records Processed 74
10:14:25.499 - Current Subscribers: 
bid     | 
quote   | 
statsTab| 

10:14:26.499 - Records Processed 74
10:14:26.499 - Current Subscribers: 
bid     | 
quote   | 
statsTab| 

10:14:27.499 - Records Processed 74
10:14:27.499 - Current Subscribers: 
bid     | 
quote   | 
statsTab| 

