06:15:37.225 - Records Processed 9
06:15:37.225 - Current Subscribers: 
bid     | 
quote   | 
statsTab| 

06:15:38.227 - Records Processed 9
06:15:38.227 - Current Subscribers: 
bid     | 
quote   | 
statsTab| 

06:15:39.227 - Records Processed 9
06:15:39.227 - Current Subscribers: 
bid     | 
quote   | 
statsTab| 

06:15:40.226 - Records Processed 9
06:15:40.226 - Current Subscribers: 
bid     | 
quote   | 
statsTab| 

06:15:41.226 - Records Processed 10
06:15:41.226 - Current Subscribers: 
bid     | 
quote   | 
statsTab| 

06:15:42.226 - Records Processed 11
06:15:42.226 - Current Subscribers: 
bid     | 
quote   | 
statsTab| 

06:15:43.225 - Records Processed 12
06:15:43.225 - Current Subscribers: 
bid     | 
quote   | 
statsTab| 

06:15:44.226 - Records Processed 13
06:15:44.226 - Current Subscribers: 
bid     | 
quote   | 
statsTab| 

06:15:45.226 - Records Processed 14
06:15:45.226 - Current Subscribers: 
bid     | ()
quote   | ()
statsTab| ,(9i;`)

06:15:46.226 - Records Processed 15
06:15:46.227 - Current Subscribers: 
bid     | ()
quote   | ()
statsTab| ,(9i;`)

06:15:47.226 - Records Processed 16
06:15:47.226 - Current Subscribers: 
bid     | ()
quote   | ()
statsTab| ,(9i;`)

06:15:48.226 - Records Processed 17
06:15:48.226 - Current Subscribers: 
bid     | 10i `
quote   | 10i `
statsTab| 9i ` 

06:15:49.225 - Records Processed 19
06:15:49.226 - Current Subscribers: 
bid     | 10i `
quote   | 10i `
statsTab| 9i ` 

06:15:50.226 - Records Processed 21
06:15:50.226 - Current Subscribers: 
bid     | 10i `
quote   | 10i `
statsTab| 9i ` 

06:15:51.226 - Records Processed 23
06:15:51.226 - Current Subscribers: 
bid     | ((10i;`);(11i;`))
quote   | ((10i;`);(11i;`))
statsTab| ,(9i;`)

06:15:52.226 - Records Processed 25
06:15:52.227 - Current Subscribers: 
bid     | ((10i;`);(11i;`))
quote   | ((10i;`);(11i;`))
statsTab| ,(9i;`)

06:15:53.226 - Records Processed 27
06:15:53.226 - Current Subscribers: 
bid     | ((10i;`);(11i;`))
quote   | ((10i;`);(11i;`))
statsTab| ,(9i;`)

06:15:54.226 - Records Processed 29
06:15:54.226 - Current Subscribers: 
bid     | ((10i;`);(11i;`))
quote   | ((10i;`);(11i;`))
statsTab| ,(9i;`)

06:15:55.226 - Records Processed 31
06:15:55.226 - Current Subscribers: 
bid     | ((10i;`);(11i;`))
quote   | ((10i;`);(11i;`))
statsTab| ,(9i;`)

06:15:56.226 - Records Processed 33
06:15:56.226 - Current Subscribers: 
bid     | ((10i;`);(11i;`))
quote   | ((10i;`);(11i;`))
statsTab| ,(9i;`)

06:15:57.226 - Records Processed 35
06:15:57.226 - Current Subscribers: 
bid     | ((10i;`);(11i;`))
quote   | ((10i;`);(11i;`))
statsTab| ,(9i;`)

06:15:58.226 - Records Processed 37
06:15:58.226 - Current Subscribers: 
bid     | ((10i;`);(11i;`))
quote   | ((10i;`);(11i;`))
statsTab| ,(9i;`)

06:15:59.226 - Records Processed 39
06:15:59.226 - Current Subscribers: 
bid     | ((10i;`);(11i;`))
quote   | ((10i;`);(11i;`))
statsTab| ,(9i;`)

06:16:00.226 - Records Processed 41
06:16:00.226 - Current Subscribers: 
bid     | ((10i;`);(11i;`))
quote   | ((10i;`);(11i;`))
statsTab| ,(9i;`)

