10:18:32.830 - Records Processed 0
10:18:32.830 - Current Subscribers: 
bid     | 
quote   | 
statsTab| 

10:18:33.832 - Records Processed 0
10:18:33.832 - Current Subscribers: 
bid     | 
quote   | 
statsTab| 

10:18:34.831 - Records Processed 0
10:18:34.831 - Current Subscribers: 
bid     | 
quote   | 
statsTab| 

10:18:35.830 - Records Processed 0
10:18:35.830 - Current Subscribers: 
bid     | 
quote   | 
statsTab| 

10:18:36.831 - Records Processed 0
10:18:36.832 - Current Subscribers: 
bid     | 
quote   | 
statsTab| 

