04:38:17.950 - Records Processed 0
04:38:17.950 - Current Subscribers: 
bid     | 
quote   | 
statsTab| 

04:38:18.951 - Records Processed 0
04:38:18.951 - Current Subscribers: 
bid     | 
quote   | 
statsTab| 

04:38:19.951 - Records Processed 0
04:38:19.951 - Current Subscribers: 
bid     | 
quote   | 
statsTab| 

04:38:20.951 - Records Processed 0
04:38:20.951 - Current Subscribers: 
bid     | 
quote   | 
statsTab| 

04:38:21.193 - Records Processed 0
04:38:21.193 - Current Subscribers: 
bid     | 
quote   | 
statsTab| 

04:38:22.193 - Records Processed 1
04:38:22.194 - Current Subscribers: 
bid     | 
quote   | 
statsTab| 

04:38:23.195 - Records Processed 2
04:38:23.195 - Current Subscribers: 
bid     | 
quote   | 
statsTab| 

04:38:24.951 - Records Processed 3
04:38:24.952 - Current Subscribers: 
bid     | 
quote   | 
statsTab| 

04:38:25.951 - Records Processed 3
04:38:25.951 - Current Subscribers: 
bid     | 
quote   | 
statsTab| 

04:38:26.951 - Records Processed 3
04:38:26.951 - Current Subscribers: 
bid     | ()
quote   | ()
statsTab| ,(8i;`)

04:38:27.950 - Records Processed 3
04:38:27.950 - Current Subscribers: 
bid     | 9i `
quote   | 9i `
statsTab| 8i `

04:38:28.951 - Records Processed 3
04:38:28.951 - Current Subscribers: 
bid     | 9i `
quote   | 9i `
statsTab| 8i `

04:38:29.950 - Records Processed 3
04:38:29.951 - Current Subscribers: 
bid     | 9i `
quote   | 9i `
statsTab| 8i `

04:38:30.951 - Records Processed 3
04:38:30.951 - Current Subscribers: 
bid     | 9i `
quote   | 9i `
statsTab| 8i `

04:38:31.951 - Records Processed 3
04:38:31.952 - Current Subscribers: 
bid     | 9i `
quote   | 9i `
statsTab| 8i `

04:38:32.951 - Records Processed 3
04:38:32.951 - Current Subscribers: 
bid     | ((9i;`);(10i;`))
quote   | ((9i;`);(10i;`))
statsTab| ,(8i;`)

04:38:33.952 - Records Processed 3
04:38:33.952 - Current Subscribers: 
bid     | ((9i;`);(10i;`))
quote   | ((9i;`);(10i;`))
statsTab| ,(8i;`)

04:38:34.951 - Records Processed 3
04:38:34.952 - Current Subscribers: 
bid     | ((9i;`);(10i;`))
quote   | ((9i;`);(10i;`))
statsTab| ,(8i;`)

04:38:35.951 - Records Processed 3
04:38:35.951 - Current Subscribers: 
bid     | ((9i;`);(10i;`))
quote   | ((9i;`);(10i;`))
statsTab| ,(8i;`)

04:38:36.951 - Records Processed 3
04:38:36.952 - Current Subscribers: 
bid     | ((9i;`);(10i;`))
quote   | ((9i;`);(10i;`))
statsTab| ,(8i;`)

04:38:37.951 - Records Processed 3
04:38:37.952 - Current Subscribers: 
bid     | ((9i;`);(10i;`))
quote   | ((9i;`);(10i;`))
statsTab| ,(8i;`)

04:38:38.951 - Records Processed 3
04:38:38.951 - Current Subscribers: 
bid     | ((9i;`);(10i;`))
quote   | ((9i;`);(10i;`))
statsTab| ,(8i;`)

04:38:39.952 - Records Processed 3
04:38:39.952 - Current Subscribers: 
bid     | ((9i;`);(10i;`))
quote   | ((9i;`);(10i;`))
statsTab| ,(8i;`)

04:38:40.951 - Records Processed 3
04:38:40.951 - Current Subscribers: 
bid     | ((9i;`);(10i;`))
quote   | ((9i;`);(10i;`))
statsTab| ,(8i;`)

04:38:41.951 - Records Processed 3
04:38:41.951 - Current Subscribers: 
bid     | ((9i;`);(10i;`))
quote   | ((9i;`);(10i;`))
statsTab| ,(8i;`)

04:38:42.951 - Records Processed 3
04:38:42.951 - Current Subscribers: 
bid     | ((9i;`);(10i;`))
quote   | ((9i;`);(10i;`))
statsTab| ,(8i;`)

04:38:43.951 - Records Processed 3
04:38:43.952 - Current Subscribers: 
bid     | ((9i;`);(10i;`))
quote   | ((9i;`);(10i;`))
statsTab| ,(8i;`)

04:38:44.951 - Records Processed 3
04:38:44.951 - Current Subscribers: 
bid     | ((9i;`);(10i;`))
quote   | ((9i;`);(10i;`))
statsTab| ,(8i;`)

04:38:45.951 - Records Processed 3
04:38:45.952 - Current Subscribers: 
bid     | ((9i;`);(10i;`))
quote   | ((9i;`);(10i;`))
statsTab| ,(8i;`)

04:38:46.951 - Records Processed 3
04:38:46.951 - Current Subscribers: 
bid     | ((9i;`);(10i;`))
quote   | ((9i;`);(10i;`))
statsTab| ,(8i;`)

04:38:47.951 - Records Processed 3
04:38:47.952 - Current Subscribers: 
bid     | ((9i;`);(10i;`))
quote   | ((9i;`);(10i;`))
statsTab| ,(8i;`)

04:38:48.951 - Records Processed 3
04:38:48.951 - Current Subscribers: 
bid     | ((9i;`);(10i;`))
quote   | ((9i;`);(10i;`))
statsTab| ,(8i;`)

04:38:49.952 - Records Processed 3
04:38:49.952 - Current Subscribers: 
bid     | ((9i;`);(10i;`))
quote   | ((9i;`);(10i;`))
statsTab| ,(8i;`)

04:38:50.952 - Records Processed 3
04:38:50.952 - Current Subscribers: 
bid     | ((9i;`);(10i;`))
quote   | ((9i;`);(10i;`))
statsTab| ,(8i;`)

04:38:51.951 - Records Processed 3
04:38:51.951 - Current Subscribers: 
bid     | ((9i;`);(10i;`))
quote   | ((9i;`);(10i;`))
statsTab| ,(8i;`)

04:38:52.951 - Records Processed 3
04:38:52.951 - Current Subscribers: 
bid     | ((9i;`);(10i;`))
quote   | ((9i;`);(10i;`))
statsTab| ,(8i;`)

04:38:53.951 - Records Processed 3
04:38:53.951 - Current Subscribers: 
bid     | ((9i;`);(10i;`))
quote   | ((9i;`);(10i;`))
statsTab| ,(8i;`)

04:38:54.952 - Records Processed 3
04:38:54.952 - Current Subscribers: 
bid     | ((9i;`);(10i;`))
quote   | ((9i;`);(10i;`))
statsTab| ,(8i;`)

04:38:55.951 - Records Processed 3
04:38:55.952 - Current Subscribers: 
bid     | ((9i;`);(10i;`))
quote   | ((9i;`);(10i;`))
statsTab| ,(8i;`)

04:38:56.951 - Records Processed 3
04:38:56.951 - Current Subscribers: 
bid     | ((9i;`);(10i;`))
quote   | ((9i;`);(10i;`))
statsTab| ,(8i;`)

04:38:57.952 - Records Processed 3
04:38:57.952 - Current Subscribers: 
bid     | ((9i;`);(10i;`))
quote   | ((9i;`);(10i;`))
statsTab| ,(8i;`)

04:38:58.950 - Records Processed 3
04:38:58.951 - Current Subscribers: 
bid     | ((9i;`);(10i;`))
quote   | ((9i;`);(10i;`))
statsTab| ,(8i;`)

04:38:59.951 - Records Processed 3
04:38:59.951 - Current Subscribers: 
bid     | ((9i;`);(10i;`))
quote   | ((9i;`);(10i;`))
statsTab| ,(8i;`)

04:39:00.951 - Records Processed 3
04:39:00.951 - Current Subscribers: 
bid     | ((9i;`);(10i;`))
quote   | ((9i;`);(10i;`))
statsTab| ,(8i;`)

04:39:01.952 - Records Processed 3
04:39:01.952 - Current Subscribers: 
bid     | ((9i;`);(10i;`))
quote   | ((9i;`);(10i;`))
statsTab| ,(8i;`)

04:39:02.952 - Records Processed 3
04:39:02.952 - Current Subscribers: 
bid     | ((9i;`);(10i;`))
quote   | ((9i;`);(10i;`))
statsTab| ,(8i;`)

04:39:03.951 - Records Processed 3
04:39:03.951 - Current Subscribers: 
bid     | ((9i;`);(10i;`))
quote   | ((9i;`);(10i;`))
statsTab| ,(8i;`)

04:39:04.951 - Records Processed 3
04:39:04.951 - Current Subscribers: 
bid     | ((9i;`);(10i;`))
quote   | ((9i;`);(10i;`))
statsTab| ,(8i;`)

04:39:05.951 - Records Processed 3
04:39:05.951 - Current Subscribers: 
bid     | ((9i;`);(10i;`))
quote   | ((9i;`);(10i;`))
statsTab| ,(8i;`)

04:39:06.951 - Records Processed 3
04:39:06.951 - Current Subscribers: 
bid     | ((9i;`);(10i;`))
quote   | ((9i;`);(10i;`))
statsTab| ,(8i;`)

04:39:07.952 - Records Processed 3
04:39:07.952 - Current Subscribers: 
bid     | ((9i;`);(10i;`))
quote   | ((9i;`);(10i;`))
statsTab| ,(8i;`)

04:39:08.950 - Records Processed 3
04:39:08.951 - Current Subscribers: 
bid     | ((9i;`);(10i;`))
quote   | ((9i;`);(10i;`))
statsTab| ,(8i;`)

04:39:09.952 - Records Processed 3
04:39:09.952 - Current Subscribers: 
bid     | ((9i;`);(10i;`))
quote   | ((9i;`);(10i;`))
statsTab| ,(8i;`)

04:39:10.951 - Records Processed 3
04:39:10.951 - Current Subscribers: 
bid     | ((9i;`);(10i;`))
quote   | ((9i;`);(10i;`))
statsTab| ,(8i;`)

04:39:11.950 - Records Processed 3
04:39:11.951 - Current Subscribers: 
bid     | ((9i;`);(10i;`))
quote   | ((9i;`);(10i;`))
statsTab| ,(8i;`)

04:39:12.952 - Records Processed 3
04:39:12.952 - Current Subscribers: 
bid     | ((9i;`);(10i;`))
quote   | ((9i;`);(10i;`))
statsTab| ,(8i;`)

04:39:13.951 - Records Processed 3
04:39:13.951 - Current Subscribers: 
bid     | ((9i;`);(10i;`))
quote   | ((9i;`);(10i;`))
statsTab| ,(8i;`)

04:39:14.952 - Records Processed 3
04:39:14.952 - Current Subscribers: 
bid     | ((9i;`);(10i;`))
quote   | ((9i;`);(10i;`))
statsTab| ,(8i;`)

04:39:15.951 - Records Processed 3
04:39:15.951 - Current Subscribers: 
bid     | ((9i;`);(10i;`))
quote   | ((9i;`);(10i;`))
statsTab| ,(8i;`)

04:39:16.950 - Records Processed 3
04:39:16.951 - Current Subscribers: 
bid     | ((9i;`);(10i;`))
quote   | ((9i;`);(10i;`))
statsTab| ,(8i;`)

04:39:17.952 - Records Processed 3
04:39:17.952 - Current Subscribers: 
bid     | ((9i;`);(10i;`))
quote   | ((9i;`);(10i;`))
statsTab| ,(8i;`)

04:39:18.952 - Records Processed 3
04:39:18.952 - Current Subscribers: 
bid     | ((9i;`);(10i;`))
quote   | ((9i;`);(10i;`))
statsTab| ,(8i;`)

04:39:19.950 - Records Processed 3
04:39:19.951 - Current Subscribers: 
bid     | ((9i;`);(10i;`))
quote   | ((9i;`);(10i;`))
statsTab| ,(8i;`)

04:39:20.951 - Records Processed 3
04:39:20.951 - Current Subscribers: 
bid     | ((9i;`);(10i;`))
quote   | ((9i;`);(10i;`))
statsTab| ,(8i;`)

04:39:21.951 - Records Processed 3
04:39:21.951 - Current Subscribers: 
bid     | ((9i;`);(10i;`))
quote   | ((9i;`);(10i;`))
statsTab| ,(8i;`)

04:39:22.950 - Records Processed 3
04:39:22.951 - Current Subscribers: 
bid     | ((9i;`);(10i;`))
quote   | ((9i;`);(10i;`))
statsTab| ,(8i;`)

04:39:23.951 - Records Processed 3
04:39:23.951 - Current Subscribers: 
bid     | ((9i;`);(10i;`))
quote   | ((9i;`);(10i;`))
statsTab| ,(8i;`)

04:39:24.951 - Records Processed 3
04:39:24.951 - Current Subscribers: 
bid     | ((9i;`);(10i;`))
quote   | ((9i;`);(10i;`))
statsTab| ,(8i;`)

04:39:25.951 - Records Processed 3
04:39:25.951 - Current Subscribers: 
bid     | ((9i;`);(10i;`))
quote   | ((9i;`);(10i;`))
statsTab| ,(8i;`)

04:39:26.951 - Records Processed 3
04:39:26.951 - Current Subscribers: 
bid     | ((9i;`);(10i;`))
quote   | ((9i;`);(10i;`))
statsTab| ,(8i;`)

04:39:27.952 - Records Processed 3
04:39:27.952 - Current Subscribers: 
bid     | ((9i;`);(10i;`))
quote   | ((9i;`);(10i;`))
statsTab| ,(8i;`)

04:39:28.951 - Records Processed 3
04:39:28.951 - Current Subscribers: 
bid     | ((9i;`);(10i;`))
quote   | ((9i;`);(10i;`))
statsTab| ,(8i;`)

04:39:29.952 - Records Processed 3
04:39:29.952 - Current Subscribers: 
bid     | ((9i;`);(10i;`))
quote   | ((9i;`);(10i;`))
statsTab| ,(8i;`)

04:39:30.952 - Records Processed 3
04:39:30.952 - Current Subscribers: 
bid     | ((9i;`);(10i;`))
quote   | ((9i;`);(10i;`))
statsTab| ,(8i;`)

04:39:31.951 - Records Processed 3
04:39:31.951 - Current Subscribers: 
bid     | ((9i;`);(10i;`))
quote   | ((9i;`);(10i;`))
statsTab| ,(8i;`)

04:39:32.952 - Records Processed 3
04:39:32.952 - Current Subscribers: 
bid     | ((9i;`);(10i;`))
quote   | ((9i;`);(10i;`))
statsTab| ,(8i;`)

04:39:33.951 - Records Processed 3
04:39:33.951 - Current Subscribers: 
bid     | ((9i;`);(10i;`))
quote   | ((9i;`);(10i;`))
statsTab| ,(8i;`)

04:39:34.950 - Records Processed 3
04:39:34.951 - Current Subscribers: 
bid     | ((9i;`);(10i;`))
quote   | ((9i;`);(10i;`))
statsTab| ,(8i;`)

04:39:35.952 - Records Processed 3
04:39:35.952 - Current Subscribers: 
bid     | ((9i;`);(10i;`))
quote   | ((9i;`);(10i;`))
statsTab| ,(8i;`)

04:39:36.952 - Records Processed 3
04:39:36.952 - Current Subscribers: 
bid     | ((9i;`);(10i;`))
quote   | ((9i;`);(10i;`))
statsTab| ,(8i;`)

04:39:37.950 - Records Processed 3
04:39:37.951 - Current Subscribers: 
bid     | ((9i;`);(10i;`))
quote   | ((9i;`);(10i;`))
statsTab| ,(8i;`)

04:39:38.951 - Records Processed 3
04:39:38.951 - Current Subscribers: 
bid     | ((9i;`);(10i;`))
quote   | ((9i;`);(10i;`))
statsTab| ,(8i;`)

04:39:39.951 - Records Processed 3
04:39:39.951 - Current Subscribers: 
bid     | ((9i;`);(10i;`))
quote   | ((9i;`);(10i;`))
statsTab| ,(8i;`)

04:39:40.952 - Records Processed 3
04:39:40.952 - Current Subscribers: 
bid     | ((9i;`);(10i;`))
quote   | ((9i;`);(10i;`))
statsTab| ,(8i;`)

04:39:41.951 - Records Processed 3
04:39:41.951 - Current Subscribers: 
bid     | ((9i;`);(10i;`))
quote   | ((9i;`);(10i;`))
statsTab| ,(8i;`)

04:39:42.952 - Records Processed 3
04:39:42.952 - Current Subscribers: 
bid     | ((9i;`);(10i;`))
quote   | ((9i;`);(10i;`))
statsTab| ,(8i;`)

04:39:43.952 - Records Processed 3
04:39:43.952 - Current Subscribers: 
bid     | ((9i;`);(10i;`))
quote   | ((9i;`);(10i;`))
statsTab| ,(8i;`)

04:39:44.951 - Records Processed 3
04:39:44.952 - Current Subscribers: 
bid     | ((9i;`);(10i;`))
quote   | ((9i;`);(10i;`))
statsTab| ,(8i;`)

04:39:45.951 - Records Processed 3
04:39:45.952 - Current Subscribers: 
bid     | ((9i;`);(10i;`))
quote   | ((9i;`);(10i;`))
statsTab| ,(8i;`)

04:39:46.951 - Records Processed 3
04:39:46.951 - Current Subscribers: 
bid     | ((9i;`);(10i;`))
quote   | ((9i;`);(10i;`))
statsTab| ,(8i;`)

04:39:47.951 - Records Processed 3
04:39:47.952 - Current Subscribers: 
bid     | ((9i;`);(10i;`))
quote   | ((9i;`);(10i;`))
statsTab| ,(8i;`)

04:39:48.951 - Records Processed 3
04:39:48.951 - Current Subscribers: 
bid     | ((9i;`);(10i;`))
quote   | ((9i;`);(10i;`))
statsTab| ,(8i;`)

04:39:49.950 - Records Processed 3
04:39:49.951 - Current Subscribers: 
bid     | ((9i;`);(10i;`))
quote   | ((9i;`);(10i;`))
statsTab| ,(8i;`)

04:39:50.951 - Records Processed 3
04:39:50.952 - Current Subscribers: 
bid     | ((9i;`);(10i;`))
quote   | ((9i;`);(10i;`))
statsTab| ,(8i;`)

04:39:51.951 - Records Processed 3
04:39:51.951 - Current Subscribers: 
bid     | ((9i;`);(10i;`))
quote   | ((9i;`);(10i;`))
statsTab| ,(8i;`)

04:39:52.951 - Records Processed 3
04:39:52.951 - Current Subscribers: 
bid     | ((9i;`);(10i;`))
quote   | ((9i;`);(10i;`))
statsTab| ,(8i;`)

04:39:53.952 - Records Processed 3
04:39:53.953 - Current Subscribers: 
bid     | ((9i;`);(10i;`))
quote   | ((9i;`);(10i;`))
statsTab| ,(8i;`)

04:39:54.950 - Records Processed 3
04:39:54.951 - Current Subscribers: 
bid     | ((9i;`);(10i;`))
quote   | ((9i;`);(10i;`))
statsTab| ,(8i;`)

04:39:55.951 - Records Processed 3
04:39:55.951 - Current Subscribers: 
bid     | ((9i;`);(10i;`))
quote   | ((9i;`);(10i;`))
statsTab| ,(8i;`)

04:39:56.951 - Records Processed 3
04:39:56.951 - Current Subscribers: 
bid     | ((9i;`);(10i;`))
quote   | ((9i;`);(10i;`))
statsTab| ,(8i;`)

04:39:57.951 - Records Processed 3
04:39:57.951 - Current Subscribers: 
bid     | ((9i;`);(10i;`))
quote   | ((9i;`);(10i;`))
statsTab| ,(8i;`)

04:39:58.951 - Records Processed 3
04:39:58.951 - Current Subscribers: 
bid     | ((9i;`);(10i;`))
quote   | ((9i;`);(10i;`))
statsTab| ,(8i;`)

04:39:59.951 - Records Processed 3
04:39:59.951 - Current Subscribers: 
bid     | ((9i;`);(10i;`))
quote   | ((9i;`);(10i;`))
statsTab| ,(8i;`)

04:40:00.952 - Records Processed 3
04:40:00.952 - Current Subscribers: 
bid     | ((9i;`);(10i;`))
quote   | ((9i;`);(10i;`))
statsTab| ,(8i;`)

04:40:01.951 - Records Processed 3
04:40:01.951 - Current Subscribers: 
bid     | ((9i;`);(10i;`))
quote   | ((9i;`);(10i;`))
statsTab| ,(8i;`)

04:40:02.952 - Records Processed 3
04:40:02.952 - Current Subscribers: 
bid     | ((9i;`);(10i;`))
quote   | ((9i;`);(10i;`))
statsTab| ,(8i;`)

04:40:03.952 - Records Processed 3
04:40:03.952 - Current Subscribers: 
bid     | ((9i;`);(10i;`))
quote   | ((9i;`);(10i;`))
statsTab| ,(8i;`)

04:40:04.951 - Records Processed 3
04:40:04.951 - Current Subscribers: 
bid     | ((9i;`);(10i;`))
quote   | ((9i;`);(10i;`))
statsTab| ,(8i;`)

04:40:05.952 - Records Processed 3
04:40:05.952 - Current Subscribers: 
bid     | ((9i;`);(10i;`))
quote   | ((9i;`);(10i;`))
statsTab| ,(8i;`)

04:40:06.951 - Records Processed 3
04:40:06.951 - Current Subscribers: 
bid     | ((9i;`);(10i;`))
quote   | ((9i;`);(10i;`))
statsTab| ,(8i;`)

04:40:07.951 - Records Processed 3
04:40:07.952 - Current Subscribers: 
bid     | ((9i;`);(10i;`))
quote   | ((9i;`);(10i;`))
statsTab| ,(8i;`)

04:40:08.952 - Records Processed 3
04:40:08.952 - Current Subscribers: 
bid     | ((9i;`);(10i;`))
quote   | ((9i;`);(10i;`))
statsTab| ,(8i;`)

04:40:09.952 - Records Processed 3
04:40:09.952 - Current Subscribers: 
bid     | ((9i;`);(10i;`))
quote   | ((9i;`);(10i;`))
statsTab| ,(8i;`)

04:40:10.951 - Records Processed 3
04:40:10.951 - Current Subscribers: 
bid     | ((9i;`);(10i;`))
quote   | ((9i;`);(10i;`))
statsTab| ,(8i;`)

04:40:11.951 - Records Processed 3
04:40:11.951 - Current Subscribers: 
bid     | ((9i;`);(10i;`))
quote   | ((9i;`);(10i;`))
statsTab| ,(8i;`)

04:40:12.951 - Records Processed 3
04:40:12.951 - Current Subscribers: 
bid     | ((9i;`);(10i;`))
quote   | ((9i;`);(10i;`))
statsTab| ,(8i;`)

04:40:13.951 - Records Processed 3
04:40:13.951 - Current Subscribers: 
bid     | ((9i;`);(10i;`))
quote   | ((9i;`);(10i;`))
statsTab| ,(8i;`)

04:40:14.951 - Records Processed 3
04:40:14.951 - Current Subscribers: 
bid     | ((9i;`);(10i;`))
quote   | ((9i;`);(10i;`))
statsTab| ,(8i;`)

04:40:15.952 - Records Processed 3
04:40:15.952 - Current Subscribers: 
bid     | ((9i;`);(10i;`))
quote   | ((9i;`);(10i;`))
statsTab| ,(8i;`)

04:40:16.951 - Records Processed 3
04:40:16.951 - Current Subscribers: 
bid     | ((9i;`);(10i;`))
quote   | ((9i;`);(10i;`))
statsTab| ,(8i;`)

04:40:17.951 - Records Processed 3
04:40:17.951 - Current Subscribers: 
bid     | ((9i;`);(10i;`))
quote   | ((9i;`);(10i;`))
statsTab| ,(8i;`)

04:40:18.951 - Records Processed 3
04:40:18.952 - Current Subscribers: 
bid     | ((9i;`);(10i;`))
quote   | ((9i;`);(10i;`))
statsTab| ,(8i;`)

04:40:19.952 - Records Processed 3
04:40:19.952 - Current Subscribers: 
bid     | ((9i;`);(10i;`))
quote   | ((9i;`);(10i;`))
statsTab| ,(8i;`)

04:40:20.951 - Records Processed 3
04:40:20.951 - Current Subscribers: 
bid     | ((9i;`);(10i;`))
quote   | ((9i;`);(10i;`))
statsTab| ,(8i;`)

04:40:21.951 - Records Processed 3
04:40:21.951 - Current Subscribers: 
bid     | ((9i;`);(10i;`))
quote   | ((9i;`);(10i;`))
statsTab| ,(8i;`)

04:40:22.951 - Records Processed 3
04:40:22.952 - Current Subscribers: 
bid     | ((9i;`);(10i;`))
quote   | ((9i;`);(10i;`))
statsTab| ,(8i;`)

04:40:23.951 - Records Processed 3
04:40:23.951 - Current Subscribers: 
bid     | ((9i;`);(10i;`))
quote   | ((9i;`);(10i;`))
statsTab| ,(8i;`)

04:40:24.951 - Records Processed 3
04:40:24.951 - Current Subscribers: 
bid     | ((9i;`);(10i;`))
quote   | ((9i;`);(10i;`))
statsTab| ,(8i;`)

04:40:25.951 - Records Processed 3
04:40:25.951 - Current Subscribers: 
bid     | ((9i;`);(10i;`))
quote   | ((9i;`);(10i;`))
statsTab| ,(8i;`)

04:40:26.952 - Records Processed 3
04:40:26.952 - Current Subscribers: 
bid     | ((9i;`);(10i;`))
quote   | ((9i;`);(10i;`))
statsTab| ,(8i;`)

04:40:27.951 - Records Processed 3
04:40:27.952 - Current Subscribers: 
bid     | ((9i;`);(10i;`))
quote   | ((9i;`);(10i;`))
statsTab| ,(8i;`)

04:40:28.951 - Records Processed 3
04:40:28.951 - Current Subscribers: 
bid     | ((9i;`);(10i;`))
quote   | ((9i;`);(10i;`))
statsTab| ,(8i;`)

04:40:29.952 - Records Processed 3
04:40:29.952 - Current Subscribers: 
bid     | ((9i;`);(10i;`))
quote   | ((9i;`);(10i;`))
statsTab| ,(8i;`)

04:40:30.951 - Records Processed 3
04:40:30.951 - Current Subscribers: 
bid     | ((9i;`);(10i;`))
quote   | ((9i;`);(10i;`))
statsTab| ,(8i;`)

04:40:31.951 - Records Processed 3
04:40:31.952 - Current Subscribers: 
bid     | ((9i;`);(10i;`))
quote   | ((9i;`);(10i;`))
statsTab| ,(8i;`)

04:40:32.951 - Records Processed 3
04:40:32.951 - Current Subscribers: 
bid     | ((9i;`);(10i;`))
quote   | ((9i;`);(10i;`))
statsTab| ,(8i;`)

04:40:33.951 - Records Processed 3
04:40:33.952 - Current Subscribers: 
bid     | ((9i;`);(10i;`))
quote   | ((9i;`);(10i;`))
statsTab| ,(8i;`)

04:40:34.951 - Records Processed 3
04:40:34.951 - Current Subscribers: 
bid     | ((9i;`);(10i;`))
quote   | ((9i;`);(10i;`))
statsTab| ,(8i;`)

04:40:35.951 - Records Processed 3
04:40:35.951 - Current Subscribers: 
bid     | ((9i;`);(10i;`))
quote   | ((9i;`);(10i;`))
statsTab| ,(8i;`)

04:40:36.951 - Records Processed 3
04:40:36.952 - Current Subscribers: 
bid     | ((9i;`);(10i;`))
quote   | ((9i;`);(10i;`))
statsTab| ,(8i;`)

04:40:37.951 - Records Processed 3
04:40:37.951 - Current Subscribers: 
bid     | ((9i;`);(10i;`))
quote   | ((9i;`);(10i;`))
statsTab| ,(8i;`)

04:40:38.952 - Records Processed 3
04:40:38.952 - Current Subscribers: 
bid     | ((9i;`);(10i;`))
quote   | ((9i;`);(10i;`))
statsTab| ,(8i;`)

04:40:39.950 - Records Processed 3
04:40:39.950 - Current Subscribers: 
bid     | ((9i;`);(10i;`))
quote   | ((9i;`);(10i;`))
statsTab| ,(8i;`)

04:40:40.951 - Records Processed 3
04:40:40.951 - Current Subscribers: 
bid     | ((9i;`);(10i;`))
quote   | ((9i;`);(10i;`))
statsTab| ,(8i;`)

04:40:41.951 - Records Processed 3
04:40:41.951 - Current Subscribers: 
bid     | ((9i;`);(10i;`))
quote   | ((9i;`);(10i;`))
statsTab| ,(8i;`)

04:40:42.951 - Records Processed 3
04:40:42.951 - Current Subscribers: 
bid     | ((9i;`);(10i;`))
quote   | ((9i;`);(10i;`))
statsTab| ,(8i;`)

04:40:43.951 - Records Processed 3
04:40:43.951 - Current Subscribers: 
bid     | ((9i;`);(10i;`))
quote   | ((9i;`);(10i;`))
statsTab| ,(8i;`)

04:40:44.952 - Records Processed 3
04:40:44.952 - Current Subscribers: 
bid     | ((9i;`);(10i;`))
quote   | ((9i;`);(10i;`))
statsTab| ,(8i;`)

04:40:45.950 - Records Processed 3
04:40:45.951 - Current Subscribers: 
bid     | ((9i;`);(10i;`))
quote   | ((9i;`);(10i;`))
statsTab| ,(8i;`)

04:40:46.951 - Records Processed 3
04:40:46.952 - Current Subscribers: 
bid     | ((9i;`);(10i;`))
quote   | ((9i;`);(10i;`))
statsTab| ,(8i;`)

04:40:47.951 - Records Processed 3
04:40:47.951 - Current Subscribers: 
bid     | ((9i;`);(10i;`))
quote   | ((9i;`);(10i;`))
statsTab| ,(8i;`)

04:40:48.951 - Records Processed 3
04:40:48.951 - Current Subscribers: 
bid     | ((9i;`);(10i;`))
quote   | ((9i;`);(10i;`))
statsTab| ,(8i;`)

04:40:49.951 - Records Processed 3
04:40:49.951 - Current Subscribers: 
bid     | ((9i;`);(10i;`))
quote   | ((9i;`);(10i;`))
statsTab| ,(8i;`)

04:40:50.950 - Records Processed 3
04:40:50.951 - Current Subscribers: 
bid     | ((9i;`);(10i;`))
quote   | ((9i;`);(10i;`))
statsTab| ,(8i;`)

04:40:51.950 - Records Processed 3
04:40:51.951 - Current Subscribers: 
bid     | ((9i;`);(10i;`))
quote   | ((9i;`);(10i;`))
statsTab| ,(8i;`)

04:40:52.951 - Records Processed 3
04:40:52.951 - Current Subscribers: 
bid     | ((9i;`);(10i;`))
quote   | ((9i;`);(10i;`))
statsTab| ,(8i;`)

04:40:53.951 - Records Processed 3
04:40:53.951 - Current Subscribers: 
bid     | ((9i;`);(10i;`))
quote   | ((9i;`);(10i;`))
statsTab| ,(8i;`)

04:40:54.951 - Records Processed 3
04:40:54.951 - Current Subscribers: 
bid     | ((9i;`);(10i;`))
quote   | ((9i;`);(10i;`))
statsTab| ,(8i;`)

04:40:55.952 - Records Processed 3
04:40:55.952 - Current Subscribers: 
bid     | ((9i;`);(10i;`))
quote   | ((9i;`);(10i;`))
statsTab| ,(8i;`)

04:40:56.950 - Records Processed 3
04:40:56.951 - Current Subscribers: 
bid     | ((9i;`);(10i;`))
quote   | ((9i;`);(10i;`))
statsTab| ,(8i;`)

04:40:57.951 - Records Processed 3
04:40:57.951 - Current Subscribers: 
bid     | ((9i;`);(10i;`))
quote   | ((9i;`);(10i;`))
statsTab| ,(8i;`)

04:40:58.952 - Records Processed 3
04:40:58.952 - Current Subscribers: 
bid     | ((9i;`);(10i;`))
quote   | ((9i;`);(10i;`))
statsTab| ,(8i;`)

04:40:59.950 - Records Processed 3
04:40:59.951 - Current Subscribers: 
bid     | ((9i;`);(10i;`))
quote   | ((9i;`);(10i;`))
statsTab| ,(8i;`)

04:41:00.951 - Records Processed 3
04:41:00.951 - Current Subscribers: 
bid     | ((9i;`);(10i;`))
quote   | ((9i;`);(10i;`))
statsTab| ,(8i;`)

04:41:01.951 - Records Processed 3
04:41:01.951 - Current Subscribers: 
bid     | ((9i;`);(10i;`))
quote   | ((9i;`);(10i;`))
statsTab| ,(8i;`)

04:41:02.951 - Records Processed 3
04:41:02.951 - Current Subscribers: 
bid     | ((9i;`);(10i;`))
quote   | ((9i;`);(10i;`))
statsTab| ,(8i;`)

04:41:03.951 - Records Processed 3
04:41:03.951 - Current Subscribers: 
bid     | ((9i;`);(10i;`))
quote   | ((9i;`);(10i;`))
statsTab| ,(8i;`)

04:41:04.952 - Records Processed 3
04:41:04.952 - Current Subscribers: 
bid     | ((9i;`);(10i;`))
quote   | ((9i;`);(10i;`))
statsTab| ,(8i;`)

04:41:05.951 - Records Processed 3
04:41:05.951 - Current Subscribers: 
bid     | ((9i;`);(10i;`))
quote   | ((9i;`);(10i;`))
statsTab| ,(8i;`)

04:41:06.950 - Records Processed 3
04:41:06.951 - Current Subscribers: 
bid     | ((9i;`);(10i;`))
quote   | ((9i;`);(10i;`))
statsTab| ,(8i;`)

04:41:07.951 - Records Processed 3
04:41:07.951 - Current Subscribers: 
bid     | ((9i;`);(10i;`))
quote   | ((9i;`);(10i;`))
statsTab| ,(8i;`)

04:41:08.951 - Records Processed 3
04:41:08.951 - Current Subscribers: 
bid     | ((9i;`);(10i;`))
quote   | ((9i;`);(10i;`))
statsTab| ,(8i;`)

04:41:09.951 - Records Processed 3
04:41:09.951 - Current Subscribers: 
bid     | ((9i;`);(10i;`))
quote   | ((9i;`);(10i;`))
statsTab| ,(8i;`)

04:41:10.951 - Records Processed 3
04:41:10.951 - Current Subscribers: 
bid     | ((9i;`);(10i;`))
quote   | ((9i;`);(10i;`))
statsTab| ,(8i;`)

04:41:11.951 - Records Processed 3
04:41:11.951 - Current Subscribers: 
bid     | ((9i;`);(10i;`))
quote   | ((9i;`);(10i;`))
statsTab| ,(8i;`)

04:41:12.950 - Records Processed 3
04:41:12.951 - Current Subscribers: 
bid     | ((9i;`);(10i;`))
quote   | ((9i;`);(10i;`))
statsTab| ,(8i;`)

04:41:13.951 - Records Processed 3
04:41:13.951 - Current Subscribers: 
bid     | ((9i;`);(10i;`))
quote   | ((9i;`);(10i;`))
statsTab| ,(8i;`)

04:41:14.951 - Records Processed 3
04:41:14.951 - Current Subscribers: 
bid     | ((9i;`);(10i;`))
quote   | ((9i;`);(10i;`))
statsTab| ,(8i;`)

04:41:15.951 - Records Processed 3
04:41:15.951 - Current Subscribers: 
bid     | ((9i;`);(10i;`))
quote   | ((9i;`);(10i;`))
statsTab| ,(8i;`)

04:41:16.952 - Records Processed 3
04:41:16.952 - Current Subscribers: 
bid     | ((9i;`);(10i;`))
quote   | ((9i;`);(10i;`))
statsTab| ,(8i;`)

04:41:17.951 - Records Processed 3
04:41:17.951 - Current Subscribers: 
bid     | ((9i;`);(10i;`))
quote   | ((9i;`);(10i;`))
statsTab| ,(8i;`)

04:41:18.951 - Records Processed 3
04:41:18.951 - Current Subscribers: 
bid     | ((9i;`);(10i;`))
quote   | ((9i;`);(10i;`))
statsTab| ,(8i;`)

04:41:19.951 - Records Processed 3
04:41:19.951 - Current Subscribers: 
bid     | ((9i;`);(10i;`))
quote   | ((9i;`);(10i;`))
statsTab| ,(8i;`)

04:41:20.951 - Records Processed 3
04:41:20.951 - Current Subscribers: 
bid     | ((9i;`);(10i;`))
quote   | ((9i;`);(10i;`))
statsTab| ,(8i;`)

04:41:21.950 - Records Processed 3
04:41:21.951 - Current Subscribers: 
bid     | ((9i;`);(10i;`))
quote   | ((9i;`);(10i;`))
statsTab| ,(8i;`)

04:41:22.951 - Records Processed 3
04:41:22.952 - Current Subscribers: 
bid     | ((9i;`);(10i;`))
quote   | ((9i;`);(10i;`))
statsTab| ,(8i;`)

04:41:23.951 - Records Processed 3
04:41:23.951 - Current Subscribers: 
bid     | ((9i;`);(10i;`))
quote   | ((9i;`);(10i;`))
statsTab| ,(8i;`)

04:41:24.951 - Records Processed 3
04:41:24.952 - Current Subscribers: 
bid     | ((9i;`);(10i;`))
quote   | ((9i;`);(10i;`))
statsTab| ,(8i;`)

04:41:25.952 - Records Processed 3
04:41:25.952 - Current Subscribers: 
bid     | ((9i;`);(10i;`))
quote   | ((9i;`);(10i;`))
statsTab| ,(8i;`)

04:41:26.951 - Records Processed 3
04:41:26.952 - Current Subscribers: 
bid     | ((9i;`);(10i;`))
quote   | ((9i;`);(10i;`))
statsTab| ,(8i;`)

04:41:27.951 - Records Processed 3
04:41:27.951 - Current Subscribers: 
bid     | ((9i;`);(10i;`))
quote   | ((9i;`);(10i;`))
statsTab| ,(8i;`)

04:41:28.951 - Records Processed 3
04:41:28.951 - Current Subscribers: 
bid     | ((9i;`);(10i;`))
quote   | ((9i;`);(10i;`))
statsTab| ,(8i;`)

04:41:29.951 - Records Processed 3
04:41:29.951 - Current Subscribers: 
bid     | ((9i;`);(10i;`))
quote   | ((9i;`);(10i;`))
statsTab| ,(8i;`)

04:41:30.952 - Records Processed 3
04:41:30.952 - Current Subscribers: 
bid     | ((9i;`);(10i;`))
quote   | ((9i;`);(10i;`))
statsTab| ,(8i;`)

04:41:31.952 - Records Processed 3
04:41:31.952 - Current Subscribers: 
bid     | ((9i;`);(10i;`))
quote   | ((9i;`);(10i;`))
statsTab| ,(8i;`)

04:41:32.951 - Records Processed 3
04:41:32.952 - Current Subscribers: 
bid     | ((9i;`);(10i;`))
quote   | ((9i;`);(10i;`))
statsTab| ,(8i;`)

04:41:33.951 - Records Processed 3
04:41:33.951 - Current Subscribers: 
bid     | ((9i;`);(10i;`))
quote   | ((9i;`);(10i;`))
statsTab| ,(8i;`)

04:41:34.951 - Records Processed 3
04:41:34.951 - Current Subscribers: 
bid     | ((9i;`);(10i;`))
quote   | ((9i;`);(10i;`))
statsTab| ,(8i;`)

04:41:35.951 - Records Processed 3
04:41:35.951 - Current Subscribers: 
bid     | ((9i;`);(10i;`))
quote   | ((9i;`);(10i;`))
statsTab| ,(8i;`)

04:41:36.951 - Records Processed 3
04:41:36.952 - Current Subscribers: 
bid     | ((9i;`);(10i;`))
quote   | ((9i;`);(10i;`))
statsTab| ,(8i;`)

04:41:37.951 - Records Processed 3
04:41:37.951 - Current Subscribers: 
bid     | ((9i;`);(10i;`))
quote   | ((9i;`);(10i;`))
statsTab| ,(8i;`)

04:41:38.951 - Records Processed 3
04:41:38.951 - Current Subscribers: 
bid     | ((9i;`);(10i;`))
quote   | ((9i;`);(10i;`))
statsTab| ,(8i;`)

04:41:39.951 - Records Processed 3
04:41:39.951 - Current Subscribers: 
bid     | ((9i;`);(10i;`))
quote   | ((9i;`);(10i;`))
statsTab| ,(8i;`)

04:41:40.950 - Records Processed 3
04:41:40.951 - Current Subscribers: 
bid     | ((9i;`);(10i;`))
quote   | ((9i;`);(10i;`))
statsTab| ,(8i;`)

04:41:41.951 - Records Processed 3
04:41:41.951 - Current Subscribers: 
bid     | ((9i;`);(10i;`))
quote   | ((9i;`);(10i;`))
statsTab| ,(8i;`)

04:41:42.951 - Records Processed 3
04:41:42.951 - Current Subscribers: 
bid     | ((9i;`);(10i;`))
quote   | ((9i;`);(10i;`))
statsTab| ,(8i;`)

04:41:43.951 - Records Processed 3
04:41:43.952 - Current Subscribers: 
bid     | ((9i;`);(10i;`))
quote   | ((9i;`);(10i;`))
statsTab| ,(8i;`)

04:41:44.951 - Records Processed 3
04:41:44.951 - Current Subscribers: 
bid     | ((9i;`);(10i;`))
quote   | ((9i;`);(10i;`))
statsTab| ,(8i;`)

04:41:45.952 - Records Processed 3
04:41:45.953 - Current Subscribers: 
bid     | ((9i;`);(10i;`))
quote   | ((9i;`);(10i;`))
statsTab| ,(8i;`)

04:41:46.952 - Records Processed 3
04:41:46.952 - Current Subscribers: 
bid     | ((9i;`);(10i;`))
quote   | ((9i;`);(10i;`))
statsTab| ,(8i;`)

04:41:47.951 - Records Processed 3
04:41:47.951 - Current Subscribers: 
bid     | ((9i;`);(10i;`))
quote   | ((9i;`);(10i;`))
statsTab| ,(8i;`)

04:41:48.951 - Records Processed 3
04:41:48.952 - Current Subscribers: 
bid     | ((9i;`);(10i;`))
quote   | ((9i;`);(10i;`))
statsTab| ,(8i;`)

04:41:49.951 - Records Processed 3
04:41:49.951 - Current Subscribers: 
bid     | ((9i;`);(10i;`))
quote   | ((9i;`);(10i;`))
statsTab| ,(8i;`)

04:41:50.952 - Records Processed 3
04:41:50.952 - Current Subscribers: 
bid     | ((9i;`);(10i;`))
quote   | ((9i;`);(10i;`))
statsTab| ,(8i;`)

04:41:51.951 - Records Processed 3
04:41:51.951 - Current Subscribers: 
bid     | ((9i;`);(10i;`))
quote   | ((9i;`);(10i;`))
statsTab| ,(8i;`)

04:41:52.951 - Records Processed 3
04:41:52.952 - Current Subscribers: 
bid     | ((9i;`);(10i;`))
quote   | ((9i;`);(10i;`))
statsTab| ,(8i;`)

04:41:53.951 - Records Processed 3
04:41:53.951 - Current Subscribers: 
bid     | ((9i;`);(10i;`))
quote   | ((9i;`);(10i;`))
statsTab| ,(8i;`)

04:41:54.951 - Records Processed 3
04:41:54.951 - Current Subscribers: 
bid     | ((9i;`);(10i;`))
quote   | ((9i;`);(10i;`))
statsTab| ,(8i;`)

04:41:55.951 - Records Processed 3
04:41:55.951 - Current Subscribers: 
bid     | ((9i;`);(10i;`))
quote   | ((9i;`);(10i;`))
statsTab| ,(8i;`)

04:41:56.951 - Records Processed 3
04:41:56.952 - Current Subscribers: 
bid     | ((9i;`);(10i;`))
quote   | ((9i;`);(10i;`))
statsTab| ,(8i;`)

04:41:57.952 - Records Processed 3
04:41:57.952 - Current Subscribers: 
bid     | ((9i;`);(10i;`))
quote   | ((9i;`);(10i;`))
statsTab| ,(8i;`)

04:41:58.951 - Records Processed 3
04:41:58.952 - Current Subscribers: 
bid     | ((9i;`);(10i;`))
quote   | ((9i;`);(10i;`))
statsTab| ,(8i;`)

04:41:59.951 - Records Processed 3
04:41:59.951 - Current Subscribers: 
bid     | ((9i;`);(10i;`))
quote   | ((9i;`);(10i;`))
statsTab| ,(8i;`)

04:42:00.952 - Records Processed 3
04:42:00.952 - Current Subscribers: 
bid     | ((9i;`);(10i;`))
quote   | ((9i;`);(10i;`))
statsTab| ,(8i;`)

04:42:01.951 - Records Processed 3
04:42:01.951 - Current Subscribers: 
bid     | ((9i;`);(10i;`))
quote   | ((9i;`);(10i;`))
statsTab| ,(8i;`)

04:42:02.951 - Records Processed 3
04:42:02.951 - Current Subscribers: 
bid     | ((9i;`);(10i;`))
quote   | ((9i;`);(10i;`))
statsTab| ,(8i;`)

04:42:03.951 - Records Processed 3
04:42:03.951 - Current Subscribers: 
bid     | ((9i;`);(10i;`))
quote   | ((9i;`);(10i;`))
statsTab| ,(8i;`)

04:42:04.951 - Records Processed 3
04:42:04.951 - Current Subscribers: 
bid     | ((9i;`);(10i;`))
quote   | ((9i;`);(10i;`))
statsTab| ,(8i;`)

04:42:05.951 - Records Processed 3
04:42:05.951 - Current Subscribers: 
bid     | ((9i;`);(10i;`))
quote   | ((9i;`);(10i;`))
statsTab| ,(8i;`)

04:42:06.951 - Records Processed 3
04:42:06.952 - Current Subscribers: 
bid     | ((9i;`);(10i;`))
quote   | ((9i;`);(10i;`))
statsTab| ,(8i;`)

04:42:07.951 - Records Processed 3
04:42:07.951 - Current Subscribers: 
bid     | ((9i;`);(10i;`))
quote   | ((9i;`);(10i;`))
statsTab| ,(8i;`)

04:42:08.952 - Records Processed 3
04:42:08.952 - Current Subscribers: 
bid     | ((9i;`);(10i;`))
quote   | ((9i;`);(10i;`))
statsTab| ,(8i;`)

04:42:09.951 - Records Processed 3
04:42:09.951 - Current Subscribers: 
bid     | ((9i;`);(10i;`))
quote   | ((9i;`);(10i;`))
statsTab| ,(8i;`)

04:42:10.951 - Records Processed 3
04:42:10.951 - Current Subscribers: 
bid     | ((9i;`);(10i;`))
quote   | ((9i;`);(10i;`))
statsTab| ,(8i;`)

04:42:11.951 - Records Processed 3
04:42:11.951 - Current Subscribers: 
bid     | ((9i;`);(10i;`))
quote   | ((9i;`);(10i;`))
statsTab| ,(8i;`)

04:42:12.951 - Records Processed 3
04:42:12.951 - Current Subscribers: 
bid     | ((9i;`);(10i;`))
quote   | ((9i;`);(10i;`))
statsTab| ,(8i;`)

04:42:13.950 - Records Processed 3
04:42:13.951 - Current Subscribers: 
bid     | ((9i;`);(10i;`))
quote   | ((9i;`);(10i;`))
statsTab| ,(8i;`)

04:42:14.951 - Records Processed 3
04:42:14.951 - Current Subscribers: 
bid     | ((9i;`);(10i;`))
quote   | ((9i;`);(10i;`))
statsTab| ,(8i;`)

04:42:15.951 - Records Processed 3
04:42:15.951 - Current Subscribers: 
bid     | ((9i;`);(10i;`))
quote   | ((9i;`);(10i;`))
statsTab| ,(8i;`)

04:42:16.950 - Records Processed 3
04:42:16.950 - Current Subscribers: 
bid     | ((9i;`);(10i;`))
quote   | ((9i;`);(10i;`))
statsTab| ,(8i;`)

04:42:17.951 - Records Processed 3
04:42:17.951 - Current Subscribers: 
bid     | ((9i;`);(10i;`))
quote   | ((9i;`);(10i;`))
statsTab| ,(8i;`)

04:42:18.951 - Records Processed 3
04:42:18.951 - Current Subscribers: 
bid     | ((9i;`);(10i;`))
quote   | ((9i;`);(10i;`))
statsTab| ,(8i;`)

04:42:19.951 - Records Processed 3
04:42:19.951 - Current Subscribers: 
bid     | ((9i;`);(10i;`))
quote   | ((9i;`);(10i;`))
statsTab| ,(8i;`)

04:42:20.951 - Records Processed 3
04:42:20.951 - Current Subscribers: 
bid     | ((9i;`);(10i;`))
quote   | ((9i;`);(10i;`))
statsTab| ,(8i;`)

04:42:21.951 - Records Processed 3
04:42:21.951 - Current Subscribers: 
bid     | ((9i;`);(10i;`))
quote   | ((9i;`);(10i;`))
statsTab| ,(8i;`)

04:42:22.952 - Records Processed 3
04:42:22.952 - Current Subscribers: 
bid     | ((9i;`);(10i;`))
quote   | ((9i;`);(10i;`))
statsTab| ,(8i;`)

04:42:23.952 - Records Processed 3
04:42:23.952 - Current Subscribers: 
bid     | ((9i;`);(10i;`))
quote   | ((9i;`);(10i;`))
statsTab| ,(8i;`)

04:42:24.951 - Records Processed 3
04:42:24.951 - Current Subscribers: 
bid     | ((9i;`);(10i;`))
quote   | ((9i;`);(10i;`))
statsTab| ,(8i;`)

04:42:25.951 - Records Processed 3
04:42:25.951 - Current Subscribers: 
bid     | ((9i;`);(10i;`))
quote   | ((9i;`);(10i;`))
statsTab| ,(8i;`)

04:42:26.951 - Records Processed 3
04:42:26.951 - Current Subscribers: 
bid     | ((9i;`);(10i;`))
quote   | ((9i;`);(10i;`))
statsTab| ,(8i;`)

04:42:27.951 - Records Processed 3
04:42:27.951 - Current Subscribers: 
bid     | ((9i;`);(10i;`))
quote   | ((9i;`);(10i;`))
statsTab| ,(8i;`)

04:42:28.951 - Records Processed 3
04:42:28.951 - Current Subscribers: 
bid     | ((9i;`);(10i;`))
quote   | ((9i;`);(10i;`))
statsTab| ,(8i;`)

04:42:29.951 - Records Processed 3
04:42:29.951 - Current Subscribers: 
bid     | ((9i;`);(10i;`))
quote   | ((9i;`);(10i;`))
statsTab| ,(8i;`)

04:42:30.951 - Records Processed 3
04:42:30.951 - Current Subscribers: 
bid     | ((9i;`);(10i;`))
quote   | ((9i;`);(10i;`))
statsTab| ,(8i;`)

04:42:31.951 - Records Processed 3
04:42:31.951 - Current Subscribers: 
bid     | ((9i;`);(10i;`))
quote   | ((9i;`);(10i;`))
statsTab| ,(8i;`)

04:42:32.951 - Records Processed 3
04:42:32.951 - Current Subscribers: 
bid     | ((9i;`);(10i;`))
quote   | ((9i;`);(10i;`))
statsTab| ,(8i;`)

04:42:33.951 - Records Processed 3
04:42:33.952 - Current Subscribers: 
bid     | ((9i;`);(10i;`))
quote   | ((9i;`);(10i;`))
statsTab| ,(8i;`)

04:42:34.951 - Records Processed 3
04:42:34.951 - Current Subscribers: 
bid     | ((9i;`);(10i;`))
quote   | ((9i;`);(10i;`))
statsTab| ,(8i;`)

04:42:35.951 - Records Processed 3
04:42:35.951 - Current Subscribers: 
bid     | ((9i;`);(10i;`))
quote   | ((9i;`);(10i;`))
statsTab| ,(8i;`)

04:42:36.951 - Records Processed 3
04:42:36.951 - Current Subscribers: 
bid     | ((9i;`);(10i;`))
quote   | ((9i;`);(10i;`))
statsTab| ,(8i;`)

04:42:37.951 - Records Processed 3
04:42:37.951 - Current Subscribers: 
bid     | ((9i;`);(10i;`))
quote   | ((9i;`);(10i;`))
statsTab| ,(8i;`)

04:42:38.952 - Records Processed 3
04:42:38.952 - Current Subscribers: 
bid     | ((9i;`);(10i;`))
quote   | ((9i;`);(10i;`))
statsTab| ,(8i;`)

04:42:39.951 - Records Processed 3
04:42:39.951 - Current Subscribers: 
bid     | ((9i;`);(10i;`))
quote   | ((9i;`);(10i;`))
statsTab| ,(8i;`)

04:42:40.951 - Records Processed 3
04:42:40.952 - Current Subscribers: 
bid     | ((9i;`);(10i;`))
quote   | ((9i;`);(10i;`))
statsTab| ,(8i;`)

04:42:41.951 - Records Processed 3
04:42:41.952 - Current Subscribers: 
bid     | ((9i;`);(10i;`))
quote   | ((9i;`);(10i;`))
statsTab| ,(8i;`)

04:42:42.951 - Records Processed 3
04:42:42.951 - Current Subscribers: 
bid     | ((9i;`);(10i;`))
quote   | ((9i;`);(10i;`))
statsTab| ,(8i;`)

04:42:43.951 - Records Processed 3
04:42:43.951 - Current Subscribers: 
bid     | ((9i;`);(10i;`))
quote   | ((9i;`);(10i;`))
statsTab| ,(8i;`)

04:42:44.951 - Records Processed 3
04:42:44.951 - Current Subscribers: 
bid     | ((9i;`);(10i;`))
quote   | ((9i;`);(10i;`))
statsTab| ,(8i;`)

04:42:45.951 - Records Processed 3
04:42:45.951 - Current Subscribers: 
bid     | ((9i;`);(10i;`))
quote   | ((9i;`);(10i;`))
statsTab| ,(8i;`)

04:42:46.951 - Records Processed 3
04:42:46.951 - Current Subscribers: 
bid     | ((9i;`);(10i;`))
quote   | ((9i;`);(10i;`))
statsTab| ,(8i;`)

04:42:47.951 - Records Processed 3
04:42:47.952 - Current Subscribers: 
bid     | ((9i;`);(10i;`))
quote   | ((9i;`);(10i;`))
statsTab| ,(8i;`)

04:42:48.124 - Records Processed 3
04:42:48.124 - Current Subscribers: 
bid     | ((9i;`);(10i;`))
quote   | ((9i;`);(10i;`))
statsTab| ,(8i;`)

04:42:49.951 - Records Processed 3
04:42:49.951 - Current Subscribers: 
bid     | ((9i;`);(10i;`))
quote   | ((9i;`);(10i;`))
statsTab| ,(8i;`)

04:42:50.951 - Records Processed 3
04:42:50.951 - Current Subscribers: 
bid     | ((9i;`);(10i;`))
quote   | ((9i;`);(10i;`))
statsTab| ,(8i;`)

04:42:51.951 - Records Processed 3
04:42:51.952 - Current Subscribers: 
bid     | ((9i;`);(10i;`))
quote   | ((9i;`);(10i;`))
statsTab| ,(8i;`)

04:42:52.950 - Records Processed 3
04:42:52.950 - Current Subscribers: 
bid     | ((9i;`);(10i;`))
quote   | ((9i;`);(10i;`))
statsTab| ,(8i;`)

04:42:53.951 - Records Processed 3
04:42:53.952 - Current Subscribers: 
bid     | ((9i;`);(10i;`))
quote   | ((9i;`);(10i;`))
statsTab| ,(8i;`)

04:42:54.951 - Records Processed 3
04:42:54.951 - Current Subscribers: 
bid     | ((9i;`);(10i;`))
quote   | ((9i;`);(10i;`))
statsTab| ,(8i;`)

04:42:55.951 - Records Processed 3
04:42:55.951 - Current Subscribers: 
bid     | ((9i;`);(10i;`))
quote   | ((9i;`);(10i;`))
statsTab| ,(8i;`)

04:42:56.951 - Records Processed 3
04:42:56.951 - Current Subscribers: 
bid     | ((9i;`);(10i;`))
quote   | ((9i;`);(10i;`))
statsTab| ,(8i;`)

04:42:57.951 - Records Processed 3
04:42:57.951 - Current Subscribers: 
bid     | ((9i;`);(10i;`))
quote   | ((9i;`);(10i;`))
statsTab| ,(8i;`)

04:42:58.951 - Records Processed 3
04:42:58.951 - Current Subscribers: 
bid     | ((9i;`);(10i;`))
quote   | ((9i;`);(10i;`))
statsTab| ,(8i;`)

04:44:08.558 - Records Processed 3
04:44:08.558 - Current Subscribers: 
bid     | ((9i;`);(10i;`))
quote   | ((9i;`);(10i;`))
statsTab| ,(8i;`)

04:44:28.157 - Records Processed 3
04:44:28.157 - Current Subscribers: 
bid     | ((9i;`);(10i;`))
quote   | ((9i;`);(10i;`))
statsTab| ,(8i;`)

04:44:29.951 - Records Processed 3
04:44:29.951 - Current Subscribers: 
bid     | ((9i;`);(10i;`))
quote   | ((9i;`);(10i;`))
statsTab| ,(8i;`)

04:44:30.950 - Records Processed 3
04:44:30.951 - Current Subscribers: 
bid     | ((9i;`);(10i;`))
quote   | ((9i;`);(10i;`))
statsTab| ,(8i;`)

04:44:31.951 - Records Processed 3
04:44:31.951 - Current Subscribers: 
bid     | ((9i;`);(10i;`))
quote   | ((9i;`);(10i;`))
statsTab| ,(8i;`)

04:44:32.951 - Records Processed 3
04:44:32.951 - Current Subscribers: 
bid     | ((9i;`);(10i;`))
quote   | ((9i;`);(10i;`))
statsTab| ,(8i;`)

04:44:33.951 - Records Processed 3
04:44:33.951 - Current Subscribers: 
bid     | ((9i;`);(10i;`))
quote   | ((9i;`);(10i;`))
statsTab| ,(8i;`)

04:44:34.950 - Records Processed 3
04:44:34.950 - Current Subscribers: 
bid     | ((9i;`);(10i;`))
quote   | ((9i;`);(10i;`))
statsTab| ,(8i;`)

04:44:35.951 - Records Processed 3
04:44:35.951 - Current Subscribers: 
bid     | ((9i;`);(10i;`))
quote   | ((9i;`);(10i;`))
statsTab| ,(8i;`)

04:44:36.950 - Records Processed 3
04:44:36.951 - Current Subscribers: 
bid     | ((9i;`);(10i;`))
quote   | ((9i;`);(10i;`))
statsTab| ,(8i;`)

04:44:37.950 - Records Processed 3
04:44:37.951 - Current Subscribers: 
bid     | ((9i;`);(10i;`))
quote   | ((9i;`);(10i;`))
statsTab| ,(8i;`)

04:44:38.951 - Records Processed 3
04:44:38.951 - Current Subscribers: 
bid     | ((9i;`);(10i;`))
quote   | ((9i;`);(10i;`))
statsTab| ,(8i;`)

04:44:39.951 - Records Processed 3
04:44:39.951 - Current Subscribers: 
bid     | ((9i;`);(10i;`))
quote   | ((9i;`);(10i;`))
statsTab| ,(8i;`)

04:44:40.951 - Records Processed 3
04:44:40.951 - Current Subscribers: 
bid     | ((9i;`);(10i;`))
quote   | ((9i;`);(10i;`))
statsTab| ,(8i;`)

04:44:41.951 - Records Processed 3
04:44:41.951 - Current Subscribers: 
bid     | ((9i;`);(10i;`))
quote   | ((9i;`);(10i;`))
statsTab| ,(8i;`)

04:44:42.951 - Records Processed 3
04:44:42.951 - Current Subscribers: 
bid     | ((9i;`);(10i;`))
quote   | ((9i;`);(10i;`))
statsTab| ,(8i;`)

04:44:43.951 - Records Processed 3
04:44:43.951 - Current Subscribers: 
bid     | ((9i;`);(10i;`))
quote   | ((9i;`);(10i;`))
statsTab| ,(8i;`)

04:44:44.951 - Records Processed 3
04:44:44.951 - Current Subscribers: 
bid     | ((9i;`);(10i;`))
quote   | ((9i;`);(10i;`))
statsTab| ,(8i;`)

04:44:45.951 - Records Processed 3
04:44:45.951 - Current Subscribers: 
bid     | ((9i;`);(10i;`))
quote   | ((9i;`);(10i;`))
statsTab| ,(8i;`)

04:44:46.951 - Records Processed 3
04:44:46.951 - Current Subscribers: 
bid     | ((9i;`);(10i;`))
quote   | ((9i;`);(10i;`))
statsTab| ,(8i;`)

04:44:47.951 - Records Processed 3
04:44:47.951 - Current Subscribers: 
bid     | ((9i;`);(10i;`))
quote   | ((9i;`);(10i;`))
statsTab| ,(8i;`)

04:44:48.951 - Records Processed 3
04:44:48.951 - Current Subscribers: 
bid     | ((9i;`);(10i;`))
quote   | ((9i;`);(10i;`))
statsTab| ,(8i;`)

04:44:49.951 - Records Processed 3
04:44:49.952 - Current Subscribers: 
bid     | ((9i;`);(10i;`))
quote   | ((9i;`);(10i;`))
statsTab| ,(8i;`)

04:44:50.951 - Records Processed 3
04:44:50.951 - Current Subscribers: 
bid     | ((9i;`);(10i;`))
quote   | ((9i;`);(10i;`))
statsTab| ,(8i;`)

04:44:51.950 - Records Processed 3
04:44:51.951 - Current Subscribers: 
bid     | ((9i;`);(10i;`))
quote   | ((9i;`);(10i;`))
statsTab| ,(8i;`)

04:44:52.951 - Records Processed 3
04:44:52.951 - Current Subscribers: 
bid     | ((9i;`);(10i;`))
quote   | ((9i;`);(10i;`))
statsTab| ,(8i;`)

04:44:53.951 - Records Processed 3
04:44:53.951 - Current Subscribers: 
bid     | ((9i;`);(10i;`))
quote   | ((9i;`);(10i;`))
statsTab| ,(8i;`)

04:44:54.952 - Records Processed 3
04:44:54.952 - Current Subscribers: 
bid     | ((9i;`);(10i;`))
quote   | ((9i;`);(10i;`))
statsTab| ,(8i;`)

04:44:55.951 - Records Processed 3
04:44:55.951 - Current Subscribers: 
bid     | ((9i;`);(10i;`))
quote   | ((9i;`);(10i;`))
statsTab| ,(8i;`)

04:44:56.951 - Records Processed 3
04:44:56.951 - Current Subscribers: 
bid     | ((9i;`);(10i;`))
quote   | ((9i;`);(10i;`))
statsTab| ,(8i;`)

04:44:57.951 - Records Processed 3
04:44:57.951 - Current Subscribers: 
bid     | ((9i;`);(10i;`))
quote   | ((9i;`);(10i;`))
statsTab| ,(8i;`)

04:44:58.951 - Records Processed 3
04:44:58.951 - Current Subscribers: 
bid     | ((9i;`);(10i;`))
quote   | ((9i;`);(10i;`))
statsTab| ,(8i;`)

04:44:59.951 - Records Processed 3
04:44:59.952 - Current Subscribers: 
bid     | ((9i;`);(10i;`))
quote   | ((9i;`);(10i;`))
statsTab| ,(8i;`)

04:45:00.951 - Records Processed 3
04:45:00.951 - Current Subscribers: 
bid     | ((9i;`);(10i;`))
quote   | ((9i;`);(10i;`))
statsTab| ,(8i;`)

04:45:01.951 - Records Processed 3
04:45:01.951 - Current Subscribers: 
bid     | ((9i;`);(10i;`))
quote   | ((9i;`);(10i;`))
statsTab| ,(8i;`)

04:45:02.951 - Records Processed 3
04:45:02.951 - Current Subscribers: 
bid     | ((9i;`);(10i;`))
quote   | ((9i;`);(10i;`))
statsTab| ,(8i;`)

04:45:03.951 - Records Processed 3
04:45:03.951 - Current Subscribers: 
bid     | ((9i;`);(10i;`))
quote   | ((9i;`);(10i;`))
statsTab| ,(8i;`)

04:45:04.951 - Records Processed 3
04:45:04.951 - Current Subscribers: 
bid     | ((9i;`);(10i;`))
quote   | ((9i;`);(10i;`))
statsTab| ,(8i;`)

04:45:05.952 - Records Processed 3
04:45:05.952 - Current Subscribers: 
bid     | ((9i;`);(10i;`))
quote   | ((9i;`);(10i;`))
statsTab| ,(8i;`)

04:45:06.951 - Records Processed 3
04:45:06.951 - Current Subscribers: 
bid     | ((9i;`);(10i;`))
quote   | ((9i;`);(10i;`))
statsTab| ,(8i;`)

04:45:07.951 - Records Processed 3
04:45:07.951 - Current Subscribers: 
bid     | ((9i;`);(10i;`))
quote   | ((9i;`);(10i;`))
statsTab| ,(8i;`)

04:45:08.952 - Records Processed 3
04:45:08.952 - Current Subscribers: 
bid     | ((9i;`);(10i;`))
quote   | ((9i;`);(10i;`))
statsTab| ,(8i;`)

04:45:09.952 - Records Processed 3
04:45:09.952 - Current Subscribers: 
bid     | ((9i;`);(10i;`))
quote   | ((9i;`);(10i;`))
statsTab| ,(8i;`)

04:45:10.951 - Records Processed 3
04:45:10.951 - Current Subscribers: 
bid     | ((9i;`);(10i;`))
quote   | ((9i;`);(10i;`))
statsTab| ,(8i;`)

04:45:11.951 - Records Processed 3
04:45:11.951 - Current Subscribers: 
bid     | ((9i;`);(10i;`))
quote   | ((9i;`);(10i;`))
statsTab| ,(8i;`)

04:45:12.952 - Records Processed 3
04:45:12.952 - Current Subscribers: 
bid     | ((9i;`);(10i;`))
quote   | ((9i;`);(10i;`))
statsTab| ,(8i;`)

04:45:13.951 - Records Processed 3
04:45:13.951 - Current Subscribers: 
bid     | ((9i;`);(10i;`))
quote   | ((9i;`);(10i;`))
statsTab| ,(8i;`)

04:45:14.951 - Records Processed 3
04:45:14.951 - Current Subscribers: 
bid     | ((9i;`);(10i;`))
quote   | ((9i;`);(10i;`))
statsTab| ,(8i;`)

04:45:31.335 - Records Processed 3
04:45:31.335 - Current Subscribers: 
bid     | ((9i;`);(10i;`))
quote   | ((9i;`);(10i;`))
statsTab| ,(8i;`)

04:45:32.951 - Records Processed 5
04:45:32.951 - Current Subscribers: 
bid     | ((9i;`);(10i;`))
quote   | ((9i;`);(10i;`))
statsTab| ,(8i;`)

04:45:33.951 - Records Processed 5
04:45:33.951 - Current Subscribers: 
bid     | ((9i;`);(10i;`))
quote   | ((9i;`);(10i;`))
statsTab| ,(8i;`)

04:45:34.951 - Records Processed 5
04:45:34.951 - Current Subscribers: 
bid     | ((9i;`);(10i;`))
quote   | ((9i;`);(10i;`))
statsTab| ,(8i;`)

