04:45:47.819 - Records Processed 5
04:45:47.819 - Current Subscribers: 
bid     | 
quote   | 
statsTab| 

04:45:48.820 - Records Processed 5
04:45:48.820 - Current Subscribers: 
bid     | 
quote   | 
statsTab| 

04:45:49.819 - Records Processed 5
04:45:49.819 - Current Subscribers: 
bid     | 
quote   | 
statsTab| 

04:45:50.820 - Records Processed 5
04:45:50.820 - Current Subscribers: 
bid     | 
quote   | 
statsTab| 

04:45:51.125 - Records Processed 5
04:45:51.125 - Current Subscribers: 
bid     | 
quote   | 
statsTab| 

04:45:52.127 - Records Processed 6
04:45:52.127 - Current Subscribers: 
bid     | 
quote   | 
statsTab| 

04:45:53.819 - Records Processed 7
04:45:53.819 - Current Subscribers: 
bid     | 
quote   | 
statsTab| 

04:45:54.820 - Records Processed 7
04:45:54.820 - Current Subscribers: 
bid     | 
quote   | 
statsTab| 

04:45:55.821 - Records Processed 7
04:45:55.821 - Current Subscribers: 
bid     | 
quote   | 
statsTab| 

04:45:56.820 - Records Processed 7
04:45:56.820 - Current Subscribers: 
bid     | ()
quote   | ()
statsTab| ,(8i;`)

04:45:57.820 - Records Processed 7
04:45:57.820 - Current Subscribers: 
bid     | ()
quote   | ()
statsTab| ,(8i;`)

04:45:58.820 - Records Processed 7
04:45:58.820 - Current Subscribers: 
bid     | 9i `
quote   | 9i `
statsTab| 8i `

04:45:59.821 - Records Processed 7
04:45:59.821 - Current Subscribers: 
bid     | 9i `
quote   | 9i `
statsTab| 8i `

04:46:00.819 - Records Processed 7
04:46:00.819 - Current Subscribers: 
bid     | 9i `
quote   | 9i `
statsTab| 8i `

04:46:01.820 - Records Processed 7
04:46:01.821 - Current Subscribers: 
bid     | 9i `
quote   | 9i `
statsTab| 8i `

04:46:02.820 - Records Processed 7
04:46:02.820 - Current Subscribers: 
bid     | ((9i;`);(10i;`))
quote   | ((9i;`);(10i;`))
statsTab| ,(8i;`)

04:46:03.819 - Records Processed 7
04:46:03.819 - Current Subscribers: 
bid     | ((9i;`);(10i;`))
quote   | ((9i;`);(10i;`))
statsTab| ,(8i;`)

04:46:04.821 - Records Processed 7
04:46:04.821 - Current Subscribers: 
bid     | ((9i;`);(10i;`))
quote   | ((9i;`);(10i;`))
statsTab| ,(8i;`)

04:46:05.323 - Records Processed 7
04:46:05.323 - Current Subscribers: 
bid     | ((9i;`);(10i;`))
quote   | ((9i;`);(10i;`))
statsTab| ,(8i;`)

04:46:06.820 - Records Processed 9
04:46:06.821 - Current Subscribers: 
bid     | ((9i;`);(10i;`))
quote   | ((9i;`);(10i;`))
statsTab| ,(8i;`)

04:46:07.820 - Records Processed 9
04:46:07.821 - Current Subscribers: 
bid     | ((9i;`);(10i;`))
quote   | ((9i;`);(10i;`))
statsTab| ,(8i;`)

04:46:08.820 - Records Processed 9
04:46:08.821 - Current Subscribers: 
bid     | ((9i;`);(10i;`))
quote   | ((9i;`);(10i;`))
statsTab| ,(8i;`)

04:46:09.821 - Records Processed 9
04:46:09.821 - Current Subscribers: 
bid     | ((9i;`);(10i;`))
quote   | ((9i;`);(10i;`))
statsTab| ,(8i;`)

04:46:10.821 - Records Processed 9
04:46:10.821 - Current Subscribers: 
bid     | ((9i;`);(10i;`))
quote   | ((9i;`);(10i;`))
statsTab| ,(8i;`)

04:46:11.820 - Records Processed 9
04:46:11.820 - Current Subscribers: 
bid     | ((9i;`);(10i;`))
quote   | ((9i;`);(10i;`))
statsTab| ,(8i;`)

04:46:12.821 - Records Processed 9
04:46:12.821 - Current Subscribers: 
bid     | ((9i;`);(10i;`))
quote   | ((9i;`);(10i;`))
statsTab| ,(8i;`)

04:46:13.820 - Records Processed 9
04:46:13.820 - Current Subscribers: 
bid     | ((9i;`);(10i;`))
quote   | ((9i;`);(10i;`))
statsTab| ,(8i;`)

04:46:14.820 - Records Processed 9
04:46:14.820 - Current Subscribers: 
bid     | ((9i;`);(10i;`))
quote   | ((9i;`);(10i;`))
statsTab| ,(8i;`)

04:46:15.821 - Records Processed 9
04:46:15.821 - Current Subscribers: 
bid     | ((9i;`);(10i;`))
quote   | ((9i;`);(10i;`))
statsTab| ,(8i;`)

04:46:16.821 - Records Processed 9
04:46:16.821 - Current Subscribers: 
bid     | ((9i;`);(10i;`))
quote   | ((9i;`);(10i;`))
statsTab| ,(8i;`)

04:46:17.821 - Records Processed 9
04:46:17.821 - Current Subscribers: 
bid     | ((9i;`);(10i;`))
quote   | ((9i;`);(10i;`))
statsTab| ,(8i;`)

04:46:18.821 - Records Processed 9
04:46:18.821 - Current Subscribers: 
bid     | ((9i;`);(10i;`))
quote   | ((9i;`);(10i;`))
statsTab| ,(8i;`)

04:46:19.820 - Records Processed 9
04:46:19.821 - Current Subscribers: 
bid     | ((9i;`);(10i;`))
quote   | ((9i;`);(10i;`))
statsTab| ,(8i;`)

04:46:20.821 - Records Processed 9
04:46:20.821 - Current Subscribers: 
bid     | ((9i;`);(10i;`))
quote   | ((9i;`);(10i;`))
statsTab| ,(8i;`)

04:46:21.820 - Records Processed 9
04:46:21.821 - Current Subscribers: 
bid     | ((9i;`);(10i;`))
quote   | ((9i;`);(10i;`))
statsTab| ,(8i;`)

04:46:22.821 - Records Processed 9
04:46:22.821 - Current Subscribers: 
bid     | ((9i;`);(10i;`))
quote   | ((9i;`);(10i;`))
statsTab| ,(8i;`)

04:46:23.821 - Records Processed 9
04:46:23.821 - Current Subscribers: 
bid     | ((9i;`);(10i;`))
quote   | ((9i;`);(10i;`))
statsTab| ,(8i;`)

04:46:24.820 - Records Processed 9
04:46:24.821 - Current Subscribers: 
bid     | ((9i;`);(10i;`))
quote   | ((9i;`);(10i;`))
statsTab| ,(8i;`)

04:46:25.820 - Records Processed 9
04:46:25.821 - Current Subscribers: 
bid     | ((9i;`);(10i;`))
quote   | ((9i;`);(10i;`))
statsTab| ,(8i;`)

