10:14:30.325 - Records Processed 74
10:14:30.325 - Current Subscribers: 
bid     | 
quote   | 
statsTab| 

10:14:31.327 - Records Processed 74
10:14:31.327 - Current Subscribers: 
bid     | 
quote   | 
statsTab| 

10:14:32.326 - Records Processed 74
10:14:32.327 - Current Subscribers: 
bid     | 
quote   | 
statsTab| 

10:14:33.326 - Records Processed 74
10:14:33.326 - Current Subscribers: 
bid     | 
quote   | 
statsTab| 

10:14:34.326 - Records Processed 74
10:14:34.327 - Current Subscribers: 
bid     | 
quote   | 
statsTab| 

10:14:35.327 - Records Processed 74
10:14:35.327 - Current Subscribers: 
bid     | 
quote   | 
statsTab| 

10:14:36.327 - Records Processed 74
10:14:36.327 - Current Subscribers: 
bid     | 
quote   | 
statsTab| 

10:14:37.327 - Records Processed 74
10:14:37.327 - Current Subscribers: 
bid     | 
quote   | 
statsTab| 

10:14:38.326 - Records Processed 74
10:14:38.327 - Current Subscribers: 
bid     | 
quote   | 
statsTab| 

10:14:39.326 - Records Processed 74
10:14:39.328 - Current Subscribers: 
bid     | ()
quote   | ()
statsTab| ,(8i;`)

10:14:40.328 - Records Processed 74
10:14:40.328 - Current Subscribers: 
bid     | ()
quote   | ()
statsTab| ,(8i;`)

10:14:41.326 - Records Processed 74
10:14:41.327 - Current Subscribers: 
bid     | 9i `
quote   | 9i `
statsTab| 8i `

10:14:42.328 - Records Processed 74
10:14:42.329 - Current Subscribers: 
bid     | 9i `
quote   | 9i `
statsTab| 8i `

10:14:43.329 - Records Processed 74
10:14:43.329 - Current Subscribers: 
bid     | 9i `
quote   | 9i `
statsTab| 8i `

10:14:44.327 - Records Processed 74
10:14:44.327 - Current Subscribers: 
bid     | 9i `
quote   | 9i `
statsTab| 8i `

10:14:45.205 - Records Processed 74
10:14:45.206 - Current Subscribers: 
bid     | 9i `
quote   | 9i `
statsTab| 8i `

10:14:46.207 - Records Processed 75
10:14:46.207 - Current Subscribers: 
bid     | 9i `
quote   | 9i `
statsTab| 8i `

10:14:47.207 - Records Processed 76
10:14:47.207 - Current Subscribers: 
bid     | 9i `
quote   | 9i `
statsTab| 8i `

10:14:48.208 - Records Processed 77
10:14:48.208 - Current Subscribers: 
bid     | 9i `
quote   | 9i `
statsTab| 8i `

10:14:49.208 - Records Processed 78
10:14:49.208 - Current Subscribers: 
bid     | 9i `
quote   | 9i `
statsTab| 8i `

10:14:50.207 - Records Processed 79
10:14:50.208 - Current Subscribers: 
bid     | 9i `
quote   | 9i `
statsTab| 8i `

10:14:51.207 - Records Processed 80
10:14:51.207 - Current Subscribers: 
bid     | 9i `
quote   | 9i `
statsTab| 8i `

10:14:52.207 - Records Processed 81
10:14:52.207 - Current Subscribers: 
bid     | 9i `
quote   | 9i `
statsTab| 8i `

10:14:53.209 - Records Processed 82
10:14:53.210 - Current Subscribers: 
bid     | 9i `
quote   | 9i `
statsTab| 8i `

10:14:54.206 - Records Processed 83
10:14:54.207 - Current Subscribers: 
bid     | 9i `
quote   | 9i `
statsTab| 8i `

10:14:55.206 - Records Processed 84
10:14:55.207 - Current Subscribers: 
bid     | 9i `
quote   | 9i `
statsTab| 8i `

10:14:56.207 - Records Processed 85
10:14:56.207 - Current Subscribers: 
bid     | 9i `
quote   | 9i `
statsTab| 8i `

10:14:57.207 - Records Processed 86
10:14:57.207 - Current Subscribers: 
bid     | 9i `
quote   | 9i `
statsTab| 8i `

10:14:58.208 - Records Processed 87
10:14:58.212 - Current Subscribers: 
bid     | 9i `
quote   | 9i `
statsTab| 8i `

10:14:59.207 - Records Processed 88
10:14:59.207 - Current Subscribers: 
bid     | 9i `
quote   | 9i `
statsTab| 8i `

10:15:00.207 - Records Processed 89
10:15:00.207 - Current Subscribers: 
bid     | 9i `
quote   | 9i `
statsTab| 8i `

10:15:01.207 - Records Processed 90
10:15:01.209 - Current Subscribers: 
bid     | 9i `
quote   | 9i `
statsTab| 8i `

10:15:02.207 - Records Processed 91
10:15:02.208 - Current Subscribers: 
bid     | 9i `
quote   | 9i `
statsTab| 8i `

10:15:03.206 - Records Processed 92
10:15:03.207 - Current Subscribers: 
bid     | 9i `
quote   | 9i `
statsTab| 8i `

10:15:04.207 - Records Processed 93
10:15:04.208 - Current Subscribers: 
bid     | 9i `
quote   | 9i `
statsTab| 8i `

10:15:05.209 - Records Processed 94
10:15:05.209 - Current Subscribers: 
bid     | 9i `
quote   | 9i `
statsTab| 8i `

10:15:06.207 - Records Processed 95
10:15:06.208 - Current Subscribers: 
bid     | 9i `
quote   | 9i `
statsTab| 8i `

10:15:07.208 - Records Processed 96
10:15:07.208 - Current Subscribers: 
bid     | 9i `
quote   | 9i `
statsTab| 8i `

10:15:08.207 - Records Processed 97
10:15:08.208 - Current Subscribers: 
bid     | 9i `
quote   | 9i `
statsTab| 8i `

10:15:09.207 - Records Processed 98
10:15:09.207 - Current Subscribers: 
bid     | 9i `
quote   | 9i `
statsTab| 8i `

10:15:10.207 - Records Processed 99
10:15:10.208 - Current Subscribers: 
bid     | 9i `
quote   | 9i `
statsTab| 8i `

10:15:11.207 - Records Processed 100
10:15:11.208 - Current Subscribers: 
bid     | 9i `
quote   | 9i `
statsTab| 8i `

10:15:12.208 - Records Processed 101
10:15:12.208 - Current Subscribers: 
bid     | 9i `
quote   | 9i `
statsTab| 8i `

10:15:13.206 - Records Processed 102
10:15:13.207 - Current Subscribers: 
bid     | 9i `
quote   | 9i `
statsTab| 8i `

10:15:14.207 - Records Processed 103
10:15:14.208 - Current Subscribers: 
bid     | 9i `
quote   | 9i `
statsTab| 8i `

10:15:15.207 - Records Processed 104
10:15:15.208 - Current Subscribers: 
bid     | 9i `
quote   | 9i `
statsTab| 8i `

10:15:16.208 - Records Processed 105
10:15:16.209 - Current Subscribers: 
bid     | 9i `
quote   | 9i `
statsTab| 8i `

10:15:17.207 - Records Processed 106
10:15:17.209 - Current Subscribers: 
bid     | 9i `
quote   | 9i `
statsTab| 8i `

10:15:18.207 - Records Processed 107
10:15:18.207 - Current Subscribers: 
bid     | 9i `
quote   | 9i `
statsTab| 8i `

10:15:19.207 - Records Processed 108
10:15:19.208 - Current Subscribers: 
bid     | 9i `
quote   | 9i `
statsTab| 8i `

10:15:20.212 - Records Processed 109
10:15:20.213 - Current Subscribers: 
bid     | 9i `
quote   | 9i `
statsTab| 8i `

10:15:21.207 - Records Processed 110
10:15:21.210 - Current Subscribers: 
bid     | 9i `
quote   | 9i `
statsTab| 8i `

10:15:22.207 - Records Processed 111
10:15:22.207 - Current Subscribers: 
bid     | 9i `
quote   | 9i `
statsTab| 8i `

10:15:23.206 - Records Processed 112
10:15:23.207 - Current Subscribers: 
bid     | 9i `
quote   | 9i `
statsTab| 8i `

10:15:24.206 - Records Processed 113
10:15:24.207 - Current Subscribers: 
bid     | 9i `
quote   | 9i `
statsTab| 8i `

10:15:25.207 - Records Processed 114
10:15:25.208 - Current Subscribers: 
bid     | 9i `
quote   | 9i `
statsTab| 8i `

10:15:26.207 - Records Processed 115
10:15:26.208 - Current Subscribers: 
bid     | 9i `
quote   | 9i `
statsTab| 8i `

10:15:27.207 - Records Processed 116
10:15:27.207 - Current Subscribers: 
bid     | 9i `
quote   | 9i `
statsTab| 8i `

10:15:28.207 - Records Processed 117
10:15:28.207 - Current Subscribers: 
bid     | 9i `
quote   | 9i `
statsTab| 8i `

10:15:29.207 - Records Processed 118
10:15:29.208 - Current Subscribers: 
bid     | 9i `
quote   | 9i `
statsTab| 8i `

10:15:30.207 - Records Processed 119
10:15:30.207 - Current Subscribers: 
bid     | 9i `
quote   | 9i `
statsTab| 8i `

10:15:31.207 - Records Processed 120
10:15:31.207 - Current Subscribers: 
bid     | 9i `
quote   | 9i `
statsTab| 8i `

10:15:32.207 - Records Processed 121
10:15:32.207 - Current Subscribers: 
bid     | 9i `
quote   | 9i `
statsTab| 8i `

10:15:33.207 - Records Processed 122
10:15:33.208 - Current Subscribers: 
bid     | 9i `
quote   | 9i `
statsTab| 8i `

10:15:34.208 - Records Processed 123
10:15:34.209 - Current Subscribers: 
bid     | 9i `
quote   | 9i `
statsTab| 8i `

10:15:35.207 - Records Processed 124
10:15:35.208 - Current Subscribers: 
bid     | 9i `
quote   | 9i `
statsTab| 8i `

10:15:36.206 - Records Processed 125
10:15:36.207 - Current Subscribers: 
bid     | 9i `
quote   | 9i `
statsTab| 8i `

10:15:37.208 - Records Processed 126
10:15:37.208 - Current Subscribers: 
bid     | 9i `
quote   | 9i `
statsTab| 8i `

10:15:38.207 - Records Processed 127
10:15:38.208 - Current Subscribers: 
bid     | 9i `
quote   | 9i `
statsTab| 8i `

10:15:39.207 - Records Processed 128
10:15:39.208 - Current Subscribers: 
bid     | 9i `
quote   | 9i `
statsTab| 8i `

10:15:40.206 - Records Processed 129
10:15:40.206 - Current Subscribers: 
bid     | 9i `
quote   | 9i `
statsTab| 8i `

10:15:41.207 - Records Processed 130
10:15:41.208 - Current Subscribers: 
bid     | 9i `
quote   | 9i `
statsTab| 8i `

10:15:42.207 - Records Processed 131
10:15:42.207 - Current Subscribers: 
bid     | 9i `
quote   | 9i `
statsTab| 8i `

10:15:43.207 - Records Processed 132
10:15:43.207 - Current Subscribers: 
bid     | 9i `
quote   | 9i `
statsTab| 8i `

10:15:44.208 - Records Processed 133
10:15:44.209 - Current Subscribers: 
bid     | 9i `
quote   | 9i `
statsTab| 8i `

10:15:45.325 - Records Processed 134
10:15:45.326 - Current Subscribers: 
bid     | 9i `
quote   | 9i `
statsTab| 8i `

10:15:46.327 - Records Processed 134
10:15:46.329 - Current Subscribers: 
bid     | 9i `
quote   | 9i `
statsTab| 8i `

10:15:47.326 - Records Processed 134
10:15:47.326 - Current Subscribers: 
bid     | ()
quote   | ()
statsTab| ,(8i;`)

10:15:48.327 - Records Processed 134
10:15:48.328 - Current Subscribers: 
bid     | ()
quote   | ()
statsTab| ,(8i;`)

10:15:49.326 - Records Processed 134
10:15:49.326 - Current Subscribers: 
bid     | 
quote   | 
statsTab| 

10:15:50.327 - Records Processed 134
10:15:50.327 - Current Subscribers: 
bid     | 
quote   | 
statsTab| 

