13:43:57.252 - Records Processed 291
13:43:57.252 - Current Subscribers: 
bid     | 
quote   | 
statsTab| 

13:43:58.254 - Records Processed 291
13:43:58.254 - Current Subscribers: 
bid     | 
quote   | 
statsTab| 

13:43:59.253 - Records Processed 291
13:43:59.253 - Current Subscribers: 
bid     | 
quote   | 
statsTab| 

13:44:00.252 - Records Processed 292
13:44:00.253 - Current Subscribers: 
bid     | 
quote   | 
statsTab| 

13:44:01.253 - Records Processed 293
13:44:01.253 - Current Subscribers: 
bid     | 
quote   | 
statsTab| 

13:44:02.253 - Records Processed 294
13:44:02.253 - Current Subscribers: 
bid     | 
quote   | 
statsTab| 

13:44:03.252 - Records Processed 295
13:44:03.252 - Current Subscribers: 
bid     | 
quote   | 
statsTab| 

13:44:04.253 - Records Processed 296
13:44:04.253 - Current Subscribers: 
bid     | 
quote   | 
statsTab| 

13:44:05.253 - Records Processed 297
13:44:05.253 - Current Subscribers: 
bid     | ()
quote   | ()
statsTab| ,(9i;`)

13:44:06.253 - Records Processed 298
13:44:06.253 - Current Subscribers: 
bid     | ()
quote   | ()
statsTab| ,(9i;`)

13:44:07.253 - Records Processed 299
13:44:07.253 - Current Subscribers: 
bid     | ()
quote   | ()
statsTab| ,(9i;`)

13:44:08.253 - Records Processed 300
13:44:08.253 - Current Subscribers: 
bid     | ()
quote   | ()
statsTab| ,(9i;`)

13:44:09.253 - Records Processed 301
13:44:09.253 - Current Subscribers: 
bid     | 10i `
quote   | 10i `
statsTab| 9i ` 

13:44:10.253 - Records Processed 303
13:44:10.253 - Current Subscribers: 
bid     | 10i `
quote   | 10i `
statsTab| 9i ` 

13:44:11.253 - Records Processed 305
13:44:11.253 - Current Subscribers: 
bid     | ((10i;`);(11i;`))
quote   | ((10i;`);(11i;`))
statsTab| ,(9i;`)

13:44:12.252 - Records Processed 307
13:44:12.252 - Current Subscribers: 
bid     | ((10i;`);(11i;`))
quote   | ((10i;`);(11i;`))
statsTab| ,(9i;`)

13:44:13.253 - Records Processed 309
13:44:13.253 - Current Subscribers: 
bid     | ((10i;`);(11i;`))
quote   | ((10i;`);(11i;`))
statsTab| ,(9i;`)

13:44:14.253 - Records Processed 311
13:44:14.253 - Current Subscribers: 
bid     | ((10i;`);(11i;`))
quote   | ((10i;`);(11i;`))
statsTab| ,(9i;`)

13:44:15.253 - Records Processed 313
13:44:15.253 - Current Subscribers: 
bid     | ((10i;`);(11i;`))
quote   | ((10i;`);(11i;`))
statsTab| ,(9i;`)

13:44:16.253 - Records Processed 315
13:44:16.253 - Current Subscribers: 
bid     | ((10i;`);(11i;`))
quote   | ((10i;`);(11i;`))
statsTab| ,(9i;`)

13:44:17.253 - Records Processed 317
13:44:17.253 - Current Subscribers: 
bid     | ((10i;`);(11i;`))
quote   | ((10i;`);(11i;`))
statsTab| ,(9i;`)

13:44:18.253 - Records Processed 319
13:44:18.253 - Current Subscribers: 
bid     | ((10i;`);(11i;`))
quote   | ((10i;`);(11i;`))
statsTab| ,(9i;`)

13:44:19.253 - Records Processed 321
13:44:19.253 - Current Subscribers: 
bid     | ((10i;`);(11i;`))
quote   | ((10i;`);(11i;`))
statsTab| ,(9i;`)

13:44:20.253 - Records Processed 323
13:44:20.253 - Current Subscribers: 
bid     | ((10i;`);(11i;`))
quote   | ((10i;`);(11i;`))
statsTab| ,(9i;`)

13:44:21.252 - Records Processed 325
13:44:21.253 - Current Subscribers: 
bid     | ((10i;`);(11i;`))
quote   | ((10i;`);(11i;`))
statsTab| ,(9i;`)

13:44:22.252 - Records Processed 327
13:44:22.253 - Current Subscribers: 
bid     | ((10i;`);(11i;`))
quote   | ((10i;`);(11i;`))
statsTab| ,(9i;`)

13:44:23.253 - Records Processed 327
13:44:23.253 - Current Subscribers: 
bid     | ((10i;`);(11i;`))
quote   | ((10i;`);(11i;`))
statsTab| ,(9i;`)

13:44:24.253 - Records Processed 327
13:44:24.253 - Current Subscribers: 
bid     | ((10i;`);(11i;`))
quote   | ((10i;`);(11i;`))
statsTab| ,(9i;`)

13:44:25.254 - Records Processed 327
13:44:25.254 - Current Subscribers: 
bid     | ((10i;`);(11i;`))
quote   | ((10i;`);(11i;`))
statsTab| ,(9i;`)

13:44:26.253 - Records Processed 327
13:44:26.253 - Current Subscribers: 
bid     | ((10i;`);(11i;`))
quote   | ((10i;`);(11i;`))
statsTab| ,(9i;`)

13:44:27.253 - Records Processed 327
13:44:27.254 - Current Subscribers: 
bid     | ((10i;`);(11i;`))
quote   | ((10i;`);(11i;`))
statsTab| ,(9i;`)

13:44:28.253 - Records Processed 327
13:44:28.254 - Current Subscribers: 
bid     | ((10i;`);(11i;`))
quote   | ((10i;`);(11i;`))
statsTab| ,(9i;`)

13:44:29.253 - Records Processed 327
13:44:29.253 - Current Subscribers: 
bid     | ((10i;`);(11i;`))
quote   | ((10i;`);(11i;`))
statsTab| ,(9i;`)

13:44:30.253 - Records Processed 327
13:44:30.253 - Current Subscribers: 
bid     | ((10i;`);(11i;`))
quote   | ((10i;`);(11i;`))
statsTab| ,(9i;`)

13:44:31.254 - Records Processed 327
13:44:31.254 - Current Subscribers: 
bid     | ((10i;`);(11i;`))
quote   | ((10i;`);(11i;`))
statsTab| ,(9i;`)

13:44:32.254 - Records Processed 327
13:44:32.254 - Current Subscribers: 
bid     | ((10i;`);(11i;`))
quote   | ((10i;`);(11i;`))
statsTab| ,(9i;`)

13:44:33.253 - Records Processed 327
13:44:33.254 - Current Subscribers: 
bid     | ((10i;`);(11i;`))
quote   | ((10i;`);(11i;`))
statsTab| ,(9i;`)

13:44:34.254 - Records Processed 327
13:44:34.254 - Current Subscribers: 
bid     | ((10i;`);(11i;`))
quote   | ((10i;`);(11i;`))
statsTab| ,(9i;`)

13:44:35.254 - Records Processed 327
13:44:35.254 - Current Subscribers: 
bid     | ((10i;`);(11i;`))
quote   | ((10i;`);(11i;`))
statsTab| ,(9i;`)

13:44:36.253 - Records Processed 327
13:44:36.254 - Current Subscribers: 
bid     | ((10i;`);(11i;`))
quote   | ((10i;`);(11i;`))
statsTab| ,(9i;`)

13:44:37.254 - Records Processed 327
13:44:37.254 - Current Subscribers: 
bid     | ((10i;`);(11i;`))
quote   | ((10i;`);(11i;`))
statsTab| ,(9i;`)

13:44:38.254 - Records Processed 327
13:44:38.254 - Current Subscribers: 
bid     | ((10i;`);(11i;`))
quote   | ((10i;`);(11i;`))
statsTab| ,(9i;`)

13:44:39.254 - Records Processed 327
13:44:39.255 - Current Subscribers: 
bid     | ((10i;`);(11i;`))
quote   | ((10i;`);(11i;`))
statsTab| ,(9i;`)

13:44:40.253 - Records Processed 327
13:44:40.254 - Current Subscribers: 
bid     | ((10i;`);(11i;`))
quote   | ((10i;`);(11i;`))
statsTab| ,(9i;`)

13:44:41.254 - Records Processed 327
13:44:41.254 - Current Subscribers: 
bid     | ((10i;`);(11i;`))
quote   | ((10i;`);(11i;`))
statsTab| ,(9i;`)

13:44:42.253 - Records Processed 327
13:44:42.253 - Current Subscribers: 
bid     | ((10i;`);(11i;`))
quote   | ((10i;`);(11i;`))
statsTab| ,(9i;`)

13:44:43.253 - Records Processed 327
13:44:43.254 - Current Subscribers: 
bid     | ((10i;`);(11i;`))
quote   | ((10i;`);(11i;`))
statsTab| ,(9i;`)

13:44:44.254 - Records Processed 327
13:44:44.254 - Current Subscribers: 
bid     | ((10i;`);(11i;`))
quote   | ((10i;`);(11i;`))
statsTab| ,(9i;`)

13:44:45.253 - Records Processed 327
13:44:45.254 - Current Subscribers: 
bid     | ((10i;`);(11i;`))
quote   | ((10i;`);(11i;`))
statsTab| ,(9i;`)

13:44:46.254 - Records Processed 327
13:44:46.254 - Current Subscribers: 
bid     | ((10i;`);(11i;`))
quote   | ((10i;`);(11i;`))
statsTab| ,(9i;`)

13:44:47.253 - Records Processed 327
13:44:47.254 - Current Subscribers: 
bid     | ((10i;`);(11i;`))
quote   | ((10i;`);(11i;`))
statsTab| ,(9i;`)

13:44:48.254 - Records Processed 327
13:44:48.254 - Current Subscribers: 
bid     | ((10i;`);(11i;`))
quote   | ((10i;`);(11i;`))
statsTab| ,(9i;`)

13:44:49.252 - Records Processed 327
13:44:49.252 - Current Subscribers: 
bid     | ,(10i;`)
quote   | ,(10i;`)
statsTab| ()

13:44:50.253 - Records Processed 327
13:44:50.253 - Current Subscribers: 
bid     | ,(10i;`)
quote   | ,(10i;`)
statsTab| ()

13:44:51.253 - Records Processed 327
13:44:51.253 - Current Subscribers: 
bid     | ,(10i;`)
quote   | ,(10i;`)
statsTab| ()

13:44:52.254 - Records Processed 327
13:44:52.254 - Current Subscribers: 
bid     | ,(10i;`)
quote   | ,(10i;`)
statsTab| ()

13:44:53.254 - Records Processed 327
13:44:53.254 - Current Subscribers: 
bid     | ,(10i;`)
quote   | ,(10i;`)
statsTab| ()

13:44:54.253 - Records Processed 327
13:44:54.254 - Current Subscribers: 
bid     | ,(10i;`)
quote   | ,(10i;`)
statsTab| ()

13:44:55.254 - Records Processed 327
13:44:55.254 - Current Subscribers: 
bid     | ,(10i;`)
quote   | ,(10i;`)
statsTab| ()

13:44:56.253 - Records Processed 327
13:44:56.253 - Current Subscribers: 
bid     | ,(10i;`)
quote   | ,(10i;`)
statsTab| ()

13:44:57.253 - Records Processed 327
13:44:57.253 - Current Subscribers: 
bid     | ,(10i;`)
quote   | ,(10i;`)
statsTab| ()

13:44:58.254 - Records Processed 327
13:44:58.254 - Current Subscribers: 
bid     | ,(10i;`)
quote   | ,(10i;`)
statsTab| ()

13:44:59.253 - Records Processed 327
13:44:59.253 - Current Subscribers: 
bid     | ,(10i;`)
quote   | ,(10i;`)
statsTab| ()

13:45:00.254 - Records Processed 327
13:45:00.254 - Current Subscribers: 
bid     | ,(10i;`)
quote   | ,(10i;`)
statsTab| ()

13:45:01.253 - Records Processed 327
13:45:01.253 - Current Subscribers: 
bid     | ,(10i;`)
quote   | ,(10i;`)
statsTab| ()

13:45:02.253 - Records Processed 327
13:45:02.254 - Current Subscribers: 
bid     | ,(10i;`)
quote   | ,(10i;`)
statsTab| ()

13:45:03.254 - Records Processed 327
13:45:03.254 - Current Subscribers: 
bid     | ,(10i;`)
quote   | ,(10i;`)
statsTab| ()

13:45:04.253 - Records Processed 327
13:45:04.254 - Current Subscribers: 
bid     | ,(10i;`)
quote   | ,(10i;`)
statsTab| ()

13:45:05.254 - Records Processed 327
13:45:05.254 - Current Subscribers: 
bid     | ,(10i;`)
quote   | ,(10i;`)
statsTab| ()

13:45:06.253 - Records Processed 327
13:45:06.253 - Current Subscribers: 
bid     | ,(10i;`)
quote   | ,(10i;`)
statsTab| ()

13:45:07.253 - Records Processed 327
13:45:07.253 - Current Subscribers: 
bid     | ,(10i;`)
quote   | ,(10i;`)
statsTab| ()

13:45:08.254 - Records Processed 327
13:45:08.254 - Current Subscribers: 
bid     | ,(10i;`)
quote   | ,(10i;`)
statsTab| ()

13:45:09.254 - Records Processed 327
13:45:09.254 - Current Subscribers: 
bid     | ,(10i;`)
quote   | ,(10i;`)
statsTab| ()

13:45:10.253 - Records Processed 327
13:45:10.253 - Current Subscribers: 
bid     | ,(10i;`)
quote   | ,(10i;`)
statsTab| ()

13:45:11.253 - Records Processed 327
13:45:11.253 - Current Subscribers: 
bid     | ,(10i;`)
quote   | ,(10i;`)
statsTab| ()

13:45:12.254 - Records Processed 327
13:45:12.254 - Current Subscribers: 
bid     | ,(10i;`)
quote   | ,(10i;`)
statsTab| ()

13:45:13.253 - Records Processed 327
13:45:13.254 - Current Subscribers: 
bid     | ,(10i;`)
quote   | ,(10i;`)
statsTab| ()

13:45:14.254 - Records Processed 327
13:45:14.254 - Current Subscribers: 
bid     | ,(10i;`)
quote   | ,(10i;`)
statsTab| ()

13:45:15.253 - Records Processed 327
13:45:15.254 - Current Subscribers: 
bid     | ,(10i;`)
quote   | ,(10i;`)
statsTab| ()

13:45:16.254 - Records Processed 327
13:45:16.254 - Current Subscribers: 
bid     | ,(10i;`)
quote   | ,(10i;`)
statsTab| ()

13:45:17.254 - Records Processed 327
13:45:17.254 - Current Subscribers: 
bid     | ,(10i;`)
quote   | ,(10i;`)
statsTab| ()

13:45:18.253 - Records Processed 327
13:45:18.254 - Current Subscribers: 
bid     | ,(10i;`)
quote   | ,(10i;`)
statsTab| ()

13:45:19.253 - Records Processed 327
13:45:19.253 - Current Subscribers: 
bid     | ,(10i;`)
quote   | ,(10i;`)
statsTab| ()

13:45:20.254 - Records Processed 327
13:45:20.254 - Current Subscribers: 
bid     | ,(10i;`)
quote   | ,(10i;`)
statsTab| ()

13:45:21.253 - Records Processed 327
13:45:21.253 - Current Subscribers: 
bid     | ,(10i;`)
quote   | ,(10i;`)
statsTab| ()

13:45:22.253 - Records Processed 327
13:45:22.253 - Current Subscribers: 
bid     | ,(10i;`)
quote   | ,(10i;`)
statsTab| ()

13:45:23.254 - Records Processed 327
13:45:23.254 - Current Subscribers: 
bid     | ,(10i;`)
quote   | ,(10i;`)
statsTab| ()

13:45:24.255 - Records Processed 327
13:45:24.255 - Current Subscribers: 
bid     | ,(10i;`)
quote   | ,(10i;`)
statsTab| ()

13:45:25.254 - Records Processed 327
13:45:25.254 - Current Subscribers: 
bid     | ,(10i;`)
quote   | ,(10i;`)
statsTab| ()

13:45:26.254 - Records Processed 327
13:45:26.254 - Current Subscribers: 
bid     | ,(10i;`)
quote   | ,(10i;`)
statsTab| ()

13:45:27.254 - Records Processed 327
13:45:27.254 - Current Subscribers: 
bid     | ,(10i;`)
quote   | ,(10i;`)
statsTab| ()

13:45:28.254 - Records Processed 327
13:45:28.254 - Current Subscribers: 
bid     | ,(10i;`)
quote   | ,(10i;`)
statsTab| ()

13:45:29.254 - Records Processed 327
13:45:29.254 - Current Subscribers: 
bid     | ,(10i;`)
quote   | ,(10i;`)
statsTab| ()

13:45:30.253 - Records Processed 327
13:45:30.253 - Current Subscribers: 
bid     | ,(10i;`)
quote   | ,(10i;`)
statsTab| ()

13:45:31.253 - Records Processed 327
13:45:31.254 - Current Subscribers: 
bid     | ,(10i;`)
quote   | ,(10i;`)
statsTab| ()

13:45:32.253 - Records Processed 327
13:45:32.253 - Current Subscribers: 
bid     | ,(10i;`)
quote   | ,(10i;`)
statsTab| ()

13:45:33.253 - Records Processed 327
13:45:33.253 - Current Subscribers: 
bid     | ,(10i;`)
quote   | ,(10i;`)
statsTab| ()

13:45:34.254 - Records Processed 327
13:45:34.254 - Current Subscribers: 
bid     | ,(10i;`)
quote   | ,(10i;`)
statsTab| ()

13:45:35.253 - Records Processed 327
13:45:35.253 - Current Subscribers: 
bid     | ,(10i;`)
quote   | ,(10i;`)
statsTab| ()

13:45:36.253 - Records Processed 327
13:45:36.254 - Current Subscribers: 
bid     | ,(10i;`)
quote   | ,(10i;`)
statsTab| ()

13:45:37.254 - Records Processed 327
13:45:37.254 - Current Subscribers: 
bid     | ,(10i;`)
quote   | ,(10i;`)
statsTab| ()

13:45:38.253 - Records Processed 327
13:45:38.253 - Current Subscribers: 
bid     | ,(10i;`)
quote   | ,(10i;`)
statsTab| ()

13:45:39.253 - Records Processed 327
13:45:39.253 - Current Subscribers: 
bid     | ,(10i;`)
quote   | ,(10i;`)
statsTab| ()

13:45:40.254 - Records Processed 327
13:45:40.254 - Current Subscribers: 
bid     | ,(10i;`)
quote   | ,(10i;`)
statsTab| ()

13:45:41.253 - Records Processed 327
13:45:41.254 - Current Subscribers: 
bid     | ,(10i;`)
quote   | ,(10i;`)
statsTab| ()

13:45:42.253 - Records Processed 327
13:45:42.253 - Current Subscribers: 
bid     | ((10i;`);(8i;`))
quote   | ((10i;`);(8i;`))
statsTab| ,(8i;`)

13:45:43.254 - Records Processed 327
13:45:43.254 - Current Subscribers: 
bid     | ((10i;`);(8i;`))
quote   | ((10i;`);(8i;`))
statsTab| ,(8i;`)

13:45:44.253 - Records Processed 327
13:45:44.253 - Current Subscribers: 
bid     | ((10i;`);(8i;`))
quote   | ((10i;`);(8i;`))
statsTab| ,(8i;`)

13:45:45.253 - Records Processed 327
13:45:45.253 - Current Subscribers: 
bid     | ((10i;`);(8i;`))
quote   | ((10i;`);(8i;`))
statsTab| ,(8i;`)

13:45:46.254 - Records Processed 327
13:45:46.255 - Current Subscribers: 
bid     | ((10i;`);(8i;`))
quote   | ((10i;`);(8i;`))
statsTab| ,(8i;`)

13:45:47.252 - Records Processed 327
13:45:47.253 - Current Subscribers: 
bid     | ((10i;`);(8i;`))
quote   | ((10i;`);(8i;`))
statsTab| ,(8i;`)

13:45:48.254 - Records Processed 327
13:45:48.254 - Current Subscribers: 
bid     | ((10i;`);(8i;`))
quote   | ((10i;`);(8i;`))
statsTab| ,(8i;`)

13:45:49.253 - Records Processed 327
13:45:49.253 - Current Subscribers: 
bid     | ((10i;`);(8i;`))
quote   | ((10i;`);(8i;`))
statsTab| ,(8i;`)

13:45:50.253 - Records Processed 327
13:45:50.254 - Current Subscribers: 
bid     | ((10i;`);(8i;`))
quote   | ((10i;`);(8i;`))
statsTab| ,(8i;`)

13:45:51.254 - Records Processed 327
13:45:51.254 - Current Subscribers: 
bid     | ((10i;`);(8i;`))
quote   | ((10i;`);(8i;`))
statsTab| ,(8i;`)

13:45:52.254 - Records Processed 327
13:45:52.254 - Current Subscribers: 
bid     | ((10i;`);(8i;`))
quote   | ((10i;`);(8i;`))
statsTab| ,(8i;`)

13:45:53.253 - Records Processed 327
13:45:53.254 - Current Subscribers: 
bid     | ((10i;`);(8i;`))
quote   | ((10i;`);(8i;`))
statsTab| ,(8i;`)

13:45:54.254 - Records Processed 327
13:45:54.254 - Current Subscribers: 
bid     | ((10i;`);(8i;`))
quote   | ((10i;`);(8i;`))
statsTab| ,(8i;`)

13:45:55.254 - Records Processed 327
13:45:55.254 - Current Subscribers: 
bid     | ((10i;`);(8i;`))
quote   | ((10i;`);(8i;`))
statsTab| ,(8i;`)

13:45:56.253 - Records Processed 327
13:45:56.254 - Current Subscribers: 
bid     | ((10i;`);(8i;`))
quote   | ((10i;`);(8i;`))
statsTab| ,(8i;`)

13:45:57.254 - Records Processed 327
13:45:57.254 - Current Subscribers: 
bid     | ((10i;`);(8i;`))
quote   | ((10i;`);(8i;`))
statsTab| ,(8i;`)

13:45:58.254 - Records Processed 327
13:45:58.254 - Current Subscribers: 
bid     | ((10i;`);(8i;`))
quote   | ((10i;`);(8i;`))
statsTab| ,(8i;`)

13:45:59.254 - Records Processed 327
13:45:59.254 - Current Subscribers: 
bid     | ((10i;`);(8i;`))
quote   | ((10i;`);(8i;`))
statsTab| ,(8i;`)

13:46:00.253 - Records Processed 327
13:46:00.253 - Current Subscribers: 
bid     | ((10i;`);(8i;`))
quote   | ((10i;`);(8i;`))
statsTab| ,(8i;`)

13:46:01.253 - Records Processed 327
13:46:01.253 - Current Subscribers: 
bid     | ((10i;`);(8i;`))
quote   | ((10i;`);(8i;`))
statsTab| ,(8i;`)

13:46:02.254 - Records Processed 327
13:46:02.254 - Current Subscribers: 
bid     | ((10i;`);(8i;`))
quote   | ((10i;`);(8i;`))
statsTab| ,(8i;`)

13:46:03.253 - Records Processed 327
13:46:03.254 - Current Subscribers: 
bid     | ((10i;`);(8i;`))
quote   | ((10i;`);(8i;`))
statsTab| ,(8i;`)

13:46:04.253 - Records Processed 327
13:46:04.254 - Current Subscribers: 
bid     | ((10i;`);(8i;`))
quote   | ((10i;`);(8i;`))
statsTab| ,(8i;`)

13:46:05.253 - Records Processed 327
13:46:05.254 - Current Subscribers: 
bid     | ((10i;`);(8i;`))
quote   | ((10i;`);(8i;`))
statsTab| ,(8i;`)

13:46:06.254 - Records Processed 327
13:46:06.254 - Current Subscribers: 
bid     | ((10i;`);(8i;`))
quote   | ((10i;`);(8i;`))
statsTab| ,(8i;`)

13:46:07.254 - Records Processed 327
13:46:07.254 - Current Subscribers: 
bid     | ((10i;`);(8i;`))
quote   | ((10i;`);(8i;`))
statsTab| ,(8i;`)

13:46:08.253 - Records Processed 327
13:46:08.254 - Current Subscribers: 
bid     | ((10i;`);(8i;`))
quote   | ((10i;`);(8i;`))
statsTab| ,(8i;`)

13:46:09.253 - Records Processed 327
13:46:09.253 - Current Subscribers: 
bid     | ((10i;`);(8i;`))
quote   | ((10i;`);(8i;`))
statsTab| ,(8i;`)

13:46:10.254 - Records Processed 327
13:46:10.254 - Current Subscribers: 
bid     | ((10i;`);(8i;`))
quote   | ((10i;`);(8i;`))
statsTab| ,(8i;`)

13:46:11.254 - Records Processed 327
13:46:11.254 - Current Subscribers: 
bid     | ((10i;`);(8i;`))
quote   | ((10i;`);(8i;`))
statsTab| ,(8i;`)

13:46:12.253 - Records Processed 327
13:46:12.253 - Current Subscribers: 
bid     | ((10i;`);(8i;`))
quote   | ((10i;`);(8i;`))
statsTab| ,(8i;`)

13:46:13.253 - Records Processed 327
13:46:13.254 - Current Subscribers: 
bid     | ((10i;`);(8i;`))
quote   | ((10i;`);(8i;`))
statsTab| ,(8i;`)

13:46:14.254 - Records Processed 327
13:46:14.255 - Current Subscribers: 
bid     | ((10i;`);(8i;`))
quote   | ((10i;`);(8i;`))
statsTab| ,(8i;`)

13:46:15.253 - Records Processed 327
13:46:15.254 - Current Subscribers: 
bid     | ((10i;`);(8i;`))
quote   | ((10i;`);(8i;`))
statsTab| ,(8i;`)

13:46:16.253 - Records Processed 327
13:46:16.254 - Current Subscribers: 
bid     | ((10i;`);(8i;`))
quote   | ((10i;`);(8i;`))
statsTab| ,(8i;`)

13:46:17.253 - Records Processed 327
13:46:17.254 - Current Subscribers: 
bid     | ((10i;`);(8i;`))
quote   | ((10i;`);(8i;`))
statsTab| ,(8i;`)

13:46:18.253 - Records Processed 327
13:46:18.254 - Current Subscribers: 
bid     | ((10i;`);(8i;`))
quote   | ((10i;`);(8i;`))
statsTab| ,(8i;`)

13:46:19.253 - Records Processed 327
13:46:19.254 - Current Subscribers: 
bid     | ((10i;`);(8i;`))
quote   | ((10i;`);(8i;`))
statsTab| ,(8i;`)

13:46:20.254 - Records Processed 327
13:46:20.254 - Current Subscribers: 
bid     | ((10i;`);(8i;`))
quote   | ((10i;`);(8i;`))
statsTab| ,(8i;`)

13:46:21.253 - Records Processed 327
13:46:21.254 - Current Subscribers: 
bid     | ((10i;`);(8i;`))
quote   | ((10i;`);(8i;`))
statsTab| ,(8i;`)

13:46:22.253 - Records Processed 327
13:46:22.254 - Current Subscribers: 
bid     | ((10i;`);(8i;`))
quote   | ((10i;`);(8i;`))
statsTab| ,(8i;`)

13:46:23.253 - Records Processed 327
13:46:23.253 - Current Subscribers: 
bid     | ((10i;`);(8i;`))
quote   | ((10i;`);(8i;`))
statsTab| ,(8i;`)

13:46:24.253 - Records Processed 327
13:46:24.254 - Current Subscribers: 
bid     | ((10i;`);(8i;`))
quote   | ((10i;`);(8i;`))
statsTab| ,(8i;`)

13:46:25.255 - Records Processed 327
13:46:25.255 - Current Subscribers: 
bid     | ((10i;`);(8i;`))
quote   | ((10i;`);(8i;`))
statsTab| ,(8i;`)

13:46:26.253 - Records Processed 327
13:46:26.254 - Current Subscribers: 
bid     | ((10i;`);(8i;`))
quote   | ((10i;`);(8i;`))
statsTab| ,(8i;`)

13:46:27.253 - Records Processed 327
13:46:27.254 - Current Subscribers: 
bid     | ((10i;`);(8i;`))
quote   | ((10i;`);(8i;`))
statsTab| ,(8i;`)

13:46:28.254 - Records Processed 327
13:46:28.254 - Current Subscribers: 
bid     | ((10i;`);(8i;`))
quote   | ((10i;`);(8i;`))
statsTab| ,(8i;`)

13:46:29.254 - Records Processed 327
13:46:29.255 - Current Subscribers: 
bid     | ((10i;`);(8i;`))
quote   | ((10i;`);(8i;`))
statsTab| ,(8i;`)

13:46:30.254 - Records Processed 327
13:46:30.254 - Current Subscribers: 
bid     | ((10i;`);(8i;`))
quote   | ((10i;`);(8i;`))
statsTab| ,(8i;`)

13:46:31.253 - Records Processed 327
13:46:31.254 - Current Subscribers: 
bid     | ((10i;`);(8i;`))
quote   | ((10i;`);(8i;`))
statsTab| ,(8i;`)

13:46:32.254 - Records Processed 327
13:46:32.254 - Current Subscribers: 
bid     | ((10i;`);(8i;`))
quote   | ((10i;`);(8i;`))
statsTab| ,(8i;`)

13:46:33.254 - Records Processed 327
13:46:33.254 - Current Subscribers: 
bid     | ((10i;`);(8i;`))
quote   | ((10i;`);(8i;`))
statsTab| ,(8i;`)

13:46:34.253 - Records Processed 327
13:46:34.253 - Current Subscribers: 
bid     | ((10i;`);(8i;`))
quote   | ((10i;`);(8i;`))
statsTab| ,(8i;`)

13:46:35.253 - Records Processed 327
13:46:35.253 - Current Subscribers: 
bid     | ((10i;`);(8i;`))
quote   | ((10i;`);(8i;`))
statsTab| ,(8i;`)

13:46:36.254 - Records Processed 327
13:46:36.254 - Current Subscribers: 
bid     | ((10i;`);(8i;`))
quote   | ((10i;`);(8i;`))
statsTab| ,(8i;`)

13:46:37.255 - Records Processed 327
13:46:37.255 - Current Subscribers: 
bid     | ((10i;`);(8i;`))
quote   | ((10i;`);(8i;`))
statsTab| ,(8i;`)

13:46:38.253 - Records Processed 327
13:46:38.254 - Current Subscribers: 
bid     | ((10i;`);(8i;`))
quote   | ((10i;`);(8i;`))
statsTab| ,(8i;`)

13:46:39.253 - Records Processed 327
13:46:39.254 - Current Subscribers: 
bid     | ((10i;`);(8i;`))
quote   | ((10i;`);(8i;`))
statsTab| ,(8i;`)

13:46:40.253 - Records Processed 327
13:46:40.254 - Current Subscribers: 
bid     | ((10i;`);(8i;`))
quote   | ((10i;`);(8i;`))
statsTab| ,(8i;`)

13:46:41.254 - Records Processed 327
13:46:41.254 - Current Subscribers: 
bid     | ((10i;`);(8i;`))
quote   | ((10i;`);(8i;`))
statsTab| ,(8i;`)

13:46:42.253 - Records Processed 327
13:46:42.253 - Current Subscribers: 
bid     | ((10i;`);(8i;`))
quote   | ((10i;`);(8i;`))
statsTab| ,(8i;`)

13:46:43.253 - Records Processed 327
13:46:43.254 - Current Subscribers: 
bid     | ((10i;`);(8i;`))
quote   | ((10i;`);(8i;`))
statsTab| ,(8i;`)

13:46:44.254 - Records Processed 327
13:46:44.254 - Current Subscribers: 
bid     | ((10i;`);(8i;`))
quote   | ((10i;`);(8i;`))
statsTab| ,(8i;`)

13:46:45.254 - Records Processed 327
13:46:45.254 - Current Subscribers: 
bid     | ((10i;`);(8i;`))
quote   | ((10i;`);(8i;`))
statsTab| ,(8i;`)

13:46:46.254 - Records Processed 327
13:46:46.254 - Current Subscribers: 
bid     | ((10i;`);(8i;`))
quote   | ((10i;`);(8i;`))
statsTab| ,(8i;`)

13:46:47.254 - Records Processed 327
13:46:47.254 - Current Subscribers: 
bid     | ((10i;`);(8i;`))
quote   | ((10i;`);(8i;`))
statsTab| ,(8i;`)

13:46:48.254 - Records Processed 327
13:46:48.254 - Current Subscribers: 
bid     | ((10i;`);(8i;`))
quote   | ((10i;`);(8i;`))
statsTab| ,(8i;`)

13:46:49.254 - Records Processed 327
13:46:49.255 - Current Subscribers: 
bid     | ((10i;`);(8i;`))
quote   | ((10i;`);(8i;`))
statsTab| ,(8i;`)

13:46:50.253 - Records Processed 327
13:46:50.254 - Current Subscribers: 
bid     | ((10i;`);(8i;`))
quote   | ((10i;`);(8i;`))
statsTab| ,(8i;`)

13:46:51.253 - Records Processed 327
13:46:51.254 - Current Subscribers: 
bid     | ((10i;`);(8i;`))
quote   | ((10i;`);(8i;`))
statsTab| ,(8i;`)

13:46:52.254 - Records Processed 327
13:46:52.255 - Current Subscribers: 
bid     | ((10i;`);(8i;`))
quote   | ((10i;`);(8i;`))
statsTab| ,(8i;`)

13:46:53.255 - Records Processed 327
13:46:53.255 - Current Subscribers: 
bid     | ((10i;`);(8i;`))
quote   | ((10i;`);(8i;`))
statsTab| ,(8i;`)

13:46:54.255 - Records Processed 327
13:46:54.255 - Current Subscribers: 
bid     | ((10i;`);(8i;`))
quote   | ((10i;`);(8i;`))
statsTab| ,(8i;`)

13:46:55.253 - Records Processed 327
13:46:55.254 - Current Subscribers: 
bid     | ((10i;`);(8i;`))
quote   | ((10i;`);(8i;`))
statsTab| ,(8i;`)

13:46:56.254 - Records Processed 327
13:46:56.255 - Current Subscribers: 
bid     | ((10i;`);(8i;`))
quote   | ((10i;`);(8i;`))
statsTab| ,(8i;`)

13:46:57.254 - Records Processed 327
13:46:57.256 - Current Subscribers: 
bid     | ((10i;`);(8i;`))
quote   | ((10i;`);(8i;`))
statsTab| ,(8i;`)

13:46:58.255 - Records Processed 327
13:46:58.256 - Current Subscribers: 
bid     | ((10i;`);(8i;`))
quote   | ((10i;`);(8i;`))
statsTab| ,(8i;`)

13:46:59.254 - Records Processed 327
13:46:59.254 - Current Subscribers: 
bid     | ((10i;`);(8i;`))
quote   | ((10i;`);(8i;`))
statsTab| ,(8i;`)

13:47:00.254 - Records Processed 327
13:47:00.255 - Current Subscribers: 
bid     | ((10i;`);(8i;`))
quote   | ((10i;`);(8i;`))
statsTab| ,(8i;`)

13:47:01.255 - Records Processed 327
13:47:01.255 - Current Subscribers: 
bid     | ((10i;`);(8i;`))
quote   | ((10i;`);(8i;`))
statsTab| ,(8i;`)

13:47:02.254 - Records Processed 327
13:47:02.255 - Current Subscribers: 
bid     | ((10i;`);(8i;`))
quote   | ((10i;`);(8i;`))
statsTab| ,(8i;`)

13:47:03.255 - Records Processed 327
13:47:03.255 - Current Subscribers: 
bid     | ((10i;`);(8i;`))
quote   | ((10i;`);(8i;`))
statsTab| ,(8i;`)

13:47:04.254 - Records Processed 327
13:47:04.254 - Current Subscribers: 
bid     | ((10i;`);(8i;`))
quote   | ((10i;`);(8i;`))
statsTab| ,(8i;`)

13:47:05.254 - Records Processed 327
13:47:05.254 - Current Subscribers: 
bid     | ((10i;`);(8i;`))
quote   | ((10i;`);(8i;`))
statsTab| ,(8i;`)

13:47:06.253 - Records Processed 327
13:47:06.253 - Current Subscribers: 
bid     | ((10i;`);(8i;`))
quote   | ((10i;`);(8i;`))
statsTab| ,(8i;`)

13:47:07.254 - Records Processed 327
13:47:07.254 - Current Subscribers: 
bid     | ((10i;`);(8i;`))
quote   | ((10i;`);(8i;`))
statsTab| ,(8i;`)

13:47:08.254 - Records Processed 327
13:47:08.254 - Current Subscribers: 
bid     | ((10i;`);(8i;`))
quote   | ((10i;`);(8i;`))
statsTab| ,(8i;`)

13:47:09.254 - Records Processed 327
13:47:09.254 - Current Subscribers: 
bid     | ((10i;`);(8i;`))
quote   | ((10i;`);(8i;`))
statsTab| ,(8i;`)

13:47:10.253 - Records Processed 327
13:47:10.254 - Current Subscribers: 
bid     | ((10i;`);(8i;`))
quote   | ((10i;`);(8i;`))
statsTab| ,(8i;`)

13:47:11.254 - Records Processed 327
13:47:11.254 - Current Subscribers: 
bid     | ((10i;`);(8i;`))
quote   | ((10i;`);(8i;`))
statsTab| ,(8i;`)

13:47:12.253 - Records Processed 327
13:47:12.254 - Current Subscribers: 
bid     | ((10i;`);(8i;`))
quote   | ((10i;`);(8i;`))
statsTab| ,(8i;`)

13:47:13.254 - Records Processed 327
13:47:13.254 - Current Subscribers: 
bid     | ((10i;`);(8i;`))
quote   | ((10i;`);(8i;`))
statsTab| ,(8i;`)

13:47:14.253 - Records Processed 327
13:47:14.254 - Current Subscribers: 
bid     | ((10i;`);(8i;`))
quote   | ((10i;`);(8i;`))
statsTab| ,(8i;`)

13:47:15.254 - Records Processed 327
13:47:15.254 - Current Subscribers: 
bid     | ((10i;`);(8i;`))
quote   | ((10i;`);(8i;`))
statsTab| ,(8i;`)

13:47:16.254 - Records Processed 327
13:47:16.254 - Current Subscribers: 
bid     | ((10i;`);(8i;`))
quote   | ((10i;`);(8i;`))
statsTab| ,(8i;`)

13:47:17.254 - Records Processed 327
13:47:17.254 - Current Subscribers: 
bid     | ((10i;`);(8i;`))
quote   | ((10i;`);(8i;`))
statsTab| ,(8i;`)

13:47:18.253 - Records Processed 327
13:47:18.255 - Current Subscribers: 
bid     | ((10i;`);(8i;`))
quote   | ((10i;`);(8i;`))
statsTab| ,(8i;`)

13:47:19.255 - Records Processed 327
13:47:19.256 - Current Subscribers: 
bid     | ((10i;`);(8i;`))
quote   | ((10i;`);(8i;`))
statsTab| ,(8i;`)

13:47:20.255 - Records Processed 327
13:47:20.255 - Current Subscribers: 
bid     | ((10i;`);(8i;`))
quote   | ((10i;`);(8i;`))
statsTab| ,(8i;`)

13:47:21.254 - Records Processed 327
13:47:21.255 - Current Subscribers: 
bid     | ((10i;`);(8i;`))
quote   | ((10i;`);(8i;`))
statsTab| ,(8i;`)

13:47:22.253 - Records Processed 327
13:47:22.254 - Current Subscribers: 
bid     | ((10i;`);(8i;`))
quote   | ((10i;`);(8i;`))
statsTab| ,(8i;`)

13:47:23.255 - Records Processed 327
13:47:23.255 - Current Subscribers: 
bid     | ((10i;`);(8i;`))
quote   | ((10i;`);(8i;`))
statsTab| ,(8i;`)

13:47:24.254 - Records Processed 327
13:47:24.255 - Current Subscribers: 
bid     | ((10i;`);(8i;`))
quote   | ((10i;`);(8i;`))
statsTab| ,(8i;`)

13:47:25.253 - Records Processed 327
13:47:25.254 - Current Subscribers: 
bid     | ((10i;`);(8i;`))
quote   | ((10i;`);(8i;`))
statsTab| ,(8i;`)

13:47:26.254 - Records Processed 327
13:47:26.254 - Current Subscribers: 
bid     | ((10i;`);(8i;`))
quote   | ((10i;`);(8i;`))
statsTab| ,(8i;`)

13:47:27.254 - Records Processed 327
13:47:27.254 - Current Subscribers: 
bid     | ((10i;`);(8i;`))
quote   | ((10i;`);(8i;`))
statsTab| ,(8i;`)

13:47:28.255 - Records Processed 327
13:47:28.255 - Current Subscribers: 
bid     | ((10i;`);(8i;`))
quote   | ((10i;`);(8i;`))
statsTab| ,(8i;`)

13:47:29.254 - Records Processed 327
13:47:29.255 - Current Subscribers: 
bid     | ((10i;`);(8i;`))
quote   | ((10i;`);(8i;`))
statsTab| ,(8i;`)

13:47:30.254 - Records Processed 327
13:47:30.255 - Current Subscribers: 
bid     | ((10i;`);(8i;`))
quote   | ((10i;`);(8i;`))
statsTab| ,(8i;`)

13:47:31.254 - Records Processed 327
13:47:31.255 - Current Subscribers: 
bid     | ((10i;`);(8i;`))
quote   | ((10i;`);(8i;`))
statsTab| ,(8i;`)

13:47:32.254 - Records Processed 327
13:47:32.255 - Current Subscribers: 
bid     | ((10i;`);(8i;`))
quote   | ((10i;`);(8i;`))
statsTab| ,(8i;`)

13:47:33.255 - Records Processed 327
13:47:33.255 - Current Subscribers: 
bid     | ((10i;`);(8i;`))
quote   | ((10i;`);(8i;`))
statsTab| ,(8i;`)

13:47:34.254 - Records Processed 327
13:47:34.255 - Current Subscribers: 
bid     | ((10i;`);(8i;`))
quote   | ((10i;`);(8i;`))
statsTab| ,(8i;`)

13:47:35.254 - Records Processed 327
13:47:35.255 - Current Subscribers: 
bid     | ((10i;`);(8i;`))
quote   | ((10i;`);(8i;`))
statsTab| ,(8i;`)

13:47:36.254 - Records Processed 327
13:47:36.254 - Current Subscribers: 
bid     | ((10i;`);(8i;`))
quote   | ((10i;`);(8i;`))
statsTab| ,(8i;`)

13:47:37.254 - Records Processed 327
13:47:37.254 - Current Subscribers: 
bid     | ((10i;`);(8i;`))
quote   | ((10i;`);(8i;`))
statsTab| ,(8i;`)

13:47:38.255 - Records Processed 327
13:47:38.255 - Current Subscribers: 
bid     | ((10i;`);(8i;`))
quote   | ((10i;`);(8i;`))
statsTab| ,(8i;`)

13:47:39.254 - Records Processed 327
13:47:39.255 - Current Subscribers: 
bid     | ((10i;`);(8i;`))
quote   | ((10i;`);(8i;`))
statsTab| ,(8i;`)

13:47:40.254 - Records Processed 327
13:47:40.255 - Current Subscribers: 
bid     | ((10i;`);(8i;`))
quote   | ((10i;`);(8i;`))
statsTab| ,(8i;`)

13:47:41.255 - Records Processed 327
13:47:41.255 - Current Subscribers: 
bid     | ((10i;`);(8i;`))
quote   | ((10i;`);(8i;`))
statsTab| ,(8i;`)

13:47:42.254 - Records Processed 327
13:47:42.254 - Current Subscribers: 
bid     | ((10i;`);(8i;`))
quote   | ((10i;`);(8i;`))
statsTab| ,(8i;`)

13:47:43.253 - Records Processed 327
13:47:43.254 - Current Subscribers: 
bid     | ((10i;`);(8i;`))
quote   | ((10i;`);(8i;`))
statsTab| ,(8i;`)

13:47:44.254 - Records Processed 327
13:47:44.255 - Current Subscribers: 
bid     | ((10i;`);(8i;`))
quote   | ((10i;`);(8i;`))
statsTab| ,(8i;`)

13:47:45.254 - Records Processed 327
13:47:45.254 - Current Subscribers: 
bid     | ((10i;`);(8i;`))
quote   | ((10i;`);(8i;`))
statsTab| ,(8i;`)

13:47:46.254 - Records Processed 327
13:47:46.254 - Current Subscribers: 
bid     | ((10i;`);(8i;`))
quote   | ((10i;`);(8i;`))
statsTab| ,(8i;`)

13:47:47.255 - Records Processed 327
13:47:47.255 - Current Subscribers: 
bid     | ((10i;`);(8i;`))
quote   | ((10i;`);(8i;`))
statsTab| ,(8i;`)

13:47:48.254 - Records Processed 327
13:47:48.255 - Current Subscribers: 
bid     | ((10i;`);(8i;`))
quote   | ((10i;`);(8i;`))
statsTab| ,(8i;`)

13:47:49.254 - Records Processed 327
13:47:49.254 - Current Subscribers: 
bid     | ((10i;`);(8i;`))
quote   | ((10i;`);(8i;`))
statsTab| ,(8i;`)

13:47:50.254 - Records Processed 327
13:47:50.255 - Current Subscribers: 
bid     | ((10i;`);(8i;`))
quote   | ((10i;`);(8i;`))
statsTab| ,(8i;`)

13:47:51.254 - Records Processed 327
13:47:51.255 - Current Subscribers: 
bid     | ((10i;`);(8i;`))
quote   | ((10i;`);(8i;`))
statsTab| ,(8i;`)

13:47:52.254 - Records Processed 327
13:47:52.255 - Current Subscribers: 
bid     | ((10i;`);(8i;`))
quote   | ((10i;`);(8i;`))
statsTab| ,(8i;`)

13:47:53.254 - Records Processed 327
13:47:53.254 - Current Subscribers: 
bid     | ((10i;`);(8i;`))
quote   | ((10i;`);(8i;`))
statsTab| ,(8i;`)

13:47:54.254 - Records Processed 327
13:47:54.254 - Current Subscribers: 
bid     | ((10i;`);(8i;`))
quote   | ((10i;`);(8i;`))
statsTab| ,(8i;`)

13:47:55.254 - Records Processed 327
13:47:55.255 - Current Subscribers: 
bid     | ((10i;`);(8i;`))
quote   | ((10i;`);(8i;`))
statsTab| ,(8i;`)

13:47:56.254 - Records Processed 327
13:47:56.254 - Current Subscribers: 
bid     | ((10i;`);(8i;`))
quote   | ((10i;`);(8i;`))
statsTab| ,(8i;`)

13:47:57.254 - Records Processed 327
13:47:57.254 - Current Subscribers: 
bid     | ((10i;`);(8i;`))
quote   | ((10i;`);(8i;`))
statsTab| ,(8i;`)

13:47:58.254 - Records Processed 327
13:47:58.254 - Current Subscribers: 
bid     | ((10i;`);(8i;`))
quote   | ((10i;`);(8i;`))
statsTab| ,(8i;`)

13:47:59.254 - Records Processed 327
13:47:59.255 - Current Subscribers: 
bid     | ((10i;`);(8i;`))
quote   | ((10i;`);(8i;`))
statsTab| ,(8i;`)

13:48:00.256 - Records Processed 327
13:48:00.256 - Current Subscribers: 
bid     | ((10i;`);(8i;`))
quote   | ((10i;`);(8i;`))
statsTab| ,(8i;`)

13:48:01.253 - Records Processed 327
13:48:01.254 - Current Subscribers: 
bid     | ((10i;`);(8i;`))
quote   | ((10i;`);(8i;`))
statsTab| ,(8i;`)

13:48:02.254 - Records Processed 327
13:48:02.255 - Current Subscribers: 
bid     | ((10i;`);(8i;`))
quote   | ((10i;`);(8i;`))
statsTab| ,(8i;`)

13:48:03.253 - Records Processed 327
13:48:03.254 - Current Subscribers: 
bid     | ((10i;`);(8i;`))
quote   | ((10i;`);(8i;`))
statsTab| ,(8i;`)

13:48:04.254 - Records Processed 327
13:48:04.254 - Current Subscribers: 
bid     | ((10i;`);(8i;`))
quote   | ((10i;`);(8i;`))
statsTab| ,(8i;`)

13:48:05.255 - Records Processed 327
13:48:05.255 - Current Subscribers: 
bid     | ((10i;`);(8i;`))
quote   | ((10i;`);(8i;`))
statsTab| ,(8i;`)

13:48:06.255 - Records Processed 327
13:48:06.255 - Current Subscribers: 
bid     | ((10i;`);(8i;`))
quote   | ((10i;`);(8i;`))
statsTab| ,(8i;`)

13:48:07.254 - Records Processed 327
13:48:07.255 - Current Subscribers: 
bid     | ((10i;`);(8i;`))
quote   | ((10i;`);(8i;`))
statsTab| ,(8i;`)

13:48:08.254 - Records Processed 327
13:48:08.255 - Current Subscribers: 
bid     | ((10i;`);(8i;`))
quote   | ((10i;`);(8i;`))
statsTab| ,(8i;`)

13:48:09.254 - Records Processed 327
13:48:09.255 - Current Subscribers: 
bid     | ((10i;`);(8i;`))
quote   | ((10i;`);(8i;`))
statsTab| ,(8i;`)

13:48:10.254 - Records Processed 327
13:48:10.254 - Current Subscribers: 
bid     | ((10i;`);(8i;`))
quote   | ((10i;`);(8i;`))
statsTab| ,(8i;`)

13:48:11.254 - Records Processed 327
13:48:11.254 - Current Subscribers: 
bid     | ((10i;`);(8i;`))
quote   | ((10i;`);(8i;`))
statsTab| ,(8i;`)

13:48:12.254 - Records Processed 327
13:48:12.254 - Current Subscribers: 
bid     | ((10i;`);(8i;`))
quote   | ((10i;`);(8i;`))
statsTab| ,(8i;`)

13:48:13.254 - Records Processed 327
13:48:13.254 - Current Subscribers: 
bid     | ((10i;`);(8i;`))
quote   | ((10i;`);(8i;`))
statsTab| ,(8i;`)

13:48:14.253 - Records Processed 327
13:48:14.254 - Current Subscribers: 
bid     | ((10i;`);(8i;`))
quote   | ((10i;`);(8i;`))
statsTab| ,(8i;`)

13:48:15.254 - Records Processed 327
13:48:15.255 - Current Subscribers: 
bid     | ((10i;`);(8i;`))
quote   | ((10i;`);(8i;`))
statsTab| ,(8i;`)

13:48:16.254 - Records Processed 327
13:48:16.255 - Current Subscribers: 
bid     | ((10i;`);(8i;`))
quote   | ((10i;`);(8i;`))
statsTab| ,(8i;`)

13:48:17.253 - Records Processed 327
13:48:17.254 - Current Subscribers: 
bid     | ((10i;`);(8i;`))
quote   | ((10i;`);(8i;`))
statsTab| ,(8i;`)

13:48:18.254 - Records Processed 327
13:48:18.254 - Current Subscribers: 
bid     | ((10i;`);(8i;`))
quote   | ((10i;`);(8i;`))
statsTab| ,(8i;`)

13:48:19.254 - Records Processed 327
13:48:19.254 - Current Subscribers: 
bid     | ((10i;`);(8i;`))
quote   | ((10i;`);(8i;`))
statsTab| ,(8i;`)

13:48:20.254 - Records Processed 327
13:48:20.255 - Current Subscribers: 
bid     | ((10i;`);(8i;`))
quote   | ((10i;`);(8i;`))
statsTab| ,(8i;`)

13:48:21.254 - Records Processed 327
13:48:21.254 - Current Subscribers: 
bid     | ((10i;`);(8i;`))
quote   | ((10i;`);(8i;`))
statsTab| ,(8i;`)

13:48:22.254 - Records Processed 327
13:48:22.255 - Current Subscribers: 
bid     | ((10i;`);(8i;`))
quote   | ((10i;`);(8i;`))
statsTab| ,(8i;`)

13:48:23.254 - Records Processed 327
13:48:23.254 - Current Subscribers: 
bid     | ((10i;`);(8i;`))
quote   | ((10i;`);(8i;`))
statsTab| ,(8i;`)

13:48:24.254 - Records Processed 327
13:48:24.255 - Current Subscribers: 
bid     | ((10i;`);(8i;`))
quote   | ((10i;`);(8i;`))
statsTab| ,(8i;`)

13:48:25.254 - Records Processed 327
13:48:25.255 - Current Subscribers: 
bid     | ((10i;`);(8i;`))
quote   | ((10i;`);(8i;`))
statsTab| ,(8i;`)

13:48:26.255 - Records Processed 327
13:48:26.256 - Current Subscribers: 
bid     | ((10i;`);(8i;`))
quote   | ((10i;`);(8i;`))
statsTab| ,(8i;`)

13:48:27.254 - Records Processed 327
13:48:27.255 - Current Subscribers: 
bid     | ((10i;`);(8i;`))
quote   | ((10i;`);(8i;`))
statsTab| ,(8i;`)

13:48:28.254 - Records Processed 327
13:48:28.254 - Current Subscribers: 
bid     | ((10i;`);(8i;`))
quote   | ((10i;`);(8i;`))
statsTab| ,(8i;`)

13:48:29.254 - Records Processed 327
13:48:29.255 - Current Subscribers: 
bid     | ((10i;`);(8i;`))
quote   | ((10i;`);(8i;`))
statsTab| ,(8i;`)

13:48:30.254 - Records Processed 327
13:48:30.255 - Current Subscribers: 
bid     | ((10i;`);(8i;`))
quote   | ((10i;`);(8i;`))
statsTab| ,(8i;`)

13:48:31.256 - Records Processed 327
13:48:31.256 - Current Subscribers: 
bid     | ((10i;`);(8i;`))
quote   | ((10i;`);(8i;`))
statsTab| ,(8i;`)

13:48:32.254 - Records Processed 327
13:48:32.255 - Current Subscribers: 
bid     | ((10i;`);(8i;`))
quote   | ((10i;`);(8i;`))
statsTab| ,(8i;`)

13:48:33.254 - Records Processed 327
13:48:33.256 - Current Subscribers: 
bid     | ((10i;`);(8i;`))
quote   | ((10i;`);(8i;`))
statsTab| ,(8i;`)

13:48:34.256 - Records Processed 327
13:48:34.256 - Current Subscribers: 
bid     | ((10i;`);(8i;`))
quote   | ((10i;`);(8i;`))
statsTab| ,(8i;`)

13:48:35.254 - Records Processed 327
13:48:35.255 - Current Subscribers: 
bid     | ((10i;`);(8i;`))
quote   | ((10i;`);(8i;`))
statsTab| ,(8i;`)

13:48:36.255 - Records Processed 327
13:48:36.256 - Current Subscribers: 
bid     | ((10i;`);(8i;`))
quote   | ((10i;`);(8i;`))
statsTab| ,(8i;`)

13:48:37.254 - Records Processed 327
13:48:37.255 - Current Subscribers: 
bid     | ((10i;`);(8i;`))
quote   | ((10i;`);(8i;`))
statsTab| ,(8i;`)

13:48:38.254 - Records Processed 327
13:48:38.255 - Current Subscribers: 
bid     | ((10i;`);(8i;`))
quote   | ((10i;`);(8i;`))
statsTab| ,(8i;`)

13:48:39.254 - Records Processed 327
13:48:39.254 - Current Subscribers: 
bid     | ((10i;`);(8i;`))
quote   | ((10i;`);(8i;`))
statsTab| ,(8i;`)

13:48:40.254 - Records Processed 327
13:48:40.254 - Current Subscribers: 
bid     | ((10i;`);(8i;`))
quote   | ((10i;`);(8i;`))
statsTab| ,(8i;`)

13:48:41.253 - Records Processed 327
13:48:41.254 - Current Subscribers: 
bid     | ((10i;`);(8i;`))
quote   | ((10i;`);(8i;`))
statsTab| ,(8i;`)

13:48:42.254 - Records Processed 327
13:48:42.254 - Current Subscribers: 
bid     | ((10i;`);(8i;`))
quote   | ((10i;`);(8i;`))
statsTab| ,(8i;`)

13:48:43.253 - Records Processed 327
13:48:43.254 - Current Subscribers: 
bid     | ((10i;`);(8i;`))
quote   | ((10i;`);(8i;`))
statsTab| ,(8i;`)

13:48:44.266 - Records Processed 327
13:48:44.266 - Current Subscribers: 
bid     | ((10i;`);(8i;`))
quote   | ((10i;`);(8i;`))
statsTab| ,(8i;`)

13:48:45.254 - Records Processed 327
13:48:45.254 - Current Subscribers: 
bid     | ((10i;`);(8i;`))
quote   | ((10i;`);(8i;`))
statsTab| ,(8i;`)

13:48:46.254 - Records Processed 327
13:48:46.255 - Current Subscribers: 
bid     | ((10i;`);(8i;`))
quote   | ((10i;`);(8i;`))
statsTab| ,(8i;`)

13:48:47.254 - Records Processed 327
13:48:47.254 - Current Subscribers: 
bid     | ((10i;`);(8i;`))
quote   | ((10i;`);(8i;`))
statsTab| ,(8i;`)

13:48:48.253 - Records Processed 327
13:48:48.254 - Current Subscribers: 
bid     | ((10i;`);(8i;`))
quote   | ((10i;`);(8i;`))
statsTab| ,(8i;`)

13:48:49.253 - Records Processed 327
13:48:49.254 - Current Subscribers: 
bid     | ((10i;`);(8i;`))
quote   | ((10i;`);(8i;`))
statsTab| ,(8i;`)

13:48:50.254 - Records Processed 327
13:48:50.255 - Current Subscribers: 
bid     | ((10i;`);(8i;`))
quote   | ((10i;`);(8i;`))
statsTab| ,(8i;`)

13:48:51.255 - Records Processed 327
13:48:51.255 - Current Subscribers: 
bid     | ((10i;`);(8i;`))
quote   | ((10i;`);(8i;`))
statsTab| ,(8i;`)

13:48:52.254 - Records Processed 327
13:48:52.255 - Current Subscribers: 
bid     | ((10i;`);(8i;`))
quote   | ((10i;`);(8i;`))
statsTab| ,(8i;`)

13:48:53.255 - Records Processed 327
13:48:53.255 - Current Subscribers: 
bid     | ((10i;`);(8i;`))
quote   | ((10i;`);(8i;`))
statsTab| ,(8i;`)

13:48:54.254 - Records Processed 327
13:48:54.254 - Current Subscribers: 
bid     | ((10i;`);(8i;`))
quote   | ((10i;`);(8i;`))
statsTab| ,(8i;`)

13:48:55.254 - Records Processed 327
13:48:55.255 - Current Subscribers: 
bid     | ((10i;`);(8i;`))
quote   | ((10i;`);(8i;`))
statsTab| ,(8i;`)

13:48:56.254 - Records Processed 327
13:48:56.255 - Current Subscribers: 
bid     | ((10i;`);(8i;`))
quote   | ((10i;`);(8i;`))
statsTab| ,(8i;`)

13:48:57.254 - Records Processed 327
13:48:57.255 - Current Subscribers: 
bid     | ((10i;`);(8i;`))
quote   | ((10i;`);(8i;`))
statsTab| ,(8i;`)

13:48:58.254 - Records Processed 327
13:48:58.255 - Current Subscribers: 
bid     | ((10i;`);(8i;`))
quote   | ((10i;`);(8i;`))
statsTab| ,(8i;`)

13:48:59.254 - Records Processed 327
13:48:59.255 - Current Subscribers: 
bid     | ((10i;`);(8i;`))
quote   | ((10i;`);(8i;`))
statsTab| ,(8i;`)

13:49:00.254 - Records Processed 327
13:49:00.255 - Current Subscribers: 
bid     | ((10i;`);(8i;`))
quote   | ((10i;`);(8i;`))
statsTab| ,(8i;`)

13:49:01.255 - Records Processed 327
13:49:01.256 - Current Subscribers: 
bid     | ((10i;`);(8i;`))
quote   | ((10i;`);(8i;`))
statsTab| ,(8i;`)

13:49:02.253 - Records Processed 327
13:49:02.254 - Current Subscribers: 
bid     | ((10i;`);(8i;`))
quote   | ((10i;`);(8i;`))
statsTab| ,(8i;`)

13:49:03.253 - Records Processed 327
13:49:03.254 - Current Subscribers: 
bid     | ((10i;`);(8i;`))
quote   | ((10i;`);(8i;`))
statsTab| ,(8i;`)

13:49:04.254 - Records Processed 327
13:49:04.254 - Current Subscribers: 
bid     | ((10i;`);(8i;`))
quote   | ((10i;`);(8i;`))
statsTab| ,(8i;`)

13:49:05.254 - Records Processed 327
13:49:05.255 - Current Subscribers: 
bid     | ((10i;`);(8i;`))
quote   | ((10i;`);(8i;`))
statsTab| ,(8i;`)

13:49:06.255 - Records Processed 327
13:49:06.255 - Current Subscribers: 
bid     | ((10i;`);(8i;`))
quote   | ((10i;`);(8i;`))
statsTab| ,(8i;`)

13:49:07.253 - Records Processed 327
13:49:07.254 - Current Subscribers: 
bid     | ((10i;`);(8i;`))
quote   | ((10i;`);(8i;`))
statsTab| ,(8i;`)

13:49:08.255 - Records Processed 327
13:49:08.255 - Current Subscribers: 
bid     | ((10i;`);(8i;`))
quote   | ((10i;`);(8i;`))
statsTab| ,(8i;`)

13:49:09.255 - Records Processed 327
13:49:09.255 - Current Subscribers: 
bid     | ((10i;`);(8i;`))
quote   | ((10i;`);(8i;`))
statsTab| ,(8i;`)

13:49:10.254 - Records Processed 327
13:49:10.255 - Current Subscribers: 
bid     | ((10i;`);(8i;`))
quote   | ((10i;`);(8i;`))
statsTab| ,(8i;`)

13:49:11.254 - Records Processed 327
13:49:11.257 - Current Subscribers: 
bid     | ((10i;`);(8i;`))
quote   | ((10i;`);(8i;`))
statsTab| ,(8i;`)

13:49:12.256 - Records Processed 327
13:49:12.257 - Current Subscribers: 
bid     | ((10i;`);(8i;`))
quote   | ((10i;`);(8i;`))
statsTab| ,(8i;`)

13:49:13.254 - Records Processed 327
13:49:13.254 - Current Subscribers: 
bid     | ((10i;`);(8i;`))
quote   | ((10i;`);(8i;`))
statsTab| ,(8i;`)

13:49:14.255 - Records Processed 327
13:49:14.255 - Current Subscribers: 
bid     | ((10i;`);(8i;`))
quote   | ((10i;`);(8i;`))
statsTab| ,(8i;`)

13:49:15.254 - Records Processed 327
13:49:15.254 - Current Subscribers: 
bid     | ((10i;`);(8i;`))
quote   | ((10i;`);(8i;`))
statsTab| ,(8i;`)

13:49:16.254 - Records Processed 327
13:49:16.255 - Current Subscribers: 
bid     | ((10i;`);(8i;`))
quote   | ((10i;`);(8i;`))
statsTab| ,(8i;`)

13:49:17.255 - Records Processed 327
13:49:17.255 - Current Subscribers: 
bid     | ((10i;`);(8i;`))
quote   | ((10i;`);(8i;`))
statsTab| ,(8i;`)

13:49:18.255 - Records Processed 327
13:49:18.255 - Current Subscribers: 
bid     | ((10i;`);(8i;`))
quote   | ((10i;`);(8i;`))
statsTab| ,(8i;`)

13:49:19.253 - Records Processed 327
13:49:19.254 - Current Subscribers: 
bid     | ((10i;`);(8i;`))
quote   | ((10i;`);(8i;`))
statsTab| ,(8i;`)

13:49:20.254 - Records Processed 327
13:49:20.254 - Current Subscribers: 
bid     | ((10i;`);(8i;`))
quote   | ((10i;`);(8i;`))
statsTab| ,(8i;`)

13:49:21.255 - Records Processed 327
13:49:21.255 - Current Subscribers: 
bid     | ((10i;`);(8i;`))
quote   | ((10i;`);(8i;`))
statsTab| ,(8i;`)

13:49:22.254 - Records Processed 327
13:49:22.254 - Current Subscribers: 
bid     | ((10i;`);(8i;`))
quote   | ((10i;`);(8i;`))
statsTab| ,(8i;`)

13:49:23.254 - Records Processed 327
13:49:23.254 - Current Subscribers: 
bid     | ((10i;`);(8i;`))
quote   | ((10i;`);(8i;`))
statsTab| ,(8i;`)

13:49:24.254 - Records Processed 327
13:49:24.254 - Current Subscribers: 
bid     | ((10i;`);(8i;`))
quote   | ((10i;`);(8i;`))
statsTab| ,(8i;`)

13:49:25.255 - Records Processed 327
13:49:25.255 - Current Subscribers: 
bid     | ((10i;`);(8i;`))
quote   | ((10i;`);(8i;`))
statsTab| ,(8i;`)

13:49:26.254 - Records Processed 327
13:49:26.254 - Current Subscribers: 
bid     | ((10i;`);(8i;`))
quote   | ((10i;`);(8i;`))
statsTab| ,(8i;`)

13:49:27.254 - Records Processed 327
13:49:27.255 - Current Subscribers: 
bid     | ((10i;`);(8i;`))
quote   | ((10i;`);(8i;`))
statsTab| ,(8i;`)

13:49:28.254 - Records Processed 327
13:49:28.254 - Current Subscribers: 
bid     | ((10i;`);(8i;`))
quote   | ((10i;`);(8i;`))
statsTab| ,(8i;`)

13:49:29.254 - Records Processed 327
13:49:29.254 - Current Subscribers: 
bid     | ((10i;`);(8i;`))
quote   | ((10i;`);(8i;`))
statsTab| ,(8i;`)

13:49:30.254 - Records Processed 327
13:49:30.255 - Current Subscribers: 
bid     | ((10i;`);(8i;`))
quote   | ((10i;`);(8i;`))
statsTab| ,(8i;`)

13:49:31.255 - Records Processed 327
13:49:31.255 - Current Subscribers: 
bid     | ((10i;`);(8i;`))
quote   | ((10i;`);(8i;`))
statsTab| ,(8i;`)

13:49:32.252 - Records Processed 327
13:49:32.253 - Current Subscribers: 
bid     | ((10i;`);(8i;`))
quote   | ((10i;`);(8i;`))
statsTab| ,(8i;`)

13:49:33.254 - Records Processed 327
13:49:33.255 - Current Subscribers: 
bid     | ((10i;`);(8i;`))
quote   | ((10i;`);(8i;`))
statsTab| ,(8i;`)

13:49:34.253 - Records Processed 327
13:49:34.254 - Current Subscribers: 
bid     | ((10i;`);(8i;`))
quote   | ((10i;`);(8i;`))
statsTab| ,(8i;`)

13:49:35.254 - Records Processed 327
13:49:35.254 - Current Subscribers: 
bid     | ((10i;`);(8i;`))
quote   | ((10i;`);(8i;`))
statsTab| ,(8i;`)

13:49:36.255 - Records Processed 327
13:49:36.256 - Current Subscribers: 
bid     | ((10i;`);(8i;`))
quote   | ((10i;`);(8i;`))
statsTab| ,(8i;`)

13:49:37.254 - Records Processed 327
13:49:37.254 - Current Subscribers: 
bid     | ((10i;`);(8i;`))
quote   | ((10i;`);(8i;`))
statsTab| ,(8i;`)

13:49:38.254 - Records Processed 327
13:49:38.254 - Current Subscribers: 
bid     | ((10i;`);(8i;`))
quote   | ((10i;`);(8i;`))
statsTab| ,(8i;`)

13:49:39.254 - Records Processed 327
13:49:39.254 - Current Subscribers: 
bid     | ((10i;`);(8i;`))
quote   | ((10i;`);(8i;`))
statsTab| ,(8i;`)

13:49:40.254 - Records Processed 327
13:49:40.255 - Current Subscribers: 
bid     | ((10i;`);(8i;`))
quote   | ((10i;`);(8i;`))
statsTab| ,(8i;`)

13:49:41.254 - Records Processed 327
13:49:41.255 - Current Subscribers: 
bid     | ((10i;`);(8i;`))
quote   | ((10i;`);(8i;`))
statsTab| ,(8i;`)

13:49:42.254 - Records Processed 327
13:49:42.255 - Current Subscribers: 
bid     | ((10i;`);(8i;`))
quote   | ((10i;`);(8i;`))
statsTab| ,(8i;`)

13:49:43.254 - Records Processed 327
13:49:43.255 - Current Subscribers: 
bid     | ((10i;`);(8i;`))
quote   | ((10i;`);(8i;`))
statsTab| ,(8i;`)

13:49:44.254 - Records Processed 327
13:49:44.255 - Current Subscribers: 
bid     | ((10i;`);(8i;`))
quote   | ((10i;`);(8i;`))
statsTab| ,(8i;`)

13:49:45.254 - Records Processed 327
13:49:45.254 - Current Subscribers: 
bid     | ((10i;`);(8i;`))
quote   | ((10i;`);(8i;`))
statsTab| ,(8i;`)

13:49:46.255 - Records Processed 327
13:49:46.255 - Current Subscribers: 
bid     | ((10i;`);(8i;`))
quote   | ((10i;`);(8i;`))
statsTab| ,(8i;`)

13:49:47.254 - Records Processed 327
13:49:47.254 - Current Subscribers: 
bid     | ((10i;`);(8i;`))
quote   | ((10i;`);(8i;`))
statsTab| ,(8i;`)

13:49:48.254 - Records Processed 327
13:49:48.254 - Current Subscribers: 
bid     | ((10i;`);(8i;`))
quote   | ((10i;`);(8i;`))
statsTab| ,(8i;`)

13:49:49.253 - Records Processed 327
13:49:49.254 - Current Subscribers: 
bid     | ((10i;`);(8i;`))
quote   | ((10i;`);(8i;`))
statsTab| ,(8i;`)

13:49:50.254 - Records Processed 327
13:49:50.254 - Current Subscribers: 
bid     | ((10i;`);(8i;`))
quote   | ((10i;`);(8i;`))
statsTab| ,(8i;`)

13:49:51.255 - Records Processed 327
13:49:51.255 - Current Subscribers: 
bid     | ((10i;`);(8i;`))
quote   | ((10i;`);(8i;`))
statsTab| ,(8i;`)

13:49:52.255 - Records Processed 327
13:49:52.255 - Current Subscribers: 
bid     | ((10i;`);(8i;`))
quote   | ((10i;`);(8i;`))
statsTab| ,(8i;`)

13:49:53.253 - Records Processed 327
13:49:53.254 - Current Subscribers: 
bid     | ((10i;`);(8i;`))
quote   | ((10i;`);(8i;`))
statsTab| ,(8i;`)

13:49:54.254 - Records Processed 327
13:49:54.254 - Current Subscribers: 
bid     | ((10i;`);(8i;`))
quote   | ((10i;`);(8i;`))
statsTab| ,(8i;`)

13:49:55.254 - Records Processed 327
13:49:55.254 - Current Subscribers: 
bid     | ((10i;`);(8i;`))
quote   | ((10i;`);(8i;`))
statsTab| ,(8i;`)

13:49:56.254 - Records Processed 327
13:49:56.255 - Current Subscribers: 
bid     | ((10i;`);(8i;`))
quote   | ((10i;`);(8i;`))
statsTab| ,(8i;`)

13:49:57.254 - Records Processed 327
13:49:57.254 - Current Subscribers: 
bid     | ((10i;`);(8i;`))
quote   | ((10i;`);(8i;`))
statsTab| ,(8i;`)

13:49:58.253 - Records Processed 327
13:49:58.254 - Current Subscribers: 
bid     | ((10i;`);(8i;`))
quote   | ((10i;`);(8i;`))
statsTab| ,(8i;`)

13:49:59.255 - Records Processed 327
13:49:59.255 - Current Subscribers: 
bid     | ((10i;`);(8i;`))
quote   | ((10i;`);(8i;`))
statsTab| ,(8i;`)

13:50:00.254 - Records Processed 327
13:50:00.255 - Current Subscribers: 
bid     | ((10i;`);(8i;`))
quote   | ((10i;`);(8i;`))
statsTab| ,(8i;`)

13:50:01.254 - Records Processed 327
13:50:01.254 - Current Subscribers: 
bid     | ((10i;`);(8i;`))
quote   | ((10i;`);(8i;`))
statsTab| ,(8i;`)

13:50:02.254 - Records Processed 327
13:50:02.255 - Current Subscribers: 
bid     | ((10i;`);(8i;`))
quote   | ((10i;`);(8i;`))
statsTab| ,(8i;`)

13:50:03.254 - Records Processed 327
13:50:03.254 - Current Subscribers: 
bid     | ((10i;`);(8i;`))
quote   | ((10i;`);(8i;`))
statsTab| ,(8i;`)

13:50:04.254 - Records Processed 327
13:50:04.255 - Current Subscribers: 
bid     | ((10i;`);(8i;`))
quote   | ((10i;`);(8i;`))
statsTab| ,(8i;`)

13:50:05.252 - Records Processed 327
13:50:05.253 - Current Subscribers: 
bid     | ((10i;`);(8i;`))
quote   | ((10i;`);(8i;`))
statsTab| ,(8i;`)

13:50:06.254 - Records Processed 327
13:50:06.254 - Current Subscribers: 
bid     | ((10i;`);(8i;`))
quote   | ((10i;`);(8i;`))
statsTab| ,(8i;`)

13:50:07.254 - Records Processed 327
13:50:07.255 - Current Subscribers: 
bid     | ((10i;`);(8i;`))
quote   | ((10i;`);(8i;`))
statsTab| ,(8i;`)

13:50:08.255 - Records Processed 327
13:50:08.255 - Current Subscribers: 
bid     | ((10i;`);(8i;`))
quote   | ((10i;`);(8i;`))
statsTab| ,(8i;`)

13:50:09.254 - Records Processed 327
13:50:09.254 - Current Subscribers: 
bid     | ((10i;`);(8i;`))
quote   | ((10i;`);(8i;`))
statsTab| ,(8i;`)

13:50:10.254 - Records Processed 327
13:50:10.254 - Current Subscribers: 
bid     | ((10i;`);(8i;`))
quote   | ((10i;`);(8i;`))
statsTab| ,(8i;`)

13:50:11.254 - Records Processed 327
13:50:11.255 - Current Subscribers: 
bid     | ((10i;`);(8i;`))
quote   | ((10i;`);(8i;`))
statsTab| ,(8i;`)

13:50:12.255 - Records Processed 327
13:50:12.255 - Current Subscribers: 
bid     | ((10i;`);(8i;`))
quote   | ((10i;`);(8i;`))
statsTab| ,(8i;`)

13:50:13.254 - Records Processed 327
13:50:13.255 - Current Subscribers: 
bid     | ((10i;`);(8i;`))
quote   | ((10i;`);(8i;`))
statsTab| ,(8i;`)

13:50:14.253 - Records Processed 327
13:50:14.254 - Current Subscribers: 
bid     | ((10i;`);(8i;`))
quote   | ((10i;`);(8i;`))
statsTab| ,(8i;`)

13:50:15.254 - Records Processed 327
13:50:15.254 - Current Subscribers: 
bid     | ((10i;`);(8i;`))
quote   | ((10i;`);(8i;`))
statsTab| ,(8i;`)

13:50:16.254 - Records Processed 327
13:50:16.255 - Current Subscribers: 
bid     | ((10i;`);(8i;`))
quote   | ((10i;`);(8i;`))
statsTab| ,(8i;`)

13:50:17.254 - Records Processed 327
13:50:17.255 - Current Subscribers: 
bid     | ((10i;`);(8i;`))
quote   | ((10i;`);(8i;`))
statsTab| ,(8i;`)

13:50:18.255 - Records Processed 327
13:50:18.255 - Current Subscribers: 
bid     | ((10i;`);(8i;`))
quote   | ((10i;`);(8i;`))
statsTab| ,(8i;`)

13:50:19.254 - Records Processed 327
13:50:19.254 - Current Subscribers: 
bid     | ((10i;`);(8i;`))
quote   | ((10i;`);(8i;`))
statsTab| ,(8i;`)

13:50:20.254 - Records Processed 327
13:50:20.254 - Current Subscribers: 
bid     | ((10i;`);(8i;`))
quote   | ((10i;`);(8i;`))
statsTab| ,(8i;`)

13:50:21.254 - Records Processed 327
13:50:21.254 - Current Subscribers: 
bid     | ((10i;`);(8i;`))
quote   | ((10i;`);(8i;`))
statsTab| ,(8i;`)

13:50:22.254 - Records Processed 327
13:50:22.255 - Current Subscribers: 
bid     | ((10i;`);(8i;`))
quote   | ((10i;`);(8i;`))
statsTab| ,(8i;`)

13:50:23.255 - Records Processed 327
13:50:23.255 - Current Subscribers: 
bid     | ((10i;`);(8i;`))
quote   | ((10i;`);(8i;`))
statsTab| ,(8i;`)

13:50:24.278 - Records Processed 327
13:50:24.279 - Current Subscribers: 
bid     | ((10i;`);(8i;`))
quote   | ((10i;`);(8i;`))
statsTab| ,(8i;`)

13:50:25.254 - Records Processed 327
13:50:25.254 - Current Subscribers: 
bid     | ((10i;`);(8i;`))
quote   | ((10i;`);(8i;`))
statsTab| ,(8i;`)

13:50:26.253 - Records Processed 327
13:50:26.253 - Current Subscribers: 
bid     | ((10i;`);(8i;`))
quote   | ((10i;`);(8i;`))
statsTab| ,(8i;`)

13:50:27.253 - Records Processed 327
13:50:27.254 - Current Subscribers: 
bid     | ((10i;`);(8i;`))
quote   | ((10i;`);(8i;`))
statsTab| ,(8i;`)

13:50:28.253 - Records Processed 327
13:50:28.254 - Current Subscribers: 
bid     | ((10i;`);(8i;`))
quote   | ((10i;`);(8i;`))
statsTab| ,(8i;`)

13:50:29.254 - Records Processed 327
13:50:29.254 - Current Subscribers: 
bid     | ((10i;`);(8i;`))
quote   | ((10i;`);(8i;`))
statsTab| ,(8i;`)

13:50:30.254 - Records Processed 327
13:50:30.254 - Current Subscribers: 
bid     | ((10i;`);(8i;`))
quote   | ((10i;`);(8i;`))
statsTab| ,(8i;`)

13:50:31.254 - Records Processed 327
13:50:31.255 - Current Subscribers: 
bid     | ((10i;`);(8i;`))
quote   | ((10i;`);(8i;`))
statsTab| ,(8i;`)

13:50:32.254 - Records Processed 327
13:50:32.254 - Current Subscribers: 
bid     | ((10i;`);(8i;`))
quote   | ((10i;`);(8i;`))
statsTab| ,(8i;`)

13:50:33.254 - Records Processed 327
13:50:33.255 - Current Subscribers: 
bid     | ((10i;`);(8i;`))
quote   | ((10i;`);(8i;`))
statsTab| ,(8i;`)

13:50:34.255 - Records Processed 327
13:50:34.256 - Current Subscribers: 
bid     | ((10i;`);(8i;`))
quote   | ((10i;`);(8i;`))
statsTab| ,(8i;`)

13:50:35.253 - Records Processed 327
13:50:35.254 - Current Subscribers: 
bid     | ((10i;`);(8i;`))
quote   | ((10i;`);(8i;`))
statsTab| ,(8i;`)

13:50:36.253 - Records Processed 327
13:50:36.254 - Current Subscribers: 
bid     | ((10i;`);(8i;`))
quote   | ((10i;`);(8i;`))
statsTab| ,(8i;`)

13:50:37.253 - Records Processed 327
13:50:37.254 - Current Subscribers: 
bid     | ((10i;`);(8i;`))
quote   | ((10i;`);(8i;`))
statsTab| ,(8i;`)

13:50:38.255 - Records Processed 327
13:50:38.255 - Current Subscribers: 
bid     | ((10i;`);(8i;`))
quote   | ((10i;`);(8i;`))
statsTab| ,(8i;`)

13:50:39.255 - Records Processed 327
13:50:39.255 - Current Subscribers: 
bid     | ((10i;`);(8i;`))
quote   | ((10i;`);(8i;`))
statsTab| ,(8i;`)

13:50:40.254 - Records Processed 327
13:50:40.255 - Current Subscribers: 
bid     | ((10i;`);(8i;`))
quote   | ((10i;`);(8i;`))
statsTab| ,(8i;`)

13:50:41.254 - Records Processed 327
13:50:41.254 - Current Subscribers: 
bid     | ((10i;`);(8i;`))
quote   | ((10i;`);(8i;`))
statsTab| ,(8i;`)

13:50:42.253 - Records Processed 327
13:50:42.254 - Current Subscribers: 
bid     | ((10i;`);(8i;`))
quote   | ((10i;`);(8i;`))
statsTab| ,(8i;`)

13:50:43.253 - Records Processed 327
13:50:43.254 - Current Subscribers: 
bid     | ((10i;`);(8i;`))
quote   | ((10i;`);(8i;`))
statsTab| ,(8i;`)

13:50:44.254 - Records Processed 327
13:50:44.255 - Current Subscribers: 
bid     | ((10i;`);(8i;`))
quote   | ((10i;`);(8i;`))
statsTab| ,(8i;`)

13:50:45.253 - Records Processed 327
13:50:45.254 - Current Subscribers: 
bid     | ((10i;`);(8i;`))
quote   | ((10i;`);(8i;`))
statsTab| ,(8i;`)

13:50:46.253 - Records Processed 327
13:50:46.254 - Current Subscribers: 
bid     | ((10i;`);(8i;`))
quote   | ((10i;`);(8i;`))
statsTab| ,(8i;`)

13:50:47.254 - Records Processed 327
13:50:47.255 - Current Subscribers: 
bid     | ((10i;`);(8i;`))
quote   | ((10i;`);(8i;`))
statsTab| ,(8i;`)

13:50:48.255 - Records Processed 327
13:50:48.255 - Current Subscribers: 
bid     | ((10i;`);(8i;`))
quote   | ((10i;`);(8i;`))
statsTab| ,(8i;`)

13:50:49.254 - Records Processed 327
13:50:49.255 - Current Subscribers: 
bid     | ((10i;`);(8i;`))
quote   | ((10i;`);(8i;`))
statsTab| ,(8i;`)

13:50:50.254 - Records Processed 327
13:50:50.255 - Current Subscribers: 
bid     | ((10i;`);(8i;`))
quote   | ((10i;`);(8i;`))
statsTab| ,(8i;`)

13:50:51.254 - Records Processed 327
13:50:51.255 - Current Subscribers: 
bid     | ((10i;`);(8i;`))
quote   | ((10i;`);(8i;`))
statsTab| ,(8i;`)

13:50:52.255 - Records Processed 327
13:50:52.255 - Current Subscribers: 
bid     | ((10i;`);(8i;`))
quote   | ((10i;`);(8i;`))
statsTab| ,(8i;`)

13:50:53.254 - Records Processed 327
13:50:53.255 - Current Subscribers: 
bid     | ((10i;`);(8i;`))
quote   | ((10i;`);(8i;`))
statsTab| ,(8i;`)

13:50:54.254 - Records Processed 327
13:50:54.255 - Current Subscribers: 
bid     | ((10i;`);(8i;`))
quote   | ((10i;`);(8i;`))
statsTab| ,(8i;`)

13:50:55.254 - Records Processed 327
13:50:55.255 - Current Subscribers: 
bid     | ((10i;`);(8i;`))
quote   | ((10i;`);(8i;`))
statsTab| ,(8i;`)

13:50:56.254 - Records Processed 327
13:50:56.255 - Current Subscribers: 
bid     | ((10i;`);(8i;`))
quote   | ((10i;`);(8i;`))
statsTab| ,(8i;`)

13:50:57.254 - Records Processed 327
13:50:57.254 - Current Subscribers: 
bid     | ((10i;`);(8i;`))
quote   | ((10i;`);(8i;`))
statsTab| ,(8i;`)

13:50:58.254 - Records Processed 327
13:50:58.254 - Current Subscribers: 
bid     | ((10i;`);(8i;`))
quote   | ((10i;`);(8i;`))
statsTab| ,(8i;`)

13:50:59.254 - Records Processed 327
13:50:59.255 - Current Subscribers: 
bid     | ((10i;`);(8i;`))
quote   | ((10i;`);(8i;`))
statsTab| ,(8i;`)

13:51:00.256 - Records Processed 327
13:51:00.256 - Current Subscribers: 
bid     | ((10i;`);(8i;`))
quote   | ((10i;`);(8i;`))
statsTab| ,(8i;`)

13:51:01.253 - Records Processed 327
13:51:01.254 - Current Subscribers: 
bid     | ((10i;`);(8i;`))
quote   | ((10i;`);(8i;`))
statsTab| ,(8i;`)

13:51:02.253 - Records Processed 327
13:51:02.254 - Current Subscribers: 
bid     | ((10i;`);(8i;`))
quote   | ((10i;`);(8i;`))
statsTab| ,(8i;`)

13:51:03.254 - Records Processed 327
13:51:03.254 - Current Subscribers: 
bid     | ((10i;`);(8i;`))
quote   | ((10i;`);(8i;`))
statsTab| ,(8i;`)

13:51:04.254 - Records Processed 327
13:51:04.254 - Current Subscribers: 
bid     | ((10i;`);(8i;`))
quote   | ((10i;`);(8i;`))
statsTab| ,(8i;`)

13:51:05.254 - Records Processed 327
13:51:05.255 - Current Subscribers: 
bid     | ((10i;`);(8i;`))
quote   | ((10i;`);(8i;`))
statsTab| ,(8i;`)

13:51:06.254 - Records Processed 327
13:51:06.255 - Current Subscribers: 
bid     | ((10i;`);(8i;`))
quote   | ((10i;`);(8i;`))
statsTab| ,(8i;`)

13:51:07.254 - Records Processed 327
13:51:07.254 - Current Subscribers: 
bid     | ((10i;`);(8i;`))
quote   | ((10i;`);(8i;`))
statsTab| ,(8i;`)

13:51:08.254 - Records Processed 327
13:51:08.254 - Current Subscribers: 
bid     | ((10i;`);(8i;`))
quote   | ((10i;`);(8i;`))
statsTab| ,(8i;`)

13:51:09.254 - Records Processed 327
13:51:09.254 - Current Subscribers: 
bid     | ((10i;`);(8i;`))
quote   | ((10i;`);(8i;`))
statsTab| ,(8i;`)

13:51:10.254 - Records Processed 327
13:51:10.254 - Current Subscribers: 
bid     | ((10i;`);(8i;`))
quote   | ((10i;`);(8i;`))
statsTab| ,(8i;`)

13:51:11.254 - Records Processed 327
13:51:11.254 - Current Subscribers: 
bid     | ((10i;`);(8i;`))
quote   | ((10i;`);(8i;`))
statsTab| ,(8i;`)

13:51:12.254 - Records Processed 327
13:51:12.255 - Current Subscribers: 
bid     | ((10i;`);(8i;`))
quote   | ((10i;`);(8i;`))
statsTab| ,(8i;`)

13:51:13.254 - Records Processed 327
13:51:13.254 - Current Subscribers: 
bid     | ((10i;`);(8i;`))
quote   | ((10i;`);(8i;`))
statsTab| ,(8i;`)

13:51:14.254 - Records Processed 327
13:51:14.255 - Current Subscribers: 
bid     | ((10i;`);(8i;`))
quote   | ((10i;`);(8i;`))
statsTab| ,(8i;`)

13:51:15.254 - Records Processed 327
13:51:15.254 - Current Subscribers: 
bid     | ((10i;`);(8i;`))
quote   | ((10i;`);(8i;`))
statsTab| ,(8i;`)

13:51:16.254 - Records Processed 327
13:51:16.255 - Current Subscribers: 
bid     | ((10i;`);(8i;`))
quote   | ((10i;`);(8i;`))
statsTab| ,(8i;`)

13:51:17.254 - Records Processed 327
13:51:17.254 - Current Subscribers: 
bid     | ((10i;`);(8i;`))
quote   | ((10i;`);(8i;`))
statsTab| ,(8i;`)

13:51:18.254 - Records Processed 327
13:51:18.255 - Current Subscribers: 
bid     | ((10i;`);(8i;`))
quote   | ((10i;`);(8i;`))
statsTab| ,(8i;`)

13:51:19.254 - Records Processed 327
13:51:19.255 - Current Subscribers: 
bid     | ((10i;`);(8i;`))
quote   | ((10i;`);(8i;`))
statsTab| ,(8i;`)

13:51:20.254 - Records Processed 327
13:51:20.255 - Current Subscribers: 
bid     | ((10i;`);(8i;`))
quote   | ((10i;`);(8i;`))
statsTab| ,(8i;`)

13:51:21.254 - Records Processed 327
13:51:21.255 - Current Subscribers: 
bid     | ((10i;`);(8i;`))
quote   | ((10i;`);(8i;`))
statsTab| ,(8i;`)

13:51:22.254 - Records Processed 327
13:51:22.255 - Current Subscribers: 
bid     | ((10i;`);(8i;`))
quote   | ((10i;`);(8i;`))
statsTab| ,(8i;`)

13:51:23.254 - Records Processed 327
13:51:23.254 - Current Subscribers: 
bid     | ((10i;`);(8i;`))
quote   | ((10i;`);(8i;`))
statsTab| ,(8i;`)

13:51:24.253 - Records Processed 327
13:51:24.254 - Current Subscribers: 
bid     | ((10i;`);(8i;`))
quote   | ((10i;`);(8i;`))
statsTab| ,(8i;`)

13:51:25.254 - Records Processed 327
13:51:25.255 - Current Subscribers: 
bid     | ((10i;`);(8i;`))
quote   | ((10i;`);(8i;`))
statsTab| ,(8i;`)

13:51:26.255 - Records Processed 327
13:51:26.255 - Current Subscribers: 
bid     | ((10i;`);(8i;`))
quote   | ((10i;`);(8i;`))
statsTab| ,(8i;`)

13:51:27.254 - Records Processed 327
13:51:27.254 - Current Subscribers: 
bid     | ((10i;`);(8i;`))
quote   | ((10i;`);(8i;`))
statsTab| ,(8i;`)

13:51:28.254 - Records Processed 327
13:51:28.254 - Current Subscribers: 
bid     | ((10i;`);(8i;`))
quote   | ((10i;`);(8i;`))
statsTab| ,(8i;`)

13:51:29.254 - Records Processed 327
13:51:29.254 - Current Subscribers: 
bid     | ((10i;`);(8i;`))
quote   | ((10i;`);(8i;`))
statsTab| ,(8i;`)

13:51:30.254 - Records Processed 327
13:51:30.255 - Current Subscribers: 
bid     | ((10i;`);(8i;`))
quote   | ((10i;`);(8i;`))
statsTab| ,(8i;`)

13:51:31.254 - Records Processed 327
13:51:31.254 - Current Subscribers: 
bid     | ((10i;`);(8i;`))
quote   | ((10i;`);(8i;`))
statsTab| ,(8i;`)

13:51:32.254 - Records Processed 327
13:51:32.255 - Current Subscribers: 
bid     | ((10i;`);(8i;`))
quote   | ((10i;`);(8i;`))
statsTab| ,(8i;`)

13:51:33.254 - Records Processed 327
13:51:33.255 - Current Subscribers: 
bid     | ((10i;`);(8i;`))
quote   | ((10i;`);(8i;`))
statsTab| ,(8i;`)

13:51:34.209 - Records Processed 327
13:51:34.209 - Current Subscribers: 
bid     | ((10i;`);(8i;`))
quote   | ((10i;`);(8i;`))
statsTab| ,(8i;`)

13:51:35.211 - Records Processed 329
13:51:35.212 - Current Subscribers: 
bid     | ((10i;`);(8i;`))
quote   | ((10i;`);(8i;`))
statsTab| ,(8i;`)

13:51:36.211 - Records Processed 331
13:51:36.211 - Current Subscribers: 
bid     | ((10i;`);(8i;`))
quote   | ((10i;`);(8i;`))
statsTab| ,(8i;`)

13:51:37.210 - Records Processed 333
13:51:37.211 - Current Subscribers: 
bid     | ((10i;`);(8i;`))
quote   | ((10i;`);(8i;`))
statsTab| ,(8i;`)

13:51:38.211 - Records Processed 335
13:51:38.211 - Current Subscribers: 
bid     | 10i ` 8i  `
quote   | 10i ` 8i  `
statsTab| 8i  ` 11i `

13:51:39.211 - Records Processed 337
13:51:39.212 - Current Subscribers: 
bid     | 10i ` 8i  `
quote   | 10i ` 8i  `
statsTab| 8i  ` 11i `

13:51:40.211 - Records Processed 339
13:51:40.212 - Current Subscribers: 
bid     | 10i ` 8i  `
quote   | 10i ` 8i  `
statsTab| 8i  ` 11i `

13:51:41.210 - Records Processed 341
13:51:41.211 - Current Subscribers: 
bid     | ((10i;`);(8i;`);(12i;`))
quote   | ((10i;`);(8i;`);(12i;`))
statsTab| ((8i;`);(11i;`))

13:51:42.211 - Records Processed 344
13:51:42.212 - Current Subscribers: 
bid     | ((10i;`);(8i;`);(12i;`))
quote   | ((10i;`);(8i;`);(12i;`))
statsTab| ((8i;`);(11i;`))

13:51:43.212 - Records Processed 347
13:51:43.212 - Current Subscribers: 
bid     | ((10i;`);(8i;`);(12i;`))
quote   | ((10i;`);(8i;`);(12i;`))
statsTab| ((8i;`);(11i;`))

13:51:44.211 - Records Processed 350
13:51:44.211 - Current Subscribers: 
bid     | ((10i;`);(8i;`);(12i;`))
quote   | ((10i;`);(8i;`);(12i;`))
statsTab| ((8i;`);(11i;`))

13:51:45.211 - Records Processed 353
13:51:45.211 - Current Subscribers: 
bid     | ((10i;`);(8i;`);(12i;`))
quote   | ((10i;`);(8i;`);(12i;`))
statsTab| ((8i;`);(11i;`))

13:51:46.211 - Records Processed 356
13:51:46.212 - Current Subscribers: 
bid     | ((10i;`);(8i;`);(12i;`))
quote   | ((10i;`);(8i;`);(12i;`))
statsTab| ((8i;`);(11i;`))

13:51:47.211 - Records Processed 359
13:51:47.212 - Current Subscribers: 
bid     | ((10i;`);(8i;`);(12i;`))
quote   | ((10i;`);(8i;`);(12i;`))
statsTab| ((8i;`);(11i;`))

13:51:48.210 - Records Processed 362
13:51:48.211 - Current Subscribers: 
bid     | ((10i;`);(8i;`);(12i;`))
quote   | ((10i;`);(8i;`);(12i;`))
statsTab| ((8i;`);(11i;`))

13:51:49.211 - Records Processed 365
13:51:49.212 - Current Subscribers: 
bid     | 10i ` 8i  `
quote   | 10i ` 8i  `
statsTab| 8i  ` 11i `

13:51:50.211 - Records Processed 367
13:51:50.211 - Current Subscribers: 
bid     | ((10i;`);(8i;`))
quote   | ((10i;`);(8i;`))
statsTab| ,(8i;`)

13:51:51.253 - Records Processed 369
13:51:51.254 - Current Subscribers: 
bid     | ((10i;`);(8i;`))
quote   | ((10i;`);(8i;`))
statsTab| ,(8i;`)

13:51:52.253 - Records Processed 369
13:51:52.255 - Current Subscribers: 
bid     | ((10i;`);(8i;`))
quote   | ((10i;`);(8i;`))
statsTab| ,(8i;`)

13:51:53.255 - Records Processed 369
13:51:53.256 - Current Subscribers: 
bid     | ((10i;`);(8i;`))
quote   | ((10i;`);(8i;`))
statsTab| ,(8i;`)

13:51:54.255 - Records Processed 369
13:51:54.256 - Current Subscribers: 
bid     | ((10i;`);(8i;`))
quote   | ((10i;`);(8i;`))
statsTab| ,(8i;`)

13:51:55.254 - Records Processed 369
13:51:55.254 - Current Subscribers: 
bid     | ((10i;`);(8i;`))
quote   | ((10i;`);(8i;`))
statsTab| ,(8i;`)

13:51:56.254 - Records Processed 369
13:51:56.254 - Current Subscribers: 
bid     | ((10i;`);(8i;`))
quote   | ((10i;`);(8i;`))
statsTab| ,(8i;`)

13:51:57.255 - Records Processed 369
13:51:57.256 - Current Subscribers: 
bid     | ((10i;`);(8i;`))
quote   | ((10i;`);(8i;`))
statsTab| ,(8i;`)

13:51:58.255 - Records Processed 369
13:51:58.256 - Current Subscribers: 
bid     | ((10i;`);(8i;`))
quote   | ((10i;`);(8i;`))
statsTab| ,(8i;`)

13:51:59.254 - Records Processed 369
13:51:59.254 - Current Subscribers: 
bid     | ((10i;`);(8i;`))
quote   | ((10i;`);(8i;`))
statsTab| ,(8i;`)

13:52:00.254 - Records Processed 369
13:52:00.254 - Current Subscribers: 
bid     | ((10i;`);(8i;`))
quote   | ((10i;`);(8i;`))
statsTab| ,(8i;`)

13:52:01.254 - Records Processed 369
13:52:01.254 - Current Subscribers: 
bid     | ((10i;`);(8i;`))
quote   | ((10i;`);(8i;`))
statsTab| ,(8i;`)

13:52:02.255 - Records Processed 369
13:52:02.256 - Current Subscribers: 
bid     | ((10i;`);(8i;`))
quote   | ((10i;`);(8i;`))
statsTab| ,(8i;`)

13:52:03.255 - Records Processed 369
13:52:03.255 - Current Subscribers: 
bid     | ((10i;`);(8i;`))
quote   | ((10i;`);(8i;`))
statsTab| ,(8i;`)

13:52:04.262 - Records Processed 369
13:52:04.263 - Current Subscribers: 
bid     | ((10i;`);(8i;`))
quote   | ((10i;`);(8i;`))
statsTab| ,(8i;`)

13:52:05.255 - Records Processed 369
13:52:05.255 - Current Subscribers: 
bid     | ((10i;`);(8i;`))
quote   | ((10i;`);(8i;`))
statsTab| ,(8i;`)

13:52:06.254 - Records Processed 369
13:52:06.254 - Current Subscribers: 
bid     | ((10i;`);(8i;`))
quote   | ((10i;`);(8i;`))
statsTab| ,(8i;`)

13:52:07.253 - Records Processed 371
13:52:07.254 - Current Subscribers: 
bid     | ((10i;`);(8i;`))
quote   | ((10i;`);(8i;`))
statsTab| ,(8i;`)

13:52:08.253 - Records Processed 373
13:52:08.253 - Current Subscribers: 
bid     | ((10i;`);(8i;`))
quote   | ((10i;`);(8i;`))
statsTab| ,(8i;`)

13:52:09.252 - Records Processed 375
13:52:09.253 - Current Subscribers: 
bid     | 10i ` 8i  `
quote   | 10i ` 8i  `
statsTab| 8i  ` 11i `

13:52:10.253 - Records Processed 377
13:52:10.254 - Current Subscribers: 
bid     | ((10i;`);(8i;`);(12i;`))
quote   | ((10i;`);(8i;`);(12i;`))
statsTab| ((8i;`);(11i;`))

13:52:11.252 - Records Processed 380
13:52:11.253 - Current Subscribers: 
bid     | ((10i;`);(8i;`);(12i;`))
quote   | ((10i;`);(8i;`);(12i;`))
statsTab| ((8i;`);(11i;`))

13:52:12.253 - Records Processed 383
13:52:12.253 - Current Subscribers: 
bid     | ((10i;`);(8i;`);(12i;`))
quote   | ((10i;`);(8i;`);(12i;`))
statsTab| ((8i;`);(11i;`))

13:52:13.253 - Records Processed 386
13:52:13.254 - Current Subscribers: 
bid     | ((10i;`);(8i;`);(12i;`))
quote   | ((10i;`);(8i;`);(12i;`))
statsTab| ((8i;`);(11i;`))

13:52:14.252 - Records Processed 389
13:52:14.253 - Current Subscribers: 
bid     | ((10i;`);(8i;`);(12i;`))
quote   | ((10i;`);(8i;`);(12i;`))
statsTab| ((8i;`);(11i;`))

13:52:15.253 - Records Processed 392
13:52:15.254 - Current Subscribers: 
bid     | ((10i;`);(8i;`);(12i;`))
quote   | ((10i;`);(8i;`);(12i;`))
statsTab| ((8i;`);(11i;`))

13:52:16.253 - Records Processed 395
13:52:16.253 - Current Subscribers: 
bid     | ((10i;`);(8i;`);(12i;`))
quote   | ((10i;`);(8i;`);(12i;`))
statsTab| ((8i;`);(11i;`))

13:52:17.252 - Records Processed 398
13:52:17.253 - Current Subscribers: 
bid     | ((10i;`);(8i;`);(12i;`))
quote   | ((10i;`);(8i;`);(12i;`))
statsTab| ((8i;`);(11i;`))

13:52:18.253 - Records Processed 401
13:52:18.254 - Current Subscribers: 
bid     | ((10i;`);(8i;`);(12i;`))
quote   | ((10i;`);(8i;`);(12i;`))
statsTab| ((8i;`);(11i;`))

13:52:19.257 - Records Processed 404
13:52:19.257 - Current Subscribers: 
bid     | ((10i;`);(8i;`);(12i;`))
quote   | ((10i;`);(8i;`);(12i;`))
statsTab| ((8i;`);(11i;`))

13:52:20.253 - Records Processed 407
13:52:20.253 - Current Subscribers: 
bid     | ((10i;`);(8i;`);(12i;`))
quote   | ((10i;`);(8i;`);(12i;`))
statsTab| ((8i;`);(11i;`))

13:52:21.252 - Records Processed 410
13:52:21.253 - Current Subscribers: 
bid     | ((10i;`);(8i;`);(12i;`))
quote   | ((10i;`);(8i;`);(12i;`))
statsTab| ((8i;`);(11i;`))

13:52:22.252 - Records Processed 413
13:52:22.253 - Current Subscribers: 
bid     | ((10i;`);(8i;`);(12i;`))
quote   | ((10i;`);(8i;`);(12i;`))
statsTab| ((8i;`);(11i;`))

13:52:23.253 - Records Processed 416
13:52:23.254 - Current Subscribers: 
bid     | ((10i;`);(8i;`);(12i;`))
quote   | ((10i;`);(8i;`);(12i;`))
statsTab| ((8i;`);(11i;`))

13:52:24.252 - Records Processed 419
13:52:24.253 - Current Subscribers: 
bid     | ((10i;`);(8i;`);(12i;`))
quote   | ((10i;`);(8i;`);(12i;`))
statsTab| ((8i;`);(11i;`))

