10:32:13.416 - Records Processed 377
10:32:13.417 - Current Subscribers: 
bid     | 
quote   | 
statsTab| 

10:32:14.418 - Records Processed 377
10:32:14.419 - Current Subscribers: 
bid     | 
quote   | 
statsTab| 

10:32:15.420 - Records Processed 377
10:32:15.421 - Current Subscribers: 
bid     | 
quote   | 
statsTab| 

10:32:16.420 - Records Processed 377
10:32:16.420 - Current Subscribers: 
bid     | 
quote   | 
statsTab| 

10:32:17.418 - Records Processed 378
10:32:17.418 - Current Subscribers: 
bid     | 
quote   | 
statsTab| 

10:32:18.418 - Records Processed 379
10:32:18.419 - Current Subscribers: 
bid     | 
quote   | 
statsTab| 

10:32:19.419 - Records Processed 380
10:32:19.419 - Current Subscribers: 
bid     | 
quote   | 
statsTab| 

10:32:20.199 - Records Processed 381
10:32:20.199 - Current Subscribers: 
bid     | ,(9i;`)
quote   | ,(9i;`)
statsTab| ()

