23:50:53.579 - Records Processed 0
23:50:53.579 - Current Subscribers: 
bid     | 
quote   | 
statsTab| 

23:50:54.580 - Records Processed 0
23:50:54.581 - Current Subscribers: 
bid     | ,(8i;`)
quote   | ,(8i;`)
statsTab| ()

23:50:55.580 - Records Processed 0
23:50:55.581 - Current Subscribers: 
bid     | ,(8i;`)
quote   | ,(8i;`)
statsTab| ()

23:50:56.582 - Records Processed 0
23:50:56.582 - Current Subscribers: 
bid     | ,(8i;`)
quote   | ,(8i;`)
statsTab| ()

23:50:57.589 - Records Processed 0
23:50:57.590 - Current Subscribers: 
bid     | ,(8i;`)
quote   | ,(8i;`)
statsTab| ()

23:50:58.580 - Records Processed 0
23:50:58.581 - Current Subscribers: 
bid     | ,(8i;`)
quote   | ,(8i;`)
statsTab| ()

23:50:59.580 - Records Processed 0
23:50:59.581 - Current Subscribers: 
bid     | ,(8i;`)
quote   | ,(8i;`)
statsTab| ()

23:51:00.581 - Records Processed 0
23:51:00.581 - Current Subscribers: 
bid     | ,(8i;`)
quote   | ,(8i;`)
statsTab| ()

23:51:01.580 - Records Processed 0
23:51:01.580 - Current Subscribers: 
bid     | ,(8i;`)
quote   | ,(8i;`)
statsTab| ()

23:51:02.580 - Records Processed 0
23:51:02.581 - Current Subscribers: 
bid     | ,(8i;`)
quote   | ,(8i;`)
statsTab| ()

23:51:03.580 - Records Processed 0
23:51:03.580 - Current Subscribers: 
bid     | ,(8i;`)
quote   | ,(8i;`)
statsTab| ()

23:51:04.580 - Records Processed 0
23:51:04.580 - Current Subscribers: 
bid     | ,(8i;`)
quote   | ,(8i;`)
statsTab| ()

23:51:05.581 - Records Processed 0
23:51:05.581 - Current Subscribers: 
bid     | ,(8i;`)
quote   | ,(8i;`)
statsTab| ()

23:51:06.580 - Records Processed 0
23:51:06.581 - Current Subscribers: 
bid     | ,(8i;`)
quote   | ,(8i;`)
statsTab| ()

23:51:07.580 - Records Processed 0
23:51:07.581 - Current Subscribers: 
bid     | ,(8i;`)
quote   | ,(8i;`)
statsTab| ()

23:51:08.580 - Records Processed 0
23:51:08.581 - Current Subscribers: 
bid     | ,(8i;`)
quote   | ,(8i;`)
statsTab| ()

23:51:09.580 - Records Processed 0
23:51:09.581 - Current Subscribers: 
bid     | ,(8i;`)
quote   | ,(8i;`)
statsTab| ()

23:51:10.581 - Records Processed 0
23:51:10.581 - Current Subscribers: 
bid     | ,(8i;`)
quote   | ,(8i;`)
statsTab| ()

23:51:11.580 - Records Processed 0
23:51:11.580 - Current Subscribers: 
bid     | ,(8i;`)
quote   | ,(8i;`)
statsTab| ()

23:51:12.580 - Records Processed 0
23:51:12.580 - Current Subscribers: 
bid     | ,(8i;`)
quote   | ,(8i;`)
statsTab| ()

23:51:13.580 - Records Processed 0
23:51:13.581 - Current Subscribers: 
bid     | ,(8i;`)
quote   | ,(8i;`)
statsTab| ()

23:51:14.580 - Records Processed 0
23:51:14.581 - Current Subscribers: 
bid     | ,(8i;`)
quote   | ,(8i;`)
statsTab| ()

23:51:15.581 - Records Processed 0
23:51:15.581 - Current Subscribers: 
bid     | ,(8i;`)
quote   | ,(8i;`)
statsTab| ()

23:51:16.581 - Records Processed 0
23:51:16.581 - Current Subscribers: 
bid     | ,(8i;`)
quote   | ,(8i;`)
statsTab| ()

23:51:17.581 - Records Processed 0
23:51:17.581 - Current Subscribers: 
bid     | ,(8i;`)
quote   | ,(8i;`)
statsTab| ()

23:51:18.580 - Records Processed 0
23:51:18.581 - Current Subscribers: 
bid     | ,(8i;`)
quote   | ,(8i;`)
statsTab| ()

23:51:19.580 - Records Processed 0
23:51:19.581 - Current Subscribers: 
bid     | ,(8i;`)
quote   | ,(8i;`)
statsTab| ()

23:51:20.581 - Records Processed 0
23:51:20.581 - Current Subscribers: 
bid     | ,(8i;`)
quote   | ,(8i;`)
statsTab| ()

23:51:21.580 - Records Processed 0
23:51:21.581 - Current Subscribers: 
bid     | ,(8i;`)
quote   | ,(8i;`)
statsTab| ()

23:51:22.580 - Records Processed 0
23:51:22.581 - Current Subscribers: 
bid     | ,(8i;`)
quote   | ,(8i;`)
statsTab| ()

23:51:23.580 - Records Processed 0
23:51:23.581 - Current Subscribers: 
bid     | ,(8i;`)
quote   | ,(8i;`)
statsTab| ()

23:51:24.580 - Records Processed 0
23:51:24.580 - Current Subscribers: 
bid     | ,(8i;`)
quote   | ,(8i;`)
statsTab| ()

23:51:25.580 - Records Processed 0
23:51:25.581 - Current Subscribers: 
bid     | ,(8i;`)
quote   | ,(8i;`)
statsTab| ()

23:51:26.581 - Records Processed 0
23:51:26.581 - Current Subscribers: 
bid     | ,(8i;`)
quote   | ,(8i;`)
statsTab| ()

23:51:27.581 - Records Processed 0
23:51:27.581 - Current Subscribers: 
bid     | ,(8i;`)
quote   | ,(8i;`)
statsTab| ()

23:51:28.581 - Records Processed 0
23:51:28.581 - Current Subscribers: 
bid     | ,(8i;`)
quote   | ,(8i;`)
statsTab| ()

23:51:29.580 - Records Processed 0
23:51:29.580 - Current Subscribers: 
bid     | ,(8i;`)
quote   | ,(8i;`)
statsTab| ()

23:51:30.580 - Records Processed 0
23:51:30.581 - Current Subscribers: 
bid     | ,(8i;`)
quote   | ,(8i;`)
statsTab| ()

23:51:31.580 - Records Processed 0
23:51:31.581 - Current Subscribers: 
bid     | ,(8i;`)
quote   | ,(8i;`)
statsTab| ()

23:51:32.580 - Records Processed 0
23:51:32.581 - Current Subscribers: 
bid     | ,(8i;`)
quote   | ,(8i;`)
statsTab| ()

23:51:33.580 - Records Processed 0
23:51:33.580 - Current Subscribers: 
bid     | ,(8i;`)
quote   | ,(8i;`)
statsTab| ()

23:51:34.581 - Records Processed 0
23:51:34.581 - Current Subscribers: 
bid     | ,(8i;`)
quote   | ,(8i;`)
statsTab| ()

23:51:35.580 - Records Processed 0
23:51:35.581 - Current Subscribers: 
bid     | ,(8i;`)
quote   | ,(8i;`)
statsTab| ()

23:51:36.580 - Records Processed 0
23:51:36.581 - Current Subscribers: 
bid     | ,(8i;`)
quote   | ,(8i;`)
statsTab| ()

23:51:37.580 - Records Processed 0
23:51:37.581 - Current Subscribers: 
bid     | ,(8i;`)
quote   | ,(8i;`)
statsTab| ()

23:51:38.581 - Records Processed 0
23:51:38.581 - Current Subscribers: 
bid     | ,(8i;`)
quote   | ,(8i;`)
statsTab| ()

23:51:39.580 - Records Processed 0
23:51:39.580 - Current Subscribers: 
bid     | ,(8i;`)
quote   | ,(8i;`)
statsTab| ()

23:51:40.580 - Records Processed 0
23:51:40.581 - Current Subscribers: 
bid     | ,(8i;`)
quote   | ,(8i;`)
statsTab| ()

23:51:41.581 - Records Processed 0
23:51:41.581 - Current Subscribers: 
bid     | ,(8i;`)
quote   | ,(8i;`)
statsTab| ()

23:51:42.580 - Records Processed 0
23:51:42.581 - Current Subscribers: 
bid     | ,(8i;`)
quote   | ,(8i;`)
statsTab| ()

23:51:43.581 - Records Processed 0
23:51:43.581 - Current Subscribers: 
bid     | ,(8i;`)
quote   | ,(8i;`)
statsTab| ()

23:51:44.580 - Records Processed 0
23:51:44.581 - Current Subscribers: 
bid     | ,(8i;`)
quote   | ,(8i;`)
statsTab| ()

23:51:45.580 - Records Processed 0
23:51:45.581 - Current Subscribers: 
bid     | ,(8i;`)
quote   | ,(8i;`)
statsTab| ()

23:51:46.580 - Records Processed 0
23:51:46.581 - Current Subscribers: 
bid     | ,(8i;`)
quote   | ,(8i;`)
statsTab| ()

23:51:47.580 - Records Processed 0
23:51:47.581 - Current Subscribers: 
bid     | ,(8i;`)
quote   | ,(8i;`)
statsTab| ()

23:51:48.581 - Records Processed 0
23:51:48.581 - Current Subscribers: 
bid     | ,(8i;`)
quote   | ,(8i;`)
statsTab| ()

23:51:49.581 - Records Processed 0
23:51:49.581 - Current Subscribers: 
bid     | ,(8i;`)
quote   | ,(8i;`)
statsTab| ()

23:51:50.581 - Records Processed 0
23:51:50.581 - Current Subscribers: 
bid     | ,(8i;`)
quote   | ,(8i;`)
statsTab| ()

23:51:51.581 - Records Processed 0
23:51:51.581 - Current Subscribers: 
bid     | ,(8i;`)
quote   | ,(8i;`)
statsTab| ()

23:51:52.581 - Records Processed 0
23:51:52.581 - Current Subscribers: 
bid     | ,(8i;`)
quote   | ,(8i;`)
statsTab| ()

23:51:53.581 - Records Processed 0
23:51:53.581 - Current Subscribers: 
bid     | ,(8i;`)
quote   | ,(8i;`)
statsTab| ()

23:51:54.580 - Records Processed 0
23:51:54.580 - Current Subscribers: 
bid     | ,(8i;`)
quote   | ,(8i;`)
statsTab| ()

23:51:55.581 - Records Processed 0
23:51:55.581 - Current Subscribers: 
bid     | ,(8i;`)
quote   | ,(8i;`)
statsTab| ()

23:51:56.580 - Records Processed 0
23:51:56.581 - Current Subscribers: 
bid     | ,(8i;`)
quote   | ,(8i;`)
statsTab| ()

23:51:57.580 - Records Processed 0
23:51:57.581 - Current Subscribers: 
bid     | ,(8i;`)
quote   | ,(8i;`)
statsTab| ()

23:51:58.581 - Records Processed 0
23:51:58.581 - Current Subscribers: 
bid     | ,(8i;`)
quote   | ,(8i;`)
statsTab| ()

23:51:59.580 - Records Processed 0
23:51:59.580 - Current Subscribers: 
bid     | ,(8i;`)
quote   | ,(8i;`)
statsTab| ()

23:52:00.580 - Records Processed 0
23:52:00.581 - Current Subscribers: 
bid     | ,(8i;`)
quote   | ,(8i;`)
statsTab| ()

23:52:01.581 - Records Processed 0
23:52:01.582 - Current Subscribers: 
bid     | ,(8i;`)
quote   | ,(8i;`)
statsTab| ()

23:52:02.581 - Records Processed 0
23:52:02.581 - Current Subscribers: 
bid     | ,(8i;`)
quote   | ,(8i;`)
statsTab| ()

23:52:03.580 - Records Processed 0
23:52:03.581 - Current Subscribers: 
bid     | ,(8i;`)
quote   | ,(8i;`)
statsTab| ()

23:52:04.581 - Records Processed 0
23:52:04.581 - Current Subscribers: 
bid     | ,(8i;`)
quote   | ,(8i;`)
statsTab| ()

23:52:05.580 - Records Processed 0
23:52:05.581 - Current Subscribers: 
bid     | ,(8i;`)
quote   | ,(8i;`)
statsTab| ()

23:52:06.590 - Records Processed 0
23:52:06.590 - Current Subscribers: 
bid     | ,(8i;`)
quote   | ,(8i;`)
statsTab| ()

23:52:07.580 - Records Processed 0
23:52:07.581 - Current Subscribers: 
bid     | ,(8i;`)
quote   | ,(8i;`)
statsTab| ()

23:52:08.581 - Records Processed 0
23:52:08.581 - Current Subscribers: 
bid     | ,(8i;`)
quote   | ,(8i;`)
statsTab| ()

23:52:09.580 - Records Processed 0
23:52:09.581 - Current Subscribers: 
bid     | ,(8i;`)
quote   | ,(8i;`)
statsTab| ()

23:52:10.580 - Records Processed 0
23:52:10.581 - Current Subscribers: 
bid     | ,(8i;`)
quote   | ,(8i;`)
statsTab| ()

23:52:11.580 - Records Processed 0
23:52:11.581 - Current Subscribers: 
bid     | ,(8i;`)
quote   | ,(8i;`)
statsTab| ()

23:52:12.580 - Records Processed 0
23:52:12.581 - Current Subscribers: 
bid     | ,(8i;`)
quote   | ,(8i;`)
statsTab| ()

23:52:13.580 - Records Processed 0
23:52:13.580 - Current Subscribers: 
bid     | ,(8i;`)
quote   | ,(8i;`)
statsTab| ()

23:52:14.581 - Records Processed 0
23:52:14.581 - Current Subscribers: 
bid     | ,(8i;`)
quote   | ,(8i;`)
statsTab| ()

23:52:15.580 - Records Processed 0
23:52:15.581 - Current Subscribers: 
bid     | ,(8i;`)
quote   | ,(8i;`)
statsTab| ()

23:52:16.581 - Records Processed 0
23:52:16.582 - Current Subscribers: 
bid     | ,(8i;`)
quote   | ,(8i;`)
statsTab| ()

23:52:17.580 - Records Processed 0
23:52:17.581 - Current Subscribers: 
bid     | ,(8i;`)
quote   | ,(8i;`)
statsTab| ()

23:52:18.580 - Records Processed 0
23:52:18.581 - Current Subscribers: 
bid     | ,(8i;`)
quote   | ,(8i;`)
statsTab| ()

23:52:19.580 - Records Processed 0
23:52:19.581 - Current Subscribers: 
bid     | ,(8i;`)
quote   | ,(8i;`)
statsTab| ()

23:52:20.581 - Records Processed 0
23:52:20.581 - Current Subscribers: 
bid     | ,(8i;`)
quote   | ,(8i;`)
statsTab| ()

23:52:21.580 - Records Processed 0
23:52:21.581 - Current Subscribers: 
bid     | ,(8i;`)
quote   | ,(8i;`)
statsTab| ()

23:52:22.581 - Records Processed 0
23:52:22.581 - Current Subscribers: 
bid     | ,(8i;`)
quote   | ,(8i;`)
statsTab| ()

23:52:23.581 - Records Processed 0
23:52:23.581 - Current Subscribers: 
bid     | ,(8i;`)
quote   | ,(8i;`)
statsTab| ()

23:52:24.580 - Records Processed 0
23:52:24.581 - Current Subscribers: 
bid     | ,(8i;`)
quote   | ,(8i;`)
statsTab| ()

23:52:25.581 - Records Processed 0
23:52:25.581 - Current Subscribers: 
bid     | ,(8i;`)
quote   | ,(8i;`)
statsTab| ()

23:52:26.581 - Records Processed 0
23:52:26.581 - Current Subscribers: 
bid     | ,(8i;`)
quote   | ,(8i;`)
statsTab| ()

23:52:27.580 - Records Processed 0
23:52:27.581 - Current Subscribers: 
bid     | ,(8i;`)
quote   | ,(8i;`)
statsTab| ()

23:52:28.581 - Records Processed 0
23:52:28.581 - Current Subscribers: 
bid     | ,(8i;`)
quote   | ,(8i;`)
statsTab| ()

23:52:29.581 - Records Processed 0
23:52:29.581 - Current Subscribers: 
bid     | ,(8i;`)
quote   | ,(8i;`)
statsTab| ()

23:52:30.581 - Records Processed 0
23:52:30.582 - Current Subscribers: 
bid     | ,(8i;`)
quote   | ,(8i;`)
statsTab| ()

23:52:31.580 - Records Processed 0
23:52:31.581 - Current Subscribers: 
bid     | ,(8i;`)
quote   | ,(8i;`)
statsTab| ()

23:52:32.581 - Records Processed 0
23:52:32.581 - Current Subscribers: 
bid     | ,(8i;`)
quote   | ,(8i;`)
statsTab| ()

23:52:33.581 - Records Processed 0
23:52:33.581 - Current Subscribers: 
bid     | ,(8i;`)
quote   | ,(8i;`)
statsTab| ()

23:52:34.580 - Records Processed 0
23:52:34.581 - Current Subscribers: 
bid     | ,(8i;`)
quote   | ,(8i;`)
statsTab| ()

23:52:35.581 - Records Processed 0
23:52:35.582 - Current Subscribers: 
bid     | ,(8i;`)
quote   | ,(8i;`)
statsTab| ()

23:52:36.581 - Records Processed 0
23:52:36.581 - Current Subscribers: 
bid     | ,(8i;`)
quote   | ,(8i;`)
statsTab| ()

23:52:37.581 - Records Processed 0
23:52:37.581 - Current Subscribers: 
bid     | ,(8i;`)
quote   | ,(8i;`)
statsTab| ()

23:52:38.580 - Records Processed 0
23:52:38.581 - Current Subscribers: 
bid     | ,(8i;`)
quote   | ,(8i;`)
statsTab| ()

23:52:39.581 - Records Processed 0
23:52:39.582 - Current Subscribers: 
bid     | ,(8i;`)
quote   | ,(8i;`)
statsTab| ()

23:52:40.580 - Records Processed 0
23:52:40.580 - Current Subscribers: 
bid     | ,(8i;`)
quote   | ,(8i;`)
statsTab| ()

23:52:41.581 - Records Processed 0
23:52:41.581 - Current Subscribers: 
bid     | ,(8i;`)
quote   | ,(8i;`)
statsTab| ()

23:52:42.581 - Records Processed 0
23:52:42.581 - Current Subscribers: 
bid     | ,(8i;`)
quote   | ,(8i;`)
statsTab| ()

23:52:43.580 - Records Processed 0
23:52:43.581 - Current Subscribers: 
bid     | ,(8i;`)
quote   | ,(8i;`)
statsTab| ()

23:52:44.580 - Records Processed 0
23:52:44.581 - Current Subscribers: 
bid     | ,(8i;`)
quote   | ,(8i;`)
statsTab| ()

23:52:45.580 - Records Processed 0
23:52:45.581 - Current Subscribers: 
bid     | ,(8i;`)
quote   | ,(8i;`)
statsTab| ()

23:52:46.580 - Records Processed 0
23:52:46.581 - Current Subscribers: 
bid     | ,(8i;`)
quote   | ,(8i;`)
statsTab| ()

23:52:47.580 - Records Processed 0
23:52:47.580 - Current Subscribers: 
bid     | ,(8i;`)
quote   | ,(8i;`)
statsTab| ()

23:52:48.580 - Records Processed 0
23:52:48.580 - Current Subscribers: 
bid     | ,(8i;`)
quote   | ,(8i;`)
statsTab| ()

23:52:49.581 - Records Processed 0
23:52:49.581 - Current Subscribers: 
bid     | ,(8i;`)
quote   | ,(8i;`)
statsTab| ()

23:52:50.580 - Records Processed 0
23:52:50.581 - Current Subscribers: 
bid     | ,(8i;`)
quote   | ,(8i;`)
statsTab| ()

23:52:51.580 - Records Processed 0
23:52:51.581 - Current Subscribers: 
bid     | ,(8i;`)
quote   | ,(8i;`)
statsTab| ()

23:52:52.580 - Records Processed 0
23:52:52.581 - Current Subscribers: 
bid     | ,(8i;`)
quote   | ,(8i;`)
statsTab| ()

23:52:53.581 - Records Processed 0
23:52:53.581 - Current Subscribers: 
bid     | ,(8i;`)
quote   | ,(8i;`)
statsTab| ()

23:52:54.581 - Records Processed 0
23:52:54.581 - Current Subscribers: 
bid     | ,(8i;`)
quote   | ,(8i;`)
statsTab| ()

23:52:55.581 - Records Processed 0
23:52:55.581 - Current Subscribers: 
bid     | ,(8i;`)
quote   | ,(8i;`)
statsTab| ()

23:52:56.581 - Records Processed 0
23:52:56.581 - Current Subscribers: 
bid     | ,(8i;`)
quote   | ,(8i;`)
statsTab| ()

23:52:57.580 - Records Processed 0
23:52:57.581 - Current Subscribers: 
bid     | ,(8i;`)
quote   | ,(8i;`)
statsTab| ()

23:52:58.580 - Records Processed 0
23:52:58.581 - Current Subscribers: 
bid     | ,(8i;`)
quote   | ,(8i;`)
statsTab| ()

23:52:59.581 - Records Processed 0
23:52:59.581 - Current Subscribers: 
bid     | ,(8i;`)
quote   | ,(8i;`)
statsTab| ()

23:53:00.580 - Records Processed 0
23:53:00.580 - Current Subscribers: 
bid     | ,(8i;`)
quote   | ,(8i;`)
statsTab| ()

23:53:01.580 - Records Processed 0
23:53:01.580 - Current Subscribers: 
bid     | ,(8i;`)
quote   | ,(8i;`)
statsTab| ()

23:53:02.581 - Records Processed 0
23:53:02.581 - Current Subscribers: 
bid     | ,(8i;`)
quote   | ,(8i;`)
statsTab| ()

23:53:03.580 - Records Processed 0
23:53:03.581 - Current Subscribers: 
bid     | ,(8i;`)
quote   | ,(8i;`)
statsTab| ()

23:53:04.580 - Records Processed 0
23:53:04.581 - Current Subscribers: 
bid     | ,(8i;`)
quote   | ,(8i;`)
statsTab| ()

23:53:05.581 - Records Processed 0
23:53:05.581 - Current Subscribers: 
bid     | ,(8i;`)
quote   | ,(8i;`)
statsTab| ()

23:53:06.581 - Records Processed 0
23:53:06.582 - Current Subscribers: 
bid     | ,(8i;`)
quote   | ,(8i;`)
statsTab| ()

23:53:07.582 - Records Processed 0
23:53:07.582 - Current Subscribers: 
bid     | ,(8i;`)
quote   | ,(8i;`)
statsTab| ()

23:53:08.581 - Records Processed 0
23:53:08.582 - Current Subscribers: 
bid     | ,(8i;`)
quote   | ,(8i;`)
statsTab| ()

23:53:09.582 - Records Processed 0
23:53:09.583 - Current Subscribers: 
bid     | ,(8i;`)
quote   | ,(8i;`)
statsTab| ()

23:53:10.582 - Records Processed 0
23:53:10.583 - Current Subscribers: 
bid     | ,(8i;`)
quote   | ,(8i;`)
statsTab| ()

23:53:11.581 - Records Processed 0
23:53:11.583 - Current Subscribers: 
bid     | ,(8i;`)
quote   | ,(8i;`)
statsTab| ()

23:53:12.582 - Records Processed 0
23:53:12.582 - Current Subscribers: 
bid     | ,(8i;`)
quote   | ,(8i;`)
statsTab| ()

23:53:13.580 - Records Processed 0
23:53:13.581 - Current Subscribers: 
bid     | ,(8i;`)
quote   | ,(8i;`)
statsTab| ()

23:53:14.580 - Records Processed 0
23:53:14.581 - Current Subscribers: 
bid     | ,(8i;`)
quote   | ,(8i;`)
statsTab| ()

