10:58:47.759 - Records Processed 422
10:58:47.759 - Current Subscribers: 
bid     | 
quote   | 
statsTab| 

10:58:48.761 - Records Processed 422
10:58:48.761 - Current Subscribers: 
bid     | 
quote   | 
statsTab| 

10:58:49.761 - Records Processed 422
10:58:49.761 - Current Subscribers: 
bid     | 
quote   | 
statsTab| 

10:58:50.761 - Records Processed 422
10:58:50.761 - Current Subscribers: 
bid     | 
quote   | 
statsTab| 

10:58:51.124 - Records Processed 422
10:58:51.124 - Current Subscribers: 
bid     | ,(8i;`)
quote   | ,(8i;`)
statsTab| ()

10:59:09.811 - Records Processed 422
10:59:09.812 - Current Subscribers: 
bid     | ,(8i;`)
quote   | ,(8i;`)
statsTab| ()

10:59:10.761 - Records Processed 422
10:59:10.761 - Current Subscribers: 
bid     | 
quote   | 
statsTab| 

10:59:11.761 - Records Processed 422
10:59:11.761 - Current Subscribers: 
bid     | 
quote   | 
statsTab| 

10:59:12.760 - Records Processed 422
10:59:12.761 - Current Subscribers: 
bid     | 
quote   | 
statsTab| 

10:59:13.761 - Records Processed 422
10:59:13.761 - Current Subscribers: 
bid     | 
quote   | 
statsTab| 

10:59:14.761 - Records Processed 422
10:59:14.762 - Current Subscribers: 
bid     | 
quote   | 
statsTab| 

10:59:15.761 - Records Processed 422
10:59:15.761 - Current Subscribers: 
bid     | 
quote   | 
statsTab| 

10:59:16.762 - Records Processed 422
10:59:16.762 - Current Subscribers: 
bid     | 
quote   | 
statsTab| 

10:59:17.761 - Records Processed 422
10:59:17.761 - Current Subscribers: 
bid     | 
quote   | 
statsTab| 

10:59:18.761 - Records Processed 422
10:59:18.761 - Current Subscribers: 
bid     | 
quote   | 
statsTab| 

10:59:19.761 - Records Processed 422
10:59:19.761 - Current Subscribers: 
bid     | 
quote   | 
statsTab| 

10:59:20.762 - Records Processed 422
10:59:20.763 - Current Subscribers: 
bid     | 
quote   | 
statsTab| 

10:59:21.762 - Records Processed 422
10:59:21.762 - Current Subscribers: 
bid     | 
quote   | 
statsTab| 

10:59:22.762 - Records Processed 422
10:59:22.762 - Current Subscribers: 
bid     | 
quote   | 
statsTab| 

10:59:23.762 - Records Processed 422
10:59:23.763 - Current Subscribers: 
bid     | 
quote   | 
statsTab| 

10:59:24.762 - Records Processed 422
10:59:24.762 - Current Subscribers: 
bid     | 
quote   | 
statsTab| 

10:59:25.761 - Records Processed 422
10:59:25.761 - Current Subscribers: 
bid     | 
quote   | 
statsTab| 

10:59:26.761 - Records Processed 422
10:59:26.761 - Current Subscribers: 
bid     | 
quote   | 
statsTab| 

10:59:27.761 - Records Processed 422
10:59:27.762 - Current Subscribers: 
bid     | 
quote   | 
statsTab| 

10:59:28.761 - Records Processed 422
10:59:28.761 - Current Subscribers: 
bid     | 
quote   | 
statsTab| 

10:59:29.762 - Records Processed 422
10:59:29.762 - Current Subscribers: 
bid     | 
quote   | 
statsTab| 

10:59:30.762 - Records Processed 422
10:59:30.762 - Current Subscribers: 
bid     | 
quote   | 
statsTab| 

10:59:31.762 - Records Processed 422
10:59:31.762 - Current Subscribers: 
bid     | 
quote   | 
statsTab| 

10:59:32.761 - Records Processed 422
10:59:32.761 - Current Subscribers: 
bid     | 
quote   | 
statsTab| 

10:59:33.762 - Records Processed 422
10:59:33.762 - Current Subscribers: 
bid     | 
quote   | 
statsTab| 

10:59:34.761 - Records Processed 422
10:59:34.761 - Current Subscribers: 
bid     | 
quote   | 
statsTab| 

10:59:35.762 - Records Processed 422
10:59:35.762 - Current Subscribers: 
bid     | 
quote   | 
statsTab| 

10:59:36.762 - Records Processed 422
10:59:36.762 - Current Subscribers: 
bid     | 
quote   | 
statsTab| 

10:59:37.761 - Records Processed 422
10:59:37.762 - Current Subscribers: 
bid     | 
quote   | 
statsTab| 

10:59:38.762 - Records Processed 422
10:59:38.762 - Current Subscribers: 
bid     | 
quote   | 
statsTab| 

10:59:39.760 - Records Processed 422
10:59:39.760 - Current Subscribers: 
bid     | 
quote   | 
statsTab| 

10:59:40.762 - Records Processed 422
10:59:40.762 - Current Subscribers: 
bid     | ,(8i;`)
quote   | ,(8i;`)
statsTab| ()

10:59:41.762 - Records Processed 422
10:59:41.762 - Current Subscribers: 
bid     | ,(8i;`)
quote   | ,(8i;`)
statsTab| ()

10:59:42.761 - Records Processed 422
10:59:42.762 - Current Subscribers: 
bid     | ,(8i;`)
quote   | ,(8i;`)
statsTab| ()

10:59:43.761 - Records Processed 422
10:59:43.762 - Current Subscribers: 
bid     | ,(8i;`)
quote   | ,(8i;`)
statsTab| ()

10:59:44.762 - Records Processed 422
10:59:44.762 - Current Subscribers: 
bid     | ,(8i;`)
quote   | ,(8i;`)
statsTab| ()

10:59:45.762 - Records Processed 422
10:59:45.762 - Current Subscribers: 
bid     | ,(8i;`)
quote   | ,(8i;`)
statsTab| ()

10:59:46.727 - Records Processed 422
10:59:46.727 - Current Subscribers: 
bid     | ,(8i;`)
quote   | ,(8i;`)
statsTab| ()

11:00:38.335 - Records Processed 423
11:00:38.335 - Current Subscribers: 
bid     | ,(8i;`)
quote   | ,(8i;`)
statsTab| ()

11:00:39.761 - Records Processed 444
11:00:39.762 - Current Subscribers: 
bid     | 
quote   | 
statsTab| 

11:00:40.761 - Records Processed 444
11:00:40.761 - Current Subscribers: 
bid     | 
quote   | 
statsTab| 

11:00:41.762 - Records Processed 444
11:00:41.762 - Current Subscribers: 
bid     | 
quote   | 
statsTab| 

11:00:42.760 - Records Processed 444
11:00:42.760 - Current Subscribers: 
bid     | 
quote   | 
statsTab| 

11:00:43.761 - Records Processed 444
11:00:43.762 - Current Subscribers: 
bid     | 
quote   | 
statsTab| 

11:00:44.762 - Records Processed 444
11:00:44.762 - Current Subscribers: 
bid     | 
quote   | 
statsTab| 

11:00:45.761 - Records Processed 444
11:00:45.762 - Current Subscribers: 
bid     | 
quote   | 
statsTab| 

11:00:46.762 - Records Processed 444
11:00:46.762 - Current Subscribers: 
bid     | 
quote   | 
statsTab| 

11:00:47.761 - Records Processed 444
11:00:47.761 - Current Subscribers: 
bid     | 
quote   | 
statsTab| 

11:00:48.761 - Records Processed 444
11:00:48.761 - Current Subscribers: 
bid     | 
quote   | 
statsTab| 

11:00:49.762 - Records Processed 444
11:00:49.762 - Current Subscribers: 
bid     | 
quote   | 
statsTab| 

11:00:50.761 - Records Processed 444
11:00:50.761 - Current Subscribers: 
bid     | 
quote   | 
statsTab| 

11:00:51.761 - Records Processed 444
11:00:51.761 - Current Subscribers: 
bid     | 
quote   | 
statsTab| 

11:00:52.761 - Records Processed 444
11:00:52.762 - Current Subscribers: 
bid     | 
quote   | 
statsTab| 

11:00:53.762 - Records Processed 444
11:00:53.762 - Current Subscribers: 
bid     | 
quote   | 
statsTab| 

11:00:54.763 - Records Processed 444
11:00:54.763 - Current Subscribers: 
bid     | 
quote   | 
statsTab| 

11:00:55.762 - Records Processed 444
11:00:55.762 - Current Subscribers: 
bid     | 
quote   | 
statsTab| 

11:00:56.762 - Records Processed 444
11:00:56.762 - Current Subscribers: 
bid     | 
quote   | 
statsTab| 

11:00:57.761 - Records Processed 444
11:00:57.762 - Current Subscribers: 
bid     | 
quote   | 
statsTab| 

11:00:58.761 - Records Processed 444
11:00:58.761 - Current Subscribers: 
bid     | 
quote   | 
statsTab| 

11:00:59.761 - Records Processed 444
11:00:59.761 - Current Subscribers: 
bid     | 
quote   | 
statsTab| 

11:01:00.761 - Records Processed 444
11:01:00.761 - Current Subscribers: 
bid     | 
quote   | 
statsTab| 

11:01:01.762 - Records Processed 444
11:01:01.762 - Current Subscribers: 
bid     | 
quote   | 
statsTab| 

11:01:02.761 - Records Processed 444
11:01:02.762 - Current Subscribers: 
bid     | 
quote   | 
statsTab| 

11:01:03.762 - Records Processed 444
11:01:03.763 - Current Subscribers: 
bid     | 
quote   | 
statsTab| 

11:01:04.762 - Records Processed 444
11:01:04.763 - Current Subscribers: 
bid     | 
quote   | 
statsTab| 

11:01:05.762 - Records Processed 444
11:01:05.762 - Current Subscribers: 
bid     | 
quote   | 
statsTab| 

11:01:06.761 - Records Processed 444
11:01:06.761 - Current Subscribers: 
bid     | 
quote   | 
statsTab| 

11:01:07.762 - Records Processed 444
11:01:07.762 - Current Subscribers: 
bid     | 
quote   | 
statsTab| 

11:01:08.761 - Records Processed 444
11:01:08.761 - Current Subscribers: 
bid     | 
quote   | 
statsTab| 

11:01:09.761 - Records Processed 444
11:01:09.761 - Current Subscribers: 
bid     | 
quote   | 
statsTab| 

11:01:10.762 - Records Processed 444
11:01:10.762 - Current Subscribers: 
bid     | 
quote   | 
statsTab| 

11:01:11.760 - Records Processed 444
11:01:11.761 - Current Subscribers: 
bid     | 
quote   | 
statsTab| 

11:01:12.761 - Records Processed 444
11:01:12.761 - Current Subscribers: 
bid     | 
quote   | 
statsTab| 

11:01:13.761 - Records Processed 444
11:01:13.762 - Current Subscribers: 
bid     | 
quote   | 
statsTab| 

11:01:14.763 - Records Processed 444
11:01:14.763 - Current Subscribers: 
bid     | 
quote   | 
statsTab| 

11:01:15.761 - Records Processed 444
11:01:15.762 - Current Subscribers: 
bid     | ,(8i;`)
quote   | ,(8i;`)
statsTab| ()

11:01:16.762 - Records Processed 444
11:01:16.762 - Current Subscribers: 
bid     | ,(8i;`)
quote   | ,(8i;`)
statsTab| ()

11:01:17.762 - Records Processed 444
11:01:17.762 - Current Subscribers: 
bid     | ,(8i;`)
quote   | ,(8i;`)
statsTab| ()

11:02:20.347 - Records Processed 445
11:02:20.347 - Current Subscribers: 
bid     | ,(8i;`)
quote   | ,(8i;`)
statsTab| ()

11:02:21.761 - Records Processed 503
11:02:21.761 - Current Subscribers: 
bid     | 
quote   | 
statsTab| 

11:02:22.760 - Records Processed 503
11:02:22.760 - Current Subscribers: 
bid     | 
quote   | 
statsTab| 

11:02:23.762 - Records Processed 503
11:02:23.762 - Current Subscribers: 
bid     | 
quote   | 
statsTab| 

11:02:24.761 - Records Processed 503
11:02:24.761 - Current Subscribers: 
bid     | 
quote   | 
statsTab| 

11:02:25.761 - Records Processed 503
11:02:25.761 - Current Subscribers: 
bid     | 
quote   | 
statsTab| 

11:02:26.761 - Records Processed 503
11:02:26.761 - Current Subscribers: 
bid     | 
quote   | 
statsTab| 

11:02:27.762 - Records Processed 503
11:02:27.762 - Current Subscribers: 
bid     | 
quote   | 
statsTab| 

11:02:28.762 - Records Processed 503
11:02:28.762 - Current Subscribers: 
bid     | 
quote   | 
statsTab| 

11:02:29.761 - Records Processed 503
11:02:29.761 - Current Subscribers: 
bid     | 
quote   | 
statsTab| 

11:02:30.761 - Records Processed 503
11:02:30.762 - Current Subscribers: 
bid     | 
quote   | 
statsTab| 

11:02:31.761 - Records Processed 503
11:02:31.762 - Current Subscribers: 
bid     | 
quote   | 
statsTab| 

11:02:32.761 - Records Processed 503
11:02:32.762 - Current Subscribers: 
bid     | 
quote   | 
statsTab| 

11:02:33.761 - Records Processed 503
11:02:33.761 - Current Subscribers: 
bid     | 
quote   | 
statsTab| 

11:02:34.760 - Records Processed 503
11:02:34.760 - Current Subscribers: 
bid     | 
quote   | 
statsTab| 

11:02:35.762 - Records Processed 503
11:02:35.762 - Current Subscribers: 
bid     | 
quote   | 
statsTab| 

11:02:36.761 - Records Processed 503
11:02:36.761 - Current Subscribers: 
bid     | 
quote   | 
statsTab| 

11:02:37.762 - Records Processed 503
11:02:37.762 - Current Subscribers: 
bid     | 
quote   | 
statsTab| 

11:02:38.761 - Records Processed 503
11:02:38.761 - Current Subscribers: 
bid     | 
quote   | 
statsTab| 

11:02:39.762 - Records Processed 503
11:02:39.762 - Current Subscribers: 
bid     | 
quote   | 
statsTab| 

11:02:40.761 - Records Processed 503
11:02:40.761 - Current Subscribers: 
bid     | 
quote   | 
statsTab| 

11:02:41.761 - Records Processed 503
11:02:41.762 - Current Subscribers: 
bid     | 
quote   | 
statsTab| 

11:02:42.762 - Records Processed 503
11:02:42.763 - Current Subscribers: 
bid     | 
quote   | 
statsTab| 

11:02:43.761 - Records Processed 503
11:02:43.762 - Current Subscribers: 
bid     | 
quote   | 
statsTab| 

11:02:44.761 - Records Processed 503
11:02:44.762 - Current Subscribers: 
bid     | 
quote   | 
statsTab| 

11:02:45.762 - Records Processed 503
11:02:45.762 - Current Subscribers: 
bid     | 
quote   | 
statsTab| 

11:02:46.762 - Records Processed 503
11:02:46.762 - Current Subscribers: 
bid     | 
quote   | 
statsTab| 

11:02:47.762 - Records Processed 503
11:02:47.762 - Current Subscribers: 
bid     | 
quote   | 
statsTab| 

11:02:48.762 - Records Processed 503
11:02:48.762 - Current Subscribers: 
bid     | 
quote   | 
statsTab| 

11:02:49.761 - Records Processed 503
11:02:49.761 - Current Subscribers: 
bid     | 
quote   | 
statsTab| 

11:02:50.761 - Records Processed 503
11:02:50.761 - Current Subscribers: 
bid     | 
quote   | 
statsTab| 

11:02:51.762 - Records Processed 503
11:02:51.762 - Current Subscribers: 
bid     | 
quote   | 
statsTab| 

11:02:52.761 - Records Processed 503
11:02:52.762 - Current Subscribers: 
bid     | 
quote   | 
statsTab| 

11:02:53.765 - Records Processed 503
11:02:53.765 - Current Subscribers: 
bid     | 
quote   | 
statsTab| 

11:02:54.761 - Records Processed 503
11:02:54.762 - Current Subscribers: 
bid     | 
quote   | 
statsTab| 

11:02:55.761 - Records Processed 503
11:02:55.762 - Current Subscribers: 
bid     | 
quote   | 
statsTab| 

11:02:56.761 - Records Processed 503
11:02:56.761 - Current Subscribers: 
bid     | 
quote   | 
statsTab| 

11:02:57.761 - Records Processed 503
11:02:57.761 - Current Subscribers: 
bid     | 
quote   | 
statsTab| 

11:02:58.762 - Records Processed 503
11:02:58.762 - Current Subscribers: 
bid     | 
quote   | 
statsTab| 

11:02:59.762 - Records Processed 503
11:02:59.762 - Current Subscribers: 
bid     | 
quote   | 
statsTab| 

11:03:00.761 - Records Processed 503
11:03:00.762 - Current Subscribers: 
bid     | 
quote   | 
statsTab| 

11:03:01.761 - Records Processed 503
11:03:01.762 - Current Subscribers: 
bid     | 
quote   | 
statsTab| 

11:03:02.762 - Records Processed 503
11:03:02.762 - Current Subscribers: 
bid     | 
quote   | 
statsTab| 

11:03:03.763 - Records Processed 503
11:03:03.763 - Current Subscribers: 
bid     | 
quote   | 
statsTab| 

11:03:04.761 - Records Processed 503
11:03:04.761 - Current Subscribers: 
bid     | 
quote   | 
statsTab| 

11:03:05.761 - Records Processed 503
11:03:05.761 - Current Subscribers: 
bid     | 
quote   | 
statsTab| 

11:03:06.762 - Records Processed 503
11:03:06.762 - Current Subscribers: 
bid     | 
quote   | 
statsTab| 

11:03:07.761 - Records Processed 503
11:03:07.761 - Current Subscribers: 
bid     | 
quote   | 
statsTab| 

11:03:08.761 - Records Processed 503
11:03:08.762 - Current Subscribers: 
bid     | 
quote   | 
statsTab| 

11:03:09.762 - Records Processed 503
11:03:09.762 - Current Subscribers: 
bid     | 
quote   | 
statsTab| 

11:03:10.763 - Records Processed 503
11:03:10.763 - Current Subscribers: 
bid     | 
quote   | 
statsTab| 

11:03:11.762 - Records Processed 503
11:03:11.763 - Current Subscribers: 
bid     | 
quote   | 
statsTab| 

11:03:12.762 - Records Processed 503
11:03:12.762 - Current Subscribers: 
bid     | 
quote   | 
statsTab| 

11:03:13.761 - Records Processed 503
11:03:13.761 - Current Subscribers: 
bid     | 
quote   | 
statsTab| 

11:03:14.762 - Records Processed 503
11:03:14.762 - Current Subscribers: 
bid     | 
quote   | 
statsTab| 

11:03:15.760 - Records Processed 503
11:03:15.760 - Current Subscribers: 
bid     | 
quote   | 
statsTab| 

11:03:16.761 - Records Processed 503
11:03:16.761 - Current Subscribers: 
bid     | 
quote   | 
statsTab| 

11:03:17.761 - Records Processed 503
11:03:17.761 - Current Subscribers: 
bid     | 
quote   | 
statsTab| 

11:03:18.762 - Records Processed 503
11:03:18.762 - Current Subscribers: 
bid     | 
quote   | 
statsTab| 

11:03:19.763 - Records Processed 503
11:03:19.763 - Current Subscribers: 
bid     | 
quote   | 
statsTab| 

11:03:20.762 - Records Processed 503
11:03:20.762 - Current Subscribers: 
bid     | 
quote   | 
statsTab| 

11:03:21.762 - Records Processed 503
11:03:21.762 - Current Subscribers: 
bid     | 
quote   | 
statsTab| 

11:03:22.762 - Records Processed 503
11:03:22.762 - Current Subscribers: 
bid     | 
quote   | 
statsTab| 

11:03:23.761 - Records Processed 503
11:03:23.761 - Current Subscribers: 
bid     | 
quote   | 
statsTab| 

11:03:24.762 - Records Processed 503
11:03:24.763 - Current Subscribers: 
bid     | 
quote   | 
statsTab| 

11:03:25.762 - Records Processed 503
11:03:25.762 - Current Subscribers: 
bid     | 
quote   | 
statsTab| 

11:03:26.761 - Records Processed 503
11:03:26.761 - Current Subscribers: 
bid     | 
quote   | 
statsTab| 

11:03:27.761 - Records Processed 503
11:03:27.761 - Current Subscribers: 
bid     | 
quote   | 
statsTab| 

11:03:28.762 - Records Processed 503
11:03:28.762 - Current Subscribers: 
bid     | 
quote   | 
statsTab| 

11:03:29.761 - Records Processed 503
11:03:29.761 - Current Subscribers: 
bid     | 
quote   | 
statsTab| 

11:03:30.761 - Records Processed 503
11:03:30.762 - Current Subscribers: 
bid     | 
quote   | 
statsTab| 

11:03:31.761 - Records Processed 503
11:03:31.761 - Current Subscribers: 
bid     | 
quote   | 
statsTab| 

11:03:32.761 - Records Processed 503
11:03:32.762 - Current Subscribers: 
bid     | 
quote   | 
statsTab| 

11:03:33.763 - Records Processed 503
11:03:33.764 - Current Subscribers: 
bid     | 
quote   | 
statsTab| 

11:03:34.761 - Records Processed 503
11:03:34.761 - Current Subscribers: 
bid     | 
quote   | 
statsTab| 

11:03:35.761 - Records Processed 503
11:03:35.761 - Current Subscribers: 
bid     | 
quote   | 
statsTab| 

11:03:36.761 - Records Processed 503
11:03:36.761 - Current Subscribers: 
bid     | 
quote   | 
statsTab| 

11:03:37.760 - Records Processed 503
11:03:37.761 - Current Subscribers: 
bid     | 
quote   | 
statsTab| 

11:03:38.761 - Records Processed 503
11:03:38.761 - Current Subscribers: 
bid     | 
quote   | 
statsTab| 

11:03:39.761 - Records Processed 503
11:03:39.761 - Current Subscribers: 
bid     | 
quote   | 
statsTab| 

11:03:40.761 - Records Processed 503
11:03:40.761 - Current Subscribers: 
bid     | 
quote   | 
statsTab| 

11:03:41.761 - Records Processed 503
11:03:41.762 - Current Subscribers: 
bid     | 
quote   | 
statsTab| 

11:03:42.762 - Records Processed 503
11:03:42.762 - Current Subscribers: 
bid     | 
quote   | 
statsTab| 

11:03:43.761 - Records Processed 503
11:03:43.762 - Current Subscribers: 
bid     | 
quote   | 
statsTab| 

11:03:44.763 - Records Processed 503
11:03:44.763 - Current Subscribers: 
bid     | 
quote   | 
statsTab| 

11:03:45.762 - Records Processed 503
11:03:45.762 - Current Subscribers: 
bid     | 
quote   | 
statsTab| 

11:03:46.762 - Records Processed 503
11:03:46.762 - Current Subscribers: 
bid     | 
quote   | 
statsTab| 

11:03:47.761 - Records Processed 503
11:03:47.762 - Current Subscribers: 
bid     | 
quote   | 
statsTab| 

11:03:48.761 - Records Processed 503
11:03:48.761 - Current Subscribers: 
bid     | 
quote   | 
statsTab| 

11:03:49.761 - Records Processed 503
11:03:49.761 - Current Subscribers: 
bid     | 
quote   | 
statsTab| 

11:03:50.761 - Records Processed 503
11:03:50.761 - Current Subscribers: 
bid     | 
quote   | 
statsTab| 

11:03:51.761 - Records Processed 503
11:03:51.761 - Current Subscribers: 
bid     | 
quote   | 
statsTab| 

11:03:52.762 - Records Processed 503
11:03:52.762 - Current Subscribers: 
bid     | 
quote   | 
statsTab| 

11:03:53.762 - Records Processed 503
11:03:53.762 - Current Subscribers: 
bid     | 
quote   | 
statsTab| 

11:03:54.761 - Records Processed 503
11:03:54.761 - Current Subscribers: 
bid     | 
quote   | 
statsTab| 

11:03:55.761 - Records Processed 503
11:03:55.762 - Current Subscribers: 
bid     | 
quote   | 
statsTab| 

11:03:56.761 - Records Processed 503
11:03:56.761 - Current Subscribers: 
bid     | 
quote   | 
statsTab| 

11:03:57.761 - Records Processed 503
11:03:57.761 - Current Subscribers: 
bid     | 
quote   | 
statsTab| 

11:03:58.761 - Records Processed 503
11:03:58.761 - Current Subscribers: 
bid     | 
quote   | 
statsTab| 

11:03:59.762 - Records Processed 503
11:03:59.762 - Current Subscribers: 
bid     | 
quote   | 
statsTab| 

11:04:00.761 - Records Processed 503
11:04:00.762 - Current Subscribers: 
bid     | 
quote   | 
statsTab| 

11:04:01.762 - Records Processed 503
11:04:01.762 - Current Subscribers: 
bid     | 
quote   | 
statsTab| 

11:04:02.762 - Records Processed 503
11:04:02.762 - Current Subscribers: 
bid     | 
quote   | 
statsTab| 

11:04:03.761 - Records Processed 503
11:04:03.761 - Current Subscribers: 
bid     | 
quote   | 
statsTab| 

11:04:04.761 - Records Processed 503
11:04:04.761 - Current Subscribers: 
bid     | 
quote   | 
statsTab| 

11:04:05.761 - Records Processed 503
11:04:05.761 - Current Subscribers: 
bid     | 
quote   | 
statsTab| 

11:04:06.761 - Records Processed 503
11:04:06.762 - Current Subscribers: 
bid     | 
quote   | 
statsTab| 

11:04:07.761 - Records Processed 503
11:04:07.761 - Current Subscribers: 
bid     | 
quote   | 
statsTab| 

11:04:08.761 - Records Processed 503
11:04:08.762 - Current Subscribers: 
bid     | ,(8i;`)
quote   | ,(8i;`)
statsTab| ()

11:04:09.763 - Records Processed 503
11:04:09.764 - Current Subscribers: 
bid     | ,(8i;`)
quote   | ,(8i;`)
statsTab| ()

11:04:10.622 - Records Processed 503
11:04:10.623 - Current Subscribers: 
bid     | ,(8i;`)
quote   | ,(8i;`)
statsTab| ()

11:04:11.624 - Records Processed 505
11:04:11.624 - Current Subscribers: 
bid     | ,(8i;`)
quote   | ,(8i;`)
statsTab| ()

11:04:12.623 - Records Processed 507
11:04:12.624 - Current Subscribers: 
bid     | ,(8i;`)
quote   | ,(8i;`)
statsTab| ()

11:04:13.624 - Records Processed 509
11:04:13.625 - Current Subscribers: 
bid     | ,(8i;`)
quote   | ,(8i;`)
statsTab| ()

11:04:14.624 - Records Processed 511
11:04:14.624 - Current Subscribers: 
bid     | ,(8i;`)
quote   | ,(8i;`)
statsTab| ()

11:04:15.624 - Records Processed 513
11:04:15.624 - Current Subscribers: 
bid     | ,(8i;`)
quote   | ,(8i;`)
statsTab| ()

11:04:16.625 - Records Processed 515
11:04:16.625 - Current Subscribers: 
bid     | ,(8i;`)
quote   | ,(8i;`)
statsTab| ()

11:04:17.625 - Records Processed 517
11:04:17.625 - Current Subscribers: 
bid     | ,(8i;`)
quote   | ,(8i;`)
statsTab| ()

11:04:18.624 - Records Processed 519
11:04:18.624 - Current Subscribers: 
bid     | ,(8i;`)
quote   | ,(8i;`)
statsTab| ()

11:04:19.623 - Records Processed 521
11:04:19.623 - Current Subscribers: 
bid     | ,(8i;`)
quote   | ,(8i;`)
statsTab| ()

11:04:20.624 - Records Processed 523
11:04:20.625 - Current Subscribers: 
bid     | ,(8i;`)
quote   | ,(8i;`)
statsTab| ()

11:04:21.625 - Records Processed 525
11:04:21.625 - Current Subscribers: 
bid     | ,(8i;`)
quote   | ,(8i;`)
statsTab| ()

11:04:22.624 - Records Processed 527
11:04:22.624 - Current Subscribers: 
bid     | ,(8i;`)
quote   | ,(8i;`)
statsTab| ()

11:04:23.624 - Records Processed 529
11:04:23.624 - Current Subscribers: 
bid     | ,(8i;`)
quote   | ,(8i;`)
statsTab| ()

11:04:24.623 - Records Processed 531
11:04:24.624 - Current Subscribers: 
bid     | ,(8i;`)
quote   | ,(8i;`)
statsTab| ()

11:04:25.625 - Records Processed 533
11:04:25.625 - Current Subscribers: 
bid     | ,(8i;`)
quote   | ,(8i;`)
statsTab| ()

11:04:26.623 - Records Processed 535
11:04:26.624 - Current Subscribers: 
bid     | ,(8i;`)
quote   | ,(8i;`)
statsTab| ()

11:04:27.624 - Records Processed 537
11:04:27.624 - Current Subscribers: 
bid     | ,(8i;`)
quote   | ,(8i;`)
statsTab| ()

11:04:28.625 - Records Processed 539
11:04:28.625 - Current Subscribers: 
bid     | ,(8i;`)
quote   | ,(8i;`)
statsTab| ()

11:04:29.623 - Records Processed 541
11:04:29.623 - Current Subscribers: 
bid     | ,(8i;`)
quote   | ,(8i;`)
statsTab| ()

11:04:30.624 - Records Processed 543
11:04:30.625 - Current Subscribers: 
bid     | ,(8i;`)
quote   | ,(8i;`)
statsTab| ()

11:04:31.624 - Records Processed 545
11:04:31.624 - Current Subscribers: 
bid     | ,(8i;`)
quote   | ,(8i;`)
statsTab| ()

11:04:32.624 - Records Processed 547
11:04:32.624 - Current Subscribers: 
bid     | ,(8i;`)
quote   | ,(8i;`)
statsTab| ()

11:04:33.624 - Records Processed 549
11:04:33.624 - Current Subscribers: 
bid     | ,(8i;`)
quote   | ,(8i;`)
statsTab| ()

11:04:34.624 - Records Processed 551
11:04:34.624 - Current Subscribers: 
bid     | ,(8i;`)
quote   | ,(8i;`)
statsTab| ()

11:04:35.623 - Records Processed 553
11:04:35.624 - Current Subscribers: 
bid     | ,(8i;`)
quote   | ,(8i;`)
statsTab| ()

11:04:36.625 - Records Processed 555
11:04:36.625 - Current Subscribers: 
bid     | ,(8i;`)
quote   | ,(8i;`)
statsTab| ()

11:04:37.624 - Records Processed 557
11:04:37.625 - Current Subscribers: 
bid     | ,(8i;`)
quote   | ,(8i;`)
statsTab| ()

11:04:38.624 - Records Processed 559
11:04:38.624 - Current Subscribers: 
bid     | ,(8i;`)
quote   | ,(8i;`)
statsTab| ()

11:04:39.624 - Records Processed 561
11:04:39.625 - Current Subscribers: 
bid     | ,(8i;`)
quote   | ,(8i;`)
statsTab| ()

11:04:40.624 - Records Processed 563
11:04:40.625 - Current Subscribers: 
bid     | ,(8i;`)
quote   | ,(8i;`)
statsTab| ()

11:04:41.624 - Records Processed 565
11:04:41.624 - Current Subscribers: 
bid     | ,(8i;`)
quote   | ,(8i;`)
statsTab| ()

11:04:42.624 - Records Processed 567
11:04:42.624 - Current Subscribers: 
bid     | ,(8i;`)
quote   | ,(8i;`)
statsTab| ()

11:04:43.625 - Records Processed 569
11:04:43.625 - Current Subscribers: 
bid     | ,(8i;`)
quote   | ,(8i;`)
statsTab| ()

11:04:44.624 - Records Processed 571
11:04:44.624 - Current Subscribers: 
bid     | ,(8i;`)
quote   | ,(8i;`)
statsTab| ()

11:04:45.624 - Records Processed 573
11:04:45.624 - Current Subscribers: 
bid     | ,(8i;`)
quote   | ,(8i;`)
statsTab| ()

11:04:46.624 - Records Processed 575
11:04:46.624 - Current Subscribers: 
bid     | ,(8i;`)
quote   | ,(8i;`)
statsTab| ()

11:04:47.624 - Records Processed 577
11:04:47.624 - Current Subscribers: 
bid     | ,(8i;`)
quote   | ,(8i;`)
statsTab| ()

11:04:48.625 - Records Processed 579
11:04:48.625 - Current Subscribers: 
bid     | ,(8i;`)
quote   | ,(8i;`)
statsTab| ()

11:04:49.623 - Records Processed 581
11:04:49.624 - Current Subscribers: 
bid     | ,(8i;`)
quote   | ,(8i;`)
statsTab| ()

11:04:50.624 - Records Processed 583
11:04:50.624 - Current Subscribers: 
bid     | ,(8i;`)
quote   | ,(8i;`)
statsTab| ()

11:04:51.624 - Records Processed 585
11:04:51.624 - Current Subscribers: 
bid     | ,(8i;`)
quote   | ,(8i;`)
statsTab| ()

11:04:52.623 - Records Processed 587
11:04:52.623 - Current Subscribers: 
bid     | ,(8i;`)
quote   | ,(8i;`)
statsTab| ()

11:04:53.624 - Records Processed 589
11:04:53.625 - Current Subscribers: 
bid     | ,(8i;`)
quote   | ,(8i;`)
statsTab| ()

11:04:54.624 - Records Processed 591
11:04:54.625 - Current Subscribers: 
bid     | ,(8i;`)
quote   | ,(8i;`)
statsTab| ()

11:04:55.624 - Records Processed 593
11:04:55.624 - Current Subscribers: 
bid     | ,(8i;`)
quote   | ,(8i;`)
statsTab| ()

11:04:56.624 - Records Processed 595
11:04:56.624 - Current Subscribers: 
bid     | ,(8i;`)
quote   | ,(8i;`)
statsTab| ()

11:04:57.624 - Records Processed 597
11:04:57.625 - Current Subscribers: 
bid     | ,(8i;`)
quote   | ,(8i;`)
statsTab| ()

11:04:58.624 - Records Processed 599
11:04:58.625 - Current Subscribers: 
bid     | ,(8i;`)
quote   | ,(8i;`)
statsTab| ()

11:04:59.624 - Records Processed 601
11:04:59.626 - Current Subscribers: 
bid     | ,(8i;`)
quote   | ,(8i;`)
statsTab| ()

11:05:00.624 - Records Processed 603
11:05:00.624 - Current Subscribers: 
bid     | ,(8i;`)
quote   | ,(8i;`)
statsTab| ()

11:05:01.625 - Records Processed 605
11:05:01.625 - Current Subscribers: 
bid     | 8i ` 
quote   | 8i ` 
statsTab| 10i `

11:05:02.626 - Records Processed 607
11:05:02.626 - Current Subscribers: 
bid     | 8i ` 
quote   | 8i ` 
statsTab| 10i `

11:05:03.624 - Records Processed 609
11:05:03.625 - Current Subscribers: 
bid     | 8i ` 
quote   | 8i ` 
statsTab| 10i `

11:05:04.624 - Records Processed 611
11:05:04.625 - Current Subscribers: 
bid     | 8i ` 
quote   | 8i ` 
statsTab| 10i `

11:05:05.626 - Records Processed 613
11:05:05.626 - Current Subscribers: 
bid     | 8i ` 
quote   | 8i ` 
statsTab| 10i `

11:05:06.624 - Records Processed 615
11:05:06.625 - Current Subscribers: 
bid     | 8i ` 
quote   | 8i ` 
statsTab| 10i `

11:05:07.624 - Records Processed 617
11:05:07.625 - Current Subscribers: 
bid     | 8i ` 
quote   | 8i ` 
statsTab| 10i `

11:05:08.625 - Records Processed 619
11:05:08.625 - Current Subscribers: 
bid     | 8i ` 
quote   | 8i ` 
statsTab| 10i `

11:05:09.625 - Records Processed 621
11:05:09.625 - Current Subscribers: 
bid     | 8i ` 
quote   | 8i ` 
statsTab| 10i `

11:05:10.624 - Records Processed 623
11:05:10.625 - Current Subscribers: 
bid     | 8i ` 
quote   | 8i ` 
statsTab| 10i `

11:05:11.624 - Records Processed 625
11:05:11.625 - Current Subscribers: 
bid     | 8i ` 
quote   | 8i ` 
statsTab| 10i `

11:05:12.625 - Records Processed 627
11:05:12.636 - Current Subscribers: 
bid     | 8i ` 
quote   | 8i ` 
statsTab| 10i `

11:05:13.624 - Records Processed 629
11:05:13.624 - Current Subscribers: 
bid     | 8i ` 
quote   | 8i ` 
statsTab| 10i `

11:05:14.624 - Records Processed 631
11:05:14.625 - Current Subscribers: 
bid     | 8i ` 
quote   | 8i ` 
statsTab| 10i `

11:05:15.624 - Records Processed 633
11:05:15.624 - Current Subscribers: 
bid     | 8i ` 
quote   | 8i ` 
statsTab| 10i `

11:05:16.624 - Records Processed 635
11:05:16.624 - Current Subscribers: 
bid     | 8i ` 
quote   | 8i ` 
statsTab| 10i `

11:05:17.625 - Records Processed 637
11:05:17.625 - Current Subscribers: 
bid     | 8i ` 
quote   | 8i ` 
statsTab| 10i `

11:05:18.626 - Records Processed 639
11:05:18.626 - Current Subscribers: 
bid     | 8i ` 
quote   | 8i ` 
statsTab| 10i `

11:05:19.624 - Records Processed 641
11:05:19.624 - Current Subscribers: 
bid     | 8i ` 
quote   | 8i ` 
statsTab| 10i `

11:05:20.625 - Records Processed 643
11:05:20.625 - Current Subscribers: 
bid     | 8i ` 
quote   | 8i ` 
statsTab| 10i `

11:05:21.625 - Records Processed 645
11:05:21.625 - Current Subscribers: 
bid     | 8i ` 
quote   | 8i ` 
statsTab| 10i `

11:05:22.625 - Records Processed 647
11:05:22.625 - Current Subscribers: 
bid     | 8i ` 
quote   | 8i ` 
statsTab| 10i `

11:05:23.624 - Records Processed 649
11:05:23.625 - Current Subscribers: 
bid     | 8i ` 
quote   | 8i ` 
statsTab| 10i `

11:05:24.624 - Records Processed 651
11:05:24.625 - Current Subscribers: 
bid     | 8i ` 
quote   | 8i ` 
statsTab| 10i `

11:05:25.625 - Records Processed 653
11:05:25.625 - Current Subscribers: 
bid     | 8i ` 
quote   | 8i ` 
statsTab| 10i `

11:05:26.624 - Records Processed 655
11:05:26.624 - Current Subscribers: 
bid     | 8i ` 
quote   | 8i ` 
statsTab| 10i `

11:05:27.624 - Records Processed 657
11:05:27.624 - Current Subscribers: 
bid     | 8i ` 
quote   | 8i ` 
statsTab| 10i `

11:05:28.625 - Records Processed 659
11:05:28.625 - Current Subscribers: 
bid     | 8i ` 
quote   | 8i ` 
statsTab| 10i `

11:05:29.624 - Records Processed 661
11:05:29.625 - Current Subscribers: 
bid     | 8i ` 
quote   | 8i ` 
statsTab| 10i `

11:05:30.624 - Records Processed 663
11:05:30.625 - Current Subscribers: 
bid     | 8i ` 
quote   | 8i ` 
statsTab| 10i `

11:05:31.624 - Records Processed 665
11:05:31.624 - Current Subscribers: 
bid     | 8i ` 
quote   | 8i ` 
statsTab| 10i `

11:05:32.625 - Records Processed 667
11:05:32.625 - Current Subscribers: 
bid     | 8i ` 
quote   | 8i ` 
statsTab| 10i `

11:05:33.624 - Records Processed 669
11:05:33.624 - Current Subscribers: 
bid     | 8i ` 
quote   | 8i ` 
statsTab| 10i `

11:05:34.625 - Records Processed 671
11:05:34.625 - Current Subscribers: 
bid     | 8i ` 
quote   | 8i ` 
statsTab| 10i `

11:05:35.625 - Records Processed 673
11:05:35.625 - Current Subscribers: 
bid     | 8i ` 
quote   | 8i ` 
statsTab| 10i `

11:05:36.625 - Records Processed 675
11:05:36.625 - Current Subscribers: 
bid     | 8i ` 
quote   | 8i ` 
statsTab| 10i `

11:05:37.624 - Records Processed 677
11:05:37.624 - Current Subscribers: 
bid     | 8i ` 
quote   | 8i ` 
statsTab| 10i `

11:05:38.624 - Records Processed 679
11:05:38.624 - Current Subscribers: 
bid     | 8i ` 
quote   | 8i ` 
statsTab| 10i `

11:05:39.624 - Records Processed 681
11:05:39.624 - Current Subscribers: 
bid     | 8i ` 
quote   | 8i ` 
statsTab| 10i `

11:05:40.624 - Records Processed 683
11:05:40.624 - Current Subscribers: 
bid     | 8i ` 
quote   | 8i ` 
statsTab| 10i `

11:05:41.624 - Records Processed 685
11:05:41.625 - Current Subscribers: 
bid     | 8i ` 
quote   | 8i ` 
statsTab| 10i `

11:05:42.625 - Records Processed 687
11:05:42.625 - Current Subscribers: 
bid     | 8i ` 
quote   | 8i ` 
statsTab| 10i `

11:05:43.625 - Records Processed 689
11:05:43.625 - Current Subscribers: 
bid     | 8i ` 
quote   | 8i ` 
statsTab| 10i `

11:05:44.624 - Records Processed 691
11:05:44.624 - Current Subscribers: 
bid     | 8i ` 
quote   | 8i ` 
statsTab| 10i `

11:05:45.624 - Records Processed 693
11:05:45.625 - Current Subscribers: 
bid     | 8i ` 
quote   | 8i ` 
statsTab| 10i `

11:05:46.624 - Records Processed 695
11:05:46.624 - Current Subscribers: 
bid     | 8i ` 
quote   | 8i ` 
statsTab| 10i `

11:05:47.624 - Records Processed 697
11:05:47.625 - Current Subscribers: 
bid     | 8i ` 
quote   | 8i ` 
statsTab| 10i `

11:05:48.625 - Records Processed 699
11:05:48.626 - Current Subscribers: 
bid     | 8i ` 
quote   | 8i ` 
statsTab| 10i `

11:05:49.761 - Records Processed 701
11:05:49.762 - Current Subscribers: 
bid     | 8i ` 
quote   | 8i ` 
statsTab| 10i `

11:05:50.763 - Records Processed 701
11:05:50.764 - Current Subscribers: 
bid     | 8i ` 
quote   | 8i ` 
statsTab| 10i `

11:05:51.762 - Records Processed 701
11:05:51.764 - Current Subscribers: 
bid     | 8i ` 
quote   | 8i ` 
statsTab| 10i `

11:05:52.762 - Records Processed 701
11:05:52.763 - Current Subscribers: 
bid     | 8i ` 
quote   | 8i ` 
statsTab| 10i `

11:05:53.761 - Records Processed 701
11:05:53.761 - Current Subscribers: 
bid     | 8i ` 
quote   | 8i ` 
statsTab| 10i `

11:05:54.761 - Records Processed 701
11:05:54.762 - Current Subscribers: 
bid     | 8i ` 
quote   | 8i ` 
statsTab| 10i `

11:05:55.762 - Records Processed 701
11:05:55.763 - Current Subscribers: 
bid     | 8i ` 
quote   | 8i ` 
statsTab| 10i `

11:05:56.762 - Records Processed 701
11:05:56.762 - Current Subscribers: 
bid     | 8i ` 
quote   | 8i ` 
statsTab| 10i `

11:05:57.761 - Records Processed 701
11:05:57.762 - Current Subscribers: 
bid     | 8i ` 
quote   | 8i ` 
statsTab| 10i `

11:05:58.761 - Records Processed 701
11:05:58.762 - Current Subscribers: 
bid     | 8i ` 
quote   | 8i ` 
statsTab| 10i `

11:05:59.761 - Records Processed 701
11:05:59.762 - Current Subscribers: 
bid     | 8i ` 
quote   | 8i ` 
statsTab| 10i `

11:06:00.761 - Records Processed 701
11:06:00.762 - Current Subscribers: 
bid     | 8i ` 
quote   | 8i ` 
statsTab| 10i `

11:06:01.762 - Records Processed 701
11:06:01.763 - Current Subscribers: 
bid     | 8i ` 
quote   | 8i ` 
statsTab| 10i `

11:06:02.762 - Records Processed 701
11:06:02.762 - Current Subscribers: 
bid     | 8i ` 
quote   | 8i ` 
statsTab| 10i `

11:06:03.762 - Records Processed 701
11:06:03.762 - Current Subscribers: 
bid     | 8i ` 
quote   | 8i ` 
statsTab| 10i `

11:06:04.762 - Records Processed 701
11:06:04.763 - Current Subscribers: 
bid     | 8i ` 
quote   | 8i ` 
statsTab| 10i `

11:06:05.763 - Records Processed 701
11:06:05.763 - Current Subscribers: 
bid     | 8i ` 
quote   | 8i ` 
statsTab| 10i `

11:06:06.762 - Records Processed 701
11:06:06.762 - Current Subscribers: 
bid     | 8i ` 
quote   | 8i ` 
statsTab| 10i `

11:06:07.761 - Records Processed 701
11:06:07.761 - Current Subscribers: 
bid     | 8i ` 
quote   | 8i ` 
statsTab| 10i `

11:06:08.762 - Records Processed 701
11:06:08.762 - Current Subscribers: 
bid     | 8i ` 
quote   | 8i ` 
statsTab| 10i `

11:06:09.761 - Records Processed 701
11:06:09.762 - Current Subscribers: 
bid     | 8i ` 
quote   | 8i ` 
statsTab| 10i `

11:06:10.763 - Records Processed 701
11:06:10.763 - Current Subscribers: 
bid     | 8i ` 
quote   | 8i ` 
statsTab| 10i `

11:06:11.762 - Records Processed 701
11:06:11.762 - Current Subscribers: 
bid     | 8i ` 
quote   | 8i ` 
statsTab| 10i `

11:06:12.761 - Records Processed 701
11:06:12.762 - Current Subscribers: 
bid     | 8i ` 
quote   | 8i ` 
statsTab| 10i `

11:06:13.761 - Records Processed 701
11:06:13.762 - Current Subscribers: 
bid     | 8i ` 
quote   | 8i ` 
statsTab| 10i `

11:06:14.762 - Records Processed 701
11:06:14.763 - Current Subscribers: 
bid     | 8i ` 
quote   | 8i ` 
statsTab| 10i `

11:06:15.764 - Records Processed 701
11:06:15.764 - Current Subscribers: 
bid     | 8i ` 
quote   | 8i ` 
statsTab| 10i `

11:06:16.762 - Records Processed 701
11:06:16.762 - Current Subscribers: 
bid     | 8i ` 
quote   | 8i ` 
statsTab| 10i `

11:06:17.761 - Records Processed 701
11:06:17.762 - Current Subscribers: 
bid     | 8i ` 
quote   | 8i ` 
statsTab| 10i `

11:06:18.761 - Records Processed 701
11:06:18.761 - Current Subscribers: 
bid     | 8i ` 
quote   | 8i ` 
statsTab| 10i `

11:06:19.761 - Records Processed 701
11:06:19.762 - Current Subscribers: 
bid     | 8i ` 
quote   | 8i ` 
statsTab| 10i `

11:06:20.761 - Records Processed 701
11:06:20.762 - Current Subscribers: 
bid     | 8i ` 
quote   | 8i ` 
statsTab| 10i `

11:06:21.762 - Records Processed 701
11:06:21.762 - Current Subscribers: 
bid     | 8i ` 
quote   | 8i ` 
statsTab| 10i `

11:06:22.762 - Records Processed 701
11:06:22.762 - Current Subscribers: 
bid     | 8i ` 
quote   | 8i ` 
statsTab| 10i `

11:06:23.761 - Records Processed 701
11:06:23.761 - Current Subscribers: 
bid     | 8i ` 
quote   | 8i ` 
statsTab| 10i `

11:06:24.762 - Records Processed 701
11:06:24.762 - Current Subscribers: 
bid     | 8i ` 
quote   | 8i ` 
statsTab| 10i `

11:06:25.762 - Records Processed 701
11:06:25.762 - Current Subscribers: 
bid     | 8i ` 
quote   | 8i ` 
statsTab| 10i `

11:06:26.762 - Records Processed 701
11:06:26.763 - Current Subscribers: 
bid     | 8i ` 
quote   | 8i ` 
statsTab| 10i `

11:06:27.762 - Records Processed 701
11:06:27.762 - Current Subscribers: 
bid     | 8i ` 
quote   | 8i ` 
statsTab| 10i `

11:06:28.762 - Records Processed 701
11:06:28.762 - Current Subscribers: 
bid     | 8i ` 
quote   | 8i ` 
statsTab| 10i `

11:06:29.762 - Records Processed 701
11:06:29.762 - Current Subscribers: 
bid     | 8i ` 
quote   | 8i ` 
statsTab| 10i `

11:06:30.762 - Records Processed 701
11:06:30.762 - Current Subscribers: 
bid     | 8i ` 
quote   | 8i ` 
statsTab| 10i `

11:06:31.762 - Records Processed 701
11:06:31.762 - Current Subscribers: 
bid     | 8i ` 
quote   | 8i ` 
statsTab| 10i `

11:06:32.762 - Records Processed 701
11:06:32.762 - Current Subscribers: 
bid     | 8i ` 
quote   | 8i ` 
statsTab| 10i `

11:06:33.762 - Records Processed 701
11:06:33.762 - Current Subscribers: 
bid     | 8i ` 
quote   | 8i ` 
statsTab| 10i `

11:06:34.761 - Records Processed 701
11:06:34.762 - Current Subscribers: 
bid     | 8i ` 
quote   | 8i ` 
statsTab| 10i `

11:06:35.762 - Records Processed 701
11:06:35.762 - Current Subscribers: 
bid     | 8i ` 
quote   | 8i ` 
statsTab| 10i `

11:06:36.762 - Records Processed 701
11:06:36.762 - Current Subscribers: 
bid     | 8i ` 
quote   | 8i ` 
statsTab| 10i `

11:06:37.761 - Records Processed 701
11:06:37.762 - Current Subscribers: 
bid     | 8i ` 
quote   | 8i ` 
statsTab| 10i `

11:06:38.762 - Records Processed 701
11:06:38.762 - Current Subscribers: 
bid     | 8i ` 
quote   | 8i ` 
statsTab| 10i `

11:06:39.761 - Records Processed 701
11:06:39.762 - Current Subscribers: 
bid     | 8i ` 
quote   | 8i ` 
statsTab| 10i `

11:06:40.761 - Records Processed 701
11:06:40.762 - Current Subscribers: 
bid     | 8i ` 
quote   | 8i ` 
statsTab| 10i `

11:06:41.762 - Records Processed 701
11:06:41.763 - Current Subscribers: 
bid     | 8i ` 
quote   | 8i ` 
statsTab| 10i `

11:06:42.762 - Records Processed 701
11:06:42.762 - Current Subscribers: 
bid     | 8i ` 
quote   | 8i ` 
statsTab| 10i `

11:06:43.761 - Records Processed 701
11:06:43.761 - Current Subscribers: 
bid     | 8i ` 
quote   | 8i ` 
statsTab| 10i `

11:06:44.762 - Records Processed 701
11:06:44.762 - Current Subscribers: 
bid     | 8i ` 
quote   | 8i ` 
statsTab| 10i `

11:06:45.762 - Records Processed 701
11:06:45.763 - Current Subscribers: 
bid     | 8i ` 
quote   | 8i ` 
statsTab| 10i `

11:06:46.762 - Records Processed 701
11:06:46.762 - Current Subscribers: 
bid     | 8i ` 
quote   | 8i ` 
statsTab| 10i `

11:06:47.761 - Records Processed 701
11:06:47.761 - Current Subscribers: 
bid     | 8i ` 
quote   | 8i ` 
statsTab| 10i `

11:06:48.762 - Records Processed 701
11:06:48.762 - Current Subscribers: 
bid     | 8i ` 
quote   | 8i ` 
statsTab| 10i `

11:06:49.762 - Records Processed 701
11:06:49.762 - Current Subscribers: 
bid     | 8i ` 
quote   | 8i ` 
statsTab| 10i `

11:06:50.762 - Records Processed 701
11:06:50.762 - Current Subscribers: 
bid     | 8i ` 
quote   | 8i ` 
statsTab| 10i `

11:06:51.762 - Records Processed 701
11:06:51.762 - Current Subscribers: 
bid     | 8i ` 
quote   | 8i ` 
statsTab| 10i `

11:06:52.762 - Records Processed 701
11:06:52.763 - Current Subscribers: 
bid     | 8i ` 
quote   | 8i ` 
statsTab| 10i `

11:06:53.762 - Records Processed 701
11:06:53.762 - Current Subscribers: 
bid     | 8i ` 
quote   | 8i ` 
statsTab| 10i `

11:06:54.762 - Records Processed 701
11:06:54.762 - Current Subscribers: 
bid     | 8i ` 
quote   | 8i ` 
statsTab| 10i `

11:06:55.761 - Records Processed 701
11:06:55.762 - Current Subscribers: 
bid     | 8i ` 
quote   | 8i ` 
statsTab| 10i `

11:06:56.761 - Records Processed 701
11:06:56.761 - Current Subscribers: 
bid     | 8i ` 
quote   | 8i ` 
statsTab| 10i `

11:06:57.762 - Records Processed 701
11:06:57.763 - Current Subscribers: 
bid     | 8i ` 
quote   | 8i ` 
statsTab| 10i `

11:06:58.763 - Records Processed 701
11:06:58.763 - Current Subscribers: 
bid     | 8i ` 
quote   | 8i ` 
statsTab| 10i `

11:06:59.761 - Records Processed 701
11:06:59.762 - Current Subscribers: 
bid     | 8i ` 
quote   | 8i ` 
statsTab| 10i `

11:07:00.761 - Records Processed 701
11:07:00.762 - Current Subscribers: 
bid     | 8i ` 
quote   | 8i ` 
statsTab| 10i `

11:07:01.761 - Records Processed 701
11:07:01.762 - Current Subscribers: 
bid     | 8i ` 
quote   | 8i ` 
statsTab| 10i `

11:07:02.762 - Records Processed 701
11:07:02.762 - Current Subscribers: 
bid     | 8i ` 
quote   | 8i ` 
statsTab| 10i `

11:07:03.762 - Records Processed 701
11:07:03.762 - Current Subscribers: 
bid     | 8i ` 
quote   | 8i ` 
statsTab| 10i `

11:07:04.761 - Records Processed 701
11:07:04.762 - Current Subscribers: 
bid     | 8i ` 
quote   | 8i ` 
statsTab| 10i `

11:07:05.761 - Records Processed 701
11:07:05.761 - Current Subscribers: 
bid     | 8i ` 
quote   | 8i ` 
statsTab| 10i `

11:07:06.762 - Records Processed 701
11:07:06.762 - Current Subscribers: 
bid     | 8i ` 
quote   | 8i ` 
statsTab| 10i `

11:07:07.762 - Records Processed 701
11:07:07.762 - Current Subscribers: 
bid     | 8i ` 
quote   | 8i ` 
statsTab| 10i `

11:07:08.762 - Records Processed 701
11:07:08.763 - Current Subscribers: 
bid     | 8i ` 
quote   | 8i ` 
statsTab| 10i `

11:07:09.761 - Records Processed 701
11:07:09.762 - Current Subscribers: 
bid     | 8i ` 
quote   | 8i ` 
statsTab| 10i `

11:07:10.762 - Records Processed 701
11:07:10.763 - Current Subscribers: 
bid     | 8i ` 
quote   | 8i ` 
statsTab| 10i `

11:07:11.763 - Records Processed 701
11:07:11.763 - Current Subscribers: 
bid     | 8i ` 
quote   | 8i ` 
statsTab| 10i `

11:07:12.761 - Records Processed 701
11:07:12.762 - Current Subscribers: 
bid     | 8i ` 
quote   | 8i ` 
statsTab| 10i `

11:07:13.763 - Records Processed 701
11:07:13.763 - Current Subscribers: 
bid     | 8i ` 
quote   | 8i ` 
statsTab| 10i `

11:07:14.762 - Records Processed 701
11:07:14.762 - Current Subscribers: 
bid     | 8i ` 
quote   | 8i ` 
statsTab| 10i `

11:07:15.761 - Records Processed 701
11:07:15.761 - Current Subscribers: 
bid     | 8i ` 
quote   | 8i ` 
statsTab| 10i `

11:07:16.761 - Records Processed 701
11:07:16.761 - Current Subscribers: 
bid     | 8i ` 
quote   | 8i ` 
statsTab| 10i `

11:07:17.761 - Records Processed 701
11:07:17.762 - Current Subscribers: 
bid     | 8i ` 
quote   | 8i ` 
statsTab| 10i `

11:07:18.762 - Records Processed 701
11:07:18.762 - Current Subscribers: 
bid     | 8i ` 
quote   | 8i ` 
statsTab| 10i `

11:07:19.761 - Records Processed 701
11:07:19.761 - Current Subscribers: 
bid     | 8i ` 
quote   | 8i ` 
statsTab| 10i `

11:07:20.762 - Records Processed 701
11:07:20.762 - Current Subscribers: 
bid     | 8i ` 
quote   | 8i ` 
statsTab| 10i `

11:07:21.762 - Records Processed 701
11:07:21.763 - Current Subscribers: 
bid     | 8i ` 
quote   | 8i ` 
statsTab| 10i `

11:07:22.762 - Records Processed 701
11:07:22.763 - Current Subscribers: 
bid     | 8i ` 
quote   | 8i ` 
statsTab| 10i `

11:07:23.763 - Records Processed 701
11:07:23.763 - Current Subscribers: 
bid     | 8i ` 
quote   | 8i ` 
statsTab| 10i `

11:07:24.761 - Records Processed 701
11:07:24.761 - Current Subscribers: 
bid     | 8i ` 
quote   | 8i ` 
statsTab| 10i `

11:07:25.761 - Records Processed 701
11:07:25.762 - Current Subscribers: 
bid     | 8i ` 
quote   | 8i ` 
statsTab| 10i `

11:07:26.761 - Records Processed 701
11:07:26.761 - Current Subscribers: 
bid     | 8i ` 
quote   | 8i ` 
statsTab| 10i `

11:07:27.761 - Records Processed 701
11:07:27.762 - Current Subscribers: 
bid     | 8i ` 
quote   | 8i ` 
statsTab| 10i `

11:07:28.763 - Records Processed 701
11:07:28.763 - Current Subscribers: 
bid     | 8i ` 
quote   | 8i ` 
statsTab| 10i `

11:07:29.762 - Records Processed 701
11:07:29.762 - Current Subscribers: 
bid     | 8i ` 
quote   | 8i ` 
statsTab| 10i `

11:07:30.762 - Records Processed 701
11:07:30.762 - Current Subscribers: 
bid     | 8i ` 
quote   | 8i ` 
statsTab| 10i `

11:07:31.761 - Records Processed 701
11:07:31.761 - Current Subscribers: 
bid     | 8i ` 
quote   | 8i ` 
statsTab| 10i `

11:07:32.761 - Records Processed 701
11:07:32.762 - Current Subscribers: 
bid     | 8i ` 
quote   | 8i ` 
statsTab| 10i `

11:07:33.762 - Records Processed 701
11:07:33.762 - Current Subscribers: 
bid     | 8i ` 
quote   | 8i ` 
statsTab| 10i `

11:07:34.762 - Records Processed 701
11:07:34.762 - Current Subscribers: 
bid     | 8i ` 
quote   | 8i ` 
statsTab| 10i `

11:07:35.762 - Records Processed 701
11:07:35.762 - Current Subscribers: 
bid     | 8i ` 
quote   | 8i ` 
statsTab| 10i `

11:07:36.762 - Records Processed 701
11:07:36.763 - Current Subscribers: 
bid     | 8i ` 
quote   | 8i ` 
statsTab| 10i `

11:07:37.763 - Records Processed 701
11:07:37.764 - Current Subscribers: 
bid     | 8i ` 
quote   | 8i ` 
statsTab| 10i `

11:07:38.762 - Records Processed 701
11:07:38.762 - Current Subscribers: 
bid     | 8i ` 
quote   | 8i ` 
statsTab| 10i `

11:07:39.761 - Records Processed 701
11:07:39.762 - Current Subscribers: 
bid     | 8i ` 
quote   | 8i ` 
statsTab| 10i `

11:07:40.761 - Records Processed 701
11:07:40.761 - Current Subscribers: 
bid     | 8i ` 
quote   | 8i ` 
statsTab| 10i `

11:07:41.762 - Records Processed 701
11:07:41.762 - Current Subscribers: 
bid     | 8i ` 
quote   | 8i ` 
statsTab| 10i `

11:07:42.762 - Records Processed 701
11:07:42.762 - Current Subscribers: 
bid     | 8i ` 
quote   | 8i ` 
statsTab| 10i `

11:07:43.761 - Records Processed 701
11:07:43.762 - Current Subscribers: 
bid     | 8i ` 
quote   | 8i ` 
statsTab| 10i `

11:07:44.762 - Records Processed 701
11:07:44.763 - Current Subscribers: 
bid     | 8i ` 
quote   | 8i ` 
statsTab| 10i `

11:07:45.762 - Records Processed 701
11:07:45.763 - Current Subscribers: 
bid     | 8i ` 
quote   | 8i ` 
statsTab| 10i `

11:07:46.762 - Records Processed 701
11:07:46.762 - Current Subscribers: 
bid     | 8i ` 
quote   | 8i ` 
statsTab| 10i `

11:07:47.761 - Records Processed 701
11:07:47.761 - Current Subscribers: 
bid     | 8i ` 
quote   | 8i ` 
statsTab| 10i `

11:07:48.762 - Records Processed 701
11:07:48.763 - Current Subscribers: 
bid     | 8i ` 
quote   | 8i ` 
statsTab| 10i `

11:07:49.762 - Records Processed 701
11:07:49.763 - Current Subscribers: 
bid     | 8i ` 
quote   | 8i ` 
statsTab| 10i `

11:07:50.761 - Records Processed 701
11:07:50.761 - Current Subscribers: 
bid     | 8i ` 
quote   | 8i ` 
statsTab| 10i `

11:07:51.761 - Records Processed 701
11:07:51.761 - Current Subscribers: 
bid     | 8i ` 
quote   | 8i ` 
statsTab| 10i `

11:07:52.762 - Records Processed 701
11:07:52.762 - Current Subscribers: 
bid     | 8i ` 
quote   | 8i ` 
statsTab| 10i `

11:07:53.761 - Records Processed 701
11:07:53.762 - Current Subscribers: 
bid     | 8i ` 
quote   | 8i ` 
statsTab| 10i `

11:07:54.761 - Records Processed 701
11:07:54.761 - Current Subscribers: 
bid     | 8i ` 
quote   | 8i ` 
statsTab| 10i `

11:07:55.761 - Records Processed 701
11:07:55.761 - Current Subscribers: 
bid     | 8i ` 
quote   | 8i ` 
statsTab| 10i `

11:07:56.947 - Records Processed 701
11:07:56.947 - Current Subscribers: 
bid     | 8i ` 
quote   | 8i ` 
statsTab| 10i `

11:07:57.761 - Records Processed 701
11:07:57.761 - Current Subscribers: 
bid     | 8i ` 
quote   | 8i ` 
statsTab| 10i `

11:07:58.762 - Records Processed 701
11:07:58.763 - Current Subscribers: 
bid     | 8i ` 
quote   | 8i ` 
statsTab| 10i `

11:07:59.762 - Records Processed 701
11:07:59.762 - Current Subscribers: 
bid     | 8i ` 
quote   | 8i ` 
statsTab| 10i `

11:08:00.762 - Records Processed 701
11:08:00.763 - Current Subscribers: 
bid     | 8i ` 
quote   | 8i ` 
statsTab| 10i `

11:08:01.761 - Records Processed 701
11:08:01.762 - Current Subscribers: 
bid     | 8i ` 
quote   | 8i ` 
statsTab| 10i `

11:08:02.762 - Records Processed 701
11:08:02.763 - Current Subscribers: 
bid     | 8i ` 
quote   | 8i ` 
statsTab| 10i `

11:08:03.762 - Records Processed 701
11:08:03.763 - Current Subscribers: 
bid     | 8i ` 
quote   | 8i ` 
statsTab| 10i `

11:08:04.762 - Records Processed 701
11:08:04.763 - Current Subscribers: 
bid     | 8i ` 
quote   | 8i ` 
statsTab| 10i `

11:08:05.762 - Records Processed 701
11:08:05.763 - Current Subscribers: 
bid     | 8i ` 
quote   | 8i ` 
statsTab| 10i `

11:08:06.761 - Records Processed 701
11:08:06.761 - Current Subscribers: 
bid     | 8i ` 
quote   | 8i ` 
statsTab| 10i `

11:08:07.761 - Records Processed 701
11:08:07.761 - Current Subscribers: 
bid     | 8i ` 
quote   | 8i ` 
statsTab| 10i `

11:08:08.761 - Records Processed 701
11:08:08.761 - Current Subscribers: 
bid     | 8i ` 
quote   | 8i ` 
statsTab| 10i `

11:08:09.762 - Records Processed 701
11:08:09.762 - Current Subscribers: 
bid     | 8i ` 
quote   | 8i ` 
statsTab| 10i `

11:08:10.762 - Records Processed 701
11:08:10.762 - Current Subscribers: 
bid     | 8i ` 
quote   | 8i ` 
statsTab| 10i `

11:08:11.762 - Records Processed 701
11:08:11.762 - Current Subscribers: 
bid     | 8i ` 
quote   | 8i ` 
statsTab| 10i `

11:08:12.762 - Records Processed 701
11:08:12.762 - Current Subscribers: 
bid     | 8i ` 
quote   | 8i ` 
statsTab| 10i `

11:08:13.761 - Records Processed 701
11:08:13.762 - Current Subscribers: 
bid     | 8i ` 
quote   | 8i ` 
statsTab| 10i `

11:08:14.762 - Records Processed 701
11:08:14.762 - Current Subscribers: 
bid     | 8i ` 
quote   | 8i ` 
statsTab| 10i `

11:08:15.762 - Records Processed 701
11:08:15.762 - Current Subscribers: 
bid     | 8i ` 
quote   | 8i ` 
statsTab| 10i `

11:08:16.762 - Records Processed 701
11:08:16.762 - Current Subscribers: 
bid     | 8i ` 
quote   | 8i ` 
statsTab| 10i `

11:08:17.762 - Records Processed 701
11:08:17.762 - Current Subscribers: 
bid     | 8i ` 
quote   | 8i ` 
statsTab| 10i `

11:08:18.762 - Records Processed 701
11:08:18.762 - Current Subscribers: 
bid     | 8i ` 
quote   | 8i ` 
statsTab| 10i `

11:08:19.762 - Records Processed 701
11:08:19.763 - Current Subscribers: 
bid     | 8i ` 
quote   | 8i ` 
statsTab| 10i `

11:08:20.762 - Records Processed 701
11:08:20.762 - Current Subscribers: 
bid     | 8i ` 
quote   | 8i ` 
statsTab| 10i `

11:08:21.762 - Records Processed 701
11:08:21.762 - Current Subscribers: 
bid     | 8i ` 
quote   | 8i ` 
statsTab| 10i `

11:08:22.761 - Records Processed 701
11:08:22.762 - Current Subscribers: 
bid     | 8i ` 
quote   | 8i ` 
statsTab| 10i `

11:08:23.762 - Records Processed 701
11:08:23.762 - Current Subscribers: 
bid     | 8i ` 
quote   | 8i ` 
statsTab| 10i `

11:08:24.761 - Records Processed 701
11:08:24.761 - Current Subscribers: 
bid     | 8i ` 
quote   | 8i ` 
statsTab| 10i `

11:08:25.761 - Records Processed 701
11:08:25.762 - Current Subscribers: 
bid     | 8i ` 
quote   | 8i ` 
statsTab| 10i `

11:08:26.762 - Records Processed 701
11:08:26.762 - Current Subscribers: 
bid     | 8i ` 
quote   | 8i ` 
statsTab| 10i `

11:08:27.761 - Records Processed 701
11:08:27.762 - Current Subscribers: 
bid     | 8i ` 
quote   | 8i ` 
statsTab| 10i `

11:08:28.762 - Records Processed 701
11:08:28.762 - Current Subscribers: 
bid     | 8i ` 
quote   | 8i ` 
statsTab| 10i `

11:08:29.761 - Records Processed 701
11:08:29.762 - Current Subscribers: 
bid     | 8i ` 
quote   | 8i ` 
statsTab| 10i `

11:08:30.762 - Records Processed 701
11:08:30.762 - Current Subscribers: 
bid     | 8i ` 
quote   | 8i ` 
statsTab| 10i `

11:08:31.763 - Records Processed 701
11:08:31.763 - Current Subscribers: 
bid     | 8i ` 
quote   | 8i ` 
statsTab| 10i `

11:08:32.762 - Records Processed 701
11:08:32.762 - Current Subscribers: 
bid     | 8i ` 
quote   | 8i ` 
statsTab| 10i `

11:08:33.761 - Records Processed 701
11:08:33.761 - Current Subscribers: 
bid     | ()
quote   | ()
statsTab| ,(10i;`)

11:08:34.761 - Records Processed 701
11:08:34.762 - Current Subscribers: 
bid     | ()
quote   | ()
statsTab| ,(10i;`)

11:08:35.761 - Records Processed 701
11:08:35.761 - Current Subscribers: 
bid     | ()
quote   | ()
statsTab| ,(10i;`)

11:08:36.762 - Records Processed 701
11:08:36.763 - Current Subscribers: 
bid     | ()
quote   | ()
statsTab| ,(10i;`)

11:08:37.761 - Records Processed 701
11:08:37.761 - Current Subscribers: 
bid     | ()
quote   | ()
statsTab| ,(10i;`)

11:08:38.762 - Records Processed 701
11:08:38.762 - Current Subscribers: 
bid     | ()
quote   | ()
statsTab| ,(10i;`)

11:08:39.762 - Records Processed 701
11:08:39.762 - Current Subscribers: 
bid     | ()
quote   | ()
statsTab| ,(10i;`)

11:08:40.761 - Records Processed 701
11:08:40.761 - Current Subscribers: 
bid     | 
quote   | 
statsTab| 

11:08:41.762 - Records Processed 701
11:08:41.763 - Current Subscribers: 
bid     | 
quote   | 
statsTab| 

11:08:42.761 - Records Processed 701
11:08:42.762 - Current Subscribers: 
bid     | 
quote   | 
statsTab| 

