12:32:33.453 - Records Processed 0
12:32:33.453 - Current Subscribers: 
bid     | 
quote   | 
statsTab| 

12:32:34.455 - Records Processed 0
12:32:34.456 - Current Subscribers: 
bid     | 
quote   | 
statsTab| 

12:32:35.355 - Records Processed 0
12:32:35.355 - Current Subscribers: 
bid     | 
quote   | 
statsTab| 

12:32:36.357 - Records Processed 1
12:32:36.357 - Current Subscribers: 
bid     | 
quote   | 
statsTab| 

12:32:37.356 - Records Processed 2
12:32:37.356 - Current Subscribers: 
bid     | 
quote   | 
statsTab| 

12:32:38.454 - Records Processed 3
12:32:38.454 - Current Subscribers: 
bid     | 
quote   | 
statsTab| 

12:32:39.454 - Records Processed 3
12:32:39.455 - Current Subscribers: 
bid     | 
quote   | 
statsTab| 

12:32:40.454 - Records Processed 3
12:32:40.454 - Current Subscribers: 
bid     | ()
quote   | ()
statsTab| ,(8i;`)

12:32:41.454 - Records Processed 3
12:32:41.454 - Current Subscribers: 
bid     | ()
quote   | ()
statsTab| ,(8i;`)

12:32:42.454 - Records Processed 3
12:32:42.455 - Current Subscribers: 
bid     | 9i `
quote   | 9i `
statsTab| 8i `

12:32:43.456 - Records Processed 3
12:32:43.456 - Current Subscribers: 
bid     | 9i `
quote   | 9i `
statsTab| 8i `

12:32:44.454 - Records Processed 3
12:32:44.455 - Current Subscribers: 
bid     | 9i `
quote   | 9i `
statsTab| 8i `

12:32:45.455 - Records Processed 3
12:32:45.456 - Current Subscribers: 
bid     | 9i `
quote   | 9i `
statsTab| 8i `

12:32:46.454 - Records Processed 3
12:32:46.454 - Current Subscribers: 
bid     | 9i `
quote   | 9i `
statsTab| 8i `

12:32:47.455 - Records Processed 3
12:32:47.455 - Current Subscribers: 
bid     | 9i `
quote   | 9i `
statsTab| 8i `

12:32:48.454 - Records Processed 3
12:32:48.454 - Current Subscribers: 
bid     | ((9i;`);(10i;`))
quote   | ((9i;`);(10i;`))
statsTab| ,(8i;`)

12:32:49.455 - Records Processed 3
12:32:49.455 - Current Subscribers: 
bid     | ((9i;`);(10i;`))
quote   | ((9i;`);(10i;`))
statsTab| ,(8i;`)

12:32:50.454 - Records Processed 3
12:32:50.454 - Current Subscribers: 
bid     | ((9i;`);(10i;`))
quote   | ((9i;`);(10i;`))
statsTab| ,(8i;`)

12:32:51.454 - Records Processed 3
12:32:51.454 - Current Subscribers: 
bid     | ((9i;`);(10i;`))
quote   | ((9i;`);(10i;`))
statsTab| ,(8i;`)

12:32:52.455 - Records Processed 3
12:32:52.456 - Current Subscribers: 
bid     | ((9i;`);(10i;`))
quote   | ((9i;`);(10i;`))
statsTab| ,(8i;`)

12:32:53.456 - Records Processed 3
12:32:53.457 - Current Subscribers: 
bid     | ((9i;`);(10i;`))
quote   | ((9i;`);(10i;`))
statsTab| ,(8i;`)

12:32:54.455 - Records Processed 3
12:32:54.455 - Current Subscribers: 
bid     | ((9i;`);(10i;`))
quote   | ((9i;`);(10i;`))
statsTab| ,(8i;`)

12:32:55.455 - Records Processed 3
12:32:55.455 - Current Subscribers: 
bid     | ((9i;`);(10i;`))
quote   | ((9i;`);(10i;`))
statsTab| ,(8i;`)

12:32:56.454 - Records Processed 3
12:32:56.455 - Current Subscribers: 
bid     | ((9i;`);(10i;`))
quote   | ((9i;`);(10i;`))
statsTab| ,(8i;`)

12:32:57.454 - Records Processed 3
12:32:57.455 - Current Subscribers: 
bid     | ((9i;`);(10i;`))
quote   | ((9i;`);(10i;`))
statsTab| ,(8i;`)

12:32:58.454 - Records Processed 3
12:32:58.454 - Current Subscribers: 
bid     | ((9i;`);(10i;`))
quote   | ((9i;`);(10i;`))
statsTab| ,(8i;`)

12:32:59.454 - Records Processed 3
12:32:59.454 - Current Subscribers: 
bid     | ((9i;`);(10i;`))
quote   | ((9i;`);(10i;`))
statsTab| ,(8i;`)

12:33:00.454 - Records Processed 3
12:33:00.454 - Current Subscribers: 
bid     | ((9i;`);(10i;`))
quote   | ((9i;`);(10i;`))
statsTab| ,(8i;`)

12:33:01.455 - Records Processed 3
12:33:01.455 - Current Subscribers: 
bid     | ((9i;`);(10i;`))
quote   | ((9i;`);(10i;`))
statsTab| ,(8i;`)

12:33:02.455 - Records Processed 3
12:33:02.457 - Current Subscribers: 
bid     | ((9i;`);(10i;`))
quote   | ((9i;`);(10i;`))
statsTab| ,(8i;`)

12:33:03.456 - Records Processed 3
12:33:03.457 - Current Subscribers: 
bid     | ((9i;`);(10i;`))
quote   | ((9i;`);(10i;`))
statsTab| ,(8i;`)

12:33:04.454 - Records Processed 3
12:33:04.454 - Current Subscribers: 
bid     | ((9i;`);(10i;`))
quote   | ((9i;`);(10i;`))
statsTab| ,(8i;`)

12:33:05.455 - Records Processed 3
12:33:05.455 - Current Subscribers: 
bid     | ((9i;`);(10i;`))
quote   | ((9i;`);(10i;`))
statsTab| ,(8i;`)

12:33:06.455 - Records Processed 3
12:33:06.456 - Current Subscribers: 
bid     | ((9i;`);(10i;`))
quote   | ((9i;`);(10i;`))
statsTab| ,(8i;`)

12:33:07.017 - Records Processed 3
12:33:07.017 - Current Subscribers: 
bid     | ((9i;`);(10i;`))
quote   | ((9i;`);(10i;`))
statsTab| ,(8i;`)

12:33:08.454 - Records Processed 1071
12:33:08.455 - Current Subscribers: 
bid     | ((9i;`);(10i;`))
quote   | ((9i;`);(10i;`))
statsTab| ,(8i;`)

12:33:09.456 - Records Processed 1071
12:33:09.456 - Current Subscribers: 
bid     | ((9i;`);(10i;`))
quote   | ((9i;`);(10i;`))
statsTab| ,(8i;`)

12:33:10.454 - Records Processed 1071
12:33:10.454 - Current Subscribers: 
bid     | ((9i;`);(10i;`))
quote   | ((9i;`);(10i;`))
statsTab| ,(8i;`)

12:33:11.455 - Records Processed 1071
12:33:11.455 - Current Subscribers: 
bid     | ((9i;`);(10i;`))
quote   | ((9i;`);(10i;`))
statsTab| ,(8i;`)

12:33:12.454 - Records Processed 1071
12:33:12.454 - Current Subscribers: 
bid     | ((9i;`);(10i;`))
quote   | ((9i;`);(10i;`))
statsTab| ,(8i;`)

12:33:13.455 - Records Processed 1071
12:33:13.455 - Current Subscribers: 
bid     | ((9i;`);(10i;`))
quote   | ((9i;`);(10i;`))
statsTab| ,(8i;`)

12:33:14.455 - Records Processed 1071
12:33:14.455 - Current Subscribers: 
bid     | ((9i;`);(10i;`))
quote   | ((9i;`);(10i;`))
statsTab| ,(8i;`)

12:33:15.454 - Records Processed 1071
12:33:15.454 - Current Subscribers: 
bid     | ((9i;`);(10i;`))
quote   | ((9i;`);(10i;`))
statsTab| ,(8i;`)

12:33:16.455 - Records Processed 1071
12:33:16.456 - Current Subscribers: 
bid     | ((9i;`);(10i;`))
quote   | ((9i;`);(10i;`))
statsTab| ,(8i;`)

12:33:17.456 - Records Processed 1071
12:33:17.456 - Current Subscribers: 
bid     | ((9i;`);(10i;`))
quote   | ((9i;`);(10i;`))
statsTab| ,(8i;`)

12:33:18.455 - Records Processed 1071
12:33:18.456 - Current Subscribers: 
bid     | ((9i;`);(10i;`))
quote   | ((9i;`);(10i;`))
statsTab| ,(8i;`)

12:33:19.454 - Records Processed 1071
12:33:19.454 - Current Subscribers: 
bid     | ((9i;`);(10i;`))
quote   | ((9i;`);(10i;`))
statsTab| ,(8i;`)

12:33:20.455 - Records Processed 1071
12:33:20.456 - Current Subscribers: 
bid     | ((9i;`);(10i;`))
quote   | ((9i;`);(10i;`))
statsTab| ,(8i;`)

12:33:21.455 - Records Processed 1071
12:33:21.455 - Current Subscribers: 
bid     | ((9i;`);(10i;`))
quote   | ((9i;`);(10i;`))
statsTab| ,(8i;`)

12:33:22.455 - Records Processed 1071
12:33:22.455 - Current Subscribers: 
bid     | ((9i;`);(10i;`))
quote   | ((9i;`);(10i;`))
statsTab| ,(8i;`)

12:33:23.455 - Records Processed 1071
12:33:23.455 - Current Subscribers: 
bid     | ((9i;`);(10i;`))
quote   | ((9i;`);(10i;`))
statsTab| ,(8i;`)

12:33:24.456 - Records Processed 1071
12:33:24.456 - Current Subscribers: 
bid     | ((9i;`);(10i;`))
quote   | ((9i;`);(10i;`))
statsTab| ,(8i;`)

12:33:25.455 - Records Processed 1071
12:33:25.456 - Current Subscribers: 
bid     | ((9i;`);(10i;`))
quote   | ((9i;`);(10i;`))
statsTab| ,(8i;`)

12:33:26.455 - Records Processed 1071
12:33:26.455 - Current Subscribers: 
bid     | ((9i;`);(10i;`))
quote   | ((9i;`);(10i;`))
statsTab| ,(8i;`)

12:33:27.454 - Records Processed 1071
12:33:27.455 - Current Subscribers: 
bid     | ((9i;`);(10i;`))
quote   | ((9i;`);(10i;`))
statsTab| ,(8i;`)

12:33:28.455 - Records Processed 1071
12:33:28.456 - Current Subscribers: 
bid     | ((9i;`);(10i;`))
quote   | ((9i;`);(10i;`))
statsTab| ,(8i;`)

12:33:29.456 - Records Processed 1071
12:33:29.457 - Current Subscribers: 
bid     | ((9i;`);(10i;`))
quote   | ((9i;`);(10i;`))
statsTab| ,(8i;`)

12:33:30.455 - Records Processed 1071
12:33:30.455 - Current Subscribers: 
bid     | ((9i;`);(10i;`))
quote   | ((9i;`);(10i;`))
statsTab| ,(8i;`)

12:33:31.456 - Records Processed 1071
12:33:31.457 - Current Subscribers: 
bid     | ((9i;`);(10i;`))
quote   | ((9i;`);(10i;`))
statsTab| ,(8i;`)

12:33:32.456 - Records Processed 1071
12:33:32.456 - Current Subscribers: 
bid     | ((9i;`);(10i;`))
quote   | ((9i;`);(10i;`))
statsTab| ,(8i;`)

12:33:33.455 - Records Processed 1071
12:33:33.456 - Current Subscribers: 
bid     | ((9i;`);(10i;`))
quote   | ((9i;`);(10i;`))
statsTab| ,(8i;`)

12:33:34.455 - Records Processed 1071
12:33:34.456 - Current Subscribers: 
bid     | ((9i;`);(10i;`))
quote   | ((9i;`);(10i;`))
statsTab| ,(8i;`)

12:33:35.455 - Records Processed 1071
12:33:35.456 - Current Subscribers: 
bid     | ((9i;`);(10i;`))
quote   | ((9i;`);(10i;`))
statsTab| ,(8i;`)

12:33:36.455 - Records Processed 1071
12:33:36.456 - Current Subscribers: 
bid     | ((9i;`);(10i;`))
quote   | ((9i;`);(10i;`))
statsTab| ,(8i;`)

12:33:37.455 - Records Processed 1071
12:33:37.456 - Current Subscribers: 
bid     | ((9i;`);(10i;`))
quote   | ((9i;`);(10i;`))
statsTab| ,(8i;`)

12:33:38.456 - Records Processed 1071
12:33:38.457 - Current Subscribers: 
bid     | ((9i;`);(10i;`))
quote   | ((9i;`);(10i;`))
statsTab| ,(8i;`)

12:33:39.454 - Records Processed 1071
12:33:39.455 - Current Subscribers: 
bid     | ((9i;`);(10i;`))
quote   | ((9i;`);(10i;`))
statsTab| ,(8i;`)

12:33:40.455 - Records Processed 1071
12:33:40.456 - Current Subscribers: 
bid     | ((9i;`);(10i;`))
quote   | ((9i;`);(10i;`))
statsTab| ,(8i;`)

12:33:41.455 - Records Processed 1071
12:33:41.455 - Current Subscribers: 
bid     | ((9i;`);(10i;`))
quote   | ((9i;`);(10i;`))
statsTab| ,(8i;`)

12:33:42.455 - Records Processed 1071
12:33:42.455 - Current Subscribers: 
bid     | ((9i;`);(10i;`))
quote   | ((9i;`);(10i;`))
statsTab| ,(8i;`)

12:33:43.455 - Records Processed 1071
12:33:43.456 - Current Subscribers: 
bid     | ((9i;`);(10i;`))
quote   | ((9i;`);(10i;`))
statsTab| ,(8i;`)

12:33:44.454 - Records Processed 1071
12:33:44.455 - Current Subscribers: 
bid     | ((9i;`);(10i;`))
quote   | ((9i;`);(10i;`))
statsTab| ,(8i;`)

12:33:45.455 - Records Processed 1071
12:33:45.455 - Current Subscribers: 
bid     | ((9i;`);(10i;`))
quote   | ((9i;`);(10i;`))
statsTab| ,(8i;`)

12:33:46.454 - Records Processed 1071
12:33:46.454 - Current Subscribers: 
bid     | ((9i;`);(10i;`))
quote   | ((9i;`);(10i;`))
statsTab| ,(8i;`)

12:33:47.454 - Records Processed 1071
12:33:47.455 - Current Subscribers: 
bid     | ((9i;`);(10i;`))
quote   | ((9i;`);(10i;`))
statsTab| ,(8i;`)

12:33:48.454 - Records Processed 1071
12:33:48.454 - Current Subscribers: 
bid     | ((9i;`);(10i;`))
quote   | ((9i;`);(10i;`))
statsTab| ,(8i;`)

12:33:49.455 - Records Processed 1071
12:33:49.456 - Current Subscribers: 
bid     | ((9i;`);(10i;`))
quote   | ((9i;`);(10i;`))
statsTab| ,(8i;`)

12:33:50.454 - Records Processed 1071
12:33:50.455 - Current Subscribers: 
bid     | ((9i;`);(10i;`))
quote   | ((9i;`);(10i;`))
statsTab| ,(8i;`)

12:33:51.455 - Records Processed 1071
12:33:51.456 - Current Subscribers: 
bid     | ((9i;`);(10i;`))
quote   | ((9i;`);(10i;`))
statsTab| ,(8i;`)

12:33:52.455 - Records Processed 1071
12:33:52.455 - Current Subscribers: 
bid     | ((9i;`);(10i;`))
quote   | ((9i;`);(10i;`))
statsTab| ,(8i;`)

12:33:53.456 - Records Processed 1071
12:33:53.457 - Current Subscribers: 
bid     | ((9i;`);(10i;`))
quote   | ((9i;`);(10i;`))
statsTab| ,(8i;`)

12:33:54.457 - Records Processed 1071
12:33:54.457 - Current Subscribers: 
bid     | ((9i;`);(10i;`))
quote   | ((9i;`);(10i;`))
statsTab| ,(8i;`)

12:33:55.455 - Records Processed 1071
12:33:55.455 - Current Subscribers: 
bid     | ((9i;`);(10i;`))
quote   | ((9i;`);(10i;`))
statsTab| ,(8i;`)

12:33:56.455 - Records Processed 1071
12:33:56.455 - Current Subscribers: 
bid     | ((9i;`);(10i;`))
quote   | ((9i;`);(10i;`))
statsTab| ,(8i;`)

12:33:57.455 - Records Processed 1071
12:33:57.457 - Current Subscribers: 
bid     | ((9i;`);(10i;`))
quote   | ((9i;`);(10i;`))
statsTab| ,(8i;`)

12:33:58.457 - Records Processed 1071
12:33:58.457 - Current Subscribers: 
bid     | ((9i;`);(10i;`))
quote   | ((9i;`);(10i;`))
statsTab| ,(8i;`)

12:33:59.454 - Records Processed 1071
12:33:59.454 - Current Subscribers: 
bid     | ((9i;`);(10i;`))
quote   | ((9i;`);(10i;`))
statsTab| ,(8i;`)

12:34:00.454 - Records Processed 1071
12:34:00.454 - Current Subscribers: 
bid     | ((9i;`);(10i;`))
quote   | ((9i;`);(10i;`))
statsTab| ,(8i;`)

12:34:01.455 - Records Processed 1071
12:34:01.455 - Current Subscribers: 
bid     | ((9i;`);(10i;`))
quote   | ((9i;`);(10i;`))
statsTab| ,(8i;`)

12:34:02.454 - Records Processed 1071
12:34:02.454 - Current Subscribers: 
bid     | ((9i;`);(10i;`))
quote   | ((9i;`);(10i;`))
statsTab| ,(8i;`)

12:34:03.455 - Records Processed 1071
12:34:03.455 - Current Subscribers: 
bid     | ((9i;`);(10i;`))
quote   | ((9i;`);(10i;`))
statsTab| ,(8i;`)

12:34:04.454 - Records Processed 1071
12:34:04.454 - Current Subscribers: 
bid     | ((9i;`);(10i;`))
quote   | ((9i;`);(10i;`))
statsTab| ,(8i;`)

12:34:05.454 - Records Processed 1071
12:34:05.455 - Current Subscribers: 
bid     | ((9i;`);(10i;`))
quote   | ((9i;`);(10i;`))
statsTab| ,(8i;`)

12:34:06.454 - Records Processed 1071
12:34:06.454 - Current Subscribers: 
bid     | ((9i;`);(10i;`))
quote   | ((9i;`);(10i;`))
statsTab| ,(8i;`)

12:34:07.454 - Records Processed 1071
12:34:07.454 - Current Subscribers: 
bid     | ((9i;`);(10i;`))
quote   | ((9i;`);(10i;`))
statsTab| ,(8i;`)

12:34:08.456 - Records Processed 1071
12:34:08.456 - Current Subscribers: 
bid     | ((9i;`);(10i;`))
quote   | ((9i;`);(10i;`))
statsTab| ,(8i;`)

12:34:09.455 - Records Processed 1071
12:34:09.455 - Current Subscribers: 
bid     | ((9i;`);(10i;`))
quote   | ((9i;`);(10i;`))
statsTab| ,(8i;`)

12:34:10.454 - Records Processed 1071
12:34:10.454 - Current Subscribers: 
bid     | ((9i;`);(10i;`))
quote   | ((9i;`);(10i;`))
statsTab| ,(8i;`)

12:34:11.455 - Records Processed 1071
12:34:11.456 - Current Subscribers: 
bid     | ((9i;`);(10i;`))
quote   | ((9i;`);(10i;`))
statsTab| ,(8i;`)

12:34:12.455 - Records Processed 1071
12:34:12.455 - Current Subscribers: 
bid     | ((9i;`);(10i;`))
quote   | ((9i;`);(10i;`))
statsTab| ,(8i;`)

12:34:13.455 - Records Processed 1071
12:34:13.455 - Current Subscribers: 
bid     | ((9i;`);(10i;`))
quote   | ((9i;`);(10i;`))
statsTab| ,(8i;`)

12:34:14.455 - Records Processed 1071
12:34:14.455 - Current Subscribers: 
bid     | ((9i;`);(10i;`))
quote   | ((9i;`);(10i;`))
statsTab| ,(8i;`)

12:34:15.454 - Records Processed 1071
12:34:15.454 - Current Subscribers: 
bid     | ((9i;`);(10i;`))
quote   | ((9i;`);(10i;`))
statsTab| ,(8i;`)

12:34:16.454 - Records Processed 1071
12:34:16.455 - Current Subscribers: 
bid     | ((9i;`);(10i;`))
quote   | ((9i;`);(10i;`))
statsTab| ,(8i;`)

12:34:17.455 - Records Processed 1071
12:34:17.455 - Current Subscribers: 
bid     | ((9i;`);(10i;`))
quote   | ((9i;`);(10i;`))
statsTab| ,(8i;`)

12:34:18.454 - Records Processed 1071
12:34:18.455 - Current Subscribers: 
bid     | ((9i;`);(10i;`))
quote   | ((9i;`);(10i;`))
statsTab| ,(8i;`)

12:34:19.454 - Records Processed 1071
12:34:19.454 - Current Subscribers: 
bid     | ((9i;`);(10i;`))
quote   | ((9i;`);(10i;`))
statsTab| ,(8i;`)

12:34:20.455 - Records Processed 1071
12:34:20.455 - Current Subscribers: 
bid     | ((9i;`);(10i;`))
quote   | ((9i;`);(10i;`))
statsTab| ,(8i;`)

12:34:21.455 - Records Processed 1071
12:34:21.455 - Current Subscribers: 
bid     | ((9i;`);(10i;`))
quote   | ((9i;`);(10i;`))
statsTab| ,(8i;`)

12:34:22.455 - Records Processed 1071
12:34:22.455 - Current Subscribers: 
bid     | ((9i;`);(10i;`))
quote   | ((9i;`);(10i;`))
statsTab| ,(8i;`)

12:34:23.455 - Records Processed 1071
12:34:23.456 - Current Subscribers: 
bid     | ((9i;`);(10i;`))
quote   | ((9i;`);(10i;`))
statsTab| ,(8i;`)

12:34:24.455 - Records Processed 1071
12:34:24.456 - Current Subscribers: 
bid     | ((9i;`);(10i;`))
quote   | ((9i;`);(10i;`))
statsTab| ,(8i;`)

12:34:25.455 - Records Processed 1071
12:34:25.455 - Current Subscribers: 
bid     | ((9i;`);(10i;`))
quote   | ((9i;`);(10i;`))
statsTab| ,(8i;`)

12:34:26.455 - Records Processed 1071
12:34:26.455 - Current Subscribers: 
bid     | ((9i;`);(10i;`))
quote   | ((9i;`);(10i;`))
statsTab| ,(8i;`)

12:34:27.455 - Records Processed 1071
12:34:27.457 - Current Subscribers: 
bid     | ((9i;`);(10i;`))
quote   | ((9i;`);(10i;`))
statsTab| ,(8i;`)

12:34:28.456 - Records Processed 1071
12:34:28.457 - Current Subscribers: 
bid     | ((9i;`);(10i;`))
quote   | ((9i;`);(10i;`))
statsTab| ,(8i;`)

12:34:29.455 - Records Processed 1071
12:34:29.456 - Current Subscribers: 
bid     | ((9i;`);(10i;`))
quote   | ((9i;`);(10i;`))
statsTab| ,(8i;`)

12:34:30.455 - Records Processed 1071
12:34:30.455 - Current Subscribers: 
bid     | ((9i;`);(10i;`))
quote   | ((9i;`);(10i;`))
statsTab| ,(8i;`)

12:34:31.455 - Records Processed 1071
12:34:31.455 - Current Subscribers: 
bid     | ((9i;`);(10i;`))
quote   | ((9i;`);(10i;`))
statsTab| ,(8i;`)

12:34:32.455 - Records Processed 1071
12:34:32.456 - Current Subscribers: 
bid     | ((9i;`);(10i;`))
quote   | ((9i;`);(10i;`))
statsTab| ,(8i;`)

12:34:33.454 - Records Processed 1071
12:34:33.455 - Current Subscribers: 
bid     | ((9i;`);(10i;`))
quote   | ((9i;`);(10i;`))
statsTab| ,(8i;`)

12:34:34.455 - Records Processed 1071
12:34:34.455 - Current Subscribers: 
bid     | ((9i;`);(10i;`))
quote   | ((9i;`);(10i;`))
statsTab| ,(8i;`)

12:34:35.454 - Records Processed 1071
12:34:35.455 - Current Subscribers: 
bid     | ((9i;`);(10i;`))
quote   | ((9i;`);(10i;`))
statsTab| ,(8i;`)

12:34:36.455 - Records Processed 1071
12:34:36.455 - Current Subscribers: 
bid     | ((9i;`);(10i;`))
quote   | ((9i;`);(10i;`))
statsTab| ,(8i;`)

12:34:37.455 - Records Processed 1071
12:34:37.456 - Current Subscribers: 
bid     | ((9i;`);(10i;`))
quote   | ((9i;`);(10i;`))
statsTab| ,(8i;`)

12:34:38.456 - Records Processed 1071
12:34:38.457 - Current Subscribers: 
bid     | ((9i;`);(10i;`))
quote   | ((9i;`);(10i;`))
statsTab| ,(8i;`)

12:34:39.455 - Records Processed 1071
12:34:39.456 - Current Subscribers: 
bid     | ((9i;`);(10i;`))
quote   | ((9i;`);(10i;`))
statsTab| ,(8i;`)

12:34:40.455 - Records Processed 1071
12:34:40.456 - Current Subscribers: 
bid     | ((9i;`);(10i;`))
quote   | ((9i;`);(10i;`))
statsTab| ,(8i;`)

12:34:41.455 - Records Processed 1071
12:34:41.455 - Current Subscribers: 
bid     | ((9i;`);(10i;`))
quote   | ((9i;`);(10i;`))
statsTab| ,(8i;`)

12:34:42.455 - Records Processed 1071
12:34:42.456 - Current Subscribers: 
bid     | ((9i;`);(10i;`))
quote   | ((9i;`);(10i;`))
statsTab| ,(8i;`)

12:34:43.454 - Records Processed 1071
12:34:43.455 - Current Subscribers: 
bid     | ((9i;`);(10i;`))
quote   | ((9i;`);(10i;`))
statsTab| ,(8i;`)

12:34:44.454 - Records Processed 1071
12:34:44.455 - Current Subscribers: 
bid     | ((9i;`);(10i;`))
quote   | ((9i;`);(10i;`))
statsTab| ,(8i;`)

12:34:45.455 - Records Processed 1071
12:34:45.455 - Current Subscribers: 
bid     | ((9i;`);(10i;`))
quote   | ((9i;`);(10i;`))
statsTab| ,(8i;`)

12:34:46.455 - Records Processed 1071
12:34:46.456 - Current Subscribers: 
bid     | ((9i;`);(10i;`))
quote   | ((9i;`);(10i;`))
statsTab| ,(8i;`)

12:34:47.454 - Records Processed 1071
12:34:47.454 - Current Subscribers: 
bid     | ((9i;`);(10i;`))
quote   | ((9i;`);(10i;`))
statsTab| ,(8i;`)

12:34:48.454 - Records Processed 1071
12:34:48.455 - Current Subscribers: 
bid     | ((9i;`);(10i;`))
quote   | ((9i;`);(10i;`))
statsTab| ,(8i;`)

12:34:49.454 - Records Processed 1071
12:34:49.455 - Current Subscribers: 
bid     | ((9i;`);(10i;`))
quote   | ((9i;`);(10i;`))
statsTab| ,(8i;`)

12:34:50.454 - Records Processed 1071
12:34:50.455 - Current Subscribers: 
bid     | ((9i;`);(10i;`))
quote   | ((9i;`);(10i;`))
statsTab| ,(8i;`)

12:34:51.456 - Records Processed 1071
12:34:51.456 - Current Subscribers: 
bid     | ((9i;`);(10i;`))
quote   | ((9i;`);(10i;`))
statsTab| ,(8i;`)

12:34:52.455 - Records Processed 1071
12:34:52.456 - Current Subscribers: 
bid     | ((9i;`);(10i;`))
quote   | ((9i;`);(10i;`))
statsTab| ,(8i;`)

12:34:53.455 - Records Processed 1071
12:34:53.455 - Current Subscribers: 
bid     | ((9i;`);(10i;`))
quote   | ((9i;`);(10i;`))
statsTab| ,(8i;`)

12:34:54.455 - Records Processed 1071
12:34:54.455 - Current Subscribers: 
bid     | ((9i;`);(10i;`))
quote   | ((9i;`);(10i;`))
statsTab| ,(8i;`)

12:34:55.455 - Records Processed 1071
12:34:55.455 - Current Subscribers: 
bid     | ((9i;`);(10i;`))
quote   | ((9i;`);(10i;`))
statsTab| ,(8i;`)

12:34:56.455 - Records Processed 1071
12:34:56.455 - Current Subscribers: 
bid     | ((9i;`);(10i;`))
quote   | ((9i;`);(10i;`))
statsTab| ,(8i;`)

12:34:57.455 - Records Processed 1071
12:34:57.456 - Current Subscribers: 
bid     | ((9i;`);(10i;`))
quote   | ((9i;`);(10i;`))
statsTab| ,(8i;`)

12:34:58.456 - Records Processed 1071
12:34:58.457 - Current Subscribers: 
bid     | ((9i;`);(10i;`))
quote   | ((9i;`);(10i;`))
statsTab| ,(8i;`)

12:34:59.455 - Records Processed 1071
12:34:59.455 - Current Subscribers: 
bid     | ((9i;`);(10i;`))
quote   | ((9i;`);(10i;`))
statsTab| ,(8i;`)

12:35:00.454 - Records Processed 1071
12:35:00.455 - Current Subscribers: 
bid     | ((9i;`);(10i;`))
quote   | ((9i;`);(10i;`))
statsTab| ,(8i;`)

12:35:01.455 - Records Processed 1071
12:35:01.455 - Current Subscribers: 
bid     | ((9i;`);(10i;`))
quote   | ((9i;`);(10i;`))
statsTab| ,(8i;`)

12:35:02.455 - Records Processed 1071
12:35:02.456 - Current Subscribers: 
bid     | ((9i;`);(10i;`))
quote   | ((9i;`);(10i;`))
statsTab| ,(8i;`)

12:35:03.455 - Records Processed 1071
12:35:03.455 - Current Subscribers: 
bid     | ((9i;`);(10i;`))
quote   | ((9i;`);(10i;`))
statsTab| ,(8i;`)

12:35:04.453 - Records Processed 1071
12:35:04.454 - Current Subscribers: 
bid     | ((9i;`);(10i;`))
quote   | ((9i;`);(10i;`))
statsTab| ,(8i;`)

12:35:05.455 - Records Processed 1071
12:35:05.456 - Current Subscribers: 
bid     | ((9i;`);(10i;`))
quote   | ((9i;`);(10i;`))
statsTab| ,(8i;`)

12:35:06.455 - Records Processed 1071
12:35:06.455 - Current Subscribers: 
bid     | ((9i;`);(10i;`))
quote   | ((9i;`);(10i;`))
statsTab| ,(8i;`)

12:35:07.454 - Records Processed 1071
12:35:07.454 - Current Subscribers: 
bid     | ((9i;`);(10i;`))
quote   | ((9i;`);(10i;`))
statsTab| ,(8i;`)

12:35:08.455 - Records Processed 1071
12:35:08.455 - Current Subscribers: 
bid     | ((9i;`);(10i;`))
quote   | ((9i;`);(10i;`))
statsTab| ,(8i;`)

12:35:09.455 - Records Processed 1071
12:35:09.455 - Current Subscribers: 
bid     | ((9i;`);(10i;`))
quote   | ((9i;`);(10i;`))
statsTab| ,(8i;`)

12:35:10.455 - Records Processed 1071
12:35:10.456 - Current Subscribers: 
bid     | ((9i;`);(10i;`))
quote   | ((9i;`);(10i;`))
statsTab| ,(8i;`)

12:35:11.455 - Records Processed 1071
12:35:11.455 - Current Subscribers: 
bid     | ((9i;`);(10i;`))
quote   | ((9i;`);(10i;`))
statsTab| ,(8i;`)

12:35:12.455 - Records Processed 1071
12:35:12.455 - Current Subscribers: 
bid     | ((9i;`);(10i;`))
quote   | ((9i;`);(10i;`))
statsTab| ,(8i;`)

12:35:13.454 - Records Processed 1071
12:35:13.455 - Current Subscribers: 
bid     | ((9i;`);(10i;`))
quote   | ((9i;`);(10i;`))
statsTab| ,(8i;`)

12:35:14.455 - Records Processed 1071
12:35:14.455 - Current Subscribers: 
bid     | ((9i;`);(10i;`))
quote   | ((9i;`);(10i;`))
statsTab| ,(8i;`)

12:35:15.455 - Records Processed 1071
12:35:15.455 - Current Subscribers: 
bid     | ((9i;`);(10i;`))
quote   | ((9i;`);(10i;`))
statsTab| ,(8i;`)

12:35:16.455 - Records Processed 1071
12:35:16.456 - Current Subscribers: 
bid     | ((9i;`);(10i;`))
quote   | ((9i;`);(10i;`))
statsTab| ,(8i;`)

12:35:17.456 - Records Processed 1071
12:35:17.456 - Current Subscribers: 
bid     | ((9i;`);(10i;`))
quote   | ((9i;`);(10i;`))
statsTab| ,(8i;`)

12:35:18.454 - Records Processed 1071
12:35:18.455 - Current Subscribers: 
bid     | ((9i;`);(10i;`))
quote   | ((9i;`);(10i;`))
statsTab| ,(8i;`)

12:35:19.454 - Records Processed 1071
12:35:19.455 - Current Subscribers: 
bid     | ((9i;`);(10i;`))
quote   | ((9i;`);(10i;`))
statsTab| ,(8i;`)

12:35:20.454 - Records Processed 1071
12:35:20.454 - Current Subscribers: 
bid     | ((9i;`);(10i;`))
quote   | ((9i;`);(10i;`))
statsTab| ,(8i;`)

12:35:21.455 - Records Processed 1071
12:35:21.455 - Current Subscribers: 
bid     | ((9i;`);(10i;`))
quote   | ((9i;`);(10i;`))
statsTab| ,(8i;`)

12:35:22.453 - Records Processed 1071
12:35:22.454 - Current Subscribers: 
bid     | ((9i;`);(10i;`))
quote   | ((9i;`);(10i;`))
statsTab| ,(8i;`)

12:35:23.455 - Records Processed 1071
12:35:23.455 - Current Subscribers: 
bid     | ((9i;`);(10i;`))
quote   | ((9i;`);(10i;`))
statsTab| ,(8i;`)

12:35:24.454 - Records Processed 1071
12:35:24.455 - Current Subscribers: 
bid     | ((9i;`);(10i;`))
quote   | ((9i;`);(10i;`))
statsTab| ,(8i;`)

12:35:25.455 - Records Processed 1071
12:35:25.456 - Current Subscribers: 
bid     | ((9i;`);(10i;`))
quote   | ((9i;`);(10i;`))
statsTab| ,(8i;`)

12:35:26.455 - Records Processed 1071
12:35:26.456 - Current Subscribers: 
bid     | ((9i;`);(10i;`))
quote   | ((9i;`);(10i;`))
statsTab| ,(8i;`)

12:35:27.455 - Records Processed 1071
12:35:27.456 - Current Subscribers: 
bid     | ((9i;`);(10i;`))
quote   | ((9i;`);(10i;`))
statsTab| ,(8i;`)

12:35:28.455 - Records Processed 1071
12:35:28.455 - Current Subscribers: 
bid     | ((9i;`);(10i;`))
quote   | ((9i;`);(10i;`))
statsTab| ,(8i;`)

12:35:29.455 - Records Processed 1071
12:35:29.456 - Current Subscribers: 
bid     | ((9i;`);(10i;`))
quote   | ((9i;`);(10i;`))
statsTab| ,(8i;`)

12:35:30.455 - Records Processed 1071
12:35:30.455 - Current Subscribers: 
bid     | ((9i;`);(10i;`))
quote   | ((9i;`);(10i;`))
statsTab| ,(8i;`)

12:35:31.454 - Records Processed 1071
12:35:31.454 - Current Subscribers: 
bid     | ((9i;`);(10i;`))
quote   | ((9i;`);(10i;`))
statsTab| ,(8i;`)

12:35:32.455 - Records Processed 1071
12:35:32.456 - Current Subscribers: 
bid     | ((9i;`);(10i;`))
quote   | ((9i;`);(10i;`))
statsTab| ,(8i;`)

12:35:33.455 - Records Processed 1071
12:35:33.455 - Current Subscribers: 
bid     | ((9i;`);(10i;`))
quote   | ((9i;`);(10i;`))
statsTab| ,(8i;`)

12:35:34.454 - Records Processed 1071
12:35:34.454 - Current Subscribers: 
bid     | ((9i;`);(10i;`))
quote   | ((9i;`);(10i;`))
statsTab| ,(8i;`)

12:35:35.454 - Records Processed 1071
12:35:35.454 - Current Subscribers: 
bid     | ((9i;`);(10i;`))
quote   | ((9i;`);(10i;`))
statsTab| ,(8i;`)

12:35:36.455 - Records Processed 1071
12:35:36.455 - Current Subscribers: 
bid     | ((9i;`);(10i;`))
quote   | ((9i;`);(10i;`))
statsTab| ,(8i;`)

12:35:37.454 - Records Processed 1071
12:35:37.454 - Current Subscribers: 
bid     | ((9i;`);(10i;`))
quote   | ((9i;`);(10i;`))
statsTab| ,(8i;`)

12:35:38.455 - Records Processed 1071
12:35:38.455 - Current Subscribers: 
bid     | ((9i;`);(10i;`))
quote   | ((9i;`);(10i;`))
statsTab| ,(8i;`)

12:35:39.454 - Records Processed 1071
12:35:39.454 - Current Subscribers: 
bid     | ((9i;`);(10i;`))
quote   | ((9i;`);(10i;`))
statsTab| ,(8i;`)

12:35:40.454 - Records Processed 1071
12:35:40.454 - Current Subscribers: 
bid     | ((9i;`);(10i;`))
quote   | ((9i;`);(10i;`))
statsTab| ,(8i;`)

12:35:41.455 - Records Processed 1071
12:35:41.455 - Current Subscribers: 
bid     | ((9i;`);(10i;`))
quote   | ((9i;`);(10i;`))
statsTab| ,(8i;`)

12:35:42.455 - Records Processed 1071
12:35:42.456 - Current Subscribers: 
bid     | ((9i;`);(10i;`))
quote   | ((9i;`);(10i;`))
statsTab| ,(8i;`)

12:35:43.454 - Records Processed 1071
12:35:43.455 - Current Subscribers: 
bid     | ((9i;`);(10i;`))
quote   | ((9i;`);(10i;`))
statsTab| ,(8i;`)

12:35:44.455 - Records Processed 1071
12:35:44.455 - Current Subscribers: 
bid     | ((9i;`);(10i;`))
quote   | ((9i;`);(10i;`))
statsTab| ,(8i;`)

12:35:45.454 - Records Processed 1071
12:35:45.454 - Current Subscribers: 
bid     | ((9i;`);(10i;`))
quote   | ((9i;`);(10i;`))
statsTab| ,(8i;`)

12:35:46.455 - Records Processed 1071
12:35:46.455 - Current Subscribers: 
bid     | ((9i;`);(10i;`))
quote   | ((9i;`);(10i;`))
statsTab| ,(8i;`)

12:35:47.454 - Records Processed 1071
12:35:47.455 - Current Subscribers: 
bid     | ((9i;`);(10i;`))
quote   | ((9i;`);(10i;`))
statsTab| ,(8i;`)

12:35:48.456 - Records Processed 1071
12:35:48.456 - Current Subscribers: 
bid     | ((9i;`);(10i;`))
quote   | ((9i;`);(10i;`))
statsTab| ,(8i;`)

12:35:49.455 - Records Processed 1071
12:35:49.455 - Current Subscribers: 
bid     | ((9i;`);(10i;`))
quote   | ((9i;`);(10i;`))
statsTab| ,(8i;`)

12:35:50.455 - Records Processed 1071
12:35:50.455 - Current Subscribers: 
bid     | ((9i;`);(10i;`))
quote   | ((9i;`);(10i;`))
statsTab| ,(8i;`)

12:35:51.454 - Records Processed 1071
12:35:51.455 - Current Subscribers: 
bid     | ((9i;`);(10i;`))
quote   | ((9i;`);(10i;`))
statsTab| ,(8i;`)

12:35:52.454 - Records Processed 1071
12:35:52.454 - Current Subscribers: 
bid     | ((9i;`);(10i;`))
quote   | ((9i;`);(10i;`))
statsTab| ,(8i;`)

12:35:53.454 - Records Processed 1071
12:35:53.455 - Current Subscribers: 
bid     | ((9i;`);(10i;`))
quote   | ((9i;`);(10i;`))
statsTab| ,(8i;`)

12:35:54.455 - Records Processed 1071
12:35:54.456 - Current Subscribers: 
bid     | ((9i;`);(10i;`))
quote   | ((9i;`);(10i;`))
statsTab| ,(8i;`)

12:35:55.455 - Records Processed 1071
12:35:55.455 - Current Subscribers: 
bid     | ((9i;`);(10i;`))
quote   | ((9i;`);(10i;`))
statsTab| ,(8i;`)

12:35:56.455 - Records Processed 1071
12:35:56.455 - Current Subscribers: 
bid     | ((9i;`);(10i;`))
quote   | ((9i;`);(10i;`))
statsTab| ,(8i;`)

12:35:57.454 - Records Processed 1071
12:35:57.454 - Current Subscribers: 
bid     | ((9i;`);(10i;`))
quote   | ((9i;`);(10i;`))
statsTab| ,(8i;`)

12:35:58.454 - Records Processed 1071
12:35:58.454 - Current Subscribers: 
bid     | ((9i;`);(10i;`))
quote   | ((9i;`);(10i;`))
statsTab| ,(8i;`)

12:35:59.455 - Records Processed 1071
12:35:59.455 - Current Subscribers: 
bid     | ((9i;`);(10i;`))
quote   | ((9i;`);(10i;`))
statsTab| ,(8i;`)

12:36:00.455 - Records Processed 1071
12:36:00.456 - Current Subscribers: 
bid     | ((9i;`);(10i;`))
quote   | ((9i;`);(10i;`))
statsTab| ,(8i;`)

12:36:01.456 - Records Processed 1071
12:36:01.456 - Current Subscribers: 
bid     | ((9i;`);(10i;`))
quote   | ((9i;`);(10i;`))
statsTab| ,(8i;`)

12:36:02.455 - Records Processed 1071
12:36:02.456 - Current Subscribers: 
bid     | ((9i;`);(10i;`))
quote   | ((9i;`);(10i;`))
statsTab| ,(8i;`)

12:36:03.456 - Records Processed 1071
12:36:03.457 - Current Subscribers: 
bid     | ((9i;`);(10i;`))
quote   | ((9i;`);(10i;`))
statsTab| ,(8i;`)

12:36:04.457 - Records Processed 1071
12:36:04.457 - Current Subscribers: 
bid     | ((9i;`);(10i;`))
quote   | ((9i;`);(10i;`))
statsTab| ,(8i;`)

12:36:05.455 - Records Processed 1071
12:36:05.456 - Current Subscribers: 
bid     | ((9i;`);(10i;`))
quote   | ((9i;`);(10i;`))
statsTab| ,(8i;`)

12:36:06.455 - Records Processed 1071
12:36:06.456 - Current Subscribers: 
bid     | ((9i;`);(10i;`))
quote   | ((9i;`);(10i;`))
statsTab| ,(8i;`)

12:36:07.455 - Records Processed 1071
12:36:07.455 - Current Subscribers: 
bid     | ((9i;`);(10i;`))
quote   | ((9i;`);(10i;`))
statsTab| ,(8i;`)

12:36:08.454 - Records Processed 1071
12:36:08.455 - Current Subscribers: 
bid     | ((9i;`);(10i;`))
quote   | ((9i;`);(10i;`))
statsTab| ,(8i;`)

12:36:09.454 - Records Processed 1071
12:36:09.455 - Current Subscribers: 
bid     | ((9i;`);(10i;`))
quote   | ((9i;`);(10i;`))
statsTab| ,(8i;`)

12:36:10.461 - Records Processed 1071
12:36:10.462 - Current Subscribers: 
bid     | ((9i;`);(10i;`))
quote   | ((9i;`);(10i;`))
statsTab| ,(8i;`)

12:36:11.454 - Records Processed 1071
12:36:11.455 - Current Subscribers: 
bid     | ((9i;`);(10i;`))
quote   | ((9i;`);(10i;`))
statsTab| ,(8i;`)

12:36:12.454 - Records Processed 1071
12:36:12.454 - Current Subscribers: 
bid     | ((9i;`);(10i;`))
quote   | ((9i;`);(10i;`))
statsTab| ,(8i;`)

12:36:13.455 - Records Processed 1071
12:36:13.455 - Current Subscribers: 
bid     | ((9i;`);(10i;`))
quote   | ((9i;`);(10i;`))
statsTab| ,(8i;`)

12:36:14.456 - Records Processed 1071
12:36:14.457 - Current Subscribers: 
bid     | ((9i;`);(10i;`))
quote   | ((9i;`);(10i;`))
statsTab| ,(8i;`)

12:36:15.454 - Records Processed 1071
12:36:15.455 - Current Subscribers: 
bid     | ((9i;`);(10i;`))
quote   | ((9i;`);(10i;`))
statsTab| ,(8i;`)

12:36:16.455 - Records Processed 1071
12:36:16.455 - Current Subscribers: 
bid     | ((9i;`);(10i;`))
quote   | ((9i;`);(10i;`))
statsTab| ,(8i;`)

12:36:17.455 - Records Processed 1071
12:36:17.455 - Current Subscribers: 
bid     | ((9i;`);(10i;`))
quote   | ((9i;`);(10i;`))
statsTab| ,(8i;`)

12:36:18.455 - Records Processed 1071
12:36:18.455 - Current Subscribers: 
bid     | ((9i;`);(10i;`))
quote   | ((9i;`);(10i;`))
statsTab| ,(8i;`)

12:36:19.455 - Records Processed 1071
12:36:19.455 - Current Subscribers: 
bid     | ((9i;`);(10i;`))
quote   | ((9i;`);(10i;`))
statsTab| ,(8i;`)

12:36:20.455 - Records Processed 1071
12:36:20.455 - Current Subscribers: 
bid     | ((9i;`);(10i;`))
quote   | ((9i;`);(10i;`))
statsTab| ,(8i;`)

12:36:21.455 - Records Processed 1071
12:36:21.455 - Current Subscribers: 
bid     | ((9i;`);(10i;`))
quote   | ((9i;`);(10i;`))
statsTab| ,(8i;`)

12:36:22.455 - Records Processed 1071
12:36:22.455 - Current Subscribers: 
bid     | ((9i;`);(10i;`))
quote   | ((9i;`);(10i;`))
statsTab| ,(8i;`)

12:36:23.455 - Records Processed 1071
12:36:23.456 - Current Subscribers: 
bid     | ((9i;`);(10i;`))
quote   | ((9i;`);(10i;`))
statsTab| ,(8i;`)

12:36:24.456 - Records Processed 1071
12:36:24.457 - Current Subscribers: 
bid     | ((9i;`);(10i;`))
quote   | ((9i;`);(10i;`))
statsTab| ,(8i;`)

12:36:25.456 - Records Processed 1071
12:36:25.456 - Current Subscribers: 
bid     | ((9i;`);(10i;`))
quote   | ((9i;`);(10i;`))
statsTab| ,(8i;`)

12:36:26.455 - Records Processed 1071
12:36:26.455 - Current Subscribers: 
bid     | ((9i;`);(10i;`))
quote   | ((9i;`);(10i;`))
statsTab| ,(8i;`)

12:36:27.455 - Records Processed 1071
12:36:27.455 - Current Subscribers: 
bid     | ((9i;`);(10i;`))
quote   | ((9i;`);(10i;`))
statsTab| ,(8i;`)

12:36:28.455 - Records Processed 1071
12:36:28.455 - Current Subscribers: 
bid     | ((9i;`);(10i;`))
quote   | ((9i;`);(10i;`))
statsTab| ,(8i;`)

12:36:29.455 - Records Processed 1071
12:36:29.455 - Current Subscribers: 
bid     | ((9i;`);(10i;`))
quote   | ((9i;`);(10i;`))
statsTab| ,(8i;`)

12:36:30.455 - Records Processed 1071
12:36:30.455 - Current Subscribers: 
bid     | ((9i;`);(10i;`))
quote   | ((9i;`);(10i;`))
statsTab| ,(8i;`)

12:36:31.454 - Records Processed 1071
12:36:31.454 - Current Subscribers: 
bid     | ((9i;`);(10i;`))
quote   | ((9i;`);(10i;`))
statsTab| ,(8i;`)

12:36:32.456 - Records Processed 1071
12:36:32.456 - Current Subscribers: 
bid     | ((9i;`);(10i;`))
quote   | ((9i;`);(10i;`))
statsTab| ,(8i;`)

12:36:33.455 - Records Processed 1071
12:36:33.455 - Current Subscribers: 
bid     | ((9i;`);(10i;`))
quote   | ((9i;`);(10i;`))
statsTab| ,(8i;`)

12:36:34.456 - Records Processed 1071
12:36:34.457 - Current Subscribers: 
bid     | ((9i;`);(10i;`))
quote   | ((9i;`);(10i;`))
statsTab| ,(8i;`)

12:36:35.455 - Records Processed 1071
12:36:35.455 - Current Subscribers: 
bid     | ((9i;`);(10i;`))
quote   | ((9i;`);(10i;`))
statsTab| ,(8i;`)

12:36:36.455 - Records Processed 1071
12:36:36.455 - Current Subscribers: 
bid     | ((9i;`);(10i;`))
quote   | ((9i;`);(10i;`))
statsTab| ,(8i;`)

12:36:37.454 - Records Processed 1071
12:36:37.454 - Current Subscribers: 
bid     | ((9i;`);(10i;`))
quote   | ((9i;`);(10i;`))
statsTab| ,(8i;`)

12:36:38.454 - Records Processed 1071
12:36:38.455 - Current Subscribers: 
bid     | ((9i;`);(10i;`))
quote   | ((9i;`);(10i;`))
statsTab| ,(8i;`)

12:36:39.455 - Records Processed 1071
12:36:39.455 - Current Subscribers: 
bid     | ((9i;`);(10i;`))
quote   | ((9i;`);(10i;`))
statsTab| ,(8i;`)

12:36:40.454 - Records Processed 1071
12:36:40.455 - Current Subscribers: 
bid     | ((9i;`);(10i;`))
quote   | ((9i;`);(10i;`))
statsTab| ,(8i;`)

12:36:41.456 - Records Processed 1071
12:36:41.456 - Current Subscribers: 
bid     | ((9i;`);(10i;`))
quote   | ((9i;`);(10i;`))
statsTab| ,(8i;`)

12:36:42.337 - Records Processed 1071
12:36:42.338 - Current Subscribers: 
bid     | ((9i;`);(10i;`))
quote   | ((9i;`);(10i;`))
statsTab| ,(8i;`)

12:36:43.454 - Records Processed 2139
12:36:43.454 - Current Subscribers: 
bid     | ((9i;`);(10i;`))
quote   | ((9i;`);(10i;`))
statsTab| ,(8i;`)

12:36:44.455 - Records Processed 2139
12:36:44.455 - Current Subscribers: 
bid     | ((9i;`);(10i;`))
quote   | ((9i;`);(10i;`))
statsTab| ,(8i;`)

12:36:45.454 - Records Processed 2139
12:36:45.454 - Current Subscribers: 
bid     | ((9i;`);(10i;`))
quote   | ((9i;`);(10i;`))
statsTab| ,(8i;`)

12:36:46.454 - Records Processed 2139
12:36:46.455 - Current Subscribers: 
bid     | ((9i;`);(10i;`))
quote   | ((9i;`);(10i;`))
statsTab| ,(8i;`)

12:36:47.457 - Records Processed 2139
12:36:47.457 - Current Subscribers: 
bid     | ((9i;`);(10i;`))
quote   | ((9i;`);(10i;`))
statsTab| ,(8i;`)

12:36:48.454 - Records Processed 2139
12:36:48.455 - Current Subscribers: 
bid     | ((9i;`);(10i;`))
quote   | ((9i;`);(10i;`))
statsTab| ,(8i;`)

12:36:49.455 - Records Processed 2139
12:36:49.455 - Current Subscribers: 
bid     | ((9i;`);(10i;`))
quote   | ((9i;`);(10i;`))
statsTab| ,(8i;`)

12:36:50.455 - Records Processed 2139
12:36:50.455 - Current Subscribers: 
bid     | ((9i;`);(10i;`))
quote   | ((9i;`);(10i;`))
statsTab| ,(8i;`)

12:36:51.454 - Records Processed 2139
12:36:51.454 - Current Subscribers: 
bid     | ((9i;`);(10i;`))
quote   | ((9i;`);(10i;`))
statsTab| ,(8i;`)

12:36:52.455 - Records Processed 2139
12:36:52.455 - Current Subscribers: 
bid     | ((9i;`);(10i;`))
quote   | ((9i;`);(10i;`))
statsTab| ,(8i;`)

12:36:53.454 - Records Processed 2139
12:36:53.455 - Current Subscribers: 
bid     | ((9i;`);(10i;`))
quote   | ((9i;`);(10i;`))
statsTab| ,(8i;`)

12:36:54.454 - Records Processed 2139
12:36:54.455 - Current Subscribers: 
bid     | ((9i;`);(10i;`))
quote   | ((9i;`);(10i;`))
statsTab| ,(8i;`)

12:36:55.454 - Records Processed 2139
12:36:55.455 - Current Subscribers: 
bid     | ((9i;`);(10i;`))
quote   | ((9i;`);(10i;`))
statsTab| ,(8i;`)

12:36:56.455 - Records Processed 2139
12:36:56.455 - Current Subscribers: 
bid     | ((9i;`);(10i;`))
quote   | ((9i;`);(10i;`))
statsTab| ,(8i;`)

12:36:57.455 - Records Processed 2139
12:36:57.456 - Current Subscribers: 
bid     | ((9i;`);(10i;`))
quote   | ((9i;`);(10i;`))
statsTab| ,(8i;`)

12:36:58.454 - Records Processed 2139
12:36:58.454 - Current Subscribers: 
bid     | ((9i;`);(10i;`))
quote   | ((9i;`);(10i;`))
statsTab| ,(8i;`)

12:36:59.455 - Records Processed 2139
12:36:59.455 - Current Subscribers: 
bid     | ((9i;`);(10i;`))
quote   | ((9i;`);(10i;`))
statsTab| ,(8i;`)

12:37:00.455 - Records Processed 2139
12:37:00.455 - Current Subscribers: 
bid     | ((9i;`);(10i;`))
quote   | ((9i;`);(10i;`))
statsTab| ,(8i;`)

12:37:01.454 - Records Processed 2139
12:37:01.454 - Current Subscribers: 
bid     | ((9i;`);(10i;`))
quote   | ((9i;`);(10i;`))
statsTab| ,(8i;`)

12:37:02.455 - Records Processed 2139
12:37:02.455 - Current Subscribers: 
bid     | ((9i;`);(10i;`))
quote   | ((9i;`);(10i;`))
statsTab| ,(8i;`)

12:37:03.455 - Records Processed 2139
12:37:03.455 - Current Subscribers: 
bid     | ((9i;`);(10i;`))
quote   | ((9i;`);(10i;`))
statsTab| ,(8i;`)

12:37:04.454 - Records Processed 2139
12:37:04.454 - Current Subscribers: 
bid     | ((9i;`);(10i;`))
quote   | ((9i;`);(10i;`))
statsTab| ,(8i;`)

12:37:05.454 - Records Processed 2139
12:37:05.455 - Current Subscribers: 
bid     | ((9i;`);(10i;`))
quote   | ((9i;`);(10i;`))
statsTab| ,(8i;`)

12:37:06.455 - Records Processed 2139
12:37:06.455 - Current Subscribers: 
bid     | ((9i;`);(10i;`))
quote   | ((9i;`);(10i;`))
statsTab| ,(8i;`)

12:37:07.454 - Records Processed 2139
12:37:07.454 - Current Subscribers: 
bid     | ((9i;`);(10i;`))
quote   | ((9i;`);(10i;`))
statsTab| ,(8i;`)

12:37:08.455 - Records Processed 2139
12:37:08.455 - Current Subscribers: 
bid     | ((9i;`);(10i;`))
quote   | ((9i;`);(10i;`))
statsTab| ,(8i;`)

12:37:09.454 - Records Processed 2139
12:37:09.454 - Current Subscribers: 
bid     | ((9i;`);(10i;`))
quote   | ((9i;`);(10i;`))
statsTab| ,(8i;`)

12:37:10.454 - Records Processed 2139
12:37:10.455 - Current Subscribers: 
bid     | ((9i;`);(10i;`))
quote   | ((9i;`);(10i;`))
statsTab| ,(8i;`)

12:37:11.455 - Records Processed 2139
12:37:11.455 - Current Subscribers: 
bid     | ((9i;`);(10i;`))
quote   | ((9i;`);(10i;`))
statsTab| ,(8i;`)

12:37:12.454 - Records Processed 2139
12:37:12.455 - Current Subscribers: 
bid     | ((9i;`);(10i;`))
quote   | ((9i;`);(10i;`))
statsTab| ,(8i;`)

12:37:13.454 - Records Processed 2139
12:37:13.455 - Current Subscribers: 
bid     | ((9i;`);(10i;`))
quote   | ((9i;`);(10i;`))
statsTab| ,(8i;`)

12:37:14.455 - Records Processed 2139
12:37:14.455 - Current Subscribers: 
bid     | ((9i;`);(10i;`))
quote   | ((9i;`);(10i;`))
statsTab| ,(8i;`)

12:37:15.454 - Records Processed 2139
12:37:15.454 - Current Subscribers: 
bid     | ((9i;`);(10i;`))
quote   | ((9i;`);(10i;`))
statsTab| ,(8i;`)

12:37:16.454 - Records Processed 2139
12:37:16.454 - Current Subscribers: 
bid     | ((9i;`);(10i;`))
quote   | ((9i;`);(10i;`))
statsTab| ,(8i;`)

12:37:17.454 - Records Processed 2139
12:37:17.455 - Current Subscribers: 
bid     | ((9i;`);(10i;`))
quote   | ((9i;`);(10i;`))
statsTab| ,(8i;`)

12:37:18.456 - Records Processed 2139
12:37:18.456 - Current Subscribers: 
bid     | ((9i;`);(10i;`))
quote   | ((9i;`);(10i;`))
statsTab| ,(8i;`)

12:37:19.454 - Records Processed 2139
12:37:19.455 - Current Subscribers: 
bid     | ((9i;`);(10i;`))
quote   | ((9i;`);(10i;`))
statsTab| ,(8i;`)

12:37:20.453 - Records Processed 2139
12:37:20.454 - Current Subscribers: 
bid     | ((9i;`);(10i;`))
quote   | ((9i;`);(10i;`))
statsTab| ,(8i;`)

12:37:21.454 - Records Processed 2139
12:37:21.454 - Current Subscribers: 
bid     | ((9i;`);(10i;`))
quote   | ((9i;`);(10i;`))
statsTab| ,(8i;`)

12:37:22.455 - Records Processed 2139
12:37:22.455 - Current Subscribers: 
bid     | ((9i;`);(10i;`))
quote   | ((9i;`);(10i;`))
statsTab| ,(8i;`)

12:37:23.454 - Records Processed 2139
12:37:23.455 - Current Subscribers: 
bid     | ((9i;`);(10i;`))
quote   | ((9i;`);(10i;`))
statsTab| ,(8i;`)

12:37:24.455 - Records Processed 2139
12:37:24.455 - Current Subscribers: 
bid     | ((9i;`);(10i;`))
quote   | ((9i;`);(10i;`))
statsTab| ,(8i;`)

12:37:25.455 - Records Processed 2139
12:37:25.455 - Current Subscribers: 
bid     | ((9i;`);(10i;`))
quote   | ((9i;`);(10i;`))
statsTab| ,(8i;`)

12:37:26.454 - Records Processed 2139
12:37:26.454 - Current Subscribers: 
bid     | ((9i;`);(10i;`))
quote   | ((9i;`);(10i;`))
statsTab| ,(8i;`)

12:37:27.455 - Records Processed 2139
12:37:27.456 - Current Subscribers: 
bid     | ((9i;`);(10i;`))
quote   | ((9i;`);(10i;`))
statsTab| ,(8i;`)

12:37:28.455 - Records Processed 2139
12:37:28.455 - Current Subscribers: 
bid     | ((9i;`);(10i;`))
quote   | ((9i;`);(10i;`))
statsTab| ,(8i;`)

12:37:29.454 - Records Processed 2139
12:37:29.455 - Current Subscribers: 
bid     | ((9i;`);(10i;`))
quote   | ((9i;`);(10i;`))
statsTab| ,(8i;`)

12:37:30.455 - Records Processed 2139
12:37:30.455 - Current Subscribers: 
bid     | ((9i;`);(10i;`))
quote   | ((9i;`);(10i;`))
statsTab| ,(8i;`)

12:37:31.454 - Records Processed 2139
12:37:31.454 - Current Subscribers: 
bid     | ((9i;`);(10i;`))
quote   | ((9i;`);(10i;`))
statsTab| ,(8i;`)

12:37:32.454 - Records Processed 2139
12:37:32.455 - Current Subscribers: 
bid     | ((9i;`);(10i;`))
quote   | ((9i;`);(10i;`))
statsTab| ,(8i;`)

12:37:33.455 - Records Processed 2139
12:37:33.455 - Current Subscribers: 
bid     | ((9i;`);(10i;`))
quote   | ((9i;`);(10i;`))
statsTab| ,(8i;`)

12:37:34.454 - Records Processed 2139
12:37:34.455 - Current Subscribers: 
bid     | ((9i;`);(10i;`))
quote   | ((9i;`);(10i;`))
statsTab| ,(8i;`)

12:37:35.454 - Records Processed 2139
12:37:35.454 - Current Subscribers: 
bid     | ((9i;`);(10i;`))
quote   | ((9i;`);(10i;`))
statsTab| ,(8i;`)

12:37:36.455 - Records Processed 2139
12:37:36.455 - Current Subscribers: 
bid     | ((9i;`);(10i;`))
quote   | ((9i;`);(10i;`))
statsTab| ,(8i;`)

12:37:37.454 - Records Processed 2139
12:37:37.455 - Current Subscribers: 
bid     | ((9i;`);(10i;`))
quote   | ((9i;`);(10i;`))
statsTab| ,(8i;`)

12:37:38.454 - Records Processed 2139
12:37:38.454 - Current Subscribers: 
bid     | ((9i;`);(10i;`))
quote   | ((9i;`);(10i;`))
statsTab| ,(8i;`)

12:37:39.454 - Records Processed 2139
12:37:39.454 - Current Subscribers: 
bid     | ((9i;`);(10i;`))
quote   | ((9i;`);(10i;`))
statsTab| ,(8i;`)

12:37:40.454 - Records Processed 2139
12:37:40.454 - Current Subscribers: 
bid     | ((9i;`);(10i;`))
quote   | ((9i;`);(10i;`))
statsTab| ,(8i;`)

12:37:41.454 - Records Processed 2139
12:37:41.454 - Current Subscribers: 
bid     | ((9i;`);(10i;`))
quote   | ((9i;`);(10i;`))
statsTab| ,(8i;`)

12:37:42.454 - Records Processed 2139
12:37:42.454 - Current Subscribers: 
bid     | ((9i;`);(10i;`))
quote   | ((9i;`);(10i;`))
statsTab| ,(8i;`)

12:37:43.454 - Records Processed 2139
12:37:43.455 - Current Subscribers: 
bid     | ((9i;`);(10i;`))
quote   | ((9i;`);(10i;`))
statsTab| ,(8i;`)

12:37:44.454 - Records Processed 2139
12:37:44.455 - Current Subscribers: 
bid     | ((9i;`);(10i;`))
quote   | ((9i;`);(10i;`))
statsTab| ,(8i;`)

12:37:45.454 - Records Processed 2139
12:37:45.455 - Current Subscribers: 
bid     | ((9i;`);(10i;`))
quote   | ((9i;`);(10i;`))
statsTab| ,(8i;`)

12:37:46.455 - Records Processed 2139
12:37:46.455 - Current Subscribers: 
bid     | ((9i;`);(10i;`))
quote   | ((9i;`);(10i;`))
statsTab| ,(8i;`)

12:37:47.455 - Records Processed 2139
12:37:47.455 - Current Subscribers: 
bid     | ((9i;`);(10i;`))
quote   | ((9i;`);(10i;`))
statsTab| ,(8i;`)

12:37:48.454 - Records Processed 2139
12:37:48.454 - Current Subscribers: 
bid     | ((9i;`);(10i;`))
quote   | ((9i;`);(10i;`))
statsTab| ,(8i;`)

12:37:49.455 - Records Processed 2139
12:37:49.455 - Current Subscribers: 
bid     | ((9i;`);(10i;`))
quote   | ((9i;`);(10i;`))
statsTab| ,(8i;`)

12:37:50.458 - Records Processed 2139
12:37:50.458 - Current Subscribers: 
bid     | ((9i;`);(10i;`))
quote   | ((9i;`);(10i;`))
statsTab| ,(8i;`)

12:37:51.454 - Records Processed 2139
12:37:51.454 - Current Subscribers: 
bid     | ((9i;`);(10i;`))
quote   | ((9i;`);(10i;`))
statsTab| ,(8i;`)

12:37:52.455 - Records Processed 2139
12:37:52.455 - Current Subscribers: 
bid     | ((9i;`);(10i;`))
quote   | ((9i;`);(10i;`))
statsTab| ,(8i;`)

12:37:53.454 - Records Processed 2139
12:37:53.454 - Current Subscribers: 
bid     | ((9i;`);(10i;`))
quote   | ((9i;`);(10i;`))
statsTab| ,(8i;`)

12:37:54.454 - Records Processed 2139
12:37:54.454 - Current Subscribers: 
bid     | ((9i;`);(10i;`))
quote   | ((9i;`);(10i;`))
statsTab| ,(8i;`)

12:37:55.454 - Records Processed 2139
12:37:55.455 - Current Subscribers: 
bid     | ((9i;`);(10i;`))
quote   | ((9i;`);(10i;`))
statsTab| ,(8i;`)

12:37:56.454 - Records Processed 2139
12:37:56.454 - Current Subscribers: 
bid     | ((9i;`);(10i;`))
quote   | ((9i;`);(10i;`))
statsTab| ,(8i;`)

12:37:57.454 - Records Processed 2139
12:37:57.454 - Current Subscribers: 
bid     | ((9i;`);(10i;`))
quote   | ((9i;`);(10i;`))
statsTab| ,(8i;`)

12:37:58.454 - Records Processed 2139
12:37:58.455 - Current Subscribers: 
bid     | ((9i;`);(10i;`))
quote   | ((9i;`);(10i;`))
statsTab| ,(8i;`)

12:37:59.455 - Records Processed 2139
12:37:59.455 - Current Subscribers: 
bid     | ((9i;`);(10i;`))
quote   | ((9i;`);(10i;`))
statsTab| ,(8i;`)

12:38:00.455 - Records Processed 2139
12:38:00.456 - Current Subscribers: 
bid     | ((9i;`);(10i;`))
quote   | ((9i;`);(10i;`))
statsTab| ,(8i;`)

12:38:01.455 - Records Processed 2139
12:38:01.455 - Current Subscribers: 
bid     | ((9i;`);(10i;`))
quote   | ((9i;`);(10i;`))
statsTab| ,(8i;`)

12:38:02.454 - Records Processed 2139
12:38:02.454 - Current Subscribers: 
bid     | ((9i;`);(10i;`))
quote   | ((9i;`);(10i;`))
statsTab| ,(8i;`)

12:38:03.455 - Records Processed 2139
12:38:03.455 - Current Subscribers: 
bid     | ((9i;`);(10i;`))
quote   | ((9i;`);(10i;`))
statsTab| ,(8i;`)

12:38:04.455 - Records Processed 2139
12:38:04.455 - Current Subscribers: 
bid     | ((9i;`);(10i;`))
quote   | ((9i;`);(10i;`))
statsTab| ,(8i;`)

12:38:05.454 - Records Processed 2139
12:38:05.455 - Current Subscribers: 
bid     | ((9i;`);(10i;`))
quote   | ((9i;`);(10i;`))
statsTab| ,(8i;`)

12:38:06.455 - Records Processed 2139
12:38:06.455 - Current Subscribers: 
bid     | ((9i;`);(10i;`))
quote   | ((9i;`);(10i;`))
statsTab| ,(8i;`)

12:38:07.455 - Records Processed 2139
12:38:07.455 - Current Subscribers: 
bid     | ((9i;`);(10i;`))
quote   | ((9i;`);(10i;`))
statsTab| ,(8i;`)

12:38:08.455 - Records Processed 2139
12:38:08.455 - Current Subscribers: 
bid     | ((9i;`);(10i;`))
quote   | ((9i;`);(10i;`))
statsTab| ,(8i;`)

12:38:09.454 - Records Processed 2139
12:38:09.454 - Current Subscribers: 
bid     | ((9i;`);(10i;`))
quote   | ((9i;`);(10i;`))
statsTab| ,(8i;`)

12:38:10.455 - Records Processed 2139
12:38:10.455 - Current Subscribers: 
bid     | ((9i;`);(10i;`))
quote   | ((9i;`);(10i;`))
statsTab| ,(8i;`)

12:38:11.454 - Records Processed 2139
12:38:11.455 - Current Subscribers: 
bid     | ((9i;`);(10i;`))
quote   | ((9i;`);(10i;`))
statsTab| ,(8i;`)

12:38:12.454 - Records Processed 2139
12:38:12.455 - Current Subscribers: 
bid     | ((9i;`);(10i;`))
quote   | ((9i;`);(10i;`))
statsTab| ,(8i;`)

12:38:13.454 - Records Processed 2139
12:38:13.454 - Current Subscribers: 
bid     | ((9i;`);(10i;`))
quote   | ((9i;`);(10i;`))
statsTab| ,(8i;`)

12:38:14.455 - Records Processed 2139
12:38:14.455 - Current Subscribers: 
bid     | ((9i;`);(10i;`))
quote   | ((9i;`);(10i;`))
statsTab| ,(8i;`)

12:38:15.454 - Records Processed 2139
12:38:15.454 - Current Subscribers: 
bid     | ((9i;`);(10i;`))
quote   | ((9i;`);(10i;`))
statsTab| ,(8i;`)

12:38:16.454 - Records Processed 2139
12:38:16.455 - Current Subscribers: 
bid     | ((9i;`);(10i;`))
quote   | ((9i;`);(10i;`))
statsTab| ,(8i;`)

12:38:17.454 - Records Processed 2139
12:38:17.454 - Current Subscribers: 
bid     | ((9i;`);(10i;`))
quote   | ((9i;`);(10i;`))
statsTab| ,(8i;`)

12:38:18.454 - Records Processed 2139
12:38:18.454 - Current Subscribers: 
bid     | ((9i;`);(10i;`))
quote   | ((9i;`);(10i;`))
statsTab| ,(8i;`)

12:38:19.455 - Records Processed 2139
12:38:19.455 - Current Subscribers: 
bid     | ((9i;`);(10i;`))
quote   | ((9i;`);(10i;`))
statsTab| ,(8i;`)

12:38:20.454 - Records Processed 2139
12:38:20.454 - Current Subscribers: 
bid     | ((9i;`);(10i;`))
quote   | ((9i;`);(10i;`))
statsTab| ,(8i;`)

12:38:21.454 - Records Processed 2139
12:38:21.454 - Current Subscribers: 
bid     | ((9i;`);(10i;`))
quote   | ((9i;`);(10i;`))
statsTab| ,(8i;`)

12:38:22.455 - Records Processed 2139
12:38:22.456 - Current Subscribers: 
bid     | ((9i;`);(10i;`))
quote   | ((9i;`);(10i;`))
statsTab| ,(8i;`)

12:38:23.454 - Records Processed 2139
12:38:23.455 - Current Subscribers: 
bid     | ((9i;`);(10i;`))
quote   | ((9i;`);(10i;`))
statsTab| ,(8i;`)

12:38:24.455 - Records Processed 2139
12:38:24.455 - Current Subscribers: 
bid     | ((9i;`);(10i;`))
quote   | ((9i;`);(10i;`))
statsTab| ,(8i;`)

12:38:25.454 - Records Processed 2139
12:38:25.455 - Current Subscribers: 
bid     | ((9i;`);(10i;`))
quote   | ((9i;`);(10i;`))
statsTab| ,(8i;`)

12:38:26.455 - Records Processed 2139
12:38:26.455 - Current Subscribers: 
bid     | ((9i;`);(10i;`))
quote   | ((9i;`);(10i;`))
statsTab| ,(8i;`)

12:38:27.454 - Records Processed 2139
12:38:27.455 - Current Subscribers: 
bid     | ((9i;`);(10i;`))
quote   | ((9i;`);(10i;`))
statsTab| ,(8i;`)

12:38:28.454 - Records Processed 2139
12:38:28.454 - Current Subscribers: 
bid     | ((9i;`);(10i;`))
quote   | ((9i;`);(10i;`))
statsTab| ,(8i;`)

12:38:29.454 - Records Processed 2139
12:38:29.454 - Current Subscribers: 
bid     | ((9i;`);(10i;`))
quote   | ((9i;`);(10i;`))
statsTab| ,(8i;`)

12:38:30.455 - Records Processed 2139
12:38:30.455 - Current Subscribers: 
bid     | ((9i;`);(10i;`))
quote   | ((9i;`);(10i;`))
statsTab| ,(8i;`)

12:38:31.454 - Records Processed 2139
12:38:31.454 - Current Subscribers: 
bid     | ((9i;`);(10i;`))
quote   | ((9i;`);(10i;`))
statsTab| ,(8i;`)

12:38:32.455 - Records Processed 2139
12:38:32.455 - Current Subscribers: 
bid     | ((9i;`);(10i;`))
quote   | ((9i;`);(10i;`))
statsTab| ,(8i;`)

12:38:33.454 - Records Processed 2139
12:38:33.454 - Current Subscribers: 
bid     | ((9i;`);(10i;`))
quote   | ((9i;`);(10i;`))
statsTab| ,(8i;`)

12:38:34.454 - Records Processed 2139
12:38:34.454 - Current Subscribers: 
bid     | ((9i;`);(10i;`))
quote   | ((9i;`);(10i;`))
statsTab| ,(8i;`)

12:38:35.454 - Records Processed 2139
12:38:35.454 - Current Subscribers: 
bid     | ((9i;`);(10i;`))
quote   | ((9i;`);(10i;`))
statsTab| ,(8i;`)

12:38:36.454 - Records Processed 2139
12:38:36.454 - Current Subscribers: 
bid     | ((9i;`);(10i;`))
quote   | ((9i;`);(10i;`))
statsTab| ,(8i;`)

12:38:37.455 - Records Processed 2139
12:38:37.455 - Current Subscribers: 
bid     | ((9i;`);(10i;`))
quote   | ((9i;`);(10i;`))
statsTab| ,(8i;`)

12:38:38.455 - Records Processed 2139
12:38:38.455 - Current Subscribers: 
bid     | ((9i;`);(10i;`))
quote   | ((9i;`);(10i;`))
statsTab| ,(8i;`)

12:38:39.455 - Records Processed 2139
12:38:39.455 - Current Subscribers: 
bid     | ((9i;`);(10i;`))
quote   | ((9i;`);(10i;`))
statsTab| ,(8i;`)

12:38:40.454 - Records Processed 2139
12:38:40.455 - Current Subscribers: 
bid     | ((9i;`);(10i;`))
quote   | ((9i;`);(10i;`))
statsTab| ,(8i;`)

12:38:41.455 - Records Processed 2139
12:38:41.455 - Current Subscribers: 
bid     | ((9i;`);(10i;`))
quote   | ((9i;`);(10i;`))
statsTab| ,(8i;`)

12:38:42.455 - Records Processed 2139
12:38:42.455 - Current Subscribers: 
bid     | ((9i;`);(10i;`))
quote   | ((9i;`);(10i;`))
statsTab| ,(8i;`)

12:38:43.454 - Records Processed 2139
12:38:43.455 - Current Subscribers: 
bid     | ((9i;`);(10i;`))
quote   | ((9i;`);(10i;`))
statsTab| ,(8i;`)

12:38:44.454 - Records Processed 2139
12:38:44.455 - Current Subscribers: 
bid     | ((9i;`);(10i;`))
quote   | ((9i;`);(10i;`))
statsTab| ,(8i;`)

12:38:45.455 - Records Processed 2139
12:38:45.455 - Current Subscribers: 
bid     | ((9i;`);(10i;`))
quote   | ((9i;`);(10i;`))
statsTab| ,(8i;`)

12:38:46.455 - Records Processed 2139
12:38:46.456 - Current Subscribers: 
bid     | ((9i;`);(10i;`))
quote   | ((9i;`);(10i;`))
statsTab| ,(8i;`)

12:38:47.454 - Records Processed 2139
12:38:47.455 - Current Subscribers: 
bid     | ((9i;`);(10i;`))
quote   | ((9i;`);(10i;`))
statsTab| ,(8i;`)

12:38:48.456 - Records Processed 2139
12:38:48.456 - Current Subscribers: 
bid     | ((9i;`);(10i;`))
quote   | ((9i;`);(10i;`))
statsTab| ,(8i;`)

12:38:49.454 - Records Processed 2139
12:38:49.455 - Current Subscribers: 
bid     | ((9i;`);(10i;`))
quote   | ((9i;`);(10i;`))
statsTab| ,(8i;`)

12:38:50.454 - Records Processed 2139
12:38:50.455 - Current Subscribers: 
bid     | ((9i;`);(10i;`))
quote   | ((9i;`);(10i;`))
statsTab| ,(8i;`)

12:38:51.455 - Records Processed 2139
12:38:51.455 - Current Subscribers: 
bid     | ((9i;`);(10i;`))
quote   | ((9i;`);(10i;`))
statsTab| ,(8i;`)

12:38:52.453 - Records Processed 2139
12:38:52.454 - Current Subscribers: 
bid     | ((9i;`);(10i;`))
quote   | ((9i;`);(10i;`))
statsTab| ,(8i;`)

12:38:53.455 - Records Processed 2139
12:38:53.455 - Current Subscribers: 
bid     | ((9i;`);(10i;`))
quote   | ((9i;`);(10i;`))
statsTab| ,(8i;`)

12:38:54.455 - Records Processed 2139
12:38:54.455 - Current Subscribers: 
bid     | ((9i;`);(10i;`))
quote   | ((9i;`);(10i;`))
statsTab| ,(8i;`)

12:38:55.455 - Records Processed 2139
12:38:55.455 - Current Subscribers: 
bid     | ((9i;`);(10i;`))
quote   | ((9i;`);(10i;`))
statsTab| ,(8i;`)

12:38:56.454 - Records Processed 2139
12:38:56.455 - Current Subscribers: 
bid     | ((9i;`);(10i;`))
quote   | ((9i;`);(10i;`))
statsTab| ,(8i;`)

12:38:57.455 - Records Processed 2139
12:38:57.455 - Current Subscribers: 
bid     | ((9i;`);(10i;`))
quote   | ((9i;`);(10i;`))
statsTab| ,(8i;`)

12:38:58.455 - Records Processed 2139
12:38:58.455 - Current Subscribers: 
bid     | ((9i;`);(10i;`))
quote   | ((9i;`);(10i;`))
statsTab| ,(8i;`)

12:38:59.455 - Records Processed 2139
12:38:59.455 - Current Subscribers: 
bid     | ((9i;`);(10i;`))
quote   | ((9i;`);(10i;`))
statsTab| ,(8i;`)

12:39:00.455 - Records Processed 2139
12:39:00.455 - Current Subscribers: 
bid     | ((9i;`);(10i;`))
quote   | ((9i;`);(10i;`))
statsTab| ,(8i;`)

12:39:01.454 - Records Processed 2139
12:39:01.455 - Current Subscribers: 
bid     | ((9i;`);(10i;`))
quote   | ((9i;`);(10i;`))
statsTab| ,(8i;`)

12:39:02.455 - Records Processed 2139
12:39:02.455 - Current Subscribers: 
bid     | ((9i;`);(10i;`))
quote   | ((9i;`);(10i;`))
statsTab| ,(8i;`)

12:39:03.454 - Records Processed 2139
12:39:03.454 - Current Subscribers: 
bid     | ((9i;`);(10i;`))
quote   | ((9i;`);(10i;`))
statsTab| ,(8i;`)

12:39:04.454 - Records Processed 2139
12:39:04.454 - Current Subscribers: 
bid     | ((9i;`);(10i;`))
quote   | ((9i;`);(10i;`))
statsTab| ,(8i;`)

12:39:05.455 - Records Processed 2139
12:39:05.455 - Current Subscribers: 
bid     | ((9i;`);(10i;`))
quote   | ((9i;`);(10i;`))
statsTab| ,(8i;`)

12:39:06.455 - Records Processed 2139
12:39:06.455 - Current Subscribers: 
bid     | ((9i;`);(10i;`))
quote   | ((9i;`);(10i;`))
statsTab| ,(8i;`)

12:39:07.454 - Records Processed 2139
12:39:07.455 - Current Subscribers: 
bid     | ((9i;`);(10i;`))
quote   | ((9i;`);(10i;`))
statsTab| ,(8i;`)

12:39:08.455 - Records Processed 2139
12:39:08.455 - Current Subscribers: 
bid     | ((9i;`);(10i;`))
quote   | ((9i;`);(10i;`))
statsTab| ,(8i;`)

12:39:09.455 - Records Processed 2139
12:39:09.456 - Current Subscribers: 
bid     | ((9i;`);(10i;`))
quote   | ((9i;`);(10i;`))
statsTab| ,(8i;`)

12:39:10.454 - Records Processed 2139
12:39:10.454 - Current Subscribers: 
bid     | ((9i;`);(10i;`))
quote   | ((9i;`);(10i;`))
statsTab| ,(8i;`)

12:39:11.454 - Records Processed 2139
12:39:11.455 - Current Subscribers: 
bid     | ((9i;`);(10i;`))
quote   | ((9i;`);(10i;`))
statsTab| ,(8i;`)

12:39:12.454 - Records Processed 2139
12:39:12.454 - Current Subscribers: 
bid     | ((9i;`);(10i;`))
quote   | ((9i;`);(10i;`))
statsTab| ,(8i;`)

12:39:13.455 - Records Processed 2139
12:39:13.455 - Current Subscribers: 
bid     | ((9i;`);(10i;`))
quote   | ((9i;`);(10i;`))
statsTab| ,(8i;`)

12:39:14.454 - Records Processed 2139
12:39:14.454 - Current Subscribers: 
bid     | ((9i;`);(10i;`))
quote   | ((9i;`);(10i;`))
statsTab| ,(8i;`)

12:39:15.454 - Records Processed 2139
12:39:15.455 - Current Subscribers: 
bid     | ((9i;`);(10i;`))
quote   | ((9i;`);(10i;`))
statsTab| ,(8i;`)

12:39:16.455 - Records Processed 2139
12:39:16.455 - Current Subscribers: 
bid     | ((9i;`);(10i;`))
quote   | ((9i;`);(10i;`))
statsTab| ,(8i;`)

12:39:17.455 - Records Processed 2139
12:39:17.455 - Current Subscribers: 
bid     | ((9i;`);(10i;`))
quote   | ((9i;`);(10i;`))
statsTab| ,(8i;`)

12:39:18.455 - Records Processed 2139
12:39:18.455 - Current Subscribers: 
bid     | ((9i;`);(10i;`))
quote   | ((9i;`);(10i;`))
statsTab| ,(8i;`)

12:39:19.455 - Records Processed 2139
12:39:19.455 - Current Subscribers: 
bid     | ((9i;`);(10i;`))
quote   | ((9i;`);(10i;`))
statsTab| ,(8i;`)

12:39:20.455 - Records Processed 2139
12:39:20.455 - Current Subscribers: 
bid     | ((9i;`);(10i;`))
quote   | ((9i;`);(10i;`))
statsTab| ,(8i;`)

12:39:21.454 - Records Processed 2139
12:39:21.454 - Current Subscribers: 
bid     | ((9i;`);(10i;`))
quote   | ((9i;`);(10i;`))
statsTab| ,(8i;`)

12:39:22.455 - Records Processed 2139
12:39:22.456 - Current Subscribers: 
bid     | ((9i;`);(10i;`))
quote   | ((9i;`);(10i;`))
statsTab| ,(8i;`)

12:39:23.453 - Records Processed 2139
12:39:23.453 - Current Subscribers: 
bid     | ((9i;`);(10i;`))
quote   | ((9i;`);(10i;`))
statsTab| ,(8i;`)

12:39:24.455 - Records Processed 2139
12:39:24.455 - Current Subscribers: 
bid     | ((9i;`);(10i;`))
quote   | ((9i;`);(10i;`))
statsTab| ,(8i;`)

12:39:25.455 - Records Processed 2139
12:39:25.455 - Current Subscribers: 
bid     | ((9i;`);(10i;`))
quote   | ((9i;`);(10i;`))
statsTab| ,(8i;`)

12:39:26.454 - Records Processed 2139
12:39:26.455 - Current Subscribers: 
bid     | ((9i;`);(10i;`))
quote   | ((9i;`);(10i;`))
statsTab| ,(8i;`)

12:39:27.455 - Records Processed 2139
12:39:27.455 - Current Subscribers: 
bid     | ((9i;`);(10i;`))
quote   | ((9i;`);(10i;`))
statsTab| ,(8i;`)

12:39:28.454 - Records Processed 2139
12:39:28.454 - Current Subscribers: 
bid     | ((9i;`);(10i;`))
quote   | ((9i;`);(10i;`))
statsTab| ,(8i;`)

12:39:29.454 - Records Processed 2139
12:39:29.454 - Current Subscribers: 
bid     | ((9i;`);(10i;`))
quote   | ((9i;`);(10i;`))
statsTab| ,(8i;`)

12:39:30.454 - Records Processed 2139
12:39:30.455 - Current Subscribers: 
bid     | ((9i;`);(10i;`))
quote   | ((9i;`);(10i;`))
statsTab| ,(8i;`)

12:39:31.455 - Records Processed 2139
12:39:31.455 - Current Subscribers: 
bid     | ((9i;`);(10i;`))
quote   | ((9i;`);(10i;`))
statsTab| ,(8i;`)

12:39:32.455 - Records Processed 2139
12:39:32.455 - Current Subscribers: 
bid     | ((9i;`);(10i;`))
quote   | ((9i;`);(10i;`))
statsTab| ,(8i;`)

12:39:33.454 - Records Processed 2139
12:39:33.454 - Current Subscribers: 
bid     | ((9i;`);(10i;`))
quote   | ((9i;`);(10i;`))
statsTab| ,(8i;`)

12:39:34.454 - Records Processed 2139
12:39:34.455 - Current Subscribers: 
bid     | ((9i;`);(10i;`))
quote   | ((9i;`);(10i;`))
statsTab| ,(8i;`)

12:39:35.454 - Records Processed 2139
12:39:35.455 - Current Subscribers: 
bid     | ((9i;`);(10i;`))
quote   | ((9i;`);(10i;`))
statsTab| ,(8i;`)

12:39:36.455 - Records Processed 2139
12:39:36.456 - Current Subscribers: 
bid     | ((9i;`);(10i;`))
quote   | ((9i;`);(10i;`))
statsTab| ,(8i;`)

12:39:37.454 - Records Processed 2139
12:39:37.454 - Current Subscribers: 
bid     | ((9i;`);(10i;`))
quote   | ((9i;`);(10i;`))
statsTab| ,(8i;`)

12:39:38.453 - Records Processed 2139
12:39:38.454 - Current Subscribers: 
bid     | ((9i;`);(10i;`))
quote   | ((9i;`);(10i;`))
statsTab| ,(8i;`)

12:39:39.455 - Records Processed 2139
12:39:39.455 - Current Subscribers: 
bid     | ((9i;`);(10i;`))
quote   | ((9i;`);(10i;`))
statsTab| ,(8i;`)

12:39:40.454 - Records Processed 2139
12:39:40.454 - Current Subscribers: 
bid     | ((9i;`);(10i;`))
quote   | ((9i;`);(10i;`))
statsTab| ,(8i;`)

12:39:41.455 - Records Processed 2139
12:39:41.455 - Current Subscribers: 
bid     | ((9i;`);(10i;`))
quote   | ((9i;`);(10i;`))
statsTab| ,(8i;`)

12:39:42.455 - Records Processed 2139
12:39:42.455 - Current Subscribers: 
bid     | ((9i;`);(10i;`))
quote   | ((9i;`);(10i;`))
statsTab| ,(8i;`)

12:39:43.455 - Records Processed 2139
12:39:43.455 - Current Subscribers: 
bid     | ((9i;`);(10i;`))
quote   | ((9i;`);(10i;`))
statsTab| ,(8i;`)

12:39:44.454 - Records Processed 2139
12:39:44.455 - Current Subscribers: 
bid     | ((9i;`);(10i;`))
quote   | ((9i;`);(10i;`))
statsTab| ,(8i;`)

12:39:45.455 - Records Processed 2139
12:39:45.455 - Current Subscribers: 
bid     | ((9i;`);(10i;`))
quote   | ((9i;`);(10i;`))
statsTab| ,(8i;`)

12:39:46.455 - Records Processed 2139
12:39:46.455 - Current Subscribers: 
bid     | ((9i;`);(10i;`))
quote   | ((9i;`);(10i;`))
statsTab| ,(8i;`)

12:39:47.455 - Records Processed 2139
12:39:47.455 - Current Subscribers: 
bid     | ((9i;`);(10i;`))
quote   | ((9i;`);(10i;`))
statsTab| ,(8i;`)

12:39:48.454 - Records Processed 2139
12:39:48.454 - Current Subscribers: 
bid     | ((9i;`);(10i;`))
quote   | ((9i;`);(10i;`))
statsTab| ,(8i;`)

12:39:49.454 - Records Processed 2139
12:39:49.454 - Current Subscribers: 
bid     | ((9i;`);(10i;`))
quote   | ((9i;`);(10i;`))
statsTab| ,(8i;`)

12:39:50.454 - Records Processed 2139
12:39:50.454 - Current Subscribers: 
bid     | ((9i;`);(10i;`))
quote   | ((9i;`);(10i;`))
statsTab| ,(8i;`)

12:39:51.455 - Records Processed 2139
12:39:51.455 - Current Subscribers: 
bid     | ((9i;`);(10i;`))
quote   | ((9i;`);(10i;`))
statsTab| ,(8i;`)

12:39:52.013 - Records Processed 2139
12:39:52.013 - Current Subscribers: 
bid     | ((9i;`);(10i;`))
quote   | ((9i;`);(10i;`))
statsTab| ,(8i;`)

12:39:53.454 - Records Processed 3207
12:39:53.455 - Current Subscribers: 
bid     | ((9i;`);(10i;`))
quote   | ((9i;`);(10i;`))
statsTab| ,(8i;`)

12:39:54.454 - Records Processed 3207
12:39:54.455 - Current Subscribers: 
bid     | ((9i;`);(10i;`))
quote   | ((9i;`);(10i;`))
statsTab| ,(8i;`)

12:39:55.454 - Records Processed 3207
12:39:55.454 - Current Subscribers: 
bid     | ((9i;`);(10i;`))
quote   | ((9i;`);(10i;`))
statsTab| ,(8i;`)

12:39:56.454 - Records Processed 3207
12:39:56.455 - Current Subscribers: 
bid     | ((9i;`);(10i;`))
quote   | ((9i;`);(10i;`))
statsTab| ,(8i;`)

12:39:57.455 - Records Processed 3207
12:39:57.455 - Current Subscribers: 
bid     | ((9i;`);(10i;`))
quote   | ((9i;`);(10i;`))
statsTab| ,(8i;`)

12:39:58.455 - Records Processed 3207
12:39:58.455 - Current Subscribers: 
bid     | ((9i;`);(10i;`))
quote   | ((9i;`);(10i;`))
statsTab| ,(8i;`)

12:39:59.455 - Records Processed 3207
12:39:59.455 - Current Subscribers: 
bid     | ((9i;`);(10i;`))
quote   | ((9i;`);(10i;`))
statsTab| ,(8i;`)

12:40:00.454 - Records Processed 3207
12:40:00.454 - Current Subscribers: 
bid     | ((9i;`);(10i;`))
quote   | ((9i;`);(10i;`))
statsTab| ,(8i;`)

12:40:01.454 - Records Processed 3207
12:40:01.455 - Current Subscribers: 
bid     | ((9i;`);(10i;`))
quote   | ((9i;`);(10i;`))
statsTab| ,(8i;`)

12:40:02.455 - Records Processed 3207
12:40:02.455 - Current Subscribers: 
bid     | ((9i;`);(10i;`))
quote   | ((9i;`);(10i;`))
statsTab| ,(8i;`)

12:40:03.455 - Records Processed 3207
12:40:03.455 - Current Subscribers: 
bid     | ((9i;`);(10i;`))
quote   | ((9i;`);(10i;`))
statsTab| ,(8i;`)

12:40:04.454 - Records Processed 3207
12:40:04.454 - Current Subscribers: 
bid     | ((9i;`);(10i;`))
quote   | ((9i;`);(10i;`))
statsTab| ,(8i;`)

12:40:05.454 - Records Processed 3207
12:40:05.455 - Current Subscribers: 
bid     | ((9i;`);(10i;`))
quote   | ((9i;`);(10i;`))
statsTab| ,(8i;`)

12:40:06.455 - Records Processed 3207
12:40:06.455 - Current Subscribers: 
bid     | ((9i;`);(10i;`))
quote   | ((9i;`);(10i;`))
statsTab| ,(8i;`)

12:40:07.455 - Records Processed 3207
12:40:07.455 - Current Subscribers: 
bid     | ((9i;`);(10i;`))
quote   | ((9i;`);(10i;`))
statsTab| ,(8i;`)

12:40:08.455 - Records Processed 3207
12:40:08.455 - Current Subscribers: 
bid     | ((9i;`);(10i;`))
quote   | ((9i;`);(10i;`))
statsTab| ,(8i;`)

12:40:09.454 - Records Processed 3207
12:40:09.455 - Current Subscribers: 
bid     | ((9i;`);(10i;`))
quote   | ((9i;`);(10i;`))
statsTab| ,(8i;`)

12:40:10.455 - Records Processed 3207
12:40:10.455 - Current Subscribers: 
bid     | ((9i;`);(10i;`))
quote   | ((9i;`);(10i;`))
statsTab| ,(8i;`)

12:40:11.455 - Records Processed 3207
12:40:11.455 - Current Subscribers: 
bid     | ((9i;`);(10i;`))
quote   | ((9i;`);(10i;`))
statsTab| ,(8i;`)

12:40:12.455 - Records Processed 3207
12:40:12.456 - Current Subscribers: 
bid     | ((9i;`);(10i;`))
quote   | ((9i;`);(10i;`))
statsTab| ,(8i;`)

12:40:13.454 - Records Processed 3207
12:40:13.455 - Current Subscribers: 
bid     | ((9i;`);(10i;`))
quote   | ((9i;`);(10i;`))
statsTab| ,(8i;`)

12:40:14.454 - Records Processed 3207
12:40:14.454 - Current Subscribers: 
bid     | ((9i;`);(10i;`))
quote   | ((9i;`);(10i;`))
statsTab| ,(8i;`)

12:40:15.454 - Records Processed 3207
12:40:15.455 - Current Subscribers: 
bid     | ((9i;`);(10i;`))
quote   | ((9i;`);(10i;`))
statsTab| ,(8i;`)

12:40:16.454 - Records Processed 3207
12:40:16.454 - Current Subscribers: 
bid     | ((9i;`);(10i;`))
quote   | ((9i;`);(10i;`))
statsTab| ,(8i;`)

12:40:17.455 - Records Processed 3207
12:40:17.456 - Current Subscribers: 
bid     | ((9i;`);(10i;`))
quote   | ((9i;`);(10i;`))
statsTab| ,(8i;`)

12:40:18.455 - Records Processed 3207
12:40:18.455 - Current Subscribers: 
bid     | ((9i;`);(10i;`))
quote   | ((9i;`);(10i;`))
statsTab| ,(8i;`)

12:40:19.454 - Records Processed 3207
12:40:19.454 - Current Subscribers: 
bid     | ((9i;`);(10i;`))
quote   | ((9i;`);(10i;`))
statsTab| ,(8i;`)

12:40:20.454 - Records Processed 3207
12:40:20.455 - Current Subscribers: 
bid     | ((9i;`);(10i;`))
quote   | ((9i;`);(10i;`))
statsTab| ,(8i;`)

12:40:21.454 - Records Processed 3207
12:40:21.455 - Current Subscribers: 
bid     | ((9i;`);(10i;`))
quote   | ((9i;`);(10i;`))
statsTab| ,(8i;`)

12:40:22.455 - Records Processed 3207
12:40:22.455 - Current Subscribers: 
bid     | ((9i;`);(10i;`))
quote   | ((9i;`);(10i;`))
statsTab| ,(8i;`)

12:40:23.455 - Records Processed 3207
12:40:23.455 - Current Subscribers: 
bid     | ((9i;`);(10i;`))
quote   | ((9i;`);(10i;`))
statsTab| ,(8i;`)

12:40:24.455 - Records Processed 3207
12:40:24.455 - Current Subscribers: 
bid     | ((9i;`);(10i;`))
quote   | ((9i;`);(10i;`))
statsTab| ,(8i;`)

12:40:25.455 - Records Processed 3207
12:40:25.455 - Current Subscribers: 
bid     | ((9i;`);(10i;`))
quote   | ((9i;`);(10i;`))
statsTab| ,(8i;`)

12:40:26.455 - Records Processed 3207
12:40:26.455 - Current Subscribers: 
bid     | ((9i;`);(10i;`))
quote   | ((9i;`);(10i;`))
statsTab| ,(8i;`)

12:40:27.455 - Records Processed 3207
12:40:27.455 - Current Subscribers: 
bid     | ((9i;`);(10i;`))
quote   | ((9i;`);(10i;`))
statsTab| ,(8i;`)

12:40:28.455 - Records Processed 3207
12:40:28.455 - Current Subscribers: 
bid     | ((9i;`);(10i;`))
quote   | ((9i;`);(10i;`))
statsTab| ,(8i;`)

