06:02:40.645 - Records Processed 5
06:02:40.645 - Current Subscribers: 
bid     | 
quote   | 
statsTab| 

06:02:41.645 - Records Processed 5
06:02:41.646 - Current Subscribers: 
bid     | ()
quote   | ()
statsTab| ,(8i;`)

06:02:42.646 - Records Processed 6
06:02:42.647 - Current Subscribers: 
bid     | ()
quote   | ()
statsTab| ,(8i;`)

06:02:43.647 - Records Processed 7
06:02:43.647 - Current Subscribers: 
bid     | ()
quote   | ()
statsTab| ,(8i;`)

06:02:44.647 - Records Processed 8
06:02:44.647 - Current Subscribers: 
bid     | ()
quote   | ()
statsTab| ,(8i;`)

06:02:45.646 - Records Processed 9
06:02:45.647 - Current Subscribers: 
bid     | ()
quote   | ()
statsTab| ,(8i;`)

06:02:46.646 - Records Processed 10
06:02:46.647 - Current Subscribers: 
bid     | ()
quote   | ()
statsTab| ,(8i;`)

06:02:47.647 - Records Processed 11
06:02:47.648 - Current Subscribers: 
bid     | ()
quote   | ()
statsTab| ,(8i;`)

06:02:48.646 - Records Processed 12
06:02:48.653 - Current Subscribers: 
bid     | 10i `
quote   | 10i `
statsTab| 8i ` 

06:02:49.647 - Records Processed 14
06:02:49.648 - Current Subscribers: 
bid     | 10i `
quote   | 10i `
statsTab| 8i ` 

06:02:50.646 - Records Processed 16
06:02:50.646 - Current Subscribers: 
bid     | ((10i;`);(9i;`))
quote   | ((10i;`);(9i;`))
statsTab| ,(8i;`)

06:02:51.647 - Records Processed 16
06:02:51.647 - Current Subscribers: 
bid     | ((10i;`);(9i;`))
quote   | ((10i;`);(9i;`))
statsTab| ,(8i;`)

06:02:52.647 - Records Processed 16
06:02:52.648 - Current Subscribers: 
bid     | ((10i;`);(9i;`))
quote   | ((10i;`);(9i;`))
statsTab| ,(8i;`)

06:02:53.647 - Records Processed 16
06:02:53.648 - Current Subscribers: 
bid     | ((10i;`);(9i;`))
quote   | ((10i;`);(9i;`))
statsTab| ,(8i;`)

06:02:54.652 - Records Processed 16
06:02:54.653 - Current Subscribers: 
bid     | ((10i;`);(9i;`))
quote   | ((10i;`);(9i;`))
statsTab| ,(8i;`)

06:02:55.647 - Records Processed 16
06:02:55.648 - Current Subscribers: 
bid     | ((10i;`);(9i;`))
quote   | ((10i;`);(9i;`))
statsTab| ,(8i;`)

06:02:56.647 - Records Processed 16
06:02:56.648 - Current Subscribers: 
bid     | ((10i;`);(9i;`))
quote   | ((10i;`);(9i;`))
statsTab| ,(8i;`)

06:02:57.647 - Records Processed 16
06:02:57.649 - Current Subscribers: 
bid     | ((10i;`);(9i;`))
quote   | ((10i;`);(9i;`))
statsTab| ,(8i;`)

06:02:58.650 - Records Processed 16
06:02:58.650 - Current Subscribers: 
bid     | ((10i;`);(9i;`))
quote   | ((10i;`);(9i;`))
statsTab| ,(8i;`)

06:02:59.648 - Records Processed 16
06:02:59.649 - Current Subscribers: 
bid     | ((10i;`);(9i;`))
quote   | ((10i;`);(9i;`))
statsTab| ,(8i;`)

06:03:00.647 - Records Processed 16
06:03:00.648 - Current Subscribers: 
bid     | ((10i;`);(9i;`))
quote   | ((10i;`);(9i;`))
statsTab| ,(8i;`)

06:03:01.647 - Records Processed 16
06:03:01.648 - Current Subscribers: 
bid     | ((10i;`);(9i;`))
quote   | ((10i;`);(9i;`))
statsTab| ,(8i;`)

06:03:02.647 - Records Processed 16
06:03:02.647 - Current Subscribers: 
bid     | ((10i;`);(9i;`))
quote   | ((10i;`);(9i;`))
statsTab| ,(8i;`)

06:03:03.647 - Records Processed 16
06:03:03.648 - Current Subscribers: 
bid     | ((10i;`);(9i;`))
quote   | ((10i;`);(9i;`))
statsTab| ,(8i;`)

06:03:04.647 - Records Processed 16
06:03:04.648 - Current Subscribers: 
bid     | ((10i;`);(9i;`))
quote   | ((10i;`);(9i;`))
statsTab| ,(8i;`)

06:03:05.647 - Records Processed 16
06:03:05.648 - Current Subscribers: 
bid     | ((10i;`);(9i;`))
quote   | ((10i;`);(9i;`))
statsTab| ,(8i;`)

06:03:06.646 - Records Processed 16
06:03:06.646 - Current Subscribers: 
bid     | ((10i;`);(9i;`))
quote   | ((10i;`);(9i;`))
statsTab| ,(8i;`)

06:03:07.648 - Records Processed 16
06:03:07.648 - Current Subscribers: 
bid     | ((10i;`);(9i;`))
quote   | ((10i;`);(9i;`))
statsTab| ,(8i;`)

06:03:08.647 - Records Processed 16
06:03:08.648 - Current Subscribers: 
bid     | ((10i;`);(9i;`))
quote   | ((10i;`);(9i;`))
statsTab| ,(8i;`)

06:03:09.646 - Records Processed 16
06:03:09.647 - Current Subscribers: 
bid     | ((10i;`);(9i;`))
quote   | ((10i;`);(9i;`))
statsTab| ,(8i;`)

06:03:10.647 - Records Processed 16
06:03:10.647 - Current Subscribers: 
bid     | ((10i;`);(9i;`))
quote   | ((10i;`);(9i;`))
statsTab| ,(8i;`)

06:03:11.648 - Records Processed 16
06:03:11.648 - Current Subscribers: 
bid     | ((10i;`);(9i;`))
quote   | ((10i;`);(9i;`))
statsTab| ,(8i;`)

06:03:12.647 - Records Processed 16
06:03:12.648 - Current Subscribers: 
bid     | ((10i;`);(9i;`))
quote   | ((10i;`);(9i;`))
statsTab| ,(8i;`)

06:03:13.647 - Records Processed 16
06:03:13.647 - Current Subscribers: 
bid     | ((10i;`);(9i;`))
quote   | ((10i;`);(9i;`))
statsTab| ,(8i;`)

06:03:14.645 - Records Processed 16
06:03:14.646 - Current Subscribers: 
bid     | ((10i;`);(9i;`))
quote   | ((10i;`);(9i;`))
statsTab| ,(8i;`)

06:03:15.648 - Records Processed 16
06:03:15.648 - Current Subscribers: 
bid     | ((10i;`);(9i;`))
quote   | ((10i;`);(9i;`))
statsTab| ,(8i;`)

06:03:16.647 - Records Processed 16
06:03:16.648 - Current Subscribers: 
bid     | ((10i;`);(9i;`))
quote   | ((10i;`);(9i;`))
statsTab| ,(8i;`)

06:03:17.647 - Records Processed 16
06:03:17.648 - Current Subscribers: 
bid     | ((10i;`);(9i;`))
quote   | ((10i;`);(9i;`))
statsTab| ,(8i;`)

06:03:18.647 - Records Processed 16
06:03:18.647 - Current Subscribers: 
bid     | ((10i;`);(9i;`))
quote   | ((10i;`);(9i;`))
statsTab| ,(8i;`)

06:03:19.648 - Records Processed 16
06:03:19.648 - Current Subscribers: 
bid     | ((10i;`);(9i;`))
quote   | ((10i;`);(9i;`))
statsTab| ,(8i;`)

06:03:20.647 - Records Processed 16
06:03:20.647 - Current Subscribers: 
bid     | ((10i;`);(9i;`))
quote   | ((10i;`);(9i;`))
statsTab| ,(8i;`)

06:03:21.647 - Records Processed 16
06:03:21.648 - Current Subscribers: 
bid     | ((10i;`);(9i;`))
quote   | ((10i;`);(9i;`))
statsTab| ,(8i;`)

06:03:22.647 - Records Processed 16
06:03:22.648 - Current Subscribers: 
bid     | ((10i;`);(9i;`))
quote   | ((10i;`);(9i;`))
statsTab| ,(8i;`)

06:03:23.647 - Records Processed 16
06:03:23.648 - Current Subscribers: 
bid     | ((10i;`);(9i;`))
quote   | ((10i;`);(9i;`))
statsTab| ,(8i;`)

06:03:24.647 - Records Processed 16
06:03:24.647 - Current Subscribers: 
bid     | ((10i;`);(9i;`))
quote   | ((10i;`);(9i;`))
statsTab| ,(8i;`)

06:03:25.649 - Records Processed 16
06:03:25.649 - Current Subscribers: 
bid     | ((10i;`);(9i;`))
quote   | ((10i;`);(9i;`))
statsTab| ,(8i;`)

06:03:26.648 - Records Processed 16
06:03:26.648 - Current Subscribers: 
bid     | ((10i;`);(9i;`))
quote   | ((10i;`);(9i;`))
statsTab| ,(8i;`)

06:03:27.646 - Records Processed 16
06:03:27.646 - Current Subscribers: 
bid     | ((10i;`);(9i;`))
quote   | ((10i;`);(9i;`))
statsTab| ,(8i;`)

06:03:28.647 - Records Processed 16
06:03:28.648 - Current Subscribers: 
bid     | ((10i;`);(9i;`))
quote   | ((10i;`);(9i;`))
statsTab| ,(8i;`)

06:03:29.649 - Records Processed 16
06:03:29.649 - Current Subscribers: 
bid     | ((10i;`);(9i;`))
quote   | ((10i;`);(9i;`))
statsTab| ,(8i;`)

06:03:30.647 - Records Processed 16
06:03:30.648 - Current Subscribers: 
bid     | ((10i;`);(9i;`))
quote   | ((10i;`);(9i;`))
statsTab| ,(8i;`)

06:03:31.646 - Records Processed 16
06:03:31.647 - Current Subscribers: 
bid     | ((10i;`);(9i;`))
quote   | ((10i;`);(9i;`))
statsTab| ,(8i;`)

06:03:32.647 - Records Processed 16
06:03:32.647 - Current Subscribers: 
bid     | ((10i;`);(9i;`))
quote   | ((10i;`);(9i;`))
statsTab| ,(8i;`)

06:03:33.647 - Records Processed 16
06:03:33.648 - Current Subscribers: 
bid     | ((10i;`);(9i;`))
quote   | ((10i;`);(9i;`))
statsTab| ,(8i;`)

06:03:34.648 - Records Processed 16
06:03:34.649 - Current Subscribers: 
bid     | ((10i;`);(9i;`))
quote   | ((10i;`);(9i;`))
statsTab| ,(8i;`)

06:03:35.647 - Records Processed 16
06:03:35.648 - Current Subscribers: 
bid     | ((10i;`);(9i;`))
quote   | ((10i;`);(9i;`))
statsTab| ,(8i;`)

06:03:36.647 - Records Processed 16
06:03:36.649 - Current Subscribers: 
bid     | ((10i;`);(9i;`))
quote   | ((10i;`);(9i;`))
statsTab| ,(8i;`)

06:03:37.648 - Records Processed 16
06:03:37.649 - Current Subscribers: 
bid     | ((10i;`);(9i;`))
quote   | ((10i;`);(9i;`))
statsTab| ,(8i;`)

06:03:38.647 - Records Processed 16
06:03:38.647 - Current Subscribers: 
bid     | ((10i;`);(9i;`))
quote   | ((10i;`);(9i;`))
statsTab| ,(8i;`)

06:03:39.648 - Records Processed 16
06:03:39.649 - Current Subscribers: 
bid     | ((10i;`);(9i;`))
quote   | ((10i;`);(9i;`))
statsTab| ,(8i;`)

06:03:40.649 - Records Processed 16
06:03:40.649 - Current Subscribers: 
bid     | ((10i;`);(9i;`))
quote   | ((10i;`);(9i;`))
statsTab| ,(8i;`)

06:03:41.647 - Records Processed 16
06:03:41.647 - Current Subscribers: 
bid     | ((10i;`);(9i;`))
quote   | ((10i;`);(9i;`))
statsTab| ,(8i;`)

06:03:42.646 - Records Processed 16
06:03:42.647 - Current Subscribers: 
bid     | ((10i;`);(9i;`))
quote   | ((10i;`);(9i;`))
statsTab| ,(8i;`)

06:03:43.647 - Records Processed 16
06:03:43.647 - Current Subscribers: 
bid     | ((10i;`);(9i;`))
quote   | ((10i;`);(9i;`))
statsTab| ,(8i;`)

06:03:44.647 - Records Processed 16
06:03:44.648 - Current Subscribers: 
bid     | ((10i;`);(9i;`))
quote   | ((10i;`);(9i;`))
statsTab| ,(8i;`)

06:03:45.649 - Records Processed 16
06:03:45.650 - Current Subscribers: 
bid     | ((10i;`);(9i;`))
quote   | ((10i;`);(9i;`))
statsTab| ,(8i;`)

06:03:46.648 - Records Processed 16
06:03:46.648 - Current Subscribers: 
bid     | ((10i;`);(9i;`))
quote   | ((10i;`);(9i;`))
statsTab| ,(8i;`)

06:03:47.648 - Records Processed 16
06:03:47.648 - Current Subscribers: 
bid     | ((10i;`);(9i;`))
quote   | ((10i;`);(9i;`))
statsTab| ,(8i;`)

06:03:48.647 - Records Processed 16
06:03:48.648 - Current Subscribers: 
bid     | ((10i;`);(9i;`))
quote   | ((10i;`);(9i;`))
statsTab| ,(8i;`)

06:03:49.647 - Records Processed 16
06:03:49.647 - Current Subscribers: 
bid     | ((10i;`);(9i;`))
quote   | ((10i;`);(9i;`))
statsTab| ,(8i;`)

06:03:50.647 - Records Processed 16
06:03:50.648 - Current Subscribers: 
bid     | ((10i;`);(9i;`))
quote   | ((10i;`);(9i;`))
statsTab| ,(8i;`)

06:03:51.647 - Records Processed 16
06:03:51.647 - Current Subscribers: 
bid     | ((10i;`);(9i;`))
quote   | ((10i;`);(9i;`))
statsTab| ,(8i;`)

06:03:52.648 - Records Processed 16
06:03:52.648 - Current Subscribers: 
bid     | ((10i;`);(9i;`))
quote   | ((10i;`);(9i;`))
statsTab| ,(8i;`)

06:03:53.646 - Records Processed 16
06:03:53.648 - Current Subscribers: 
bid     | ((10i;`);(9i;`))
quote   | ((10i;`);(9i;`))
statsTab| ,(8i;`)

06:03:54.647 - Records Processed 16
06:03:54.648 - Current Subscribers: 
bid     | ((10i;`);(9i;`))
quote   | ((10i;`);(9i;`))
statsTab| ,(8i;`)

06:03:55.647 - Records Processed 16
06:03:55.648 - Current Subscribers: 
bid     | ((10i;`);(9i;`))
quote   | ((10i;`);(9i;`))
statsTab| ,(8i;`)

06:03:56.647 - Records Processed 16
06:03:56.647 - Current Subscribers: 
bid     | ((10i;`);(9i;`))
quote   | ((10i;`);(9i;`))
statsTab| ,(8i;`)

06:03:57.647 - Records Processed 16
06:03:57.647 - Current Subscribers: 
bid     | ((10i;`);(9i;`))
quote   | ((10i;`);(9i;`))
statsTab| ,(8i;`)

06:03:58.647 - Records Processed 16
06:03:58.647 - Current Subscribers: 
bid     | ((10i;`);(9i;`))
quote   | ((10i;`);(9i;`))
statsTab| ,(8i;`)

06:03:59.646 - Records Processed 16
06:03:59.646 - Current Subscribers: 
bid     | ((10i;`);(9i;`))
quote   | ((10i;`);(9i;`))
statsTab| ,(8i;`)

06:04:00.647 - Records Processed 16
06:04:00.647 - Current Subscribers: 
bid     | ((10i;`);(9i;`))
quote   | ((10i;`);(9i;`))
statsTab| ,(8i;`)

06:04:01.648 - Records Processed 16
06:04:01.648 - Current Subscribers: 
bid     | ((10i;`);(9i;`))
quote   | ((10i;`);(9i;`))
statsTab| ,(8i;`)

06:04:02.647 - Records Processed 16
06:04:02.647 - Current Subscribers: 
bid     | ((10i;`);(9i;`))
quote   | ((10i;`);(9i;`))
statsTab| ,(8i;`)

06:04:03.647 - Records Processed 16
06:04:03.647 - Current Subscribers: 
bid     | ((10i;`);(9i;`))
quote   | ((10i;`);(9i;`))
statsTab| ,(8i;`)

06:04:04.647 - Records Processed 16
06:04:04.648 - Current Subscribers: 
bid     | ((10i;`);(9i;`))
quote   | ((10i;`);(9i;`))
statsTab| ,(8i;`)

06:04:05.647 - Records Processed 16
06:04:05.647 - Current Subscribers: 
bid     | ((10i;`);(9i;`))
quote   | ((10i;`);(9i;`))
statsTab| ,(8i;`)

06:04:06.647 - Records Processed 16
06:04:06.647 - Current Subscribers: 
bid     | ((10i;`);(9i;`))
quote   | ((10i;`);(9i;`))
statsTab| ,(8i;`)

06:04:07.647 - Records Processed 16
06:04:07.647 - Current Subscribers: 
bid     | ((10i;`);(9i;`))
quote   | ((10i;`);(9i;`))
statsTab| ,(8i;`)

06:04:08.648 - Records Processed 16
06:04:08.648 - Current Subscribers: 
bid     | ((10i;`);(9i;`))
quote   | ((10i;`);(9i;`))
statsTab| ,(8i;`)

06:04:09.647 - Records Processed 16
06:04:09.648 - Current Subscribers: 
bid     | ((10i;`);(9i;`))
quote   | ((10i;`);(9i;`))
statsTab| ,(8i;`)

06:04:10.647 - Records Processed 16
06:04:10.648 - Current Subscribers: 
bid     | ((10i;`);(9i;`))
quote   | ((10i;`);(9i;`))
statsTab| ,(8i;`)

06:04:11.648 - Records Processed 16
06:04:11.648 - Current Subscribers: 
bid     | ((10i;`);(9i;`))
quote   | ((10i;`);(9i;`))
statsTab| ,(8i;`)

06:04:12.646 - Records Processed 16
06:04:12.647 - Current Subscribers: 
bid     | ((10i;`);(9i;`))
quote   | ((10i;`);(9i;`))
statsTab| ,(8i;`)

06:04:13.647 - Records Processed 16
06:04:13.648 - Current Subscribers: 
bid     | ((10i;`);(9i;`))
quote   | ((10i;`);(9i;`))
statsTab| ,(8i;`)

06:04:14.647 - Records Processed 16
06:04:14.648 - Current Subscribers: 
bid     | ((10i;`);(9i;`))
quote   | ((10i;`);(9i;`))
statsTab| ,(8i;`)

06:04:15.647 - Records Processed 16
06:04:15.648 - Current Subscribers: 
bid     | ((10i;`);(9i;`))
quote   | ((10i;`);(9i;`))
statsTab| ,(8i;`)

06:04:16.647 - Records Processed 16
06:04:16.648 - Current Subscribers: 
bid     | ((10i;`);(9i;`))
quote   | ((10i;`);(9i;`))
statsTab| ,(8i;`)

06:04:17.647 - Records Processed 16
06:04:17.649 - Current Subscribers: 
bid     | ((10i;`);(9i;`))
quote   | ((10i;`);(9i;`))
statsTab| ,(8i;`)

06:04:18.648 - Records Processed 16
06:04:18.649 - Current Subscribers: 
bid     | ((10i;`);(9i;`))
quote   | ((10i;`);(9i;`))
statsTab| ,(8i;`)

06:04:19.646 - Records Processed 16
06:04:19.647 - Current Subscribers: 
bid     | ((10i;`);(9i;`))
quote   | ((10i;`);(9i;`))
statsTab| ,(8i;`)

06:04:20.647 - Records Processed 16
06:04:20.648 - Current Subscribers: 
bid     | ((10i;`);(9i;`))
quote   | ((10i;`);(9i;`))
statsTab| ,(8i;`)

06:04:21.647 - Records Processed 16
06:04:21.648 - Current Subscribers: 
bid     | ((10i;`);(9i;`))
quote   | ((10i;`);(9i;`))
statsTab| ,(8i;`)

06:04:22.648 - Records Processed 16
06:04:22.648 - Current Subscribers: 
bid     | ((10i;`);(9i;`))
quote   | ((10i;`);(9i;`))
statsTab| ,(8i;`)

06:04:23.647 - Records Processed 16
06:04:23.648 - Current Subscribers: 
bid     | ((10i;`);(9i;`))
quote   | ((10i;`);(9i;`))
statsTab| ,(8i;`)

06:04:24.646 - Records Processed 16
06:04:24.647 - Current Subscribers: 
bid     | ((10i;`);(9i;`))
quote   | ((10i;`);(9i;`))
statsTab| ,(8i;`)

06:04:25.647 - Records Processed 16
06:04:25.647 - Current Subscribers: 
bid     | ((10i;`);(9i;`))
quote   | ((10i;`);(9i;`))
statsTab| ,(8i;`)

06:04:26.646 - Records Processed 16
06:04:26.646 - Current Subscribers: 
bid     | ((10i;`);(9i;`))
quote   | ((10i;`);(9i;`))
statsTab| ,(8i;`)

06:04:27.647 - Records Processed 16
06:04:27.647 - Current Subscribers: 
bid     | ((10i;`);(9i;`))
quote   | ((10i;`);(9i;`))
statsTab| ,(8i;`)

06:04:28.647 - Records Processed 16
06:04:28.647 - Current Subscribers: 
bid     | ((10i;`);(9i;`))
quote   | ((10i;`);(9i;`))
statsTab| ,(8i;`)

06:04:29.647 - Records Processed 16
06:04:29.648 - Current Subscribers: 
bid     | ((10i;`);(9i;`))
quote   | ((10i;`);(9i;`))
statsTab| ,(8i;`)

06:04:30.648 - Records Processed 16
06:04:30.649 - Current Subscribers: 
bid     | ((10i;`);(9i;`))
quote   | ((10i;`);(9i;`))
statsTab| ,(8i;`)

06:04:31.647 - Records Processed 16
06:04:31.649 - Current Subscribers: 
bid     | ((10i;`);(9i;`))
quote   | ((10i;`);(9i;`))
statsTab| ,(8i;`)

06:04:32.649 - Records Processed 16
06:04:32.650 - Current Subscribers: 
bid     | ((10i;`);(9i;`))
quote   | ((10i;`);(9i;`))
statsTab| ,(8i;`)

06:04:33.648 - Records Processed 16
06:04:33.649 - Current Subscribers: 
bid     | ((10i;`);(9i;`))
quote   | ((10i;`);(9i;`))
statsTab| ,(8i;`)

06:04:34.647 - Records Processed 16
06:04:34.648 - Current Subscribers: 
bid     | ((10i;`);(9i;`))
quote   | ((10i;`);(9i;`))
statsTab| ,(8i;`)

06:04:35.648 - Records Processed 16
06:04:35.649 - Current Subscribers: 
bid     | ((10i;`);(9i;`))
quote   | ((10i;`);(9i;`))
statsTab| ,(8i;`)

06:04:36.647 - Records Processed 16
06:04:36.647 - Current Subscribers: 
bid     | ((10i;`);(9i;`))
quote   | ((10i;`);(9i;`))
statsTab| ,(8i;`)

06:04:37.647 - Records Processed 16
06:04:37.648 - Current Subscribers: 
bid     | ((10i;`);(9i;`))
quote   | ((10i;`);(9i;`))
statsTab| ,(8i;`)

06:04:38.647 - Records Processed 16
06:04:38.648 - Current Subscribers: 
bid     | ((10i;`);(9i;`))
quote   | ((10i;`);(9i;`))
statsTab| ,(8i;`)

06:04:39.648 - Records Processed 16
06:04:39.649 - Current Subscribers: 
bid     | ((10i;`);(9i;`))
quote   | ((10i;`);(9i;`))
statsTab| ,(8i;`)

06:04:40.647 - Records Processed 16
06:04:40.648 - Current Subscribers: 
bid     | ((10i;`);(9i;`))
quote   | ((10i;`);(9i;`))
statsTab| ,(8i;`)

06:04:41.649 - Records Processed 16
06:04:41.651 - Current Subscribers: 
bid     | ((10i;`);(9i;`))
quote   | ((10i;`);(9i;`))
statsTab| ,(8i;`)

06:04:42.650 - Records Processed 16
06:04:42.651 - Current Subscribers: 
bid     | ((10i;`);(9i;`))
quote   | ((10i;`);(9i;`))
statsTab| ,(8i;`)

06:04:43.649 - Records Processed 16
06:04:43.650 - Current Subscribers: 
bid     | ((10i;`);(9i;`))
quote   | ((10i;`);(9i;`))
statsTab| ,(8i;`)

06:04:44.647 - Records Processed 16
06:04:44.647 - Current Subscribers: 
bid     | ((10i;`);(9i;`))
quote   | ((10i;`);(9i;`))
statsTab| ,(8i;`)

06:04:45.648 - Records Processed 16
06:04:45.648 - Current Subscribers: 
bid     | ((10i;`);(9i;`))
quote   | ((10i;`);(9i;`))
statsTab| ,(8i;`)

06:04:46.646 - Records Processed 16
06:04:46.646 - Current Subscribers: 
bid     | ((10i;`);(9i;`))
quote   | ((10i;`);(9i;`))
statsTab| ,(8i;`)

06:04:47.648 - Records Processed 16
06:04:47.649 - Current Subscribers: 
bid     | ((10i;`);(9i;`))
quote   | ((10i;`);(9i;`))
statsTab| ,(8i;`)

06:04:48.647 - Records Processed 16
06:04:48.649 - Current Subscribers: 
bid     | ((10i;`);(9i;`))
quote   | ((10i;`);(9i;`))
statsTab| ,(8i;`)

06:04:49.648 - Records Processed 16
06:04:49.649 - Current Subscribers: 
bid     | ((10i;`);(9i;`))
quote   | ((10i;`);(9i;`))
statsTab| ,(8i;`)

06:04:50.647 - Records Processed 16
06:04:50.648 - Current Subscribers: 
bid     | ((10i;`);(9i;`))
quote   | ((10i;`);(9i;`))
statsTab| ,(8i;`)

06:04:51.646 - Records Processed 16
06:04:51.646 - Current Subscribers: 
bid     | ((10i;`);(9i;`))
quote   | ((10i;`);(9i;`))
statsTab| ,(8i;`)

06:04:52.647 - Records Processed 16
06:04:52.648 - Current Subscribers: 
bid     | ((10i;`);(9i;`))
quote   | ((10i;`);(9i;`))
statsTab| ,(8i;`)

06:04:53.647 - Records Processed 16
06:04:53.647 - Current Subscribers: 
bid     | ((10i;`);(9i;`))
quote   | ((10i;`);(9i;`))
statsTab| ,(8i;`)

06:04:54.647 - Records Processed 16
06:04:54.647 - Current Subscribers: 
bid     | ((10i;`);(9i;`))
quote   | ((10i;`);(9i;`))
statsTab| ,(8i;`)

06:05:29.727 - Records Processed 16
06:05:29.728 - Current Subscribers: 
bid     | ((10i;`);(9i;`))
quote   | ((10i;`);(9i;`))
statsTab| ,(8i;`)

06:05:33.785 - Records Processed 16
06:05:33.785 - Current Subscribers: 
bid     | ((10i;`);(9i;`))
quote   | ((10i;`);(9i;`))
statsTab| ,(8i;`)

