12:04:00.201 - Records Processed 701
12:04:00.201 - Current Subscribers: 
bid     | 
quote   | 
statsTab| 

12:04:01.202 - Records Processed 701
12:04:01.202 - Current Subscribers: 
bid     | 
quote   | 
statsTab| 

12:04:02.203 - Records Processed 701
12:04:02.203 - Current Subscribers: 
bid     | 
quote   | 
statsTab| 

12:04:03.203 - Records Processed 701
12:04:03.203 - Current Subscribers: 
bid     | 
quote   | 
statsTab| 

12:04:04.202 - Records Processed 701
12:04:04.202 - Current Subscribers: 
bid     | 
quote   | 
statsTab| 

12:04:05.203 - Records Processed 701
12:04:05.203 - Current Subscribers: 
bid     | 
quote   | 
statsTab| 

12:04:06.203 - Records Processed 701
12:04:06.203 - Current Subscribers: 
bid     | 
quote   | 
statsTab| 

12:04:07.203 - Records Processed 701
12:04:07.203 - Current Subscribers: 
bid     | 
quote   | 
statsTab| 

12:04:08.204 - Records Processed 701
12:04:08.204 - Current Subscribers: 
bid     | 
quote   | 
statsTab| 

12:04:09.203 - Records Processed 701
12:04:09.203 - Current Subscribers: 
bid     | 
quote   | 
statsTab| 

12:04:10.204 - Records Processed 701
12:04:10.204 - Current Subscribers: 
bid     | 
quote   | 
statsTab| 

12:04:11.203 - Records Processed 701
12:04:11.203 - Current Subscribers: 
bid     | 
quote   | 
statsTab| 

12:04:12.203 - Records Processed 701
12:04:12.203 - Current Subscribers: 
bid     | 
quote   | 
statsTab| 

12:04:13.203 - Records Processed 701
12:04:13.203 - Current Subscribers: 
bid     | 
quote   | 
statsTab| 

12:04:14.203 - Records Processed 701
12:04:14.203 - Current Subscribers: 
bid     | 
quote   | 
statsTab| 

12:04:15.204 - Records Processed 701
12:04:15.204 - Current Subscribers: 
bid     | 
quote   | 
statsTab| 

12:04:16.203 - Records Processed 701
12:04:16.203 - Current Subscribers: 
bid     | 
quote   | 
statsTab| 

12:04:17.203 - Records Processed 701
12:04:17.203 - Current Subscribers: 
bid     | 
quote   | 
statsTab| 

12:04:18.203 - Records Processed 701
12:04:18.203 - Current Subscribers: 
bid     | 
quote   | 
statsTab| 

12:04:19.203 - Records Processed 701
12:04:19.203 - Current Subscribers: 
bid     | 
quote   | 
statsTab| 

12:04:20.202 - Records Processed 701
12:04:20.203 - Current Subscribers: 
bid     | 
quote   | 
statsTab| 

12:04:21.203 - Records Processed 701
12:04:21.203 - Current Subscribers: 
bid     | 
quote   | 
statsTab| 

12:04:22.203 - Records Processed 701
12:04:22.203 - Current Subscribers: 
bid     | 
quote   | 
statsTab| 

12:04:23.203 - Records Processed 701
12:04:23.204 - Current Subscribers: 
bid     | 
quote   | 
statsTab| 

12:04:24.202 - Records Processed 701
12:04:24.202 - Current Subscribers: 
bid     | 
quote   | 
statsTab| 

12:04:25.203 - Records Processed 701
12:04:25.203 - Current Subscribers: 
bid     | 
quote   | 
statsTab| 

12:04:26.203 - Records Processed 701
12:04:26.204 - Current Subscribers: 
bid     | 
quote   | 
statsTab| 

12:04:27.203 - Records Processed 701
12:04:27.203 - Current Subscribers: 
bid     | 
quote   | 
statsTab| 

12:04:28.203 - Records Processed 701
12:04:28.203 - Current Subscribers: 
bid     | 
quote   | 
statsTab| 

12:04:29.203 - Records Processed 701
12:04:29.204 - Current Subscribers: 
bid     | 
quote   | 
statsTab| 

12:04:30.203 - Records Processed 701
12:04:30.203 - Current Subscribers: 
bid     | 
quote   | 
statsTab| 

12:04:31.204 - Records Processed 701
12:04:31.204 - Current Subscribers: 
bid     | 
quote   | 
statsTab| 

12:04:32.203 - Records Processed 701
12:04:32.204 - Current Subscribers: 
bid     | 
quote   | 
statsTab| 

