06:14:29.451 - Records Processed 9
06:14:29.451 - Current Subscribers: 
bid     | 
quote   | 
statsTab| 

06:14:30.452 - Records Processed 9
06:14:30.453 - Current Subscribers: 
bid     | 
quote   | 
statsTab| 

06:14:31.453 - Records Processed 9
06:14:31.453 - Current Subscribers: 
bid     | 
quote   | 
statsTab| 

06:14:32.451 - Records Processed 9
06:14:32.451 - Current Subscribers: 
bid     | 
quote   | 
statsTab| 

06:14:33.452 - Records Processed 9
06:14:33.453 - Current Subscribers: 
bid     | 
quote   | 
statsTab| 

06:14:34.452 - Records Processed 9
06:14:34.452 - Current Subscribers: 
bid     | 
quote   | 
statsTab| 

06:14:35.451 - Records Processed 9
06:14:35.451 - Current Subscribers: 
bid     | 
quote   | 
statsTab| 

06:14:36.451 - Records Processed 9
06:14:36.452 - Current Subscribers: 
bid     | ()
quote   | ()
statsTab| ,(8i;`)

06:14:37.453 - Records Processed 9
06:14:37.453 - Current Subscribers: 
bid     | ()
quote   | ()
statsTab| ,(8i;`)

06:14:38.452 - Records Processed 9
06:14:38.452 - Current Subscribers: 
bid     | 9i `
quote   | 9i `
statsTab| 8i `

06:14:39.452 - Records Processed 9
06:14:39.453 - Current Subscribers: 
bid     | 9i `
quote   | 9i `
statsTab| 8i `

06:14:40.452 - Records Processed 9
06:14:40.452 - Current Subscribers: 
bid     | 9i `
quote   | 9i `
statsTab| 8i `

06:14:41.451 - Records Processed 9
06:14:41.451 - Current Subscribers: 
bid     | 9i `
quote   | 9i `
statsTab| 8i `

06:14:42.451 - Records Processed 9
06:14:42.452 - Current Subscribers: 
bid     | ((9i;`);(10i;`))
quote   | ((9i;`);(10i;`))
statsTab| ,(8i;`)

06:14:43.453 - Records Processed 9
06:14:43.453 - Current Subscribers: 
bid     | ((9i;`);(10i;`))
quote   | ((9i;`);(10i;`))
statsTab| ,(8i;`)

06:14:44.451 - Records Processed 9
06:14:44.451 - Current Subscribers: 
bid     | ((9i;`);(10i;`))
quote   | ((9i;`);(10i;`))
statsTab| ,(8i;`)

06:14:45.452 - Records Processed 9
06:14:45.453 - Current Subscribers: 
bid     | ((9i;`);(10i;`))
quote   | ((9i;`);(10i;`))
statsTab| ,(8i;`)

06:14:46.453 - Records Processed 9
06:14:46.453 - Current Subscribers: 
bid     | ((9i;`);(10i;`))
quote   | ((9i;`);(10i;`))
statsTab| ,(8i;`)

06:14:47.453 - Records Processed 9
06:14:47.453 - Current Subscribers: 
bid     | ((9i;`);(10i;`))
quote   | ((9i;`);(10i;`))
statsTab| ,(8i;`)

06:14:48.451 - Records Processed 9
06:14:48.452 - Current Subscribers: 
bid     | ((9i;`);(10i;`))
quote   | ((9i;`);(10i;`))
statsTab| ,(8i;`)

06:14:49.453 - Records Processed 9
06:14:49.453 - Current Subscribers: 
bid     | ((9i;`);(10i;`))
quote   | ((9i;`);(10i;`))
statsTab| ,(8i;`)

06:14:50.452 - Records Processed 9
06:14:50.452 - Current Subscribers: 
bid     | ((9i;`);(10i;`))
quote   | ((9i;`);(10i;`))
statsTab| ,(8i;`)

06:14:51.451 - Records Processed 9
06:14:51.451 - Current Subscribers: 
bid     | ((9i;`);(10i;`))
quote   | ((9i;`);(10i;`))
statsTab| ,(8i;`)

06:14:52.452 - Records Processed 9
06:14:52.452 - Current Subscribers: 
bid     | ((9i;`);(10i;`))
quote   | ((9i;`);(10i;`))
statsTab| ,(8i;`)

