13:52:52.254 - Records Processed 419
13:52:52.254 - Current Subscribers: 
bid     | 
quote   | 
statsTab| 

13:52:53.256 - Records Processed 419
13:52:53.256 - Current Subscribers: 
bid     | 
quote   | 
statsTab| 

13:52:54.256 - Records Processed 419
13:52:54.256 - Current Subscribers: 
bid     | 
quote   | 
statsTab| 

13:52:55.255 - Records Processed 419
13:52:55.255 - Current Subscribers: 
bid     | 
quote   | 
statsTab| 

13:52:56.256 - Records Processed 419
13:52:56.256 - Current Subscribers: 
bid     | 
quote   | 
statsTab| 

13:52:57.257 - Records Processed 419
13:52:57.257 - Current Subscribers: 
bid     | 
quote   | 
statsTab| 

13:52:58.256 - Records Processed 419
13:52:58.256 - Current Subscribers: 
bid     | 
quote   | 
statsTab| 

13:52:59.256 - Records Processed 420
13:52:59.256 - Current Subscribers: 
bid     | 
quote   | 
statsTab| 

13:53:00.255 - Records Processed 421
13:53:00.255 - Current Subscribers: 
bid     | 
quote   | 
statsTab| 

13:53:01.256 - Records Processed 422
13:53:01.256 - Current Subscribers: 
bid     | 
quote   | 
statsTab| 

13:53:02.255 - Records Processed 423
13:53:02.255 - Current Subscribers: 
bid     | ()
quote   | ()
statsTab| ,(9i;`)

13:53:03.256 - Records Processed 424
13:53:03.256 - Current Subscribers: 
bid     | ()
quote   | ()
statsTab| ,(9i;`)

13:53:04.256 - Records Processed 425
13:53:04.256 - Current Subscribers: 
bid     | ()
quote   | ()
statsTab| ,(9i;`)

13:53:05.254 - Records Processed 427
13:53:05.255 - Current Subscribers: 
bid     | 10i `
quote   | 10i `
statsTab| 9i ` 

13:53:06.254 - Records Processed 429
13:53:06.255 - Current Subscribers: 
bid     | 10i `
quote   | 10i `
statsTab| 9i ` 

13:53:07.255 - Records Processed 431
13:53:07.255 - Current Subscribers: 
bid     | 10i `
quote   | 10i `
statsTab| 9i ` 

13:53:08.255 - Records Processed 433
13:53:08.256 - Current Subscribers: 
bid     | 10i `
quote   | 10i `
statsTab| 9i ` 

13:53:09.255 - Records Processed 435
13:53:09.256 - Current Subscribers: 
bid     | ((10i;`);(11i;`))
quote   | ((10i;`);(11i;`))
statsTab| ,(9i;`)

13:53:10.255 - Records Processed 437
13:53:10.256 - Current Subscribers: 
bid     | ((10i;`);(11i;`))
quote   | ((10i;`);(11i;`))
statsTab| ,(9i;`)

13:53:11.255 - Records Processed 439
13:53:11.255 - Current Subscribers: 
bid     | ((10i;`);(11i;`))
quote   | ((10i;`);(11i;`))
statsTab| ,(9i;`)

13:53:12.256 - Records Processed 441
13:53:12.256 - Current Subscribers: 
bid     | ((10i;`);(11i;`))
quote   | ((10i;`);(11i;`))
statsTab| ,(9i;`)

13:53:13.255 - Records Processed 443
13:53:13.256 - Current Subscribers: 
bid     | ((10i;`);(11i;`))
quote   | ((10i;`);(11i;`))
statsTab| ,(9i;`)

13:53:14.256 - Records Processed 445
13:53:14.257 - Current Subscribers: 
bid     | ((10i;`);(11i;`))
quote   | ((10i;`);(11i;`))
statsTab| ,(9i;`)

13:53:15.256 - Records Processed 447
13:53:15.256 - Current Subscribers: 
bid     | ((10i;`);(11i;`))
quote   | ((10i;`);(11i;`))
statsTab| ,(9i;`)

13:53:16.255 - Records Processed 449
13:53:16.255 - Current Subscribers: 
bid     | ((10i;`);(11i;`))
quote   | ((10i;`);(11i;`))
statsTab| ,(9i;`)

13:53:17.255 - Records Processed 451
13:53:17.256 - Current Subscribers: 
bid     | ((10i;`);(11i;`))
quote   | ((10i;`);(11i;`))
statsTab| ,(9i;`)

13:53:18.255 - Records Processed 453
13:53:18.256 - Current Subscribers: 
bid     | ((10i;`);(11i;`))
quote   | ((10i;`);(11i;`))
statsTab| ,(9i;`)

13:53:19.255 - Records Processed 455
13:53:19.256 - Current Subscribers: 
bid     | ((10i;`);(11i;`))
quote   | ((10i;`);(11i;`))
statsTab| ,(9i;`)

13:53:20.254 - Records Processed 457
13:53:20.255 - Current Subscribers: 
bid     | ((10i;`);(11i;`))
quote   | ((10i;`);(11i;`))
statsTab| ,(9i;`)

13:53:21.256 - Records Processed 457
13:53:21.256 - Current Subscribers: 
bid     | ((10i;`);(11i;`))
quote   | ((10i;`);(11i;`))
statsTab| ,(9i;`)

13:53:22.256 - Records Processed 457
13:53:22.257 - Current Subscribers: 
bid     | ((10i;`);(11i;`))
quote   | ((10i;`);(11i;`))
statsTab| ,(9i;`)

13:53:23.256 - Records Processed 457
13:53:23.256 - Current Subscribers: 
bid     | ((10i;`);(11i;`))
quote   | ((10i;`);(11i;`))
statsTab| ,(9i;`)

13:53:24.257 - Records Processed 457
13:53:24.257 - Current Subscribers: 
bid     | ((10i;`);(11i;`))
quote   | ((10i;`);(11i;`))
statsTab| ,(9i;`)

13:53:25.255 - Records Processed 457
13:53:25.256 - Current Subscribers: 
bid     | ((10i;`);(11i;`))
quote   | ((10i;`);(11i;`))
statsTab| ,(9i;`)

13:53:26.256 - Records Processed 457
13:53:26.256 - Current Subscribers: 
bid     | ((10i;`);(11i;`))
quote   | ((10i;`);(11i;`))
statsTab| ,(9i;`)

13:53:27.256 - Records Processed 457
13:53:27.256 - Current Subscribers: 
bid     | ((10i;`);(11i;`))
quote   | ((10i;`);(11i;`))
statsTab| ,(9i;`)

13:53:28.256 - Records Processed 457
13:53:28.257 - Current Subscribers: 
bid     | ((10i;`);(11i;`))
quote   | ((10i;`);(11i;`))
statsTab| ,(9i;`)

13:53:29.257 - Records Processed 457
13:53:29.258 - Current Subscribers: 
bid     | ((10i;`);(11i;`))
quote   | ((10i;`);(11i;`))
statsTab| ,(9i;`)

13:53:30.257 - Records Processed 457
13:53:30.258 - Current Subscribers: 
bid     | ((10i;`);(11i;`))
quote   | ((10i;`);(11i;`))
statsTab| ,(9i;`)

13:53:31.256 - Records Processed 457
13:53:31.257 - Current Subscribers: 
bid     | ((10i;`);(11i;`))
quote   | ((10i;`);(11i;`))
statsTab| ,(9i;`)

13:53:32.257 - Records Processed 457
13:53:32.257 - Current Subscribers: 
bid     | ((10i;`);(11i;`))
quote   | ((10i;`);(11i;`))
statsTab| ,(9i;`)

13:53:33.254 - Records Processed 457
13:53:33.255 - Current Subscribers: 
bid     | ((10i;`);(11i;`))
quote   | ((10i;`);(11i;`))
statsTab| ,(9i;`)

13:53:34.256 - Records Processed 457
13:53:34.256 - Current Subscribers: 
bid     | ((10i;`);(11i;`))
quote   | ((10i;`);(11i;`))
statsTab| ,(9i;`)

13:53:35.256 - Records Processed 457
13:53:35.257 - Current Subscribers: 
bid     | ((10i;`);(11i;`))
quote   | ((10i;`);(11i;`))
statsTab| ,(9i;`)

13:53:36.256 - Records Processed 457
13:53:36.256 - Current Subscribers: 
bid     | ((10i;`);(11i;`))
quote   | ((10i;`);(11i;`))
statsTab| ,(9i;`)

13:53:37.256 - Records Processed 457
13:53:37.256 - Current Subscribers: 
bid     | ((10i;`);(11i;`))
quote   | ((10i;`);(11i;`))
statsTab| ,(9i;`)

13:53:38.256 - Records Processed 457
13:53:38.257 - Current Subscribers: 
bid     | ((10i;`);(11i;`))
quote   | ((10i;`);(11i;`))
statsTab| ,(9i;`)

13:53:39.257 - Records Processed 457
13:53:39.257 - Current Subscribers: 
bid     | ((10i;`);(11i;`))
quote   | ((10i;`);(11i;`))
statsTab| ,(9i;`)

13:53:40.257 - Records Processed 457
13:53:40.258 - Current Subscribers: 
bid     | ((10i;`);(11i;`))
quote   | ((10i;`);(11i;`))
statsTab| ,(9i;`)

13:53:41.255 - Records Processed 457
13:53:41.255 - Current Subscribers: 
bid     | ((10i;`);(11i;`))
quote   | ((10i;`);(11i;`))
statsTab| ,(9i;`)

13:53:42.256 - Records Processed 457
13:53:42.256 - Current Subscribers: 
bid     | ((10i;`);(11i;`))
quote   | ((10i;`);(11i;`))
statsTab| ,(9i;`)

13:53:43.256 - Records Processed 457
13:53:43.256 - Current Subscribers: 
bid     | ((10i;`);(11i;`))
quote   | ((10i;`);(11i;`))
statsTab| ,(9i;`)

13:53:44.259 - Records Processed 457
13:53:44.260 - Current Subscribers: 
bid     | ((10i;`);(11i;`))
quote   | ((10i;`);(11i;`))
statsTab| ,(9i;`)

13:53:45.256 - Records Processed 457
13:53:45.257 - Current Subscribers: 
bid     | ((10i;`);(11i;`))
quote   | ((10i;`);(11i;`))
statsTab| ,(9i;`)

13:53:46.255 - Records Processed 457
13:53:46.255 - Current Subscribers: 
bid     | ((10i;`);(11i;`))
quote   | ((10i;`);(11i;`))
statsTab| ,(9i;`)

13:53:47.256 - Records Processed 457
13:53:47.256 - Current Subscribers: 
bid     | ((10i;`);(11i;`))
quote   | ((10i;`);(11i;`))
statsTab| ,(9i;`)

13:53:48.256 - Records Processed 457
13:53:48.257 - Current Subscribers: 
bid     | ((10i;`);(11i;`))
quote   | ((10i;`);(11i;`))
statsTab| ,(9i;`)

13:53:49.256 - Records Processed 457
13:53:49.257 - Current Subscribers: 
bid     | ((10i;`);(11i;`))
quote   | ((10i;`);(11i;`))
statsTab| ,(9i;`)

13:53:50.256 - Records Processed 457
13:53:50.257 - Current Subscribers: 
bid     | ((10i;`);(11i;`))
quote   | ((10i;`);(11i;`))
statsTab| ,(9i;`)

13:53:51.256 - Records Processed 457
13:53:51.257 - Current Subscribers: 
bid     | ((10i;`);(11i;`))
quote   | ((10i;`);(11i;`))
statsTab| ,(9i;`)

13:53:52.256 - Records Processed 457
13:53:52.257 - Current Subscribers: 
bid     | ((10i;`);(11i;`))
quote   | ((10i;`);(11i;`))
statsTab| ,(9i;`)

13:53:53.257 - Records Processed 457
13:53:53.257 - Current Subscribers: 
bid     | ((10i;`);(11i;`))
quote   | ((10i;`);(11i;`))
statsTab| ,(9i;`)

13:53:54.256 - Records Processed 457
13:53:54.257 - Current Subscribers: 
bid     | ((10i;`);(11i;`))
quote   | ((10i;`);(11i;`))
statsTab| ,(9i;`)

13:53:55.257 - Records Processed 457
13:53:55.258 - Current Subscribers: 
bid     | ((10i;`);(11i;`))
quote   | ((10i;`);(11i;`))
statsTab| ,(9i;`)

13:53:56.257 - Records Processed 457
13:53:56.258 - Current Subscribers: 
bid     | ((10i;`);(11i;`))
quote   | ((10i;`);(11i;`))
statsTab| ,(9i;`)

13:53:57.256 - Records Processed 457
13:53:57.257 - Current Subscribers: 
bid     | ((10i;`);(11i;`))
quote   | ((10i;`);(11i;`))
statsTab| ,(9i;`)

13:53:58.256 - Records Processed 457
13:53:58.256 - Current Subscribers: 
bid     | ((10i;`);(11i;`))
quote   | ((10i;`);(11i;`))
statsTab| ,(9i;`)

13:53:59.256 - Records Processed 457
13:53:59.257 - Current Subscribers: 
bid     | ((10i;`);(11i;`))
quote   | ((10i;`);(11i;`))
statsTab| ,(9i;`)

13:54:00.256 - Records Processed 457
13:54:00.257 - Current Subscribers: 
bid     | ((10i;`);(11i;`))
quote   | ((10i;`);(11i;`))
statsTab| ,(9i;`)

13:54:01.256 - Records Processed 457
13:54:01.256 - Current Subscribers: 
bid     | ((10i;`);(11i;`))
quote   | ((10i;`);(11i;`))
statsTab| ,(9i;`)

13:54:02.256 - Records Processed 457
13:54:02.256 - Current Subscribers: 
bid     | ((10i;`);(11i;`))
quote   | ((10i;`);(11i;`))
statsTab| ,(9i;`)

13:54:03.256 - Records Processed 457
13:54:03.256 - Current Subscribers: 
bid     | ((10i;`);(11i;`))
quote   | ((10i;`);(11i;`))
statsTab| ,(9i;`)

13:54:04.256 - Records Processed 457
13:54:04.256 - Current Subscribers: 
bid     | ((10i;`);(11i;`))
quote   | ((10i;`);(11i;`))
statsTab| ,(9i;`)

13:54:05.256 - Records Processed 457
13:54:05.257 - Current Subscribers: 
bid     | ((10i;`);(11i;`))
quote   | ((10i;`);(11i;`))
statsTab| ,(9i;`)

13:54:06.256 - Records Processed 457
13:54:06.257 - Current Subscribers: 
bid     | ((10i;`);(11i;`))
quote   | ((10i;`);(11i;`))
statsTab| ,(9i;`)

13:54:07.256 - Records Processed 457
13:54:07.257 - Current Subscribers: 
bid     | ((10i;`);(11i;`))
quote   | ((10i;`);(11i;`))
statsTab| ,(9i;`)

13:54:08.256 - Records Processed 457
13:54:08.257 - Current Subscribers: 
bid     | ((10i;`);(11i;`))
quote   | ((10i;`);(11i;`))
statsTab| ,(9i;`)

13:54:09.256 - Records Processed 457
13:54:09.256 - Current Subscribers: 
bid     | ((10i;`);(11i;`))
quote   | ((10i;`);(11i;`))
statsTab| ,(9i;`)

13:54:10.257 - Records Processed 457
13:54:10.257 - Current Subscribers: 
bid     | ((10i;`);(11i;`))
quote   | ((10i;`);(11i;`))
statsTab| ,(9i;`)

13:54:11.256 - Records Processed 457
13:54:11.257 - Current Subscribers: 
bid     | ((10i;`);(11i;`))
quote   | ((10i;`);(11i;`))
statsTab| ,(9i;`)

13:54:12.257 - Records Processed 457
13:54:12.258 - Current Subscribers: 
bid     | ((10i;`);(11i;`))
quote   | ((10i;`);(11i;`))
statsTab| ,(9i;`)

13:54:13.255 - Records Processed 459
13:54:13.256 - Current Subscribers: 
bid     | ((10i;`);(11i;`))
quote   | ((10i;`);(11i;`))
statsTab| ,(9i;`)

13:54:14.256 - Records Processed 459
13:54:14.256 - Current Subscribers: 
bid     | ((10i;`);(11i;`))
quote   | ((10i;`);(11i;`))
statsTab| ,(9i;`)

13:54:15.257 - Records Processed 459
13:54:15.257 - Current Subscribers: 
bid     | ((10i;`);(11i;`))
quote   | ((10i;`);(11i;`))
statsTab| ,(9i;`)

13:54:16.257 - Records Processed 459
13:54:16.257 - Current Subscribers: 
bid     | ((10i;`);(11i;`))
quote   | ((10i;`);(11i;`))
statsTab| ,(9i;`)

13:54:17.257 - Records Processed 459
13:54:17.257 - Current Subscribers: 
bid     | ((10i;`);(11i;`))
quote   | ((10i;`);(11i;`))
statsTab| ,(9i;`)

13:54:18.256 - Records Processed 459
13:54:18.257 - Current Subscribers: 
bid     | ((10i;`);(11i;`))
quote   | ((10i;`);(11i;`))
statsTab| ,(9i;`)

13:54:19.256 - Records Processed 459
13:54:19.256 - Current Subscribers: 
bid     | ((10i;`);(11i;`))
quote   | ((10i;`);(11i;`))
statsTab| ,(9i;`)

13:54:20.256 - Records Processed 459
13:54:20.257 - Current Subscribers: 
bid     | ((10i;`);(11i;`))
quote   | ((10i;`);(11i;`))
statsTab| ,(9i;`)

13:54:21.256 - Records Processed 459
13:54:21.257 - Current Subscribers: 
bid     | ((10i;`);(11i;`))
quote   | ((10i;`);(11i;`))
statsTab| ,(9i;`)

13:54:22.256 - Records Processed 459
13:54:22.257 - Current Subscribers: 
bid     | ((10i;`);(11i;`))
quote   | ((10i;`);(11i;`))
statsTab| ,(9i;`)

13:54:23.256 - Records Processed 459
13:54:23.256 - Current Subscribers: 
bid     | ((10i;`);(11i;`))
quote   | ((10i;`);(11i;`))
statsTab| ,(9i;`)

13:54:24.257 - Records Processed 459
13:54:24.257 - Current Subscribers: 
bid     | ((10i;`);(11i;`))
quote   | ((10i;`);(11i;`))
statsTab| ,(9i;`)

13:54:25.256 - Records Processed 459
13:54:25.256 - Current Subscribers: 
bid     | ((10i;`);(11i;`))
quote   | ((10i;`);(11i;`))
statsTab| ,(9i;`)

13:54:26.255 - Records Processed 459
13:54:26.256 - Current Subscribers: 
bid     | ((10i;`);(11i;`))
quote   | ((10i;`);(11i;`))
statsTab| ,(9i;`)

13:54:27.256 - Records Processed 459
13:54:27.257 - Current Subscribers: 
bid     | ((10i;`);(11i;`))
quote   | ((10i;`);(11i;`))
statsTab| ,(9i;`)

13:54:28.256 - Records Processed 459
13:54:28.256 - Current Subscribers: 
bid     | ((10i;`);(11i;`))
quote   | ((10i;`);(11i;`))
statsTab| ,(9i;`)

13:54:29.256 - Records Processed 459
13:54:29.256 - Current Subscribers: 
bid     | ((10i;`);(11i;`))
quote   | ((10i;`);(11i;`))
statsTab| ,(9i;`)

13:54:30.256 - Records Processed 459
13:54:30.257 - Current Subscribers: 
bid     | ((10i;`);(11i;`))
quote   | ((10i;`);(11i;`))
statsTab| ,(9i;`)

13:54:31.257 - Records Processed 459
13:54:31.258 - Current Subscribers: 
bid     | ((10i;`);(11i;`))
quote   | ((10i;`);(11i;`))
statsTab| ,(9i;`)

13:54:32.255 - Records Processed 459
13:54:32.256 - Current Subscribers: 
bid     | ((10i;`);(11i;`))
quote   | ((10i;`);(11i;`))
statsTab| ,(9i;`)

13:54:33.257 - Records Processed 459
13:54:33.258 - Current Subscribers: 
bid     | ((10i;`);(11i;`))
quote   | ((10i;`);(11i;`))
statsTab| ,(9i;`)

13:54:34.256 - Records Processed 459
13:54:34.257 - Current Subscribers: 
bid     | ((10i;`);(11i;`))
quote   | ((10i;`);(11i;`))
statsTab| ,(9i;`)

13:54:35.256 - Records Processed 459
13:54:35.256 - Current Subscribers: 
bid     | ((10i;`);(11i;`))
quote   | ((10i;`);(11i;`))
statsTab| ,(9i;`)

13:54:36.256 - Records Processed 459
13:54:36.257 - Current Subscribers: 
bid     | ((10i;`);(11i;`))
quote   | ((10i;`);(11i;`))
statsTab| ,(9i;`)

13:54:37.256 - Records Processed 459
13:54:37.256 - Current Subscribers: 
bid     | ((10i;`);(11i;`))
quote   | ((10i;`);(11i;`))
statsTab| ,(9i;`)

13:54:38.256 - Records Processed 459
13:54:38.256 - Current Subscribers: 
bid     | ((10i;`);(11i;`))
quote   | ((10i;`);(11i;`))
statsTab| ,(9i;`)

13:54:39.256 - Records Processed 459
13:54:39.257 - Current Subscribers: 
bid     | ((10i;`);(11i;`))
quote   | ((10i;`);(11i;`))
statsTab| ,(9i;`)

13:54:40.257 - Records Processed 459
13:54:40.257 - Current Subscribers: 
bid     | ((10i;`);(11i;`))
quote   | ((10i;`);(11i;`))
statsTab| ,(9i;`)

13:54:41.256 - Records Processed 459
13:54:41.256 - Current Subscribers: 
bid     | ((10i;`);(11i;`))
quote   | ((10i;`);(11i;`))
statsTab| ,(9i;`)

13:54:42.257 - Records Processed 459
13:54:42.257 - Current Subscribers: 
bid     | ((10i;`);(11i;`))
quote   | ((10i;`);(11i;`))
statsTab| ,(9i;`)

13:54:43.257 - Records Processed 459
13:54:43.257 - Current Subscribers: 
bid     | ((10i;`);(11i;`))
quote   | ((10i;`);(11i;`))
statsTab| ,(9i;`)

13:54:44.257 - Records Processed 459
13:54:44.258 - Current Subscribers: 
bid     | ((10i;`);(11i;`))
quote   | ((10i;`);(11i;`))
statsTab| ,(9i;`)

13:54:45.257 - Records Processed 459
13:54:45.258 - Current Subscribers: 
bid     | ((10i;`);(11i;`))
quote   | ((10i;`);(11i;`))
statsTab| ,(9i;`)

13:54:46.256 - Records Processed 459
13:54:46.257 - Current Subscribers: 
bid     | ((10i;`);(11i;`))
quote   | ((10i;`);(11i;`))
statsTab| ,(9i;`)

13:54:47.255 - Records Processed 459
13:54:47.256 - Current Subscribers: 
bid     | ((10i;`);(11i;`))
quote   | ((10i;`);(11i;`))
statsTab| ,(9i;`)

13:54:48.257 - Records Processed 459
13:54:48.257 - Current Subscribers: 
bid     | ((10i;`);(11i;`))
quote   | ((10i;`);(11i;`))
statsTab| ,(9i;`)

13:54:49.256 - Records Processed 459
13:54:49.256 - Current Subscribers: 
bid     | ((10i;`);(11i;`))
quote   | ((10i;`);(11i;`))
statsTab| ,(9i;`)

13:54:50.255 - Records Processed 459
13:54:50.256 - Current Subscribers: 
bid     | ((10i;`);(11i;`))
quote   | ((10i;`);(11i;`))
statsTab| ,(9i;`)

13:54:51.255 - Records Processed 461
13:54:51.255 - Current Subscribers: 
bid     | ((10i;`);(11i;`))
quote   | ((10i;`);(11i;`))
statsTab| ,(9i;`)

13:54:52.257 - Records Processed 461
13:54:52.258 - Current Subscribers: 
bid     | ((10i;`);(11i;`))
quote   | ((10i;`);(11i;`))
statsTab| ,(9i;`)

13:54:53.262 - Records Processed 461
13:54:53.263 - Current Subscribers: 
bid     | ((10i;`);(11i;`))
quote   | ((10i;`);(11i;`))
statsTab| ,(9i;`)

13:54:54.257 - Records Processed 461
13:54:54.257 - Current Subscribers: 
bid     | ((10i;`);(11i;`))
quote   | ((10i;`);(11i;`))
statsTab| ,(9i;`)

13:54:55.257 - Records Processed 461
13:54:55.257 - Current Subscribers: 
bid     | ((10i;`);(11i;`))
quote   | ((10i;`);(11i;`))
statsTab| ,(9i;`)

13:54:56.257 - Records Processed 461
13:54:56.257 - Current Subscribers: 
bid     | ((10i;`);(11i;`))
quote   | ((10i;`);(11i;`))
statsTab| ,(9i;`)

13:54:57.257 - Records Processed 461
13:54:57.257 - Current Subscribers: 
bid     | ((10i;`);(11i;`))
quote   | ((10i;`);(11i;`))
statsTab| ,(9i;`)

13:54:58.256 - Records Processed 461
13:54:58.257 - Current Subscribers: 
bid     | ((10i;`);(11i;`))
quote   | ((10i;`);(11i;`))
statsTab| ,(9i;`)

13:54:59.255 - Records Processed 461
13:54:59.256 - Current Subscribers: 
bid     | ((10i;`);(11i;`))
quote   | ((10i;`);(11i;`))
statsTab| ,(9i;`)

13:55:00.257 - Records Processed 461
13:55:00.258 - Current Subscribers: 
bid     | ((10i;`);(11i;`))
quote   | ((10i;`);(11i;`))
statsTab| ,(9i;`)

13:55:01.256 - Records Processed 461
13:55:01.256 - Current Subscribers: 
bid     | ((10i;`);(11i;`))
quote   | ((10i;`);(11i;`))
statsTab| ,(9i;`)

13:55:02.256 - Records Processed 461
13:55:02.257 - Current Subscribers: 
bid     | ((10i;`);(11i;`))
quote   | ((10i;`);(11i;`))
statsTab| ,(9i;`)

13:55:03.256 - Records Processed 461
13:55:03.256 - Current Subscribers: 
bid     | ((10i;`);(11i;`))
quote   | ((10i;`);(11i;`))
statsTab| ,(9i;`)

13:55:04.256 - Records Processed 461
13:55:04.257 - Current Subscribers: 
bid     | ((10i;`);(11i;`))
quote   | ((10i;`);(11i;`))
statsTab| ,(9i;`)

13:55:05.257 - Records Processed 461
13:55:05.257 - Current Subscribers: 
bid     | ((10i;`);(11i;`))
quote   | ((10i;`);(11i;`))
statsTab| ,(9i;`)

13:55:06.256 - Records Processed 461
13:55:06.257 - Current Subscribers: 
bid     | ((10i;`);(11i;`))
quote   | ((10i;`);(11i;`))
statsTab| ,(9i;`)

13:55:07.256 - Records Processed 461
13:55:07.257 - Current Subscribers: 
bid     | ((10i;`);(11i;`))
quote   | ((10i;`);(11i;`))
statsTab| ,(9i;`)

13:55:08.257 - Records Processed 461
13:55:08.258 - Current Subscribers: 
bid     | ((10i;`);(11i;`))
quote   | ((10i;`);(11i;`))
statsTab| ,(9i;`)

13:55:09.257 - Records Processed 461
13:55:09.257 - Current Subscribers: 
bid     | ((10i;`);(11i;`))
quote   | ((10i;`);(11i;`))
statsTab| ,(9i;`)

13:55:10.255 - Records Processed 461
13:55:10.255 - Current Subscribers: 
bid     | ((10i;`);(11i;`))
quote   | ((10i;`);(11i;`))
statsTab| ,(9i;`)

13:55:11.256 - Records Processed 461
13:55:11.256 - Current Subscribers: 
bid     | ((10i;`);(11i;`))
quote   | ((10i;`);(11i;`))
statsTab| ,(9i;`)

13:55:12.257 - Records Processed 461
13:55:12.257 - Current Subscribers: 
bid     | ((10i;`);(11i;`))
quote   | ((10i;`);(11i;`))
statsTab| ,(9i;`)

13:55:13.256 - Records Processed 461
13:55:13.256 - Current Subscribers: 
bid     | ((10i;`);(11i;`))
quote   | ((10i;`);(11i;`))
statsTab| ,(9i;`)

13:55:14.256 - Records Processed 461
13:55:14.257 - Current Subscribers: 
bid     | ((10i;`);(11i;`))
quote   | ((10i;`);(11i;`))
statsTab| ,(9i;`)

13:55:15.256 - Records Processed 461
13:55:15.257 - Current Subscribers: 
bid     | ((10i;`);(11i;`))
quote   | ((10i;`);(11i;`))
statsTab| ,(9i;`)

13:55:16.256 - Records Processed 461
13:55:16.257 - Current Subscribers: 
bid     | ((10i;`);(11i;`))
quote   | ((10i;`);(11i;`))
statsTab| ,(9i;`)

13:55:17.256 - Records Processed 461
13:55:17.256 - Current Subscribers: 
bid     | ((10i;`);(11i;`))
quote   | ((10i;`);(11i;`))
statsTab| ,(9i;`)

13:55:18.255 - Records Processed 461
13:55:18.255 - Current Subscribers: 
bid     | ((10i;`);(11i;`))
quote   | ((10i;`);(11i;`))
statsTab| ,(9i;`)

13:55:19.256 - Records Processed 461
13:55:19.257 - Current Subscribers: 
bid     | ((10i;`);(11i;`))
quote   | ((10i;`);(11i;`))
statsTab| ,(9i;`)

13:55:20.257 - Records Processed 461
13:55:20.258 - Current Subscribers: 
bid     | ((10i;`);(11i;`))
quote   | ((10i;`);(11i;`))
statsTab| ,(9i;`)

13:55:21.256 - Records Processed 461
13:55:21.256 - Current Subscribers: 
bid     | ((10i;`);(11i;`))
quote   | ((10i;`);(11i;`))
statsTab| ,(9i;`)

13:55:22.256 - Records Processed 461
13:55:22.256 - Current Subscribers: 
bid     | ((10i;`);(11i;`))
quote   | ((10i;`);(11i;`))
statsTab| ,(9i;`)

13:55:23.255 - Records Processed 461
13:55:23.256 - Current Subscribers: 
bid     | ((10i;`);(11i;`))
quote   | ((10i;`);(11i;`))
statsTab| ,(9i;`)

13:55:24.256 - Records Processed 461
13:55:24.256 - Current Subscribers: 
bid     | ((10i;`);(11i;`))
quote   | ((10i;`);(11i;`))
statsTab| ,(9i;`)

13:55:25.256 - Records Processed 461
13:55:25.257 - Current Subscribers: 
bid     | ((10i;`);(11i;`))
quote   | ((10i;`);(11i;`))
statsTab| ,(9i;`)

13:55:26.255 - Records Processed 461
13:55:26.256 - Current Subscribers: 
bid     | ((10i;`);(11i;`))
quote   | ((10i;`);(11i;`))
statsTab| ,(9i;`)

13:55:27.256 - Records Processed 461
13:55:27.256 - Current Subscribers: 
bid     | ((10i;`);(11i;`))
quote   | ((10i;`);(11i;`))
statsTab| ,(9i;`)

13:55:28.256 - Records Processed 461
13:55:28.257 - Current Subscribers: 
bid     | ((10i;`);(11i;`))
quote   | ((10i;`);(11i;`))
statsTab| ,(9i;`)

13:55:29.256 - Records Processed 461
13:55:29.257 - Current Subscribers: 
bid     | ((10i;`);(11i;`))
quote   | ((10i;`);(11i;`))
statsTab| ,(9i;`)

13:55:30.258 - Records Processed 461
13:55:30.258 - Current Subscribers: 
bid     | ((10i;`);(11i;`))
quote   | ((10i;`);(11i;`))
statsTab| ,(9i;`)

13:55:31.256 - Records Processed 461
13:55:31.257 - Current Subscribers: 
bid     | ((10i;`);(11i;`))
quote   | ((10i;`);(11i;`))
statsTab| ,(9i;`)

13:55:32.256 - Records Processed 461
13:55:32.257 - Current Subscribers: 
bid     | ((10i;`);(11i;`))
quote   | ((10i;`);(11i;`))
statsTab| ,(9i;`)

13:55:33.256 - Records Processed 461
13:55:33.257 - Current Subscribers: 
bid     | ((10i;`);(11i;`))
quote   | ((10i;`);(11i;`))
statsTab| ,(9i;`)

13:55:34.256 - Records Processed 461
13:55:34.256 - Current Subscribers: 
bid     | ((10i;`);(11i;`))
quote   | ((10i;`);(11i;`))
statsTab| ,(9i;`)

13:55:35.257 - Records Processed 461
13:55:35.257 - Current Subscribers: 
bid     | ((10i;`);(11i;`))
quote   | ((10i;`);(11i;`))
statsTab| ,(9i;`)

13:55:36.255 - Records Processed 461
13:55:36.256 - Current Subscribers: 
bid     | ((10i;`);(11i;`))
quote   | ((10i;`);(11i;`))
statsTab| ,(9i;`)

13:55:37.256 - Records Processed 461
13:55:37.256 - Current Subscribers: 
bid     | ((10i;`);(11i;`))
quote   | ((10i;`);(11i;`))
statsTab| ,(9i;`)

13:55:38.256 - Records Processed 461
13:55:38.256 - Current Subscribers: 
bid     | ((10i;`);(11i;`))
quote   | ((10i;`);(11i;`))
statsTab| ,(9i;`)

13:55:39.256 - Records Processed 461
13:55:39.256 - Current Subscribers: 
bid     | ((10i;`);(11i;`))
quote   | ((10i;`);(11i;`))
statsTab| ,(9i;`)

13:55:40.001 - Records Processed 651
13:55:40.001 - Current Subscribers: 
bid     | ((10i;`);(11i;`))
quote   | ((10i;`);(11i;`))
statsTab| ,(9i;`)

13:55:41.254 - Records Processed 1529
13:55:41.255 - Current Subscribers: 
bid     | ((10i;`);(11i;`))
quote   | ((10i;`);(11i;`))
statsTab| ,(9i;`)

13:55:42.257 - Records Processed 1529
13:55:42.257 - Current Subscribers: 
bid     | ((10i;`);(11i;`))
quote   | ((10i;`);(11i;`))
statsTab| ,(9i;`)

13:55:43.256 - Records Processed 1529
13:55:43.256 - Current Subscribers: 
bid     | ((10i;`);(11i;`))
quote   | ((10i;`);(11i;`))
statsTab| ,(9i;`)

13:55:44.256 - Records Processed 1529
13:55:44.257 - Current Subscribers: 
bid     | ((10i;`);(11i;`))
quote   | ((10i;`);(11i;`))
statsTab| ,(9i;`)

13:55:45.257 - Records Processed 1529
13:55:45.258 - Current Subscribers: 
bid     | ((10i;`);(11i;`))
quote   | ((10i;`);(11i;`))
statsTab| ,(9i;`)

13:55:46.256 - Records Processed 1529
13:55:46.256 - Current Subscribers: 
bid     | ((10i;`);(11i;`))
quote   | ((10i;`);(11i;`))
statsTab| ,(9i;`)

13:55:47.256 - Records Processed 1529
13:55:47.256 - Current Subscribers: 
bid     | ((10i;`);(11i;`))
quote   | ((10i;`);(11i;`))
statsTab| ,(9i;`)

13:55:48.257 - Records Processed 1529
13:55:48.258 - Current Subscribers: 
bid     | ((10i;`);(11i;`))
quote   | ((10i;`);(11i;`))
statsTab| ,(9i;`)

13:55:49.257 - Records Processed 1529
13:55:49.257 - Current Subscribers: 
bid     | ((10i;`);(11i;`))
quote   | ((10i;`);(11i;`))
statsTab| ,(9i;`)

13:55:50.257 - Records Processed 1529
13:55:50.257 - Current Subscribers: 
bid     | ((10i;`);(11i;`))
quote   | ((10i;`);(11i;`))
statsTab| ,(9i;`)

13:55:51.256 - Records Processed 1529
13:55:51.256 - Current Subscribers: 
bid     | ((10i;`);(11i;`))
quote   | ((10i;`);(11i;`))
statsTab| ,(9i;`)

13:55:52.256 - Records Processed 1529
13:55:52.256 - Current Subscribers: 
bid     | ((10i;`);(11i;`))
quote   | ((10i;`);(11i;`))
statsTab| ,(9i;`)

