13:56:16.606 - Records Processed 76
13:56:16.606 - Current Subscribers: 
bid     | 
quote   | 
statsTab| 

13:56:17.607 - Records Processed 77
13:56:17.607 - Current Subscribers: 
bid     | 
quote   | 
statsTab| 

13:56:18.607 - Records Processed 78
13:56:18.607 - Current Subscribers: 
bid     | 
quote   | 
statsTab| 

13:56:19.607 - Records Processed 79
13:56:19.607 - Current Subscribers: 
bid     | 
quote   | 
statsTab| 

13:56:20.607 - Records Processed 80
13:56:20.607 - Current Subscribers: 
bid     | 
quote   | 
statsTab| 

13:56:21.607 - Records Processed 81
13:56:21.607 - Current Subscribers: 
bid     | 
quote   | 
statsTab| 

13:56:22.607 - Records Processed 82
13:56:22.607 - Current Subscribers: 
bid     | ()
quote   | ()
statsTab| ,(9i;`)

13:56:23.607 - Records Processed 83
13:56:23.607 - Current Subscribers: 
bid     | ()
quote   | ()
statsTab| ,(9i;`)

13:56:24.607 - Records Processed 84
13:56:24.607 - Current Subscribers: 
bid     | ()
quote   | ()
statsTab| ,(9i;`)

13:56:25.607 - Records Processed 85
13:56:25.607 - Current Subscribers: 
bid     | ()
quote   | ()
statsTab| ,(9i;`)

13:56:26.606 - Records Processed 86
13:56:26.607 - Current Subscribers: 
bid     | 10i `
quote   | 10i `
statsTab| 9i ` 

13:56:27.607 - Records Processed 88
13:56:27.607 - Current Subscribers: 
bid     | 10i `
quote   | 10i `
statsTab| 9i ` 

13:56:28.607 - Records Processed 90
13:56:28.607 - Current Subscribers: 
bid     | 10i `
quote   | 10i `
statsTab| 9i ` 

13:56:29.607 - Records Processed 92
13:56:29.607 - Current Subscribers: 
bid     | 10i `
quote   | 10i `
statsTab| 9i ` 

13:56:30.607 - Records Processed 94
13:56:30.607 - Current Subscribers: 
bid     | 10i `
quote   | 10i `
statsTab| 9i ` 

13:56:31.606 - Records Processed 96
13:56:31.607 - Current Subscribers: 
bid     | ((10i;`);(11i;`))
quote   | ((10i;`);(11i;`))
statsTab| ,(9i;`)

13:56:32.607 - Records Processed 98
13:56:32.607 - Current Subscribers: 
bid     | ((10i;`);(11i;`))
quote   | ((10i;`);(11i;`))
statsTab| ,(9i;`)

13:56:33.606 - Records Processed 100
13:56:33.607 - Current Subscribers: 
bid     | ((10i;`);(11i;`))
quote   | ((10i;`);(11i;`))
statsTab| ,(9i;`)

13:56:34.607 - Records Processed 102
13:56:34.607 - Current Subscribers: 
bid     | ((10i;`);(11i;`))
quote   | ((10i;`);(11i;`))
statsTab| ,(9i;`)

13:56:35.606 - Records Processed 104
13:56:35.607 - Current Subscribers: 
bid     | ((10i;`);(11i;`))
quote   | ((10i;`);(11i;`))
statsTab| ,(9i;`)

13:56:36.607 - Records Processed 106
13:56:36.607 - Current Subscribers: 
bid     | ((10i;`);(11i;`))
quote   | ((10i;`);(11i;`))
statsTab| ,(9i;`)

13:56:37.607 - Records Processed 108
13:56:37.607 - Current Subscribers: 
bid     | ((10i;`);(11i;`))
quote   | ((10i;`);(11i;`))
statsTab| ,(9i;`)

13:56:38.606 - Records Processed 110
13:56:38.607 - Current Subscribers: 
bid     | ((10i;`);(11i;`))
quote   | ((10i;`);(11i;`))
statsTab| ,(9i;`)

13:56:39.607 - Records Processed 112
13:56:39.607 - Current Subscribers: 
bid     | ((10i;`);(11i;`))
quote   | ((10i;`);(11i;`))
statsTab| ,(9i;`)

13:56:40.607 - Records Processed 114
13:56:40.607 - Current Subscribers: 
bid     | ((10i;`);(11i;`))
quote   | ((10i;`);(11i;`))
statsTab| ,(9i;`)

13:56:41.607 - Records Processed 116
13:56:41.607 - Current Subscribers: 
bid     | ((10i;`);(11i;`))
quote   | ((10i;`);(11i;`))
statsTab| ,(9i;`)

13:56:42.607 - Records Processed 118
13:56:42.607 - Current Subscribers: 
bid     | ((10i;`);(11i;`))
quote   | ((10i;`);(11i;`))
statsTab| ,(9i;`)

13:56:43.607 - Records Processed 120
13:56:43.607 - Current Subscribers: 
bid     | ((10i;`);(11i;`))
quote   | ((10i;`);(11i;`))
statsTab| ,(9i;`)

13:56:44.606 - Records Processed 122
13:56:44.607 - Current Subscribers: 
bid     | ((10i;`);(11i;`))
quote   | ((10i;`);(11i;`))
statsTab| ,(9i;`)

13:56:45.607 - Records Processed 124
13:56:45.607 - Current Subscribers: 
bid     | ((10i;`);(11i;`))
quote   | ((10i;`);(11i;`))
statsTab| ,(9i;`)

13:56:46.607 - Records Processed 126
13:56:46.607 - Current Subscribers: 
bid     | ((10i;`);(11i;`))
quote   | ((10i;`);(11i;`))
statsTab| ,(9i;`)

13:56:47.607 - Records Processed 128
13:56:47.607 - Current Subscribers: 
bid     | ((10i;`);(11i;`))
quote   | ((10i;`);(11i;`))
statsTab| ,(9i;`)

13:56:48.606 - Records Processed 130
13:56:48.606 - Current Subscribers: 
bid     | ((10i;`);(11i;`))
quote   | ((10i;`);(11i;`))
statsTab| ,(9i;`)

13:56:49.607 - Records Processed 132
13:56:49.607 - Current Subscribers: 
bid     | ((10i;`);(11i;`))
quote   | ((10i;`);(11i;`))
statsTab| ,(9i;`)

13:56:50.607 - Records Processed 134
13:56:50.607 - Current Subscribers: 
bid     | ((10i;`);(11i;`))
quote   | ((10i;`);(11i;`))
statsTab| ,(9i;`)

13:56:51.607 - Records Processed 136
13:56:51.607 - Current Subscribers: 
bid     | ((10i;`);(11i;`))
quote   | ((10i;`);(11i;`))
statsTab| ,(9i;`)

13:56:52.607 - Records Processed 138
13:56:52.607 - Current Subscribers: 
bid     | ((10i;`);(11i;`))
quote   | ((10i;`);(11i;`))
statsTab| ,(9i;`)

13:56:53.607 - Records Processed 140
13:56:53.607 - Current Subscribers: 
bid     | ((10i;`);(11i;`))
quote   | ((10i;`);(11i;`))
statsTab| ,(9i;`)

13:56:54.606 - Records Processed 142
13:56:54.607 - Current Subscribers: 
bid     | ((10i;`);(11i;`))
quote   | ((10i;`);(11i;`))
statsTab| ,(9i;`)

13:56:55.607 - Records Processed 144
13:56:55.607 - Current Subscribers: 
bid     | ((10i;`);(11i;`))
quote   | ((10i;`);(11i;`))
statsTab| ,(9i;`)

13:56:56.606 - Records Processed 146
13:56:56.607 - Current Subscribers: 
bid     | ((10i;`);(11i;`))
quote   | ((10i;`);(11i;`))
statsTab| ,(9i;`)

13:56:57.607 - Records Processed 148
13:56:57.607 - Current Subscribers: 
bid     | ((10i;`);(11i;`))
quote   | ((10i;`);(11i;`))
statsTab| ,(9i;`)

13:56:58.607 - Records Processed 150
13:56:58.607 - Current Subscribers: 
bid     | ((10i;`);(11i;`))
quote   | ((10i;`);(11i;`))
statsTab| ,(9i;`)

13:56:59.607 - Records Processed 152
13:56:59.607 - Current Subscribers: 
bid     | ((10i;`);(11i;`))
quote   | ((10i;`);(11i;`))
statsTab| ,(9i;`)

13:57:00.607 - Records Processed 154
13:57:00.608 - Current Subscribers: 
bid     | ((10i;`);(11i;`))
quote   | ((10i;`);(11i;`))
statsTab| ,(9i;`)

13:57:01.607 - Records Processed 156
13:57:01.607 - Current Subscribers: 
bid     | ((10i;`);(11i;`))
quote   | ((10i;`);(11i;`))
statsTab| ,(9i;`)

13:57:02.607 - Records Processed 158
13:57:02.607 - Current Subscribers: 
bid     | ((10i;`);(11i;`))
quote   | ((10i;`);(11i;`))
statsTab| ,(9i;`)

13:57:03.606 - Records Processed 160
13:57:03.607 - Current Subscribers: 
bid     | ((10i;`);(11i;`))
quote   | ((10i;`);(11i;`))
statsTab| ,(9i;`)

13:57:04.607 - Records Processed 162
13:57:04.608 - Current Subscribers: 
bid     | ((10i;`);(11i;`))
quote   | ((10i;`);(11i;`))
statsTab| ,(9i;`)

13:57:05.607 - Records Processed 164
13:57:05.608 - Current Subscribers: 
bid     | ((10i;`);(11i;`))
quote   | ((10i;`);(11i;`))
statsTab| ,(9i;`)

13:57:06.607 - Records Processed 166
13:57:06.607 - Current Subscribers: 
bid     | ((10i;`);(11i;`))
quote   | ((10i;`);(11i;`))
statsTab| ,(9i;`)

13:57:07.606 - Records Processed 168
13:57:07.607 - Current Subscribers: 
bid     | 10i `
quote   | 10i `
statsTab| 9i ` 

13:57:08.607 - Records Processed 170
13:57:08.607 - Current Subscribers: 
bid     | 10i `
quote   | 10i `
statsTab| 9i ` 

13:57:09.607 - Records Processed 172
13:57:09.607 - Current Subscribers: 
bid     | 10i `
quote   | 10i `
statsTab| 9i ` 

13:57:10.607 - Records Processed 173
13:57:10.607 - Current Subscribers: 
bid     | ()
quote   | ()
statsTab| ,(9i;`)

13:57:11.607 - Records Processed 174
13:57:11.607 - Current Subscribers: 
bid     | ()
quote   | ()
statsTab| ,(9i;`)

13:57:12.607 - Records Processed 175
13:57:12.607 - Current Subscribers: 
bid     | 
quote   | 
statsTab| 

13:57:13.607 - Records Processed 176
13:57:13.607 - Current Subscribers: 
bid     | 
quote   | 
statsTab| 

13:57:14.607 - Records Processed 177
13:57:14.607 - Current Subscribers: 
bid     | 
quote   | 
statsTab| 

13:57:15.607 - Records Processed 177
13:57:15.607 - Current Subscribers: 
bid     | 
quote   | 
statsTab| 

13:57:16.607 - Records Processed 177
13:57:16.607 - Current Subscribers: 
bid     | 
quote   | 
statsTab| 

13:57:17.607 - Records Processed 177
13:57:17.607 - Current Subscribers: 
bid     | 
quote   | 
statsTab| 

13:57:18.607 - Records Processed 177
13:57:18.607 - Current Subscribers: 
bid     | 
quote   | 
statsTab| 

