13:53:16.003 - Records Processed 0
13:53:16.003 - Current Subscribers: 
bid     | 
quote   | 
statsTab| 

13:53:17.004 - Records Processed 0
13:53:17.004 - Current Subscribers: 
bid     | 
quote   | 
statsTab| 

13:53:18.004 - Records Processed 0
13:53:18.004 - Current Subscribers: 
bid     | 
quote   | 
statsTab| 

13:53:19.004 - Records Processed 0
13:53:19.004 - Current Subscribers: 
bid     | 
quote   | 
statsTab| 

13:53:20.004 - Records Processed 0
13:53:20.004 - Current Subscribers: 
bid     | 
quote   | 
statsTab| 

13:53:21.004 - Records Processed 0
13:53:21.004 - Current Subscribers: 
bid     | 
quote   | 
statsTab| 

13:53:22.005 - Records Processed 0
13:53:22.005 - Current Subscribers: 
bid     | 
quote   | 
statsTab| 

13:53:23.005 - Records Processed 0
13:53:23.005 - Current Subscribers: 
bid     | 
quote   | 
statsTab| 

13:53:24.007 - Records Processed 0
13:53:24.007 - Current Subscribers: 
bid     | 
quote   | 
statsTab| 

13:53:25.005 - Records Processed 0
13:53:25.005 - Current Subscribers: 
bid     | 
quote   | 
statsTab| 

13:53:26.004 - Records Processed 0
13:53:26.004 - Current Subscribers: 
bid     | 
quote   | 
statsTab| 

13:53:27.004 - Records Processed 0
13:53:27.005 - Current Subscribers: 
bid     | 
quote   | 
statsTab| 

13:53:28.004 - Records Processed 0
13:53:28.004 - Current Subscribers: 
bid     | 
quote   | 
statsTab| 

13:53:29.004 - Records Processed 0
13:53:29.004 - Current Subscribers: 
bid     | 
quote   | 
statsTab| 

13:53:30.004 - Records Processed 0
13:53:30.004 - Current Subscribers: 
bid     | ,(8i;`)
quote   | ,(8i;`)
statsTab| ()

13:53:31.004 - Records Processed 0
13:53:31.004 - Current Subscribers: 
bid     | ,(8i;`)
quote   | ,(8i;`)
statsTab| ()

13:53:32.005 - Records Processed 0
13:53:32.005 - Current Subscribers: 
bid     | ,(8i;`)
quote   | ,(8i;`)
statsTab| ()

13:53:33.004 - Records Processed 0
13:53:33.004 - Current Subscribers: 
bid     | ,(8i;`)
quote   | ,(8i;`)
statsTab| ()

13:53:34.004 - Records Processed 0
13:53:34.005 - Current Subscribers: 
bid     | ,(8i;`)
quote   | ,(8i;`)
statsTab| ()

13:53:35.005 - Records Processed 0
13:53:35.005 - Current Subscribers: 
bid     | ,(8i;`)
quote   | ,(8i;`)
statsTab| ()

13:53:36.004 - Records Processed 0
13:53:36.004 - Current Subscribers: 
bid     | ,(8i;`)
quote   | ,(8i;`)
statsTab| ()

13:53:37.004 - Records Processed 0
13:53:37.004 - Current Subscribers: 
bid     | ,(8i;`)
quote   | ,(8i;`)
statsTab| ()

13:53:38.005 - Records Processed 0
13:53:38.005 - Current Subscribers: 
bid     | ,(8i;`)
quote   | ,(8i;`)
statsTab| ()

13:53:39.004 - Records Processed 0
13:53:39.004 - Current Subscribers: 
bid     | ,(8i;`)
quote   | ,(8i;`)
statsTab| ()

13:53:40.005 - Records Processed 0
13:53:40.005 - Current Subscribers: 
bid     | ,(8i;`)
quote   | ,(8i;`)
statsTab| ()

13:53:41.004 - Records Processed 0
13:53:41.004 - Current Subscribers: 
bid     | ,(8i;`)
quote   | ,(8i;`)
statsTab| ()

13:53:42.004 - Records Processed 0
13:53:42.004 - Current Subscribers: 
bid     | ,(8i;`)
quote   | ,(8i;`)
statsTab| ()

13:53:43.006 - Records Processed 0
13:53:43.007 - Current Subscribers: 
bid     | ,(8i;`)
quote   | ,(8i;`)
statsTab| ()

13:53:44.005 - Records Processed 0
13:53:44.006 - Current Subscribers: 
bid     | ,(8i;`)
quote   | ,(8i;`)
statsTab| ()

13:53:45.006 - Records Processed 0
13:53:45.006 - Current Subscribers: 
bid     | ,(8i;`)
quote   | ,(8i;`)
statsTab| ()

13:53:46.004 - Records Processed 0
13:53:46.005 - Current Subscribers: 
bid     | ,(8i;`)
quote   | ,(8i;`)
statsTab| ()

13:53:47.003 - Records Processed 0
13:53:47.004 - Current Subscribers: 
bid     | ,(8i;`)
quote   | ,(8i;`)
statsTab| ()

13:53:48.005 - Records Processed 0
13:53:48.005 - Current Subscribers: 
bid     | ,(8i;`)
quote   | ,(8i;`)
statsTab| ()

13:53:49.004 - Records Processed 0
13:53:49.004 - Current Subscribers: 
bid     | ,(8i;`)
quote   | ,(8i;`)
statsTab| ()

13:53:50.004 - Records Processed 0
13:53:50.004 - Current Subscribers: 
bid     | ,(8i;`)
quote   | ,(8i;`)
statsTab| ()

13:53:51.004 - Records Processed 0
13:53:51.004 - Current Subscribers: 
bid     | ,(8i;`)
quote   | ,(8i;`)
statsTab| ()

13:53:52.004 - Records Processed 0
13:53:52.004 - Current Subscribers: 
bid     | ,(8i;`)
quote   | ,(8i;`)
statsTab| ()

13:53:53.004 - Records Processed 0
13:53:53.004 - Current Subscribers: 
bid     | ,(8i;`)
quote   | ,(8i;`)
statsTab| ()

13:53:54.004 - Records Processed 0
13:53:54.005 - Current Subscribers: 
bid     | ,(8i;`)
quote   | ,(8i;`)
statsTab| ()

13:53:55.004 - Records Processed 0
13:53:55.004 - Current Subscribers: 
bid     | ,(8i;`)
quote   | ,(8i;`)
statsTab| ()

13:53:56.004 - Records Processed 0
13:53:56.005 - Current Subscribers: 
bid     | ,(8i;`)
quote   | ,(8i;`)
statsTab| ()

13:53:57.004 - Records Processed 0
13:53:57.004 - Current Subscribers: 
bid     | ,(8i;`)
quote   | ,(8i;`)
statsTab| ()

13:53:58.003 - Records Processed 0
13:53:58.003 - Current Subscribers: 
bid     | 
quote   | 
statsTab| 

13:53:59.005 - Records Processed 0
13:53:59.005 - Current Subscribers: 
bid     | 
quote   | 
statsTab| 

13:54:00.004 - Records Processed 0
13:54:00.004 - Current Subscribers: 
bid     | 
quote   | 
statsTab| 

