12:29:08.270 - Records Processed 1672
12:29:08.270 - Current Subscribers: 
bid     | 
quote   | 
statsTab| 

12:29:09.271 - Records Processed 1672
12:29:09.271 - Current Subscribers: 
bid     | 
quote   | 
statsTab| 

12:29:10.271 - Records Processed 1672
12:29:10.272 - Current Subscribers: 
bid     | 
quote   | 
statsTab| 

12:29:11.272 - Records Processed 1672
12:29:11.272 - Current Subscribers: 
bid     | 
quote   | 
statsTab| 

12:29:12.271 - Records Processed 1672
12:29:12.271 - Current Subscribers: 
bid     | 
quote   | 
statsTab| 

12:29:13.271 - Records Processed 1672
12:29:13.272 - Current Subscribers: 
bid     | 
quote   | 
statsTab| 

12:29:14.273 - Records Processed 1672
12:29:14.273 - Current Subscribers: 
bid     | 
quote   | 
statsTab| 

12:29:15.271 - Records Processed 1672
12:29:15.271 - Current Subscribers: 
bid     | 
quote   | 
statsTab| 

12:29:16.271 - Records Processed 1672
12:29:16.272 - Current Subscribers: 
bid     | 
quote   | 
statsTab| 

12:29:17.272 - Records Processed 1672
12:29:17.272 - Current Subscribers: 
bid     | 
quote   | 
statsTab| 

12:29:18.271 - Records Processed 1672
12:29:18.272 - Current Subscribers: 
bid     | 
quote   | 
statsTab| 

12:29:19.273 - Records Processed 1672
12:29:19.273 - Current Subscribers: 
bid     | 
quote   | 
statsTab| 

12:29:20.271 - Records Processed 1672
12:29:20.272 - Current Subscribers: 
bid     | 
quote   | 
statsTab| 

12:29:21.270 - Records Processed 1672
12:29:21.270 - Current Subscribers: 
bid     | 
quote   | 
statsTab| 

12:29:22.272 - Records Processed 1672
12:29:22.272 - Current Subscribers: 
bid     | 
quote   | 
statsTab| 

12:29:23.271 - Records Processed 1672
12:29:23.271 - Current Subscribers: 
bid     | 
quote   | 
statsTab| 

12:29:24.272 - Records Processed 1672
12:29:24.272 - Current Subscribers: 
bid     | 
quote   | 
statsTab| 

12:29:25.273 - Records Processed 1672
12:29:25.273 - Current Subscribers: 
bid     | 
quote   | 
statsTab| 

12:29:26.272 - Records Processed 1672
12:29:26.272 - Current Subscribers: 
bid     | 
quote   | 
statsTab| 

12:29:27.271 - Records Processed 1672
12:29:27.271 - Current Subscribers: 
bid     | 
quote   | 
statsTab| 

12:29:28.272 - Records Processed 1672
12:29:28.273 - Current Subscribers: 
bid     | 
quote   | 
statsTab| 

12:29:29.273 - Records Processed 1672
12:29:29.273 - Current Subscribers: 
bid     | 
quote   | 
statsTab| 

12:29:30.272 - Records Processed 1672
12:29:30.272 - Current Subscribers: 
bid     | 
quote   | 
statsTab| 

12:29:31.272 - Records Processed 1672
12:29:31.272 - Current Subscribers: 
bid     | 
quote   | 
statsTab| 

12:29:32.271 - Records Processed 1672
12:29:32.271 - Current Subscribers: 
bid     | ()
quote   | ()
statsTab| ,(8i;`)

12:29:33.271 - Records Processed 1672
12:29:33.272 - Current Subscribers: 
bid     | ()
quote   | ()
statsTab| ,(8i;`)

12:29:34.272 - Records Processed 1672
12:29:34.273 - Current Subscribers: 
bid     | ()
quote   | ()
statsTab| ,(8i;`)

12:29:35.270 - Records Processed 1672
12:29:35.271 - Current Subscribers: 
bid     | ()
quote   | ()
statsTab| ,(8i;`)

12:29:36.272 - Records Processed 1672
12:29:36.272 - Current Subscribers: 
bid     | ()
quote   | ()
statsTab| ,(8i;`)

12:29:37.272 - Records Processed 1672
12:29:37.272 - Current Subscribers: 
bid     | ()
quote   | ()
statsTab| ,(8i;`)

12:29:38.272 - Records Processed 1672
12:29:38.273 - Current Subscribers: 
bid     | ()
quote   | ()
statsTab| ,(8i;`)

12:29:39.273 - Records Processed 1672
12:29:39.273 - Current Subscribers: 
bid     | ()
quote   | ()
statsTab| ,(8i;`)

12:29:40.272 - Records Processed 1672
12:29:40.272 - Current Subscribers: 
bid     | ()
quote   | ()
statsTab| ,(8i;`)

12:29:41.274 - Records Processed 1672
12:29:41.274 - Current Subscribers: 
bid     | ()
quote   | ()
statsTab| ,(8i;`)

12:29:42.272 - Records Processed 1672
12:29:42.272 - Current Subscribers: 
bid     | ()
quote   | ()
statsTab| ,(8i;`)

12:29:43.272 - Records Processed 1672
12:29:43.273 - Current Subscribers: 
bid     | ()
quote   | ()
statsTab| ,(8i;`)

12:29:44.273 - Records Processed 1672
12:29:44.273 - Current Subscribers: 
bid     | ()
quote   | ()
statsTab| ,(8i;`)

12:29:45.272 - Records Processed 1672
12:29:45.272 - Current Subscribers: 
bid     | ()
quote   | ()
statsTab| ,(8i;`)

12:29:46.272 - Records Processed 1672
12:29:46.272 - Current Subscribers: 
bid     | ()
quote   | ()
statsTab| ,(8i;`)

12:29:47.271 - Records Processed 1672
12:29:47.271 - Current Subscribers: 
bid     | ()
quote   | ()
statsTab| ,(8i;`)

12:29:48.272 - Records Processed 1672
12:29:48.273 - Current Subscribers: 
bid     | ()
quote   | ()
statsTab| ,(8i;`)

12:29:49.273 - Records Processed 1672
12:29:49.273 - Current Subscribers: 
bid     | ()
quote   | ()
statsTab| ,(8i;`)

12:29:50.271 - Records Processed 1672
12:29:50.272 - Current Subscribers: 
bid     | ()
quote   | ()
statsTab| ,(8i;`)

12:29:51.273 - Records Processed 1672
12:29:51.273 - Current Subscribers: 
bid     | ()
quote   | ()
statsTab| ,(8i;`)

12:29:52.272 - Records Processed 1672
12:29:52.272 - Current Subscribers: 
bid     | ()
quote   | ()
statsTab| ,(8i;`)

12:29:53.273 - Records Processed 1672
12:29:53.274 - Current Subscribers: 
bid     | ()
quote   | ()
statsTab| ,(8i;`)

12:29:54.273 - Records Processed 1672
12:29:54.273 - Current Subscribers: 
bid     | ()
quote   | ()
statsTab| ,(8i;`)

12:29:55.272 - Records Processed 1672
12:29:55.272 - Current Subscribers: 
bid     | ()
quote   | ()
statsTab| ,(8i;`)

12:29:56.272 - Records Processed 1672
12:29:56.273 - Current Subscribers: 
bid     | ()
quote   | ()
statsTab| ,(8i;`)

12:29:57.271 - Records Processed 1672
12:29:57.272 - Current Subscribers: 
bid     | ()
quote   | ()
statsTab| ,(8i;`)

12:29:58.272 - Records Processed 1672
12:29:58.272 - Current Subscribers: 
bid     | ()
quote   | ()
statsTab| ,(8i;`)

12:29:59.272 - Records Processed 1672
12:29:59.273 - Current Subscribers: 
bid     | ()
quote   | ()
statsTab| ,(8i;`)

12:30:00.271 - Records Processed 1672
12:30:00.272 - Current Subscribers: 
bid     | ()
quote   | ()
statsTab| ,(8i;`)

12:30:01.271 - Records Processed 1672
12:30:01.272 - Current Subscribers: 
bid     | ()
quote   | ()
statsTab| ,(8i;`)

12:30:02.271 - Records Processed 1672
12:30:02.272 - Current Subscribers: 
bid     | ()
quote   | ()
statsTab| ,(8i;`)

12:30:03.272 - Records Processed 1672
12:30:03.273 - Current Subscribers: 
bid     | ()
quote   | ()
statsTab| ,(8i;`)

12:30:04.273 - Records Processed 1672
12:30:04.273 - Current Subscribers: 
bid     | ()
quote   | ()
statsTab| ,(8i;`)

12:30:05.272 - Records Processed 1672
12:30:05.272 - Current Subscribers: 
bid     | ()
quote   | ()
statsTab| ,(8i;`)

12:30:06.271 - Records Processed 1672
12:30:06.272 - Current Subscribers: 
bid     | ()
quote   | ()
statsTab| ,(8i;`)

12:30:07.271 - Records Processed 1672
12:30:07.272 - Current Subscribers: 
bid     | ()
quote   | ()
statsTab| ,(8i;`)

12:30:08.272 - Records Processed 1672
12:30:08.272 - Current Subscribers: 
bid     | ()
quote   | ()
statsTab| ,(8i;`)

12:30:09.273 - Records Processed 1672
12:30:09.273 - Current Subscribers: 
bid     | ()
quote   | ()
statsTab| ,(8i;`)

12:30:10.272 - Records Processed 1672
12:30:10.273 - Current Subscribers: 
bid     | ()
quote   | ()
statsTab| ,(8i;`)

12:30:11.272 - Records Processed 1672
12:30:11.272 - Current Subscribers: 
bid     | ()
quote   | ()
statsTab| ,(8i;`)

12:30:12.272 - Records Processed 1672
12:30:12.272 - Current Subscribers: 
bid     | ()
quote   | ()
statsTab| ,(8i;`)

12:30:13.272 - Records Processed 1672
12:30:13.272 - Current Subscribers: 
bid     | ()
quote   | ()
statsTab| ,(8i;`)

12:30:14.273 - Records Processed 1672
12:30:14.273 - Current Subscribers: 
bid     | ()
quote   | ()
statsTab| ,(8i;`)

12:30:15.272 - Records Processed 1672
12:30:15.273 - Current Subscribers: 
bid     | ()
quote   | ()
statsTab| ,(8i;`)

12:30:16.271 - Records Processed 1672
12:30:16.272 - Current Subscribers: 
bid     | ()
quote   | ()
statsTab| ,(8i;`)

12:30:17.271 - Records Processed 1672
12:30:17.271 - Current Subscribers: 
bid     | ()
quote   | ()
statsTab| ,(8i;`)

12:30:18.271 - Records Processed 1672
12:30:18.272 - Current Subscribers: 
bid     | ()
quote   | ()
statsTab| ,(8i;`)

12:30:19.273 - Records Processed 1672
12:30:19.273 - Current Subscribers: 
bid     | ()
quote   | ()
statsTab| ,(8i;`)

12:30:20.272 - Records Processed 1672
12:30:20.273 - Current Subscribers: 
bid     | ()
quote   | ()
statsTab| ,(8i;`)

12:30:21.272 - Records Processed 1672
12:30:21.273 - Current Subscribers: 
bid     | ()
quote   | ()
statsTab| ,(8i;`)

12:30:22.272 - Records Processed 1672
12:30:22.272 - Current Subscribers: 
bid     | ()
quote   | ()
statsTab| ,(8i;`)

12:30:23.271 - Records Processed 1672
12:30:23.272 - Current Subscribers: 
bid     | ()
quote   | ()
statsTab| ,(8i;`)

12:30:24.273 - Records Processed 1672
12:30:24.273 - Current Subscribers: 
bid     | ()
quote   | ()
statsTab| ,(8i;`)

12:30:25.272 - Records Processed 1672
12:30:25.272 - Current Subscribers: 
bid     | ()
quote   | ()
statsTab| ,(8i;`)

12:30:26.272 - Records Processed 1672
12:30:26.272 - Current Subscribers: 
bid     | ()
quote   | ()
statsTab| ,(8i;`)

12:30:27.271 - Records Processed 1672
12:30:27.271 - Current Subscribers: 
bid     | ()
quote   | ()
statsTab| ,(8i;`)

12:30:28.271 - Records Processed 1672
12:30:28.272 - Current Subscribers: 
bid     | ()
quote   | ()
statsTab| ,(8i;`)

12:30:29.271 - Records Processed 1672
12:30:29.272 - Current Subscribers: 
bid     | ()
quote   | ()
statsTab| ,(8i;`)

12:30:30.272 - Records Processed 1672
12:30:30.272 - Current Subscribers: 
bid     | ()
quote   | ()
statsTab| ,(8i;`)

12:30:31.273 - Records Processed 1672
12:30:31.273 - Current Subscribers: 
bid     | ()
quote   | ()
statsTab| ,(8i;`)

12:30:32.271 - Records Processed 1672
12:30:32.271 - Current Subscribers: 
bid     | ()
quote   | ()
statsTab| ,(8i;`)

12:30:33.272 - Records Processed 1672
12:30:33.273 - Current Subscribers: 
bid     | ()
quote   | ()
statsTab| ,(8i;`)

12:30:34.273 - Records Processed 1672
12:30:34.273 - Current Subscribers: 
bid     | ()
quote   | ()
statsTab| ,(8i;`)

12:30:35.271 - Records Processed 1672
12:30:35.272 - Current Subscribers: 
bid     | ()
quote   | ()
statsTab| ,(8i;`)

12:30:36.271 - Records Processed 1672
12:30:36.272 - Current Subscribers: 
bid     | ()
quote   | ()
statsTab| ,(8i;`)

12:30:37.271 - Records Processed 1672
12:30:37.272 - Current Subscribers: 
bid     | ()
quote   | ()
statsTab| ,(8i;`)

12:30:38.272 - Records Processed 1672
12:30:38.272 - Current Subscribers: 
bid     | ()
quote   | ()
statsTab| ,(8i;`)

12:30:39.272 - Records Processed 1672
12:30:39.273 - Current Subscribers: 
bid     | ()
quote   | ()
statsTab| ,(8i;`)

12:30:40.273 - Records Processed 1672
12:30:40.273 - Current Subscribers: 
bid     | ()
quote   | ()
statsTab| ,(8i;`)

12:30:41.272 - Records Processed 1672
12:30:41.272 - Current Subscribers: 
bid     | ()
quote   | ()
statsTab| ,(8i;`)

12:30:42.271 - Records Processed 1672
12:30:42.272 - Current Subscribers: 
bid     | ()
quote   | ()
statsTab| ,(8i;`)

12:30:43.271 - Records Processed 1672
12:30:43.272 - Current Subscribers: 
bid     | ()
quote   | ()
statsTab| ,(8i;`)

12:30:44.272 - Records Processed 1672
12:30:44.272 - Current Subscribers: 
bid     | ()
quote   | ()
statsTab| ,(8i;`)

12:30:45.272 - Records Processed 1672
12:30:45.273 - Current Subscribers: 
bid     | ()
quote   | ()
statsTab| ,(8i;`)

12:30:46.272 - Records Processed 1672
12:30:46.272 - Current Subscribers: 
bid     | ()
quote   | ()
statsTab| ,(8i;`)

12:30:47.272 - Records Processed 1672
12:30:47.273 - Current Subscribers: 
bid     | ()
quote   | ()
statsTab| ,(8i;`)

12:30:48.272 - Records Processed 1672
12:30:48.272 - Current Subscribers: 
bid     | ()
quote   | ()
statsTab| ,(8i;`)

12:30:49.272 - Records Processed 1672
12:30:49.273 - Current Subscribers: 
bid     | ()
quote   | ()
statsTab| ,(8i;`)

12:30:50.272 - Records Processed 1672
12:30:50.273 - Current Subscribers: 
bid     | ()
quote   | ()
statsTab| ,(8i;`)

12:30:51.271 - Records Processed 1672
12:30:51.272 - Current Subscribers: 
bid     | ()
quote   | ()
statsTab| ,(8i;`)

12:30:52.272 - Records Processed 1672
12:30:52.272 - Current Subscribers: 
bid     | ()
quote   | ()
statsTab| ,(8i;`)

12:30:53.272 - Records Processed 1672
12:30:53.272 - Current Subscribers: 
bid     | ()
quote   | ()
statsTab| ,(8i;`)

12:30:54.272 - Records Processed 1672
12:30:54.272 - Current Subscribers: 
bid     | ()
quote   | ()
statsTab| ,(8i;`)

12:30:55.273 - Records Processed 1672
12:30:55.273 - Current Subscribers: 
bid     | ()
quote   | ()
statsTab| ,(8i;`)

12:30:56.273 - Records Processed 1672
12:30:56.273 - Current Subscribers: 
bid     | ()
quote   | ()
statsTab| ,(8i;`)

12:30:57.273 - Records Processed 1672
12:30:57.273 - Current Subscribers: 
bid     | ()
quote   | ()
statsTab| ,(8i;`)

12:30:58.270 - Records Processed 1672
12:30:58.270 - Current Subscribers: 
bid     | ()
quote   | ()
statsTab| ,(8i;`)

12:30:59.272 - Records Processed 1672
12:30:59.273 - Current Subscribers: 
bid     | ()
quote   | ()
statsTab| ,(8i;`)

12:31:00.273 - Records Processed 1672
12:31:00.273 - Current Subscribers: 
bid     | ()
quote   | ()
statsTab| ,(8i;`)

12:31:01.272 - Records Processed 1672
12:31:01.272 - Current Subscribers: 
bid     | ()
quote   | ()
statsTab| ,(8i;`)

12:31:02.272 - Records Processed 1672
12:31:02.272 - Current Subscribers: 
bid     | ()
quote   | ()
statsTab| ,(8i;`)

12:31:03.271 - Records Processed 1672
12:31:03.272 - Current Subscribers: 
bid     | ()
quote   | ()
statsTab| ,(8i;`)

12:31:04.272 - Records Processed 1672
12:31:04.272 - Current Subscribers: 
bid     | ()
quote   | ()
statsTab| ,(8i;`)

12:31:05.272 - Records Processed 1672
12:31:05.276 - Current Subscribers: 
bid     | ()
quote   | ()
statsTab| ,(8i;`)

12:31:06.275 - Records Processed 1672
12:31:06.275 - Current Subscribers: 
bid     | ()
quote   | ()
statsTab| ,(8i;`)

12:31:07.275 - Records Processed 1672
12:31:07.275 - Current Subscribers: 
bid     | ()
quote   | ()
statsTab| ,(8i;`)

12:31:08.271 - Records Processed 1672
12:31:08.271 - Current Subscribers: 
bid     | ()
quote   | ()
statsTab| ,(8i;`)

12:31:09.271 - Records Processed 1673
12:31:09.271 - Current Subscribers: 
bid     | ()
quote   | ()
statsTab| ,(8i;`)

12:31:10.272 - Records Processed 1674
12:31:10.272 - Current Subscribers: 
bid     | ()
quote   | ()
statsTab| ,(8i;`)

12:31:11.271 - Records Processed 1675
12:31:11.271 - Current Subscribers: 
bid     | ()
quote   | ()
statsTab| ,(8i;`)

12:31:12.271 - Records Processed 1676
12:31:12.271 - Current Subscribers: 
bid     | ()
quote   | ()
statsTab| ,(8i;`)

12:31:13.272 - Records Processed 1677
12:31:13.273 - Current Subscribers: 
bid     | ()
quote   | ()
statsTab| ,(8i;`)

12:31:14.271 - Records Processed 1678
12:31:14.271 - Current Subscribers: 
bid     | ()
quote   | ()
statsTab| ,(8i;`)

12:31:15.271 - Records Processed 1679
12:31:15.272 - Current Subscribers: 
bid     | ()
quote   | ()
statsTab| ,(8i;`)

12:31:16.271 - Records Processed 1680
12:31:16.271 - Current Subscribers: 
bid     | ()
quote   | ()
statsTab| ,(8i;`)

12:31:17.272 - Records Processed 1681
12:31:17.272 - Current Subscribers: 
bid     | ()
quote   | ()
statsTab| ,(8i;`)

12:31:18.271 - Records Processed 1682
12:31:18.271 - Current Subscribers: 
bid     | ()
quote   | ()
statsTab| ,(8i;`)

12:31:19.271 - Records Processed 1683
12:31:19.271 - Current Subscribers: 
bid     | ()
quote   | ()
statsTab| ,(8i;`)

12:31:20.272 - Records Processed 1684
12:31:20.272 - Current Subscribers: 
bid     | ()
quote   | ()
statsTab| ,(8i;`)

12:31:21.271 - Records Processed 1685
12:31:21.271 - Current Subscribers: 
bid     | ()
quote   | ()
statsTab| ,(8i;`)

12:31:22.271 - Records Processed 1686
12:31:22.272 - Current Subscribers: 
bid     | ()
quote   | ()
statsTab| ,(8i;`)

12:31:23.271 - Records Processed 1687
12:31:23.272 - Current Subscribers: 
bid     | ()
quote   | ()
statsTab| ,(8i;`)

12:31:24.272 - Records Processed 1688
12:31:24.272 - Current Subscribers: 
bid     | ()
quote   | ()
statsTab| ,(8i;`)

12:31:25.272 - Records Processed 1689
12:31:25.272 - Current Subscribers: 
bid     | ()
quote   | ()
statsTab| ,(8i;`)

12:31:26.271 - Records Processed 1690
12:31:26.272 - Current Subscribers: 
bid     | ()
quote   | ()
statsTab| ,(8i;`)

12:31:27.272 - Records Processed 1691
12:31:27.272 - Current Subscribers: 
bid     | ()
quote   | ()
statsTab| ,(8i;`)

12:31:28.272 - Records Processed 1692
12:31:28.272 - Current Subscribers: 
bid     | ()
quote   | ()
statsTab| ,(8i;`)

12:31:29.271 - Records Processed 1693
12:31:29.272 - Current Subscribers: 
bid     | ()
quote   | ()
statsTab| ,(8i;`)

12:31:30.271 - Records Processed 1694
12:31:30.272 - Current Subscribers: 
bid     | ()
quote   | ()
statsTab| ,(8i;`)

12:31:31.271 - Records Processed 1695
12:31:31.272 - Current Subscribers: 
bid     | ()
quote   | ()
statsTab| ,(8i;`)

12:31:32.272 - Records Processed 1696
12:31:32.272 - Current Subscribers: 
bid     | ()
quote   | ()
statsTab| ,(8i;`)

12:31:33.271 - Records Processed 1697
12:31:33.271 - Current Subscribers: 
bid     | ()
quote   | ()
statsTab| ,(8i;`)

12:31:34.272 - Records Processed 1698
12:31:34.272 - Current Subscribers: 
bid     | ()
quote   | ()
statsTab| ,(8i;`)

12:31:35.271 - Records Processed 1699
12:31:35.271 - Current Subscribers: 
bid     | ()
quote   | ()
statsTab| ,(8i;`)

12:31:36.271 - Records Processed 1700
12:31:36.271 - Current Subscribers: 
bid     | ()
quote   | ()
statsTab| ,(8i;`)

12:31:37.271 - Records Processed 1701
12:31:37.272 - Current Subscribers: 
bid     | ()
quote   | ()
statsTab| ,(8i;`)

12:31:38.271 - Records Processed 1702
12:31:38.272 - Current Subscribers: 
bid     | ()
quote   | ()
statsTab| ,(8i;`)

12:31:39.271 - Records Processed 1703
12:31:39.271 - Current Subscribers: 
bid     | ()
quote   | ()
statsTab| ,(8i;`)

12:31:40.271 - Records Processed 1704
12:31:40.272 - Current Subscribers: 
bid     | ()
quote   | ()
statsTab| ,(8i;`)

12:31:41.270 - Records Processed 1705
12:31:41.270 - Current Subscribers: 
bid     | ()
quote   | ()
statsTab| ,(8i;`)

12:31:42.271 - Records Processed 1706
12:31:42.272 - Current Subscribers: 
bid     | ()
quote   | ()
statsTab| ,(8i;`)

12:31:43.271 - Records Processed 1707
12:31:43.271 - Current Subscribers: 
bid     | ()
quote   | ()
statsTab| ,(8i;`)

12:31:44.271 - Records Processed 1708
12:31:44.271 - Current Subscribers: 
bid     | ()
quote   | ()
statsTab| ,(8i;`)

12:31:45.271 - Records Processed 1709
12:31:45.272 - Current Subscribers: 
bid     | ()
quote   | ()
statsTab| ,(8i;`)

12:31:46.271 - Records Processed 1710
12:31:46.271 - Current Subscribers: 
bid     | ()
quote   | ()
statsTab| ,(8i;`)

12:31:47.271 - Records Processed 1711
12:31:47.272 - Current Subscribers: 
bid     | ()
quote   | ()
statsTab| ,(8i;`)

12:31:48.271 - Records Processed 1712
12:31:48.271 - Current Subscribers: 
bid     | ()
quote   | ()
statsTab| ,(8i;`)

12:31:49.271 - Records Processed 1713
12:31:49.272 - Current Subscribers: 
bid     | ()
quote   | ()
statsTab| ,(8i;`)

12:31:50.271 - Records Processed 1714
12:31:50.271 - Current Subscribers: 
bid     | ()
quote   | ()
statsTab| ,(8i;`)

12:31:51.271 - Records Processed 1715
12:31:51.271 - Current Subscribers: 
bid     | ()
quote   | ()
statsTab| ,(8i;`)

12:31:52.271 - Records Processed 1716
12:31:52.271 - Current Subscribers: 
bid     | ()
quote   | ()
statsTab| ,(8i;`)

12:31:53.272 - Records Processed 1717
12:31:53.272 - Current Subscribers: 
bid     | ()
quote   | ()
statsTab| ,(8i;`)

12:31:54.271 - Records Processed 1718
12:31:54.272 - Current Subscribers: 
bid     | ()
quote   | ()
statsTab| ,(8i;`)

12:31:55.271 - Records Processed 1719
12:31:55.272 - Current Subscribers: 
bid     | ()
quote   | ()
statsTab| ,(8i;`)

12:31:56.271 - Records Processed 1720
12:31:56.272 - Current Subscribers: 
bid     | ()
quote   | ()
statsTab| ,(8i;`)

12:31:57.272 - Records Processed 1721
12:31:57.272 - Current Subscribers: 
bid     | ()
quote   | ()
statsTab| ,(8i;`)

12:31:58.272 - Records Processed 1722
12:31:58.273 - Current Subscribers: 
bid     | ()
quote   | ()
statsTab| ,(8i;`)

12:31:59.271 - Records Processed 1723
12:31:59.272 - Current Subscribers: 
bid     | ()
quote   | ()
statsTab| ,(8i;`)

12:32:00.271 - Records Processed 1724
12:32:00.271 - Current Subscribers: 
bid     | ()
quote   | ()
statsTab| ,(8i;`)

12:32:01.271 - Records Processed 1725
12:32:01.272 - Current Subscribers: 
bid     | 10i `
quote   | 10i `
statsTab| 8i ` 

12:32:02.272 - Records Processed 1726
12:32:02.273 - Current Subscribers: 
bid     | 10i `
quote   | 10i `
statsTab| 8i ` 

12:32:03.273 - Records Processed 1727
12:32:03.276 - Current Subscribers: 
bid     | 10i `
quote   | 10i `
statsTab| 8i ` 

12:32:04.271 - Records Processed 1728
12:32:04.271 - Current Subscribers: 
bid     | 10i `
quote   | 10i `
statsTab| 8i ` 

12:32:05.271 - Records Processed 1729
12:32:05.272 - Current Subscribers: 
bid     | 10i `
quote   | 10i `
statsTab| 8i ` 

12:32:06.272 - Records Processed 1730
12:32:06.272 - Current Subscribers: 
bid     | 10i `
quote   | 10i `
statsTab| 8i ` 

12:32:07.270 - Records Processed 1731
12:32:07.271 - Current Subscribers: 
bid     | 10i `
quote   | 10i `
statsTab| 8i ` 

12:32:08.271 - Records Processed 1732
12:32:08.271 - Current Subscribers: 
bid     | 10i `
quote   | 10i `
statsTab| 8i ` 

12:32:09.271 - Records Processed 1733
12:32:09.271 - Current Subscribers: 
bid     | 10i `
quote   | 10i `
statsTab| 8i ` 

12:32:10.272 - Records Processed 1734
12:32:10.273 - Current Subscribers: 
bid     | 10i `
quote   | 10i `
statsTab| 8i ` 

12:32:11.271 - Records Processed 1735
12:32:11.271 - Current Subscribers: 
bid     | 10i `
quote   | 10i `
statsTab| 8i ` 

12:32:12.271 - Records Processed 1736
12:32:12.272 - Current Subscribers: 
bid     | 10i `
quote   | 10i `
statsTab| 8i ` 

12:32:13.271 - Records Processed 1737
12:32:13.272 - Current Subscribers: 
bid     | 10i `
quote   | 10i `
statsTab| 8i ` 

12:32:14.271 - Records Processed 1738
12:32:14.272 - Current Subscribers: 
bid     | 10i `
quote   | 10i `
statsTab| 8i ` 

12:32:15.271 - Records Processed 1739
12:32:15.271 - Current Subscribers: 
bid     | 10i `
quote   | 10i `
statsTab| 8i ` 

12:32:16.271 - Records Processed 1740
12:32:16.272 - Current Subscribers: 
bid     | 10i `
quote   | 10i `
statsTab| 8i ` 

12:32:17.272 - Records Processed 1741
12:32:17.272 - Current Subscribers: 
bid     | 10i `
quote   | 10i `
statsTab| 8i ` 

12:32:18.271 - Records Processed 1742
12:32:18.271 - Current Subscribers: 
bid     | 10i `
quote   | 10i `
statsTab| 8i ` 

12:32:19.272 - Records Processed 1743
12:32:19.273 - Current Subscribers: 
bid     | 10i `
quote   | 10i `
statsTab| 8i ` 

12:32:20.272 - Records Processed 1744
12:32:20.272 - Current Subscribers: 
bid     | 10i `
quote   | 10i `
statsTab| 8i ` 

12:32:21.271 - Records Processed 1745
12:32:21.271 - Current Subscribers: 
bid     | 10i `
quote   | 10i `
statsTab| 8i ` 

12:32:22.272 - Records Processed 1746
12:32:22.272 - Current Subscribers: 
bid     | 10i `
quote   | 10i `
statsTab| 8i ` 

12:32:23.272 - Records Processed 1747
12:32:23.273 - Current Subscribers: 
bid     | 10i `
quote   | 10i `
statsTab| 8i ` 

12:32:24.271 - Records Processed 1748
12:32:24.271 - Current Subscribers: 
bid     | 10i `
quote   | 10i `
statsTab| 8i ` 

12:32:25.271 - Records Processed 1749
12:32:25.272 - Current Subscribers: 
bid     | 10i `
quote   | 10i `
statsTab| 8i ` 

12:32:26.271 - Records Processed 1750
12:32:26.271 - Current Subscribers: 
bid     | 10i `
quote   | 10i `
statsTab| 8i ` 

12:32:27.271 - Records Processed 1751
12:32:27.271 - Current Subscribers: 
bid     | 10i `
quote   | 10i `
statsTab| 8i ` 

12:32:28.272 - Records Processed 1752
12:32:28.273 - Current Subscribers: 
bid     | 10i `
quote   | 10i `
statsTab| 8i ` 

12:32:29.272 - Records Processed 1753
12:32:29.273 - Current Subscribers: 
bid     | 10i `
quote   | 10i `
statsTab| 8i ` 

12:32:30.271 - Records Processed 1754
12:32:30.271 - Current Subscribers: 
bid     | 10i `
quote   | 10i `
statsTab| 8i ` 

12:32:31.271 - Records Processed 1755
12:32:31.272 - Current Subscribers: 
bid     | 10i `
quote   | 10i `
statsTab| 8i ` 

12:32:32.272 - Records Processed 1756
12:32:32.272 - Current Subscribers: 
bid     | 10i `
quote   | 10i `
statsTab| 8i ` 

12:32:33.272 - Records Processed 1757
12:32:33.273 - Current Subscribers: 
bid     | 10i `
quote   | 10i `
statsTab| 8i ` 

12:32:34.271 - Records Processed 1758
12:32:34.272 - Current Subscribers: 
bid     | 10i `
quote   | 10i `
statsTab| 8i ` 

12:32:35.271 - Records Processed 1759
12:32:35.271 - Current Subscribers: 
bid     | 10i `
quote   | 10i `
statsTab| 8i ` 

12:32:36.271 - Records Processed 1760
12:32:36.272 - Current Subscribers: 
bid     | 10i `
quote   | 10i `
statsTab| 8i ` 

12:32:37.272 - Records Processed 1761
12:32:37.273 - Current Subscribers: 
bid     | 10i `
quote   | 10i `
statsTab| 8i ` 

12:32:38.271 - Records Processed 1762
12:32:38.272 - Current Subscribers: 
bid     | 10i `
quote   | 10i `
statsTab| 8i ` 

12:32:39.274 - Records Processed 1763
12:32:39.275 - Current Subscribers: 
bid     | 10i `
quote   | 10i `
statsTab| 8i ` 

12:32:40.272 - Records Processed 1764
12:32:40.273 - Current Subscribers: 
bid     | 10i `
quote   | 10i `
statsTab| 8i ` 

12:32:41.271 - Records Processed 1765
12:32:41.272 - Current Subscribers: 
bid     | 10i `
quote   | 10i `
statsTab| 8i ` 

12:32:42.271 - Records Processed 1766
12:32:42.272 - Current Subscribers: 
bid     | 10i `
quote   | 10i `
statsTab| 8i ` 

12:32:43.272 - Records Processed 1767
12:32:43.272 - Current Subscribers: 
bid     | 10i `
quote   | 10i `
statsTab| 8i ` 

12:32:44.271 - Records Processed 1768
12:32:44.272 - Current Subscribers: 
bid     | 10i `
quote   | 10i `
statsTab| 8i ` 

12:32:45.271 - Records Processed 1769
12:32:45.272 - Current Subscribers: 
bid     | 10i `
quote   | 10i `
statsTab| 8i ` 

12:32:46.271 - Records Processed 1770
12:32:46.271 - Current Subscribers: 
bid     | 10i `
quote   | 10i `
statsTab| 8i ` 

12:32:47.272 - Records Processed 1771
12:32:47.272 - Current Subscribers: 
bid     | 10i `
quote   | 10i `
statsTab| 8i ` 

12:32:48.271 - Records Processed 1772
12:32:48.271 - Current Subscribers: 
bid     | 10i `
quote   | 10i `
statsTab| 8i ` 

12:32:49.271 - Records Processed 1773
12:32:49.273 - Current Subscribers: 
bid     | 10i `
quote   | 10i `
statsTab| 8i ` 

12:32:50.271 - Records Processed 1774
12:32:50.272 - Current Subscribers: 
bid     | 10i `
quote   | 10i `
statsTab| 8i ` 

12:32:51.274 - Records Processed 1775
12:32:51.274 - Current Subscribers: 
bid     | 10i `
quote   | 10i `
statsTab| 8i ` 

12:32:52.272 - Records Processed 1776
12:32:52.272 - Current Subscribers: 
bid     | 10i `
quote   | 10i `
statsTab| 8i ` 

12:32:53.271 - Records Processed 1777
12:32:53.272 - Current Subscribers: 
bid     | 10i `
quote   | 10i `
statsTab| 8i ` 

12:32:54.271 - Records Processed 1778
12:32:54.272 - Current Subscribers: 
bid     | 10i `
quote   | 10i `
statsTab| 8i ` 

12:32:55.271 - Records Processed 1779
12:32:55.271 - Current Subscribers: 
bid     | 10i `
quote   | 10i `
statsTab| 8i ` 

12:32:56.271 - Records Processed 1780
12:32:56.271 - Current Subscribers: 
bid     | 10i `
quote   | 10i `
statsTab| 8i ` 

12:32:57.272 - Records Processed 1781
12:32:57.272 - Current Subscribers: 
bid     | 10i `
quote   | 10i `
statsTab| 8i ` 

12:32:58.271 - Records Processed 1782
12:32:58.272 - Current Subscribers: 
bid     | 10i `
quote   | 10i `
statsTab| 8i ` 

12:32:59.271 - Records Processed 1783
12:32:59.272 - Current Subscribers: 
bid     | 10i `
quote   | 10i `
statsTab| 8i ` 

12:33:00.271 - Records Processed 1784
12:33:00.272 - Current Subscribers: 
bid     | 10i `
quote   | 10i `
statsTab| 8i ` 

12:33:01.272 - Records Processed 1785
12:33:01.273 - Current Subscribers: 
bid     | 10i `
quote   | 10i `
statsTab| 8i ` 

12:33:02.271 - Records Processed 1786
12:33:02.272 - Current Subscribers: 
bid     | 10i `
quote   | 10i `
statsTab| 8i ` 

12:33:03.271 - Records Processed 1787
12:33:03.272 - Current Subscribers: 
bid     | 10i `
quote   | 10i `
statsTab| 8i ` 

12:33:04.272 - Records Processed 1788
12:33:04.273 - Current Subscribers: 
bid     | 10i `
quote   | 10i `
statsTab| 8i ` 

12:33:05.271 - Records Processed 1789
12:33:05.271 - Current Subscribers: 
bid     | 10i `
quote   | 10i `
statsTab| 8i ` 

12:33:06.271 - Records Processed 1790
12:33:06.271 - Current Subscribers: 
bid     | 10i `
quote   | 10i `
statsTab| 8i ` 

12:33:07.271 - Records Processed 1791
12:33:07.271 - Current Subscribers: 
bid     | 10i `
quote   | 10i `
statsTab| 8i ` 

12:33:08.272 - Records Processed 1792
12:33:08.274 - Current Subscribers: 
bid     | 10i `
quote   | 10i `
statsTab| 8i ` 

12:33:09.272 - Records Processed 1793
12:33:09.273 - Current Subscribers: 
bid     | 10i `
quote   | 10i `
statsTab| 8i ` 

12:33:10.272 - Records Processed 1794
12:33:10.272 - Current Subscribers: 
bid     | 10i `
quote   | 10i `
statsTab| 8i ` 

12:33:11.271 - Records Processed 1795
12:33:11.272 - Current Subscribers: 
bid     | 10i `
quote   | 10i `
statsTab| 8i ` 

12:33:12.271 - Records Processed 1796
12:33:12.272 - Current Subscribers: 
bid     | 10i `
quote   | 10i `
statsTab| 8i ` 

12:33:13.271 - Records Processed 1797
12:33:13.272 - Current Subscribers: 
bid     | 10i `
quote   | 10i `
statsTab| 8i ` 

12:33:14.271 - Records Processed 1798
12:33:14.272 - Current Subscribers: 
bid     | 10i `
quote   | 10i `
statsTab| 8i ` 

12:33:15.271 - Records Processed 1799
12:33:15.271 - Current Subscribers: 
bid     | 10i `
quote   | 10i `
statsTab| 8i ` 

12:33:16.271 - Records Processed 1800
12:33:16.272 - Current Subscribers: 
bid     | 10i `
quote   | 10i `
statsTab| 8i ` 

12:33:17.271 - Records Processed 1801
12:33:17.272 - Current Subscribers: 
bid     | 10i `
quote   | 10i `
statsTab| 8i ` 

12:33:18.271 - Records Processed 1802
12:33:18.271 - Current Subscribers: 
bid     | 10i `
quote   | 10i `
statsTab| 8i ` 

12:33:19.271 - Records Processed 1803
12:33:19.272 - Current Subscribers: 
bid     | 10i `
quote   | 10i `
statsTab| 8i ` 

12:33:20.271 - Records Processed 1804
12:33:20.272 - Current Subscribers: 
bid     | 10i `
quote   | 10i `
statsTab| 8i ` 

12:33:21.272 - Records Processed 1805
12:33:21.272 - Current Subscribers: 
bid     | 10i `
quote   | 10i `
statsTab| 8i ` 

12:33:22.272 - Records Processed 1806
12:33:22.274 - Current Subscribers: 
bid     | 10i `
quote   | 10i `
statsTab| 8i ` 

12:33:23.272 - Records Processed 1807
12:33:23.272 - Current Subscribers: 
bid     | 10i `
quote   | 10i `
statsTab| 8i ` 

12:33:24.271 - Records Processed 1808
12:33:24.272 - Current Subscribers: 
bid     | 10i `
quote   | 10i `
statsTab| 8i ` 

12:33:25.271 - Records Processed 1809
12:33:25.272 - Current Subscribers: 
bid     | 10i `
quote   | 10i `
statsTab| 8i ` 

12:33:26.271 - Records Processed 1810
12:33:26.271 - Current Subscribers: 
bid     | 10i `
quote   | 10i `
statsTab| 8i ` 

12:33:27.272 - Records Processed 1811
12:33:27.272 - Current Subscribers: 
bid     | 10i `
quote   | 10i `
statsTab| 8i ` 

12:33:28.271 - Records Processed 1812
12:33:28.272 - Current Subscribers: 
bid     | 10i `
quote   | 10i `
statsTab| 8i ` 

12:33:29.272 - Records Processed 1813
12:33:29.272 - Current Subscribers: 
bid     | 10i `
quote   | 10i `
statsTab| 8i ` 

12:33:30.271 - Records Processed 1814
12:33:30.272 - Current Subscribers: 
bid     | 10i `
quote   | 10i `
statsTab| 8i ` 

12:33:31.271 - Records Processed 1815
12:33:31.272 - Current Subscribers: 
bid     | 10i `
quote   | 10i `
statsTab| 8i ` 

12:33:32.271 - Records Processed 1816
12:33:32.272 - Current Subscribers: 
bid     | 10i `
quote   | 10i `
statsTab| 8i ` 

12:33:33.272 - Records Processed 1817
12:33:33.272 - Current Subscribers: 
bid     | 10i `
quote   | 10i `
statsTab| 8i ` 

12:33:34.272 - Records Processed 1818
12:33:34.272 - Current Subscribers: 
bid     | 10i `
quote   | 10i `
statsTab| 8i ` 

12:33:35.272 - Records Processed 1819
12:33:35.272 - Current Subscribers: 
bid     | 10i `
quote   | 10i `
statsTab| 8i ` 

12:33:36.271 - Records Processed 1820
12:33:36.271 - Current Subscribers: 
bid     | 10i `
quote   | 10i `
statsTab| 8i ` 

12:33:37.271 - Records Processed 1821
12:33:37.272 - Current Subscribers: 
bid     | 10i `
quote   | 10i `
statsTab| 8i ` 

12:33:38.271 - Records Processed 1822
12:33:38.272 - Current Subscribers: 
bid     | 10i `
quote   | 10i `
statsTab| 8i ` 

12:33:39.271 - Records Processed 1823
12:33:39.272 - Current Subscribers: 
bid     | 10i `
quote   | 10i `
statsTab| 8i ` 

12:33:40.271 - Records Processed 1824
12:33:40.272 - Current Subscribers: 
bid     | 10i `
quote   | 10i `
statsTab| 8i ` 

12:33:41.271 - Records Processed 1825
12:33:41.272 - Current Subscribers: 
bid     | 10i `
quote   | 10i `
statsTab| 8i ` 

12:33:42.271 - Records Processed 1826
12:33:42.272 - Current Subscribers: 
bid     | 10i `
quote   | 10i `
statsTab| 8i ` 

12:33:43.271 - Records Processed 1827
12:33:43.271 - Current Subscribers: 
bid     | 10i `
quote   | 10i `
statsTab| 8i ` 

12:33:44.272 - Records Processed 1828
12:33:44.272 - Current Subscribers: 
bid     | 10i `
quote   | 10i `
statsTab| 8i ` 

12:33:45.271 - Records Processed 1829
12:33:45.271 - Current Subscribers: 
bid     | 10i `
quote   | 10i `
statsTab| 8i ` 

12:33:46.271 - Records Processed 1830
12:33:46.271 - Current Subscribers: 
bid     | 10i `
quote   | 10i `
statsTab| 8i ` 

12:33:47.271 - Records Processed 1831
12:33:47.271 - Current Subscribers: 
bid     | 10i `
quote   | 10i `
statsTab| 8i ` 

12:33:48.272 - Records Processed 1832
12:33:48.273 - Current Subscribers: 
bid     | 10i `
quote   | 10i `
statsTab| 8i ` 

12:33:49.271 - Records Processed 1833
12:33:49.272 - Current Subscribers: 
bid     | 10i `
quote   | 10i `
statsTab| 8i ` 

12:33:50.271 - Records Processed 1834
12:33:50.271 - Current Subscribers: 
bid     | 10i `
quote   | 10i `
statsTab| 8i ` 

12:33:51.271 - Records Processed 1835
12:33:51.272 - Current Subscribers: 
bid     | 10i `
quote   | 10i `
statsTab| 8i ` 

12:33:52.272 - Records Processed 1836
12:33:52.272 - Current Subscribers: 
bid     | 10i `
quote   | 10i `
statsTab| 8i ` 

12:33:53.271 - Records Processed 1837
12:33:53.272 - Current Subscribers: 
bid     | 10i `
quote   | 10i `
statsTab| 8i ` 

12:33:54.271 - Records Processed 1838
12:33:54.271 - Current Subscribers: 
bid     | 10i `
quote   | 10i `
statsTab| 8i ` 

12:33:55.272 - Records Processed 1839
12:33:55.273 - Current Subscribers: 
bid     | 10i `
quote   | 10i `
statsTab| 8i ` 

12:33:56.272 - Records Processed 1840
12:33:56.272 - Current Subscribers: 
bid     | 10i `
quote   | 10i `
statsTab| 8i ` 

12:33:57.272 - Records Processed 1841
12:33:57.272 - Current Subscribers: 
bid     | 10i `
quote   | 10i `
statsTab| 8i ` 

12:33:58.271 - Records Processed 1842
12:33:58.271 - Current Subscribers: 
bid     | 10i `
quote   | 10i `
statsTab| 8i ` 

12:33:59.272 - Records Processed 1843
12:33:59.272 - Current Subscribers: 
bid     | 10i `
quote   | 10i `
statsTab| 8i ` 

12:34:00.271 - Records Processed 1844
12:34:00.271 - Current Subscribers: 
bid     | 10i `
quote   | 10i `
statsTab| 8i ` 

12:34:01.272 - Records Processed 1845
12:34:01.272 - Current Subscribers: 
bid     | 10i `
quote   | 10i `
statsTab| 8i ` 

12:34:02.271 - Records Processed 1846
12:34:02.272 - Current Subscribers: 
bid     | 10i `
quote   | 10i `
statsTab| 8i ` 

12:34:03.271 - Records Processed 1847
12:34:03.272 - Current Subscribers: 
bid     | 10i `
quote   | 10i `
statsTab| 8i ` 

12:34:04.271 - Records Processed 1848
12:34:04.272 - Current Subscribers: 
bid     | 10i `
quote   | 10i `
statsTab| 8i ` 

12:34:05.271 - Records Processed 1849
12:34:05.272 - Current Subscribers: 
bid     | 10i `
quote   | 10i `
statsTab| 8i ` 

12:34:06.271 - Records Processed 1850
12:34:06.271 - Current Subscribers: 
bid     | 10i `
quote   | 10i `
statsTab| 8i ` 

12:34:07.271 - Records Processed 1851
12:34:07.272 - Current Subscribers: 
bid     | 10i `
quote   | 10i `
statsTab| 8i ` 

12:34:08.271 - Records Processed 1852
12:34:08.275 - Current Subscribers: 
bid     | 10i `
quote   | 10i `
statsTab| 8i ` 

12:34:09.271 - Records Processed 1853
12:34:09.272 - Current Subscribers: 
bid     | 10i `
quote   | 10i `
statsTab| 8i ` 

12:34:10.271 - Records Processed 1854
12:34:10.272 - Current Subscribers: 
bid     | 10i `
quote   | 10i `
statsTab| 8i ` 

12:34:11.272 - Records Processed 1855
12:34:11.272 - Current Subscribers: 
bid     | 10i `
quote   | 10i `
statsTab| 8i ` 

12:34:12.271 - Records Processed 1856
12:34:12.271 - Current Subscribers: 
bid     | 10i `
quote   | 10i `
statsTab| 8i ` 

12:34:13.271 - Records Processed 1857
12:34:13.271 - Current Subscribers: 
bid     | 10i `
quote   | 10i `
statsTab| 8i ` 

12:34:14.271 - Records Processed 1858
12:34:14.276 - Current Subscribers: 
bid     | 10i `
quote   | 10i `
statsTab| 8i ` 

12:34:15.272 - Records Processed 1859
12:34:15.273 - Current Subscribers: 
bid     | 10i `
quote   | 10i `
statsTab| 8i ` 

12:34:16.272 - Records Processed 1860
12:34:16.272 - Current Subscribers: 
bid     | 10i `
quote   | 10i `
statsTab| 8i ` 

12:34:17.271 - Records Processed 1861
12:34:17.272 - Current Subscribers: 
bid     | 10i `
quote   | 10i `
statsTab| 8i ` 

12:34:18.271 - Records Processed 1862
12:34:18.272 - Current Subscribers: 
bid     | 10i `
quote   | 10i `
statsTab| 8i ` 

12:34:19.272 - Records Processed 1863
12:34:19.272 - Current Subscribers: 
bid     | 10i `
quote   | 10i `
statsTab| 8i ` 

12:34:20.271 - Records Processed 1864
12:34:20.272 - Current Subscribers: 
bid     | 10i `
quote   | 10i `
statsTab| 8i ` 

12:34:21.271 - Records Processed 1865
12:34:21.271 - Current Subscribers: 
bid     | 10i `
quote   | 10i `
statsTab| 8i ` 

12:34:22.271 - Records Processed 1866
12:34:22.271 - Current Subscribers: 
bid     | 10i `
quote   | 10i `
statsTab| 8i ` 

12:34:23.272 - Records Processed 1867
12:34:23.272 - Current Subscribers: 
bid     | 10i `
quote   | 10i `
statsTab| 8i ` 

12:34:24.271 - Records Processed 1868
12:34:24.272 - Current Subscribers: 
bid     | 10i `
quote   | 10i `
statsTab| 8i ` 

12:34:25.271 - Records Processed 1869
12:34:25.272 - Current Subscribers: 
bid     | 10i `
quote   | 10i `
statsTab| 8i ` 

12:34:26.272 - Records Processed 1870
12:34:26.272 - Current Subscribers: 
bid     | 10i `
quote   | 10i `
statsTab| 8i ` 

12:34:27.272 - Records Processed 1871
12:34:27.272 - Current Subscribers: 
bid     | 10i `
quote   | 10i `
statsTab| 8i ` 

12:34:28.271 - Records Processed 1872
12:34:28.271 - Current Subscribers: 
bid     | 10i `
quote   | 10i `
statsTab| 8i ` 

12:34:29.271 - Records Processed 1873
12:34:29.271 - Current Subscribers: 
bid     | 10i `
quote   | 10i `
statsTab| 8i ` 

12:34:30.272 - Records Processed 1874
12:34:30.272 - Current Subscribers: 
bid     | 10i `
quote   | 10i `
statsTab| 8i ` 

12:34:31.271 - Records Processed 1875
12:34:31.271 - Current Subscribers: 
bid     | 10i `
quote   | 10i `
statsTab| 8i ` 

12:34:32.272 - Records Processed 1876
12:34:32.272 - Current Subscribers: 
bid     | 10i `
quote   | 10i `
statsTab| 8i ` 

12:34:33.272 - Records Processed 1877
12:34:33.272 - Current Subscribers: 
bid     | 10i `
quote   | 10i `
statsTab| 8i ` 

12:34:34.271 - Records Processed 1878
12:34:34.271 - Current Subscribers: 
bid     | 10i `
quote   | 10i `
statsTab| 8i ` 

12:34:35.272 - Records Processed 1879
12:34:35.273 - Current Subscribers: 
bid     | 10i `
quote   | 10i `
statsTab| 8i ` 

12:34:36.272 - Records Processed 1880
12:34:36.273 - Current Subscribers: 
bid     | 10i `
quote   | 10i `
statsTab| 8i ` 

12:34:37.272 - Records Processed 1881
12:34:37.273 - Current Subscribers: 
bid     | 10i `
quote   | 10i `
statsTab| 8i ` 

12:34:38.271 - Records Processed 1882
12:34:38.272 - Current Subscribers: 
bid     | 10i `
quote   | 10i `
statsTab| 8i ` 

12:34:39.271 - Records Processed 1883
12:34:39.271 - Current Subscribers: 
bid     | 10i `
quote   | 10i `
statsTab| 8i ` 

12:34:40.271 - Records Processed 1884
12:34:40.271 - Current Subscribers: 
bid     | 10i `
quote   | 10i `
statsTab| 8i ` 

12:34:41.272 - Records Processed 1885
12:34:41.273 - Current Subscribers: 
bid     | 10i `
quote   | 10i `
statsTab| 8i ` 

12:34:42.272 - Records Processed 1886
12:34:42.272 - Current Subscribers: 
bid     | 10i `
quote   | 10i `
statsTab| 8i ` 

12:34:43.271 - Records Processed 1887
12:34:43.272 - Current Subscribers: 
bid     | 10i `
quote   | 10i `
statsTab| 8i ` 

12:34:44.271 - Records Processed 1888
12:34:44.272 - Current Subscribers: 
bid     | 10i `
quote   | 10i `
statsTab| 8i ` 

12:34:45.271 - Records Processed 1889
12:34:45.272 - Current Subscribers: 
bid     | 10i `
quote   | 10i `
statsTab| 8i ` 

12:34:46.271 - Records Processed 1890
12:34:46.272 - Current Subscribers: 
bid     | 10i `
quote   | 10i `
statsTab| 8i ` 

12:34:47.272 - Records Processed 1891
12:34:47.272 - Current Subscribers: 
bid     | 10i `
quote   | 10i `
statsTab| 8i ` 

12:34:48.272 - Records Processed 1892
12:34:48.272 - Current Subscribers: 
bid     | 10i `
quote   | 10i `
statsTab| 8i ` 

12:34:49.272 - Records Processed 1893
12:34:49.272 - Current Subscribers: 
bid     | 10i `
quote   | 10i `
statsTab| 8i ` 

12:34:50.271 - Records Processed 1894
12:34:50.272 - Current Subscribers: 
bid     | 10i `
quote   | 10i `
statsTab| 8i ` 

12:34:51.272 - Records Processed 1895
12:34:51.272 - Current Subscribers: 
bid     | 10i `
quote   | 10i `
statsTab| 8i ` 

12:34:52.271 - Records Processed 1896
12:34:52.271 - Current Subscribers: 
bid     | 10i `
quote   | 10i `
statsTab| 8i ` 

12:34:53.271 - Records Processed 1897
12:34:53.272 - Current Subscribers: 
bid     | 10i `
quote   | 10i `
statsTab| 8i ` 

12:34:54.272 - Records Processed 1898
12:34:54.272 - Current Subscribers: 
bid     | 10i `
quote   | 10i `
statsTab| 8i ` 

12:34:55.271 - Records Processed 1899
12:34:55.272 - Current Subscribers: 
bid     | 10i `
quote   | 10i `
statsTab| 8i ` 

12:34:56.271 - Records Processed 1900
12:34:56.271 - Current Subscribers: 
bid     | 10i `
quote   | 10i `
statsTab| 8i ` 

12:34:57.272 - Records Processed 1901
12:34:57.272 - Current Subscribers: 
bid     | 10i `
quote   | 10i `
statsTab| 8i ` 

12:34:58.272 - Records Processed 1902
12:34:58.272 - Current Subscribers: 
bid     | 10i `
quote   | 10i `
statsTab| 8i ` 

12:34:59.271 - Records Processed 1903
12:34:59.272 - Current Subscribers: 
bid     | 10i `
quote   | 10i `
statsTab| 8i ` 

12:35:00.272 - Records Processed 1904
12:35:00.272 - Current Subscribers: 
bid     | 10i `
quote   | 10i `
statsTab| 8i ` 

12:35:01.271 - Records Processed 1905
12:35:01.272 - Current Subscribers: 
bid     | 10i `
quote   | 10i `
statsTab| 8i ` 

12:35:02.271 - Records Processed 1906
12:35:02.272 - Current Subscribers: 
bid     | 10i `
quote   | 10i `
statsTab| 8i ` 

12:35:03.272 - Records Processed 1907
12:35:03.273 - Current Subscribers: 
bid     | 10i `
quote   | 10i `
statsTab| 8i ` 

12:35:04.270 - Records Processed 1908
12:35:04.270 - Current Subscribers: 
bid     | 10i `
quote   | 10i `
statsTab| 8i ` 

12:35:05.271 - Records Processed 1909
12:35:05.272 - Current Subscribers: 
bid     | 10i `
quote   | 10i `
statsTab| 8i ` 

12:35:06.271 - Records Processed 1910
12:35:06.271 - Current Subscribers: 
bid     | 10i `
quote   | 10i `
statsTab| 8i ` 

12:35:07.271 - Records Processed 1911
12:35:07.271 - Current Subscribers: 
bid     | 10i `
quote   | 10i `
statsTab| 8i ` 

12:35:08.271 - Records Processed 1912
12:35:08.272 - Current Subscribers: 
bid     | 10i `
quote   | 10i `
statsTab| 8i ` 

12:35:09.271 - Records Processed 1913
12:35:09.272 - Current Subscribers: 
bid     | 10i `
quote   | 10i `
statsTab| 8i ` 

12:35:10.271 - Records Processed 1914
12:35:10.271 - Current Subscribers: 
bid     | 10i `
quote   | 10i `
statsTab| 8i ` 

12:35:11.271 - Records Processed 1915
12:35:11.271 - Current Subscribers: 
bid     | 10i `
quote   | 10i `
statsTab| 8i ` 

12:35:12.272 - Records Processed 1916
12:35:12.272 - Current Subscribers: 
bid     | 10i `
quote   | 10i `
statsTab| 8i ` 

12:35:13.271 - Records Processed 1917
12:35:13.272 - Current Subscribers: 
bid     | 10i `
quote   | 10i `
statsTab| 8i ` 

12:35:14.272 - Records Processed 1918
12:35:14.272 - Current Subscribers: 
bid     | 10i `
quote   | 10i `
statsTab| 8i ` 

12:35:15.271 - Records Processed 1919
12:35:15.272 - Current Subscribers: 
bid     | 10i `
quote   | 10i `
statsTab| 8i ` 

12:35:16.272 - Records Processed 1920
12:35:16.272 - Current Subscribers: 
bid     | 10i `
quote   | 10i `
statsTab| 8i ` 

12:35:17.272 - Records Processed 1921
12:35:17.273 - Current Subscribers: 
bid     | 10i `
quote   | 10i `
statsTab| 8i ` 

12:35:18.271 - Records Processed 1922
12:35:18.272 - Current Subscribers: 
bid     | 10i `
quote   | 10i `
statsTab| 8i ` 

12:35:19.271 - Records Processed 1923
12:35:19.272 - Current Subscribers: 
bid     | 10i `
quote   | 10i `
statsTab| 8i ` 

12:35:20.271 - Records Processed 1924
12:35:20.271 - Current Subscribers: 
bid     | 10i `
quote   | 10i `
statsTab| 8i ` 

12:35:21.272 - Records Processed 1925
12:35:21.272 - Current Subscribers: 
bid     | 10i `
quote   | 10i `
statsTab| 8i ` 

12:35:22.270 - Records Processed 1926
12:35:22.271 - Current Subscribers: 
bid     | 10i `
quote   | 10i `
statsTab| 8i ` 

12:35:23.272 - Records Processed 1927
12:35:23.273 - Current Subscribers: 
bid     | 10i `
quote   | 10i `
statsTab| 8i ` 

12:35:24.271 - Records Processed 1928
12:35:24.272 - Current Subscribers: 
bid     | 10i `
quote   | 10i `
statsTab| 8i ` 

12:35:25.271 - Records Processed 1929
12:35:25.272 - Current Subscribers: 
bid     | 10i `
quote   | 10i `
statsTab| 8i ` 

12:35:26.271 - Records Processed 1930
12:35:26.272 - Current Subscribers: 
bid     | 10i `
quote   | 10i `
statsTab| 8i ` 

12:35:27.271 - Records Processed 1931
12:35:27.271 - Current Subscribers: 
bid     | 10i `
quote   | 10i `
statsTab| 8i ` 

12:35:28.272 - Records Processed 1932
12:35:28.273 - Current Subscribers: 
bid     | 10i `
quote   | 10i `
statsTab| 8i ` 

12:35:29.272 - Records Processed 1933
12:35:29.272 - Current Subscribers: 
bid     | 10i `
quote   | 10i `
statsTab| 8i ` 

12:35:30.272 - Records Processed 1934
12:35:30.272 - Current Subscribers: 
bid     | 10i `
quote   | 10i `
statsTab| 8i ` 

12:35:31.271 - Records Processed 1935
12:35:31.272 - Current Subscribers: 
bid     | 10i `
quote   | 10i `
statsTab| 8i ` 

12:35:32.272 - Records Processed 1936
12:35:32.272 - Current Subscribers: 
bid     | 10i `
quote   | 10i `
statsTab| 8i ` 

12:35:33.271 - Records Processed 1937
12:35:33.271 - Current Subscribers: 
bid     | 10i `
quote   | 10i `
statsTab| 8i ` 

12:35:34.274 - Records Processed 1938
12:35:34.275 - Current Subscribers: 
bid     | 10i `
quote   | 10i `
statsTab| 8i ` 

12:35:35.272 - Records Processed 1939
12:35:35.273 - Current Subscribers: 
bid     | 10i `
quote   | 10i `
statsTab| 8i ` 

12:35:36.271 - Records Processed 1940
12:35:36.271 - Current Subscribers: 
bid     | 10i `
quote   | 10i `
statsTab| 8i ` 

12:35:37.271 - Records Processed 1941
12:35:37.272 - Current Subscribers: 
bid     | 10i `
quote   | 10i `
statsTab| 8i ` 

12:35:38.271 - Records Processed 1942
12:35:38.272 - Current Subscribers: 
bid     | 10i `
quote   | 10i `
statsTab| 8i ` 

12:35:39.271 - Records Processed 1943
12:35:39.272 - Current Subscribers: 
bid     | 10i `
quote   | 10i `
statsTab| 8i ` 

12:35:40.272 - Records Processed 1943
12:35:40.274 - Current Subscribers: 
bid     | 10i `
quote   | 10i `
statsTab| 8i ` 

12:35:41.273 - Records Processed 1943
12:35:41.273 - Current Subscribers: 
bid     | 10i `
quote   | 10i `
statsTab| 8i ` 

12:35:42.271 - Records Processed 1943
12:35:42.272 - Current Subscribers: 
bid     | ,(10i;`)
quote   | ,(10i;`)
statsTab| ()

12:35:43.273 - Records Processed 1943
12:35:43.273 - Current Subscribers: 
bid     | ,(10i;`)
quote   | ,(10i;`)
statsTab| ()

12:35:44.270 - Records Processed 1943
12:35:44.271 - Current Subscribers: 
bid     | 
quote   | 
statsTab| 

12:35:45.271 - Records Processed 1943
12:35:45.272 - Current Subscribers: 
bid     | 
quote   | 
statsTab| 

12:35:46.272 - Records Processed 1943
12:35:46.272 - Current Subscribers: 
bid     | 
quote   | 
statsTab| 

12:35:47.272 - Records Processed 1943
12:35:47.273 - Current Subscribers: 
bid     | 
quote   | 
statsTab| 

12:35:48.272 - Records Processed 1943
12:35:48.272 - Current Subscribers: 
bid     | 
quote   | 
statsTab| 

12:35:49.271 - Records Processed 1943
12:35:49.272 - Current Subscribers: 
bid     | 
quote   | 
statsTab| 

12:35:50.272 - Records Processed 1943
12:35:50.272 - Current Subscribers: 
bid     | 
quote   | 
statsTab| 

