10:14:10.012 - Records Processed 0
10:14:10.012 - Current Subscribers: 
bid     | 
quote   | 
statsTab| 

10:14:11.015 - Records Processed 0
10:14:11.015 - Current Subscribers: 
bid     | 
quote   | 
statsTab| 

10:14:12.014 - Records Processed 0
10:14:12.014 - Current Subscribers: 
bid     | 
quote   | 
statsTab| 

10:14:13.015 - Records Processed 0
10:14:13.015 - Current Subscribers: 
bid     | 
quote   | 
statsTab| 

10:14:14.015 - Records Processed 1
10:14:14.015 - Current Subscribers: 
bid     | 
quote   | 
statsTab| 

10:14:15.014 - Records Processed 2
10:14:15.014 - Current Subscribers: 
bid     | 
quote   | 
statsTab| 

10:14:16.013 - Records Processed 3
10:14:16.013 - Current Subscribers: 
bid     | 
quote   | 
statsTab| 

10:14:17.015 - Records Processed 4
10:14:17.015 - Current Subscribers: 
bid     | 
quote   | 
statsTab| 

10:14:18.014 - Records Processed 5
10:14:18.015 - Current Subscribers: 
bid     | ()
quote   | ()
statsTab| ,(9i;`)

10:14:19.013 - Records Processed 6
10:14:19.013 - Current Subscribers: 
bid     | ()
quote   | ()
statsTab| ,(9i;`)

10:14:20.013 - Records Processed 7
10:14:20.014 - Current Subscribers: 
bid     | 10i `
quote   | 10i `
statsTab| 9i ` 

10:14:21.014 - Records Processed 9
10:14:21.014 - Current Subscribers: 
bid     | 10i `
quote   | 10i `
statsTab| 9i ` 

10:14:22.014 - Records Processed 11
10:14:22.014 - Current Subscribers: 
bid     | 10i `
quote   | 10i `
statsTab| 9i ` 

10:14:23.014 - Records Processed 13
10:14:23.015 - Current Subscribers: 
bid     | 10i `
quote   | 10i `
statsTab| 9i ` 

10:14:24.014 - Records Processed 15
10:14:24.015 - Current Subscribers: 
bid     | 10i `
quote   | 10i `
statsTab| 9i ` 

10:14:25.013 - Records Processed 17
10:14:25.014 - Current Subscribers: 
bid     | ((10i;`);(11i;`))
quote   | ((10i;`);(11i;`))
statsTab| ,(9i;`)

10:14:26.014 - Records Processed 19
10:14:26.014 - Current Subscribers: 
bid     | ((10i;`);(11i;`))
quote   | ((10i;`);(11i;`))
statsTab| ,(9i;`)

10:14:27.014 - Records Processed 21
10:14:27.015 - Current Subscribers: 
bid     | ((10i;`);(11i;`))
quote   | ((10i;`);(11i;`))
statsTab| ,(9i;`)

10:14:28.014 - Records Processed 23
10:14:28.015 - Current Subscribers: 
bid     | ((10i;`);(11i;`))
quote   | ((10i;`);(11i;`))
statsTab| ,(9i;`)

10:14:29.014 - Records Processed 25
10:14:29.015 - Current Subscribers: 
bid     | ((10i;`);(11i;`))
quote   | ((10i;`);(11i;`))
statsTab| ,(9i;`)

10:14:30.013 - Records Processed 27
10:14:30.014 - Current Subscribers: 
bid     | ((10i;`);(11i;`))
quote   | ((10i;`);(11i;`))
statsTab| ,(9i;`)

10:14:31.014 - Records Processed 29
10:14:31.015 - Current Subscribers: 
bid     | ((10i;`);(11i;`))
quote   | ((10i;`);(11i;`))
statsTab| ,(9i;`)

10:14:32.014 - Records Processed 31
10:14:32.015 - Current Subscribers: 
bid     | ((10i;`);(11i;`))
quote   | ((10i;`);(11i;`))
statsTab| ,(9i;`)

10:14:33.013 - Records Processed 33
10:14:33.013 - Current Subscribers: 
bid     | ((10i;`);(11i;`))
quote   | ((10i;`);(11i;`))
statsTab| ,(9i;`)

10:14:34.014 - Records Processed 35
10:14:34.015 - Current Subscribers: 
bid     | ((10i;`);(11i;`))
quote   | ((10i;`);(11i;`))
statsTab| ,(9i;`)

10:14:35.014 - Records Processed 37
10:14:35.014 - Current Subscribers: 
bid     | ((10i;`);(11i;`))
quote   | ((10i;`);(11i;`))
statsTab| ,(9i;`)

10:14:36.014 - Records Processed 39
10:14:36.015 - Current Subscribers: 
bid     | ((10i;`);(11i;`))
quote   | ((10i;`);(11i;`))
statsTab| ,(9i;`)

10:14:37.013 - Records Processed 41
10:14:37.014 - Current Subscribers: 
bid     | ((10i;`);(11i;`))
quote   | ((10i;`);(11i;`))
statsTab| ,(9i;`)

10:14:38.013 - Records Processed 43
10:14:38.014 - Current Subscribers: 
bid     | ((10i;`);(11i;`))
quote   | ((10i;`);(11i;`))
statsTab| ,(9i;`)

10:14:39.013 - Records Processed 45
10:14:39.014 - Current Subscribers: 
bid     | ((10i;`);(11i;`))
quote   | ((10i;`);(11i;`))
statsTab| ,(9i;`)

10:14:40.014 - Records Processed 47
10:14:40.014 - Current Subscribers: 
bid     | ((10i;`);(11i;`))
quote   | ((10i;`);(11i;`))
statsTab| ,(9i;`)

10:14:41.014 - Records Processed 49
10:14:41.014 - Current Subscribers: 
bid     | ((10i;`);(11i;`))
quote   | ((10i;`);(11i;`))
statsTab| ,(9i;`)

10:14:42.014 - Records Processed 51
10:14:42.015 - Current Subscribers: 
bid     | ((10i;`);(11i;`))
quote   | ((10i;`);(11i;`))
statsTab| ,(9i;`)

10:14:43.014 - Records Processed 53
10:14:43.015 - Current Subscribers: 
bid     | ((10i;`);(11i;`))
quote   | ((10i;`);(11i;`))
statsTab| ,(9i;`)

10:14:44.015 - Records Processed 55
10:14:44.015 - Current Subscribers: 
bid     | ((10i;`);(11i;`))
quote   | ((10i;`);(11i;`))
statsTab| ,(9i;`)

10:14:45.013 - Records Processed 57
10:14:45.014 - Current Subscribers: 
bid     | ((10i;`);(11i;`))
quote   | ((10i;`);(11i;`))
statsTab| ,(9i;`)

10:14:46.013 - Records Processed 59
10:14:46.014 - Current Subscribers: 
bid     | ((10i;`);(11i;`))
quote   | ((10i;`);(11i;`))
statsTab| ,(9i;`)

10:14:47.014 - Records Processed 61
10:14:47.014 - Current Subscribers: 
bid     | ((10i;`);(11i;`))
quote   | ((10i;`);(11i;`))
statsTab| ,(9i;`)

10:14:48.014 - Records Processed 63
10:14:48.015 - Current Subscribers: 
bid     | ((10i;`);(11i;`))
quote   | ((10i;`);(11i;`))
statsTab| ,(9i;`)

10:14:49.013 - Records Processed 65
10:14:49.014 - Current Subscribers: 
bid     | ((10i;`);(11i;`))
quote   | ((10i;`);(11i;`))
statsTab| ,(9i;`)

10:14:50.013 - Records Processed 67
10:14:50.014 - Current Subscribers: 
bid     | ((10i;`);(11i;`))
quote   | ((10i;`);(11i;`))
statsTab| ,(9i;`)

10:14:51.014 - Records Processed 67
10:14:51.014 - Current Subscribers: 
bid     | ((10i;`);(11i;`))
quote   | ((10i;`);(11i;`))
statsTab| ,(9i;`)

10:14:52.013 - Records Processed 67
10:14:52.013 - Current Subscribers: 
bid     | 11i `
quote   | 11i `
statsTab| 9i ` 

10:14:53.014 - Records Processed 67
10:14:53.014 - Current Subscribers: 
bid     | 11i `
quote   | 11i `
statsTab| 9i ` 

10:14:54.014 - Records Processed 67
10:14:54.014 - Current Subscribers: 
bid     | 11i `
quote   | 11i `
statsTab| 9i ` 

10:14:55.014 - Records Processed 67
10:14:55.015 - Current Subscribers: 
bid     | 11i `
quote   | 11i `
statsTab| 9i ` 

10:14:56.014 - Records Processed 67
10:14:56.014 - Current Subscribers: 
bid     | ,(11i;`)
quote   | ,(11i;`)
statsTab| ()

10:14:57.015 - Records Processed 67
10:14:57.015 - Current Subscribers: 
bid     | ,(11i;`)
quote   | ,(11i;`)
statsTab| ()

10:14:58.014 - Records Processed 67
10:14:58.015 - Current Subscribers: 
bid     | ,(11i;`)
quote   | ,(11i;`)
statsTab| ()

10:14:59.015 - Records Processed 67
10:14:59.015 - Current Subscribers: 
bid     | ,(11i;`)
quote   | ,(11i;`)
statsTab| ()

10:15:00.013 - Records Processed 67
10:15:00.013 - Current Subscribers: 
bid     | ,(11i;`)
quote   | ,(11i;`)
statsTab| ()

10:15:01.014 - Records Processed 67
10:15:01.014 - Current Subscribers: 
bid     | ,(11i;`)
quote   | ,(11i;`)
statsTab| ()

10:15:02.014 - Records Processed 67
10:15:02.014 - Current Subscribers: 
bid     | ,(11i;`)
quote   | ,(11i;`)
statsTab| ()

10:15:03.013 - Records Processed 67
10:15:03.013 - Current Subscribers: 
bid     | ,(11i;`)
quote   | ,(11i;`)
statsTab| ()

10:15:04.014 - Records Processed 67
10:15:04.014 - Current Subscribers: 
bid     | ,(11i;`)
quote   | ,(11i;`)
statsTab| ()

10:15:05.014 - Records Processed 67
10:15:05.015 - Current Subscribers: 
bid     | ,(11i;`)
quote   | ,(11i;`)
statsTab| ()

10:15:06.016 - Records Processed 67
10:15:06.016 - Current Subscribers: 
bid     | ,(11i;`)
quote   | ,(11i;`)
statsTab| ()

10:15:07.014 - Records Processed 67
10:15:07.015 - Current Subscribers: 
bid     | ,(11i;`)
quote   | ,(11i;`)
statsTab| ()

10:15:08.015 - Records Processed 67
10:15:08.015 - Current Subscribers: 
bid     | ,(11i;`)
quote   | ,(11i;`)
statsTab| ()

10:15:09.013 - Records Processed 67
10:15:09.014 - Current Subscribers: 
bid     | ,(11i;`)
quote   | ,(11i;`)
statsTab| ()

10:15:10.014 - Records Processed 67
10:15:10.015 - Current Subscribers: 
bid     | ,(11i;`)
quote   | ,(11i;`)
statsTab| ()

10:15:11.015 - Records Processed 67
10:15:11.015 - Current Subscribers: 
bid     | ,(11i;`)
quote   | ,(11i;`)
statsTab| ()

10:15:12.015 - Records Processed 67
10:15:12.015 - Current Subscribers: 
bid     | ,(11i;`)
quote   | ,(11i;`)
statsTab| ()

10:15:13.015 - Records Processed 67
10:15:13.015 - Current Subscribers: 
bid     | ,(11i;`)
quote   | ,(11i;`)
statsTab| ()

10:15:14.014 - Records Processed 67
10:15:14.015 - Current Subscribers: 
bid     | ,(11i;`)
quote   | ,(11i;`)
statsTab| ()

10:15:15.014 - Records Processed 67
10:15:15.014 - Current Subscribers: 
bid     | ,(11i;`)
quote   | ,(11i;`)
statsTab| ()

10:15:16.014 - Records Processed 67
10:15:16.015 - Current Subscribers: 
bid     | ,(11i;`)
quote   | ,(11i;`)
statsTab| ()

10:15:17.014 - Records Processed 67
10:15:17.015 - Current Subscribers: 
bid     | ,(11i;`)
quote   | ,(11i;`)
statsTab| ()

10:15:18.014 - Records Processed 67
10:15:18.014 - Current Subscribers: 
bid     | ,(11i;`)
quote   | ,(11i;`)
statsTab| ()

10:15:19.014 - Records Processed 67
10:15:19.015 - Current Subscribers: 
bid     | ,(11i;`)
quote   | ,(11i;`)
statsTab| ()

10:15:20.015 - Records Processed 67
10:15:20.016 - Current Subscribers: 
bid     | ,(11i;`)
quote   | ,(11i;`)
statsTab| ()

10:15:21.014 - Records Processed 67
10:15:21.015 - Current Subscribers: 
bid     | ,(11i;`)
quote   | ,(11i;`)
statsTab| ()

10:15:22.013 - Records Processed 67
10:15:22.014 - Current Subscribers: 
bid     | ,(11i;`)
quote   | ,(11i;`)
statsTab| ()

10:15:23.015 - Records Processed 67
10:15:23.016 - Current Subscribers: 
bid     | ,(11i;`)
quote   | ,(11i;`)
statsTab| ()

10:15:24.015 - Records Processed 67
10:15:24.015 - Current Subscribers: 
bid     | ,(11i;`)
quote   | ,(11i;`)
statsTab| ()

10:15:25.014 - Records Processed 67
10:15:25.014 - Current Subscribers: 
bid     | ,(11i;`)
quote   | ,(11i;`)
statsTab| ()

10:15:26.014 - Records Processed 67
10:15:26.014 - Current Subscribers: 
bid     | ,(11i;`)
quote   | ,(11i;`)
statsTab| ()

10:15:27.015 - Records Processed 67
10:15:27.016 - Current Subscribers: 
bid     | ,(11i;`)
quote   | ,(11i;`)
statsTab| ()

10:15:28.015 - Records Processed 67
10:15:28.015 - Current Subscribers: 
bid     | ,(11i;`)
quote   | ,(11i;`)
statsTab| ()

10:15:29.014 - Records Processed 67
10:15:29.014 - Current Subscribers: 
bid     | ,(11i;`)
quote   | ,(11i;`)
statsTab| ()

10:15:30.015 - Records Processed 67
10:15:30.015 - Current Subscribers: 
bid     | ,(11i;`)
quote   | ,(11i;`)
statsTab| ()

10:15:31.013 - Records Processed 67
10:15:31.013 - Current Subscribers: 
bid     | ,(11i;`)
quote   | ,(11i;`)
statsTab| ()

10:15:32.014 - Records Processed 67
10:15:32.014 - Current Subscribers: 
bid     | ,(11i;`)
quote   | ,(11i;`)
statsTab| ()

10:15:33.014 - Records Processed 67
10:15:33.014 - Current Subscribers: 
bid     | ,(11i;`)
quote   | ,(11i;`)
statsTab| ()

10:15:34.014 - Records Processed 67
10:15:34.015 - Current Subscribers: 
bid     | ,(11i;`)
quote   | ,(11i;`)
statsTab| ()

10:15:35.014 - Records Processed 67
10:15:35.015 - Current Subscribers: 
bid     | ,(11i;`)
quote   | ,(11i;`)
statsTab| ()

10:15:36.015 - Records Processed 67
10:15:36.016 - Current Subscribers: 
bid     | ,(11i;`)
quote   | ,(11i;`)
statsTab| ()

10:15:37.015 - Records Processed 67
10:15:37.015 - Current Subscribers: 
bid     | ,(11i;`)
quote   | ,(11i;`)
statsTab| ()

10:15:38.016 - Records Processed 67
10:15:38.017 - Current Subscribers: 
bid     | ,(11i;`)
quote   | ,(11i;`)
statsTab| ()

10:15:39.015 - Records Processed 67
10:15:39.015 - Current Subscribers: 
bid     | ,(11i;`)
quote   | ,(11i;`)
statsTab| ()

10:15:40.014 - Records Processed 67
10:15:40.015 - Current Subscribers: 
bid     | ,(11i;`)
quote   | ,(11i;`)
statsTab| ()

10:15:41.014 - Records Processed 67
10:15:41.015 - Current Subscribers: 
bid     | ,(11i;`)
quote   | ,(11i;`)
statsTab| ()

10:15:42.015 - Records Processed 67
10:15:42.016 - Current Subscribers: 
bid     | ,(11i;`)
quote   | ,(11i;`)
statsTab| ()

10:15:43.015 - Records Processed 67
10:15:43.015 - Current Subscribers: 
bid     | ,(11i;`)
quote   | ,(11i;`)
statsTab| ()

10:15:44.014 - Records Processed 67
10:15:44.014 - Current Subscribers: 
bid     | ,(11i;`)
quote   | ,(11i;`)
statsTab| ()

10:15:45.013 - Records Processed 67
10:15:45.013 - Current Subscribers: 
bid     | ,(11i;`)
quote   | ,(11i;`)
statsTab| ()

10:15:46.014 - Records Processed 67
10:15:46.015 - Current Subscribers: 
bid     | ,(11i;`)
quote   | ,(11i;`)
statsTab| ()

10:15:47.014 - Records Processed 67
10:15:47.015 - Current Subscribers: 
bid     | ,(11i;`)
quote   | ,(11i;`)
statsTab| ()

10:15:48.015 - Records Processed 67
10:15:48.015 - Current Subscribers: 
bid     | ,(11i;`)
quote   | ,(11i;`)
statsTab| ()

10:15:49.014 - Records Processed 67
10:15:49.014 - Current Subscribers: 
bid     | ,(11i;`)
quote   | ,(11i;`)
statsTab| ()

10:15:50.015 - Records Processed 67
10:15:50.015 - Current Subscribers: 
bid     | ,(11i;`)
quote   | ,(11i;`)
statsTab| ()

10:15:51.014 - Records Processed 67
10:15:51.014 - Current Subscribers: 
bid     | ,(11i;`)
quote   | ,(11i;`)
statsTab| ()

10:15:52.014 - Records Processed 67
10:15:52.014 - Current Subscribers: 
bid     | ,(11i;`)
quote   | ,(11i;`)
statsTab| ()

10:15:53.014 - Records Processed 67
10:15:53.014 - Current Subscribers: 
bid     | ,(11i;`)
quote   | ,(11i;`)
statsTab| ()

10:15:54.014 - Records Processed 67
10:15:54.014 - Current Subscribers: 
bid     | ,(11i;`)
quote   | ,(11i;`)
statsTab| ()

10:15:55.015 - Records Processed 67
10:15:55.015 - Current Subscribers: 
bid     | ,(11i;`)
quote   | ,(11i;`)
statsTab| ()

10:15:56.014 - Records Processed 67
10:15:56.014 - Current Subscribers: 
bid     | ,(11i;`)
quote   | ,(11i;`)
statsTab| ()

10:15:57.013 - Records Processed 67
10:15:57.013 - Current Subscribers: 
bid     | ,(11i;`)
quote   | ,(11i;`)
statsTab| ()

10:15:58.015 - Records Processed 67
10:15:58.015 - Current Subscribers: 
bid     | ,(11i;`)
quote   | ,(11i;`)
statsTab| ()

10:15:59.015 - Records Processed 67
10:15:59.015 - Current Subscribers: 
bid     | ,(11i;`)
quote   | ,(11i;`)
statsTab| ()

10:16:00.015 - Records Processed 67
10:16:00.015 - Current Subscribers: 
bid     | ,(11i;`)
quote   | ,(11i;`)
statsTab| ()

10:16:01.014 - Records Processed 67
10:16:01.014 - Current Subscribers: 
bid     | ,(11i;`)
quote   | ,(11i;`)
statsTab| ()

10:16:02.014 - Records Processed 67
10:16:02.015 - Current Subscribers: 
bid     | ,(11i;`)
quote   | ,(11i;`)
statsTab| ()

10:16:03.015 - Records Processed 67
10:16:03.015 - Current Subscribers: 
bid     | ,(11i;`)
quote   | ,(11i;`)
statsTab| ()

10:16:04.013 - Records Processed 67
10:16:04.014 - Current Subscribers: 
bid     | ,(11i;`)
quote   | ,(11i;`)
statsTab| ()

10:16:05.014 - Records Processed 67
10:16:05.015 - Current Subscribers: 
bid     | ,(11i;`)
quote   | ,(11i;`)
statsTab| ()

10:16:06.014 - Records Processed 67
10:16:06.015 - Current Subscribers: 
bid     | ,(11i;`)
quote   | ,(11i;`)
statsTab| ()

10:16:07.015 - Records Processed 67
10:16:07.015 - Current Subscribers: 
bid     | ,(11i;`)
quote   | ,(11i;`)
statsTab| ()

10:16:08.015 - Records Processed 67
10:16:08.015 - Current Subscribers: 
bid     | ,(11i;`)
quote   | ,(11i;`)
statsTab| ()

10:16:09.014 - Records Processed 67
10:16:09.014 - Current Subscribers: 
bid     | ,(11i;`)
quote   | ,(11i;`)
statsTab| ()

10:16:10.014 - Records Processed 67
10:16:10.014 - Current Subscribers: 
bid     | ,(11i;`)
quote   | ,(11i;`)
statsTab| ()

10:16:11.014 - Records Processed 67
10:16:11.014 - Current Subscribers: 
bid     | ,(11i;`)
quote   | ,(11i;`)
statsTab| ()

10:16:12.014 - Records Processed 67
10:16:12.016 - Current Subscribers: 
bid     | ,(11i;`)
quote   | ,(11i;`)
statsTab| ()

10:16:13.015 - Records Processed 67
10:16:13.015 - Current Subscribers: 
bid     | ,(11i;`)
quote   | ,(11i;`)
statsTab| ()

10:16:14.014 - Records Processed 67
10:16:14.014 - Current Subscribers: 
bid     | ,(11i;`)
quote   | ,(11i;`)
statsTab| ()

10:16:15.014 - Records Processed 67
10:16:15.014 - Current Subscribers: 
bid     | ,(11i;`)
quote   | ,(11i;`)
statsTab| ()

10:16:16.014 - Records Processed 67
10:16:16.014 - Current Subscribers: 
bid     | ,(11i;`)
quote   | ,(11i;`)
statsTab| ()

10:16:17.014 - Records Processed 67
10:16:17.015 - Current Subscribers: 
bid     | ,(11i;`)
quote   | ,(11i;`)
statsTab| ()

10:16:18.016 - Records Processed 67
10:16:18.016 - Current Subscribers: 
bid     | ,(11i;`)
quote   | ,(11i;`)
statsTab| ()

10:16:19.015 - Records Processed 67
10:16:19.015 - Current Subscribers: 
bid     | ,(11i;`)
quote   | ,(11i;`)
statsTab| ()

10:16:20.015 - Records Processed 67
10:16:20.015 - Current Subscribers: 
bid     | ,(11i;`)
quote   | ,(11i;`)
statsTab| ()

10:16:21.014 - Records Processed 67
10:16:21.014 - Current Subscribers: 
bid     | ,(11i;`)
quote   | ,(11i;`)
statsTab| ()

10:16:22.014 - Records Processed 67
10:16:22.015 - Current Subscribers: 
bid     | ,(11i;`)
quote   | ,(11i;`)
statsTab| ()

10:16:23.015 - Records Processed 67
10:16:23.015 - Current Subscribers: 
bid     | ,(11i;`)
quote   | ,(11i;`)
statsTab| ()

10:16:24.014 - Records Processed 67
10:16:24.015 - Current Subscribers: 
bid     | ,(11i;`)
quote   | ,(11i;`)
statsTab| ()

10:16:25.014 - Records Processed 67
10:16:25.015 - Current Subscribers: 
bid     | ,(11i;`)
quote   | ,(11i;`)
statsTab| ()

10:16:26.014 - Records Processed 67
10:16:26.014 - Current Subscribers: 
bid     | ,(11i;`)
quote   | ,(11i;`)
statsTab| ()

10:16:27.013 - Records Processed 67
10:16:27.013 - Current Subscribers: 
bid     | ,(11i;`)
quote   | ,(11i;`)
statsTab| ()

10:16:28.015 - Records Processed 67
10:16:28.015 - Current Subscribers: 
bid     | ,(11i;`)
quote   | ,(11i;`)
statsTab| ()

10:16:29.013 - Records Processed 67
10:16:29.013 - Current Subscribers: 
bid     | ,(11i;`)
quote   | ,(11i;`)
statsTab| ()

10:16:30.013 - Records Processed 67
10:16:30.013 - Current Subscribers: 
bid     | ,(11i;`)
quote   | ,(11i;`)
statsTab| ()

10:16:31.015 - Records Processed 67
10:16:31.015 - Current Subscribers: 
bid     | ,(11i;`)
quote   | ,(11i;`)
statsTab| ()

10:16:32.015 - Records Processed 67
10:16:32.016 - Current Subscribers: 
bid     | ,(11i;`)
quote   | ,(11i;`)
statsTab| ()

10:16:33.015 - Records Processed 67
10:16:33.016 - Current Subscribers: 
bid     | ,(11i;`)
quote   | ,(11i;`)
statsTab| ()

10:16:34.014 - Records Processed 67
10:16:34.014 - Current Subscribers: 
bid     | ,(11i;`)
quote   | ,(11i;`)
statsTab| ()

10:16:35.015 - Records Processed 67
10:16:35.015 - Current Subscribers: 
bid     | ,(11i;`)
quote   | ,(11i;`)
statsTab| ()

10:16:36.014 - Records Processed 67
10:16:36.014 - Current Subscribers: 
bid     | ,(11i;`)
quote   | ,(11i;`)
statsTab| ()

10:16:37.015 - Records Processed 67
10:16:37.015 - Current Subscribers: 
bid     | ,(11i;`)
quote   | ,(11i;`)
statsTab| ()

10:16:38.015 - Records Processed 67
10:16:38.015 - Current Subscribers: 
bid     | ,(11i;`)
quote   | ,(11i;`)
statsTab| ()

10:16:39.015 - Records Processed 67
10:16:39.015 - Current Subscribers: 
bid     | ,(11i;`)
quote   | ,(11i;`)
statsTab| ()

10:16:40.015 - Records Processed 67
10:16:40.015 - Current Subscribers: 
bid     | ,(11i;`)
quote   | ,(11i;`)
statsTab| ()

10:16:41.015 - Records Processed 67
10:16:41.015 - Current Subscribers: 
bid     | ,(11i;`)
quote   | ,(11i;`)
statsTab| ()

10:16:42.014 - Records Processed 67
10:16:42.014 - Current Subscribers: 
bid     | ,(11i;`)
quote   | ,(11i;`)
statsTab| ()

10:16:43.014 - Records Processed 67
10:16:43.014 - Current Subscribers: 
bid     | ,(11i;`)
quote   | ,(11i;`)
statsTab| ()

10:16:44.015 - Records Processed 67
10:16:44.015 - Current Subscribers: 
bid     | ,(11i;`)
quote   | ,(11i;`)
statsTab| ()

10:16:45.015 - Records Processed 67
10:16:45.015 - Current Subscribers: 
bid     | ,(11i;`)
quote   | ,(11i;`)
statsTab| ()

10:16:46.014 - Records Processed 67
10:16:46.014 - Current Subscribers: 
bid     | ,(11i;`)
quote   | ,(11i;`)
statsTab| ()

10:16:47.013 - Records Processed 67
10:16:47.013 - Current Subscribers: 
bid     | ,(11i;`)
quote   | ,(11i;`)
statsTab| ()

10:16:48.015 - Records Processed 67
10:16:48.015 - Current Subscribers: 
bid     | ,(11i;`)
quote   | ,(11i;`)
statsTab| ()

10:16:49.014 - Records Processed 67
10:16:49.015 - Current Subscribers: 
bid     | ,(11i;`)
quote   | ,(11i;`)
statsTab| ()

10:16:50.013 - Records Processed 67
10:16:50.013 - Current Subscribers: 
bid     | ,(11i;`)
quote   | ,(11i;`)
statsTab| ()

10:16:51.014 - Records Processed 67
10:16:51.014 - Current Subscribers: 
bid     | ,(11i;`)
quote   | ,(11i;`)
statsTab| ()

10:16:52.014 - Records Processed 67
10:16:52.014 - Current Subscribers: 
bid     | ,(11i;`)
quote   | ,(11i;`)
statsTab| ()

10:16:53.014 - Records Processed 67
10:16:53.014 - Current Subscribers: 
bid     | ,(11i;`)
quote   | ,(11i;`)
statsTab| ()

10:16:54.016 - Records Processed 67
10:16:54.016 - Current Subscribers: 
bid     | ,(11i;`)
quote   | ,(11i;`)
statsTab| ()

10:16:55.015 - Records Processed 67
10:16:55.016 - Current Subscribers: 
bid     | ,(11i;`)
quote   | ,(11i;`)
statsTab| ()

10:16:56.015 - Records Processed 67
10:16:56.015 - Current Subscribers: 
bid     | ,(11i;`)
quote   | ,(11i;`)
statsTab| ()

10:16:57.015 - Records Processed 67
10:16:57.015 - Current Subscribers: 
bid     | ,(11i;`)
quote   | ,(11i;`)
statsTab| ()

10:16:58.014 - Records Processed 67
10:16:58.014 - Current Subscribers: 
bid     | ,(11i;`)
quote   | ,(11i;`)
statsTab| ()

10:16:59.014 - Records Processed 67
10:16:59.014 - Current Subscribers: 
bid     | ,(11i;`)
quote   | ,(11i;`)
statsTab| ()

10:17:00.015 - Records Processed 67
10:17:00.015 - Current Subscribers: 
bid     | ,(11i;`)
quote   | ,(11i;`)
statsTab| ()

10:17:01.015 - Records Processed 67
10:17:01.015 - Current Subscribers: 
bid     | ,(11i;`)
quote   | ,(11i;`)
statsTab| ()

10:17:02.015 - Records Processed 67
10:17:02.015 - Current Subscribers: 
bid     | ,(11i;`)
quote   | ,(11i;`)
statsTab| ()

10:17:03.015 - Records Processed 67
10:17:03.015 - Current Subscribers: 
bid     | ,(11i;`)
quote   | ,(11i;`)
statsTab| ()

10:17:04.014 - Records Processed 67
10:17:04.015 - Current Subscribers: 
bid     | ,(11i;`)
quote   | ,(11i;`)
statsTab| ()

10:17:05.014 - Records Processed 67
10:17:05.015 - Current Subscribers: 
bid     | ,(11i;`)
quote   | ,(11i;`)
statsTab| ()

10:17:06.014 - Records Processed 67
10:17:06.015 - Current Subscribers: 
bid     | ,(11i;`)
quote   | ,(11i;`)
statsTab| ()

10:17:07.014 - Records Processed 67
10:17:07.014 - Current Subscribers: 
bid     | ,(11i;`)
quote   | ,(11i;`)
statsTab| ()

10:17:08.026 - Records Processed 67
10:17:08.026 - Current Subscribers: 
bid     | ,(11i;`)
quote   | ,(11i;`)
statsTab| ()

10:17:09.013 - Records Processed 67
10:17:09.013 - Current Subscribers: 
bid     | ,(11i;`)
quote   | ,(11i;`)
statsTab| ()

10:17:10.014 - Records Processed 67
10:17:10.014 - Current Subscribers: 
bid     | ,(11i;`)
quote   | ,(11i;`)
statsTab| ()

10:17:11.014 - Records Processed 67
10:17:11.014 - Current Subscribers: 
bid     | ,(11i;`)
quote   | ,(11i;`)
statsTab| ()

10:17:12.014 - Records Processed 67
10:17:12.014 - Current Subscribers: 
bid     | ,(11i;`)
quote   | ,(11i;`)
statsTab| ()

10:17:13.014 - Records Processed 67
10:17:13.014 - Current Subscribers: 
bid     | ,(11i;`)
quote   | ,(11i;`)
statsTab| ()

10:17:14.014 - Records Processed 67
10:17:14.014 - Current Subscribers: 
bid     | ,(11i;`)
quote   | ,(11i;`)
statsTab| ()

10:17:15.014 - Records Processed 67
10:17:15.014 - Current Subscribers: 
bid     | ,(11i;`)
quote   | ,(11i;`)
statsTab| ()

10:17:16.014 - Records Processed 67
10:17:16.015 - Current Subscribers: 
bid     | ,(11i;`)
quote   | ,(11i;`)
statsTab| ()

10:17:17.014 - Records Processed 67
10:17:17.014 - Current Subscribers: 
bid     | ,(11i;`)
quote   | ,(11i;`)
statsTab| ()

10:17:18.015 - Records Processed 67
10:17:18.015 - Current Subscribers: 
bid     | ,(11i;`)
quote   | ,(11i;`)
statsTab| ()

10:17:19.014 - Records Processed 67
10:17:19.014 - Current Subscribers: 
bid     | ,(11i;`)
quote   | ,(11i;`)
statsTab| ()

10:17:20.015 - Records Processed 67
10:17:20.015 - Current Subscribers: 
bid     | ,(11i;`)
quote   | ,(11i;`)
statsTab| ()

10:17:21.015 - Records Processed 67
10:17:21.015 - Current Subscribers: 
bid     | ,(11i;`)
quote   | ,(11i;`)
statsTab| ()

10:17:22.014 - Records Processed 67
10:17:22.014 - Current Subscribers: 
bid     | ,(11i;`)
quote   | ,(11i;`)
statsTab| ()

10:17:23.014 - Records Processed 67
10:17:23.015 - Current Subscribers: 
bid     | ,(11i;`)
quote   | ,(11i;`)
statsTab| ()

10:17:24.014 - Records Processed 67
10:17:24.014 - Current Subscribers: 
bid     | ,(11i;`)
quote   | ,(11i;`)
statsTab| ()

10:17:25.014 - Records Processed 67
10:17:25.014 - Current Subscribers: 
bid     | ,(11i;`)
quote   | ,(11i;`)
statsTab| ()

10:17:26.014 - Records Processed 67
10:17:26.014 - Current Subscribers: 
bid     | ,(11i;`)
quote   | ,(11i;`)
statsTab| ()

10:17:27.014 - Records Processed 67
10:17:27.014 - Current Subscribers: 
bid     | ,(11i;`)
quote   | ,(11i;`)
statsTab| ()

10:17:28.014 - Records Processed 67
10:17:28.015 - Current Subscribers: 
bid     | ,(11i;`)
quote   | ,(11i;`)
statsTab| ()

10:17:29.015 - Records Processed 67
10:17:29.016 - Current Subscribers: 
bid     | ,(11i;`)
quote   | ,(11i;`)
statsTab| ()

10:17:30.016 - Records Processed 67
10:17:30.016 - Current Subscribers: 
bid     | ,(11i;`)
quote   | ,(11i;`)
statsTab| ()

10:17:31.013 - Records Processed 67
10:17:31.013 - Current Subscribers: 
bid     | ,(11i;`)
quote   | ,(11i;`)
statsTab| ()

10:17:32.014 - Records Processed 67
10:17:32.015 - Current Subscribers: 
bid     | ,(11i;`)
quote   | ,(11i;`)
statsTab| ()

10:17:33.014 - Records Processed 67
10:17:33.014 - Current Subscribers: 
bid     | ,(11i;`)
quote   | ,(11i;`)
statsTab| ()

10:17:34.015 - Records Processed 67
10:17:34.015 - Current Subscribers: 
bid     | ,(11i;`)
quote   | ,(11i;`)
statsTab| ()

10:17:35.015 - Records Processed 67
10:17:35.016 - Current Subscribers: 
bid     | ,(11i;`)
quote   | ,(11i;`)
statsTab| ()

10:17:36.015 - Records Processed 67
10:17:36.015 - Current Subscribers: 
bid     | ,(11i;`)
quote   | ,(11i;`)
statsTab| ()

10:17:37.013 - Records Processed 67
10:17:37.013 - Current Subscribers: 
bid     | ,(11i;`)
quote   | ,(11i;`)
statsTab| ()

10:17:38.013 - Records Processed 67
10:17:38.013 - Current Subscribers: 
bid     | ,(11i;`)
quote   | ,(11i;`)
statsTab| ()

10:17:39.014 - Records Processed 67
10:17:39.014 - Current Subscribers: 
bid     | ,(11i;`)
quote   | ,(11i;`)
statsTab| ()

10:17:40.013 - Records Processed 67
10:17:40.013 - Current Subscribers: 
bid     | ,(11i;`)
quote   | ,(11i;`)
statsTab| ()

10:17:41.012 - Records Processed 67
10:17:41.013 - Current Subscribers: 
bid     | ,(11i;`)
quote   | ,(11i;`)
statsTab| ()

10:17:42.014 - Records Processed 67
10:17:42.014 - Current Subscribers: 
bid     | ,(11i;`)
quote   | ,(11i;`)
statsTab| ()

10:17:43.014 - Records Processed 67
10:17:43.014 - Current Subscribers: 
bid     | ,(11i;`)
quote   | ,(11i;`)
statsTab| ()

10:17:44.014 - Records Processed 67
10:17:44.015 - Current Subscribers: 
bid     | ,(11i;`)
quote   | ,(11i;`)
statsTab| ()

10:17:45.015 - Records Processed 67
10:17:45.016 - Current Subscribers: 
bid     | ,(11i;`)
quote   | ,(11i;`)
statsTab| ()

10:17:46.014 - Records Processed 67
10:17:46.014 - Current Subscribers: 
bid     | ,(11i;`)
quote   | ,(11i;`)
statsTab| ()

10:17:47.014 - Records Processed 67
10:17:47.015 - Current Subscribers: 
bid     | ,(11i;`)
quote   | ,(11i;`)
statsTab| ()

10:17:48.014 - Records Processed 67
10:17:48.015 - Current Subscribers: 
bid     | ,(11i;`)
quote   | ,(11i;`)
statsTab| ()

10:17:49.015 - Records Processed 67
10:17:49.016 - Current Subscribers: 
bid     | ,(11i;`)
quote   | ,(11i;`)
statsTab| ()

10:17:50.015 - Records Processed 67
10:17:50.016 - Current Subscribers: 
bid     | ,(11i;`)
quote   | ,(11i;`)
statsTab| ()

10:17:51.015 - Records Processed 67
10:17:51.016 - Current Subscribers: 
bid     | ,(11i;`)
quote   | ,(11i;`)
statsTab| ()

10:17:52.015 - Records Processed 67
10:17:52.015 - Current Subscribers: 
bid     | ,(11i;`)
quote   | ,(11i;`)
statsTab| ()

10:17:53.015 - Records Processed 67
10:17:53.015 - Current Subscribers: 
bid     | ,(11i;`)
quote   | ,(11i;`)
statsTab| ()

10:17:54.015 - Records Processed 67
10:17:54.015 - Current Subscribers: 
bid     | ,(11i;`)
quote   | ,(11i;`)
statsTab| ()

10:17:55.014 - Records Processed 67
10:17:55.014 - Current Subscribers: 
bid     | ,(11i;`)
quote   | ,(11i;`)
statsTab| ()

10:17:56.014 - Records Processed 67
10:17:56.014 - Current Subscribers: 
bid     | ,(11i;`)
quote   | ,(11i;`)
statsTab| ()

10:17:57.014 - Records Processed 67
10:17:57.014 - Current Subscribers: 
bid     | ,(11i;`)
quote   | ,(11i;`)
statsTab| ()

10:17:58.014 - Records Processed 67
10:17:58.015 - Current Subscribers: 
bid     | ,(11i;`)
quote   | ,(11i;`)
statsTab| ()

10:17:59.015 - Records Processed 67
10:17:59.015 - Current Subscribers: 
bid     | ,(11i;`)
quote   | ,(11i;`)
statsTab| ()

10:18:00.014 - Records Processed 67
10:18:00.015 - Current Subscribers: 
bid     | ,(11i;`)
quote   | ,(11i;`)
statsTab| ()

10:18:01.016 - Records Processed 67
10:18:01.016 - Current Subscribers: 
bid     | ,(11i;`)
quote   | ,(11i;`)
statsTab| ()

10:18:02.014 - Records Processed 67
10:18:02.015 - Current Subscribers: 
bid     | ,(11i;`)
quote   | ,(11i;`)
statsTab| ()

10:18:03.014 - Records Processed 67
10:18:03.014 - Current Subscribers: 
bid     | ,(11i;`)
quote   | ,(11i;`)
statsTab| ()

10:18:04.014 - Records Processed 67
10:18:04.015 - Current Subscribers: 
bid     | ,(11i;`)
quote   | ,(11i;`)
statsTab| ()

10:18:05.015 - Records Processed 67
10:18:05.015 - Current Subscribers: 
bid     | ,(11i;`)
quote   | ,(11i;`)
statsTab| ()

10:18:06.014 - Records Processed 67
10:18:06.015 - Current Subscribers: 
bid     | ,(11i;`)
quote   | ,(11i;`)
statsTab| ()

10:18:07.015 - Records Processed 67
10:18:07.015 - Current Subscribers: 
bid     | ,(11i;`)
quote   | ,(11i;`)
statsTab| ()

10:18:08.014 - Records Processed 67
10:18:08.015 - Current Subscribers: 
bid     | ,(11i;`)
quote   | ,(11i;`)
statsTab| ()

10:18:09.015 - Records Processed 67
10:18:09.015 - Current Subscribers: 
bid     | ,(11i;`)
quote   | ,(11i;`)
statsTab| ()

10:18:10.013 - Records Processed 67
10:18:10.013 - Current Subscribers: 
bid     | ,(11i;`)
quote   | ,(11i;`)
statsTab| ()

10:18:11.014 - Records Processed 67
10:18:11.014 - Current Subscribers: 
bid     | ,(11i;`)
quote   | ,(11i;`)
statsTab| ()

10:18:12.015 - Records Processed 67
10:18:12.015 - Current Subscribers: 
bid     | ,(11i;`)
quote   | ,(11i;`)
statsTab| ()

10:18:13.014 - Records Processed 67
10:18:13.014 - Current Subscribers: 
bid     | ,(11i;`)
quote   | ,(11i;`)
statsTab| ()

10:18:14.014 - Records Processed 67
10:18:14.014 - Current Subscribers: 
bid     | ,(11i;`)
quote   | ,(11i;`)
statsTab| ()

10:18:15.015 - Records Processed 67
10:18:15.016 - Current Subscribers: 
bid     | ,(11i;`)
quote   | ,(11i;`)
statsTab| ()

10:18:16.014 - Records Processed 67
10:18:16.014 - Current Subscribers: 
bid     | ,(11i;`)
quote   | ,(11i;`)
statsTab| ()

10:18:17.014 - Records Processed 67
10:18:17.015 - Current Subscribers: 
bid     | ,(11i;`)
quote   | ,(11i;`)
statsTab| ()

10:18:18.015 - Records Processed 67
10:18:18.016 - Current Subscribers: 
bid     | ,(11i;`)
quote   | ,(11i;`)
statsTab| ()

10:18:19.015 - Records Processed 67
10:18:19.015 - Current Subscribers: 
bid     | ,(11i;`)
quote   | ,(11i;`)
statsTab| ()

10:18:20.014 - Records Processed 67
10:18:20.014 - Current Subscribers: 
bid     | ,(11i;`)
quote   | ,(11i;`)
statsTab| ()

10:18:21.014 - Records Processed 67
10:18:21.015 - Current Subscribers: 
bid     | ,(11i;`)
quote   | ,(11i;`)
statsTab| ()

10:18:22.016 - Records Processed 67
10:18:22.016 - Current Subscribers: 
bid     | ,(11i;`)
quote   | ,(11i;`)
statsTab| ()

10:18:23.015 - Records Processed 67
10:18:23.015 - Current Subscribers: 
bid     | ,(11i;`)
quote   | ,(11i;`)
statsTab| ()

10:18:24.015 - Records Processed 67
10:18:24.015 - Current Subscribers: 
bid     | ,(11i;`)
quote   | ,(11i;`)
statsTab| ()

10:18:25.014 - Records Processed 67
10:18:25.014 - Current Subscribers: 
bid     | ,(11i;`)
quote   | ,(11i;`)
statsTab| ()

10:18:26.014 - Records Processed 67
10:18:26.015 - Current Subscribers: 
bid     | ,(11i;`)
quote   | ,(11i;`)
statsTab| ()

10:18:27.015 - Records Processed 67
10:18:27.015 - Current Subscribers: 
bid     | ,(11i;`)
quote   | ,(11i;`)
statsTab| ()

10:18:28.014 - Records Processed 67
10:18:28.014 - Current Subscribers: 
bid     | ,(11i;`)
quote   | ,(11i;`)
statsTab| ()

10:18:29.014 - Records Processed 67
10:18:29.015 - Current Subscribers: 
bid     | ,(11i;`)
quote   | ,(11i;`)
statsTab| ()

10:18:30.014 - Records Processed 67
10:18:30.014 - Current Subscribers: 
bid     | ,(11i;`)
quote   | ,(11i;`)
statsTab| ()

10:18:31.015 - Records Processed 67
10:18:31.015 - Current Subscribers: 
bid     | ,(11i;`)
quote   | ,(11i;`)
statsTab| ()

10:18:32.016 - Records Processed 67
10:18:32.016 - Current Subscribers: 
bid     | ,(11i;`)
quote   | ,(11i;`)
statsTab| ()

10:18:33.014 - Records Processed 67
10:18:33.014 - Current Subscribers: 
bid     | ,(11i;`)
quote   | ,(11i;`)
statsTab| ()

10:18:34.014 - Records Processed 67
10:18:34.014 - Current Subscribers: 
bid     | ,(11i;`)
quote   | ,(11i;`)
statsTab| ()

10:18:35.014 - Records Processed 67
10:18:35.014 - Current Subscribers: 
bid     | ,(11i;`)
quote   | ,(11i;`)
statsTab| ()

10:18:36.014 - Records Processed 67
10:18:36.015 - Current Subscribers: 
bid     | ,(11i;`)
quote   | ,(11i;`)
statsTab| ()

10:18:37.017 - Records Processed 67
10:18:37.017 - Current Subscribers: 
bid     | ,(11i;`)
quote   | ,(11i;`)
statsTab| ()

10:18:38.014 - Records Processed 67
10:18:38.014 - Current Subscribers: 
bid     | ,(11i;`)
quote   | ,(11i;`)
statsTab| ()

10:18:39.014 - Records Processed 67
10:18:39.015 - Current Subscribers: 
bid     | ,(11i;`)
quote   | ,(11i;`)
statsTab| ()

10:18:40.014 - Records Processed 67
10:18:40.015 - Current Subscribers: 
bid     | ,(11i;`)
quote   | ,(11i;`)
statsTab| ()

10:18:41.014 - Records Processed 67
10:18:41.015 - Current Subscribers: 
bid     | ,(11i;`)
quote   | ,(11i;`)
statsTab| ()

10:18:42.017 - Records Processed 67
10:18:42.017 - Current Subscribers: 
bid     | ,(11i;`)
quote   | ,(11i;`)
statsTab| ()

10:18:43.015 - Records Processed 67
10:18:43.015 - Current Subscribers: 
bid     | ,(11i;`)
quote   | ,(11i;`)
statsTab| ()

10:18:44.015 - Records Processed 67
10:18:44.015 - Current Subscribers: 
bid     | ,(11i;`)
quote   | ,(11i;`)
statsTab| ()

10:18:45.015 - Records Processed 67
10:18:45.015 - Current Subscribers: 
bid     | ,(11i;`)
quote   | ,(11i;`)
statsTab| ()

10:18:46.015 - Records Processed 67
10:18:46.015 - Current Subscribers: 
bid     | ,(11i;`)
quote   | ,(11i;`)
statsTab| ()

10:18:47.015 - Records Processed 67
10:18:47.015 - Current Subscribers: 
bid     | ,(11i;`)
quote   | ,(11i;`)
statsTab| ()

10:18:48.014 - Records Processed 67
10:18:48.014 - Current Subscribers: 
bid     | ,(11i;`)
quote   | ,(11i;`)
statsTab| ()

10:18:49.015 - Records Processed 67
10:18:49.015 - Current Subscribers: 
bid     | ,(11i;`)
quote   | ,(11i;`)
statsTab| ()

10:18:50.015 - Records Processed 67
10:18:50.015 - Current Subscribers: 
bid     | ,(11i;`)
quote   | ,(11i;`)
statsTab| ()

10:18:51.014 - Records Processed 67
10:18:51.015 - Current Subscribers: 
bid     | ,(11i;`)
quote   | ,(11i;`)
statsTab| ()

10:18:52.015 - Records Processed 67
10:18:52.015 - Current Subscribers: 
bid     | ,(11i;`)
quote   | ,(11i;`)
statsTab| ()

10:18:53.015 - Records Processed 67
10:18:53.015 - Current Subscribers: 
bid     | ,(11i;`)
quote   | ,(11i;`)
statsTab| ()

10:18:54.014 - Records Processed 67
10:18:54.015 - Current Subscribers: 
bid     | ,(11i;`)
quote   | ,(11i;`)
statsTab| ()

10:18:55.014 - Records Processed 67
10:18:55.014 - Current Subscribers: 
bid     | ,(11i;`)
quote   | ,(11i;`)
statsTab| ()

10:18:56.014 - Records Processed 67
10:18:56.014 - Current Subscribers: 
bid     | ,(11i;`)
quote   | ,(11i;`)
statsTab| ()

10:18:57.015 - Records Processed 67
10:18:57.016 - Current Subscribers: 
bid     | ,(11i;`)
quote   | ,(11i;`)
statsTab| ()

10:18:58.014 - Records Processed 67
10:18:58.015 - Current Subscribers: 
bid     | ,(11i;`)
quote   | ,(11i;`)
statsTab| ()

10:18:59.015 - Records Processed 67
10:18:59.015 - Current Subscribers: 
bid     | ,(11i;`)
quote   | ,(11i;`)
statsTab| ()

10:19:00.014 - Records Processed 67
10:19:00.014 - Current Subscribers: 
bid     | ,(11i;`)
quote   | ,(11i;`)
statsTab| ()

10:19:01.014 - Records Processed 67
10:19:01.014 - Current Subscribers: 
bid     | ,(11i;`)
quote   | ,(11i;`)
statsTab| ()

10:19:02.014 - Records Processed 67
10:19:02.015 - Current Subscribers: 
bid     | ,(11i;`)
quote   | ,(11i;`)
statsTab| ()

10:19:03.014 - Records Processed 67
10:19:03.015 - Current Subscribers: 
bid     | ,(11i;`)
quote   | ,(11i;`)
statsTab| ()

10:19:04.014 - Records Processed 67
10:19:04.014 - Current Subscribers: 
bid     | ,(11i;`)
quote   | ,(11i;`)
statsTab| ()

10:19:05.015 - Records Processed 67
10:19:05.015 - Current Subscribers: 
bid     | ,(11i;`)
quote   | ,(11i;`)
statsTab| ()

10:19:06.015 - Records Processed 67
10:19:06.015 - Current Subscribers: 
bid     | ,(11i;`)
quote   | ,(11i;`)
statsTab| ()

10:19:07.015 - Records Processed 67
10:19:07.015 - Current Subscribers: 
bid     | ,(11i;`)
quote   | ,(11i;`)
statsTab| ()

10:19:08.015 - Records Processed 67
10:19:08.015 - Current Subscribers: 
bid     | ,(11i;`)
quote   | ,(11i;`)
statsTab| ()

10:19:09.015 - Records Processed 67
10:19:09.015 - Current Subscribers: 
bid     | ,(11i;`)
quote   | ,(11i;`)
statsTab| ()

10:19:10.014 - Records Processed 67
10:19:10.015 - Current Subscribers: 
bid     | ,(11i;`)
quote   | ,(11i;`)
statsTab| ()

10:19:11.014 - Records Processed 67
10:19:11.015 - Current Subscribers: 
bid     | ,(11i;`)
quote   | ,(11i;`)
statsTab| ()

10:19:12.014 - Records Processed 67
10:19:12.014 - Current Subscribers: 
bid     | ,(11i;`)
quote   | ,(11i;`)
statsTab| ()

10:19:13.014 - Records Processed 67
10:19:13.014 - Current Subscribers: 
bid     | ,(11i;`)
quote   | ,(11i;`)
statsTab| ()

10:19:14.013 - Records Processed 67
10:19:14.014 - Current Subscribers: 
bid     | ,(11i;`)
quote   | ,(11i;`)
statsTab| ()

10:19:15.015 - Records Processed 67
10:19:15.015 - Current Subscribers: 
bid     | ,(11i;`)
quote   | ,(11i;`)
statsTab| ()

10:19:16.014 - Records Processed 67
10:19:16.015 - Current Subscribers: 
bid     | ,(11i;`)
quote   | ,(11i;`)
statsTab| ()

10:19:17.015 - Records Processed 67
10:19:17.016 - Current Subscribers: 
bid     | ,(11i;`)
quote   | ,(11i;`)
statsTab| ()

10:19:18.014 - Records Processed 67
10:19:18.015 - Current Subscribers: 
bid     | ,(11i;`)
quote   | ,(11i;`)
statsTab| ()

10:19:19.013 - Records Processed 67
10:19:19.013 - Current Subscribers: 
bid     | ,(11i;`)
quote   | ,(11i;`)
statsTab| ()

10:19:20.014 - Records Processed 67
10:19:20.015 - Current Subscribers: 
bid     | ,(11i;`)
quote   | ,(11i;`)
statsTab| ()

10:19:21.014 - Records Processed 67
10:19:21.015 - Current Subscribers: 
bid     | ,(11i;`)
quote   | ,(11i;`)
statsTab| ()

10:19:22.016 - Records Processed 67
10:19:22.016 - Current Subscribers: 
bid     | ,(11i;`)
quote   | ,(11i;`)
statsTab| ()

10:19:23.015 - Records Processed 67
10:19:23.015 - Current Subscribers: 
bid     | ,(11i;`)
quote   | ,(11i;`)
statsTab| ()

10:19:24.015 - Records Processed 67
10:19:24.015 - Current Subscribers: 
bid     | ,(11i;`)
quote   | ,(11i;`)
statsTab| ()

10:19:25.014 - Records Processed 67
10:19:25.015 - Current Subscribers: 
bid     | ,(11i;`)
quote   | ,(11i;`)
statsTab| ()

10:19:26.014 - Records Processed 67
10:19:26.015 - Current Subscribers: 
bid     | ,(11i;`)
quote   | ,(11i;`)
statsTab| ()

10:19:27.015 - Records Processed 67
10:19:27.015 - Current Subscribers: 
bid     | ,(11i;`)
quote   | ,(11i;`)
statsTab| ()

10:19:28.015 - Records Processed 67
10:19:28.016 - Current Subscribers: 
bid     | ,(11i;`)
quote   | ,(11i;`)
statsTab| ()

10:19:29.015 - Records Processed 67
10:19:29.015 - Current Subscribers: 
bid     | ,(11i;`)
quote   | ,(11i;`)
statsTab| ()

10:19:30.014 - Records Processed 67
10:19:30.015 - Current Subscribers: 
bid     | ,(11i;`)
quote   | ,(11i;`)
statsTab| ()

10:19:31.015 - Records Processed 67
10:19:31.016 - Current Subscribers: 
bid     | ,(11i;`)
quote   | ,(11i;`)
statsTab| ()

10:19:32.014 - Records Processed 67
10:19:32.014 - Current Subscribers: 
bid     | ,(11i;`)
quote   | ,(11i;`)
statsTab| ()

10:19:33.014 - Records Processed 67
10:19:33.014 - Current Subscribers: 
bid     | ,(11i;`)
quote   | ,(11i;`)
statsTab| ()

10:19:34.014 - Records Processed 67
10:19:34.014 - Current Subscribers: 
bid     | ,(11i;`)
quote   | ,(11i;`)
statsTab| ()

10:19:35.014 - Records Processed 67
10:19:35.014 - Current Subscribers: 
bid     | ,(11i;`)
quote   | ,(11i;`)
statsTab| ()

10:19:36.014 - Records Processed 67
10:19:36.014 - Current Subscribers: 
bid     | ,(11i;`)
quote   | ,(11i;`)
statsTab| ()

10:19:37.015 - Records Processed 67
10:19:37.015 - Current Subscribers: 
bid     | ,(11i;`)
quote   | ,(11i;`)
statsTab| ()

10:19:38.013 - Records Processed 67
10:19:38.013 - Current Subscribers: 
bid     | ,(11i;`)
quote   | ,(11i;`)
statsTab| ()

10:19:39.015 - Records Processed 67
10:19:39.015 - Current Subscribers: 
bid     | ,(11i;`)
quote   | ,(11i;`)
statsTab| ()

10:19:40.014 - Records Processed 67
10:19:40.015 - Current Subscribers: 
bid     | ,(11i;`)
quote   | ,(11i;`)
statsTab| ()

10:19:41.015 - Records Processed 67
10:19:41.015 - Current Subscribers: 
bid     | ,(11i;`)
quote   | ,(11i;`)
statsTab| ()

10:19:42.014 - Records Processed 67
10:19:42.014 - Current Subscribers: 
bid     | ,(11i;`)
quote   | ,(11i;`)
statsTab| ()

10:19:43.014 - Records Processed 67
10:19:43.015 - Current Subscribers: 
bid     | ,(11i;`)
quote   | ,(11i;`)
statsTab| ()

10:19:44.015 - Records Processed 67
10:19:44.016 - Current Subscribers: 
bid     | ,(11i;`)
quote   | ,(11i;`)
statsTab| ()

10:19:45.016 - Records Processed 67
10:19:45.016 - Current Subscribers: 
bid     | ,(11i;`)
quote   | ,(11i;`)
statsTab| ()

10:19:46.015 - Records Processed 67
10:19:46.015 - Current Subscribers: 
bid     | ,(11i;`)
quote   | ,(11i;`)
statsTab| ()

10:19:47.014 - Records Processed 67
10:19:47.014 - Current Subscribers: 
bid     | ,(11i;`)
quote   | ,(11i;`)
statsTab| ()

10:19:48.014 - Records Processed 67
10:19:48.014 - Current Subscribers: 
bid     | ,(11i;`)
quote   | ,(11i;`)
statsTab| ()

10:19:49.015 - Records Processed 67
10:19:49.015 - Current Subscribers: 
bid     | ,(11i;`)
quote   | ,(11i;`)
statsTab| ()

10:19:50.015 - Records Processed 67
10:19:50.015 - Current Subscribers: 
bid     | ,(11i;`)
quote   | ,(11i;`)
statsTab| ()

10:19:51.015 - Records Processed 67
10:19:51.016 - Current Subscribers: 
bid     | ,(11i;`)
quote   | ,(11i;`)
statsTab| ()

10:19:52.015 - Records Processed 67
10:19:52.015 - Current Subscribers: 
bid     | ,(11i;`)
quote   | ,(11i;`)
statsTab| ()

10:19:53.012 - Records Processed 67
10:19:53.013 - Current Subscribers: 
bid     | ,(11i;`)
quote   | ,(11i;`)
statsTab| ()

10:19:54.015 - Records Processed 67
10:19:54.015 - Current Subscribers: 
bid     | ,(11i;`)
quote   | ,(11i;`)
statsTab| ()

10:19:55.016 - Records Processed 67
10:19:55.016 - Current Subscribers: 
bid     | ,(11i;`)
quote   | ,(11i;`)
statsTab| ()

10:19:56.014 - Records Processed 67
10:19:56.014 - Current Subscribers: 
bid     | ,(11i;`)
quote   | ,(11i;`)
statsTab| ()

10:19:57.014 - Records Processed 67
10:19:57.014 - Current Subscribers: 
bid     | ,(11i;`)
quote   | ,(11i;`)
statsTab| ()

10:19:58.015 - Records Processed 67
10:19:58.016 - Current Subscribers: 
bid     | ,(11i;`)
quote   | ,(11i;`)
statsTab| ()

10:19:59.014 - Records Processed 67
10:19:59.014 - Current Subscribers: 
bid     | ,(11i;`)
quote   | ,(11i;`)
statsTab| ()

10:20:00.013 - Records Processed 67
10:20:00.013 - Current Subscribers: 
bid     | ,(11i;`)
quote   | ,(11i;`)
statsTab| ()

10:20:01.014 - Records Processed 67
10:20:01.014 - Current Subscribers: 
bid     | ,(11i;`)
quote   | ,(11i;`)
statsTab| ()

10:20:02.015 - Records Processed 67
10:20:02.015 - Current Subscribers: 
bid     | ,(11i;`)
quote   | ,(11i;`)
statsTab| ()

10:20:03.014 - Records Processed 67
10:20:03.014 - Current Subscribers: 
bid     | ,(11i;`)
quote   | ,(11i;`)
statsTab| ()

10:20:04.015 - Records Processed 67
10:20:04.015 - Current Subscribers: 
bid     | ,(11i;`)
quote   | ,(11i;`)
statsTab| ()

10:20:05.014 - Records Processed 67
10:20:05.014 - Current Subscribers: 
bid     | ,(11i;`)
quote   | ,(11i;`)
statsTab| ()

10:20:06.015 - Records Processed 67
10:20:06.015 - Current Subscribers: 
bid     | ,(11i;`)
quote   | ,(11i;`)
statsTab| ()

10:20:07.013 - Records Processed 67
10:20:07.013 - Current Subscribers: 
bid     | ,(11i;`)
quote   | ,(11i;`)
statsTab| ()

10:20:08.014 - Records Processed 67
10:20:08.014 - Current Subscribers: 
bid     | ,(11i;`)
quote   | ,(11i;`)
statsTab| ()

10:20:09.014 - Records Processed 67
10:20:09.014 - Current Subscribers: 
bid     | ,(11i;`)
quote   | ,(11i;`)
statsTab| ()

10:20:10.014 - Records Processed 67
10:20:10.015 - Current Subscribers: 
bid     | ,(11i;`)
quote   | ,(11i;`)
statsTab| ()

10:20:11.014 - Records Processed 67
10:20:11.014 - Current Subscribers: 
bid     | ,(11i;`)
quote   | ,(11i;`)
statsTab| ()

10:20:12.015 - Records Processed 67
10:20:12.015 - Current Subscribers: 
bid     | ,(11i;`)
quote   | ,(11i;`)
statsTab| ()

10:20:13.015 - Records Processed 67
10:20:13.015 - Current Subscribers: 
bid     | ,(11i;`)
quote   | ,(11i;`)
statsTab| ()

10:20:14.014 - Records Processed 67
10:20:14.014 - Current Subscribers: 
bid     | 
quote   | 
statsTab| 

10:20:15.016 - Records Processed 67
10:20:15.016 - Current Subscribers: 
bid     | 
quote   | 
statsTab| 

10:20:16.013 - Records Processed 67
10:20:16.014 - Current Subscribers: 
bid     | 
quote   | 
statsTab| 

10:20:17.014 - Records Processed 67
10:20:17.014 - Current Subscribers: 
bid     | 
quote   | 
statsTab| 

10:20:18.014 - Records Processed 67
10:20:18.014 - Current Subscribers: 
bid     | 
quote   | 
statsTab| 

10:20:19.014 - Records Processed 67
10:20:19.015 - Current Subscribers: 
bid     | 
quote   | 
statsTab| 

10:20:20.015 - Records Processed 67
10:20:20.015 - Current Subscribers: 
bid     | 
quote   | 
statsTab| 

10:20:21.014 - Records Processed 67
10:20:21.014 - Current Subscribers: 
bid     | 
quote   | 
statsTab| 

10:20:22.014 - Records Processed 67
10:20:22.014 - Current Subscribers: 
bid     | 
quote   | 
statsTab| 

10:20:23.014 - Records Processed 67
10:20:23.014 - Current Subscribers: 
bid     | 
quote   | 
statsTab| 

10:20:24.015 - Records Processed 67
10:20:24.015 - Current Subscribers: 
bid     | 
quote   | 
statsTab| 

