13:59:06.432 - Records Processed 177
13:59:06.432 - Current Subscribers: 
bid     | 
quote   | 
statsTab| 

13:59:07.433 - Records Processed 177
13:59:07.433 - Current Subscribers: 
bid     | 
quote   | 
statsTab| 

13:59:08.407 - Records Processed 177
13:59:08.407 - Current Subscribers: 
bid     | 
quote   | 
statsTab| 

13:59:09.408 - Records Processed 178
13:59:09.408 - Current Subscribers: 
bid     | 
quote   | 
statsTab| 

13:59:10.408 - Records Processed 179
13:59:10.408 - Current Subscribers: 
bid     | 
quote   | 
statsTab| 

13:59:11.408 - Records Processed 180
13:59:11.408 - Current Subscribers: 
bid     | 
quote   | 
statsTab| 

13:59:12.408 - Records Processed 181
13:59:12.408 - Current Subscribers: 
bid     | 
quote   | 
statsTab| 

13:59:13.407 - Records Processed 182
13:59:13.407 - Current Subscribers: 
bid     | ()
quote   | ()
statsTab| ,(9i;`)

13:59:14.408 - Records Processed 183
13:59:14.408 - Current Subscribers: 
bid     | ()
quote   | ()
statsTab| ,(9i;`)

13:59:15.407 - Records Processed 184
13:59:15.407 - Current Subscribers: 
bid     | ()
quote   | ()
statsTab| ,(9i;`)

13:59:16.407 - Records Processed 185
13:59:16.408 - Current Subscribers: 
bid     | ()
quote   | ()
statsTab| ,(9i;`)

13:59:17.409 - Records Processed 186
13:59:17.409 - Current Subscribers: 
bid     | ()
quote   | ()
statsTab| ,(9i;`)

13:59:18.407 - Records Processed 187
13:59:18.407 - Current Subscribers: 
bid     | ()
quote   | ()
statsTab| ,(9i;`)

13:59:19.407 - Records Processed 188
13:59:19.407 - Current Subscribers: 
bid     | 11i `
quote   | 11i `
statsTab| 9i ` 

13:59:20.407 - Records Processed 189
13:59:20.407 - Current Subscribers: 
bid     | 11i `
quote   | 11i `
statsTab| 9i ` 

13:59:21.407 - Records Processed 190
13:59:21.407 - Current Subscribers: 
bid     | ()
quote   | ()
statsTab| ,(9i;`)

13:59:22.408 - Records Processed 191
13:59:22.408 - Current Subscribers: 
bid     | ()
quote   | ()
statsTab| ,(9i;`)

13:59:23.408 - Records Processed 192
13:59:23.408 - Current Subscribers: 
bid     | ()
quote   | ()
statsTab| ,(9i;`)

13:59:24.408 - Records Processed 193
13:59:24.408 - Current Subscribers: 
bid     | ()
quote   | ()
statsTab| ,(9i;`)

13:59:25.408 - Records Processed 194
13:59:25.409 - Current Subscribers: 
bid     | ()
quote   | ()
statsTab| ,(9i;`)

13:59:26.407 - Records Processed 195
13:59:26.407 - Current Subscribers: 
bid     | ()
quote   | ()
statsTab| ,(9i;`)

13:59:27.408 - Records Processed 196
13:59:27.409 - Current Subscribers: 
bid     | ()
quote   | ()
statsTab| ,(9i;`)

13:59:28.408 - Records Processed 197
13:59:28.408 - Current Subscribers: 
bid     | ()
quote   | ()
statsTab| ,(9i;`)

13:59:29.407 - Records Processed 198
13:59:29.407 - Current Subscribers: 
bid     | 
quote   | 
statsTab| 

13:59:30.409 - Records Processed 199
13:59:30.409 - Current Subscribers: 
bid     | 
quote   | 
statsTab| 

13:59:31.434 - Records Processed 200
13:59:31.434 - Current Subscribers: 
bid     | 
quote   | 
statsTab| 

13:59:32.434 - Records Processed 200
13:59:32.434 - Current Subscribers: 
bid     | 
quote   | 
statsTab| 

