05:49:19.174 - Records Processed 0
05:49:19.175 - Current Subscribers: 
bid     | 
quote   | 
statsTab| 

05:49:20.177 - Records Processed 0
05:49:20.177 - Current Subscribers: 
bid     | 
quote   | 
statsTab| 

05:49:21.175 - Records Processed 0
05:49:21.175 - Current Subscribers: 
bid     | 
quote   | 
statsTab| 

05:49:22.176 - Records Processed 0
05:49:22.177 - Current Subscribers: 
bid     | 
quote   | 
statsTab| 

05:49:23.176 - Records Processed 1
05:49:23.176 - Current Subscribers: 
bid     | 
quote   | 
statsTab| 

05:49:24.176 - Records Processed 2
05:49:24.177 - Current Subscribers: 
bid     | 
quote   | 
statsTab| 

05:49:25.176 - Records Processed 3
05:49:25.176 - Current Subscribers: 
bid     | 
quote   | 
statsTab| 

05:49:26.176 - Records Processed 4
05:49:26.176 - Current Subscribers: 
bid     | 
quote   | 
statsTab| 

05:49:27.176 - Records Processed 5
05:49:27.176 - Current Subscribers: 
bid     | 
quote   | 
statsTab| 

05:49:28.175 - Records Processed 5
05:49:28.175 - Current Subscribers: 
bid     | 
quote   | 
statsTab| 

05:49:29.177 - Records Processed 5
05:49:29.178 - Current Subscribers: 
bid     | 
quote   | 
statsTab| 

05:49:30.176 - Records Processed 5
05:49:30.176 - Current Subscribers: 
bid     | ()
quote   | ()
statsTab| ,(8i;`)

05:49:31.179 - Records Processed 5
05:49:31.180 - Current Subscribers: 
bid     | ()
quote   | ()
statsTab| ,(8i;`)

05:49:32.177 - Records Processed 5
05:49:32.178 - Current Subscribers: 
bid     | 9i `
quote   | 9i `
statsTab| 8i `

05:49:33.178 - Records Processed 5
05:49:33.179 - Current Subscribers: 
bid     | 9i `
quote   | 9i `
statsTab| 8i `

05:49:34.177 - Records Processed 5
05:49:34.178 - Current Subscribers: 
bid     | 9i `
quote   | 9i `
statsTab| 8i `

05:49:35.177 - Records Processed 5
05:49:35.177 - Current Subscribers: 
bid     | 9i `
quote   | 9i `
statsTab| 8i `

05:49:36.177 - Records Processed 5
05:49:36.182 - Current Subscribers: 
bid     | 9i `
quote   | 9i `
statsTab| 8i `

05:49:37.182 - Records Processed 5
05:49:37.183 - Current Subscribers: 
bid     | 9i `
quote   | 9i `
statsTab| 8i `

05:49:38.178 - Records Processed 5
05:49:38.179 - Current Subscribers: 
bid     | 9i `
quote   | 9i `
statsTab| 8i `

05:49:39.175 - Records Processed 5
05:49:39.175 - Current Subscribers: 
bid     | 9i `
quote   | 9i `
statsTab| 8i `

05:49:40.175 - Records Processed 5
05:49:40.176 - Current Subscribers: 
bid     | ((9i;`);(10i;`))
quote   | ((9i;`);(10i;`))
statsTab| ,(8i;`)

05:49:41.177 - Records Processed 5
05:49:41.178 - Current Subscribers: 
bid     | ((9i;`);(10i;`))
quote   | ((9i;`);(10i;`))
statsTab| ,(8i;`)

05:49:42.177 - Records Processed 5
05:49:42.177 - Current Subscribers: 
bid     | ((9i;`);(10i;`))
quote   | ((9i;`);(10i;`))
statsTab| ,(8i;`)

05:49:43.175 - Records Processed 5
05:49:43.177 - Current Subscribers: 
bid     | ((9i;`);(10i;`))
quote   | ((9i;`);(10i;`))
statsTab| ,(8i;`)

05:49:44.177 - Records Processed 5
05:49:44.179 - Current Subscribers: 
bid     | ((9i;`);(10i;`))
quote   | ((9i;`);(10i;`))
statsTab| ,(8i;`)

05:49:45.178 - Records Processed 5
05:49:45.178 - Current Subscribers: 
bid     | ((9i;`);(10i;`))
quote   | ((9i;`);(10i;`))
statsTab| ,(8i;`)

05:49:46.176 - Records Processed 5
05:49:46.178 - Current Subscribers: 
bid     | ((9i;`);(10i;`))
quote   | ((9i;`);(10i;`))
statsTab| ,(8i;`)

05:49:47.177 - Records Processed 5
05:49:47.177 - Current Subscribers: 
bid     | ((9i;`);(10i;`))
quote   | ((9i;`);(10i;`))
statsTab| ,(8i;`)

05:49:48.175 - Records Processed 5
05:49:48.182 - Current Subscribers: 
bid     | ((9i;`);(10i;`))
quote   | ((9i;`);(10i;`))
statsTab| ,(8i;`)

05:49:49.183 - Records Processed 5
05:49:49.184 - Current Subscribers: 
bid     | ((9i;`);(10i;`))
quote   | ((9i;`);(10i;`))
statsTab| ,(8i;`)

05:49:50.177 - Records Processed 5
05:49:50.178 - Current Subscribers: 
bid     | ((9i;`);(10i;`))
quote   | ((9i;`);(10i;`))
statsTab| ,(8i;`)

05:49:51.178 - Records Processed 5
05:49:51.178 - Current Subscribers: 
bid     | ((9i;`);(10i;`))
quote   | ((9i;`);(10i;`))
statsTab| ,(8i;`)

05:49:52.176 - Records Processed 5
05:49:52.177 - Current Subscribers: 
bid     | ((9i;`);(10i;`))
quote   | ((9i;`);(10i;`))
statsTab| ,(8i;`)

05:49:53.177 - Records Processed 5
05:49:53.177 - Current Subscribers: 
bid     | ((9i;`);(10i;`))
quote   | ((9i;`);(10i;`))
statsTab| ,(8i;`)

05:49:54.177 - Records Processed 5
05:49:54.177 - Current Subscribers: 
bid     | ((9i;`);(10i;`))
quote   | ((9i;`);(10i;`))
statsTab| ,(8i;`)

05:49:55.177 - Records Processed 5
05:49:55.177 - Current Subscribers: 
bid     | ((9i;`);(10i;`))
quote   | ((9i;`);(10i;`))
statsTab| ,(8i;`)

05:49:56.177 - Records Processed 5
05:49:56.178 - Current Subscribers: 
bid     | ((9i;`);(10i;`))
quote   | ((9i;`);(10i;`))
statsTab| ,(8i;`)

05:49:57.178 - Records Processed 5
05:49:57.178 - Current Subscribers: 
bid     | ((9i;`);(10i;`))
quote   | ((9i;`);(10i;`))
statsTab| ,(8i;`)

05:49:58.176 - Records Processed 5
05:49:58.177 - Current Subscribers: 
bid     | ((9i;`);(10i;`))
quote   | ((9i;`);(10i;`))
statsTab| ,(8i;`)

05:49:59.177 - Records Processed 5
05:49:59.178 - Current Subscribers: 
bid     | ((9i;`);(10i;`))
quote   | ((9i;`);(10i;`))
statsTab| ,(8i;`)

05:50:00.176 - Records Processed 5
05:50:00.177 - Current Subscribers: 
bid     | ((9i;`);(10i;`))
quote   | ((9i;`);(10i;`))
statsTab| ,(8i;`)

05:50:01.177 - Records Processed 5
05:50:01.178 - Current Subscribers: 
bid     | ((9i;`);(10i;`))
quote   | ((9i;`);(10i;`))
statsTab| ,(8i;`)

05:50:02.178 - Records Processed 5
05:50:02.178 - Current Subscribers: 
bid     | ((9i;`);(10i;`))
quote   | ((9i;`);(10i;`))
statsTab| ,(8i;`)

05:50:03.177 - Records Processed 5
05:50:03.177 - Current Subscribers: 
bid     | ((9i;`);(10i;`))
quote   | ((9i;`);(10i;`))
statsTab| ,(8i;`)

05:50:04.176 - Records Processed 5
05:50:04.177 - Current Subscribers: 
bid     | ((9i;`);(10i;`))
quote   | ((9i;`);(10i;`))
statsTab| ,(8i;`)

05:50:05.178 - Records Processed 5
05:50:05.178 - Current Subscribers: 
bid     | ((9i;`);(10i;`))
quote   | ((9i;`);(10i;`))
statsTab| ,(8i;`)

05:50:06.177 - Records Processed 5
05:50:06.178 - Current Subscribers: 
bid     | ((9i;`);(10i;`))
quote   | ((9i;`);(10i;`))
statsTab| ,(8i;`)

05:50:07.177 - Records Processed 5
05:50:07.178 - Current Subscribers: 
bid     | ((9i;`);(10i;`))
quote   | ((9i;`);(10i;`))
statsTab| ,(8i;`)

05:50:08.176 - Records Processed 5
05:50:08.177 - Current Subscribers: 
bid     | ((9i;`);(10i;`))
quote   | ((9i;`);(10i;`))
statsTab| ,(8i;`)

05:50:09.177 - Records Processed 5
05:50:09.178 - Current Subscribers: 
bid     | ((9i;`);(10i;`))
quote   | ((9i;`);(10i;`))
statsTab| ,(8i;`)

05:50:10.177 - Records Processed 5
05:50:10.178 - Current Subscribers: 
bid     | ((9i;`);(10i;`))
quote   | ((9i;`);(10i;`))
statsTab| ,(8i;`)

05:50:11.176 - Records Processed 5
05:50:11.177 - Current Subscribers: 
bid     | ((9i;`);(10i;`))
quote   | ((9i;`);(10i;`))
statsTab| ,(8i;`)

05:50:12.176 - Records Processed 5
05:50:12.177 - Current Subscribers: 
bid     | ((9i;`);(10i;`))
quote   | ((9i;`);(10i;`))
statsTab| ,(8i;`)

05:50:13.176 - Records Processed 5
05:50:13.177 - Current Subscribers: 
bid     | ((9i;`);(10i;`))
quote   | ((9i;`);(10i;`))
statsTab| ,(8i;`)

05:50:14.177 - Records Processed 5
05:50:14.177 - Current Subscribers: 
bid     | ((9i;`);(10i;`))
quote   | ((9i;`);(10i;`))
statsTab| ,(8i;`)

05:50:15.177 - Records Processed 5
05:50:15.177 - Current Subscribers: 
bid     | ((9i;`);(10i;`))
quote   | ((9i;`);(10i;`))
statsTab| ,(8i;`)

05:50:16.177 - Records Processed 5
05:50:16.178 - Current Subscribers: 
bid     | ((9i;`);(10i;`))
quote   | ((9i;`);(10i;`))
statsTab| ,(8i;`)

05:50:17.178 - Records Processed 5
05:50:17.179 - Current Subscribers: 
bid     | ((9i;`);(10i;`))
quote   | ((9i;`);(10i;`))
statsTab| ,(8i;`)

05:50:18.177 - Records Processed 5
05:50:18.178 - Current Subscribers: 
bid     | ((9i;`);(10i;`))
quote   | ((9i;`);(10i;`))
statsTab| ,(8i;`)

05:50:19.177 - Records Processed 5
05:50:19.178 - Current Subscribers: 
bid     | ((9i;`);(10i;`))
quote   | ((9i;`);(10i;`))
statsTab| ,(8i;`)

05:50:20.177 - Records Processed 5
05:50:20.178 - Current Subscribers: 
bid     | ((9i;`);(10i;`))
quote   | ((9i;`);(10i;`))
statsTab| ,(8i;`)

05:50:21.178 - Records Processed 5
05:50:21.179 - Current Subscribers: 
bid     | ((9i;`);(10i;`))
quote   | ((9i;`);(10i;`))
statsTab| ,(8i;`)

05:50:22.185 - Records Processed 5
05:50:22.185 - Current Subscribers: 
bid     | ((9i;`);(10i;`))
quote   | ((9i;`);(10i;`))
statsTab| ,(8i;`)

05:50:23.176 - Records Processed 5
05:50:23.177 - Current Subscribers: 
bid     | ((9i;`);(10i;`))
quote   | ((9i;`);(10i;`))
statsTab| ,(8i;`)

05:50:24.177 - Records Processed 5
05:50:24.177 - Current Subscribers: 
bid     | ((9i;`);(10i;`))
quote   | ((9i;`);(10i;`))
statsTab| ,(8i;`)

05:50:25.177 - Records Processed 5
05:50:25.178 - Current Subscribers: 
bid     | ((9i;`);(10i;`))
quote   | ((9i;`);(10i;`))
statsTab| ,(8i;`)

05:50:26.178 - Records Processed 5
05:50:26.179 - Current Subscribers: 
bid     | ((9i;`);(10i;`))
quote   | ((9i;`);(10i;`))
statsTab| ,(8i;`)

05:50:27.178 - Records Processed 5
05:50:27.179 - Current Subscribers: 
bid     | ((9i;`);(10i;`))
quote   | ((9i;`);(10i;`))
statsTab| ,(8i;`)

05:50:28.176 - Records Processed 5
05:50:28.177 - Current Subscribers: 
bid     | ((9i;`);(10i;`))
quote   | ((9i;`);(10i;`))
statsTab| ,(8i;`)

05:50:29.176 - Records Processed 5
05:50:29.177 - Current Subscribers: 
bid     | ((9i;`);(10i;`))
quote   | ((9i;`);(10i;`))
statsTab| ,(8i;`)

05:50:30.178 - Records Processed 5
05:50:30.179 - Current Subscribers: 
bid     | ((9i;`);(10i;`))
quote   | ((9i;`);(10i;`))
statsTab| ,(8i;`)

05:50:31.177 - Records Processed 5
05:50:31.178 - Current Subscribers: 
bid     | ((9i;`);(10i;`))
quote   | ((9i;`);(10i;`))
statsTab| ,(8i;`)

05:50:32.176 - Records Processed 5
05:50:32.176 - Current Subscribers: 
bid     | ((9i;`);(10i;`))
quote   | ((9i;`);(10i;`))
statsTab| ,(8i;`)

05:50:33.177 - Records Processed 5
05:50:33.177 - Current Subscribers: 
bid     | ((9i;`);(10i;`))
quote   | ((9i;`);(10i;`))
statsTab| ,(8i;`)

05:50:34.178 - Records Processed 5
05:50:34.179 - Current Subscribers: 
bid     | ((9i;`);(10i;`))
quote   | ((9i;`);(10i;`))
statsTab| ,(8i;`)

05:50:35.177 - Records Processed 5
05:50:35.178 - Current Subscribers: 
bid     | ((9i;`);(10i;`))
quote   | ((9i;`);(10i;`))
statsTab| ,(8i;`)

05:50:36.177 - Records Processed 5
05:50:36.177 - Current Subscribers: 
bid     | ((9i;`);(10i;`))
quote   | ((9i;`);(10i;`))
statsTab| ,(8i;`)

05:50:37.177 - Records Processed 5
05:50:37.178 - Current Subscribers: 
bid     | ((9i;`);(10i;`))
quote   | ((9i;`);(10i;`))
statsTab| ,(8i;`)

05:50:38.177 - Records Processed 5
05:50:38.178 - Current Subscribers: 
bid     | ((9i;`);(10i;`))
quote   | ((9i;`);(10i;`))
statsTab| ,(8i;`)

05:50:39.177 - Records Processed 5
05:50:39.177 - Current Subscribers: 
bid     | ((9i;`);(10i;`))
quote   | ((9i;`);(10i;`))
statsTab| ,(8i;`)

05:50:40.177 - Records Processed 5
05:50:40.178 - Current Subscribers: 
bid     | ((9i;`);(10i;`))
quote   | ((9i;`);(10i;`))
statsTab| ,(8i;`)

05:50:41.178 - Records Processed 5
05:50:41.178 - Current Subscribers: 
bid     | ((9i;`);(10i;`))
quote   | ((9i;`);(10i;`))
statsTab| ,(8i;`)

05:50:42.177 - Records Processed 5
05:50:42.178 - Current Subscribers: 
bid     | ((9i;`);(10i;`))
quote   | ((9i;`);(10i;`))
statsTab| ,(8i;`)

05:50:43.177 - Records Processed 5
05:50:43.178 - Current Subscribers: 
bid     | ((9i;`);(10i;`))
quote   | ((9i;`);(10i;`))
statsTab| ,(8i;`)

05:50:44.177 - Records Processed 5
05:50:44.178 - Current Subscribers: 
bid     | ((9i;`);(10i;`))
quote   | ((9i;`);(10i;`))
statsTab| ,(8i;`)

05:50:45.177 - Records Processed 5
05:50:45.178 - Current Subscribers: 
bid     | ((9i;`);(10i;`))
quote   | ((9i;`);(10i;`))
statsTab| ,(8i;`)

05:50:46.178 - Records Processed 5
05:50:46.178 - Current Subscribers: 
bid     | ((9i;`);(10i;`))
quote   | ((9i;`);(10i;`))
statsTab| ,(8i;`)

05:50:47.177 - Records Processed 5
05:50:47.177 - Current Subscribers: 
bid     | ((9i;`);(10i;`))
quote   | ((9i;`);(10i;`))
statsTab| ,(8i;`)

05:50:48.176 - Records Processed 5
05:50:48.177 - Current Subscribers: 
bid     | ((9i;`);(10i;`))
quote   | ((9i;`);(10i;`))
statsTab| ,(8i;`)

05:50:49.177 - Records Processed 5
05:50:49.178 - Current Subscribers: 
bid     | ((9i;`);(10i;`))
quote   | ((9i;`);(10i;`))
statsTab| ,(8i;`)

05:50:50.178 - Records Processed 5
05:50:50.179 - Current Subscribers: 
bid     | ((9i;`);(10i;`))
quote   | ((9i;`);(10i;`))
statsTab| ,(8i;`)

05:50:51.179 - Records Processed 5
05:50:51.179 - Current Subscribers: 
bid     | ((9i;`);(10i;`))
quote   | ((9i;`);(10i;`))
statsTab| ,(8i;`)

05:50:52.177 - Records Processed 5
05:50:52.177 - Current Subscribers: 
bid     | ((9i;`);(10i;`))
quote   | ((9i;`);(10i;`))
statsTab| ,(8i;`)

05:50:53.176 - Records Processed 5
05:50:53.177 - Current Subscribers: 
bid     | ((9i;`);(10i;`))
quote   | ((9i;`);(10i;`))
statsTab| ,(8i;`)

05:50:54.177 - Records Processed 5
05:50:54.178 - Current Subscribers: 
bid     | ((9i;`);(10i;`))
quote   | ((9i;`);(10i;`))
statsTab| ,(8i;`)

05:50:55.178 - Records Processed 5
05:50:55.179 - Current Subscribers: 
bid     | ((9i;`);(10i;`))
quote   | ((9i;`);(10i;`))
statsTab| ,(8i;`)

05:50:56.177 - Records Processed 5
05:50:56.177 - Current Subscribers: 
bid     | ((9i;`);(10i;`))
quote   | ((9i;`);(10i;`))
statsTab| ,(8i;`)

05:50:57.177 - Records Processed 5
05:50:57.177 - Current Subscribers: 
bid     | ((9i;`);(10i;`))
quote   | ((9i;`);(10i;`))
statsTab| ,(8i;`)

05:50:58.177 - Records Processed 5
05:50:58.178 - Current Subscribers: 
bid     | ((9i;`);(10i;`))
quote   | ((9i;`);(10i;`))
statsTab| ,(8i;`)

05:50:59.177 - Records Processed 5
05:50:59.178 - Current Subscribers: 
bid     | ((9i;`);(10i;`))
quote   | ((9i;`);(10i;`))
statsTab| ,(8i;`)

05:51:00.178 - Records Processed 5
05:51:00.178 - Current Subscribers: 
bid     | ((9i;`);(10i;`))
quote   | ((9i;`);(10i;`))
statsTab| ,(8i;`)

05:51:01.177 - Records Processed 5
05:51:01.178 - Current Subscribers: 
bid     | ((9i;`);(10i;`))
quote   | ((9i;`);(10i;`))
statsTab| ,(8i;`)

05:51:02.178 - Records Processed 5
05:51:02.178 - Current Subscribers: 
bid     | ((9i;`);(10i;`))
quote   | ((9i;`);(10i;`))
statsTab| ,(8i;`)

05:51:03.177 - Records Processed 5
05:51:03.178 - Current Subscribers: 
bid     | ((9i;`);(10i;`))
quote   | ((9i;`);(10i;`))
statsTab| ,(8i;`)

05:51:04.177 - Records Processed 5
05:51:04.178 - Current Subscribers: 
bid     | ((9i;`);(10i;`))
quote   | ((9i;`);(10i;`))
statsTab| ,(8i;`)

05:51:05.178 - Records Processed 5
05:51:05.179 - Current Subscribers: 
bid     | ((9i;`);(10i;`))
quote   | ((9i;`);(10i;`))
statsTab| ,(8i;`)

05:51:06.178 - Records Processed 5
05:51:06.179 - Current Subscribers: 
bid     | ((9i;`);(10i;`))
quote   | ((9i;`);(10i;`))
statsTab| ,(8i;`)

05:51:07.177 - Records Processed 5
05:51:07.178 - Current Subscribers: 
bid     | ((9i;`);(10i;`))
quote   | ((9i;`);(10i;`))
statsTab| ,(8i;`)

05:51:08.176 - Records Processed 5
05:51:08.176 - Current Subscribers: 
bid     | ((9i;`);(10i;`))
quote   | ((9i;`);(10i;`))
statsTab| ,(8i;`)

05:51:09.178 - Records Processed 5
05:51:09.178 - Current Subscribers: 
bid     | ((9i;`);(10i;`))
quote   | ((9i;`);(10i;`))
statsTab| ,(8i;`)

05:51:10.177 - Records Processed 5
05:51:10.178 - Current Subscribers: 
bid     | ((9i;`);(10i;`))
quote   | ((9i;`);(10i;`))
statsTab| ,(8i;`)

05:51:11.177 - Records Processed 5
05:51:11.179 - Current Subscribers: 
bid     | ((9i;`);(10i;`))
quote   | ((9i;`);(10i;`))
statsTab| ,(8i;`)

05:51:12.177 - Records Processed 5
05:51:12.178 - Current Subscribers: 
bid     | ((9i;`);(10i;`))
quote   | ((9i;`);(10i;`))
statsTab| ,(8i;`)

05:51:13.178 - Records Processed 5
05:51:13.180 - Current Subscribers: 
bid     | ((9i;`);(10i;`))
quote   | ((9i;`);(10i;`))
statsTab| ,(8i;`)

05:51:14.178 - Records Processed 5
05:51:14.179 - Current Subscribers: 
bid     | ((9i;`);(10i;`))
quote   | ((9i;`);(10i;`))
statsTab| ,(8i;`)

05:51:15.179 - Records Processed 5
05:51:15.181 - Current Subscribers: 
bid     | ((9i;`);(10i;`))
quote   | ((9i;`);(10i;`))
statsTab| ,(8i;`)

05:51:16.178 - Records Processed 5
05:51:16.179 - Current Subscribers: 
bid     | ((9i;`);(10i;`))
quote   | ((9i;`);(10i;`))
statsTab| ,(8i;`)

05:51:17.179 - Records Processed 5
05:51:17.179 - Current Subscribers: 
bid     | ((9i;`);(10i;`))
quote   | ((9i;`);(10i;`))
statsTab| ,(8i;`)

05:51:18.177 - Records Processed 5
05:51:18.177 - Current Subscribers: 
bid     | ((9i;`);(10i;`))
quote   | ((9i;`);(10i;`))
statsTab| ,(8i;`)

05:51:19.176 - Records Processed 5
05:51:19.178 - Current Subscribers: 
bid     | ((9i;`);(10i;`))
quote   | ((9i;`);(10i;`))
statsTab| ,(8i;`)

05:51:20.181 - Records Processed 5
05:51:20.181 - Current Subscribers: 
bid     | ((9i;`);(10i;`))
quote   | ((9i;`);(10i;`))
statsTab| ,(8i;`)

05:51:21.177 - Records Processed 5
05:51:21.180 - Current Subscribers: 
bid     | ((9i;`);(10i;`))
quote   | ((9i;`);(10i;`))
statsTab| ,(8i;`)

05:51:22.179 - Records Processed 5
05:51:22.179 - Current Subscribers: 
bid     | ((9i;`);(10i;`))
quote   | ((9i;`);(10i;`))
statsTab| ,(8i;`)

05:51:23.177 - Records Processed 5
05:51:23.178 - Current Subscribers: 
bid     | ((9i;`);(10i;`))
quote   | ((9i;`);(10i;`))
statsTab| ,(8i;`)

05:51:24.180 - Records Processed 5
05:51:24.183 - Current Subscribers: 
bid     | ((9i;`);(10i;`))
quote   | ((9i;`);(10i;`))
statsTab| ,(8i;`)

05:51:25.180 - Records Processed 5
05:51:25.181 - Current Subscribers: 
bid     | ((9i;`);(10i;`))
quote   | ((9i;`);(10i;`))
statsTab| ,(8i;`)

05:51:26.178 - Records Processed 5
05:51:26.179 - Current Subscribers: 
bid     | ((9i;`);(10i;`))
quote   | ((9i;`);(10i;`))
statsTab| ,(8i;`)

05:51:27.177 - Records Processed 5
05:51:27.177 - Current Subscribers: 
bid     | ((9i;`);(10i;`))
quote   | ((9i;`);(10i;`))
statsTab| ,(8i;`)

05:51:28.176 - Records Processed 5
05:51:28.177 - Current Subscribers: 
bid     | ((9i;`);(10i;`))
quote   | ((9i;`);(10i;`))
statsTab| ,(8i;`)

05:51:29.177 - Records Processed 5
05:51:29.178 - Current Subscribers: 
bid     | ((9i;`);(10i;`))
quote   | ((9i;`);(10i;`))
statsTab| ,(8i;`)

05:51:30.177 - Records Processed 5
05:51:30.178 - Current Subscribers: 
bid     | ((9i;`);(10i;`))
quote   | ((9i;`);(10i;`))
statsTab| ,(8i;`)

05:51:31.178 - Records Processed 5
05:51:31.179 - Current Subscribers: 
bid     | ((9i;`);(10i;`))
quote   | ((9i;`);(10i;`))
statsTab| ,(8i;`)

05:51:32.177 - Records Processed 5
05:51:32.178 - Current Subscribers: 
bid     | ((9i;`);(10i;`))
quote   | ((9i;`);(10i;`))
statsTab| ,(8i;`)

05:51:33.177 - Records Processed 5
05:51:33.178 - Current Subscribers: 
bid     | ((9i;`);(10i;`))
quote   | ((9i;`);(10i;`))
statsTab| ,(8i;`)

05:51:34.177 - Records Processed 5
05:51:34.178 - Current Subscribers: 
bid     | ((9i;`);(10i;`))
quote   | ((9i;`);(10i;`))
statsTab| ,(8i;`)

05:51:35.176 - Records Processed 5
05:51:35.177 - Current Subscribers: 
bid     | ((9i;`);(10i;`))
quote   | ((9i;`);(10i;`))
statsTab| ,(8i;`)

05:51:36.176 - Records Processed 5
05:51:36.177 - Current Subscribers: 
bid     | ((9i;`);(10i;`))
quote   | ((9i;`);(10i;`))
statsTab| ,(8i;`)

05:51:37.176 - Records Processed 5
05:51:37.177 - Current Subscribers: 
bid     | ((9i;`);(10i;`))
quote   | ((9i;`);(10i;`))
statsTab| ,(8i;`)

05:51:38.178 - Records Processed 5
05:51:38.179 - Current Subscribers: 
bid     | ((9i;`);(10i;`))
quote   | ((9i;`);(10i;`))
statsTab| ,(8i;`)

05:51:39.180 - Records Processed 5
05:51:39.180 - Current Subscribers: 
bid     | ((9i;`);(10i;`))
quote   | ((9i;`);(10i;`))
statsTab| ,(8i;`)

05:51:40.177 - Records Processed 5
05:51:40.179 - Current Subscribers: 
bid     | ((9i;`);(10i;`))
quote   | ((9i;`);(10i;`))
statsTab| ,(8i;`)

05:51:41.178 - Records Processed 5
05:51:41.179 - Current Subscribers: 
bid     | ((9i;`);(10i;`))
quote   | ((9i;`);(10i;`))
statsTab| ,(8i;`)

05:51:42.177 - Records Processed 5
05:51:42.178 - Current Subscribers: 
bid     | ((9i;`);(10i;`))
quote   | ((9i;`);(10i;`))
statsTab| ,(8i;`)

05:51:43.178 - Records Processed 5
05:51:43.178 - Current Subscribers: 
bid     | ((9i;`);(10i;`))
quote   | ((9i;`);(10i;`))
statsTab| ,(8i;`)

05:51:44.176 - Records Processed 5
05:51:44.176 - Current Subscribers: 
bid     | ((9i;`);(10i;`))
quote   | ((9i;`);(10i;`))
statsTab| ,(8i;`)

05:51:45.177 - Records Processed 5
05:51:45.177 - Current Subscribers: 
bid     | ((9i;`);(10i;`))
quote   | ((9i;`);(10i;`))
statsTab| ,(8i;`)

05:51:46.176 - Records Processed 5
05:51:46.177 - Current Subscribers: 
bid     | ((9i;`);(10i;`))
quote   | ((9i;`);(10i;`))
statsTab| ,(8i;`)

05:51:47.177 - Records Processed 5
05:51:47.178 - Current Subscribers: 
bid     | ((9i;`);(10i;`))
quote   | ((9i;`);(10i;`))
statsTab| ,(8i;`)

05:51:48.177 - Records Processed 5
05:51:48.178 - Current Subscribers: 
bid     | ((9i;`);(10i;`))
quote   | ((9i;`);(10i;`))
statsTab| ,(8i;`)

05:51:49.177 - Records Processed 5
05:51:49.178 - Current Subscribers: 
bid     | ((9i;`);(10i;`))
quote   | ((9i;`);(10i;`))
statsTab| ,(8i;`)

05:51:50.178 - Records Processed 5
05:51:50.178 - Current Subscribers: 
bid     | ((9i;`);(10i;`))
quote   | ((9i;`);(10i;`))
statsTab| ,(8i;`)

05:51:51.177 - Records Processed 5
05:51:51.178 - Current Subscribers: 
bid     | ((9i;`);(10i;`))
quote   | ((9i;`);(10i;`))
statsTab| ,(8i;`)

05:51:52.176 - Records Processed 5
05:51:52.177 - Current Subscribers: 
bid     | ((9i;`);(10i;`))
quote   | ((9i;`);(10i;`))
statsTab| ,(8i;`)

05:51:53.177 - Records Processed 5
05:51:53.178 - Current Subscribers: 
bid     | ((9i;`);(10i;`))
quote   | ((9i;`);(10i;`))
statsTab| ,(8i;`)

05:51:54.178 - Records Processed 5
05:51:54.179 - Current Subscribers: 
bid     | ((9i;`);(10i;`))
quote   | ((9i;`);(10i;`))
statsTab| ,(8i;`)

05:51:55.178 - Records Processed 5
05:51:55.179 - Current Subscribers: 
bid     | ((9i;`);(10i;`))
quote   | ((9i;`);(10i;`))
statsTab| ,(8i;`)

05:51:56.177 - Records Processed 5
05:51:56.178 - Current Subscribers: 
bid     | ((9i;`);(10i;`))
quote   | ((9i;`);(10i;`))
statsTab| ,(8i;`)

05:51:57.177 - Records Processed 5
05:51:57.178 - Current Subscribers: 
bid     | ((9i;`);(10i;`))
quote   | ((9i;`);(10i;`))
statsTab| ,(8i;`)

05:51:58.178 - Records Processed 5
05:51:58.179 - Current Subscribers: 
bid     | ((9i;`);(10i;`))
quote   | ((9i;`);(10i;`))
statsTab| ,(8i;`)

05:51:59.177 - Records Processed 5
05:51:59.178 - Current Subscribers: 
bid     | ((9i;`);(10i;`))
quote   | ((9i;`);(10i;`))
statsTab| ,(8i;`)

05:52:00.176 - Records Processed 5
05:52:00.177 - Current Subscribers: 
bid     | ((9i;`);(10i;`))
quote   | ((9i;`);(10i;`))
statsTab| ,(8i;`)

05:52:01.177 - Records Processed 5
05:52:01.178 - Current Subscribers: 
bid     | ((9i;`);(10i;`))
quote   | ((9i;`);(10i;`))
statsTab| ,(8i;`)

05:52:02.198 - Records Processed 5
05:52:02.198 - Current Subscribers: 
bid     | ((9i;`);(10i;`))
quote   | ((9i;`);(10i;`))
statsTab| ,(8i;`)

05:52:03.176 - Records Processed 5
05:52:03.177 - Current Subscribers: 
bid     | ((9i;`);(10i;`))
quote   | ((9i;`);(10i;`))
statsTab| ,(8i;`)

05:52:04.177 - Records Processed 5
05:52:04.177 - Current Subscribers: 
bid     | ((9i;`);(10i;`))
quote   | ((9i;`);(10i;`))
statsTab| ,(8i;`)

05:52:05.177 - Records Processed 5
05:52:05.178 - Current Subscribers: 
bid     | ((9i;`);(10i;`))
quote   | ((9i;`);(10i;`))
statsTab| ,(8i;`)

05:52:06.177 - Records Processed 5
05:52:06.178 - Current Subscribers: 
bid     | ((9i;`);(10i;`))
quote   | ((9i;`);(10i;`))
statsTab| ,(8i;`)

05:52:07.178 - Records Processed 5
05:52:07.178 - Current Subscribers: 
bid     | ((9i;`);(10i;`))
quote   | ((9i;`);(10i;`))
statsTab| ,(8i;`)

05:52:08.178 - Records Processed 5
05:52:08.179 - Current Subscribers: 
bid     | ((9i;`);(10i;`))
quote   | ((9i;`);(10i;`))
statsTab| ,(8i;`)

05:52:09.178 - Records Processed 5
05:52:09.179 - Current Subscribers: 
bid     | ((9i;`);(10i;`))
quote   | ((9i;`);(10i;`))
statsTab| ,(8i;`)

05:52:10.177 - Records Processed 5
05:52:10.178 - Current Subscribers: 
bid     | ((9i;`);(10i;`))
quote   | ((9i;`);(10i;`))
statsTab| ,(8i;`)

05:52:11.177 - Records Processed 5
05:52:11.178 - Current Subscribers: 
bid     | ((9i;`);(10i;`))
quote   | ((9i;`);(10i;`))
statsTab| ,(8i;`)

05:52:12.178 - Records Processed 5
05:52:12.179 - Current Subscribers: 
bid     | ((9i;`);(10i;`))
quote   | ((9i;`);(10i;`))
statsTab| ,(8i;`)

05:52:13.177 - Records Processed 5
05:52:13.178 - Current Subscribers: 
bid     | ((9i;`);(10i;`))
quote   | ((9i;`);(10i;`))
statsTab| ,(8i;`)

05:52:14.178 - Records Processed 5
05:52:14.179 - Current Subscribers: 
bid     | ((9i;`);(10i;`))
quote   | ((9i;`);(10i;`))
statsTab| ,(8i;`)

05:52:15.176 - Records Processed 5
05:52:15.177 - Current Subscribers: 
bid     | ((9i;`);(10i;`))
quote   | ((9i;`);(10i;`))
statsTab| ,(8i;`)

05:52:16.176 - Records Processed 5
05:52:16.177 - Current Subscribers: 
bid     | ((9i;`);(10i;`))
quote   | ((9i;`);(10i;`))
statsTab| ,(8i;`)

05:52:17.178 - Records Processed 5
05:52:17.180 - Current Subscribers: 
bid     | ((9i;`);(10i;`))
quote   | ((9i;`);(10i;`))
statsTab| ,(8i;`)

05:52:18.178 - Records Processed 5
05:52:18.179 - Current Subscribers: 
bid     | ((9i;`);(10i;`))
quote   | ((9i;`);(10i;`))
statsTab| ,(8i;`)

05:52:19.176 - Records Processed 5
05:52:19.176 - Current Subscribers: 
bid     | ((9i;`);(10i;`))
quote   | ((9i;`);(10i;`))
statsTab| ,(8i;`)

05:52:20.178 - Records Processed 5
05:52:20.178 - Current Subscribers: 
bid     | ((9i;`);(10i;`))
quote   | ((9i;`);(10i;`))
statsTab| ,(8i;`)

05:52:21.178 - Records Processed 5
05:52:21.178 - Current Subscribers: 
bid     | ((9i;`);(10i;`))
quote   | ((9i;`);(10i;`))
statsTab| ,(8i;`)

05:52:22.178 - Records Processed 5
05:52:22.179 - Current Subscribers: 
bid     | ((9i;`);(10i;`))
quote   | ((9i;`);(10i;`))
statsTab| ,(8i;`)

05:52:23.177 - Records Processed 5
05:52:23.178 - Current Subscribers: 
bid     | ((9i;`);(10i;`))
quote   | ((9i;`);(10i;`))
statsTab| ,(8i;`)

05:52:24.179 - Records Processed 5
05:52:24.180 - Current Subscribers: 
bid     | ((9i;`);(10i;`))
quote   | ((9i;`);(10i;`))
statsTab| ,(8i;`)

05:52:25.178 - Records Processed 5
05:52:25.179 - Current Subscribers: 
bid     | ((9i;`);(10i;`))
quote   | ((9i;`);(10i;`))
statsTab| ,(8i;`)

05:52:26.177 - Records Processed 5
05:52:26.178 - Current Subscribers: 
bid     | ((9i;`);(10i;`))
quote   | ((9i;`);(10i;`))
statsTab| ,(8i;`)

05:52:27.178 - Records Processed 5
05:52:27.179 - Current Subscribers: 
bid     | ((9i;`);(10i;`))
quote   | ((9i;`);(10i;`))
statsTab| ,(8i;`)

05:52:28.176 - Records Processed 5
05:52:28.176 - Current Subscribers: 
bid     | ((9i;`);(10i;`))
quote   | ((9i;`);(10i;`))
statsTab| ,(8i;`)

05:52:29.177 - Records Processed 5
05:52:29.178 - Current Subscribers: 
bid     | ((9i;`);(10i;`))
quote   | ((9i;`);(10i;`))
statsTab| ,(8i;`)

05:52:30.177 - Records Processed 5
05:52:30.178 - Current Subscribers: 
bid     | ((9i;`);(10i;`))
quote   | ((9i;`);(10i;`))
statsTab| ,(8i;`)

05:52:31.176 - Records Processed 5
05:52:31.178 - Current Subscribers: 
bid     | ((9i;`);(10i;`))
quote   | ((9i;`);(10i;`))
statsTab| ,(8i;`)

05:52:32.178 - Records Processed 5
05:52:32.178 - Current Subscribers: 
bid     | ((9i;`);(10i;`))
quote   | ((9i;`);(10i;`))
statsTab| ,(8i;`)

05:52:33.177 - Records Processed 5
05:52:33.177 - Current Subscribers: 
bid     | ((9i;`);(10i;`))
quote   | ((9i;`);(10i;`))
statsTab| ,(8i;`)

05:52:34.176 - Records Processed 5
05:52:34.177 - Current Subscribers: 
bid     | ((9i;`);(10i;`))
quote   | ((9i;`);(10i;`))
statsTab| ,(8i;`)

05:52:35.177 - Records Processed 5
05:52:35.177 - Current Subscribers: 
bid     | ((9i;`);(10i;`))
quote   | ((9i;`);(10i;`))
statsTab| ,(8i;`)

05:52:36.177 - Records Processed 5
05:52:36.177 - Current Subscribers: 
bid     | ((9i;`);(10i;`))
quote   | ((9i;`);(10i;`))
statsTab| ,(8i;`)

05:52:37.177 - Records Processed 5
05:52:37.178 - Current Subscribers: 
bid     | ((9i;`);(10i;`))
quote   | ((9i;`);(10i;`))
statsTab| ,(8i;`)

05:52:38.176 - Records Processed 5
05:52:38.177 - Current Subscribers: 
bid     | ((9i;`);(10i;`))
quote   | ((9i;`);(10i;`))
statsTab| ,(8i;`)

