12:46:14.532 - Records Processed 1943
12:46:14.532 - Current Subscribers: 
bid     | 
quote   | 
statsTab| 

12:46:15.534 - Records Processed 1943
12:46:15.535 - Current Subscribers: 
bid     | 
quote   | 
statsTab| 

12:46:16.543 - Records Processed 1943
12:46:16.543 - Current Subscribers: 
bid     | 
quote   | 
statsTab| 

12:46:17.534 - Records Processed 1943
12:46:17.534 - Current Subscribers: 
bid     | 
quote   | 
statsTab| 

12:46:18.534 - Records Processed 1943
12:46:18.534 - Current Subscribers: 
bid     | 
quote   | 
statsTab| 

12:46:19.534 - Records Processed 1943
12:46:19.535 - Current Subscribers: 
bid     | 
quote   | 
statsTab| 

12:46:20.538 - Records Processed 1943
12:46:20.538 - Current Subscribers: 
bid     | 
quote   | 
statsTab| 

12:46:21.534 - Records Processed 1943
12:46:21.535 - Current Subscribers: 
bid     | 
quote   | 
statsTab| 

12:46:22.533 - Records Processed 1943
12:46:22.533 - Current Subscribers: 
bid     | 
quote   | 
statsTab| 

12:46:23.534 - Records Processed 1943
12:46:23.534 - Current Subscribers: 
bid     | 
quote   | 
statsTab| 

12:46:24.533 - Records Processed 1943
12:46:24.534 - Current Subscribers: 
bid     | 
quote   | 
statsTab| 

12:46:25.534 - Records Processed 1943
12:46:25.534 - Current Subscribers: 
bid     | 
quote   | 
statsTab| 

12:46:26.534 - Records Processed 1943
12:46:26.534 - Current Subscribers: 
bid     | 
quote   | 
statsTab| 

12:46:27.534 - Records Processed 1943
12:46:27.534 - Current Subscribers: 
bid     | 
quote   | 
statsTab| 

12:46:28.535 - Records Processed 1943
12:46:28.535 - Current Subscribers: 
bid     | 
quote   | 
statsTab| 

12:46:29.533 - Records Processed 1943
12:46:29.533 - Current Subscribers: 
bid     | 
quote   | 
statsTab| 

12:46:30.535 - Records Processed 1943
12:46:30.535 - Current Subscribers: 
bid     | 
quote   | 
statsTab| 

12:46:31.534 - Records Processed 1943
12:46:31.534 - Current Subscribers: 
bid     | 
quote   | 
statsTab| 

12:46:32.534 - Records Processed 1943
12:46:32.534 - Current Subscribers: 
bid     | 
quote   | 
statsTab| 

12:46:33.533 - Records Processed 1943
12:46:33.534 - Current Subscribers: 
bid     | ,(8i;`)
quote   | ,(8i;`)
statsTab| ()

12:46:34.534 - Records Processed 1943
12:46:34.535 - Current Subscribers: 
bid     | 8i `
quote   | 8i `
statsTab| 9i `

12:46:35.534 - Records Processed 1943
12:46:35.534 - Current Subscribers: 
bid     | 8i `
quote   | 8i `
statsTab| 9i `

12:46:36.535 - Records Processed 1943
12:46:36.535 - Current Subscribers: 
bid     | 8i `
quote   | 8i `
statsTab| 9i `

12:46:37.534 - Records Processed 1943
12:46:37.535 - Current Subscribers: 
bid     | 8i `
quote   | 8i `
statsTab| 9i `

12:46:38.534 - Records Processed 1943
12:46:38.535 - Current Subscribers: 
bid     | 8i `
quote   | 8i `
statsTab| 9i `

12:46:39.535 - Records Processed 1943
12:46:39.535 - Current Subscribers: 
bid     | 8i `
quote   | 8i `
statsTab| 9i `

12:46:40.535 - Records Processed 1943
12:46:40.536 - Current Subscribers: 
bid     | 8i `
quote   | 8i `
statsTab| 9i `

12:46:41.532 - Records Processed 1943
12:46:41.533 - Current Subscribers: 
bid     | 8i `
quote   | 8i `
statsTab| 9i `

12:46:42.535 - Records Processed 1943
12:46:42.535 - Current Subscribers: 
bid     | 8i `
quote   | 8i `
statsTab| 9i `

12:46:43.535 - Records Processed 1943
12:46:43.536 - Current Subscribers: 
bid     | 8i `
quote   | 8i `
statsTab| 9i `

12:46:44.535 - Records Processed 1943
12:46:44.535 - Current Subscribers: 
bid     | 8i `
quote   | 8i `
statsTab| 9i `

12:46:45.534 - Records Processed 1943
12:46:45.534 - Current Subscribers: 
bid     | 8i `
quote   | 8i `
statsTab| 9i `

12:46:46.538 - Records Processed 1943
12:46:46.539 - Current Subscribers: 
bid     | 8i `
quote   | 8i `
statsTab| 9i `

12:46:47.535 - Records Processed 1943
12:46:47.537 - Current Subscribers: 
bid     | 8i `
quote   | 8i `
statsTab| 9i `

12:46:48.535 - Records Processed 1943
12:46:48.536 - Current Subscribers: 
bid     | 8i `
quote   | 8i `
statsTab| 9i `

12:46:49.534 - Records Processed 1943
12:46:49.535 - Current Subscribers: 
bid     | 8i `
quote   | 8i `
statsTab| 9i `

12:46:50.534 - Records Processed 1943
12:46:50.535 - Current Subscribers: 
bid     | 8i `
quote   | 8i `
statsTab| 9i `

12:46:51.534 - Records Processed 1943
12:46:51.535 - Current Subscribers: 
bid     | 8i `
quote   | 8i `
statsTab| 9i `

12:46:52.534 - Records Processed 1943
12:46:52.535 - Current Subscribers: 
bid     | 8i `
quote   | 8i `
statsTab| 9i `

12:46:53.535 - Records Processed 1943
12:46:53.536 - Current Subscribers: 
bid     | 8i `
quote   | 8i `
statsTab| 9i `

12:46:54.534 - Records Processed 1943
12:46:54.535 - Current Subscribers: 
bid     | 8i `
quote   | 8i `
statsTab| 9i `

12:46:55.535 - Records Processed 1943
12:46:55.536 - Current Subscribers: 
bid     | 8i `
quote   | 8i `
statsTab| 9i `

12:46:56.535 - Records Processed 1943
12:46:56.536 - Current Subscribers: 
bid     | 8i `
quote   | 8i `
statsTab| 9i `

12:46:57.535 - Records Processed 1943
12:46:57.535 - Current Subscribers: 
bid     | 8i `
quote   | 8i `
statsTab| 9i `

12:46:58.535 - Records Processed 1943
12:46:58.535 - Current Subscribers: 
bid     | 8i `
quote   | 8i `
statsTab| 9i `

12:46:59.535 - Records Processed 1943
12:46:59.537 - Current Subscribers: 
bid     | 8i `
quote   | 8i `
statsTab| 9i `

12:47:00.536 - Records Processed 1943
12:47:00.537 - Current Subscribers: 
bid     | 8i `
quote   | 8i `
statsTab| 9i `

12:47:01.534 - Records Processed 1943
12:47:01.535 - Current Subscribers: 
bid     | 8i `
quote   | 8i `
statsTab| 9i `

12:47:02.535 - Records Processed 1943
12:47:02.535 - Current Subscribers: 
bid     | 8i `
quote   | 8i `
statsTab| 9i `

12:47:03.534 - Records Processed 1943
12:47:03.534 - Current Subscribers: 
bid     | 8i `
quote   | 8i `
statsTab| 9i `

12:47:04.534 - Records Processed 1943
12:47:04.535 - Current Subscribers: 
bid     | 8i `
quote   | 8i `
statsTab| 9i `

12:47:05.534 - Records Processed 1943
12:47:05.534 - Current Subscribers: 
bid     | 8i `
quote   | 8i `
statsTab| 9i `

12:47:06.535 - Records Processed 1943
12:47:06.536 - Current Subscribers: 
bid     | 8i `
quote   | 8i `
statsTab| 9i `

12:47:07.535 - Records Processed 1943
12:47:07.536 - Current Subscribers: 
bid     | 8i `
quote   | 8i `
statsTab| 9i `

12:47:08.535 - Records Processed 1943
12:47:08.535 - Current Subscribers: 
bid     | 8i `
quote   | 8i `
statsTab| 9i `

12:47:09.535 - Records Processed 1943
12:47:09.536 - Current Subscribers: 
bid     | 8i `
quote   | 8i `
statsTab| 9i `

12:47:10.535 - Records Processed 1943
12:47:10.536 - Current Subscribers: 
bid     | 8i `
quote   | 8i `
statsTab| 9i `

12:47:11.535 - Records Processed 1943
12:47:11.536 - Current Subscribers: 
bid     | 8i `
quote   | 8i `
statsTab| 9i `

12:47:12.536 - Records Processed 1943
12:47:12.536 - Current Subscribers: 
bid     | 8i `
quote   | 8i `
statsTab| 9i `

12:47:13.534 - Records Processed 1943
12:47:13.535 - Current Subscribers: 
bid     | 8i `
quote   | 8i `
statsTab| 9i `

12:47:14.535 - Records Processed 1943
12:47:14.536 - Current Subscribers: 
bid     | 8i `
quote   | 8i `
statsTab| 9i `

12:47:15.536 - Records Processed 1943
12:47:15.536 - Current Subscribers: 
bid     | 8i `
quote   | 8i `
statsTab| 9i `

12:47:16.535 - Records Processed 1943
12:47:16.536 - Current Subscribers: 
bid     | 8i `
quote   | 8i `
statsTab| 9i `

12:47:17.534 - Records Processed 1943
12:47:17.535 - Current Subscribers: 
bid     | 8i `
quote   | 8i `
statsTab| 9i `

12:47:18.535 - Records Processed 1943
12:47:18.535 - Current Subscribers: 
bid     | 8i `
quote   | 8i `
statsTab| 9i `

12:47:19.534 - Records Processed 1943
12:47:19.534 - Current Subscribers: 
bid     | 8i `
quote   | 8i `
statsTab| 9i `

12:47:20.535 - Records Processed 1943
12:47:20.536 - Current Subscribers: 
bid     | 8i `
quote   | 8i `
statsTab| 9i `

12:47:21.534 - Records Processed 1943
12:47:21.535 - Current Subscribers: 
bid     | 8i `
quote   | 8i `
statsTab| 9i `

12:47:22.534 - Records Processed 1943
12:47:22.534 - Current Subscribers: 
bid     | 8i `
quote   | 8i `
statsTab| 9i `

12:47:23.534 - Records Processed 1943
12:47:23.535 - Current Subscribers: 
bid     | 8i `
quote   | 8i `
statsTab| 9i `

12:47:24.534 - Records Processed 1943
12:47:24.534 - Current Subscribers: 
bid     | 8i `
quote   | 8i `
statsTab| 9i `

12:47:25.535 - Records Processed 1943
12:47:25.535 - Current Subscribers: 
bid     | 8i `
quote   | 8i `
statsTab| 9i `

12:47:26.535 - Records Processed 1943
12:47:26.536 - Current Subscribers: 
bid     | 8i `
quote   | 8i `
statsTab| 9i `

12:47:27.535 - Records Processed 1943
12:47:27.535 - Current Subscribers: 
bid     | 8i `
quote   | 8i `
statsTab| 9i `

12:47:28.534 - Records Processed 1943
12:47:28.535 - Current Subscribers: 
bid     | 8i `
quote   | 8i `
statsTab| 9i `

12:47:29.534 - Records Processed 1943
12:47:29.535 - Current Subscribers: 
bid     | 8i `
quote   | 8i `
statsTab| 9i `

12:47:30.533 - Records Processed 1943
12:47:30.534 - Current Subscribers: 
bid     | 8i `
quote   | 8i `
statsTab| 9i `

12:47:31.534 - Records Processed 1943
12:47:31.535 - Current Subscribers: 
bid     | 8i `
quote   | 8i `
statsTab| 9i `

12:47:32.534 - Records Processed 1943
12:47:32.535 - Current Subscribers: 
bid     | 8i `
quote   | 8i `
statsTab| 9i `

12:47:33.534 - Records Processed 1943
12:47:33.535 - Current Subscribers: 
bid     | 8i `
quote   | 8i `
statsTab| 9i `

12:47:34.535 - Records Processed 1943
12:47:34.537 - Current Subscribers: 
bid     | 8i `
quote   | 8i `
statsTab| 9i `

12:47:35.535 - Records Processed 1943
12:47:35.536 - Current Subscribers: 
bid     | 8i `
quote   | 8i `
statsTab| 9i `

12:47:36.534 - Records Processed 1943
12:47:36.535 - Current Subscribers: 
bid     | 8i `
quote   | 8i `
statsTab| 9i `

12:47:37.535 - Records Processed 1943
12:47:37.536 - Current Subscribers: 
bid     | 8i `
quote   | 8i `
statsTab| 9i `

12:47:38.533 - Records Processed 1943
12:47:38.534 - Current Subscribers: 
bid     | 8i `
quote   | 8i `
statsTab| 9i `

12:47:39.534 - Records Processed 1943
12:47:39.534 - Current Subscribers: 
bid     | 8i `
quote   | 8i `
statsTab| 9i `

12:47:40.535 - Records Processed 1943
12:47:40.536 - Current Subscribers: 
bid     | 8i `
quote   | 8i `
statsTab| 9i `

12:47:41.535 - Records Processed 1943
12:47:41.536 - Current Subscribers: 
bid     | 8i `
quote   | 8i `
statsTab| 9i `

12:47:42.536 - Records Processed 1943
12:47:42.536 - Current Subscribers: 
bid     | 8i `
quote   | 8i `
statsTab| 9i `

12:47:43.534 - Records Processed 1943
12:47:43.535 - Current Subscribers: 
bid     | 8i `
quote   | 8i `
statsTab| 9i `

12:47:44.533 - Records Processed 1943
12:47:44.534 - Current Subscribers: 
bid     | 8i `
quote   | 8i `
statsTab| 9i `

12:47:45.535 - Records Processed 1943
12:47:45.535 - Current Subscribers: 
bid     | 8i `
quote   | 8i `
statsTab| 9i `

12:47:46.534 - Records Processed 1943
12:47:46.535 - Current Subscribers: 
bid     | 8i `
quote   | 8i `
statsTab| 9i `

12:47:47.534 - Records Processed 1943
12:47:47.535 - Current Subscribers: 
bid     | 8i `
quote   | 8i `
statsTab| 9i `

12:47:48.535 - Records Processed 1943
12:47:48.535 - Current Subscribers: 
bid     | 8i `
quote   | 8i `
statsTab| 9i `

12:47:49.534 - Records Processed 1943
12:47:49.534 - Current Subscribers: 
bid     | 8i `
quote   | 8i `
statsTab| 9i `

12:47:50.534 - Records Processed 1943
12:47:50.534 - Current Subscribers: 
bid     | 8i `
quote   | 8i `
statsTab| 9i `

12:47:51.535 - Records Processed 1943
12:47:51.535 - Current Subscribers: 
bid     | 8i `
quote   | 8i `
statsTab| 9i `

12:47:52.535 - Records Processed 1943
12:47:52.535 - Current Subscribers: 
bid     | 8i `
quote   | 8i `
statsTab| 9i `

12:47:53.534 - Records Processed 1943
12:47:53.534 - Current Subscribers: 
bid     | 8i `
quote   | 8i `
statsTab| 9i `

12:47:54.534 - Records Processed 1943
12:47:54.534 - Current Subscribers: 
bid     | 8i `
quote   | 8i `
statsTab| 9i `

12:47:55.534 - Records Processed 1943
12:47:55.534 - Current Subscribers: 
bid     | 8i `
quote   | 8i `
statsTab| 9i `

12:47:56.535 - Records Processed 1943
12:47:56.535 - Current Subscribers: 
bid     | 8i `
quote   | 8i `
statsTab| 9i `

12:47:57.534 - Records Processed 1943
12:47:57.535 - Current Subscribers: 
bid     | 8i `
quote   | 8i `
statsTab| 9i `

12:47:58.535 - Records Processed 1943
12:47:58.536 - Current Subscribers: 
bid     | 8i `
quote   | 8i `
statsTab| 9i `

12:47:59.535 - Records Processed 1943
12:47:59.535 - Current Subscribers: 
bid     | 8i `
quote   | 8i `
statsTab| 9i `

12:48:00.535 - Records Processed 1943
12:48:00.536 - Current Subscribers: 
bid     | 8i `
quote   | 8i `
statsTab| 9i `

12:48:01.534 - Records Processed 1943
12:48:01.534 - Current Subscribers: 
bid     | 8i `
quote   | 8i `
statsTab| 9i `

12:48:02.535 - Records Processed 1943
12:48:02.535 - Current Subscribers: 
bid     | 8i `
quote   | 8i `
statsTab| 9i `

12:48:03.534 - Records Processed 1943
12:48:03.535 - Current Subscribers: 
bid     | 8i `
quote   | 8i `
statsTab| 9i `

12:48:04.535 - Records Processed 1943
12:48:04.536 - Current Subscribers: 
bid     | 8i `
quote   | 8i `
statsTab| 9i `

12:48:05.535 - Records Processed 1943
12:48:05.535 - Current Subscribers: 
bid     | 8i `
quote   | 8i `
statsTab| 9i `

12:48:06.534 - Records Processed 1943
12:48:06.534 - Current Subscribers: 
bid     | 8i `
quote   | 8i `
statsTab| 9i `

12:48:07.534 - Records Processed 1943
12:48:07.535 - Current Subscribers: 
bid     | 8i `
quote   | 8i `
statsTab| 9i `

12:48:08.534 - Records Processed 1943
12:48:08.534 - Current Subscribers: 
bid     | 8i `
quote   | 8i `
statsTab| 9i `

12:48:09.535 - Records Processed 1943
12:48:09.536 - Current Subscribers: 
bid     | 8i `
quote   | 8i `
statsTab| 9i `

12:48:10.536 - Records Processed 1943
12:48:10.536 - Current Subscribers: 
bid     | 8i `
quote   | 8i `
statsTab| 9i `

12:48:11.535 - Records Processed 1943
12:48:11.535 - Current Subscribers: 
bid     | 8i `
quote   | 8i `
statsTab| 9i `

12:48:12.534 - Records Processed 1943
12:48:12.535 - Current Subscribers: 
bid     | 8i `
quote   | 8i `
statsTab| 9i `

12:48:13.534 - Records Processed 1943
12:48:13.535 - Current Subscribers: 
bid     | 8i `
quote   | 8i `
statsTab| 9i `

12:48:14.534 - Records Processed 1943
12:48:14.535 - Current Subscribers: 
bid     | 8i `
quote   | 8i `
statsTab| 9i `

12:48:15.534 - Records Processed 1943
12:48:15.534 - Current Subscribers: 
bid     | 8i `
quote   | 8i `
statsTab| 9i `

12:48:16.534 - Records Processed 1943
12:48:16.535 - Current Subscribers: 
bid     | 8i `
quote   | 8i `
statsTab| 9i `

12:48:17.535 - Records Processed 1943
12:48:17.535 - Current Subscribers: 
bid     | 8i `
quote   | 8i `
statsTab| 9i `

12:48:18.533 - Records Processed 1943
12:48:18.534 - Current Subscribers: 
bid     | 8i `
quote   | 8i `
statsTab| 9i `

12:48:19.534 - Records Processed 1943
12:48:19.535 - Current Subscribers: 
bid     | 8i `
quote   | 8i `
statsTab| 9i `

12:48:20.533 - Records Processed 1943
12:48:20.534 - Current Subscribers: 
bid     | 8i `
quote   | 8i `
statsTab| 9i `

12:48:21.536 - Records Processed 1943
12:48:21.537 - Current Subscribers: 
bid     | 8i `
quote   | 8i `
statsTab| 9i `

12:48:22.533 - Records Processed 1943
12:48:22.533 - Current Subscribers: 
bid     | 8i `
quote   | 8i `
statsTab| 9i `

12:48:23.534 - Records Processed 1943
12:48:23.535 - Current Subscribers: 
bid     | 8i `
quote   | 8i `
statsTab| 9i `

12:48:24.535 - Records Processed 1943
12:48:24.535 - Current Subscribers: 
bid     | 8i `
quote   | 8i `
statsTab| 9i `

12:48:25.535 - Records Processed 1943
12:48:25.535 - Current Subscribers: 
bid     | 8i `
quote   | 8i `
statsTab| 9i `

12:48:26.535 - Records Processed 1943
12:48:26.535 - Current Subscribers: 
bid     | 8i `
quote   | 8i `
statsTab| 9i `

12:48:27.534 - Records Processed 1943
12:48:27.535 - Current Subscribers: 
bid     | 8i `
quote   | 8i `
statsTab| 9i `

12:48:28.534 - Records Processed 1943
12:48:28.534 - Current Subscribers: 
bid     | 8i `
quote   | 8i `
statsTab| 9i `

12:48:29.535 - Records Processed 1943
12:48:29.535 - Current Subscribers: 
bid     | 8i `
quote   | 8i `
statsTab| 9i `

12:48:30.535 - Records Processed 1943
12:48:30.535 - Current Subscribers: 
bid     | 8i `
quote   | 8i `
statsTab| 9i `

12:48:31.535 - Records Processed 1943
12:48:31.535 - Current Subscribers: 
bid     | 8i `
quote   | 8i `
statsTab| 9i `

12:48:32.533 - Records Processed 1943
12:48:32.534 - Current Subscribers: 
bid     | 8i `
quote   | 8i `
statsTab| 9i `

12:48:33.533 - Records Processed 1943
12:48:33.534 - Current Subscribers: 
bid     | 8i `
quote   | 8i `
statsTab| 9i `

12:48:34.534 - Records Processed 1943
12:48:34.534 - Current Subscribers: 
bid     | 8i `
quote   | 8i `
statsTab| 9i `

12:48:35.534 - Records Processed 1943
12:48:35.534 - Current Subscribers: 
bid     | 8i `
quote   | 8i `
statsTab| 9i `

12:48:36.535 - Records Processed 1943
12:48:36.535 - Current Subscribers: 
bid     | 8i `
quote   | 8i `
statsTab| 9i `

12:48:37.536 - Records Processed 1943
12:48:37.536 - Current Subscribers: 
bid     | 8i `
quote   | 8i `
statsTab| 9i `

12:48:38.533 - Records Processed 1943
12:48:38.533 - Current Subscribers: 
bid     | 8i `
quote   | 8i `
statsTab| 9i `

12:48:39.535 - Records Processed 1943
12:48:39.536 - Current Subscribers: 
bid     | 8i `
quote   | 8i `
statsTab| 9i `

12:48:40.535 - Records Processed 1943
12:48:40.536 - Current Subscribers: 
bid     | 8i `
quote   | 8i `
statsTab| 9i `

12:48:41.534 - Records Processed 1943
12:48:41.535 - Current Subscribers: 
bid     | 8i `
quote   | 8i `
statsTab| 9i `

12:48:42.536 - Records Processed 1943
12:48:42.536 - Current Subscribers: 
bid     | 8i `
quote   | 8i `
statsTab| 9i `

12:48:43.535 - Records Processed 1943
12:48:43.535 - Current Subscribers: 
bid     | 8i `
quote   | 8i `
statsTab| 9i `

12:48:44.535 - Records Processed 1943
12:48:44.536 - Current Subscribers: 
bid     | 8i `
quote   | 8i `
statsTab| 9i `

12:48:45.535 - Records Processed 1943
12:48:45.535 - Current Subscribers: 
bid     | 8i `
quote   | 8i `
statsTab| 9i `

12:48:46.533 - Records Processed 1943
12:48:46.533 - Current Subscribers: 
bid     | 8i `
quote   | 8i `
statsTab| 9i `

12:48:47.535 - Records Processed 1943
12:48:47.535 - Current Subscribers: 
bid     | 8i `
quote   | 8i `
statsTab| 9i `

12:48:48.534 - Records Processed 1943
12:48:48.534 - Current Subscribers: 
bid     | 8i `
quote   | 8i `
statsTab| 9i `

12:48:49.535 - Records Processed 1943
12:48:49.535 - Current Subscribers: 
bid     | 8i `
quote   | 8i `
statsTab| 9i `

12:48:50.534 - Records Processed 1943
12:48:50.535 - Current Subscribers: 
bid     | 8i `
quote   | 8i `
statsTab| 9i `

12:48:51.534 - Records Processed 1943
12:48:51.535 - Current Subscribers: 
bid     | 8i `
quote   | 8i `
statsTab| 9i `

12:48:52.535 - Records Processed 1943
12:48:52.536 - Current Subscribers: 
bid     | 8i `
quote   | 8i `
statsTab| 9i `

12:48:53.535 - Records Processed 1943
12:48:53.536 - Current Subscribers: 
bid     | 8i `
quote   | 8i `
statsTab| 9i `

12:48:54.533 - Records Processed 1943
12:48:54.534 - Current Subscribers: 
bid     | 8i `
quote   | 8i `
statsTab| 9i `

12:48:55.533 - Records Processed 1943
12:48:55.534 - Current Subscribers: 
bid     | 8i `
quote   | 8i `
statsTab| 9i `

12:48:56.533 - Records Processed 1943
12:48:56.534 - Current Subscribers: 
bid     | 8i `
quote   | 8i `
statsTab| 9i `

12:48:57.533 - Records Processed 1943
12:48:57.534 - Current Subscribers: 
bid     | 8i `
quote   | 8i `
statsTab| 9i `

12:48:58.535 - Records Processed 1943
12:48:58.535 - Current Subscribers: 
bid     | 8i `
quote   | 8i `
statsTab| 9i `

12:48:59.534 - Records Processed 1943
12:48:59.535 - Current Subscribers: 
bid     | 8i `
quote   | 8i `
statsTab| 9i `

12:49:00.534 - Records Processed 1943
12:49:00.534 - Current Subscribers: 
bid     | 8i `
quote   | 8i `
statsTab| 9i `

12:49:01.534 - Records Processed 1943
12:49:01.535 - Current Subscribers: 
bid     | 8i `
quote   | 8i `
statsTab| 9i `

12:49:02.534 - Records Processed 1943
12:49:02.534 - Current Subscribers: 
bid     | 8i `
quote   | 8i `
statsTab| 9i `

12:49:03.533 - Records Processed 1943
12:49:03.533 - Current Subscribers: 
bid     | 8i `
quote   | 8i `
statsTab| 9i `

12:49:04.533 - Records Processed 1943
12:49:04.533 - Current Subscribers: 
bid     | 8i `
quote   | 8i `
statsTab| 9i `

12:49:05.534 - Records Processed 1943
12:49:05.534 - Current Subscribers: 
bid     | 8i `
quote   | 8i `
statsTab| 9i `

12:49:06.534 - Records Processed 1943
12:49:06.534 - Current Subscribers: 
bid     | 8i `
quote   | 8i `
statsTab| 9i `

12:49:07.535 - Records Processed 1943
12:49:07.535 - Current Subscribers: 
bid     | 8i `
quote   | 8i `
statsTab| 9i `

12:49:08.535 - Records Processed 1943
12:49:08.535 - Current Subscribers: 
bid     | 8i `
quote   | 8i `
statsTab| 9i `

12:49:09.534 - Records Processed 1943
12:49:09.534 - Current Subscribers: 
bid     | 8i `
quote   | 8i `
statsTab| 9i `

12:49:10.535 - Records Processed 1943
12:49:10.535 - Current Subscribers: 
bid     | 8i `
quote   | 8i `
statsTab| 9i `

12:49:11.534 - Records Processed 1943
12:49:11.535 - Current Subscribers: 
bid     | 8i `
quote   | 8i `
statsTab| 9i `

12:49:12.535 - Records Processed 1943
12:49:12.535 - Current Subscribers: 
bid     | 8i `
quote   | 8i `
statsTab| 9i `

12:49:13.535 - Records Processed 1943
12:49:13.535 - Current Subscribers: 
bid     | 8i `
quote   | 8i `
statsTab| 9i `

12:49:14.533 - Records Processed 1943
12:49:14.534 - Current Subscribers: 
bid     | 8i `
quote   | 8i `
statsTab| 9i `

12:49:15.535 - Records Processed 1943
12:49:15.535 - Current Subscribers: 
bid     | 8i `
quote   | 8i `
statsTab| 9i `

12:49:16.533 - Records Processed 1943
12:49:16.534 - Current Subscribers: 
bid     | 8i `
quote   | 8i `
statsTab| 9i `

12:49:17.533 - Records Processed 1943
12:49:17.533 - Current Subscribers: 
bid     | 8i `
quote   | 8i `
statsTab| 9i `

12:49:18.535 - Records Processed 1943
12:49:18.535 - Current Subscribers: 
bid     | 8i `
quote   | 8i `
statsTab| 9i `

12:49:19.535 - Records Processed 1943
12:49:19.536 - Current Subscribers: 
bid     | 8i `
quote   | 8i `
statsTab| 9i `

12:49:20.536 - Records Processed 1943
12:49:20.536 - Current Subscribers: 
bid     | 8i `
quote   | 8i `
statsTab| 9i `

12:49:21.534 - Records Processed 1943
12:49:21.535 - Current Subscribers: 
bid     | 8i `
quote   | 8i `
statsTab| 9i `

12:49:22.534 - Records Processed 1943
12:49:22.534 - Current Subscribers: 
bid     | 8i `
quote   | 8i `
statsTab| 9i `

12:49:23.534 - Records Processed 1943
12:49:23.534 - Current Subscribers: 
bid     | 8i `
quote   | 8i `
statsTab| 9i `

12:49:24.533 - Records Processed 1943
12:49:24.534 - Current Subscribers: 
bid     | 8i `
quote   | 8i `
statsTab| 9i `

12:49:25.534 - Records Processed 1943
12:49:25.535 - Current Subscribers: 
bid     | 8i `
quote   | 8i `
statsTab| 9i `

12:49:26.535 - Records Processed 1943
12:49:26.535 - Current Subscribers: 
bid     | 8i `
quote   | 8i `
statsTab| 9i `

12:49:27.534 - Records Processed 1943
12:49:27.535 - Current Subscribers: 
bid     | 8i `
quote   | 8i `
statsTab| 9i `

12:49:28.534 - Records Processed 1943
12:49:28.535 - Current Subscribers: 
bid     | 8i `
quote   | 8i `
statsTab| 9i `

12:49:29.534 - Records Processed 1943
12:49:29.535 - Current Subscribers: 
bid     | 8i `
quote   | 8i `
statsTab| 9i `

12:49:30.535 - Records Processed 1943
12:49:30.536 - Current Subscribers: 
bid     | 8i `
quote   | 8i `
statsTab| 9i `

12:49:31.535 - Records Processed 1943
12:49:31.536 - Current Subscribers: 
bid     | 8i `
quote   | 8i `
statsTab| 9i `

12:49:32.534 - Records Processed 1943
12:49:32.535 - Current Subscribers: 
bid     | 8i `
quote   | 8i `
statsTab| 9i `

12:49:33.536 - Records Processed 1943
12:49:33.537 - Current Subscribers: 
bid     | 8i `
quote   | 8i `
statsTab| 9i `

12:49:34.535 - Records Processed 1943
12:49:34.535 - Current Subscribers: 
bid     | 8i `
quote   | 8i `
statsTab| 9i `

12:49:35.534 - Records Processed 1943
12:49:35.535 - Current Subscribers: 
bid     | 8i `
quote   | 8i `
statsTab| 9i `

12:49:36.535 - Records Processed 1943
12:49:36.535 - Current Subscribers: 
bid     | 8i `
quote   | 8i `
statsTab| 9i `

12:49:37.532 - Records Processed 1943
12:49:37.533 - Current Subscribers: 
bid     | 8i `
quote   | 8i `
statsTab| 9i `

12:49:38.535 - Records Processed 1943
12:49:38.536 - Current Subscribers: 
bid     | 8i `
quote   | 8i `
statsTab| 9i `

12:49:39.535 - Records Processed 1943
12:49:39.535 - Current Subscribers: 
bid     | 8i `
quote   | 8i `
statsTab| 9i `

12:49:40.534 - Records Processed 1943
12:49:40.534 - Current Subscribers: 
bid     | 8i `
quote   | 8i `
statsTab| 9i `

12:49:41.534 - Records Processed 1943
12:49:41.536 - Current Subscribers: 
bid     | 8i `
quote   | 8i `
statsTab| 9i `

12:49:42.533 - Records Processed 1943
12:49:42.533 - Current Subscribers: 
bid     | 8i `
quote   | 8i `
statsTab| 9i `

12:49:43.534 - Records Processed 1943
12:49:43.535 - Current Subscribers: 
bid     | 8i `
quote   | 8i `
statsTab| 9i `

12:49:44.535 - Records Processed 1943
12:49:44.536 - Current Subscribers: 
bid     | 8i `
quote   | 8i `
statsTab| 9i `

12:49:45.535 - Records Processed 1943
12:49:45.535 - Current Subscribers: 
bid     | 8i `
quote   | 8i `
statsTab| 9i `

12:49:46.534 - Records Processed 1943
12:49:46.535 - Current Subscribers: 
bid     | 8i `
quote   | 8i `
statsTab| 9i `

12:49:47.534 - Records Processed 1943
12:49:47.535 - Current Subscribers: 
bid     | 8i `
quote   | 8i `
statsTab| 9i `

12:49:48.535 - Records Processed 1943
12:49:48.536 - Current Subscribers: 
bid     | 8i `
quote   | 8i `
statsTab| 9i `

12:49:49.535 - Records Processed 1943
12:49:49.535 - Current Subscribers: 
bid     | 8i `
quote   | 8i `
statsTab| 9i `

12:49:50.535 - Records Processed 1943
12:49:50.536 - Current Subscribers: 
bid     | 8i `
quote   | 8i `
statsTab| 9i `

12:49:51.534 - Records Processed 1943
12:49:51.535 - Current Subscribers: 
bid     | 8i `
quote   | 8i `
statsTab| 9i `

12:49:52.534 - Records Processed 1943
12:49:52.535 - Current Subscribers: 
bid     | 8i `
quote   | 8i `
statsTab| 9i `

12:49:53.535 - Records Processed 1943
12:49:53.536 - Current Subscribers: 
bid     | 8i `
quote   | 8i `
statsTab| 9i `

12:49:54.535 - Records Processed 1943
12:49:54.536 - Current Subscribers: 
bid     | 8i `
quote   | 8i `
statsTab| 9i `

12:49:55.533 - Records Processed 1943
12:49:55.533 - Current Subscribers: 
bid     | ()
quote   | ()
statsTab| ,(9i;`)

12:49:56.534 - Records Processed 1943
12:49:56.534 - Current Subscribers: 
bid     | ()
quote   | ()
statsTab| ,(9i;`)

12:49:57.533 - Records Processed 1943
12:49:57.533 - Current Subscribers: 
bid     | ()
quote   | ()
statsTab| ,(9i;`)

12:49:58.534 - Records Processed 1943
12:49:58.534 - Current Subscribers: 
bid     | ()
quote   | ()
statsTab| ,(9i;`)

12:49:59.535 - Records Processed 1943
12:49:59.536 - Current Subscribers: 
bid     | 8i `
quote   | 8i `
statsTab| 9i `

12:50:00.535 - Records Processed 1943
12:50:00.538 - Current Subscribers: 
bid     | 8i `
quote   | 8i `
statsTab| 9i `

12:50:01.536 - Records Processed 1943
12:50:01.536 - Current Subscribers: 
bid     | 8i `
quote   | 8i `
statsTab| 9i `

12:50:02.533 - Records Processed 1943
12:50:02.534 - Current Subscribers: 
bid     | 8i `
quote   | 8i `
statsTab| 9i `

12:50:03.535 - Records Processed 1943
12:50:03.537 - Current Subscribers: 
bid     | 8i `
quote   | 8i `
statsTab| 9i `

12:50:04.536 - Records Processed 1943
12:50:04.537 - Current Subscribers: 
bid     | 8i `
quote   | 8i `
statsTab| 9i `

12:50:05.536 - Records Processed 1943
12:50:05.536 - Current Subscribers: 
bid     | 8i `
quote   | 8i `
statsTab| 9i `

12:50:06.534 - Records Processed 1943
12:50:06.535 - Current Subscribers: 
bid     | 8i `
quote   | 8i `
statsTab| 9i `

12:50:07.533 - Records Processed 1943
12:50:07.533 - Current Subscribers: 
bid     | 8i `
quote   | 8i `
statsTab| 9i `

12:50:08.535 - Records Processed 1943
12:50:08.536 - Current Subscribers: 
bid     | 8i `
quote   | 8i `
statsTab| 9i `

12:50:09.535 - Records Processed 1943
12:50:09.536 - Current Subscribers: 
bid     | 8i `
quote   | 8i `
statsTab| 9i `

12:50:10.535 - Records Processed 1943
12:50:10.536 - Current Subscribers: 
bid     | 8i `
quote   | 8i `
statsTab| 9i `

12:50:11.079 - Records Processed 1943
12:50:11.080 - Current Subscribers: 
bid     | 8i `
quote   | 8i `
statsTab| 9i `

12:50:12.081 - Records Processed 1944
12:50:12.081 - Current Subscribers: 
bid     | 8i `
quote   | 8i `
statsTab| 9i `

12:50:13.082 - Records Processed 1945
12:50:13.082 - Current Subscribers: 
bid     | 8i `
quote   | 8i `
statsTab| 9i `

12:50:14.081 - Records Processed 1946
12:50:14.081 - Current Subscribers: 
bid     | 8i `
quote   | 8i `
statsTab| 9i `

12:50:15.081 - Records Processed 1947
12:50:15.082 - Current Subscribers: 
bid     | 8i `
quote   | 8i `
statsTab| 9i `

12:50:16.081 - Records Processed 1948
12:50:16.081 - Current Subscribers: 
bid     | 8i `
quote   | 8i `
statsTab| 9i `

12:50:17.081 - Records Processed 1949
12:50:17.082 - Current Subscribers: 
bid     | 8i `
quote   | 8i `
statsTab| 9i `

12:50:18.081 - Records Processed 1950
12:50:18.082 - Current Subscribers: 
bid     | 8i `
quote   | 8i `
statsTab| 9i `

12:50:19.082 - Records Processed 1951
12:50:19.082 - Current Subscribers: 
bid     | 8i `
quote   | 8i `
statsTab| 9i `

12:50:20.082 - Records Processed 1952
12:50:20.082 - Current Subscribers: 
bid     | 8i `
quote   | 8i `
statsTab| 9i `

12:50:21.081 - Records Processed 1953
12:50:21.081 - Current Subscribers: 
bid     | 8i `
quote   | 8i `
statsTab| 9i `

12:50:22.081 - Records Processed 1954
12:50:22.081 - Current Subscribers: 
bid     | 8i `
quote   | 8i `
statsTab| 9i `

12:50:23.080 - Records Processed 1955
12:50:23.081 - Current Subscribers: 
bid     | 8i `
quote   | 8i `
statsTab| 9i `

12:50:24.081 - Records Processed 1956
12:50:24.081 - Current Subscribers: 
bid     | 8i `
quote   | 8i `
statsTab| 9i `

12:50:25.081 - Records Processed 1957
12:50:25.081 - Current Subscribers: 
bid     | 8i `
quote   | 8i `
statsTab| 9i `

12:50:26.079 - Records Processed 1958
12:50:26.080 - Current Subscribers: 
bid     | 8i `
quote   | 8i `
statsTab| 9i `

12:50:27.081 - Records Processed 1959
12:50:27.082 - Current Subscribers: 
bid     | 8i `
quote   | 8i `
statsTab| 9i `

12:50:28.082 - Records Processed 1960
12:50:28.082 - Current Subscribers: 
bid     | 8i `
quote   | 8i `
statsTab| 9i `

12:50:29.082 - Records Processed 1961
12:50:29.082 - Current Subscribers: 
bid     | 8i `
quote   | 8i `
statsTab| 9i `

12:50:30.081 - Records Processed 1962
12:50:30.081 - Current Subscribers: 
bid     | 8i `
quote   | 8i `
statsTab| 9i `

12:50:31.081 - Records Processed 1963
12:50:31.081 - Current Subscribers: 
bid     | 8i `
quote   | 8i `
statsTab| 9i `

12:50:32.081 - Records Processed 1964
12:50:32.082 - Current Subscribers: 
bid     | 8i `
quote   | 8i `
statsTab| 9i `

12:50:33.080 - Records Processed 1965
12:50:33.080 - Current Subscribers: 
bid     | 8i `
quote   | 8i `
statsTab| 9i `

12:50:34.081 - Records Processed 1966
12:50:34.082 - Current Subscribers: 
bid     | 8i `
quote   | 8i `
statsTab| 9i `

12:50:35.081 - Records Processed 1967
12:50:35.082 - Current Subscribers: 
bid     | 8i `
quote   | 8i `
statsTab| 9i `

12:50:36.081 - Records Processed 1968
12:50:36.082 - Current Subscribers: 
bid     | 8i `
quote   | 8i `
statsTab| 9i `

12:50:37.081 - Records Processed 1969
12:50:37.081 - Current Subscribers: 
bid     | 8i `
quote   | 8i `
statsTab| 9i `

12:50:38.081 - Records Processed 1970
12:50:38.081 - Current Subscribers: 
bid     | 8i `
quote   | 8i `
statsTab| 9i `

12:50:39.081 - Records Processed 1971
12:50:39.081 - Current Subscribers: 
bid     | 8i `
quote   | 8i `
statsTab| 9i `

12:50:40.082 - Records Processed 1972
12:50:40.082 - Current Subscribers: 
bid     | 8i `
quote   | 8i `
statsTab| 9i `

12:50:41.091 - Records Processed 1973
12:50:41.096 - Current Subscribers: 
bid     | 8i `
quote   | 8i `
statsTab| 9i `

12:50:42.081 - Records Processed 1974
12:50:42.081 - Current Subscribers: 
bid     | 8i `
quote   | 8i `
statsTab| 9i `

12:50:43.081 - Records Processed 1975
12:50:43.082 - Current Subscribers: 
bid     | 8i `
quote   | 8i `
statsTab| 9i `

12:50:44.081 - Records Processed 1976
12:50:44.082 - Current Subscribers: 
bid     | 8i `
quote   | 8i `
statsTab| 9i `

12:50:45.081 - Records Processed 1977
12:50:45.081 - Current Subscribers: 
bid     | 8i `
quote   | 8i `
statsTab| 9i `

12:50:46.081 - Records Processed 1978
12:50:46.082 - Current Subscribers: 
bid     | 8i `
quote   | 8i `
statsTab| 9i `

12:50:47.082 - Records Processed 1979
12:50:47.083 - Current Subscribers: 
bid     | 8i `
quote   | 8i `
statsTab| 9i `

12:50:48.080 - Records Processed 1980
12:50:48.082 - Current Subscribers: 
bid     | 8i `
quote   | 8i `
statsTab| 9i `

12:50:49.082 - Records Processed 1981
12:50:49.082 - Current Subscribers: 
bid     | 8i `
quote   | 8i `
statsTab| 9i `

12:50:50.082 - Records Processed 1982
12:50:50.082 - Current Subscribers: 
bid     | 8i `
quote   | 8i `
statsTab| 9i `

12:50:51.080 - Records Processed 1983
12:50:51.081 - Current Subscribers: 
bid     | 8i `
quote   | 8i `
statsTab| 9i `

12:50:52.082 - Records Processed 1984
12:50:52.082 - Current Subscribers: 
bid     | 8i `
quote   | 8i `
statsTab| 9i `

12:50:53.081 - Records Processed 1985
12:50:53.083 - Current Subscribers: 
bid     | 8i `
quote   | 8i `
statsTab| 9i `

12:50:54.080 - Records Processed 1986
12:50:54.080 - Current Subscribers: 
bid     | 8i `
quote   | 8i `
statsTab| 9i `

12:50:55.082 - Records Processed 1987
12:50:55.082 - Current Subscribers: 
bid     | 8i `
quote   | 8i `
statsTab| 9i `

12:50:56.082 - Records Processed 1988
12:50:56.082 - Current Subscribers: 
bid     | ,(8i;`)
quote   | ,(8i;`)
statsTab| ()

12:50:57.081 - Records Processed 1989
12:50:57.082 - Current Subscribers: 
bid     | ,(8i;`)
quote   | ,(8i;`)
statsTab| ()

12:50:58.082 - Records Processed 1990
12:50:58.082 - Current Subscribers: 
bid     | ,(8i;`)
quote   | ,(8i;`)
statsTab| ()

12:50:59.081 - Records Processed 1991
12:50:59.081 - Current Subscribers: 
bid     | ,(8i;`)
quote   | ,(8i;`)
statsTab| ()

12:51:00.082 - Records Processed 1992
12:51:00.082 - Current Subscribers: 
bid     | ,(8i;`)
quote   | ,(8i;`)
statsTab| ()

12:51:01.082 - Records Processed 1993
12:51:01.082 - Current Subscribers: 
bid     | ,(8i;`)
quote   | ,(8i;`)
statsTab| ()

12:51:02.081 - Records Processed 1994
12:51:02.082 - Current Subscribers: 
bid     | ,(8i;`)
quote   | ,(8i;`)
statsTab| ()

12:51:03.081 - Records Processed 1995
12:51:03.082 - Current Subscribers: 
bid     | ,(8i;`)
quote   | ,(8i;`)
statsTab| ()

12:51:04.081 - Records Processed 1996
12:51:04.082 - Current Subscribers: 
bid     | ,(8i;`)
quote   | ,(8i;`)
statsTab| ()

12:51:05.081 - Records Processed 1997
12:51:05.081 - Current Subscribers: 
bid     | ,(8i;`)
quote   | ,(8i;`)
statsTab| ()

12:51:06.081 - Records Processed 1998
12:51:06.082 - Current Subscribers: 
bid     | ,(8i;`)
quote   | ,(8i;`)
statsTab| ()

12:51:07.081 - Records Processed 1999
12:51:07.081 - Current Subscribers: 
bid     | ,(8i;`)
quote   | ,(8i;`)
statsTab| ()

12:51:08.081 - Records Processed 2000
12:51:08.081 - Current Subscribers: 
bid     | ,(8i;`)
quote   | ,(8i;`)
statsTab| ()

12:51:09.081 - Records Processed 2001
12:51:09.081 - Current Subscribers: 
bid     | ,(8i;`)
quote   | ,(8i;`)
statsTab| ()

12:51:10.082 - Records Processed 2002
12:51:10.082 - Current Subscribers: 
bid     | ,(8i;`)
quote   | ,(8i;`)
statsTab| ()

12:51:11.081 - Records Processed 2003
12:51:11.081 - Current Subscribers: 
bid     | ,(8i;`)
quote   | ,(8i;`)
statsTab| ()

12:51:12.081 - Records Processed 2004
12:51:12.081 - Current Subscribers: 
bid     | ,(8i;`)
quote   | ,(8i;`)
statsTab| ()

12:51:13.081 - Records Processed 2005
12:51:13.081 - Current Subscribers: 
bid     | ,(8i;`)
quote   | ,(8i;`)
statsTab| ()

12:51:14.081 - Records Processed 2006
12:51:14.082 - Current Subscribers: 
bid     | ,(8i;`)
quote   | ,(8i;`)
statsTab| ()

12:51:15.081 - Records Processed 2007
12:51:15.081 - Current Subscribers: 
bid     | ,(8i;`)
quote   | ,(8i;`)
statsTab| ()

12:51:16.081 - Records Processed 2008
12:51:16.082 - Current Subscribers: 
bid     | 8i `
quote   | 8i `
statsTab| 9i `

12:51:17.081 - Records Processed 2009
12:51:17.082 - Current Subscribers: 
bid     | 8i `
quote   | 8i `
statsTab| 9i `

12:51:18.082 - Records Processed 2010
12:51:18.083 - Current Subscribers: 
bid     | 8i `
quote   | 8i `
statsTab| 9i `

12:51:19.080 - Records Processed 2011
12:51:19.081 - Current Subscribers: 
bid     | 8i `
quote   | 8i `
statsTab| 9i `

12:51:20.081 - Records Processed 2012
12:51:20.082 - Current Subscribers: 
bid     | 8i `
quote   | 8i `
statsTab| 9i `

12:51:21.081 - Records Processed 2013
12:51:21.081 - Current Subscribers: 
bid     | 8i `
quote   | 8i `
statsTab| 9i `

12:51:22.081 - Records Processed 2014
12:51:22.081 - Current Subscribers: 
bid     | 8i `
quote   | 8i `
statsTab| 9i `

12:51:23.081 - Records Processed 2015
12:51:23.082 - Current Subscribers: 
bid     | 8i `
quote   | 8i `
statsTab| 9i `

12:51:24.080 - Records Processed 2016
12:51:24.081 - Current Subscribers: 
bid     | 8i `
quote   | 8i `
statsTab| 9i `

12:51:25.080 - Records Processed 2017
12:51:25.081 - Current Subscribers: 
bid     | 8i `
quote   | 8i `
statsTab| 9i `

12:51:26.081 - Records Processed 2018
12:51:26.081 - Current Subscribers: 
bid     | 8i `
quote   | 8i `
statsTab| 9i `

12:51:27.080 - Records Processed 2019
12:51:27.081 - Current Subscribers: 
bid     | 8i `
quote   | 8i `
statsTab| 9i `

12:51:28.081 - Records Processed 2020
12:51:28.081 - Current Subscribers: 
bid     | 8i `
quote   | 8i `
statsTab| 9i `

12:51:29.081 - Records Processed 2021
12:51:29.081 - Current Subscribers: 
bid     | 8i `
quote   | 8i `
statsTab| 9i `

12:51:30.081 - Records Processed 2022
12:51:30.081 - Current Subscribers: 
bid     | 8i `
quote   | 8i `
statsTab| 9i `

12:51:31.080 - Records Processed 2023
12:51:31.081 - Current Subscribers: 
bid     | 8i `
quote   | 8i `
statsTab| 9i `

12:51:32.082 - Records Processed 2024
12:51:32.082 - Current Subscribers: 
bid     | 8i `
quote   | 8i `
statsTab| 9i `

12:51:33.081 - Records Processed 2025
12:51:33.082 - Current Subscribers: 
bid     | 8i `
quote   | 8i `
statsTab| 9i `

12:51:34.080 - Records Processed 2026
12:51:34.081 - Current Subscribers: 
bid     | 8i `
quote   | 8i `
statsTab| 9i `

12:51:35.081 - Records Processed 2027
12:51:35.082 - Current Subscribers: 
bid     | 8i `
quote   | 8i `
statsTab| 9i `

12:51:36.081 - Records Processed 2028
12:51:36.082 - Current Subscribers: 
bid     | 8i `
quote   | 8i `
statsTab| 9i `

12:51:37.081 - Records Processed 2029
12:51:37.082 - Current Subscribers: 
bid     | 8i `
quote   | 8i `
statsTab| 9i `

12:51:38.081 - Records Processed 2030
12:51:38.082 - Current Subscribers: 
bid     | 8i `
quote   | 8i `
statsTab| 9i `

12:51:39.081 - Records Processed 2031
12:51:39.081 - Current Subscribers: 
bid     | 8i `
quote   | 8i `
statsTab| 9i `

12:51:40.081 - Records Processed 2032
12:51:40.081 - Current Subscribers: 
bid     | 8i `
quote   | 8i `
statsTab| 9i `

12:51:41.082 - Records Processed 2033
12:51:41.082 - Current Subscribers: 
bid     | 8i `
quote   | 8i `
statsTab| 9i `

12:51:42.082 - Records Processed 2034
12:51:42.082 - Current Subscribers: 
bid     | 8i `
quote   | 8i `
statsTab| 9i `

12:51:43.080 - Records Processed 2035
12:51:43.081 - Current Subscribers: 
bid     | 8i `
quote   | 8i `
statsTab| 9i `

12:51:44.081 - Records Processed 2036
12:51:44.081 - Current Subscribers: 
bid     | 8i `
quote   | 8i `
statsTab| 9i `

12:51:45.081 - Records Processed 2037
12:51:45.081 - Current Subscribers: 
bid     | 8i `
quote   | 8i `
statsTab| 9i `

12:51:46.080 - Records Processed 2038
12:51:46.081 - Current Subscribers: 
bid     | 8i `
quote   | 8i `
statsTab| 9i `

12:51:47.082 - Records Processed 2039
12:51:47.082 - Current Subscribers: 
bid     | 8i `
quote   | 8i `
statsTab| 9i `

12:51:48.082 - Records Processed 2040
12:51:48.083 - Current Subscribers: 
bid     | 8i `
quote   | 8i `
statsTab| 9i `

12:51:49.081 - Records Processed 2041
12:51:49.081 - Current Subscribers: 
bid     | 8i `
quote   | 8i `
statsTab| 9i `

12:51:50.081 - Records Processed 2042
12:51:50.081 - Current Subscribers: 
bid     | 8i `
quote   | 8i `
statsTab| 9i `

12:51:51.082 - Records Processed 2043
12:51:51.082 - Current Subscribers: 
bid     | 8i `
quote   | 8i `
statsTab| 9i `

12:51:52.081 - Records Processed 2044
12:51:52.082 - Current Subscribers: 
bid     | 8i `
quote   | 8i `
statsTab| 9i `

12:51:53.081 - Records Processed 2045
12:51:53.081 - Current Subscribers: 
bid     | 8i `
quote   | 8i `
statsTab| 9i `

12:51:54.081 - Records Processed 2046
12:51:54.082 - Current Subscribers: 
bid     | 8i `
quote   | 8i `
statsTab| 9i `

12:51:55.081 - Records Processed 2047
12:51:55.081 - Current Subscribers: 
bid     | 8i `
quote   | 8i `
statsTab| 9i `

12:51:56.082 - Records Processed 2048
12:51:56.082 - Current Subscribers: 
bid     | 8i `
quote   | 8i `
statsTab| 9i `

12:51:57.080 - Records Processed 2049
12:51:57.080 - Current Subscribers: 
bid     | 8i `
quote   | 8i `
statsTab| 9i `

12:51:58.081 - Records Processed 2050
12:51:58.081 - Current Subscribers: 
bid     | 8i `
quote   | 8i `
statsTab| 9i `

12:51:59.081 - Records Processed 2051
12:51:59.082 - Current Subscribers: 
bid     | 8i `
quote   | 8i `
statsTab| 9i `

12:52:00.081 - Records Processed 2052
12:52:00.081 - Current Subscribers: 
bid     | 8i `
quote   | 8i `
statsTab| 9i `

12:52:01.081 - Records Processed 2053
12:52:01.082 - Current Subscribers: 
bid     | 8i `
quote   | 8i `
statsTab| 9i `

12:52:02.082 - Records Processed 2054
12:52:02.082 - Current Subscribers: 
bid     | 8i `
quote   | 8i `
statsTab| 9i `

12:52:03.081 - Records Processed 2055
12:52:03.081 - Current Subscribers: 
bid     | 8i `
quote   | 8i `
statsTab| 9i `

12:52:04.083 - Records Processed 2056
12:52:04.083 - Current Subscribers: 
bid     | 8i `
quote   | 8i `
statsTab| 9i `

12:52:05.081 - Records Processed 2057
12:52:05.081 - Current Subscribers: 
bid     | 8i `
quote   | 8i `
statsTab| 9i `

12:52:06.081 - Records Processed 2058
12:52:06.082 - Current Subscribers: 
bid     | 8i `
quote   | 8i `
statsTab| 9i `

12:52:07.081 - Records Processed 2059
12:52:07.085 - Current Subscribers: 
bid     | 8i `
quote   | 8i `
statsTab| 9i `

12:52:08.080 - Records Processed 2060
12:52:08.080 - Current Subscribers: 
bid     | 8i `
quote   | 8i `
statsTab| 9i `

12:52:09.082 - Records Processed 2061
12:52:09.082 - Current Subscribers: 
bid     | 8i `
quote   | 8i `
statsTab| 9i `

12:52:10.082 - Records Processed 2062
12:52:10.083 - Current Subscribers: 
bid     | 8i `
quote   | 8i `
statsTab| 9i `

12:52:11.080 - Records Processed 2063
12:52:11.080 - Current Subscribers: 
bid     | 8i `
quote   | 8i `
statsTab| 9i `

12:52:12.081 - Records Processed 2064
12:52:12.081 - Current Subscribers: 
bid     | 8i `
quote   | 8i `
statsTab| 9i `

12:52:13.081 - Records Processed 2065
12:52:13.082 - Current Subscribers: 
bid     | 8i `
quote   | 8i `
statsTab| 9i `

12:52:14.081 - Records Processed 2066
12:52:14.081 - Current Subscribers: 
bid     | 8i `
quote   | 8i `
statsTab| 9i `

12:52:15.081 - Records Processed 2067
12:52:15.081 - Current Subscribers: 
bid     | 8i `
quote   | 8i `
statsTab| 9i `

12:52:16.081 - Records Processed 2068
12:52:16.082 - Current Subscribers: 
bid     | 8i `
quote   | 8i `
statsTab| 9i `

12:52:17.081 - Records Processed 2069
12:52:17.081 - Current Subscribers: 
bid     | 8i `
quote   | 8i `
statsTab| 9i `

12:52:18.082 - Records Processed 2070
12:52:18.083 - Current Subscribers: 
bid     | 8i `
quote   | 8i `
statsTab| 9i `

12:52:19.082 - Records Processed 2071
12:52:19.083 - Current Subscribers: 
bid     | 8i `
quote   | 8i `
statsTab| 9i `

12:52:20.082 - Records Processed 2072
12:52:20.082 - Current Subscribers: 
bid     | 8i `
quote   | 8i `
statsTab| 9i `

12:52:21.081 - Records Processed 2073
12:52:21.081 - Current Subscribers: 
bid     | 8i `
quote   | 8i `
statsTab| 9i `

12:52:22.081 - Records Processed 2074
12:52:22.082 - Current Subscribers: 
bid     | 8i `
quote   | 8i `
statsTab| 9i `

12:52:23.080 - Records Processed 2075
12:52:23.081 - Current Subscribers: 
bid     | 8i `
quote   | 8i `
statsTab| 9i `

12:52:24.081 - Records Processed 2076
12:52:24.081 - Current Subscribers: 
bid     | 8i `
quote   | 8i `
statsTab| 9i `

12:52:25.080 - Records Processed 2077
12:52:25.081 - Current Subscribers: 
bid     | 8i `
quote   | 8i `
statsTab| 9i `

12:52:26.081 - Records Processed 2078
12:52:26.081 - Current Subscribers: 
bid     | 8i `
quote   | 8i `
statsTab| 9i `

12:52:27.080 - Records Processed 2079
12:52:27.080 - Current Subscribers: 
bid     | 8i `
quote   | 8i `
statsTab| 9i `

12:52:28.081 - Records Processed 2080
12:52:28.081 - Current Subscribers: 
bid     | 8i `
quote   | 8i `
statsTab| 9i `

12:52:29.082 - Records Processed 2081
12:52:29.083 - Current Subscribers: 
bid     | 8i `
quote   | 8i `
statsTab| 9i `

12:52:30.081 - Records Processed 2082
12:52:30.081 - Current Subscribers: 
bid     | 8i `
quote   | 8i `
statsTab| 9i `

12:52:31.081 - Records Processed 2083
12:52:31.081 - Current Subscribers: 
bid     | 8i `
quote   | 8i `
statsTab| 9i `

12:52:32.081 - Records Processed 2084
12:52:32.082 - Current Subscribers: 
bid     | 8i `
quote   | 8i `
statsTab| 9i `

12:52:33.080 - Records Processed 2085
12:52:33.081 - Current Subscribers: 
bid     | 8i `
quote   | 8i `
statsTab| 9i `

12:52:34.081 - Records Processed 2086
12:52:34.082 - Current Subscribers: 
bid     | 8i `
quote   | 8i `
statsTab| 9i `

12:52:35.081 - Records Processed 2087
12:52:35.081 - Current Subscribers: 
bid     | 8i `
quote   | 8i `
statsTab| 9i `

12:52:36.082 - Records Processed 2088
12:52:36.083 - Current Subscribers: 
bid     | 8i `
quote   | 8i `
statsTab| 9i `

12:52:37.088 - Records Processed 2089
12:52:37.088 - Current Subscribers: 
bid     | 8i `
quote   | 8i `
statsTab| 9i `

12:52:38.082 - Records Processed 2090
12:52:38.083 - Current Subscribers: 
bid     | 8i `
quote   | 8i `
statsTab| 9i `

12:52:39.081 - Records Processed 2091
12:52:39.082 - Current Subscribers: 
bid     | 8i `
quote   | 8i `
statsTab| 9i `

12:52:40.080 - Records Processed 2092
12:52:40.081 - Current Subscribers: 
bid     | 8i `
quote   | 8i `
statsTab| 9i `

12:52:41.082 - Records Processed 2093
12:52:41.082 - Current Subscribers: 
bid     | 8i `
quote   | 8i `
statsTab| 9i `

12:52:42.081 - Records Processed 2094
12:52:42.082 - Current Subscribers: 
bid     | 8i `
quote   | 8i `
statsTab| 9i `

12:52:43.081 - Records Processed 2095
12:52:43.082 - Current Subscribers: 
bid     | 8i `
quote   | 8i `
statsTab| 9i `

12:52:44.081 - Records Processed 2096
12:52:44.082 - Current Subscribers: 
bid     | 8i `
quote   | 8i `
statsTab| 9i `

12:52:45.080 - Records Processed 2097
12:52:45.080 - Current Subscribers: 
bid     | 8i `
quote   | 8i `
statsTab| 9i `

12:52:46.081 - Records Processed 2098
12:52:46.082 - Current Subscribers: 
bid     | 8i `
quote   | 8i `
statsTab| 9i `

12:52:47.081 - Records Processed 2099
12:52:47.082 - Current Subscribers: 
bid     | 8i `
quote   | 8i `
statsTab| 9i `

12:52:48.082 - Records Processed 2100
12:52:48.082 - Current Subscribers: 
bid     | 8i `
quote   | 8i `
statsTab| 9i `

12:52:49.082 - Records Processed 2101
12:52:49.083 - Current Subscribers: 
bid     | 8i `
quote   | 8i `
statsTab| 9i `

12:52:50.081 - Records Processed 2102
12:52:50.081 - Current Subscribers: 
bid     | 8i `
quote   | 8i `
statsTab| 9i `

12:52:51.082 - Records Processed 2103
12:52:51.082 - Current Subscribers: 
bid     | 8i `
quote   | 8i `
statsTab| 9i `

12:52:52.081 - Records Processed 2104
12:52:52.082 - Current Subscribers: 
bid     | 8i `
quote   | 8i `
statsTab| 9i `

12:52:53.081 - Records Processed 2105
12:52:53.081 - Current Subscribers: 
bid     | 8i `
quote   | 8i `
statsTab| 9i `

12:52:54.081 - Records Processed 2106
12:52:54.081 - Current Subscribers: 
bid     | 8i `
quote   | 8i `
statsTab| 9i `

12:52:55.081 - Records Processed 2107
12:52:55.082 - Current Subscribers: 
bid     | 8i `
quote   | 8i `
statsTab| 9i `

12:52:56.082 - Records Processed 2108
12:52:56.083 - Current Subscribers: 
bid     | 8i `
quote   | 8i `
statsTab| 9i `

12:52:57.081 - Records Processed 2109
12:52:57.081 - Current Subscribers: 
bid     | 8i `
quote   | 8i `
statsTab| 9i `

12:52:58.081 - Records Processed 2110
12:52:58.082 - Current Subscribers: 
bid     | 8i `
quote   | 8i `
statsTab| 9i `

12:52:59.081 - Records Processed 2111
12:52:59.081 - Current Subscribers: 
bid     | 8i `
quote   | 8i `
statsTab| 9i `

12:53:00.081 - Records Processed 2112
12:53:00.082 - Current Subscribers: 
bid     | 8i `
quote   | 8i `
statsTab| 9i `

12:53:01.081 - Records Processed 2113
12:53:01.081 - Current Subscribers: 
bid     | 8i `
quote   | 8i `
statsTab| 9i `

12:53:02.081 - Records Processed 2114
12:53:02.081 - Current Subscribers: 
bid     | 8i `
quote   | 8i `
statsTab| 9i `

12:53:03.080 - Records Processed 2115
12:53:03.081 - Current Subscribers: 
bid     | 8i `
quote   | 8i `
statsTab| 9i `

12:53:04.081 - Records Processed 2116
12:53:04.081 - Current Subscribers: 
bid     | 8i `
quote   | 8i `
statsTab| 9i `

12:53:05.081 - Records Processed 2117
12:53:05.082 - Current Subscribers: 
bid     | 8i `
quote   | 8i `
statsTab| 9i `

12:53:06.081 - Records Processed 2118
12:53:06.081 - Current Subscribers: 
bid     | 8i `
quote   | 8i `
statsTab| 9i `

12:53:07.081 - Records Processed 2119
12:53:07.082 - Current Subscribers: 
bid     | 8i `
quote   | 8i `
statsTab| 9i `

12:53:08.081 - Records Processed 2120
12:53:08.082 - Current Subscribers: 
bid     | 8i `
quote   | 8i `
statsTab| 9i `

12:53:09.081 - Records Processed 2121
12:53:09.081 - Current Subscribers: 
bid     | 8i `
quote   | 8i `
statsTab| 9i `

12:53:10.081 - Records Processed 2122
12:53:10.083 - Current Subscribers: 
bid     | 8i `
quote   | 8i `
statsTab| 9i `

12:53:11.081 - Records Processed 2123
12:53:11.082 - Current Subscribers: 
bid     | 8i `
quote   | 8i `
statsTab| 9i `

12:53:12.081 - Records Processed 2124
12:53:12.081 - Current Subscribers: 
bid     | 8i `
quote   | 8i `
statsTab| 9i `

12:53:13.080 - Records Processed 2125
12:53:13.080 - Current Subscribers: 
bid     | 8i `
quote   | 8i `
statsTab| 9i `

12:53:14.081 - Records Processed 2126
12:53:14.082 - Current Subscribers: 
bid     | 8i `
quote   | 8i `
statsTab| 9i `

12:53:15.081 - Records Processed 2127
12:53:15.081 - Current Subscribers: 
bid     | 8i `
quote   | 8i `
statsTab| 9i `

12:53:16.081 - Records Processed 2128
12:53:16.081 - Current Subscribers: 
bid     | 8i `
quote   | 8i `
statsTab| 9i `

12:53:17.081 - Records Processed 2129
12:53:17.081 - Current Subscribers: 
bid     | 8i `
quote   | 8i `
statsTab| 9i `

12:53:18.081 - Records Processed 2130
12:53:18.081 - Current Subscribers: 
bid     | 8i `
quote   | 8i `
statsTab| 9i `

12:53:19.081 - Records Processed 2131
12:53:19.081 - Current Subscribers: 
bid     | 8i `
quote   | 8i `
statsTab| 9i `

12:53:20.081 - Records Processed 2132
12:53:20.082 - Current Subscribers: 
bid     | 8i `
quote   | 8i `
statsTab| 9i `

12:53:21.081 - Records Processed 2133
12:53:21.082 - Current Subscribers: 
bid     | 8i `
quote   | 8i `
statsTab| 9i `

12:53:22.081 - Records Processed 2134
12:53:22.081 - Current Subscribers: 
bid     | 8i `
quote   | 8i `
statsTab| 9i `

12:53:23.081 - Records Processed 2135
12:53:23.082 - Current Subscribers: 
bid     | 8i `
quote   | 8i `
statsTab| 9i `

12:53:24.082 - Records Processed 2136
12:53:24.083 - Current Subscribers: 
bid     | 8i `
quote   | 8i `
statsTab| 9i `

12:53:25.081 - Records Processed 2137
12:53:25.081 - Current Subscribers: 
bid     | 8i `
quote   | 8i `
statsTab| 9i `

12:53:26.081 - Records Processed 2138
12:53:26.082 - Current Subscribers: 
bid     | 8i `
quote   | 8i `
statsTab| 9i `

12:53:27.081 - Records Processed 2139
12:53:27.081 - Current Subscribers: 
bid     | 8i `
quote   | 8i `
statsTab| 9i `

12:53:28.081 - Records Processed 2140
12:53:28.082 - Current Subscribers: 
bid     | 8i `
quote   | 8i `
statsTab| 9i `

12:53:29.080 - Records Processed 2141
12:53:29.081 - Current Subscribers: 
bid     | 8i `
quote   | 8i `
statsTab| 9i `

12:53:30.081 - Records Processed 2142
12:53:30.081 - Current Subscribers: 
bid     | 8i `
quote   | 8i `
statsTab| 9i `

12:53:31.081 - Records Processed 2143
12:53:31.082 - Current Subscribers: 
bid     | 8i `
quote   | 8i `
statsTab| 9i `

12:53:32.081 - Records Processed 2144
12:53:32.082 - Current Subscribers: 
bid     | 8i `
quote   | 8i `
statsTab| 9i `

12:53:33.081 - Records Processed 2145
12:53:33.081 - Current Subscribers: 
bid     | 8i `
quote   | 8i `
statsTab| 9i `

12:53:34.081 - Records Processed 2146
12:53:34.082 - Current Subscribers: 
bid     | 8i `
quote   | 8i `
statsTab| 9i `

12:53:35.081 - Records Processed 2147
12:53:35.081 - Current Subscribers: 
bid     | 8i `
quote   | 8i `
statsTab| 9i `

12:53:36.081 - Records Processed 2148
12:53:36.081 - Current Subscribers: 
bid     | 8i `
quote   | 8i `
statsTab| 9i `

12:53:37.081 - Records Processed 2149
12:53:37.081 - Current Subscribers: 
bid     | 8i `
quote   | 8i `
statsTab| 9i `

12:53:38.081 - Records Processed 2150
12:53:38.082 - Current Subscribers: 
bid     | 8i `
quote   | 8i `
statsTab| 9i `

12:53:39.084 - Records Processed 2151
12:53:39.084 - Current Subscribers: 
bid     | 8i `
quote   | 8i `
statsTab| 9i `

12:53:40.082 - Records Processed 2152
12:53:40.082 - Current Subscribers: 
bid     | 8i `
quote   | 8i `
statsTab| 9i `

12:53:41.081 - Records Processed 2153
12:53:41.082 - Current Subscribers: 
bid     | 8i `
quote   | 8i `
statsTab| 9i `

12:53:42.081 - Records Processed 2154
12:53:42.082 - Current Subscribers: 
bid     | 8i `
quote   | 8i `
statsTab| 9i `

12:53:43.081 - Records Processed 2155
12:53:43.081 - Current Subscribers: 
bid     | 8i `
quote   | 8i `
statsTab| 9i `

12:53:44.081 - Records Processed 2156
12:53:44.081 - Current Subscribers: 
bid     | 8i `
quote   | 8i `
statsTab| 9i `

12:53:45.081 - Records Processed 2157
12:53:45.082 - Current Subscribers: 
bid     | 8i `
quote   | 8i `
statsTab| 9i `

12:53:46.081 - Records Processed 2158
12:53:46.082 - Current Subscribers: 
bid     | 8i `
quote   | 8i `
statsTab| 9i `

12:53:47.081 - Records Processed 2159
12:53:47.081 - Current Subscribers: 
bid     | 8i `
quote   | 8i `
statsTab| 9i `

12:53:48.081 - Records Processed 2160
12:53:48.082 - Current Subscribers: 
bid     | 8i `
quote   | 8i `
statsTab| 9i `

12:53:49.081 - Records Processed 2161
12:53:49.081 - Current Subscribers: 
bid     | 8i `
quote   | 8i `
statsTab| 9i `

12:53:50.082 - Records Processed 2162
12:53:50.082 - Current Subscribers: 
bid     | 8i `
quote   | 8i `
statsTab| 9i `

12:53:51.097 - Records Processed 2163
12:53:51.098 - Current Subscribers: 
bid     | 8i `
quote   | 8i `
statsTab| 9i `

12:53:52.081 - Records Processed 2164
12:53:52.081 - Current Subscribers: 
bid     | 8i `
quote   | 8i `
statsTab| 9i `

12:53:53.082 - Records Processed 2165
12:53:53.082 - Current Subscribers: 
bid     | 8i `
quote   | 8i `
statsTab| 9i `

12:53:54.083 - Records Processed 2166
12:53:54.084 - Current Subscribers: 
bid     | 8i `
quote   | 8i `
statsTab| 9i `

12:53:55.081 - Records Processed 2167
12:53:55.081 - Current Subscribers: 
bid     | 8i `
quote   | 8i `
statsTab| 9i `

12:53:56.081 - Records Processed 2168
12:53:56.082 - Current Subscribers: 
bid     | 8i `
quote   | 8i `
statsTab| 9i `

12:53:57.081 - Records Processed 2169
12:53:57.083 - Current Subscribers: 
bid     | 8i `
quote   | 8i `
statsTab| 9i `

12:53:58.080 - Records Processed 2170
12:53:58.081 - Current Subscribers: 
bid     | 8i `
quote   | 8i `
statsTab| 9i `

12:53:59.082 - Records Processed 2171
12:53:59.083 - Current Subscribers: 
bid     | 8i `
quote   | 8i `
statsTab| 9i `

