10:18:15.355 - Records Processed 0
10:18:15.355 - Current Subscribers: 
bid     | 
quote   | 
statsTab| 

10:18:16.355 - Records Processed 0
10:18:16.356 - Current Subscribers: 
bid     | 
quote   | 
statsTab| 

10:18:17.356 - Records Processed 0
10:18:17.356 - Current Subscribers: 
bid     | 
quote   | 
statsTab| 

10:18:18.355 - Records Processed 0
10:18:18.355 - Current Subscribers: 
bid     | 
quote   | 
statsTab| 

10:18:19.357 - Records Processed 0
10:18:19.357 - Current Subscribers: 
bid     | 
quote   | 
statsTab| 

10:18:20.357 - Records Processed 0
10:18:20.357 - Current Subscribers: 
bid     | 
quote   | 
statsTab| 

