11:02:51.484 - Records Processed 4505
11:02:51.484 - Current Subscribers: 
bid     | 
quote   | 
statsTab| 

11:02:52.486 - Records Processed 4505
11:02:52.486 - Current Subscribers: 
bid     | 
quote   | 
statsTab| 

11:02:53.486 - Records Processed 4505
11:02:53.486 - Current Subscribers: 
bid     | 
quote   | 
statsTab| 

11:02:54.485 - Records Processed 4506
11:02:54.486 - Current Subscribers: 
bid     | 
quote   | 
statsTab| 

11:02:55.485 - Records Processed 4507
11:02:55.486 - Current Subscribers: 
bid     | 
quote   | 
statsTab| 

11:02:56.486 - Records Processed 4508
11:02:56.486 - Current Subscribers: 
bid     | 
quote   | 
statsTab| 

11:02:57.485 - Records Processed 4509
11:02:57.485 - Current Subscribers: 
bid     | 
quote   | 
statsTab| 

11:02:58.485 - Records Processed 4510
11:02:58.485 - Current Subscribers: 
bid     | ()
quote   | ()
statsTab| ,(9i;`)

11:02:59.485 - Records Processed 4511
11:02:59.485 - Current Subscribers: 
bid     | ()
quote   | ()
statsTab| ,(9i;`)

11:03:00.485 - Records Processed 4512
11:03:00.486 - Current Subscribers: 
bid     | ()
quote   | ()
statsTab| ,(9i;`)

11:03:01.485 - Records Processed 4513
11:03:01.485 - Current Subscribers: 
bid     | ()
quote   | ()
statsTab| ,(9i;`)

11:03:02.485 - Records Processed 4514
11:03:02.486 - Current Subscribers: 
bid     | 10i `
quote   | 10i `
statsTab| 9i ` 

11:03:03.485 - Records Processed 4516
11:03:03.485 - Current Subscribers: 
bid     | ((10i;`);(11i;`))
quote   | ((10i;`);(11i;`))
statsTab| ,(9i;`)

11:03:04.485 - Records Processed 4518
11:03:04.485 - Current Subscribers: 
bid     | ((10i;`);(11i;`))
quote   | ((10i;`);(11i;`))
statsTab| ,(9i;`)

11:03:05.485 - Records Processed 4520
11:03:05.485 - Current Subscribers: 
bid     | ((10i;`);(11i;`))
quote   | ((10i;`);(11i;`))
statsTab| ,(9i;`)

11:03:06.485 - Records Processed 4522
11:03:06.485 - Current Subscribers: 
bid     | ((10i;`);(11i;`))
quote   | ((10i;`);(11i;`))
statsTab| ,(9i;`)

11:03:07.485 - Records Processed 4524
11:03:07.485 - Current Subscribers: 
bid     | ((10i;`);(11i;`))
quote   | ((10i;`);(11i;`))
statsTab| ,(9i;`)

11:03:08.485 - Records Processed 4526
11:03:08.485 - Current Subscribers: 
bid     | ((10i;`);(11i;`))
quote   | ((10i;`);(11i;`))
statsTab| ,(9i;`)

11:03:09.485 - Records Processed 4528
11:03:09.485 - Current Subscribers: 
bid     | ((10i;`);(11i;`))
quote   | ((10i;`);(11i;`))
statsTab| ,(9i;`)

11:03:10.486 - Records Processed 4530
11:03:10.486 - Current Subscribers: 
bid     | ((10i;`);(11i;`))
quote   | ((10i;`);(11i;`))
statsTab| ,(9i;`)

11:03:11.485 - Records Processed 4532
11:03:11.485 - Current Subscribers: 
bid     | ((10i;`);(11i;`))
quote   | ((10i;`);(11i;`))
statsTab| ,(9i;`)

11:03:12.485 - Records Processed 4534
11:03:12.485 - Current Subscribers: 
bid     | ((10i;`);(11i;`))
quote   | ((10i;`);(11i;`))
statsTab| ,(9i;`)

11:03:13.485 - Records Processed 4536
11:03:13.485 - Current Subscribers: 
bid     | ((10i;`);(11i;`))
quote   | ((10i;`);(11i;`))
statsTab| ,(9i;`)

11:03:14.485 - Records Processed 4538
11:03:14.485 - Current Subscribers: 
bid     | ((10i;`);(11i;`))
quote   | ((10i;`);(11i;`))
statsTab| ,(9i;`)

11:03:15.485 - Records Processed 4540
11:03:15.485 - Current Subscribers: 
bid     | ((10i;`);(11i;`))
quote   | ((10i;`);(11i;`))
statsTab| ,(9i;`)

11:03:16.485 - Records Processed 4542
11:03:16.486 - Current Subscribers: 
bid     | ((10i;`);(11i;`))
quote   | ((10i;`);(11i;`))
statsTab| ,(9i;`)

11:03:17.485 - Records Processed 4544
11:03:17.486 - Current Subscribers: 
bid     | ((10i;`);(11i;`))
quote   | ((10i;`);(11i;`))
statsTab| ,(9i;`)

11:03:18.485 - Records Processed 4546
11:03:18.485 - Current Subscribers: 
bid     | ((10i;`);(11i;`))
quote   | ((10i;`);(11i;`))
statsTab| ,(9i;`)

11:03:19.485 - Records Processed 4548
11:03:19.485 - Current Subscribers: 
bid     | ((10i;`);(11i;`))
quote   | ((10i;`);(11i;`))
statsTab| ,(9i;`)

11:03:20.486 - Records Processed 4550
11:03:20.486 - Current Subscribers: 
bid     | ((10i;`);(11i;`))
quote   | ((10i;`);(11i;`))
statsTab| ,(9i;`)

11:03:21.485 - Records Processed 4552
11:03:21.485 - Current Subscribers: 
bid     | ((10i;`);(11i;`))
quote   | ((10i;`);(11i;`))
statsTab| ,(9i;`)

11:03:22.486 - Records Processed 4554
11:03:22.486 - Current Subscribers: 
bid     | ((10i;`);(11i;`))
quote   | ((10i;`);(11i;`))
statsTab| ,(9i;`)

11:03:23.485 - Records Processed 4556
11:03:23.485 - Current Subscribers: 
bid     | ((10i;`);(11i;`))
quote   | ((10i;`);(11i;`))
statsTab| ,(9i;`)

11:03:24.485 - Records Processed 4558
11:03:24.485 - Current Subscribers: 
bid     | ((10i;`);(11i;`))
quote   | ((10i;`);(11i;`))
statsTab| ,(9i;`)

11:03:25.485 - Records Processed 4560
11:03:25.485 - Current Subscribers: 
bid     | ((10i;`);(11i;`))
quote   | ((10i;`);(11i;`))
statsTab| ,(9i;`)

11:03:26.485 - Records Processed 4562
11:03:26.485 - Current Subscribers: 
bid     | ((10i;`);(11i;`))
quote   | ((10i;`);(11i;`))
statsTab| ,(9i;`)

11:03:27.485 - Records Processed 4564
11:03:27.485 - Current Subscribers: 
bid     | ((10i;`);(11i;`))
quote   | ((10i;`);(11i;`))
statsTab| ,(9i;`)

11:03:28.485 - Records Processed 4566
11:03:28.486 - Current Subscribers: 
bid     | ((10i;`);(11i;`))
quote   | ((10i;`);(11i;`))
statsTab| ,(9i;`)

11:03:29.485 - Records Processed 4568
11:03:29.485 - Current Subscribers: 
bid     | ((10i;`);(11i;`))
quote   | ((10i;`);(11i;`))
statsTab| ,(9i;`)

11:03:30.485 - Records Processed 4570
11:03:30.485 - Current Subscribers: 
bid     | ((10i;`);(11i;`))
quote   | ((10i;`);(11i;`))
statsTab| ,(9i;`)

11:03:31.486 - Records Processed 4572
11:03:31.486 - Current Subscribers: 
bid     | ((10i;`);(11i;`))
quote   | ((10i;`);(11i;`))
statsTab| ,(9i;`)

11:03:32.485 - Records Processed 4574
11:03:32.485 - Current Subscribers: 
bid     | ((10i;`);(11i;`))
quote   | ((10i;`);(11i;`))
statsTab| ,(9i;`)

11:03:33.485 - Records Processed 4576
11:03:33.485 - Current Subscribers: 
bid     | ((10i;`);(11i;`))
quote   | ((10i;`);(11i;`))
statsTab| ,(9i;`)

11:03:34.485 - Records Processed 4578
11:03:34.485 - Current Subscribers: 
bid     | ((10i;`);(11i;`))
quote   | ((10i;`);(11i;`))
statsTab| ,(9i;`)

11:03:35.485 - Records Processed 4580
11:03:35.485 - Current Subscribers: 
bid     | ((10i;`);(11i;`))
quote   | ((10i;`);(11i;`))
statsTab| ,(9i;`)

11:03:36.486 - Records Processed 4582
11:03:36.486 - Current Subscribers: 
bid     | ((10i;`);(11i;`))
quote   | ((10i;`);(11i;`))
statsTab| ,(9i;`)

11:03:37.485 - Records Processed 4584
11:03:37.485 - Current Subscribers: 
bid     | ((10i;`);(11i;`))
quote   | ((10i;`);(11i;`))
statsTab| ,(9i;`)

11:03:38.485 - Records Processed 4586
11:03:38.485 - Current Subscribers: 
bid     | ((10i;`);(11i;`))
quote   | ((10i;`);(11i;`))
statsTab| ,(9i;`)

11:03:39.485 - Records Processed 4588
11:03:39.485 - Current Subscribers: 
bid     | ((10i;`);(11i;`))
quote   | ((10i;`);(11i;`))
statsTab| ,(9i;`)

11:03:40.485 - Records Processed 4590
11:03:40.485 - Current Subscribers: 
bid     | ((10i;`);(11i;`))
quote   | ((10i;`);(11i;`))
statsTab| ,(9i;`)

11:03:41.485 - Records Processed 4592
11:03:41.485 - Current Subscribers: 
bid     | ((10i;`);(11i;`))
quote   | ((10i;`);(11i;`))
statsTab| ,(9i;`)

11:03:42.485 - Records Processed 4594
11:03:42.485 - Current Subscribers: 
bid     | ((10i;`);(11i;`))
quote   | ((10i;`);(11i;`))
statsTab| ,(9i;`)

11:03:43.486 - Records Processed 4596
11:03:43.486 - Current Subscribers: 
bid     | ((10i;`);(11i;`))
quote   | ((10i;`);(11i;`))
statsTab| ,(9i;`)

11:03:44.485 - Records Processed 4598
11:03:44.486 - Current Subscribers: 
bid     | ((10i;`);(11i;`))
quote   | ((10i;`);(11i;`))
statsTab| ,(9i;`)

11:03:45.485 - Records Processed 4600
11:03:45.485 - Current Subscribers: 
bid     | ((10i;`);(11i;`))
quote   | ((10i;`);(11i;`))
statsTab| ,(9i;`)

11:03:46.485 - Records Processed 4602
11:03:46.485 - Current Subscribers: 
bid     | ((10i;`);(11i;`))
quote   | ((10i;`);(11i;`))
statsTab| ,(9i;`)

11:03:47.485 - Records Processed 4604
11:03:47.485 - Current Subscribers: 
bid     | ((10i;`);(11i;`))
quote   | ((10i;`);(11i;`))
statsTab| ,(9i;`)

11:03:48.485 - Records Processed 4606
11:03:48.485 - Current Subscribers: 
bid     | ((10i;`);(11i;`))
quote   | ((10i;`);(11i;`))
statsTab| ,(9i;`)

11:03:49.485 - Records Processed 4608
11:03:49.485 - Current Subscribers: 
bid     | ((10i;`);(11i;`))
quote   | ((10i;`);(11i;`))
statsTab| ,(9i;`)

11:03:50.485 - Records Processed 4610
11:03:50.486 - Current Subscribers: 
bid     | ((10i;`);(11i;`))
quote   | ((10i;`);(11i;`))
statsTab| ,(9i;`)

11:03:51.485 - Records Processed 4612
11:03:51.485 - Current Subscribers: 
bid     | ((10i;`);(11i;`))
quote   | ((10i;`);(11i;`))
statsTab| ,(9i;`)

11:03:52.485 - Records Processed 4614
11:03:52.485 - Current Subscribers: 
bid     | ((10i;`);(11i;`))
quote   | ((10i;`);(11i;`))
statsTab| ,(9i;`)

11:03:53.485 - Records Processed 4616
11:03:53.486 - Current Subscribers: 
bid     | ((10i;`);(11i;`))
quote   | ((10i;`);(11i;`))
statsTab| ,(9i;`)

11:03:54.485 - Records Processed 4618
11:03:54.486 - Current Subscribers: 
bid     | ((10i;`);(11i;`))
quote   | ((10i;`);(11i;`))
statsTab| ,(9i;`)

11:03:55.485 - Records Processed 4620
11:03:55.485 - Current Subscribers: 
bid     | ((10i;`);(11i;`))
quote   | ((10i;`);(11i;`))
statsTab| ,(9i;`)

11:03:56.485 - Records Processed 4622
11:03:56.485 - Current Subscribers: 
bid     | ((10i;`);(11i;`))
quote   | ((10i;`);(11i;`))
statsTab| ,(9i;`)

11:03:57.485 - Records Processed 4624
11:03:57.486 - Current Subscribers: 
bid     | ((10i;`);(11i;`))
quote   | ((10i;`);(11i;`))
statsTab| ,(9i;`)

11:03:58.485 - Records Processed 4626
11:03:58.486 - Current Subscribers: 
bid     | ((10i;`);(11i;`))
quote   | ((10i;`);(11i;`))
statsTab| ,(9i;`)

11:03:59.485 - Records Processed 4628
11:03:59.485 - Current Subscribers: 
bid     | ((10i;`);(11i;`))
quote   | ((10i;`);(11i;`))
statsTab| ,(9i;`)

11:04:00.485 - Records Processed 4630
11:04:00.486 - Current Subscribers: 
bid     | ((10i;`);(11i;`))
quote   | ((10i;`);(11i;`))
statsTab| ,(9i;`)

11:04:01.485 - Records Processed 4632
11:04:01.485 - Current Subscribers: 
bid     | ((10i;`);(11i;`))
quote   | ((10i;`);(11i;`))
statsTab| ,(9i;`)

11:04:02.485 - Records Processed 4634
11:04:02.485 - Current Subscribers: 
bid     | ((10i;`);(11i;`))
quote   | ((10i;`);(11i;`))
statsTab| ,(9i;`)

11:04:03.485 - Records Processed 4636
11:04:03.485 - Current Subscribers: 
bid     | ((10i;`);(11i;`))
quote   | ((10i;`);(11i;`))
statsTab| ,(9i;`)

11:04:04.485 - Records Processed 4638
11:04:04.485 - Current Subscribers: 
bid     | ((10i;`);(11i;`))
quote   | ((10i;`);(11i;`))
statsTab| ,(9i;`)

11:04:05.485 - Records Processed 4640
11:04:05.486 - Current Subscribers: 
bid     | ((10i;`);(11i;`))
quote   | ((10i;`);(11i;`))
statsTab| ,(9i;`)

11:04:06.485 - Records Processed 4642
11:04:06.485 - Current Subscribers: 
bid     | ((10i;`);(11i;`))
quote   | ((10i;`);(11i;`))
statsTab| ,(9i;`)

11:04:07.485 - Records Processed 4644
11:04:07.485 - Current Subscribers: 
bid     | ((10i;`);(11i;`))
quote   | ((10i;`);(11i;`))
statsTab| ,(9i;`)

11:04:08.485 - Records Processed 4646
11:04:08.485 - Current Subscribers: 
bid     | ((10i;`);(11i;`))
quote   | ((10i;`);(11i;`))
statsTab| ,(9i;`)

11:04:09.485 - Records Processed 4648
11:04:09.486 - Current Subscribers: 
bid     | ((10i;`);(11i;`))
quote   | ((10i;`);(11i;`))
statsTab| ,(9i;`)

11:04:10.485 - Records Processed 4650
11:04:10.485 - Current Subscribers: 
bid     | ((10i;`);(11i;`))
quote   | ((10i;`);(11i;`))
statsTab| ,(9i;`)

11:04:11.485 - Records Processed 4652
11:04:11.485 - Current Subscribers: 
bid     | ((10i;`);(11i;`))
quote   | ((10i;`);(11i;`))
statsTab| ,(9i;`)

11:04:12.485 - Records Processed 4654
11:04:12.486 - Current Subscribers: 
bid     | ((10i;`);(11i;`))
quote   | ((10i;`);(11i;`))
statsTab| ,(9i;`)

11:04:13.485 - Records Processed 4656
11:04:13.486 - Current Subscribers: 
bid     | ((10i;`);(11i;`))
quote   | ((10i;`);(11i;`))
statsTab| ,(9i;`)

11:04:14.485 - Records Processed 4658
11:04:14.485 - Current Subscribers: 
bid     | ((10i;`);(11i;`))
quote   | ((10i;`);(11i;`))
statsTab| ,(9i;`)

11:04:15.485 - Records Processed 4660
11:04:15.485 - Current Subscribers: 
bid     | ((10i;`);(11i;`))
quote   | ((10i;`);(11i;`))
statsTab| ,(9i;`)

11:04:16.485 - Records Processed 4662
11:04:16.485 - Current Subscribers: 
bid     | ((10i;`);(11i;`))
quote   | ((10i;`);(11i;`))
statsTab| ,(9i;`)

11:04:17.485 - Records Processed 4664
11:04:17.486 - Current Subscribers: 
bid     | ((10i;`);(11i;`))
quote   | ((10i;`);(11i;`))
statsTab| ,(9i;`)

11:04:18.485 - Records Processed 4666
11:04:18.485 - Current Subscribers: 
bid     | ((10i;`);(11i;`))
quote   | ((10i;`);(11i;`))
statsTab| ,(9i;`)

11:04:19.485 - Records Processed 4668
11:04:19.485 - Current Subscribers: 
bid     | ((10i;`);(11i;`))
quote   | ((10i;`);(11i;`))
statsTab| ,(9i;`)

11:04:20.485 - Records Processed 4670
11:04:20.485 - Current Subscribers: 
bid     | ((10i;`);(11i;`))
quote   | ((10i;`);(11i;`))
statsTab| ,(9i;`)

11:04:21.485 - Records Processed 4672
11:04:21.486 - Current Subscribers: 
bid     | ((10i;`);(11i;`))
quote   | ((10i;`);(11i;`))
statsTab| ,(9i;`)

11:04:22.485 - Records Processed 4674
11:04:22.485 - Current Subscribers: 
bid     | ((10i;`);(11i;`))
quote   | ((10i;`);(11i;`))
statsTab| ,(9i;`)

11:04:23.485 - Records Processed 4676
11:04:23.486 - Current Subscribers: 
bid     | ((10i;`);(11i;`))
quote   | ((10i;`);(11i;`))
statsTab| ,(9i;`)

11:04:24.485 - Records Processed 4678
11:04:24.485 - Current Subscribers: 
bid     | 10i `
quote   | 10i `
statsTab| 9i ` 

11:04:25.485 - Records Processed 4680
11:04:25.486 - Current Subscribers: 
bid     | 10i `
quote   | 10i `
statsTab| 9i ` 

11:04:26.485 - Records Processed 4682
11:04:26.486 - Current Subscribers: 
bid     | 10i `
quote   | 10i `
statsTab| 9i ` 

11:04:27.485 - Records Processed 4684
11:04:27.486 - Current Subscribers: 
bid     | 10i `
quote   | 10i `
statsTab| 9i ` 

11:04:28.485 - Records Processed 4686
11:04:28.485 - Current Subscribers: 
bid     | 10i `
quote   | 10i `
statsTab| 9i ` 

11:04:29.486 - Records Processed 4688
11:04:29.486 - Current Subscribers: 
bid     | 10i `
quote   | 10i `
statsTab| 9i ` 

11:04:30.486 - Records Processed 4690
11:04:30.486 - Current Subscribers: 
bid     | 10i `
quote   | 10i `
statsTab| 9i ` 

11:04:31.485 - Records Processed 4692
11:04:31.485 - Current Subscribers: 
bid     | 10i `
quote   | 10i `
statsTab| 9i ` 

11:04:32.485 - Records Processed 4694
11:04:32.485 - Current Subscribers: 
bid     | 10i `
quote   | 10i `
statsTab| 9i ` 

11:04:33.485 - Records Processed 4696
11:04:33.485 - Current Subscribers: 
bid     | 10i `
quote   | 10i `
statsTab| 9i ` 

11:04:34.485 - Records Processed 4698
11:04:34.485 - Current Subscribers: 
bid     | 10i `
quote   | 10i `
statsTab| 9i ` 

11:04:35.485 - Records Processed 4700
11:04:35.485 - Current Subscribers: 
bid     | 10i `
quote   | 10i `
statsTab| 9i ` 

11:04:36.485 - Records Processed 4702
11:04:36.485 - Current Subscribers: 
bid     | 10i `
quote   | 10i `
statsTab| 9i ` 

11:04:37.485 - Records Processed 4704
11:04:37.485 - Current Subscribers: 
bid     | 10i `
quote   | 10i `
statsTab| 9i ` 

11:04:38.485 - Records Processed 4706
11:04:38.485 - Current Subscribers: 
bid     | 10i `
quote   | 10i `
statsTab| 9i ` 

11:04:39.485 - Records Processed 4708
11:04:39.485 - Current Subscribers: 
bid     | 10i `
quote   | 10i `
statsTab| 9i ` 

11:04:40.485 - Records Processed 4710
11:04:40.485 - Current Subscribers: 
bid     | 10i `
quote   | 10i `
statsTab| 9i ` 

11:04:41.485 - Records Processed 4712
11:04:41.486 - Current Subscribers: 
bid     | 10i `
quote   | 10i `
statsTab| 9i ` 

11:04:42.485 - Records Processed 4714
11:04:42.485 - Current Subscribers: 
bid     | 10i `
quote   | 10i `
statsTab| 9i ` 

11:04:43.485 - Records Processed 4716
11:04:43.486 - Current Subscribers: 
bid     | 10i `
quote   | 10i `
statsTab| 9i ` 

11:04:44.485 - Records Processed 4718
11:04:44.485 - Current Subscribers: 
bid     | 10i `
quote   | 10i `
statsTab| 9i ` 

11:04:45.486 - Records Processed 4720
11:04:45.486 - Current Subscribers: 
bid     | 10i `
quote   | 10i `
statsTab| 9i ` 

11:04:46.485 - Records Processed 4722
11:04:46.485 - Current Subscribers: 
bid     | 10i `
quote   | 10i `
statsTab| 9i ` 

11:04:47.486 - Records Processed 4724
11:04:47.486 - Current Subscribers: 
bid     | 10i `
quote   | 10i `
statsTab| 9i ` 

11:04:48.485 - Records Processed 4726
11:04:48.485 - Current Subscribers: 
bid     | 10i `
quote   | 10i `
statsTab| 9i ` 

11:04:49.485 - Records Processed 4728
11:04:49.485 - Current Subscribers: 
bid     | 10i `
quote   | 10i `
statsTab| 9i ` 

11:04:50.485 - Records Processed 4730
11:04:50.485 - Current Subscribers: 
bid     | 10i `
quote   | 10i `
statsTab| 9i ` 

11:04:51.485 - Records Processed 4732
11:04:51.485 - Current Subscribers: 
bid     | 10i `
quote   | 10i `
statsTab| 9i ` 

11:04:52.485 - Records Processed 4734
11:04:52.485 - Current Subscribers: 
bid     | 10i `
quote   | 10i `
statsTab| 9i ` 

11:04:53.485 - Records Processed 4736
11:04:53.485 - Current Subscribers: 
bid     | 10i `
quote   | 10i `
statsTab| 9i ` 

11:04:54.485 - Records Processed 4738
11:04:54.485 - Current Subscribers: 
bid     | 10i `
quote   | 10i `
statsTab| 9i ` 

11:04:55.485 - Records Processed 4740
11:04:55.485 - Current Subscribers: 
bid     | 10i `
quote   | 10i `
statsTab| 9i ` 

11:04:56.485 - Records Processed 4742
11:04:56.485 - Current Subscribers: 
bid     | 10i `
quote   | 10i `
statsTab| 9i ` 

11:04:57.485 - Records Processed 4744
11:04:57.486 - Current Subscribers: 
bid     | 10i `
quote   | 10i `
statsTab| 9i ` 

11:04:58.485 - Records Processed 4746
11:04:58.485 - Current Subscribers: 
bid     | 10i `
quote   | 10i `
statsTab| 9i ` 

11:04:59.485 - Records Processed 4748
11:04:59.485 - Current Subscribers: 
bid     | 10i `
quote   | 10i `
statsTab| 9i ` 

11:05:00.485 - Records Processed 4750
11:05:00.485 - Current Subscribers: 
bid     | 10i `
quote   | 10i `
statsTab| 9i ` 

11:05:01.485 - Records Processed 4752
11:05:01.485 - Current Subscribers: 
bid     | 10i `
quote   | 10i `
statsTab| 9i ` 

11:05:02.485 - Records Processed 4754
11:05:02.485 - Current Subscribers: 
bid     | 10i `
quote   | 10i `
statsTab| 9i ` 

11:05:03.485 - Records Processed 4756
11:05:03.485 - Current Subscribers: 
bid     | 10i `
quote   | 10i `
statsTab| 9i ` 

11:05:04.485 - Records Processed 4758
11:05:04.485 - Current Subscribers: 
bid     | 10i `
quote   | 10i `
statsTab| 9i ` 

11:05:05.485 - Records Processed 4760
11:05:05.485 - Current Subscribers: 
bid     | 10i `
quote   | 10i `
statsTab| 9i ` 

11:05:06.485 - Records Processed 4762
11:05:06.485 - Current Subscribers: 
bid     | 10i `
quote   | 10i `
statsTab| 9i ` 

11:05:07.484 - Records Processed 4764
11:05:07.485 - Current Subscribers: 
bid     | 10i `
quote   | 10i `
statsTab| 9i ` 

11:05:08.485 - Records Processed 4766
11:05:08.486 - Current Subscribers: 
bid     | 10i `
quote   | 10i `
statsTab| 9i ` 

11:05:09.485 - Records Processed 4768
11:05:09.485 - Current Subscribers: 
bid     | 10i `
quote   | 10i `
statsTab| 9i ` 

11:05:10.485 - Records Processed 4770
11:05:10.486 - Current Subscribers: 
bid     | 10i `
quote   | 10i `
statsTab| 9i ` 

11:05:11.485 - Records Processed 4772
11:05:11.485 - Current Subscribers: 
bid     | 10i `
quote   | 10i `
statsTab| 9i ` 

11:05:12.485 - Records Processed 4774
11:05:12.486 - Current Subscribers: 
bid     | 10i `
quote   | 10i `
statsTab| 9i ` 

11:05:13.485 - Records Processed 4776
11:05:13.485 - Current Subscribers: 
bid     | 10i `
quote   | 10i `
statsTab| 9i ` 

11:05:14.485 - Records Processed 4778
11:05:14.485 - Current Subscribers: 
bid     | 10i `
quote   | 10i `
statsTab| 9i ` 

11:05:15.485 - Records Processed 4780
11:05:15.485 - Current Subscribers: 
bid     | 10i `
quote   | 10i `
statsTab| 9i ` 

11:05:16.485 - Records Processed 4782
11:05:16.485 - Current Subscribers: 
bid     | 10i `
quote   | 10i `
statsTab| 9i ` 

11:05:17.485 - Records Processed 4784
11:05:17.485 - Current Subscribers: 
bid     | 10i `
quote   | 10i `
statsTab| 9i ` 

11:05:18.485 - Records Processed 4786
11:05:18.485 - Current Subscribers: 
bid     | 10i `
quote   | 10i `
statsTab| 9i ` 

11:05:19.485 - Records Processed 4788
11:05:19.485 - Current Subscribers: 
bid     | 10i `
quote   | 10i `
statsTab| 9i ` 

11:05:20.484 - Records Processed 4790
11:05:20.485 - Current Subscribers: 
bid     | 10i `
quote   | 10i `
statsTab| 9i ` 

11:05:21.485 - Records Processed 4792
11:05:21.485 - Current Subscribers: 
bid     | 10i `
quote   | 10i `
statsTab| 9i ` 

11:05:22.485 - Records Processed 4794
11:05:22.485 - Current Subscribers: 
bid     | 10i `
quote   | 10i `
statsTab| 9i ` 

11:05:23.485 - Records Processed 4796
11:05:23.485 - Current Subscribers: 
bid     | 10i `
quote   | 10i `
statsTab| 9i ` 

11:05:24.485 - Records Processed 4798
11:05:24.485 - Current Subscribers: 
bid     | 10i `
quote   | 10i `
statsTab| 9i ` 

11:05:25.485 - Records Processed 4800
11:05:25.485 - Current Subscribers: 
bid     | 10i `
quote   | 10i `
statsTab| 9i ` 

11:05:26.485 - Records Processed 4802
11:05:26.485 - Current Subscribers: 
bid     | 10i `
quote   | 10i `
statsTab| 9i ` 

11:05:27.485 - Records Processed 4804
11:05:27.486 - Current Subscribers: 
bid     | 10i `
quote   | 10i `
statsTab| 9i ` 

11:05:28.485 - Records Processed 4806
11:05:28.486 - Current Subscribers: 
bid     | 10i `
quote   | 10i `
statsTab| 9i ` 

11:05:29.486 - Records Processed 4808
11:05:29.486 - Current Subscribers: 
bid     | 10i `
quote   | 10i `
statsTab| 9i ` 

11:05:30.485 - Records Processed 4810
11:05:30.485 - Current Subscribers: 
bid     | 10i `
quote   | 10i `
statsTab| 9i ` 

11:05:31.485 - Records Processed 4812
11:05:31.486 - Current Subscribers: 
bid     | 10i `
quote   | 10i `
statsTab| 9i ` 

11:05:32.485 - Records Processed 4814
11:05:32.485 - Current Subscribers: 
bid     | 10i `
quote   | 10i `
statsTab| 9i ` 

11:05:33.485 - Records Processed 4816
11:05:33.485 - Current Subscribers: 
bid     | 10i `
quote   | 10i `
statsTab| 9i ` 

11:05:34.485 - Records Processed 4818
11:05:34.485 - Current Subscribers: 
bid     | 10i `
quote   | 10i `
statsTab| 9i ` 

11:05:35.485 - Records Processed 4820
11:05:35.485 - Current Subscribers: 
bid     | 10i `
quote   | 10i `
statsTab| 9i ` 

11:05:36.485 - Records Processed 4822
11:05:36.485 - Current Subscribers: 
bid     | 10i `
quote   | 10i `
statsTab| 9i ` 

11:05:37.486 - Records Processed 4824
11:05:37.486 - Current Subscribers: 
bid     | 10i `
quote   | 10i `
statsTab| 9i ` 

11:05:38.485 - Records Processed 4826
11:05:38.486 - Current Subscribers: 
bid     | 10i `
quote   | 10i `
statsTab| 9i ` 

11:05:39.485 - Records Processed 4828
11:05:39.485 - Current Subscribers: 
bid     | 10i `
quote   | 10i `
statsTab| 9i ` 

11:05:40.485 - Records Processed 4830
11:05:40.485 - Current Subscribers: 
bid     | 10i `
quote   | 10i `
statsTab| 9i ` 

11:05:41.485 - Records Processed 4832
11:05:41.485 - Current Subscribers: 
bid     | 10i `
quote   | 10i `
statsTab| 9i ` 

11:05:42.485 - Records Processed 4834
11:05:42.485 - Current Subscribers: 
bid     | 10i `
quote   | 10i `
statsTab| 9i ` 

11:05:43.485 - Records Processed 4836
11:05:43.486 - Current Subscribers: 
bid     | 10i `
quote   | 10i `
statsTab| 9i ` 

11:05:44.485 - Records Processed 4838
11:05:44.485 - Current Subscribers: 
bid     | 10i `
quote   | 10i `
statsTab| 9i ` 

11:05:45.485 - Records Processed 4840
11:05:45.485 - Current Subscribers: 
bid     | 10i `
quote   | 10i `
statsTab| 9i ` 

11:05:46.485 - Records Processed 4842
11:05:46.485 - Current Subscribers: 
bid     | 10i `
quote   | 10i `
statsTab| 9i ` 

11:05:47.485 - Records Processed 4844
11:05:47.485 - Current Subscribers: 
bid     | 10i `
quote   | 10i `
statsTab| 9i ` 

11:05:48.486 - Records Processed 4846
11:05:48.486 - Current Subscribers: 
bid     | 10i `
quote   | 10i `
statsTab| 9i ` 

11:05:49.485 - Records Processed 4848
11:05:49.485 - Current Subscribers: 
bid     | 10i `
quote   | 10i `
statsTab| 9i ` 

11:05:50.485 - Records Processed 4850
11:05:50.485 - Current Subscribers: 
bid     | 10i `
quote   | 10i `
statsTab| 9i ` 

11:05:51.485 - Records Processed 4852
11:05:51.485 - Current Subscribers: 
bid     | 10i `
quote   | 10i `
statsTab| 9i ` 

11:05:52.485 - Records Processed 4854
11:05:52.485 - Current Subscribers: 
bid     | 10i `
quote   | 10i `
statsTab| 9i ` 

11:05:53.485 - Records Processed 4856
11:05:53.486 - Current Subscribers: 
bid     | 10i `
quote   | 10i `
statsTab| 9i ` 

11:05:54.485 - Records Processed 4858
11:05:54.485 - Current Subscribers: 
bid     | 10i `
quote   | 10i `
statsTab| 9i ` 

11:05:55.485 - Records Processed 4860
11:05:55.485 - Current Subscribers: 
bid     | 10i `
quote   | 10i `
statsTab| 9i ` 

11:05:56.485 - Records Processed 4862
11:05:56.485 - Current Subscribers: 
bid     | 10i `
quote   | 10i `
statsTab| 9i ` 

11:05:57.485 - Records Processed 4864
11:05:57.485 - Current Subscribers: 
bid     | 10i `
quote   | 10i `
statsTab| 9i ` 

11:05:58.485 - Records Processed 4866
11:05:58.486 - Current Subscribers: 
bid     | 10i `
quote   | 10i `
statsTab| 9i ` 

11:05:59.484 - Records Processed 4868
11:05:59.485 - Current Subscribers: 
bid     | 10i `
quote   | 10i `
statsTab| 9i ` 

11:06:00.485 - Records Processed 4870
11:06:00.486 - Current Subscribers: 
bid     | 10i `
quote   | 10i `
statsTab| 9i ` 

11:06:01.485 - Records Processed 4872
11:06:01.485 - Current Subscribers: 
bid     | 10i `
quote   | 10i `
statsTab| 9i ` 

11:06:02.485 - Records Processed 4874
11:06:02.485 - Current Subscribers: 
bid     | 10i `
quote   | 10i `
statsTab| 9i ` 

11:06:03.485 - Records Processed 4876
11:06:03.485 - Current Subscribers: 
bid     | 10i `
quote   | 10i `
statsTab| 9i ` 

11:06:04.485 - Records Processed 4878
11:06:04.485 - Current Subscribers: 
bid     | 10i `
quote   | 10i `
statsTab| 9i ` 

11:06:05.485 - Records Processed 4880
11:06:05.485 - Current Subscribers: 
bid     | 10i `
quote   | 10i `
statsTab| 9i ` 

11:06:06.485 - Records Processed 4882
11:06:06.485 - Current Subscribers: 
bid     | 10i `
quote   | 10i `
statsTab| 9i ` 

11:06:07.485 - Records Processed 4884
11:06:07.485 - Current Subscribers: 
bid     | 10i `
quote   | 10i `
statsTab| 9i ` 

11:06:08.485 - Records Processed 4886
11:06:08.485 - Current Subscribers: 
bid     | 10i `
quote   | 10i `
statsTab| 9i ` 

11:06:09.485 - Records Processed 4888
11:06:09.485 - Current Subscribers: 
bid     | 10i `
quote   | 10i `
statsTab| 9i ` 

11:06:10.485 - Records Processed 4890
11:06:10.485 - Current Subscribers: 
bid     | 10i `
quote   | 10i `
statsTab| 9i ` 

11:06:11.485 - Records Processed 4892
11:06:11.485 - Current Subscribers: 
bid     | 10i `
quote   | 10i `
statsTab| 9i ` 

11:06:12.485 - Records Processed 4894
11:06:12.485 - Current Subscribers: 
bid     | 10i `
quote   | 10i `
statsTab| 9i ` 

11:06:13.485 - Records Processed 4896
11:06:13.485 - Current Subscribers: 
bid     | 10i `
quote   | 10i `
statsTab| 9i ` 

11:06:14.486 - Records Processed 4898
11:06:14.486 - Current Subscribers: 
bid     | 10i `
quote   | 10i `
statsTab| 9i ` 

11:06:15.485 - Records Processed 4900
11:06:15.485 - Current Subscribers: 
bid     | 10i `
quote   | 10i `
statsTab| 9i ` 

11:06:16.485 - Records Processed 4902
11:06:16.486 - Current Subscribers: 
bid     | 10i `
quote   | 10i `
statsTab| 9i ` 

11:06:17.485 - Records Processed 4904
11:06:17.485 - Current Subscribers: 
bid     | 10i `
quote   | 10i `
statsTab| 9i ` 

11:06:18.485 - Records Processed 4906
11:06:18.485 - Current Subscribers: 
bid     | 10i `
quote   | 10i `
statsTab| 9i ` 

11:06:19.485 - Records Processed 4908
11:06:19.485 - Current Subscribers: 
bid     | 10i `
quote   | 10i `
statsTab| 9i ` 

11:06:20.485 - Records Processed 4910
11:06:20.485 - Current Subscribers: 
bid     | 10i `
quote   | 10i `
statsTab| 9i ` 

11:06:21.485 - Records Processed 4912
11:06:21.487 - Current Subscribers: 
bid     | 10i `
quote   | 10i `
statsTab| 9i ` 

11:06:22.485 - Records Processed 4914
11:06:22.485 - Current Subscribers: 
bid     | 10i `
quote   | 10i `
statsTab| 9i ` 

11:06:23.486 - Records Processed 4916
11:06:23.486 - Current Subscribers: 
bid     | 10i `
quote   | 10i `
statsTab| 9i ` 

11:06:24.485 - Records Processed 4918
11:06:24.485 - Current Subscribers: 
bid     | 10i `
quote   | 10i `
statsTab| 9i ` 

11:06:25.485 - Records Processed 4920
11:06:25.485 - Current Subscribers: 
bid     | 10i `
quote   | 10i `
statsTab| 9i ` 

11:06:26.485 - Records Processed 4922
11:06:26.485 - Current Subscribers: 
bid     | 10i `
quote   | 10i `
statsTab| 9i ` 

11:06:27.485 - Records Processed 4924
11:06:27.485 - Current Subscribers: 
bid     | 10i `
quote   | 10i `
statsTab| 9i ` 

11:06:28.485 - Records Processed 4926
11:06:28.485 - Current Subscribers: 
bid     | 10i `
quote   | 10i `
statsTab| 9i ` 

11:06:29.485 - Records Processed 4928
11:06:29.485 - Current Subscribers: 
bid     | 10i `
quote   | 10i `
statsTab| 9i ` 

11:06:30.485 - Records Processed 4930
11:06:30.485 - Current Subscribers: 
bid     | 10i `
quote   | 10i `
statsTab| 9i ` 

11:06:31.485 - Records Processed 4932
11:06:31.485 - Current Subscribers: 
bid     | 10i `
quote   | 10i `
statsTab| 9i ` 

11:06:32.485 - Records Processed 4934
11:06:32.485 - Current Subscribers: 
bid     | 10i `
quote   | 10i `
statsTab| 9i ` 

11:06:33.485 - Records Processed 4936
11:06:33.485 - Current Subscribers: 
bid     | 10i `
quote   | 10i `
statsTab| 9i ` 

11:06:34.485 - Records Processed 4938
11:06:34.485 - Current Subscribers: 
bid     | 10i `
quote   | 10i `
statsTab| 9i ` 

11:06:35.485 - Records Processed 4940
11:06:35.485 - Current Subscribers: 
bid     | 10i `
quote   | 10i `
statsTab| 9i ` 

11:06:36.485 - Records Processed 4942
11:06:36.486 - Current Subscribers: 
bid     | 10i `
quote   | 10i `
statsTab| 9i ` 

11:06:37.485 - Records Processed 4944
11:06:37.485 - Current Subscribers: 
bid     | 10i `
quote   | 10i `
statsTab| 9i ` 

11:06:38.485 - Records Processed 4946
11:06:38.485 - Current Subscribers: 
bid     | 10i `
quote   | 10i `
statsTab| 9i ` 

11:06:39.485 - Records Processed 4948
11:06:39.485 - Current Subscribers: 
bid     | 10i `
quote   | 10i `
statsTab| 9i ` 

11:06:40.485 - Records Processed 4950
11:06:40.485 - Current Subscribers: 
bid     | 10i `
quote   | 10i `
statsTab| 9i ` 

11:06:41.485 - Records Processed 4952
11:06:41.485 - Current Subscribers: 
bid     | 10i `
quote   | 10i `
statsTab| 9i ` 

11:06:42.485 - Records Processed 4954
11:06:42.485 - Current Subscribers: 
bid     | 10i `
quote   | 10i `
statsTab| 9i ` 

11:06:43.485 - Records Processed 4956
11:06:43.485 - Current Subscribers: 
bid     | 10i `
quote   | 10i `
statsTab| 9i ` 

11:06:44.485 - Records Processed 4958
11:06:44.485 - Current Subscribers: 
bid     | 10i `
quote   | 10i `
statsTab| 9i ` 

11:06:45.485 - Records Processed 4960
11:06:45.485 - Current Subscribers: 
bid     | 10i `
quote   | 10i `
statsTab| 9i ` 

11:06:46.485 - Records Processed 4962
11:06:46.485 - Current Subscribers: 
bid     | 10i `
quote   | 10i `
statsTab| 9i ` 

11:06:47.485 - Records Processed 4964
11:06:47.485 - Current Subscribers: 
bid     | 10i `
quote   | 10i `
statsTab| 9i ` 

11:06:48.485 - Records Processed 4966
11:06:48.485 - Current Subscribers: 
bid     | 10i `
quote   | 10i `
statsTab| 9i ` 

11:06:49.485 - Records Processed 4968
11:06:49.485 - Current Subscribers: 
bid     | 10i `
quote   | 10i `
statsTab| 9i ` 

11:06:50.485 - Records Processed 4970
11:06:50.485 - Current Subscribers: 
bid     | 10i `
quote   | 10i `
statsTab| 9i ` 

11:06:51.485 - Records Processed 4972
11:06:51.485 - Current Subscribers: 
bid     | 10i `
quote   | 10i `
statsTab| 9i ` 

11:06:52.485 - Records Processed 4974
11:06:52.486 - Current Subscribers: 
bid     | 10i `
quote   | 10i `
statsTab| 9i ` 

11:06:53.485 - Records Processed 4976
11:06:53.485 - Current Subscribers: 
bid     | 10i `
quote   | 10i `
statsTab| 9i ` 

11:06:54.485 - Records Processed 4978
11:06:54.485 - Current Subscribers: 
bid     | 10i `
quote   | 10i `
statsTab| 9i ` 

11:06:55.485 - Records Processed 4980
11:06:55.485 - Current Subscribers: 
bid     | 10i `
quote   | 10i `
statsTab| 9i ` 

11:06:56.485 - Records Processed 4982
11:06:56.485 - Current Subscribers: 
bid     | 10i `
quote   | 10i `
statsTab| 9i ` 

11:06:57.485 - Records Processed 4984
11:06:57.485 - Current Subscribers: 
bid     | 10i `
quote   | 10i `
statsTab| 9i ` 

11:06:58.485 - Records Processed 4986
11:06:58.486 - Current Subscribers: 
bid     | 10i `
quote   | 10i `
statsTab| 9i ` 

11:06:59.485 - Records Processed 4988
11:06:59.485 - Current Subscribers: 
bid     | 10i `
quote   | 10i `
statsTab| 9i ` 

11:07:00.485 - Records Processed 4990
11:07:00.486 - Current Subscribers: 
bid     | 10i `
quote   | 10i `
statsTab| 9i ` 

11:07:01.485 - Records Processed 4992
11:07:01.485 - Current Subscribers: 
bid     | 10i `
quote   | 10i `
statsTab| 9i ` 

11:07:02.485 - Records Processed 4994
11:07:02.485 - Current Subscribers: 
bid     | 10i `
quote   | 10i `
statsTab| 9i ` 

11:07:03.485 - Records Processed 4996
11:07:03.485 - Current Subscribers: 
bid     | 10i `
quote   | 10i `
statsTab| 9i ` 

11:07:04.485 - Records Processed 4998
11:07:04.486 - Current Subscribers: 
bid     | 10i `
quote   | 10i `
statsTab| 9i ` 

11:07:05.485 - Records Processed 5000
11:07:05.485 - Current Subscribers: 
bid     | 10i `
quote   | 10i `
statsTab| 9i ` 

11:07:06.485 - Records Processed 5002
11:07:06.486 - Current Subscribers: 
bid     | 10i `
quote   | 10i `
statsTab| 9i ` 

11:07:07.485 - Records Processed 5004
11:07:07.485 - Current Subscribers: 
bid     | 10i `
quote   | 10i `
statsTab| 9i ` 

11:07:08.485 - Records Processed 5006
11:07:08.485 - Current Subscribers: 
bid     | 10i `
quote   | 10i `
statsTab| 9i ` 

11:07:09.485 - Records Processed 5008
11:07:09.485 - Current Subscribers: 
bid     | 10i `
quote   | 10i `
statsTab| 9i ` 

11:07:10.485 - Records Processed 5010
11:07:10.485 - Current Subscribers: 
bid     | 10i `
quote   | 10i `
statsTab| 9i ` 

11:07:11.485 - Records Processed 5012
11:07:11.485 - Current Subscribers: 
bid     | 10i `
quote   | 10i `
statsTab| 9i ` 

11:07:12.485 - Records Processed 5014
11:07:12.485 - Current Subscribers: 
bid     | 10i `
quote   | 10i `
statsTab| 9i ` 

11:07:13.485 - Records Processed 5016
11:07:13.485 - Current Subscribers: 
bid     | 10i `
quote   | 10i `
statsTab| 9i ` 

11:07:14.485 - Records Processed 5018
11:07:14.485 - Current Subscribers: 
bid     | 10i `
quote   | 10i `
statsTab| 9i ` 

11:07:15.485 - Records Processed 5020
11:07:15.485 - Current Subscribers: 
bid     | 10i `
quote   | 10i `
statsTab| 9i ` 

11:07:16.485 - Records Processed 5022
11:07:16.485 - Current Subscribers: 
bid     | 10i `
quote   | 10i `
statsTab| 9i ` 

11:07:17.485 - Records Processed 5024
11:07:17.485 - Current Subscribers: 
bid     | 10i `
quote   | 10i `
statsTab| 9i ` 

11:07:18.485 - Records Processed 5026
11:07:18.485 - Current Subscribers: 
bid     | 10i `
quote   | 10i `
statsTab| 9i ` 

11:07:19.485 - Records Processed 5028
11:07:19.485 - Current Subscribers: 
bid     | 10i `
quote   | 10i `
statsTab| 9i ` 

11:07:20.485 - Records Processed 5030
11:07:20.485 - Current Subscribers: 
bid     | 10i `
quote   | 10i `
statsTab| 9i ` 

11:07:21.485 - Records Processed 5032
11:07:21.485 - Current Subscribers: 
bid     | 10i `
quote   | 10i `
statsTab| 9i ` 

11:07:22.485 - Records Processed 5034
11:07:22.485 - Current Subscribers: 
bid     | 10i `
quote   | 10i `
statsTab| 9i ` 

11:07:23.485 - Records Processed 5036
11:07:23.485 - Current Subscribers: 
bid     | 10i `
quote   | 10i `
statsTab| 9i ` 

11:07:24.485 - Records Processed 5038
11:07:24.485 - Current Subscribers: 
bid     | 10i `
quote   | 10i `
statsTab| 9i ` 

11:07:25.485 - Records Processed 5040
11:07:25.485 - Current Subscribers: 
bid     | 10i `
quote   | 10i `
statsTab| 9i ` 

11:07:26.485 - Records Processed 5042
11:07:26.485 - Current Subscribers: 
bid     | 10i `
quote   | 10i `
statsTab| 9i ` 

11:07:27.485 - Records Processed 5044
11:07:27.485 - Current Subscribers: 
bid     | 10i `
quote   | 10i `
statsTab| 9i ` 

11:07:28.485 - Records Processed 5046
11:07:28.486 - Current Subscribers: 
bid     | 10i `
quote   | 10i `
statsTab| 9i ` 

11:07:29.485 - Records Processed 5048
11:07:29.485 - Current Subscribers: 
bid     | 10i `
quote   | 10i `
statsTab| 9i ` 

11:07:30.485 - Records Processed 5050
11:07:30.485 - Current Subscribers: 
bid     | 10i `
quote   | 10i `
statsTab| 9i ` 

11:07:31.485 - Records Processed 5052
11:07:31.486 - Current Subscribers: 
bid     | 10i `
quote   | 10i `
statsTab| 9i ` 

11:07:32.486 - Records Processed 5054
11:07:32.486 - Current Subscribers: 
bid     | 10i `
quote   | 10i `
statsTab| 9i ` 

11:07:33.485 - Records Processed 5056
11:07:33.485 - Current Subscribers: 
bid     | 10i `
quote   | 10i `
statsTab| 9i ` 

11:07:34.485 - Records Processed 5058
11:07:34.485 - Current Subscribers: 
bid     | 10i `
quote   | 10i `
statsTab| 9i ` 

11:07:35.485 - Records Processed 5060
11:07:35.486 - Current Subscribers: 
bid     | 10i `
quote   | 10i `
statsTab| 9i ` 

11:07:36.485 - Records Processed 5062
11:07:36.485 - Current Subscribers: 
bid     | 10i `
quote   | 10i `
statsTab| 9i ` 

11:07:37.485 - Records Processed 5064
11:07:37.485 - Current Subscribers: 
bid     | 10i `
quote   | 10i `
statsTab| 9i ` 

11:07:38.485 - Records Processed 5066
11:07:38.485 - Current Subscribers: 
bid     | 10i `
quote   | 10i `
statsTab| 9i ` 

11:07:39.485 - Records Processed 5068
11:07:39.486 - Current Subscribers: 
bid     | 10i `
quote   | 10i `
statsTab| 9i ` 

11:07:40.485 - Records Processed 5070
11:07:40.485 - Current Subscribers: 
bid     | 10i `
quote   | 10i `
statsTab| 9i ` 

11:07:41.485 - Records Processed 5072
11:07:41.486 - Current Subscribers: 
bid     | 10i `
quote   | 10i `
statsTab| 9i ` 

11:07:42.485 - Records Processed 5074
11:07:42.485 - Current Subscribers: 
bid     | 10i `
quote   | 10i `
statsTab| 9i ` 

11:07:43.485 - Records Processed 5076
11:07:43.486 - Current Subscribers: 
bid     | 10i `
quote   | 10i `
statsTab| 9i ` 

11:07:44.485 - Records Processed 5078
11:07:44.485 - Current Subscribers: 
bid     | 10i `
quote   | 10i `
statsTab| 9i ` 

11:07:45.485 - Records Processed 5080
11:07:45.486 - Current Subscribers: 
bid     | 10i `
quote   | 10i `
statsTab| 9i ` 

11:07:46.485 - Records Processed 5082
11:07:46.485 - Current Subscribers: 
bid     | 10i `
quote   | 10i `
statsTab| 9i ` 

11:07:47.485 - Records Processed 5084
11:07:47.486 - Current Subscribers: 
bid     | 10i `
quote   | 10i `
statsTab| 9i ` 

11:07:48.485 - Records Processed 5086
11:07:48.485 - Current Subscribers: 
bid     | 10i `
quote   | 10i `
statsTab| 9i ` 

11:07:49.485 - Records Processed 5088
11:07:49.485 - Current Subscribers: 
bid     | 10i `
quote   | 10i `
statsTab| 9i ` 

11:07:50.485 - Records Processed 5090
11:07:50.486 - Current Subscribers: 
bid     | 10i `
quote   | 10i `
statsTab| 9i ` 

11:07:51.484 - Records Processed 5092
11:07:51.485 - Current Subscribers: 
bid     | 10i `
quote   | 10i `
statsTab| 9i ` 

11:07:52.485 - Records Processed 5094
11:07:52.485 - Current Subscribers: 
bid     | 10i `
quote   | 10i `
statsTab| 9i ` 

11:07:53.485 - Records Processed 5096
11:07:53.485 - Current Subscribers: 
bid     | 10i `
quote   | 10i `
statsTab| 9i ` 

11:07:54.485 - Records Processed 5098
11:07:54.485 - Current Subscribers: 
bid     | 10i `
quote   | 10i `
statsTab| 9i ` 

11:07:55.485 - Records Processed 5100
11:07:55.485 - Current Subscribers: 
bid     | 10i `
quote   | 10i `
statsTab| 9i ` 

11:07:56.485 - Records Processed 5102
11:07:56.485 - Current Subscribers: 
bid     | 10i `
quote   | 10i `
statsTab| 9i ` 

11:07:57.485 - Records Processed 5104
11:07:57.485 - Current Subscribers: 
bid     | 10i `
quote   | 10i `
statsTab| 9i ` 

11:07:58.485 - Records Processed 5106
11:07:58.485 - Current Subscribers: 
bid     | 10i `
quote   | 10i `
statsTab| 9i ` 

11:07:59.485 - Records Processed 5108
11:07:59.486 - Current Subscribers: 
bid     | 10i `
quote   | 10i `
statsTab| 9i ` 

11:08:00.485 - Records Processed 5110
11:08:00.486 - Current Subscribers: 
bid     | 10i `
quote   | 10i `
statsTab| 9i ` 

11:08:01.485 - Records Processed 5112
11:08:01.486 - Current Subscribers: 
bid     | 10i `
quote   | 10i `
statsTab| 9i ` 

11:08:02.485 - Records Processed 5114
11:08:02.485 - Current Subscribers: 
bid     | 10i `
quote   | 10i `
statsTab| 9i ` 

11:08:03.485 - Records Processed 5116
11:08:03.485 - Current Subscribers: 
bid     | 10i `
quote   | 10i `
statsTab| 9i ` 

11:08:04.485 - Records Processed 5118
11:08:04.485 - Current Subscribers: 
bid     | 10i `
quote   | 10i `
statsTab| 9i ` 

11:08:05.485 - Records Processed 5120
11:08:05.485 - Current Subscribers: 
bid     | 10i `
quote   | 10i `
statsTab| 9i ` 

11:08:06.485 - Records Processed 5122
11:08:06.485 - Current Subscribers: 
bid     | 10i `
quote   | 10i `
statsTab| 9i ` 

11:08:07.485 - Records Processed 5124
11:08:07.485 - Current Subscribers: 
bid     | 10i `
quote   | 10i `
statsTab| 9i ` 

11:08:08.485 - Records Processed 5126
11:08:08.486 - Current Subscribers: 
bid     | 10i `
quote   | 10i `
statsTab| 9i ` 

11:08:09.485 - Records Processed 5128
11:08:09.485 - Current Subscribers: 
bid     | 10i `
quote   | 10i `
statsTab| 9i ` 

11:08:10.486 - Records Processed 5130
11:08:10.486 - Current Subscribers: 
bid     | 10i `
quote   | 10i `
statsTab| 9i ` 

11:08:11.485 - Records Processed 5132
11:08:11.485 - Current Subscribers: 
bid     | 10i `
quote   | 10i `
statsTab| 9i ` 

11:08:12.485 - Records Processed 5134
11:08:12.485 - Current Subscribers: 
bid     | 10i `
quote   | 10i `
statsTab| 9i ` 

11:08:13.485 - Records Processed 5136
11:08:13.486 - Current Subscribers: 
bid     | 10i `
quote   | 10i `
statsTab| 9i ` 

11:08:14.485 - Records Processed 5138
11:08:14.486 - Current Subscribers: 
bid     | 10i `
quote   | 10i `
statsTab| 9i ` 

11:08:15.485 - Records Processed 5140
11:08:15.486 - Current Subscribers: 
bid     | 10i `
quote   | 10i `
statsTab| 9i ` 

11:08:16.485 - Records Processed 5142
11:08:16.485 - Current Subscribers: 
bid     | 10i `
quote   | 10i `
statsTab| 9i ` 

11:08:17.485 - Records Processed 5144
11:08:17.485 - Current Subscribers: 
bid     | 10i `
quote   | 10i `
statsTab| 9i ` 

11:08:18.485 - Records Processed 5146
11:08:18.486 - Current Subscribers: 
bid     | 10i `
quote   | 10i `
statsTab| 9i ` 

11:08:19.486 - Records Processed 5148
11:08:19.486 - Current Subscribers: 
bid     | 10i `
quote   | 10i `
statsTab| 9i ` 

11:08:20.485 - Records Processed 5150
11:08:20.485 - Current Subscribers: 
bid     | 10i `
quote   | 10i `
statsTab| 9i ` 

11:08:21.485 - Records Processed 5152
11:08:21.486 - Current Subscribers: 
bid     | 10i `
quote   | 10i `
statsTab| 9i ` 

11:08:22.485 - Records Processed 5154
11:08:22.485 - Current Subscribers: 
bid     | 10i `
quote   | 10i `
statsTab| 9i ` 

11:08:23.485 - Records Processed 5156
11:08:23.485 - Current Subscribers: 
bid     | 10i `
quote   | 10i `
statsTab| 9i ` 

11:08:24.484 - Records Processed 5158
11:08:24.484 - Current Subscribers: 
bid     | 10i `
quote   | 10i `
statsTab| 9i ` 

11:08:25.505 - Records Processed 5160
11:08:25.506 - Current Subscribers: 
bid     | 10i `
quote   | 10i `
statsTab| 9i ` 

