12:42:45.517 - Records Processed 3207
12:42:45.517 - Current Subscribers: 
bid     | 
quote   | 
statsTab| 

12:42:46.519 - Records Processed 3207
12:42:46.519 - Current Subscribers: 
bid     | 
quote   | 
statsTab| 

12:42:47.519 - Records Processed 3207
12:42:47.519 - Current Subscribers: 
bid     | 
quote   | 
statsTab| 

12:42:48.172 - Records Processed 3207
12:42:48.173 - Current Subscribers: 
bid     | 
quote   | 
statsTab| 

12:42:49.174 - Records Processed 3208
12:42:49.175 - Current Subscribers: 
bid     | 
quote   | 
statsTab| 

12:42:50.519 - Records Processed 3209
12:42:50.519 - Current Subscribers: 
bid     | 
quote   | 
statsTab| 

12:42:51.518 - Records Processed 3209
12:42:51.518 - Current Subscribers: 
bid     | 
quote   | 
statsTab| 

12:42:52.518 - Records Processed 3209
12:42:52.518 - Current Subscribers: 
bid     | ()
quote   | ()
statsTab| ,(8i;`)

12:42:53.519 - Records Processed 3209
12:42:53.519 - Current Subscribers: 
bid     | ()
quote   | ()
statsTab| ,(8i;`)

12:42:54.519 - Records Processed 3209
12:42:54.519 - Current Subscribers: 
bid     | ()
quote   | ()
statsTab| ,(8i;`)

12:42:55.518 - Records Processed 3209
12:42:55.518 - Current Subscribers: 
bid     | 9i `
quote   | 9i `
statsTab| 8i `

12:42:56.519 - Records Processed 3209
12:42:56.520 - Current Subscribers: 
bid     | 9i `
quote   | 9i `
statsTab| 8i `

12:42:57.520 - Records Processed 3209
12:42:57.520 - Current Subscribers: 
bid     | 9i `
quote   | 9i `
statsTab| 8i `

12:42:58.518 - Records Processed 3209
12:42:58.519 - Current Subscribers: 
bid     | 9i `
quote   | 9i `
statsTab| 8i `

12:42:59.518 - Records Processed 3209
12:42:59.518 - Current Subscribers: 
bid     | ((9i;`);(10i;`))
quote   | ((9i;`);(10i;`))
statsTab| ,(8i;`)

12:43:00.519 - Records Processed 3209
12:43:00.519 - Current Subscribers: 
bid     | ((9i;`);(10i;`))
quote   | ((9i;`);(10i;`))
statsTab| ,(8i;`)

12:43:01.519 - Records Processed 3209
12:43:01.520 - Current Subscribers: 
bid     | ((9i;`);(10i;`))
quote   | ((9i;`);(10i;`))
statsTab| ,(8i;`)

12:43:02.520 - Records Processed 3209
12:43:02.520 - Current Subscribers: 
bid     | ((9i;`);(10i;`))
quote   | ((9i;`);(10i;`))
statsTab| ,(8i;`)

12:43:03.518 - Records Processed 3209
12:43:03.518 - Current Subscribers: 
bid     | ((9i;`);(10i;`))
quote   | ((9i;`);(10i;`))
statsTab| ,(8i;`)

12:43:04.519 - Records Processed 3209
12:43:04.519 - Current Subscribers: 
bid     | ((9i;`);(10i;`))
quote   | ((9i;`);(10i;`))
statsTab| ,(8i;`)

12:43:05.519 - Records Processed 3209
12:43:05.519 - Current Subscribers: 
bid     | ((9i;`);(10i;`))
quote   | ((9i;`);(10i;`))
statsTab| ,(8i;`)

12:43:06.520 - Records Processed 3209
12:43:06.520 - Current Subscribers: 
bid     | ((9i;`);(10i;`))
quote   | ((9i;`);(10i;`))
statsTab| ,(8i;`)

12:43:07.520 - Records Processed 3209
12:43:07.520 - Current Subscribers: 
bid     | ((9i;`);(10i;`))
quote   | ((9i;`);(10i;`))
statsTab| ,(8i;`)

12:43:08.519 - Records Processed 3209
12:43:08.519 - Current Subscribers: 
bid     | ((9i;`);(10i;`))
quote   | ((9i;`);(10i;`))
statsTab| ,(8i;`)

12:43:09.519 - Records Processed 3209
12:43:09.520 - Current Subscribers: 
bid     | ((9i;`);(10i;`))
quote   | ((9i;`);(10i;`))
statsTab| ,(8i;`)

12:43:10.518 - Records Processed 3209
12:43:10.518 - Current Subscribers: 
bid     | ((9i;`);(10i;`))
quote   | ((9i;`);(10i;`))
statsTab| ,(8i;`)

12:43:11.519 - Records Processed 3209
12:43:11.519 - Current Subscribers: 
bid     | ((9i;`);(10i;`))
quote   | ((9i;`);(10i;`))
statsTab| ,(8i;`)

12:43:12.519 - Records Processed 3209
12:43:12.519 - Current Subscribers: 
bid     | ((9i;`);(10i;`))
quote   | ((9i;`);(10i;`))
statsTab| ,(8i;`)

12:43:13.519 - Records Processed 3209
12:43:13.519 - Current Subscribers: 
bid     | ((9i;`);(10i;`))
quote   | ((9i;`);(10i;`))
statsTab| ,(8i;`)

12:43:14.520 - Records Processed 3209
12:43:14.520 - Current Subscribers: 
bid     | ((9i;`);(10i;`))
quote   | ((9i;`);(10i;`))
statsTab| ,(8i;`)

12:43:15.520 - Records Processed 3209
12:43:15.520 - Current Subscribers: 
bid     | ((9i;`);(10i;`))
quote   | ((9i;`);(10i;`))
statsTab| ,(8i;`)

12:43:16.518 - Records Processed 3209
12:43:16.519 - Current Subscribers: 
bid     | ((9i;`);(10i;`))
quote   | ((9i;`);(10i;`))
statsTab| ,(8i;`)

12:43:17.516 - Records Processed 3209
12:43:17.516 - Current Subscribers: 
bid     | ((9i;`);(10i;`))
quote   | ((9i;`);(10i;`))
statsTab| ,(8i;`)

12:43:18.519 - Records Processed 3210
12:43:18.519 - Current Subscribers: 
bid     | ((9i;`);(10i;`))
quote   | ((9i;`);(10i;`))
statsTab| ,(8i;`)

12:43:19.519 - Records Processed 3210
12:43:19.519 - Current Subscribers: 
bid     | ((9i;`);(10i;`))
quote   | ((9i;`);(10i;`))
statsTab| ,(8i;`)

12:43:20.519 - Records Processed 3210
12:43:20.519 - Current Subscribers: 
bid     | ((9i;`);(10i;`))
quote   | ((9i;`);(10i;`))
statsTab| ,(8i;`)

12:43:21.518 - Records Processed 3210
12:43:21.518 - Current Subscribers: 
bid     | ((9i;`);(10i;`))
quote   | ((9i;`);(10i;`))
statsTab| ,(8i;`)

12:43:22.519 - Records Processed 3210
12:43:22.519 - Current Subscribers: 
bid     | ((9i;`);(10i;`))
quote   | ((9i;`);(10i;`))
statsTab| ,(8i;`)

12:43:23.518 - Records Processed 3210
12:43:23.518 - Current Subscribers: 
bid     | ((9i;`);(10i;`))
quote   | ((9i;`);(10i;`))
statsTab| ,(8i;`)

12:43:24.519 - Records Processed 3210
12:43:24.519 - Current Subscribers: 
bid     | ((9i;`);(10i;`))
quote   | ((9i;`);(10i;`))
statsTab| ,(8i;`)

12:43:25.519 - Records Processed 3210
12:43:25.519 - Current Subscribers: 
bid     | ((9i;`);(10i;`))
quote   | ((9i;`);(10i;`))
statsTab| ,(8i;`)

12:43:26.518 - Records Processed 3210
12:43:26.518 - Current Subscribers: 
bid     | ((9i;`);(10i;`))
quote   | ((9i;`);(10i;`))
statsTab| ,(8i;`)

12:43:27.519 - Records Processed 3210
12:43:27.519 - Current Subscribers: 
bid     | ((9i;`);(10i;`))
quote   | ((9i;`);(10i;`))
statsTab| ,(8i;`)

12:43:28.520 - Records Processed 3210
12:43:28.520 - Current Subscribers: 
bid     | ((9i;`);(10i;`))
quote   | ((9i;`);(10i;`))
statsTab| ,(8i;`)

12:43:29.518 - Records Processed 3210
12:43:29.519 - Current Subscribers: 
bid     | ((9i;`);(10i;`))
quote   | ((9i;`);(10i;`))
statsTab| ,(8i;`)

12:43:30.519 - Records Processed 3210
12:43:30.519 - Current Subscribers: 
bid     | ((9i;`);(10i;`))
quote   | ((9i;`);(10i;`))
statsTab| ,(8i;`)

12:43:31.520 - Records Processed 3210
12:43:31.520 - Current Subscribers: 
bid     | ((9i;`);(10i;`))
quote   | ((9i;`);(10i;`))
statsTab| ,(8i;`)

12:43:32.519 - Records Processed 3210
12:43:32.519 - Current Subscribers: 
bid     | ((9i;`);(10i;`))
quote   | ((9i;`);(10i;`))
statsTab| ,(8i;`)

12:43:33.519 - Records Processed 3210
12:43:33.519 - Current Subscribers: 
bid     | ((9i;`);(10i;`))
quote   | ((9i;`);(10i;`))
statsTab| ,(8i;`)

12:43:34.519 - Records Processed 3210
12:43:34.519 - Current Subscribers: 
bid     | ((9i;`);(10i;`))
quote   | ((9i;`);(10i;`))
statsTab| ,(8i;`)

12:43:35.518 - Records Processed 3210
12:43:35.519 - Current Subscribers: 
bid     | ((9i;`);(10i;`))
quote   | ((9i;`);(10i;`))
statsTab| ,(8i;`)

12:43:36.000 - Records Processed 3436
12:43:36.000 - Current Subscribers: 
bid     | ((9i;`);(10i;`))
quote   | ((9i;`);(10i;`))
statsTab| ,(8i;`)

12:43:37.519 - Records Processed 4278
12:43:37.519 - Current Subscribers: 
bid     | ((9i;`);(10i;`))
quote   | ((9i;`);(10i;`))
statsTab| ,(8i;`)

12:43:38.521 - Records Processed 4278
12:43:38.521 - Current Subscribers: 
bid     | ((9i;`);(10i;`))
quote   | ((9i;`);(10i;`))
statsTab| ,(8i;`)

12:43:39.518 - Records Processed 4278
12:43:39.518 - Current Subscribers: 
bid     | ((9i;`);(10i;`))
quote   | ((9i;`);(10i;`))
statsTab| ,(8i;`)

12:43:40.519 - Records Processed 4278
12:43:40.520 - Current Subscribers: 
bid     | ((9i;`);(10i;`))
quote   | ((9i;`);(10i;`))
statsTab| ,(8i;`)

12:43:41.519 - Records Processed 4278
12:43:41.519 - Current Subscribers: 
bid     | ((9i;`);(10i;`))
quote   | ((9i;`);(10i;`))
statsTab| ,(8i;`)

12:43:42.519 - Records Processed 4278
12:43:42.520 - Current Subscribers: 
bid     | ((9i;`);(10i;`))
quote   | ((9i;`);(10i;`))
statsTab| ,(8i;`)

12:43:43.519 - Records Processed 4278
12:43:43.519 - Current Subscribers: 
bid     | ((9i;`);(10i;`))
quote   | ((9i;`);(10i;`))
statsTab| ,(8i;`)

12:43:44.519 - Records Processed 4278
12:43:44.519 - Current Subscribers: 
bid     | ((9i;`);(10i;`))
quote   | ((9i;`);(10i;`))
statsTab| ,(8i;`)

12:43:45.519 - Records Processed 4278
12:43:45.519 - Current Subscribers: 
bid     | ((9i;`);(10i;`))
quote   | ((9i;`);(10i;`))
statsTab| ,(8i;`)

12:43:46.519 - Records Processed 4278
12:43:46.519 - Current Subscribers: 
bid     | ((9i;`);(10i;`))
quote   | ((9i;`);(10i;`))
statsTab| ,(8i;`)

12:43:47.519 - Records Processed 4278
12:43:47.519 - Current Subscribers: 
bid     | ((9i;`);(10i;`))
quote   | ((9i;`);(10i;`))
statsTab| ,(8i;`)

12:43:48.518 - Records Processed 4278
12:43:48.518 - Current Subscribers: 
bid     | ((9i;`);(10i;`))
quote   | ((9i;`);(10i;`))
statsTab| ,(8i;`)

12:43:49.519 - Records Processed 4278
12:43:49.519 - Current Subscribers: 
bid     | ((9i;`);(10i;`))
quote   | ((9i;`);(10i;`))
statsTab| ,(8i;`)

12:43:50.518 - Records Processed 4278
12:43:50.519 - Current Subscribers: 
bid     | ((9i;`);(10i;`))
quote   | ((9i;`);(10i;`))
statsTab| ,(8i;`)

12:43:51.519 - Records Processed 4278
12:43:51.520 - Current Subscribers: 
bid     | ((9i;`);(10i;`))
quote   | ((9i;`);(10i;`))
statsTab| ,(8i;`)

12:43:52.520 - Records Processed 4278
12:43:52.520 - Current Subscribers: 
bid     | ((9i;`);(10i;`))
quote   | ((9i;`);(10i;`))
statsTab| ,(8i;`)

12:43:53.519 - Records Processed 4278
12:43:53.519 - Current Subscribers: 
bid     | ((9i;`);(10i;`))
quote   | ((9i;`);(10i;`))
statsTab| ,(8i;`)

12:43:54.518 - Records Processed 4278
12:43:54.519 - Current Subscribers: 
bid     | ((9i;`);(10i;`))
quote   | ((9i;`);(10i;`))
statsTab| ,(8i;`)

12:43:55.519 - Records Processed 4278
12:43:55.519 - Current Subscribers: 
bid     | ((9i;`);(10i;`))
quote   | ((9i;`);(10i;`))
statsTab| ,(8i;`)

12:43:56.519 - Records Processed 4278
12:43:56.519 - Current Subscribers: 
bid     | ((9i;`);(10i;`))
quote   | ((9i;`);(10i;`))
statsTab| ,(8i;`)

12:43:57.518 - Records Processed 4278
12:43:57.518 - Current Subscribers: 
bid     | ((9i;`);(10i;`))
quote   | ((9i;`);(10i;`))
statsTab| ,(8i;`)

12:43:58.518 - Records Processed 4278
12:43:58.518 - Current Subscribers: 
bid     | ((9i;`);(10i;`))
quote   | ((9i;`);(10i;`))
statsTab| ,(8i;`)

12:43:59.519 - Records Processed 4278
12:43:59.519 - Current Subscribers: 
bid     | ((9i;`);(10i;`))
quote   | ((9i;`);(10i;`))
statsTab| ,(8i;`)

12:44:00.519 - Records Processed 4278
12:44:00.519 - Current Subscribers: 
bid     | ((9i;`);(10i;`))
quote   | ((9i;`);(10i;`))
statsTab| ,(8i;`)

12:44:01.519 - Records Processed 4278
12:44:01.519 - Current Subscribers: 
bid     | ((9i;`);(10i;`))
quote   | ((9i;`);(10i;`))
statsTab| ,(8i;`)

12:44:02.519 - Records Processed 4278
12:44:02.519 - Current Subscribers: 
bid     | ((9i;`);(10i;`))
quote   | ((9i;`);(10i;`))
statsTab| ,(8i;`)

12:44:03.518 - Records Processed 4278
12:44:03.519 - Current Subscribers: 
bid     | ((9i;`);(10i;`))
quote   | ((9i;`);(10i;`))
statsTab| ,(8i;`)

12:44:04.518 - Records Processed 4278
12:44:04.519 - Current Subscribers: 
bid     | ((9i;`);(10i;`))
quote   | ((9i;`);(10i;`))
statsTab| ,(8i;`)

12:44:05.519 - Records Processed 4278
12:44:05.519 - Current Subscribers: 
bid     | ((9i;`);(10i;`))
quote   | ((9i;`);(10i;`))
statsTab| ,(8i;`)

12:44:06.520 - Records Processed 4278
12:44:06.520 - Current Subscribers: 
bid     | ((9i;`);(10i;`))
quote   | ((9i;`);(10i;`))
statsTab| ,(8i;`)

12:44:07.518 - Records Processed 4278
12:44:07.519 - Current Subscribers: 
bid     | ((9i;`);(10i;`))
quote   | ((9i;`);(10i;`))
statsTab| ,(8i;`)

12:44:08.519 - Records Processed 4278
12:44:08.520 - Current Subscribers: 
bid     | ((9i;`);(10i;`))
quote   | ((9i;`);(10i;`))
statsTab| ,(8i;`)

12:44:09.519 - Records Processed 4278
12:44:09.519 - Current Subscribers: 
bid     | ((9i;`);(10i;`))
quote   | ((9i;`);(10i;`))
statsTab| ,(8i;`)

12:44:10.519 - Records Processed 4278
12:44:10.519 - Current Subscribers: 
bid     | ((9i;`);(10i;`))
quote   | ((9i;`);(10i;`))
statsTab| ,(8i;`)

12:44:11.519 - Records Processed 4278
12:44:11.519 - Current Subscribers: 
bid     | ((9i;`);(10i;`))
quote   | ((9i;`);(10i;`))
statsTab| ,(8i;`)

12:44:12.519 - Records Processed 4278
12:44:12.519 - Current Subscribers: 
bid     | ((9i;`);(10i;`))
quote   | ((9i;`);(10i;`))
statsTab| ,(8i;`)

12:44:13.519 - Records Processed 4278
12:44:13.519 - Current Subscribers: 
bid     | ((9i;`);(10i;`))
quote   | ((9i;`);(10i;`))
statsTab| ,(8i;`)

12:44:14.519 - Records Processed 4278
12:44:14.519 - Current Subscribers: 
bid     | ((9i;`);(10i;`))
quote   | ((9i;`);(10i;`))
statsTab| ,(8i;`)

12:44:15.519 - Records Processed 4278
12:44:15.520 - Current Subscribers: 
bid     | ((9i;`);(10i;`))
quote   | ((9i;`);(10i;`))
statsTab| ,(8i;`)

12:44:16.519 - Records Processed 4278
12:44:16.519 - Current Subscribers: 
bid     | ((9i;`);(10i;`))
quote   | ((9i;`);(10i;`))
statsTab| ,(8i;`)

12:44:17.519 - Records Processed 4278
12:44:17.519 - Current Subscribers: 
bid     | ((9i;`);(10i;`))
quote   | ((9i;`);(10i;`))
statsTab| ,(8i;`)

12:44:18.519 - Records Processed 4278
12:44:18.519 - Current Subscribers: 
bid     | ((9i;`);(10i;`))
quote   | ((9i;`);(10i;`))
statsTab| ,(8i;`)

12:44:19.520 - Records Processed 4278
12:44:19.520 - Current Subscribers: 
bid     | ((9i;`);(10i;`))
quote   | ((9i;`);(10i;`))
statsTab| ,(8i;`)

12:44:20.519 - Records Processed 4278
12:44:20.519 - Current Subscribers: 
bid     | ((9i;`);(10i;`))
quote   | ((9i;`);(10i;`))
statsTab| ,(8i;`)

12:44:21.519 - Records Processed 4278
12:44:21.520 - Current Subscribers: 
bid     | ((9i;`);(10i;`))
quote   | ((9i;`);(10i;`))
statsTab| ,(8i;`)

12:44:22.519 - Records Processed 4278
12:44:22.519 - Current Subscribers: 
bid     | ((9i;`);(10i;`))
quote   | ((9i;`);(10i;`))
statsTab| ,(8i;`)

12:44:23.519 - Records Processed 4278
12:44:23.520 - Current Subscribers: 
bid     | ((9i;`);(10i;`))
quote   | ((9i;`);(10i;`))
statsTab| ,(8i;`)

12:44:24.519 - Records Processed 4278
12:44:24.519 - Current Subscribers: 
bid     | ((9i;`);(10i;`))
quote   | ((9i;`);(10i;`))
statsTab| ,(8i;`)

12:44:25.519 - Records Processed 4278
12:44:25.519 - Current Subscribers: 
bid     | ((9i;`);(10i;`))
quote   | ((9i;`);(10i;`))
statsTab| ,(8i;`)

12:44:26.520 - Records Processed 4278
12:44:26.520 - Current Subscribers: 
bid     | ((9i;`);(10i;`))
quote   | ((9i;`);(10i;`))
statsTab| ,(8i;`)

12:44:27.519 - Records Processed 4278
12:44:27.519 - Current Subscribers: 
bid     | ((9i;`);(10i;`))
quote   | ((9i;`);(10i;`))
statsTab| ,(8i;`)

12:44:28.519 - Records Processed 4278
12:44:28.519 - Current Subscribers: 
bid     | ((9i;`);(10i;`))
quote   | ((9i;`);(10i;`))
statsTab| ,(8i;`)

