11:15:01.272 - Records Processed 5160
11:15:01.272 - Current Subscribers: 
bid     | 
quote   | 
statsTab| 

11:15:02.273 - Records Processed 5161
11:15:02.273 - Current Subscribers: 
bid     | 
quote   | 
statsTab| 

11:15:03.273 - Records Processed 5162
11:15:03.273 - Current Subscribers: 
bid     | 
quote   | 
statsTab| 

11:15:04.273 - Records Processed 5163
11:15:04.273 - Current Subscribers: 
bid     | 
quote   | 
statsTab| 

11:15:05.273 - Records Processed 5164
11:15:05.273 - Current Subscribers: 
bid     | 
quote   | 
statsTab| 

11:15:06.273 - Records Processed 5165
11:15:06.273 - Current Subscribers: 
bid     | 
quote   | 
statsTab| 

11:15:07.274 - Records Processed 5166
11:15:07.274 - Current Subscribers: 
bid     | 
quote   | 
statsTab| 

11:15:08.273 - Records Processed 5167
11:15:08.274 - Current Subscribers: 
bid     | 
quote   | 
statsTab| 

11:15:09.273 - Records Processed 5168
11:15:09.273 - Current Subscribers: 
bid     | ()
quote   | ()
statsTab| ,(9i;`)

11:15:10.273 - Records Processed 5169
11:15:10.273 - Current Subscribers: 
bid     | ()
quote   | ()
statsTab| ,(9i;`)

11:15:11.273 - Records Processed 5170
11:15:11.274 - Current Subscribers: 
bid     | 10i `
quote   | 10i `
statsTab| 9i ` 

11:15:12.273 - Records Processed 5172
11:15:12.273 - Current Subscribers: 
bid     | 10i `
quote   | 10i `
statsTab| 9i ` 

11:15:13.274 - Records Processed 5174
11:15:13.274 - Current Subscribers: 
bid     | ((10i;`);(11i;`))
quote   | ((10i;`);(11i;`))
statsTab| ,(9i;`)

11:15:14.273 - Records Processed 5176
11:15:14.274 - Current Subscribers: 
bid     | ((10i;`);(11i;`))
quote   | ((10i;`);(11i;`))
statsTab| ,(9i;`)

11:15:15.273 - Records Processed 5178
11:15:15.273 - Current Subscribers: 
bid     | ((10i;`);(11i;`))
quote   | ((10i;`);(11i;`))
statsTab| ,(9i;`)

11:15:16.273 - Records Processed 5180
11:15:16.274 - Current Subscribers: 
bid     | ((10i;`);(11i;`))
quote   | ((10i;`);(11i;`))
statsTab| ,(9i;`)

11:15:17.273 - Records Processed 5182
11:15:17.273 - Current Subscribers: 
bid     | ((10i;`);(11i;`))
quote   | ((10i;`);(11i;`))
statsTab| ,(9i;`)

11:15:18.273 - Records Processed 5184
11:15:18.274 - Current Subscribers: 
bid     | ((10i;`);(11i;`))
quote   | ((10i;`);(11i;`))
statsTab| ,(9i;`)

11:15:19.273 - Records Processed 5186
11:15:19.273 - Current Subscribers: 
bid     | ((10i;`);(11i;`))
quote   | ((10i;`);(11i;`))
statsTab| ,(9i;`)

11:15:20.273 - Records Processed 5188
11:15:20.274 - Current Subscribers: 
bid     | ((10i;`);(11i;`))
quote   | ((10i;`);(11i;`))
statsTab| ,(9i;`)

11:15:21.273 - Records Processed 5190
11:15:21.274 - Current Subscribers: 
bid     | ((10i;`);(11i;`))
quote   | ((10i;`);(11i;`))
statsTab| ,(9i;`)

11:15:22.273 - Records Processed 5192
11:15:22.274 - Current Subscribers: 
bid     | ((10i;`);(11i;`))
quote   | ((10i;`);(11i;`))
statsTab| ,(9i;`)

11:15:23.273 - Records Processed 5194
11:15:23.273 - Current Subscribers: 
bid     | ((10i;`);(11i;`))
quote   | ((10i;`);(11i;`))
statsTab| ,(9i;`)

11:15:24.273 - Records Processed 5196
11:15:24.273 - Current Subscribers: 
bid     | ((10i;`);(11i;`))
quote   | ((10i;`);(11i;`))
statsTab| ,(9i;`)

11:15:25.273 - Records Processed 5198
11:15:25.274 - Current Subscribers: 
bid     | ((10i;`);(11i;`))
quote   | ((10i;`);(11i;`))
statsTab| ,(9i;`)

11:15:26.273 - Records Processed 5200
11:15:26.273 - Current Subscribers: 
bid     | ((10i;`);(11i;`))
quote   | ((10i;`);(11i;`))
statsTab| ,(9i;`)

11:15:27.273 - Records Processed 5202
11:15:27.273 - Current Subscribers: 
bid     | ((10i;`);(11i;`))
quote   | ((10i;`);(11i;`))
statsTab| ,(9i;`)

11:15:28.273 - Records Processed 5204
11:15:28.273 - Current Subscribers: 
bid     | ((10i;`);(11i;`))
quote   | ((10i;`);(11i;`))
statsTab| ,(9i;`)

11:15:29.273 - Records Processed 5206
11:15:29.273 - Current Subscribers: 
bid     | ((10i;`);(11i;`))
quote   | ((10i;`);(11i;`))
statsTab| ,(9i;`)

11:15:30.273 - Records Processed 5208
11:15:30.273 - Current Subscribers: 
bid     | ((10i;`);(11i;`))
quote   | ((10i;`);(11i;`))
statsTab| ,(9i;`)

11:15:31.273 - Records Processed 5210
11:15:31.274 - Current Subscribers: 
bid     | ((10i;`);(11i;`))
quote   | ((10i;`);(11i;`))
statsTab| ,(9i;`)

11:15:32.273 - Records Processed 5212
11:15:32.274 - Current Subscribers: 
bid     | ((10i;`);(11i;`))
quote   | ((10i;`);(11i;`))
statsTab| ,(9i;`)

11:15:33.273 - Records Processed 5214
11:15:33.273 - Current Subscribers: 
bid     | ((10i;`);(11i;`))
quote   | ((10i;`);(11i;`))
statsTab| ,(9i;`)

11:15:34.273 - Records Processed 5216
11:15:34.273 - Current Subscribers: 
bid     | ((10i;`);(11i;`))
quote   | ((10i;`);(11i;`))
statsTab| ,(9i;`)

11:15:35.273 - Records Processed 5218
11:15:35.273 - Current Subscribers: 
bid     | ((10i;`);(11i;`))
quote   | ((10i;`);(11i;`))
statsTab| ,(9i;`)

11:15:36.273 - Records Processed 5220
11:15:36.274 - Current Subscribers: 
bid     | ((10i;`);(11i;`))
quote   | ((10i;`);(11i;`))
statsTab| ,(9i;`)

11:15:37.273 - Records Processed 5222
11:15:37.274 - Current Subscribers: 
bid     | ((10i;`);(11i;`))
quote   | ((10i;`);(11i;`))
statsTab| ,(9i;`)

11:15:38.273 - Records Processed 5224
11:15:38.273 - Current Subscribers: 
bid     | ((10i;`);(11i;`))
quote   | ((10i;`);(11i;`))
statsTab| ,(9i;`)

11:15:39.273 - Records Processed 5226
11:15:39.274 - Current Subscribers: 
bid     | ((10i;`);(11i;`))
quote   | ((10i;`);(11i;`))
statsTab| ,(9i;`)

11:15:40.273 - Records Processed 5228
11:15:40.273 - Current Subscribers: 
bid     | ((10i;`);(11i;`))
quote   | ((10i;`);(11i;`))
statsTab| ,(9i;`)

11:15:41.273 - Records Processed 5230
11:15:41.274 - Current Subscribers: 
bid     | ((10i;`);(11i;`))
quote   | ((10i;`);(11i;`))
statsTab| ,(9i;`)

11:15:42.273 - Records Processed 5232
11:15:42.273 - Current Subscribers: 
bid     | ((10i;`);(11i;`))
quote   | ((10i;`);(11i;`))
statsTab| ,(9i;`)

11:15:43.273 - Records Processed 5234
11:15:43.273 - Current Subscribers: 
bid     | ((10i;`);(11i;`))
quote   | ((10i;`);(11i;`))
statsTab| ,(9i;`)

11:15:44.273 - Records Processed 5236
11:15:44.273 - Current Subscribers: 
bid     | ((10i;`);(11i;`))
quote   | ((10i;`);(11i;`))
statsTab| ,(9i;`)

11:15:45.273 - Records Processed 5238
11:15:45.273 - Current Subscribers: 
bid     | ((10i;`);(11i;`))
quote   | ((10i;`);(11i;`))
statsTab| ,(9i;`)

11:15:46.273 - Records Processed 5240
11:15:46.273 - Current Subscribers: 
bid     | ((10i;`);(11i;`))
quote   | ((10i;`);(11i;`))
statsTab| ,(9i;`)

11:15:47.274 - Records Processed 5242
11:15:47.274 - Current Subscribers: 
bid     | ((10i;`);(11i;`))
quote   | ((10i;`);(11i;`))
statsTab| ,(9i;`)

11:15:48.273 - Records Processed 5244
11:15:48.274 - Current Subscribers: 
bid     | ((10i;`);(11i;`))
quote   | ((10i;`);(11i;`))
statsTab| ,(9i;`)

11:15:49.273 - Records Processed 5246
11:15:49.273 - Current Subscribers: 
bid     | ((10i;`);(11i;`))
quote   | ((10i;`);(11i;`))
statsTab| ,(9i;`)

11:15:50.273 - Records Processed 5248
11:15:50.273 - Current Subscribers: 
bid     | ((10i;`);(11i;`))
quote   | ((10i;`);(11i;`))
statsTab| ,(9i;`)

11:15:51.273 - Records Processed 5250
11:15:51.274 - Current Subscribers: 
bid     | ((10i;`);(11i;`))
quote   | ((10i;`);(11i;`))
statsTab| ,(9i;`)

11:15:52.273 - Records Processed 5252
11:15:52.273 - Current Subscribers: 
bid     | ((10i;`);(11i;`))
quote   | ((10i;`);(11i;`))
statsTab| ,(9i;`)

11:15:53.273 - Records Processed 5254
11:15:53.274 - Current Subscribers: 
bid     | ((10i;`);(11i;`))
quote   | ((10i;`);(11i;`))
statsTab| ,(9i;`)

11:15:54.273 - Records Processed 5256
11:15:54.273 - Current Subscribers: 
bid     | ((10i;`);(11i;`))
quote   | ((10i;`);(11i;`))
statsTab| ,(9i;`)

11:15:55.273 - Records Processed 5258
11:15:55.274 - Current Subscribers: 
bid     | ((10i;`);(11i;`))
quote   | ((10i;`);(11i;`))
statsTab| ,(9i;`)

11:15:56.273 - Records Processed 5260
11:15:56.273 - Current Subscribers: 
bid     | ((10i;`);(11i;`))
quote   | ((10i;`);(11i;`))
statsTab| ,(9i;`)

11:15:57.273 - Records Processed 5262
11:15:57.274 - Current Subscribers: 
bid     | ((10i;`);(11i;`))
quote   | ((10i;`);(11i;`))
statsTab| ,(9i;`)

11:15:58.274 - Records Processed 5264
11:15:58.274 - Current Subscribers: 
bid     | ((10i;`);(11i;`))
quote   | ((10i;`);(11i;`))
statsTab| ,(9i;`)

11:15:59.273 - Records Processed 5266
11:15:59.274 - Current Subscribers: 
bid     | ((10i;`);(11i;`))
quote   | ((10i;`);(11i;`))
statsTab| ,(9i;`)

11:16:00.273 - Records Processed 5268
11:16:00.273 - Current Subscribers: 
bid     | ((10i;`);(11i;`))
quote   | ((10i;`);(11i;`))
statsTab| ,(9i;`)

11:16:01.273 - Records Processed 5270
11:16:01.274 - Current Subscribers: 
bid     | ((10i;`);(11i;`))
quote   | ((10i;`);(11i;`))
statsTab| ,(9i;`)

11:16:02.273 - Records Processed 5272
11:16:02.273 - Current Subscribers: 
bid     | ((10i;`);(11i;`))
quote   | ((10i;`);(11i;`))
statsTab| ,(9i;`)

11:16:03.273 - Records Processed 5274
11:16:03.273 - Current Subscribers: 
bid     | ((10i;`);(11i;`))
quote   | ((10i;`);(11i;`))
statsTab| ,(9i;`)

11:16:04.273 - Records Processed 5276
11:16:04.274 - Current Subscribers: 
bid     | ((10i;`);(11i;`))
quote   | ((10i;`);(11i;`))
statsTab| ,(9i;`)

11:16:05.274 - Records Processed 5278
11:16:05.274 - Current Subscribers: 
bid     | ((10i;`);(11i;`))
quote   | ((10i;`);(11i;`))
statsTab| ,(9i;`)

11:16:06.273 - Records Processed 5280
11:16:06.273 - Current Subscribers: 
bid     | ((10i;`);(11i;`))
quote   | ((10i;`);(11i;`))
statsTab| ,(9i;`)

11:16:07.273 - Records Processed 5282
11:16:07.274 - Current Subscribers: 
bid     | ((10i;`);(11i;`))
quote   | ((10i;`);(11i;`))
statsTab| ,(9i;`)

11:16:08.273 - Records Processed 5284
11:16:08.273 - Current Subscribers: 
bid     | ((10i;`);(11i;`))
quote   | ((10i;`);(11i;`))
statsTab| ,(9i;`)

11:16:09.273 - Records Processed 5286
11:16:09.273 - Current Subscribers: 
bid     | ((10i;`);(11i;`))
quote   | ((10i;`);(11i;`))
statsTab| ,(9i;`)

11:16:10.273 - Records Processed 5288
11:16:10.274 - Current Subscribers: 
bid     | ((10i;`);(11i;`))
quote   | ((10i;`);(11i;`))
statsTab| ,(9i;`)

11:16:11.273 - Records Processed 5290
11:16:11.273 - Current Subscribers: 
bid     | ((10i;`);(11i;`))
quote   | ((10i;`);(11i;`))
statsTab| ,(9i;`)

11:16:12.273 - Records Processed 5292
11:16:12.274 - Current Subscribers: 
bid     | ((10i;`);(11i;`))
quote   | ((10i;`);(11i;`))
statsTab| ,(9i;`)

11:16:13.273 - Records Processed 5294
11:16:13.273 - Current Subscribers: 
bid     | ((10i;`);(11i;`))
quote   | ((10i;`);(11i;`))
statsTab| ,(9i;`)

11:16:14.273 - Records Processed 5296
11:16:14.273 - Current Subscribers: 
bid     | ((10i;`);(11i;`))
quote   | ((10i;`);(11i;`))
statsTab| ,(9i;`)

11:16:15.274 - Records Processed 5298
11:16:15.274 - Current Subscribers: 
bid     | ((10i;`);(11i;`))
quote   | ((10i;`);(11i;`))
statsTab| ,(9i;`)

11:16:16.273 - Records Processed 5300
11:16:16.274 - Current Subscribers: 
bid     | ((10i;`);(11i;`))
quote   | ((10i;`);(11i;`))
statsTab| ,(9i;`)

11:16:17.273 - Records Processed 5302
11:16:17.273 - Current Subscribers: 
bid     | ((10i;`);(11i;`))
quote   | ((10i;`);(11i;`))
statsTab| ,(9i;`)

11:16:18.273 - Records Processed 5304
11:16:18.274 - Current Subscribers: 
bid     | ((10i;`);(11i;`))
quote   | ((10i;`);(11i;`))
statsTab| ,(9i;`)

11:16:19.274 - Records Processed 5306
11:16:19.274 - Current Subscribers: 
bid     | ((10i;`);(11i;`))
quote   | ((10i;`);(11i;`))
statsTab| ,(9i;`)

11:16:20.273 - Records Processed 5308
11:16:20.274 - Current Subscribers: 
bid     | ((10i;`);(11i;`))
quote   | ((10i;`);(11i;`))
statsTab| ,(9i;`)

11:16:21.273 - Records Processed 5310
11:16:21.274 - Current Subscribers: 
bid     | ((10i;`);(11i;`))
quote   | ((10i;`);(11i;`))
statsTab| ,(9i;`)

11:16:22.273 - Records Processed 5312
11:16:22.274 - Current Subscribers: 
bid     | ((10i;`);(11i;`))
quote   | ((10i;`);(11i;`))
statsTab| ,(9i;`)

11:16:23.273 - Records Processed 5314
11:16:23.273 - Current Subscribers: 
bid     | ((10i;`);(11i;`))
quote   | ((10i;`);(11i;`))
statsTab| ,(9i;`)

