13:54:24.388 - Records Processed 0
13:54:24.388 - Current Subscribers: 
bid     | 
quote   | 
statsTab| 

13:54:25.390 - Records Processed 0
13:54:25.390 - Current Subscribers: 
bid     | 
quote   | 
statsTab| 

13:54:26.389 - Records Processed 0
13:54:26.389 - Current Subscribers: 
bid     | 
quote   | 
statsTab| 

13:54:27.390 - Records Processed 0
13:54:27.390 - Current Subscribers: 
bid     | 
quote   | 
statsTab| 

13:54:28.389 - Records Processed 0
13:54:28.389 - Current Subscribers: 
bid     | 
quote   | 
statsTab| 

13:54:29.390 - Records Processed 0
13:54:29.390 - Current Subscribers: 
bid     | 
quote   | 
statsTab| 

13:54:30.390 - Records Processed 0
13:54:30.390 - Current Subscribers: 
bid     | 
quote   | 
statsTab| 

13:54:31.390 - Records Processed 0
13:54:31.390 - Current Subscribers: 
bid     | 
quote   | 
statsTab| 

13:54:32.389 - Records Processed 0
13:54:32.389 - Current Subscribers: 
bid     | 
quote   | 
statsTab| 

13:54:33.390 - Records Processed 0
13:54:33.390 - Current Subscribers: 
bid     | 
quote   | 
statsTab| 

13:54:34.389 - Records Processed 0
13:54:34.389 - Current Subscribers: 
bid     | 
quote   | 
statsTab| 

13:54:35.391 - Records Processed 0
13:54:35.391 - Current Subscribers: 
bid     | 
quote   | 
statsTab| 

13:54:36.390 - Records Processed 0
13:54:36.390 - Current Subscribers: 
bid     | 
quote   | 
statsTab| 

13:54:37.389 - Records Processed 0
13:54:37.389 - Current Subscribers: 
bid     | 
quote   | 
statsTab| 

13:54:38.390 - Records Processed 0
13:54:38.390 - Current Subscribers: 
bid     | 
quote   | 
statsTab| 

13:54:39.390 - Records Processed 0
13:54:39.390 - Current Subscribers: 
bid     | 
quote   | 
statsTab| 

13:54:40.389 - Records Processed 0
13:54:40.389 - Current Subscribers: 
bid     | 
quote   | 
statsTab| 

13:54:41.389 - Records Processed 0
13:54:41.389 - Current Subscribers: 
bid     | 
quote   | 
statsTab| 

13:54:42.389 - Records Processed 0
13:54:42.389 - Current Subscribers: 
bid     | 
quote   | 
statsTab| 

13:54:43.390 - Records Processed 0
13:54:43.390 - Current Subscribers: 
bid     | 
quote   | 
statsTab| 

13:54:44.390 - Records Processed 0
13:54:44.391 - Current Subscribers: 
bid     | 
quote   | 
statsTab| 

13:54:45.389 - Records Processed 0
13:54:45.389 - Current Subscribers: 
bid     | ,(8i;`)
quote   | ,(8i;`)
statsTab| ()

13:54:46.391 - Records Processed 0
13:54:46.391 - Current Subscribers: 
bid     | ,(8i;`)
quote   | ,(8i;`)
statsTab| ()

13:54:47.389 - Records Processed 0
13:54:47.389 - Current Subscribers: 
bid     | ,(8i;`)
quote   | ,(8i;`)
statsTab| ()

13:54:48.389 - Records Processed 0
13:54:48.389 - Current Subscribers: 
bid     | ,(8i;`)
quote   | ,(8i;`)
statsTab| ()

13:54:49.389 - Records Processed 0
13:54:49.389 - Current Subscribers: 
bid     | ,(8i;`)
quote   | ,(8i;`)
statsTab| ()

13:54:50.389 - Records Processed 0
13:54:50.390 - Current Subscribers: 
bid     | ,(8i;`)
quote   | ,(8i;`)
statsTab| ()

13:54:51.389 - Records Processed 0
13:54:51.389 - Current Subscribers: 
bid     | ,(8i;`)
quote   | ,(8i;`)
statsTab| ()

13:54:52.389 - Records Processed 0
13:54:52.389 - Current Subscribers: 
bid     | ,(8i;`)
quote   | ,(8i;`)
statsTab| ()

13:54:53.389 - Records Processed 0
13:54:53.389 - Current Subscribers: 
bid     | ,(8i;`)
quote   | ,(8i;`)
statsTab| ()

13:54:54.389 - Records Processed 0
13:54:54.389 - Current Subscribers: 
bid     | ,(8i;`)
quote   | ,(8i;`)
statsTab| ()

13:54:55.390 - Records Processed 0
13:54:55.390 - Current Subscribers: 
bid     | ,(8i;`)
quote   | ,(8i;`)
statsTab| ()

