10:49:12.274 - Records Processed 2941
10:49:12.274 - Current Subscribers: 
bid     | 
quote   | 
statsTab| 

10:49:13.276 - Records Processed 2941
10:49:13.276 - Current Subscribers: 
bid     | 
quote   | 
statsTab| 

10:49:14.275 - Records Processed 2942
10:49:14.275 - Current Subscribers: 
bid     | 
quote   | 
statsTab| 

10:49:15.275 - Records Processed 2943
10:49:15.275 - Current Subscribers: 
bid     | 
quote   | 
statsTab| 

10:49:16.275 - Records Processed 2944
10:49:16.275 - Current Subscribers: 
bid     | 
quote   | 
statsTab| 

10:49:17.275 - Records Processed 2945
10:49:17.275 - Current Subscribers: 
bid     | 
quote   | 
statsTab| 

10:49:18.274 - Records Processed 2946
10:49:18.275 - Current Subscribers: 
bid     | ()
quote   | ()
statsTab| ,(9i;`)

10:49:19.276 - Records Processed 2947
10:49:19.276 - Current Subscribers: 
bid     | ()
quote   | ()
statsTab| ,(9i;`)

10:49:20.275 - Records Processed 2948
10:49:20.275 - Current Subscribers: 
bid     | ()
quote   | ()
statsTab| ,(9i;`)

10:49:21.275 - Records Processed 2949
10:49:21.276 - Current Subscribers: 
bid     | ()
quote   | ()
statsTab| ,(9i;`)

10:49:22.275 - Records Processed 2950
10:49:22.275 - Current Subscribers: 
bid     | ()
quote   | ()
statsTab| ,(9i;`)

10:49:23.275 - Records Processed 2952
10:49:23.275 - Current Subscribers: 
bid     | 10i `
quote   | 10i `
statsTab| 9i ` 

10:49:24.275 - Records Processed 2954
10:49:24.275 - Current Subscribers: 
bid     | 10i `
quote   | 10i `
statsTab| 9i ` 

10:49:25.274 - Records Processed 2956
10:49:25.275 - Current Subscribers: 
bid     | ((10i;`);(11i;`))
quote   | ((10i;`);(11i;`))
statsTab| ,(9i;`)

10:49:26.275 - Records Processed 2958
10:49:26.275 - Current Subscribers: 
bid     | ((10i;`);(11i;`))
quote   | ((10i;`);(11i;`))
statsTab| ,(9i;`)

10:49:27.274 - Records Processed 2960
10:49:27.275 - Current Subscribers: 
bid     | ((10i;`);(11i;`))
quote   | ((10i;`);(11i;`))
statsTab| ,(9i;`)

10:49:28.275 - Records Processed 2962
10:49:28.276 - Current Subscribers: 
bid     | ((10i;`);(11i;`))
quote   | ((10i;`);(11i;`))
statsTab| ,(9i;`)

10:49:29.275 - Records Processed 2964
10:49:29.276 - Current Subscribers: 
bid     | ((10i;`);(11i;`))
quote   | ((10i;`);(11i;`))
statsTab| ,(9i;`)

10:49:30.275 - Records Processed 2966
10:49:30.275 - Current Subscribers: 
bid     | ((10i;`);(11i;`))
quote   | ((10i;`);(11i;`))
statsTab| ,(9i;`)

10:49:31.275 - Records Processed 2968
10:49:31.276 - Current Subscribers: 
bid     | ((10i;`);(11i;`))
quote   | ((10i;`);(11i;`))
statsTab| ,(9i;`)

10:49:32.275 - Records Processed 2970
10:49:32.275 - Current Subscribers: 
bid     | ((10i;`);(11i;`))
quote   | ((10i;`);(11i;`))
statsTab| ,(9i;`)

10:49:33.275 - Records Processed 2972
10:49:33.275 - Current Subscribers: 
bid     | ((10i;`);(11i;`))
quote   | ((10i;`);(11i;`))
statsTab| ,(9i;`)

10:49:34.275 - Records Processed 2974
10:49:34.275 - Current Subscribers: 
bid     | ((10i;`);(11i;`))
quote   | ((10i;`);(11i;`))
statsTab| ,(9i;`)

10:49:35.275 - Records Processed 2976
10:49:35.276 - Current Subscribers: 
bid     | ((10i;`);(11i;`))
quote   | ((10i;`);(11i;`))
statsTab| ,(9i;`)

10:49:36.275 - Records Processed 2978
10:49:36.275 - Current Subscribers: 
bid     | ((10i;`);(11i;`))
quote   | ((10i;`);(11i;`))
statsTab| ,(9i;`)

10:49:37.274 - Records Processed 2980
10:49:37.274 - Current Subscribers: 
bid     | ((10i;`);(11i;`))
quote   | ((10i;`);(11i;`))
statsTab| ,(9i;`)

10:49:38.275 - Records Processed 2982
10:49:38.275 - Current Subscribers: 
bid     | ((10i;`);(11i;`))
quote   | ((10i;`);(11i;`))
statsTab| ,(9i;`)

10:49:39.275 - Records Processed 2984
10:49:39.276 - Current Subscribers: 
bid     | ((10i;`);(11i;`))
quote   | ((10i;`);(11i;`))
statsTab| ,(9i;`)

10:49:40.274 - Records Processed 2986
10:49:40.275 - Current Subscribers: 
bid     | ((10i;`);(11i;`))
quote   | ((10i;`);(11i;`))
statsTab| ,(9i;`)

10:49:41.275 - Records Processed 2988
10:49:41.275 - Current Subscribers: 
bid     | ((10i;`);(11i;`))
quote   | ((10i;`);(11i;`))
statsTab| ,(9i;`)

10:49:42.275 - Records Processed 2990
10:49:42.275 - Current Subscribers: 
bid     | ((10i;`);(11i;`))
quote   | ((10i;`);(11i;`))
statsTab| ,(9i;`)

10:49:43.275 - Records Processed 2992
10:49:43.275 - Current Subscribers: 
bid     | ((10i;`);(11i;`))
quote   | ((10i;`);(11i;`))
statsTab| ,(9i;`)

10:49:44.275 - Records Processed 2994
10:49:44.275 - Current Subscribers: 
bid     | ((10i;`);(11i;`))
quote   | ((10i;`);(11i;`))
statsTab| ,(9i;`)

10:49:45.275 - Records Processed 2996
10:49:45.275 - Current Subscribers: 
bid     | ((10i;`);(11i;`))
quote   | ((10i;`);(11i;`))
statsTab| ,(9i;`)

10:49:46.276 - Records Processed 2998
10:49:46.276 - Current Subscribers: 
bid     | ((10i;`);(11i;`))
quote   | ((10i;`);(11i;`))
statsTab| ,(9i;`)

10:49:47.275 - Records Processed 3000
10:49:47.276 - Current Subscribers: 
bid     | ((10i;`);(11i;`))
quote   | ((10i;`);(11i;`))
statsTab| ,(9i;`)

10:49:48.275 - Records Processed 3002
10:49:48.276 - Current Subscribers: 
bid     | ((10i;`);(11i;`))
quote   | ((10i;`);(11i;`))
statsTab| ,(9i;`)

10:49:49.275 - Records Processed 3004
10:49:49.275 - Current Subscribers: 
bid     | ((10i;`);(11i;`))
quote   | ((10i;`);(11i;`))
statsTab| ,(9i;`)

10:49:50.275 - Records Processed 3006
10:49:50.276 - Current Subscribers: 
bid     | ((10i;`);(11i;`))
quote   | ((10i;`);(11i;`))
statsTab| ,(9i;`)

10:49:51.275 - Records Processed 3008
10:49:51.275 - Current Subscribers: 
bid     | ((10i;`);(11i;`))
quote   | ((10i;`);(11i;`))
statsTab| ,(9i;`)

10:49:52.275 - Records Processed 3010
10:49:52.275 - Current Subscribers: 
bid     | ((10i;`);(11i;`))
quote   | ((10i;`);(11i;`))
statsTab| ,(9i;`)

10:49:53.276 - Records Processed 3012
10:49:53.276 - Current Subscribers: 
bid     | ((10i;`);(11i;`))
quote   | ((10i;`);(11i;`))
statsTab| ,(9i;`)

