10:35:54.872 - Records Processed 2904
10:35:54.872 - Current Subscribers: 
bid     | 
quote   | 
statsTab| 

10:35:55.874 - Records Processed 2904
10:35:55.874 - Current Subscribers: 
bid     | 
quote   | 
statsTab| 

10:35:56.874 - Records Processed 2904
10:35:56.874 - Current Subscribers: 
bid     | 
quote   | 
statsTab| 

10:35:57.873 - Records Processed 2904
10:35:57.873 - Current Subscribers: 
bid     | 
quote   | 
statsTab| 

10:35:58.454 - Records Processed 2904
10:35:58.454 - Current Subscribers: 
bid     | 
quote   | 
statsTab| 

10:35:59.456 - Records Processed 2905
10:35:59.456 - Current Subscribers: 
bid     | 
quote   | 
statsTab| 

10:36:00.455 - Records Processed 2906
10:36:00.455 - Current Subscribers: 
bid     | 
quote   | 
statsTab| 

10:36:01.454 - Records Processed 2907
10:36:01.455 - Current Subscribers: 
bid     | 
quote   | 
statsTab| 

10:36:02.455 - Records Processed 2908
10:36:02.455 - Current Subscribers: 
bid     | 
quote   | 
statsTab| 

10:36:03.456 - Records Processed 2909
10:36:03.456 - Current Subscribers: 
bid     | ()
quote   | ()
statsTab| ,(9i;`)

10:36:04.454 - Records Processed 2910
10:36:04.455 - Current Subscribers: 
bid     | ()
quote   | ()
statsTab| ,(9i;`)

10:36:05.455 - Records Processed 2911
10:36:05.455 - Current Subscribers: 
bid     | 10i `
quote   | 10i `
statsTab| 9i ` 

10:36:06.455 - Records Processed 2913
10:36:06.455 - Current Subscribers: 
bid     | 10i `
quote   | 10i `
statsTab| 9i ` 

10:36:07.455 - Records Processed 2915
10:36:07.456 - Current Subscribers: 
bid     | 10i `
quote   | 10i `
statsTab| 9i ` 

10:36:08.455 - Records Processed 2917
10:36:08.455 - Current Subscribers: 
bid     | ((10i;`);(11i;`))
quote   | ((10i;`);(11i;`))
statsTab| ,(9i;`)

10:36:09.456 - Records Processed 2919
10:36:09.456 - Current Subscribers: 
bid     | ((10i;`);(11i;`))
quote   | ((10i;`);(11i;`))
statsTab| ,(9i;`)

10:36:10.455 - Records Processed 2921
10:36:10.456 - Current Subscribers: 
bid     | ((10i;`);(11i;`))
quote   | ((10i;`);(11i;`))
statsTab| ,(9i;`)

10:36:11.456 - Records Processed 2923
10:36:11.456 - Current Subscribers: 
bid     | ((10i;`);(11i;`))
quote   | ((10i;`);(11i;`))
statsTab| ,(9i;`)

10:36:12.456 - Records Processed 2925
10:36:12.456 - Current Subscribers: 
bid     | ((10i;`);(11i;`))
quote   | ((10i;`);(11i;`))
statsTab| ,(9i;`)

10:36:13.456 - Records Processed 2927
10:36:13.456 - Current Subscribers: 
bid     | ((10i;`);(11i;`))
quote   | ((10i;`);(11i;`))
statsTab| ,(9i;`)

10:36:14.456 - Records Processed 2929
10:36:14.457 - Current Subscribers: 
bid     | ((10i;`);(11i;`))
quote   | ((10i;`);(11i;`))
statsTab| ,(9i;`)

10:36:15.455 - Records Processed 2931
10:36:15.455 - Current Subscribers: 
bid     | ((10i;`);(11i;`))
quote   | ((10i;`);(11i;`))
statsTab| ,(9i;`)

10:36:16.456 - Records Processed 2933
10:36:16.456 - Current Subscribers: 
bid     | ((10i;`);(11i;`))
quote   | ((10i;`);(11i;`))
statsTab| ,(9i;`)

10:36:17.455 - Records Processed 2935
10:36:17.455 - Current Subscribers: 
bid     | ((10i;`);(11i;`))
quote   | ((10i;`);(11i;`))
statsTab| ,(9i;`)

10:36:18.456 - Records Processed 2937
10:36:18.456 - Current Subscribers: 
bid     | ((10i;`);(11i;`))
quote   | ((10i;`);(11i;`))
statsTab| ,(9i;`)

10:36:19.456 - Records Processed 2939
10:36:19.456 - Current Subscribers: 
bid     | ((10i;`);(11i;`))
quote   | ((10i;`);(11i;`))
statsTab| ,(9i;`)

