12:54:28.457 - Records Processed 2172
12:54:28.457 - Current Subscribers: 
bid     | 
quote   | 
statsTab| 

12:54:29.458 - Records Processed 2172
12:54:29.458 - Current Subscribers: 
bid     | 
quote   | 
statsTab| 

12:54:30.458 - Records Processed 2172
12:54:30.459 - Current Subscribers: 
bid     | 
quote   | 
statsTab| 

12:54:31.458 - Records Processed 2172
12:54:31.458 - Current Subscribers: 
bid     | 
quote   | 
statsTab| 

12:54:32.459 - Records Processed 2172
12:54:32.459 - Current Subscribers: 
bid     | 
quote   | 
statsTab| 

12:54:33.458 - Records Processed 2172
12:54:33.458 - Current Subscribers: 
bid     | 
quote   | 
statsTab| 

12:54:34.459 - Records Processed 2172
12:54:34.459 - Current Subscribers: 
bid     | 
quote   | 
statsTab| 

12:54:35.458 - Records Processed 2172
12:54:35.458 - Current Subscribers: 
bid     | 
quote   | 
statsTab| 

12:54:36.459 - Records Processed 2172
12:54:36.459 - Current Subscribers: 
bid     | 
quote   | 
statsTab| 

12:54:37.460 - Records Processed 2172
12:54:37.460 - Current Subscribers: 
bid     | 
quote   | 
statsTab| 

12:54:38.459 - Records Processed 2172
12:54:38.459 - Current Subscribers: 
bid     | 
quote   | 
statsTab| 

12:54:39.457 - Records Processed 2172
12:54:39.458 - Current Subscribers: 
bid     | 
quote   | 
statsTab| 

12:54:40.458 - Records Processed 2172
12:54:40.459 - Current Subscribers: 
bid     | ()
quote   | ()
statsTab| ,(8i;`)

12:54:41.459 - Records Processed 2172
12:54:41.459 - Current Subscribers: 
bid     | ()
quote   | ()
statsTab| ,(8i;`)

12:54:42.458 - Records Processed 2172
12:54:42.458 - Current Subscribers: 
bid     | ()
quote   | ()
statsTab| ,(8i;`)

12:54:43.458 - Records Processed 2172
12:54:43.458 - Current Subscribers: 
bid     | ()
quote   | ()
statsTab| ,(8i;`)

12:54:44.459 - Records Processed 2172
12:54:44.459 - Current Subscribers: 
bid     | ()
quote   | ()
statsTab| ,(8i;`)

12:54:45.459 - Records Processed 2172
12:54:45.459 - Current Subscribers: 
bid     | ()
quote   | ()
statsTab| ,(8i;`)

12:54:46.459 - Records Processed 2172
12:54:46.459 - Current Subscribers: 
bid     | ()
quote   | ()
statsTab| ,(8i;`)

12:54:47.459 - Records Processed 2172
12:54:47.460 - Current Subscribers: 
bid     | ()
quote   | ()
statsTab| ,(8i;`)

12:54:48.459 - Records Processed 2172
12:54:48.459 - Current Subscribers: 
bid     | ()
quote   | ()
statsTab| ,(8i;`)

12:54:49.461 - Records Processed 2173
12:54:49.461 - Current Subscribers: 
bid     | ()
quote   | ()
statsTab| ,(8i;`)

12:54:50.458 - Records Processed 2174
12:54:50.459 - Current Subscribers: 
bid     | ()
quote   | ()
statsTab| ,(8i;`)

12:54:51.459 - Records Processed 2175
12:54:51.459 - Current Subscribers: 
bid     | 10i `
quote   | 10i `
statsTab| 8i ` 

12:54:52.458 - Records Processed 2176
12:54:52.459 - Current Subscribers: 
bid     | 10i `
quote   | 10i `
statsTab| 8i ` 

12:54:53.459 - Records Processed 2177
12:54:53.460 - Current Subscribers: 
bid     | 10i `
quote   | 10i `
statsTab| 8i ` 

12:54:54.459 - Records Processed 2178
12:54:54.459 - Current Subscribers: 
bid     | 10i `
quote   | 10i `
statsTab| 8i ` 

12:54:55.459 - Records Processed 2179
12:54:55.460 - Current Subscribers: 
bid     | 10i `
quote   | 10i `
statsTab| 8i ` 

12:54:56.459 - Records Processed 2180
12:54:56.460 - Current Subscribers: 
bid     | 10i `
quote   | 10i `
statsTab| 8i ` 

12:54:57.459 - Records Processed 2181
12:54:57.459 - Current Subscribers: 
bid     | 10i `
quote   | 10i `
statsTab| 8i ` 

12:54:58.458 - Records Processed 2182
12:54:58.459 - Current Subscribers: 
bid     | 10i `
quote   | 10i `
statsTab| 8i ` 

12:54:59.458 - Records Processed 2183
12:54:59.458 - Current Subscribers: 
bid     | 10i `
quote   | 10i `
statsTab| 8i ` 

12:55:00.459 - Records Processed 2184
12:55:00.459 - Current Subscribers: 
bid     | 10i `
quote   | 10i `
statsTab| 8i ` 

12:55:01.459 - Records Processed 2185
12:55:01.459 - Current Subscribers: 
bid     | 10i `
quote   | 10i `
statsTab| 8i ` 

12:55:02.459 - Records Processed 2186
12:55:02.459 - Current Subscribers: 
bid     | 10i `
quote   | 10i `
statsTab| 8i ` 

12:55:03.458 - Records Processed 2187
12:55:03.459 - Current Subscribers: 
bid     | 10i `
quote   | 10i `
statsTab| 8i ` 

12:55:04.459 - Records Processed 2188
12:55:04.460 - Current Subscribers: 
bid     | 10i `
quote   | 10i `
statsTab| 8i ` 

12:55:05.458 - Records Processed 2189
12:55:05.458 - Current Subscribers: 
bid     | 10i `
quote   | 10i `
statsTab| 8i ` 

12:55:06.458 - Records Processed 2190
12:55:06.458 - Current Subscribers: 
bid     | 10i `
quote   | 10i `
statsTab| 8i ` 

12:55:07.458 - Records Processed 2191
12:55:07.459 - Current Subscribers: 
bid     | 10i `
quote   | 10i `
statsTab| 8i ` 

12:55:08.458 - Records Processed 2192
12:55:08.459 - Current Subscribers: 
bid     | 10i `
quote   | 10i `
statsTab| 8i ` 

12:55:09.459 - Records Processed 2193
12:55:09.459 - Current Subscribers: 
bid     | 10i `
quote   | 10i `
statsTab| 8i ` 

12:55:10.459 - Records Processed 2194
12:55:10.459 - Current Subscribers: 
bid     | 10i `
quote   | 10i `
statsTab| 8i ` 

12:55:11.458 - Records Processed 2195
12:55:11.459 - Current Subscribers: 
bid     | 10i `
quote   | 10i `
statsTab| 8i ` 

12:55:12.458 - Records Processed 2196
12:55:12.459 - Current Subscribers: 
bid     | 10i `
quote   | 10i `
statsTab| 8i ` 

12:55:13.458 - Records Processed 2197
12:55:13.458 - Current Subscribers: 
bid     | 10i `
quote   | 10i `
statsTab| 8i ` 

12:55:14.458 - Records Processed 2198
12:55:14.459 - Current Subscribers: 
bid     | 10i `
quote   | 10i `
statsTab| 8i ` 

12:55:15.458 - Records Processed 2199
12:55:15.459 - Current Subscribers: 
bid     | 10i `
quote   | 10i `
statsTab| 8i ` 

12:55:16.459 - Records Processed 2200
12:55:16.461 - Current Subscribers: 
bid     | 10i `
quote   | 10i `
statsTab| 8i ` 

12:55:17.458 - Records Processed 2201
12:55:17.459 - Current Subscribers: 
bid     | 10i `
quote   | 10i `
statsTab| 8i ` 

12:55:18.458 - Records Processed 2202
12:55:18.458 - Current Subscribers: 
bid     | 10i `
quote   | 10i `
statsTab| 8i ` 

12:55:19.458 - Records Processed 2203
12:55:19.459 - Current Subscribers: 
bid     | 10i `
quote   | 10i `
statsTab| 8i ` 

12:55:20.458 - Records Processed 2204
12:55:20.458 - Current Subscribers: 
bid     | 10i `
quote   | 10i `
statsTab| 8i ` 

12:55:21.458 - Records Processed 2205
12:55:21.459 - Current Subscribers: 
bid     | 10i `
quote   | 10i `
statsTab| 8i ` 

12:55:22.459 - Records Processed 2206
12:55:22.460 - Current Subscribers: 
bid     | 10i `
quote   | 10i `
statsTab| 8i ` 

12:55:23.459 - Records Processed 2207
12:55:23.459 - Current Subscribers: 
bid     | 10i `
quote   | 10i `
statsTab| 8i ` 

12:55:24.459 - Records Processed 2208
12:55:24.459 - Current Subscribers: 
bid     | 10i `
quote   | 10i `
statsTab| 8i ` 

12:55:25.459 - Records Processed 2209
12:55:25.459 - Current Subscribers: 
bid     | 10i `
quote   | 10i `
statsTab| 8i ` 

12:55:26.458 - Records Processed 2210
12:55:26.459 - Current Subscribers: 
bid     | 10i `
quote   | 10i `
statsTab| 8i ` 

12:55:27.459 - Records Processed 2211
12:55:27.460 - Current Subscribers: 
bid     | 10i `
quote   | 10i `
statsTab| 8i ` 

12:55:28.459 - Records Processed 2212
12:55:28.460 - Current Subscribers: 
bid     | 10i `
quote   | 10i `
statsTab| 8i ` 

12:55:29.459 - Records Processed 2213
12:55:29.460 - Current Subscribers: 
bid     | 10i `
quote   | 10i `
statsTab| 8i ` 

12:55:30.458 - Records Processed 2214
12:55:30.460 - Current Subscribers: 
bid     | 10i `
quote   | 10i `
statsTab| 8i ` 

12:55:31.458 - Records Processed 2215
12:55:31.458 - Current Subscribers: 
bid     | 10i `
quote   | 10i `
statsTab| 8i ` 

12:55:32.458 - Records Processed 2216
12:55:32.459 - Current Subscribers: 
bid     | 10i `
quote   | 10i `
statsTab| 8i ` 

12:55:33.458 - Records Processed 2217
12:55:33.458 - Current Subscribers: 
bid     | 10i `
quote   | 10i `
statsTab| 8i ` 

12:55:34.459 - Records Processed 2218
12:55:34.459 - Current Subscribers: 
bid     | 10i `
quote   | 10i `
statsTab| 8i ` 

12:55:35.459 - Records Processed 2219
12:55:35.460 - Current Subscribers: 
bid     | 10i `
quote   | 10i `
statsTab| 8i ` 

12:55:36.458 - Records Processed 2220
12:55:36.458 - Current Subscribers: 
bid     | 10i `
quote   | 10i `
statsTab| 8i ` 

12:55:37.459 - Records Processed 2221
12:55:37.459 - Current Subscribers: 
bid     | 10i `
quote   | 10i `
statsTab| 8i ` 

12:55:38.458 - Records Processed 2222
12:55:38.459 - Current Subscribers: 
bid     | 10i `
quote   | 10i `
statsTab| 8i ` 

12:55:39.458 - Records Processed 2223
12:55:39.459 - Current Subscribers: 
bid     | 10i `
quote   | 10i `
statsTab| 8i ` 

12:55:40.458 - Records Processed 2224
12:55:40.459 - Current Subscribers: 
bid     | 10i `
quote   | 10i `
statsTab| 8i ` 

12:55:41.458 - Records Processed 2225
12:55:41.458 - Current Subscribers: 
bid     | 10i `
quote   | 10i `
statsTab| 8i ` 

12:55:42.458 - Records Processed 2226
12:55:42.459 - Current Subscribers: 
bid     | 10i `
quote   | 10i `
statsTab| 8i ` 

12:55:43.459 - Records Processed 2227
12:55:43.459 - Current Subscribers: 
bid     | 10i `
quote   | 10i `
statsTab| 8i ` 

12:55:44.458 - Records Processed 2228
12:55:44.459 - Current Subscribers: 
bid     | 10i `
quote   | 10i `
statsTab| 8i ` 

12:55:45.459 - Records Processed 2229
12:55:45.459 - Current Subscribers: 
bid     | 10i `
quote   | 10i `
statsTab| 8i ` 

12:55:46.458 - Records Processed 2230
12:55:46.459 - Current Subscribers: 
bid     | 10i `
quote   | 10i `
statsTab| 8i ` 

12:55:47.459 - Records Processed 2231
12:55:47.460 - Current Subscribers: 
bid     | 10i `
quote   | 10i `
statsTab| 8i ` 

12:55:48.458 - Records Processed 2232
12:55:48.458 - Current Subscribers: 
bid     | 10i `
quote   | 10i `
statsTab| 8i ` 

12:55:49.458 - Records Processed 2233
12:55:49.458 - Current Subscribers: 
bid     | 10i `
quote   | 10i `
statsTab| 8i ` 

12:55:50.459 - Records Processed 2234
12:55:50.459 - Current Subscribers: 
bid     | 10i `
quote   | 10i `
statsTab| 8i ` 

12:55:51.458 - Records Processed 2235
12:55:51.459 - Current Subscribers: 
bid     | 10i `
quote   | 10i `
statsTab| 8i ` 

12:55:52.458 - Records Processed 2236
12:55:52.459 - Current Subscribers: 
bid     | 10i `
quote   | 10i `
statsTab| 8i ` 

12:55:53.458 - Records Processed 2236
12:55:53.458 - Current Subscribers: 
bid     | 10i `
quote   | 10i `
statsTab| 8i ` 

12:55:54.460 - Records Processed 2236
12:55:54.461 - Current Subscribers: 
bid     | ()
quote   | ()
statsTab| ,(8i;`)

12:55:55.460 - Records Processed 2236
12:55:55.460 - Current Subscribers: 
bid     | ()
quote   | ()
statsTab| ,(8i;`)

12:55:56.459 - Records Processed 2236
12:55:56.460 - Current Subscribers: 
bid     | ()
quote   | ()
statsTab| ,(8i;`)

12:55:57.458 - Records Processed 2236
12:55:57.459 - Current Subscribers: 
bid     | 
quote   | 
statsTab| 

12:55:58.460 - Records Processed 2236
12:55:58.460 - Current Subscribers: 
bid     | 
quote   | 
statsTab| 

12:55:59.460 - Records Processed 2236
12:55:59.461 - Current Subscribers: 
bid     | 
quote   | 
statsTab| 

12:56:00.459 - Records Processed 2236
12:56:00.459 - Current Subscribers: 
bid     | 
quote   | 
statsTab| 

12:56:01.458 - Records Processed 2236
12:56:01.459 - Current Subscribers: 
bid     | 
quote   | 
statsTab| 

12:56:02.459 - Records Processed 2236
12:56:02.459 - Current Subscribers: 
bid     | 
quote   | 
statsTab| 

12:56:03.459 - Records Processed 2236
12:56:03.459 - Current Subscribers: 
bid     | 
quote   | 
statsTab| 

12:56:04.459 - Records Processed 2236
12:56:04.459 - Current Subscribers: 
bid     | 
quote   | 
statsTab| 

12:56:05.459 - Records Processed 2236
12:56:05.459 - Current Subscribers: 
bid     | 
quote   | 
statsTab| 

12:56:06.459 - Records Processed 2236
12:56:06.460 - Current Subscribers: 
bid     | 
quote   | 
statsTab| 

12:56:07.458 - Records Processed 2236
12:56:07.458 - Current Subscribers: 
bid     | 
quote   | 
statsTab| 

12:56:08.460 - Records Processed 2236
12:56:08.460 - Current Subscribers: 
bid     | 
quote   | 
statsTab| 

12:56:09.459 - Records Processed 2236
12:56:09.459 - Current Subscribers: 
bid     | 
quote   | 
statsTab| 

12:56:10.459 - Records Processed 2236
12:56:10.459 - Current Subscribers: 
bid     | 
quote   | 
statsTab| 

12:56:11.459 - Records Processed 2236
12:56:11.459 - Current Subscribers: 
bid     | 
quote   | 
statsTab| 

12:56:12.459 - Records Processed 2236
12:56:12.459 - Current Subscribers: 
bid     | 
quote   | 
statsTab| 

12:56:13.459 - Records Processed 2236
12:56:13.459 - Current Subscribers: 
bid     | 
quote   | 
statsTab| 

12:56:14.459 - Records Processed 2236
12:56:14.459 - Current Subscribers: 
bid     | 
quote   | 
statsTab| 

12:56:15.459 - Records Processed 2236
12:56:15.459 - Current Subscribers: 
bid     | 
quote   | 
statsTab| 

12:56:16.459 - Records Processed 2236
12:56:16.459 - Current Subscribers: 
bid     | 
quote   | 
statsTab| 

12:56:17.459 - Records Processed 2236
12:56:17.459 - Current Subscribers: 
bid     | 
quote   | 
statsTab| 

12:56:18.459 - Records Processed 2236
12:56:18.459 - Current Subscribers: 
bid     | 
quote   | 
statsTab| 

12:56:19.459 - Records Processed 2236
12:56:19.459 - Current Subscribers: 
bid     | 
quote   | 
statsTab| 

12:56:20.459 - Records Processed 2236
12:56:20.459 - Current Subscribers: 
bid     | 
quote   | 
statsTab| 

12:56:21.459 - Records Processed 2236
12:56:21.460 - Current Subscribers: 
bid     | 
quote   | 
statsTab| 

12:56:22.459 - Records Processed 2236
12:56:22.459 - Current Subscribers: 
bid     | 
quote   | 
statsTab| 

12:56:23.459 - Records Processed 2236
12:56:23.459 - Current Subscribers: 
bid     | 
quote   | 
statsTab| 

12:56:24.459 - Records Processed 2236
12:56:24.460 - Current Subscribers: 
bid     | 
quote   | 
statsTab| 

12:56:25.460 - Records Processed 2236
12:56:25.460 - Current Subscribers: 
bid     | 
quote   | 
statsTab| 

12:56:26.459 - Records Processed 2236
12:56:26.459 - Current Subscribers: 
bid     | 
quote   | 
statsTab| 

12:56:27.459 - Records Processed 2236
12:56:27.460 - Current Subscribers: 
bid     | 
quote   | 
statsTab| 

12:56:28.458 - Records Processed 2236
12:56:28.459 - Current Subscribers: 
bid     | 
quote   | 
statsTab| 

12:56:29.459 - Records Processed 2236
12:56:29.459 - Current Subscribers: 
bid     | 
quote   | 
statsTab| 

12:56:30.458 - Records Processed 2236
12:56:30.458 - Current Subscribers: 
bid     | 
quote   | 
statsTab| 

12:56:31.459 - Records Processed 2236
12:56:31.459 - Current Subscribers: 
bid     | 
quote   | 
statsTab| 

12:56:32.459 - Records Processed 2236
12:56:32.459 - Current Subscribers: 
bid     | 
quote   | 
statsTab| 

12:56:33.459 - Records Processed 2236
12:56:33.459 - Current Subscribers: 
bid     | 
quote   | 
statsTab| 

12:56:34.460 - Records Processed 2236
12:56:34.460 - Current Subscribers: 
bid     | 
quote   | 
statsTab| 

12:56:35.459 - Records Processed 2236
12:56:35.459 - Current Subscribers: 
bid     | 
quote   | 
statsTab| 

12:56:36.460 - Records Processed 2236
12:56:36.460 - Current Subscribers: 
bid     | 
quote   | 
statsTab| 

12:56:37.459 - Records Processed 2236
12:56:37.459 - Current Subscribers: 
bid     | 
quote   | 
statsTab| 

12:56:38.459 - Records Processed 2236
12:56:38.459 - Current Subscribers: 
bid     | 
quote   | 
statsTab| 

12:56:39.459 - Records Processed 2236
12:56:39.459 - Current Subscribers: 
bid     | 
quote   | 
statsTab| 

12:56:40.459 - Records Processed 2236
12:56:40.459 - Current Subscribers: 
bid     | 
quote   | 
statsTab| 

12:56:41.460 - Records Processed 2236
12:56:41.460 - Current Subscribers: 
bid     | 
quote   | 
statsTab| 

12:56:42.459 - Records Processed 2236
12:56:42.459 - Current Subscribers: 
bid     | 
quote   | 
statsTab| 

12:56:43.458 - Records Processed 2236
12:56:43.458 - Current Subscribers: 
bid     | 
quote   | 
statsTab| 

12:56:44.459 - Records Processed 2236
12:56:44.460 - Current Subscribers: 
bid     | 
quote   | 
statsTab| 

12:56:45.459 - Records Processed 2236
12:56:45.459 - Current Subscribers: 
bid     | 
quote   | 
statsTab| 

12:56:46.459 - Records Processed 2236
12:56:46.459 - Current Subscribers: 
bid     | 
quote   | 
statsTab| 

12:56:47.459 - Records Processed 2236
12:56:47.460 - Current Subscribers: 
bid     | 
quote   | 
statsTab| 

12:56:48.459 - Records Processed 2236
12:56:48.459 - Current Subscribers: 
bid     | 
quote   | 
statsTab| 

12:56:49.460 - Records Processed 2236
12:56:49.460 - Current Subscribers: 
bid     | 
quote   | 
statsTab| 

12:56:50.459 - Records Processed 2236
12:56:50.460 - Current Subscribers: 
bid     | 
quote   | 
statsTab| 

12:56:51.460 - Records Processed 2236
12:56:51.460 - Current Subscribers: 
bid     | 
quote   | 
statsTab| 

12:56:52.458 - Records Processed 2236
12:56:52.459 - Current Subscribers: 
bid     | 
quote   | 
statsTab| 

12:56:53.459 - Records Processed 2236
12:56:53.459 - Current Subscribers: 
bid     | 
quote   | 
statsTab| 

12:56:54.459 - Records Processed 2236
12:56:54.459 - Current Subscribers: 
bid     | 
quote   | 
statsTab| 

12:56:55.458 - Records Processed 2236
12:56:55.459 - Current Subscribers: 
bid     | 
quote   | 
statsTab| 

12:56:56.459 - Records Processed 2236
12:56:56.459 - Current Subscribers: 
bid     | 
quote   | 
statsTab| 

12:56:57.458 - Records Processed 2236
12:56:57.458 - Current Subscribers: 
bid     | 
quote   | 
statsTab| 

12:56:58.458 - Records Processed 2236
12:56:58.458 - Current Subscribers: 
bid     | 
quote   | 
statsTab| 

12:56:59.457 - Records Processed 2236
12:56:59.458 - Current Subscribers: 
bid     | 
quote   | 
statsTab| 

12:57:00.460 - Records Processed 2236
12:57:00.460 - Current Subscribers: 
bid     | 
quote   | 
statsTab| 

12:57:01.459 - Records Processed 2236
12:57:01.459 - Current Subscribers: 
bid     | 
quote   | 
statsTab| 

12:57:02.458 - Records Processed 2236
12:57:02.459 - Current Subscribers: 
bid     | 
quote   | 
statsTab| 

12:57:03.460 - Records Processed 2236
12:57:03.461 - Current Subscribers: 
bid     | 
quote   | 
statsTab| 

12:57:04.460 - Records Processed 2236
12:57:04.460 - Current Subscribers: 
bid     | 
quote   | 
statsTab| 

12:57:05.459 - Records Processed 2236
12:57:05.460 - Current Subscribers: 
bid     | 
quote   | 
statsTab| 

12:57:06.459 - Records Processed 2236
12:57:06.459 - Current Subscribers: 
bid     | 
quote   | 
statsTab| 

12:57:07.459 - Records Processed 2236
12:57:07.459 - Current Subscribers: 
bid     | 
quote   | 
statsTab| 

12:57:08.459 - Records Processed 2236
12:57:08.459 - Current Subscribers: 
bid     | 
quote   | 
statsTab| 

12:57:09.461 - Records Processed 2236
12:57:09.461 - Current Subscribers: 
bid     | 
quote   | 
statsTab| 

12:57:10.459 - Records Processed 2236
12:57:10.459 - Current Subscribers: 
bid     | 
quote   | 
statsTab| 

12:57:11.459 - Records Processed 2236
12:57:11.459 - Current Subscribers: 
bid     | 
quote   | 
statsTab| 

12:57:12.458 - Records Processed 2236
12:57:12.459 - Current Subscribers: 
bid     | 
quote   | 
statsTab| 

12:57:13.457 - Records Processed 2236
12:57:13.458 - Current Subscribers: 
bid     | 
quote   | 
statsTab| 

12:57:14.458 - Records Processed 2236
12:57:14.458 - Current Subscribers: 
bid     | 
quote   | 
statsTab| 

12:57:15.458 - Records Processed 2236
12:57:15.459 - Current Subscribers: 
bid     | 
quote   | 
statsTab| 

12:57:16.459 - Records Processed 2236
12:57:16.459 - Current Subscribers: 
bid     | 
quote   | 
statsTab| 

12:57:17.459 - Records Processed 2236
12:57:17.459 - Current Subscribers: 
bid     | 
quote   | 
statsTab| 

12:57:18.458 - Records Processed 2236
12:57:18.459 - Current Subscribers: 
bid     | 
quote   | 
statsTab| 

12:57:19.459 - Records Processed 2236
12:57:19.460 - Current Subscribers: 
bid     | 
quote   | 
statsTab| 

12:57:20.459 - Records Processed 2236
12:57:20.459 - Current Subscribers: 
bid     | 
quote   | 
statsTab| 

12:57:21.457 - Records Processed 2236
12:57:21.458 - Current Subscribers: 
bid     | 
quote   | 
statsTab| 

12:57:22.458 - Records Processed 2236
12:57:22.459 - Current Subscribers: 
bid     | 
quote   | 
statsTab| 

12:57:23.459 - Records Processed 2236
12:57:23.459 - Current Subscribers: 
bid     | 
quote   | 
statsTab| 

12:57:24.461 - Records Processed 2236
12:57:24.462 - Current Subscribers: 
bid     | 
quote   | 
statsTab| 

12:57:25.459 - Records Processed 2236
12:57:25.459 - Current Subscribers: 
bid     | 
quote   | 
statsTab| 

12:57:26.459 - Records Processed 2236
12:57:26.459 - Current Subscribers: 
bid     | 
quote   | 
statsTab| 

12:57:27.458 - Records Processed 2236
12:57:27.458 - Current Subscribers: 
bid     | 
quote   | 
statsTab| 

12:57:28.459 - Records Processed 2236
12:57:28.459 - Current Subscribers: 
bid     | 
quote   | 
statsTab| 

12:57:29.461 - Records Processed 2236
12:57:29.463 - Current Subscribers: 
bid     | 
quote   | 
statsTab| 

12:57:30.461 - Records Processed 2236
12:57:30.461 - Current Subscribers: 
bid     | 
quote   | 
statsTab| 

12:57:31.459 - Records Processed 2236
12:57:31.459 - Current Subscribers: 
bid     | 
quote   | 
statsTab| 

12:57:32.466 - Records Processed 2236
12:57:32.466 - Current Subscribers: 
bid     | 
quote   | 
statsTab| 

12:57:33.459 - Records Processed 2236
12:57:33.459 - Current Subscribers: 
bid     | 
quote   | 
statsTab| 

12:57:34.469 - Records Processed 2236
12:57:34.469 - Current Subscribers: 
bid     | 
quote   | 
statsTab| 

12:57:35.458 - Records Processed 2236
12:57:35.458 - Current Subscribers: 
bid     | 
quote   | 
statsTab| 

12:57:36.460 - Records Processed 2236
12:57:36.460 - Current Subscribers: 
bid     | 
quote   | 
statsTab| 

12:57:37.458 - Records Processed 2236
12:57:37.458 - Current Subscribers: 
bid     | 
quote   | 
statsTab| 

12:57:38.460 - Records Processed 2236
12:57:38.460 - Current Subscribers: 
bid     | 
quote   | 
statsTab| 

12:57:39.459 - Records Processed 2236
12:57:39.459 - Current Subscribers: 
bid     | 
quote   | 
statsTab| 

12:57:40.458 - Records Processed 2236
12:57:40.458 - Current Subscribers: 
bid     | 
quote   | 
statsTab| 

12:57:41.458 - Records Processed 2236
12:57:41.458 - Current Subscribers: 
bid     | 
quote   | 
statsTab| 

12:57:42.459 - Records Processed 2236
12:57:42.459 - Current Subscribers: 
bid     | 
quote   | 
statsTab| 

12:57:43.458 - Records Processed 2236
12:57:43.458 - Current Subscribers: 
bid     | 
quote   | 
statsTab| 

12:57:44.459 - Records Processed 2236
12:57:44.459 - Current Subscribers: 
bid     | 
quote   | 
statsTab| 

12:57:45.458 - Records Processed 2236
12:57:45.459 - Current Subscribers: 
bid     | 
quote   | 
statsTab| 

12:57:46.459 - Records Processed 2236
12:57:46.459 - Current Subscribers: 
bid     | 
quote   | 
statsTab| 

12:57:47.458 - Records Processed 2236
12:57:47.458 - Current Subscribers: 
bid     | 
quote   | 
statsTab| 

12:57:48.459 - Records Processed 2236
12:57:48.459 - Current Subscribers: 
bid     | 
quote   | 
statsTab| 

12:57:49.459 - Records Processed 2236
12:57:49.459 - Current Subscribers: 
bid     | 
quote   | 
statsTab| 

12:57:50.459 - Records Processed 2236
12:57:50.459 - Current Subscribers: 
bid     | 
quote   | 
statsTab| 

12:57:51.459 - Records Processed 2236
12:57:51.459 - Current Subscribers: 
bid     | 
quote   | 
statsTab| 

12:57:52.459 - Records Processed 2236
12:57:52.460 - Current Subscribers: 
bid     | 
quote   | 
statsTab| 

12:57:53.460 - Records Processed 2236
12:57:53.460 - Current Subscribers: 
bid     | 
quote   | 
statsTab| 

12:57:54.459 - Records Processed 2236
12:57:54.459 - Current Subscribers: 
bid     | 
quote   | 
statsTab| 

12:57:55.459 - Records Processed 2236
12:57:55.459 - Current Subscribers: 
bid     | 
quote   | 
statsTab| 

12:57:56.459 - Records Processed 2236
12:57:56.459 - Current Subscribers: 
bid     | 
quote   | 
statsTab| 

12:57:57.458 - Records Processed 2236
12:57:57.458 - Current Subscribers: 
bid     | 
quote   | 
statsTab| 

12:57:58.458 - Records Processed 2236
12:57:58.458 - Current Subscribers: 
bid     | 
quote   | 
statsTab| 

12:57:59.458 - Records Processed 2236
12:57:59.458 - Current Subscribers: 
bid     | 
quote   | 
statsTab| 

12:58:00.457 - Records Processed 2236
12:58:00.458 - Current Subscribers: 
bid     | 
quote   | 
statsTab| 

12:58:01.460 - Records Processed 2236
12:58:01.460 - Current Subscribers: 
bid     | 
quote   | 
statsTab| 

12:58:02.458 - Records Processed 2236
12:58:02.459 - Current Subscribers: 
bid     | 
quote   | 
statsTab| 

12:58:03.464 - Records Processed 2236
12:58:03.464 - Current Subscribers: 
bid     | 
quote   | 
statsTab| 

12:58:04.459 - Records Processed 2236
12:58:04.459 - Current Subscribers: 
bid     | 
quote   | 
statsTab| 

12:58:05.465 - Records Processed 2236
12:58:05.465 - Current Subscribers: 
bid     | 
quote   | 
statsTab| 

12:58:06.458 - Records Processed 2236
12:58:06.459 - Current Subscribers: 
bid     | 
quote   | 
statsTab| 

12:58:07.459 - Records Processed 2236
12:58:07.459 - Current Subscribers: 
bid     | 
quote   | 
statsTab| 

12:58:08.459 - Records Processed 2236
12:58:08.459 - Current Subscribers: 
bid     | 
quote   | 
statsTab| 

12:58:09.459 - Records Processed 2236
12:58:09.460 - Current Subscribers: 
bid     | 
quote   | 
statsTab| 

12:58:10.459 - Records Processed 2236
12:58:10.460 - Current Subscribers: 
bid     | 
quote   | 
statsTab| 

12:58:11.458 - Records Processed 2236
12:58:11.458 - Current Subscribers: 
bid     | 
quote   | 
statsTab| 

12:58:12.457 - Records Processed 2236
12:58:12.458 - Current Subscribers: 
bid     | 
quote   | 
statsTab| 

12:58:13.458 - Records Processed 2236
12:58:13.458 - Current Subscribers: 
bid     | 
quote   | 
statsTab| 

12:58:14.459 - Records Processed 2236
12:58:14.459 - Current Subscribers: 
bid     | 
quote   | 
statsTab| 

12:58:15.458 - Records Processed 2236
12:58:15.459 - Current Subscribers: 
bid     | 
quote   | 
statsTab| 

12:58:16.458 - Records Processed 2236
12:58:16.458 - Current Subscribers: 
bid     | 
quote   | 
statsTab| 

12:58:17.458 - Records Processed 2236
12:58:17.458 - Current Subscribers: 
bid     | 
quote   | 
statsTab| 

12:58:18.458 - Records Processed 2236
12:58:18.458 - Current Subscribers: 
bid     | 
quote   | 
statsTab| 

12:58:19.459 - Records Processed 2236
12:58:19.459 - Current Subscribers: 
bid     | 
quote   | 
statsTab| 

12:58:20.459 - Records Processed 2236
12:58:20.459 - Current Subscribers: 
bid     | 
quote   | 
statsTab| 

12:58:21.459 - Records Processed 2236
12:58:21.459 - Current Subscribers: 
bid     | 
quote   | 
statsTab| 

12:58:22.459 - Records Processed 2236
12:58:22.459 - Current Subscribers: 
bid     | 
quote   | 
statsTab| 

12:58:23.458 - Records Processed 2236
12:58:23.458 - Current Subscribers: 
bid     | 
quote   | 
statsTab| 

12:58:24.458 - Records Processed 2236
12:58:24.458 - Current Subscribers: 
bid     | 
quote   | 
statsTab| 

12:58:25.458 - Records Processed 2236
12:58:25.458 - Current Subscribers: 
bid     | 
quote   | 
statsTab| 

12:58:26.459 - Records Processed 2236
12:58:26.459 - Current Subscribers: 
bid     | 
quote   | 
statsTab| 

12:58:27.459 - Records Processed 2236
12:58:27.459 - Current Subscribers: 
bid     | 
quote   | 
statsTab| 

12:58:28.460 - Records Processed 2236
12:58:28.460 - Current Subscribers: 
bid     | 
quote   | 
statsTab| 

12:58:29.458 - Records Processed 2236
12:58:29.459 - Current Subscribers: 
bid     | 
quote   | 
statsTab| 

12:58:30.459 - Records Processed 2236
12:58:30.459 - Current Subscribers: 
bid     | 
quote   | 
statsTab| 

12:58:31.457 - Records Processed 2236
12:58:31.457 - Current Subscribers: 
bid     | 
quote   | 
statsTab| 

12:58:32.457 - Records Processed 2236
12:58:32.457 - Current Subscribers: 
bid     | 
quote   | 
statsTab| 

12:58:33.459 - Records Processed 2236
12:58:33.459 - Current Subscribers: 
bid     | 
quote   | 
statsTab| 

12:58:34.459 - Records Processed 2236
12:58:34.459 - Current Subscribers: 
bid     | 
quote   | 
statsTab| 

12:58:35.459 - Records Processed 2236
12:58:35.459 - Current Subscribers: 
bid     | 
quote   | 
statsTab| 

12:58:36.458 - Records Processed 2236
12:58:36.458 - Current Subscribers: 
bid     | 
quote   | 
statsTab| 

12:58:37.458 - Records Processed 2236
12:58:37.458 - Current Subscribers: 
bid     | 
quote   | 
statsTab| 

12:58:38.458 - Records Processed 2236
12:58:38.459 - Current Subscribers: 
bid     | 
quote   | 
statsTab| 

12:58:39.458 - Records Processed 2236
12:58:39.458 - Current Subscribers: 
bid     | 
quote   | 
statsTab| 

12:58:40.459 - Records Processed 2236
12:58:40.459 - Current Subscribers: 
bid     | 
quote   | 
statsTab| 

12:58:41.458 - Records Processed 2236
12:58:41.459 - Current Subscribers: 
bid     | 
quote   | 
statsTab| 

12:58:42.459 - Records Processed 2236
12:58:42.459 - Current Subscribers: 
bid     | 
quote   | 
statsTab| 

12:58:43.459 - Records Processed 2236
12:58:43.459 - Current Subscribers: 
bid     | 
quote   | 
statsTab| 

12:58:44.459 - Records Processed 2236
12:58:44.459 - Current Subscribers: 
bid     | 
quote   | 
statsTab| 

12:58:45.458 - Records Processed 2236
12:58:45.459 - Current Subscribers: 
bid     | 
quote   | 
statsTab| 

12:58:46.459 - Records Processed 2236
12:58:46.460 - Current Subscribers: 
bid     | 
quote   | 
statsTab| 

12:58:47.459 - Records Processed 2236
12:58:47.459 - Current Subscribers: 
bid     | 
quote   | 
statsTab| 

12:58:48.459 - Records Processed 2236
12:58:48.459 - Current Subscribers: 
bid     | 
quote   | 
statsTab| 

12:58:49.457 - Records Processed 2236
12:58:49.458 - Current Subscribers: 
bid     | 
quote   | 
statsTab| 

12:58:50.458 - Records Processed 2236
12:58:50.458 - Current Subscribers: 
bid     | 
quote   | 
statsTab| 

12:58:51.458 - Records Processed 2236
12:58:51.458 - Current Subscribers: 
bid     | 
quote   | 
statsTab| 

12:58:52.460 - Records Processed 2236
12:58:52.461 - Current Subscribers: 
bid     | 
quote   | 
statsTab| 

12:58:53.457 - Records Processed 2236
12:58:53.457 - Current Subscribers: 
bid     | 
quote   | 
statsTab| 

12:58:54.458 - Records Processed 2236
12:58:54.458 - Current Subscribers: 
bid     | 
quote   | 
statsTab| 

12:58:55.458 - Records Processed 2236
12:58:55.458 - Current Subscribers: 
bid     | 
quote   | 
statsTab| 

12:58:56.459 - Records Processed 2236
12:58:56.459 - Current Subscribers: 
bid     | 
quote   | 
statsTab| 

12:58:57.459 - Records Processed 2236
12:58:57.459 - Current Subscribers: 
bid     | 
quote   | 
statsTab| 

12:58:58.458 - Records Processed 2236
12:58:58.458 - Current Subscribers: 
bid     | 
quote   | 
statsTab| 

12:58:59.457 - Records Processed 2236
12:58:59.457 - Current Subscribers: 
bid     | 
quote   | 
statsTab| 

12:59:00.459 - Records Processed 2236
12:59:00.459 - Current Subscribers: 
bid     | 
quote   | 
statsTab| 

12:59:01.458 - Records Processed 2236
12:59:01.458 - Current Subscribers: 
bid     | 
quote   | 
statsTab| 

12:59:02.459 - Records Processed 2236
12:59:02.459 - Current Subscribers: 
bid     | 
quote   | 
statsTab| 

12:59:03.458 - Records Processed 2236
12:59:03.458 - Current Subscribers: 
bid     | 
quote   | 
statsTab| 

12:59:04.458 - Records Processed 2236
12:59:04.458 - Current Subscribers: 
bid     | 
quote   | 
statsTab| 

12:59:05.458 - Records Processed 2236
12:59:05.458 - Current Subscribers: 
bid     | 
quote   | 
statsTab| 

12:59:06.459 - Records Processed 2236
12:59:06.459 - Current Subscribers: 
bid     | 
quote   | 
statsTab| 

12:59:07.458 - Records Processed 2236
12:59:07.459 - Current Subscribers: 
bid     | 
quote   | 
statsTab| 

12:59:08.459 - Records Processed 2236
12:59:08.459 - Current Subscribers: 
bid     | 
quote   | 
statsTab| 

12:59:09.458 - Records Processed 2236
12:59:09.458 - Current Subscribers: 
bid     | 
quote   | 
statsTab| 

12:59:10.458 - Records Processed 2236
12:59:10.458 - Current Subscribers: 
bid     | 
quote   | 
statsTab| 

12:59:11.457 - Records Processed 2236
12:59:11.457 - Current Subscribers: 
bid     | 
quote   | 
statsTab| 

12:59:12.459 - Records Processed 2236
12:59:12.459 - Current Subscribers: 
bid     | 
quote   | 
statsTab| 

12:59:13.459 - Records Processed 2236
12:59:13.460 - Current Subscribers: 
bid     | 
quote   | 
statsTab| 

12:59:14.460 - Records Processed 2236
12:59:14.460 - Current Subscribers: 
bid     | 
quote   | 
statsTab| 

12:59:15.458 - Records Processed 2236
12:59:15.459 - Current Subscribers: 
bid     | 
quote   | 
statsTab| 

12:59:16.458 - Records Processed 2236
12:59:16.458 - Current Subscribers: 
bid     | 
quote   | 
statsTab| 

12:59:17.459 - Records Processed 2236
12:59:17.459 - Current Subscribers: 
bid     | 
quote   | 
statsTab| 

12:59:18.458 - Records Processed 2236
12:59:18.458 - Current Subscribers: 
bid     | 
quote   | 
statsTab| 

12:59:19.458 - Records Processed 2236
12:59:19.458 - Current Subscribers: 
bid     | 
quote   | 
statsTab| 

12:59:20.459 - Records Processed 2236
12:59:20.459 - Current Subscribers: 
bid     | 
quote   | 
statsTab| 

12:59:21.458 - Records Processed 2236
12:59:21.458 - Current Subscribers: 
bid     | 
quote   | 
statsTab| 

12:59:22.458 - Records Processed 2236
12:59:22.459 - Current Subscribers: 
bid     | 
quote   | 
statsTab| 

12:59:23.458 - Records Processed 2236
12:59:23.459 - Current Subscribers: 
bid     | 
quote   | 
statsTab| 

12:59:24.459 - Records Processed 2236
12:59:24.459 - Current Subscribers: 
bid     | 
quote   | 
statsTab| 

12:59:25.459 - Records Processed 2236
12:59:25.459 - Current Subscribers: 
bid     | 
quote   | 
statsTab| 

12:59:26.457 - Records Processed 2236
12:59:26.458 - Current Subscribers: 
bid     | 
quote   | 
statsTab| 

12:59:27.459 - Records Processed 2236
12:59:27.459 - Current Subscribers: 
bid     | 
quote   | 
statsTab| 

12:59:28.459 - Records Processed 2236
12:59:28.459 - Current Subscribers: 
bid     | 
quote   | 
statsTab| 

12:59:29.458 - Records Processed 2236
12:59:29.458 - Current Subscribers: 
bid     | 
quote   | 
statsTab| 

12:59:30.459 - Records Processed 2236
12:59:30.459 - Current Subscribers: 
bid     | 
quote   | 
statsTab| 

12:59:31.458 - Records Processed 2236
12:59:31.458 - Current Subscribers: 
bid     | 
quote   | 
statsTab| 

12:59:32.458 - Records Processed 2236
12:59:32.458 - Current Subscribers: 
bid     | 
quote   | 
statsTab| 

12:59:33.459 - Records Processed 2236
12:59:33.459 - Current Subscribers: 
bid     | 
quote   | 
statsTab| 

12:59:34.460 - Records Processed 2236
12:59:34.460 - Current Subscribers: 
bid     | 
quote   | 
statsTab| 

12:59:35.458 - Records Processed 2236
12:59:35.459 - Current Subscribers: 
bid     | 
quote   | 
statsTab| 

12:59:36.458 - Records Processed 2236
12:59:36.458 - Current Subscribers: 
bid     | 
quote   | 
statsTab| 

12:59:37.458 - Records Processed 2236
12:59:37.458 - Current Subscribers: 
bid     | 
quote   | 
statsTab| 

12:59:38.458 - Records Processed 2236
12:59:38.459 - Current Subscribers: 
bid     | 
quote   | 
statsTab| 

12:59:39.461 - Records Processed 2236
12:59:39.461 - Current Subscribers: 
bid     | 
quote   | 
statsTab| 

12:59:40.457 - Records Processed 2236
12:59:40.457 - Current Subscribers: 
bid     | 
quote   | 
statsTab| 

12:59:41.457 - Records Processed 2236
12:59:41.458 - Current Subscribers: 
bid     | 
quote   | 
statsTab| 

12:59:42.459 - Records Processed 2236
12:59:42.459 - Current Subscribers: 
bid     | 
quote   | 
statsTab| 

12:59:43.459 - Records Processed 2236
12:59:43.459 - Current Subscribers: 
bid     | 
quote   | 
statsTab| 

12:59:44.459 - Records Processed 2236
12:59:44.459 - Current Subscribers: 
bid     | 
quote   | 
statsTab| 

12:59:45.459 - Records Processed 2236
12:59:45.459 - Current Subscribers: 
bid     | 
quote   | 
statsTab| 

12:59:46.458 - Records Processed 2236
12:59:46.459 - Current Subscribers: 
bid     | 
quote   | 
statsTab| 

12:59:47.459 - Records Processed 2236
12:59:47.459 - Current Subscribers: 
bid     | 
quote   | 
statsTab| 

12:59:48.458 - Records Processed 2236
12:59:48.458 - Current Subscribers: 
bid     | 
quote   | 
statsTab| 

12:59:49.459 - Records Processed 2236
12:59:49.459 - Current Subscribers: 
bid     | 
quote   | 
statsTab| 

12:59:50.458 - Records Processed 2236
12:59:50.458 - Current Subscribers: 
bid     | 
quote   | 
statsTab| 

12:59:51.458 - Records Processed 2236
12:59:51.458 - Current Subscribers: 
bid     | 
quote   | 
statsTab| 

12:59:52.458 - Records Processed 2236
12:59:52.458 - Current Subscribers: 
bid     | 
quote   | 
statsTab| 

12:59:53.458 - Records Processed 2236
12:59:53.458 - Current Subscribers: 
bid     | 
quote   | 
statsTab| 

12:59:54.459 - Records Processed 2236
12:59:54.459 - Current Subscribers: 
bid     | 
quote   | 
statsTab| 

12:59:55.459 - Records Processed 2236
12:59:55.460 - Current Subscribers: 
bid     | 
quote   | 
statsTab| 

12:59:56.458 - Records Processed 2236
12:59:56.459 - Current Subscribers: 
bid     | 
quote   | 
statsTab| 

12:59:57.458 - Records Processed 2236
12:59:57.459 - Current Subscribers: 
bid     | 
quote   | 
statsTab| 

12:59:58.458 - Records Processed 2236
12:59:58.458 - Current Subscribers: 
bid     | 
quote   | 
statsTab| 

12:59:59.458 - Records Processed 2236
12:59:59.458 - Current Subscribers: 
bid     | 
quote   | 
statsTab| 

13:00:00.458 - Records Processed 2236
13:00:00.458 - Current Subscribers: 
bid     | 
quote   | 
statsTab| 

13:00:01.458 - Records Processed 2236
13:00:01.458 - Current Subscribers: 
bid     | 
quote   | 
statsTab| 

13:00:02.458 - Records Processed 2236
13:00:02.458 - Current Subscribers: 
bid     | 
quote   | 
statsTab| 

13:00:03.458 - Records Processed 2236
13:00:03.458 - Current Subscribers: 
bid     | 
quote   | 
statsTab| 

13:00:04.458 - Records Processed 2236
13:00:04.458 - Current Subscribers: 
bid     | 
quote   | 
statsTab| 

13:00:05.458 - Records Processed 2236
13:00:05.458 - Current Subscribers: 
bid     | 
quote   | 
statsTab| 

13:00:06.458 - Records Processed 2236
13:00:06.459 - Current Subscribers: 
bid     | 
quote   | 
statsTab| 

13:00:07.459 - Records Processed 2236
13:00:07.459 - Current Subscribers: 
bid     | 
quote   | 
statsTab| 

13:00:08.459 - Records Processed 2236
13:00:08.459 - Current Subscribers: 
bid     | 
quote   | 
statsTab| 

13:00:09.458 - Records Processed 2236
13:00:09.458 - Current Subscribers: 
bid     | 
quote   | 
statsTab| 

13:00:10.458 - Records Processed 2236
13:00:10.458 - Current Subscribers: 
bid     | 
quote   | 
statsTab| 

13:00:11.459 - Records Processed 2236
13:00:11.459 - Current Subscribers: 
bid     | 
quote   | 
statsTab| 

13:00:12.458 - Records Processed 2236
13:00:12.458 - Current Subscribers: 
bid     | 
quote   | 
statsTab| 

13:00:13.458 - Records Processed 2236
13:00:13.458 - Current Subscribers: 
bid     | 
quote   | 
statsTab| 

13:00:14.458 - Records Processed 2236
13:00:14.458 - Current Subscribers: 
bid     | 
quote   | 
statsTab| 

13:00:15.458 - Records Processed 2236
13:00:15.458 - Current Subscribers: 
bid     | 
quote   | 
statsTab| 

13:00:16.458 - Records Processed 2236
13:00:16.458 - Current Subscribers: 
bid     | 
quote   | 
statsTab| 

13:00:17.457 - Records Processed 2236
13:00:17.457 - Current Subscribers: 
bid     | 
quote   | 
statsTab| 

13:00:18.459 - Records Processed 2236
13:00:18.459 - Current Subscribers: 
bid     | 
quote   | 
statsTab| 

13:00:19.460 - Records Processed 2236
13:00:19.460 - Current Subscribers: 
bid     | 
quote   | 
statsTab| 

13:00:20.458 - Records Processed 2236
13:00:20.458 - Current Subscribers: 
bid     | 
quote   | 
statsTab| 

13:00:21.459 - Records Processed 2236
13:00:21.459 - Current Subscribers: 
bid     | 
quote   | 
statsTab| 

13:00:22.458 - Records Processed 2236
13:00:22.459 - Current Subscribers: 
bid     | 
quote   | 
statsTab| 

13:00:23.458 - Records Processed 2236
13:00:23.458 - Current Subscribers: 
bid     | 
quote   | 
statsTab| 

13:00:24.458 - Records Processed 2236
13:00:24.459 - Current Subscribers: 
bid     | 
quote   | 
statsTab| 

13:00:25.460 - Records Processed 2236
13:00:25.460 - Current Subscribers: 
bid     | 
quote   | 
statsTab| 

13:00:26.458 - Records Processed 2236
13:00:26.458 - Current Subscribers: 
bid     | 
quote   | 
statsTab| 

13:00:27.457 - Records Processed 2236
13:00:27.458 - Current Subscribers: 
bid     | 
quote   | 
statsTab| 

13:00:28.458 - Records Processed 2236
13:00:28.458 - Current Subscribers: 
bid     | 
quote   | 
statsTab| 

13:00:29.457 - Records Processed 2236
13:00:29.458 - Current Subscribers: 
bid     | 
quote   | 
statsTab| 

13:00:30.458 - Records Processed 2236
13:00:30.458 - Current Subscribers: 
bid     | 
quote   | 
statsTab| 

13:00:31.458 - Records Processed 2236
13:00:31.458 - Current Subscribers: 
bid     | 
quote   | 
statsTab| 

13:00:32.459 - Records Processed 2236
13:00:32.459 - Current Subscribers: 
bid     | 
quote   | 
statsTab| 

13:00:33.457 - Records Processed 2236
13:00:33.457 - Current Subscribers: 
bid     | 
quote   | 
statsTab| 

13:00:34.458 - Records Processed 2236
13:00:34.458 - Current Subscribers: 
bid     | 
quote   | 
statsTab| 

13:00:35.459 - Records Processed 2236
13:00:35.459 - Current Subscribers: 
bid     | 
quote   | 
statsTab| 

13:00:36.459 - Records Processed 2236
13:00:36.459 - Current Subscribers: 
bid     | 
quote   | 
statsTab| 

13:00:37.458 - Records Processed 2236
13:00:37.459 - Current Subscribers: 
bid     | 
quote   | 
statsTab| 

13:00:38.458 - Records Processed 2236
13:00:38.458 - Current Subscribers: 
bid     | 
quote   | 
statsTab| 

13:00:39.459 - Records Processed 2236
13:00:39.459 - Current Subscribers: 
bid     | 
quote   | 
statsTab| 

13:00:40.459 - Records Processed 2236
13:00:40.459 - Current Subscribers: 
bid     | 
quote   | 
statsTab| 

13:00:41.459 - Records Processed 2236
13:00:41.459 - Current Subscribers: 
bid     | 
quote   | 
statsTab| 

13:00:42.458 - Records Processed 2236
13:00:42.459 - Current Subscribers: 
bid     | 
quote   | 
statsTab| 

13:00:43.458 - Records Processed 2236
13:00:43.458 - Current Subscribers: 
bid     | 
quote   | 
statsTab| 

13:00:44.460 - Records Processed 2236
13:00:44.460 - Current Subscribers: 
bid     | 
quote   | 
statsTab| 

13:00:45.458 - Records Processed 2236
13:00:45.458 - Current Subscribers: 
bid     | 
quote   | 
statsTab| 

13:00:46.458 - Records Processed 2236
13:00:46.458 - Current Subscribers: 
bid     | 
quote   | 
statsTab| 

13:00:47.459 - Records Processed 2236
13:00:47.459 - Current Subscribers: 
bid     | 
quote   | 
statsTab| 

13:00:48.459 - Records Processed 2236
13:00:48.459 - Current Subscribers: 
bid     | 
quote   | 
statsTab| 

13:00:49.459 - Records Processed 2236
13:00:49.459 - Current Subscribers: 
bid     | 
quote   | 
statsTab| 

13:00:50.461 - Records Processed 2236
13:00:50.461 - Current Subscribers: 
bid     | 
quote   | 
statsTab| 

13:00:51.459 - Records Processed 2236
13:00:51.459 - Current Subscribers: 
bid     | 
quote   | 
statsTab| 

13:00:52.459 - Records Processed 2236
13:00:52.459 - Current Subscribers: 
bid     | 
quote   | 
statsTab| 

13:00:53.461 - Records Processed 2236
13:00:53.468 - Current Subscribers: 
bid     | 
quote   | 
statsTab| 

13:00:54.467 - Records Processed 2236
13:00:54.467 - Current Subscribers: 
bid     | 
quote   | 
statsTab| 

13:00:55.458 - Records Processed 2236
13:00:55.459 - Current Subscribers: 
bid     | 
quote   | 
statsTab| 

13:00:56.459 - Records Processed 2236
13:00:56.459 - Current Subscribers: 
bid     | 
quote   | 
statsTab| 

13:00:57.459 - Records Processed 2236
13:00:57.459 - Current Subscribers: 
bid     | 
quote   | 
statsTab| 

13:00:58.457 - Records Processed 2236
13:00:58.457 - Current Subscribers: 
bid     | 
quote   | 
statsTab| 

13:00:59.458 - Records Processed 2236
13:00:59.459 - Current Subscribers: 
bid     | 
quote   | 
statsTab| 

13:01:00.459 - Records Processed 2236
13:01:00.459 - Current Subscribers: 
bid     | 
quote   | 
statsTab| 

13:01:01.458 - Records Processed 2236
13:01:01.459 - Current Subscribers: 
bid     | 
quote   | 
statsTab| 

13:01:02.460 - Records Processed 2236
13:01:02.461 - Current Subscribers: 
bid     | 
quote   | 
statsTab| 

13:01:03.459 - Records Processed 2236
13:01:03.459 - Current Subscribers: 
bid     | 
quote   | 
statsTab| 

13:01:04.459 - Records Processed 2236
13:01:04.459 - Current Subscribers: 
bid     | 
quote   | 
statsTab| 

13:01:05.459 - Records Processed 2236
13:01:05.459 - Current Subscribers: 
bid     | 
quote   | 
statsTab| 

