13:55:18.098 - Records Processed 0
13:55:18.098 - Current Subscribers: 
bid     | 
quote   | 
statsTab| 

13:55:19.100 - Records Processed 0
13:55:19.100 - Current Subscribers: 
bid     | 
quote   | 
statsTab| 

13:55:20.099 - Records Processed 0
13:55:20.099 - Current Subscribers: 
bid     | 
quote   | 
statsTab| 

13:55:21.099 - Records Processed 0
13:55:21.099 - Current Subscribers: 
bid     | 
quote   | 
statsTab| 

13:55:22.099 - Records Processed 1
13:55:22.099 - Current Subscribers: 
bid     | 
quote   | 
statsTab| 

13:55:23.098 - Records Processed 2
13:55:23.099 - Current Subscribers: 
bid     | 
quote   | 
statsTab| 

13:55:24.099 - Records Processed 3
13:55:24.099 - Current Subscribers: 
bid     | 
quote   | 
statsTab| 

13:55:25.098 - Records Processed 4
13:55:25.099 - Current Subscribers: 
bid     | 
quote   | 
statsTab| 

13:55:26.099 - Records Processed 5
13:55:26.099 - Current Subscribers: 
bid     | ()
quote   | ()
statsTab| ,(9i;`)

13:55:27.099 - Records Processed 6
13:55:27.100 - Current Subscribers: 
bid     | ()
quote   | ()
statsTab| ,(9i;`)

13:55:28.099 - Records Processed 7
13:55:28.100 - Current Subscribers: 
bid     | ()
quote   | ()
statsTab| ,(9i;`)

13:55:29.099 - Records Processed 8
13:55:29.099 - Current Subscribers: 
bid     | 10i `
quote   | 10i `
statsTab| 9i ` 

13:55:30.098 - Records Processed 10
13:55:30.099 - Current Subscribers: 
bid     | 10i `
quote   | 10i `
statsTab| 9i ` 

13:55:31.099 - Records Processed 12
13:55:31.099 - Current Subscribers: 
bid     | 10i `
quote   | 10i `
statsTab| 9i ` 

13:55:32.100 - Records Processed 14
13:55:32.100 - Current Subscribers: 
bid     | 10i `
quote   | 10i `
statsTab| 9i ` 

13:55:33.098 - Records Processed 16
13:55:33.099 - Current Subscribers: 
bid     | 10i `
quote   | 10i `
statsTab| 9i ` 

13:55:34.099 - Records Processed 18
13:55:34.100 - Current Subscribers: 
bid     | 10i `
quote   | 10i `
statsTab| 9i ` 

13:55:35.100 - Records Processed 20
13:55:35.100 - Current Subscribers: 
bid     | 10i `
quote   | 10i `
statsTab| 9i ` 

13:55:36.099 - Records Processed 22
13:55:36.099 - Current Subscribers: 
bid     | 10i `
quote   | 10i `
statsTab| 9i ` 

13:55:37.107 - Records Processed 24
13:55:37.109 - Current Subscribers: 
bid     | 10i `
quote   | 10i `
statsTab| 9i ` 

13:55:38.098 - Records Processed 26
13:55:38.099 - Current Subscribers: 
bid     | 10i `
quote   | 10i `
statsTab| 9i ` 

13:55:39.099 - Records Processed 28
13:55:39.099 - Current Subscribers: 
bid     | 10i `
quote   | 10i `
statsTab| 9i ` 

13:55:40.099 - Records Processed 30
13:55:40.099 - Current Subscribers: 
bid     | 10i `
quote   | 10i `
statsTab| 9i ` 

13:55:41.099 - Records Processed 32
13:55:41.100 - Current Subscribers: 
bid     | 10i `
quote   | 10i `
statsTab| 9i ` 

13:55:42.098 - Records Processed 34
13:55:42.099 - Current Subscribers: 
bid     | 10i `
quote   | 10i `
statsTab| 9i ` 

13:55:43.100 - Records Processed 36
13:55:43.100 - Current Subscribers: 
bid     | 10i `
quote   | 10i `
statsTab| 9i ` 

13:55:44.099 - Records Processed 38
13:55:44.099 - Current Subscribers: 
bid     | 10i `
quote   | 10i `
statsTab| 9i ` 

13:55:45.099 - Records Processed 40
13:55:45.099 - Current Subscribers: 
bid     | 10i `
quote   | 10i `
statsTab| 9i ` 

13:55:46.100 - Records Processed 42
13:55:46.100 - Current Subscribers: 
bid     | 10i `
quote   | 10i `
statsTab| 9i ` 

13:55:47.099 - Records Processed 44
13:55:47.099 - Current Subscribers: 
bid     | 10i `
quote   | 10i `
statsTab| 9i ` 

13:55:48.099 - Records Processed 46
13:55:48.100 - Current Subscribers: 
bid     | 10i `
quote   | 10i `
statsTab| 9i ` 

13:55:49.099 - Records Processed 48
13:55:49.099 - Current Subscribers: 
bid     | 10i `
quote   | 10i `
statsTab| 9i ` 

13:55:50.099 - Records Processed 50
13:55:50.099 - Current Subscribers: 
bid     | 10i `
quote   | 10i `
statsTab| 9i ` 

13:55:51.098 - Records Processed 52
13:55:51.099 - Current Subscribers: 
bid     | 10i `
quote   | 10i `
statsTab| 9i ` 

13:55:52.099 - Records Processed 54
13:55:52.099 - Current Subscribers: 
bid     | 10i `
quote   | 10i `
statsTab| 9i ` 

13:55:53.099 - Records Processed 56
13:55:53.099 - Current Subscribers: 
bid     | 10i `
quote   | 10i `
statsTab| 9i ` 

13:55:54.098 - Records Processed 58
13:55:54.099 - Current Subscribers: 
bid     | 10i `
quote   | 10i `
statsTab| 9i ` 

13:55:55.099 - Records Processed 60
13:55:55.099 - Current Subscribers: 
bid     | 10i `
quote   | 10i `
statsTab| 9i ` 

13:55:56.098 - Records Processed 62
13:55:56.099 - Current Subscribers: 
bid     | 10i `
quote   | 10i `
statsTab| 9i ` 

13:55:57.099 - Records Processed 64
13:55:57.100 - Current Subscribers: 
bid     | 10i `
quote   | 10i `
statsTab| 9i ` 

13:55:58.100 - Records Processed 66
13:55:58.100 - Current Subscribers: 
bid     | 10i `
quote   | 10i `
statsTab| 9i ` 

13:55:59.099 - Records Processed 68
13:55:59.099 - Current Subscribers: 
bid     | 10i `
quote   | 10i `
statsTab| 9i ` 

13:56:00.099 - Records Processed 70
13:56:00.099 - Current Subscribers: 
bid     | ,(10i;`)
quote   | ,(10i;`)
statsTab| ()

13:56:01.098 - Records Processed 72
13:56:01.099 - Current Subscribers: 
bid     | ,(10i;`)
quote   | ,(10i;`)
statsTab| ()

13:56:02.099 - Records Processed 74
13:56:02.099 - Current Subscribers: 
bid     | 
quote   | 
statsTab| 

13:56:03.099 - Records Processed 75
13:56:03.099 - Current Subscribers: 
bid     | 
quote   | 
statsTab| 

13:56:04.099 - Records Processed 76
13:56:04.099 - Current Subscribers: 
bid     | 
quote   | 
statsTab| 

13:56:05.099 - Records Processed 76
13:56:05.099 - Current Subscribers: 
bid     | 
quote   | 
statsTab| 

13:56:06.100 - Records Processed 76
13:56:06.100 - Current Subscribers: 
bid     | 
quote   | 
statsTab| 

13:56:07.100 - Records Processed 76
13:56:07.100 - Current Subscribers: 
bid     | 
quote   | 
statsTab| 

