12:44:33.638 - Records Processed 4278
12:44:33.638 - Current Subscribers: 
bid     | 
quote   | 
statsTab| 

12:44:34.638 - Records Processed 4278
12:44:34.638 - Current Subscribers: 
bid     | 
quote   | 
statsTab| 

12:44:35.640 - Records Processed 4278
12:44:35.640 - Current Subscribers: 
bid     | 
quote   | 
statsTab| 

12:44:36.296 - Records Processed 4278
12:44:36.296 - Current Subscribers: 
bid     | 
quote   | 
statsTab| 

12:44:37.297 - Records Processed 4279
12:44:37.297 - Current Subscribers: 
bid     | 
quote   | 
statsTab| 

12:44:38.640 - Records Processed 4280
12:44:38.640 - Current Subscribers: 
bid     | 
quote   | 
statsTab| 

12:44:39.640 - Records Processed 4280
12:44:39.640 - Current Subscribers: 
bid     | 
quote   | 
statsTab| 

12:44:40.639 - Records Processed 4280
12:44:40.639 - Current Subscribers: 
bid     | 
quote   | 
statsTab| 

12:44:41.639 - Records Processed 4280
12:44:41.640 - Current Subscribers: 
bid     | ()
quote   | ()
statsTab| ,(8i;`)

12:44:42.640 - Records Processed 4280
12:44:42.640 - Current Subscribers: 
bid     | ()
quote   | ()
statsTab| ,(8i;`)

12:44:43.639 - Records Processed 4280
12:44:43.639 - Current Subscribers: 
bid     | 9i `
quote   | 9i `
statsTab| 8i `

12:44:44.640 - Records Processed 4280
12:44:44.640 - Current Subscribers: 
bid     | 9i `
quote   | 9i `
statsTab| 8i `

12:44:45.640 - Records Processed 4280
12:44:45.641 - Current Subscribers: 
bid     | 9i `
quote   | 9i `
statsTab| 8i `

12:44:46.640 - Records Processed 4280
12:44:46.640 - Current Subscribers: 
bid     | 9i `
quote   | 9i `
statsTab| 8i `

12:44:47.639 - Records Processed 4280
12:44:47.639 - Current Subscribers: 
bid     | ((9i;`);(10i;`))
quote   | ((9i;`);(10i;`))
statsTab| ,(8i;`)

12:44:48.641 - Records Processed 4280
12:44:48.641 - Current Subscribers: 
bid     | ((9i;`);(10i;`))
quote   | ((9i;`);(10i;`))
statsTab| ,(8i;`)

12:44:49.640 - Records Processed 4280
12:44:49.640 - Current Subscribers: 
bid     | ((9i;`);(10i;`))
quote   | ((9i;`);(10i;`))
statsTab| ,(8i;`)

12:44:50.641 - Records Processed 4280
12:44:50.641 - Current Subscribers: 
bid     | ((9i;`);(10i;`))
quote   | ((9i;`);(10i;`))
statsTab| ,(8i;`)

12:44:51.640 - Records Processed 4280
12:44:51.641 - Current Subscribers: 
bid     | ((9i;`);(10i;`))
quote   | ((9i;`);(10i;`))
statsTab| ,(8i;`)

12:44:52.640 - Records Processed 4280
12:44:52.640 - Current Subscribers: 
bid     | ((9i;`);(10i;`))
quote   | ((9i;`);(10i;`))
statsTab| ,(8i;`)

12:44:53.639 - Records Processed 5348
12:44:53.640 - Current Subscribers: 
bid     | ((9i;`);(10i;`))
quote   | ((9i;`);(10i;`))
statsTab| ,(8i;`)

12:44:54.641 - Records Processed 5348
12:44:54.641 - Current Subscribers: 
bid     | ((9i;`);(10i;`))
quote   | ((9i;`);(10i;`))
statsTab| ,(8i;`)

12:44:55.640 - Records Processed 5348
12:44:55.640 - Current Subscribers: 
bid     | ((9i;`);(10i;`))
quote   | ((9i;`);(10i;`))
statsTab| ,(8i;`)

12:44:56.639 - Records Processed 5348
12:44:56.640 - Current Subscribers: 
bid     | ((9i;`);(10i;`))
quote   | ((9i;`);(10i;`))
statsTab| ,(8i;`)

12:44:57.640 - Records Processed 5348
12:44:57.641 - Current Subscribers: 
bid     | ((9i;`);(10i;`))
quote   | ((9i;`);(10i;`))
statsTab| ,(8i;`)

12:44:58.640 - Records Processed 5348
12:44:58.640 - Current Subscribers: 
bid     | ((9i;`);(10i;`))
quote   | ((9i;`);(10i;`))
statsTab| ,(8i;`)

12:44:59.640 - Records Processed 5348
12:44:59.640 - Current Subscribers: 
bid     | ((9i;`);(10i;`))
quote   | ((9i;`);(10i;`))
statsTab| ,(8i;`)

12:45:00.640 - Records Processed 5348
12:45:00.640 - Current Subscribers: 
bid     | ((9i;`);(10i;`))
quote   | ((9i;`);(10i;`))
statsTab| ,(8i;`)

12:45:01.640 - Records Processed 5348
12:45:01.640 - Current Subscribers: 
bid     | ((9i;`);(10i;`))
quote   | ((9i;`);(10i;`))
statsTab| ,(8i;`)

12:45:02.640 - Records Processed 5348
12:45:02.640 - Current Subscribers: 
bid     | ((9i;`);(10i;`))
quote   | ((9i;`);(10i;`))
statsTab| ,(8i;`)

12:45:03.641 - Records Processed 5348
12:45:03.641 - Current Subscribers: 
bid     | ((9i;`);(10i;`))
quote   | ((9i;`);(10i;`))
statsTab| ,(8i;`)

12:45:04.639 - Records Processed 5348
12:45:04.639 - Current Subscribers: 
bid     | ((9i;`);(10i;`))
quote   | ((9i;`);(10i;`))
statsTab| ,(8i;`)

12:45:05.640 - Records Processed 5348
12:45:05.640 - Current Subscribers: 
bid     | ((9i;`);(10i;`))
quote   | ((9i;`);(10i;`))
statsTab| ,(8i;`)

12:45:06.639 - Records Processed 5348
12:45:06.639 - Current Subscribers: 
bid     | ((9i;`);(10i;`))
quote   | ((9i;`);(10i;`))
statsTab| ,(8i;`)

12:45:07.640 - Records Processed 5348
12:45:07.641 - Current Subscribers: 
bid     | ((9i;`);(10i;`))
quote   | ((9i;`);(10i;`))
statsTab| ,(8i;`)

12:45:08.640 - Records Processed 5348
12:45:08.640 - Current Subscribers: 
bid     | ((9i;`);(10i;`))
quote   | ((9i;`);(10i;`))
statsTab| ,(8i;`)

12:45:09.461 - Records Processed 5348
12:45:09.461 - Current Subscribers: 
bid     | ((9i;`);(10i;`))
quote   | ((9i;`);(10i;`))
statsTab| ,(8i;`)

12:45:10.640 - Records Processed 5349
12:45:10.641 - Current Subscribers: 
bid     | ((9i;`);(10i;`))
quote   | ((9i;`);(10i;`))
statsTab| ,(8i;`)

12:45:11.640 - Records Processed 5349
12:45:11.641 - Current Subscribers: 
bid     | ((9i;`);(10i;`))
quote   | ((9i;`);(10i;`))
statsTab| ,(8i;`)

12:45:12.640 - Records Processed 5349
12:45:12.641 - Current Subscribers: 
bid     | ((9i;`);(10i;`))
quote   | ((9i;`);(10i;`))
statsTab| ,(8i;`)

12:45:13.640 - Records Processed 5349
12:45:13.640 - Current Subscribers: 
bid     | ((9i;`);(10i;`))
quote   | ((9i;`);(10i;`))
statsTab| ,(8i;`)

12:45:14.640 - Records Processed 5349
12:45:14.640 - Current Subscribers: 
bid     | ((9i;`);(10i;`))
quote   | ((9i;`);(10i;`))
statsTab| ,(8i;`)

12:45:15.641 - Records Processed 5349
12:45:15.641 - Current Subscribers: 
bid     | ((9i;`);(10i;`))
quote   | ((9i;`);(10i;`))
statsTab| ,(8i;`)

12:45:16.640 - Records Processed 5349
12:45:16.640 - Current Subscribers: 
bid     | ((9i;`);(10i;`))
quote   | ((9i;`);(10i;`))
statsTab| ,(8i;`)

12:45:17.640 - Records Processed 5349
12:45:17.640 - Current Subscribers: 
bid     | ((9i;`);(10i;`))
quote   | ((9i;`);(10i;`))
statsTab| ,(8i;`)

12:45:18.641 - Records Processed 5349
12:45:18.641 - Current Subscribers: 
bid     | ((9i;`);(10i;`))
quote   | ((9i;`);(10i;`))
statsTab| ,(8i;`)

12:45:19.640 - Records Processed 5349
12:45:19.640 - Current Subscribers: 
bid     | ((9i;`);(10i;`))
quote   | ((9i;`);(10i;`))
statsTab| ,(8i;`)

12:45:20.641 - Records Processed 5349
12:45:20.641 - Current Subscribers: 
bid     | ((9i;`);(10i;`))
quote   | ((9i;`);(10i;`))
statsTab| ,(8i;`)

12:45:21.640 - Records Processed 5349
12:45:21.641 - Current Subscribers: 
bid     | ((9i;`);(10i;`))
quote   | ((9i;`);(10i;`))
statsTab| ,(8i;`)

12:45:22.640 - Records Processed 5349
12:45:22.640 - Current Subscribers: 
bid     | ((9i;`);(10i;`))
quote   | ((9i;`);(10i;`))
statsTab| ,(8i;`)

12:45:23.640 - Records Processed 5349
12:45:23.640 - Current Subscribers: 
bid     | ((9i;`);(10i;`))
quote   | ((9i;`);(10i;`))
statsTab| ,(8i;`)

12:45:24.640 - Records Processed 5349
12:45:24.640 - Current Subscribers: 
bid     | ((9i;`);(10i;`))
quote   | ((9i;`);(10i;`))
statsTab| ,(8i;`)

12:45:25.640 - Records Processed 5349
12:45:25.640 - Current Subscribers: 
bid     | ((9i;`);(10i;`))
quote   | ((9i;`);(10i;`))
statsTab| ,(8i;`)

12:45:26.640 - Records Processed 5349
12:45:26.640 - Current Subscribers: 
bid     | ((9i;`);(10i;`))
quote   | ((9i;`);(10i;`))
statsTab| ,(8i;`)

12:45:27.641 - Records Processed 5349
12:45:27.641 - Current Subscribers: 
bid     | ((9i;`);(10i;`))
quote   | ((9i;`);(10i;`))
statsTab| ,(8i;`)

12:45:28.640 - Records Processed 5349
12:45:28.641 - Current Subscribers: 
bid     | ((9i;`);(10i;`))
quote   | ((9i;`);(10i;`))
statsTab| ,(8i;`)

12:45:29.641 - Records Processed 5349
12:45:29.641 - Current Subscribers: 
bid     | ((9i;`);(10i;`))
quote   | ((9i;`);(10i;`))
statsTab| ,(8i;`)

12:45:30.640 - Records Processed 5349
12:45:30.640 - Current Subscribers: 
bid     | ((9i;`);(10i;`))
quote   | ((9i;`);(10i;`))
statsTab| ,(8i;`)

12:45:31.641 - Records Processed 5349
12:45:31.641 - Current Subscribers: 
bid     | ((9i;`);(10i;`))
quote   | ((9i;`);(10i;`))
statsTab| ,(8i;`)

12:45:32.640 - Records Processed 5349
12:45:32.640 - Current Subscribers: 
bid     | ((9i;`);(10i;`))
quote   | ((9i;`);(10i;`))
statsTab| ,(8i;`)

12:45:33.641 - Records Processed 5349
12:45:33.641 - Current Subscribers: 
bid     | ((9i;`);(10i;`))
quote   | ((9i;`);(10i;`))
statsTab| ,(8i;`)

12:45:34.640 - Records Processed 5349
12:45:34.640 - Current Subscribers: 
bid     | ((9i;`);(10i;`))
quote   | ((9i;`);(10i;`))
statsTab| ,(8i;`)

12:45:35.639 - Records Processed 5349
12:45:35.639 - Current Subscribers: 
bid     | ((9i;`);(10i;`))
quote   | ((9i;`);(10i;`))
statsTab| ,(8i;`)

12:45:36.639 - Records Processed 5349
12:45:36.640 - Current Subscribers: 
bid     | ((9i;`);(10i;`))
quote   | ((9i;`);(10i;`))
statsTab| ,(8i;`)

12:45:37.641 - Records Processed 5349
12:45:37.641 - Current Subscribers: 
bid     | ((9i;`);(10i;`))
quote   | ((9i;`);(10i;`))
statsTab| ,(8i;`)

12:45:38.640 - Records Processed 5349
12:45:38.640 - Current Subscribers: 
bid     | ((9i;`);(10i;`))
quote   | ((9i;`);(10i;`))
statsTab| ,(8i;`)

12:45:39.640 - Records Processed 5349
12:45:39.640 - Current Subscribers: 
bid     | ((9i;`);(10i;`))
quote   | ((9i;`);(10i;`))
statsTab| ,(8i;`)

12:45:40.640 - Records Processed 5349
12:45:40.640 - Current Subscribers: 
bid     | ((9i;`);(10i;`))
quote   | ((9i;`);(10i;`))
statsTab| ,(8i;`)

12:45:41.640 - Records Processed 5349
12:45:41.640 - Current Subscribers: 
bid     | ((9i;`);(10i;`))
quote   | ((9i;`);(10i;`))
statsTab| ,(8i;`)

12:45:42.639 - Records Processed 5349
12:45:42.639 - Current Subscribers: 
bid     | ((9i;`);(10i;`))
quote   | ((9i;`);(10i;`))
statsTab| ,(8i;`)

12:45:43.639 - Records Processed 5349
12:45:43.639 - Current Subscribers: 
bid     | ((9i;`);(10i;`))
quote   | ((9i;`);(10i;`))
statsTab| ,(8i;`)

12:45:44.640 - Records Processed 5349
12:45:44.640 - Current Subscribers: 
bid     | ((9i;`);(10i;`))
quote   | ((9i;`);(10i;`))
statsTab| ,(8i;`)

12:45:45.381 - Records Processed 5349
12:45:45.382 - Current Subscribers: 
bid     | ((9i;`);(10i;`))
quote   | ((9i;`);(10i;`))
statsTab| ,(8i;`)

12:45:46.638 - Records Processed 5350
12:45:46.638 - Current Subscribers: 
bid     | ((9i;`);(10i;`))
quote   | ((9i;`);(10i;`))
statsTab| ,(8i;`)

12:45:47.639 - Records Processed 5350
12:45:47.639 - Current Subscribers: 
bid     | ((9i;`);(10i;`))
quote   | ((9i;`);(10i;`))
statsTab| ,(8i;`)

12:45:48.640 - Records Processed 5350
12:45:48.641 - Current Subscribers: 
bid     | ((9i;`);(10i;`))
quote   | ((9i;`);(10i;`))
statsTab| ,(8i;`)

12:45:49.640 - Records Processed 5350
12:45:49.640 - Current Subscribers: 
bid     | ((9i;`);(10i;`))
quote   | ((9i;`);(10i;`))
statsTab| ,(8i;`)

12:45:50.640 - Records Processed 5350
12:45:50.640 - Current Subscribers: 
bid     | ((9i;`);(10i;`))
quote   | ((9i;`);(10i;`))
statsTab| ,(8i;`)

12:45:51.640 - Records Processed 5350
12:45:51.640 - Current Subscribers: 
bid     | ((9i;`);(10i;`))
quote   | ((9i;`);(10i;`))
statsTab| ,(8i;`)

12:45:52.641 - Records Processed 5350
12:45:52.641 - Current Subscribers: 
bid     | ((9i;`);(10i;`))
quote   | ((9i;`);(10i;`))
statsTab| ,(8i;`)

12:45:53.640 - Records Processed 5350
12:45:53.641 - Current Subscribers: 
bid     | ((9i;`);(10i;`))
quote   | ((9i;`);(10i;`))
statsTab| ,(8i;`)

12:45:54.641 - Records Processed 5350
12:45:54.641 - Current Subscribers: 
bid     | ((9i;`);(10i;`))
quote   | ((9i;`);(10i;`))
statsTab| ,(8i;`)

12:45:55.639 - Records Processed 5350
12:45:55.639 - Current Subscribers: 
bid     | ((9i;`);(10i;`))
quote   | ((9i;`);(10i;`))
statsTab| ,(8i;`)

12:45:56.639 - Records Processed 5350
12:45:56.639 - Current Subscribers: 
bid     | ((9i;`);(10i;`))
quote   | ((9i;`);(10i;`))
statsTab| ,(8i;`)

12:45:57.640 - Records Processed 5350
12:45:57.640 - Current Subscribers: 
bid     | ((9i;`);(10i;`))
quote   | ((9i;`);(10i;`))
statsTab| ,(8i;`)

12:45:58.640 - Records Processed 5350
12:45:58.640 - Current Subscribers: 
bid     | ((9i;`);(10i;`))
quote   | ((9i;`);(10i;`))
statsTab| ,(8i;`)

12:45:59.640 - Records Processed 5350
12:45:59.640 - Current Subscribers: 
bid     | ((9i;`);(10i;`))
quote   | ((9i;`);(10i;`))
statsTab| ,(8i;`)

12:46:00.640 - Records Processed 5350
12:46:00.641 - Current Subscribers: 
bid     | ((9i;`);(10i;`))
quote   | ((9i;`);(10i;`))
statsTab| ,(8i;`)

12:46:01.641 - Records Processed 5350
12:46:01.641 - Current Subscribers: 
bid     | ((9i;`);(10i;`))
quote   | ((9i;`);(10i;`))
statsTab| ,(8i;`)

12:46:02.640 - Records Processed 5350
12:46:02.640 - Current Subscribers: 
bid     | ((9i;`);(10i;`))
quote   | ((9i;`);(10i;`))
statsTab| ,(8i;`)

12:46:03.640 - Records Processed 5350
12:46:03.640 - Current Subscribers: 
bid     | ((9i;`);(10i;`))
quote   | ((9i;`);(10i;`))
statsTab| ,(8i;`)

12:46:04.640 - Records Processed 5350
12:46:04.641 - Current Subscribers: 
bid     | ((9i;`);(10i;`))
quote   | ((9i;`);(10i;`))
statsTab| ,(8i;`)

12:46:05.641 - Records Processed 5350
12:46:05.641 - Current Subscribers: 
bid     | ((9i;`);(10i;`))
quote   | ((9i;`);(10i;`))
statsTab| ,(8i;`)

12:46:06.639 - Records Processed 5350
12:46:06.639 - Current Subscribers: 
bid     | ((9i;`);(10i;`))
quote   | ((9i;`);(10i;`))
statsTab| ,(8i;`)

12:46:07.640 - Records Processed 5350
12:46:07.640 - Current Subscribers: 
bid     | ((9i;`);(10i;`))
quote   | ((9i;`);(10i;`))
statsTab| ,(8i;`)

12:46:08.640 - Records Processed 5350
12:46:08.640 - Current Subscribers: 
bid     | ((9i;`);(10i;`))
quote   | ((9i;`);(10i;`))
statsTab| ,(8i;`)

12:46:09.640 - Records Processed 5350
12:46:09.641 - Current Subscribers: 
bid     | ((9i;`);(10i;`))
quote   | ((9i;`);(10i;`))
statsTab| ,(8i;`)

12:46:10.640 - Records Processed 5350
12:46:10.641 - Current Subscribers: 
bid     | ((9i;`);(10i;`))
quote   | ((9i;`);(10i;`))
statsTab| ,(8i;`)

12:46:11.640 - Records Processed 5350
12:46:11.640 - Current Subscribers: 
bid     | ((9i;`);(10i;`))
quote   | ((9i;`);(10i;`))
statsTab| ,(8i;`)

12:46:12.640 - Records Processed 5350
12:46:12.640 - Current Subscribers: 
bid     | ((9i;`);(10i;`))
quote   | ((9i;`);(10i;`))
statsTab| ,(8i;`)

12:46:13.640 - Records Processed 5350
12:46:13.640 - Current Subscribers: 
bid     | ((9i;`);(10i;`))
quote   | ((9i;`);(10i;`))
statsTab| ,(8i;`)

12:46:14.639 - Records Processed 5350
12:46:14.640 - Current Subscribers: 
bid     | ((9i;`);(10i;`))
quote   | ((9i;`);(10i;`))
statsTab| ,(8i;`)

12:46:15.641 - Records Processed 5350
12:46:15.641 - Current Subscribers: 
bid     | ((9i;`);(10i;`))
quote   | ((9i;`);(10i;`))
statsTab| ,(8i;`)

12:46:16.640 - Records Processed 5350
12:46:16.640 - Current Subscribers: 
bid     | ((9i;`);(10i;`))
quote   | ((9i;`);(10i;`))
statsTab| ,(8i;`)

12:46:17.640 - Records Processed 5350
12:46:17.641 - Current Subscribers: 
bid     | ((9i;`);(10i;`))
quote   | ((9i;`);(10i;`))
statsTab| ,(8i;`)

12:46:18.640 - Records Processed 5350
12:46:18.640 - Current Subscribers: 
bid     | ((9i;`);(10i;`))
quote   | ((9i;`);(10i;`))
statsTab| ,(8i;`)

12:46:19.640 - Records Processed 5350
12:46:19.640 - Current Subscribers: 
bid     | ((9i;`);(10i;`))
quote   | ((9i;`);(10i;`))
statsTab| ,(8i;`)

12:46:20.640 - Records Processed 5350
12:46:20.640 - Current Subscribers: 
bid     | ((9i;`);(10i;`))
quote   | ((9i;`);(10i;`))
statsTab| ,(8i;`)

12:46:21.640 - Records Processed 5350
12:46:21.640 - Current Subscribers: 
bid     | ((9i;`);(10i;`))
quote   | ((9i;`);(10i;`))
statsTab| ,(8i;`)

12:46:22.640 - Records Processed 5350
12:46:22.640 - Current Subscribers: 
bid     | ((9i;`);(10i;`))
quote   | ((9i;`);(10i;`))
statsTab| ,(8i;`)

12:46:23.640 - Records Processed 5350
12:46:23.640 - Current Subscribers: 
bid     | ((9i;`);(10i;`))
quote   | ((9i;`);(10i;`))
statsTab| ,(8i;`)

12:46:24.640 - Records Processed 5350
12:46:24.640 - Current Subscribers: 
bid     | ((9i;`);(10i;`))
quote   | ((9i;`);(10i;`))
statsTab| ,(8i;`)

12:46:25.640 - Records Processed 5350
12:46:25.641 - Current Subscribers: 
bid     | ((9i;`);(10i;`))
quote   | ((9i;`);(10i;`))
statsTab| ,(8i;`)

12:46:26.640 - Records Processed 5350
12:46:26.640 - Current Subscribers: 
bid     | ((9i;`);(10i;`))
quote   | ((9i;`);(10i;`))
statsTab| ,(8i;`)

12:46:27.639 - Records Processed 5350
12:46:27.639 - Current Subscribers: 
bid     | ((9i;`);(10i;`))
quote   | ((9i;`);(10i;`))
statsTab| ,(8i;`)

12:46:28.639 - Records Processed 5350
12:46:28.639 - Current Subscribers: 
bid     | ((9i;`);(10i;`))
quote   | ((9i;`);(10i;`))
statsTab| ,(8i;`)

12:46:29.639 - Records Processed 5350
12:46:29.640 - Current Subscribers: 
bid     | ((9i;`);(10i;`))
quote   | ((9i;`);(10i;`))
statsTab| ,(8i;`)

12:46:30.639 - Records Processed 5350
12:46:30.640 - Current Subscribers: 
bid     | ((9i;`);(10i;`))
quote   | ((9i;`);(10i;`))
statsTab| ,(8i;`)

12:46:31.640 - Records Processed 5350
12:46:31.640 - Current Subscribers: 
bid     | ((9i;`);(10i;`))
quote   | ((9i;`);(10i;`))
statsTab| ,(8i;`)

12:46:32.639 - Records Processed 5350
12:46:32.640 - Current Subscribers: 
bid     | ((9i;`);(10i;`))
quote   | ((9i;`);(10i;`))
statsTab| ,(8i;`)

12:46:33.640 - Records Processed 5350
12:46:33.641 - Current Subscribers: 
bid     | ((9i;`);(10i;`))
quote   | ((9i;`);(10i;`))
statsTab| ,(8i;`)

12:46:34.640 - Records Processed 5350
12:46:34.640 - Current Subscribers: 
bid     | ((9i;`);(10i;`))
quote   | ((9i;`);(10i;`))
statsTab| ,(8i;`)

12:46:35.641 - Records Processed 5350
12:46:35.641 - Current Subscribers: 
bid     | ((9i;`);(10i;`))
quote   | ((9i;`);(10i;`))
statsTab| ,(8i;`)

12:46:36.640 - Records Processed 5350
12:46:36.640 - Current Subscribers: 
bid     | ((9i;`);(10i;`))
quote   | ((9i;`);(10i;`))
statsTab| ,(8i;`)

12:46:37.642 - Records Processed 5350
12:46:37.643 - Current Subscribers: 
bid     | ((9i;`);(10i;`))
quote   | ((9i;`);(10i;`))
statsTab| ,(8i;`)

12:46:38.640 - Records Processed 5350
12:46:38.641 - Current Subscribers: 
bid     | ((9i;`);(10i;`))
quote   | ((9i;`);(10i;`))
statsTab| ,(8i;`)

12:46:39.640 - Records Processed 5350
12:46:39.640 - Current Subscribers: 
bid     | ((9i;`);(10i;`))
quote   | ((9i;`);(10i;`))
statsTab| ,(8i;`)

12:46:40.640 - Records Processed 5350
12:46:40.641 - Current Subscribers: 
bid     | ((9i;`);(10i;`))
quote   | ((9i;`);(10i;`))
statsTab| ,(8i;`)

12:46:41.641 - Records Processed 5350
12:46:41.641 - Current Subscribers: 
bid     | ((9i;`);(10i;`))
quote   | ((9i;`);(10i;`))
statsTab| ,(8i;`)

12:46:42.640 - Records Processed 5350
12:46:42.640 - Current Subscribers: 
bid     | ((9i;`);(10i;`))
quote   | ((9i;`);(10i;`))
statsTab| ,(8i;`)

12:46:43.640 - Records Processed 5350
12:46:43.640 - Current Subscribers: 
bid     | ((9i;`);(10i;`))
quote   | ((9i;`);(10i;`))
statsTab| ,(8i;`)

12:46:44.639 - Records Processed 5350
12:46:44.639 - Current Subscribers: 
bid     | ((9i;`);(10i;`))
quote   | ((9i;`);(10i;`))
statsTab| ,(8i;`)

12:46:45.640 - Records Processed 5350
12:46:45.640 - Current Subscribers: 
bid     | ((9i;`);(10i;`))
quote   | ((9i;`);(10i;`))
statsTab| ,(8i;`)

12:46:46.640 - Records Processed 5350
12:46:46.640 - Current Subscribers: 
bid     | ((9i;`);(10i;`))
quote   | ((9i;`);(10i;`))
statsTab| ,(8i;`)

12:46:47.640 - Records Processed 5350
12:46:47.641 - Current Subscribers: 
bid     | ((9i;`);(10i;`))
quote   | ((9i;`);(10i;`))
statsTab| ,(8i;`)

12:46:48.639 - Records Processed 5350
12:46:48.639 - Current Subscribers: 
bid     | ((9i;`);(10i;`))
quote   | ((9i;`);(10i;`))
statsTab| ,(8i;`)

12:46:49.641 - Records Processed 5350
12:46:49.643 - Current Subscribers: 
bid     | ((9i;`);(10i;`))
quote   | ((9i;`);(10i;`))
statsTab| ,(8i;`)

12:46:50.642 - Records Processed 5350
12:46:50.643 - Current Subscribers: 
bid     | ((9i;`);(10i;`))
quote   | ((9i;`);(10i;`))
statsTab| ,(8i;`)

12:46:51.640 - Records Processed 5350
12:46:51.641 - Current Subscribers: 
bid     | ((9i;`);(10i;`))
quote   | ((9i;`);(10i;`))
statsTab| ,(8i;`)

12:46:52.639 - Records Processed 5350
12:46:52.640 - Current Subscribers: 
bid     | ((9i;`);(10i;`))
quote   | ((9i;`);(10i;`))
statsTab| ,(8i;`)

12:46:53.640 - Records Processed 5350
12:46:53.641 - Current Subscribers: 
bid     | ((9i;`);(10i;`))
quote   | ((9i;`);(10i;`))
statsTab| ,(8i;`)

12:46:54.639 - Records Processed 5350
12:46:54.639 - Current Subscribers: 
bid     | ((9i;`);(10i;`))
quote   | ((9i;`);(10i;`))
statsTab| ,(8i;`)

12:46:55.640 - Records Processed 5350
12:46:55.640 - Current Subscribers: 
bid     | ((9i;`);(10i;`))
quote   | ((9i;`);(10i;`))
statsTab| ,(8i;`)

12:46:56.640 - Records Processed 5350
12:46:56.640 - Current Subscribers: 
bid     | ((9i;`);(10i;`))
quote   | ((9i;`);(10i;`))
statsTab| ,(8i;`)

12:46:57.640 - Records Processed 5350
12:46:57.641 - Current Subscribers: 
bid     | ((9i;`);(10i;`))
quote   | ((9i;`);(10i;`))
statsTab| ,(8i;`)

12:46:58.640 - Records Processed 5350
12:46:58.640 - Current Subscribers: 
bid     | ((9i;`);(10i;`))
quote   | ((9i;`);(10i;`))
statsTab| ,(8i;`)

12:46:59.640 - Records Processed 5350
12:46:59.641 - Current Subscribers: 
bid     | ((9i;`);(10i;`))
quote   | ((9i;`);(10i;`))
statsTab| ,(8i;`)

12:47:00.640 - Records Processed 5350
12:47:00.641 - Current Subscribers: 
bid     | ((9i;`);(10i;`))
quote   | ((9i;`);(10i;`))
statsTab| ,(8i;`)

12:47:01.640 - Records Processed 5350
12:47:01.640 - Current Subscribers: 
bid     | ((9i;`);(10i;`))
quote   | ((9i;`);(10i;`))
statsTab| ,(8i;`)

12:47:02.639 - Records Processed 5350
12:47:02.639 - Current Subscribers: 
bid     | ((9i;`);(10i;`))
quote   | ((9i;`);(10i;`))
statsTab| ,(8i;`)

12:47:03.640 - Records Processed 5350
12:47:03.640 - Current Subscribers: 
bid     | ((9i;`);(10i;`))
quote   | ((9i;`);(10i;`))
statsTab| ,(8i;`)

12:47:04.641 - Records Processed 5350
12:47:04.641 - Current Subscribers: 
bid     | ((9i;`);(10i;`))
quote   | ((9i;`);(10i;`))
statsTab| ,(8i;`)

12:47:05.639 - Records Processed 5350
12:47:05.640 - Current Subscribers: 
bid     | ((9i;`);(10i;`))
quote   | ((9i;`);(10i;`))
statsTab| ,(8i;`)

12:47:06.640 - Records Processed 5350
12:47:06.640 - Current Subscribers: 
bid     | ((9i;`);(10i;`))
quote   | ((9i;`);(10i;`))
statsTab| ,(8i;`)

12:47:07.640 - Records Processed 5350
12:47:07.640 - Current Subscribers: 
bid     | ((9i;`);(10i;`))
quote   | ((9i;`);(10i;`))
statsTab| ,(8i;`)

12:47:08.639 - Records Processed 5350
12:47:08.639 - Current Subscribers: 
bid     | ((9i;`);(10i;`))
quote   | ((9i;`);(10i;`))
statsTab| ,(8i;`)

12:47:09.639 - Records Processed 5350
12:47:09.639 - Current Subscribers: 
bid     | ((9i;`);(10i;`))
quote   | ((9i;`);(10i;`))
statsTab| ,(8i;`)

12:47:10.640 - Records Processed 5350
12:47:10.640 - Current Subscribers: 
bid     | ((9i;`);(10i;`))
quote   | ((9i;`);(10i;`))
statsTab| ,(8i;`)

12:47:11.640 - Records Processed 5350
12:47:11.640 - Current Subscribers: 
bid     | ((9i;`);(10i;`))
quote   | ((9i;`);(10i;`))
statsTab| ,(8i;`)

12:47:12.640 - Records Processed 5350
12:47:12.640 - Current Subscribers: 
bid     | ((9i;`);(10i;`))
quote   | ((9i;`);(10i;`))
statsTab| ,(8i;`)

12:47:13.640 - Records Processed 5350
12:47:13.640 - Current Subscribers: 
bid     | ((9i;`);(10i;`))
quote   | ((9i;`);(10i;`))
statsTab| ,(8i;`)

12:47:14.639 - Records Processed 5350
12:47:14.639 - Current Subscribers: 
bid     | ((9i;`);(10i;`))
quote   | ((9i;`);(10i;`))
statsTab| ,(8i;`)

12:47:15.640 - Records Processed 5350
12:47:15.640 - Current Subscribers: 
bid     | ((9i;`);(10i;`))
quote   | ((9i;`);(10i;`))
statsTab| ,(8i;`)

12:47:16.641 - Records Processed 5350
12:47:16.641 - Current Subscribers: 
bid     | ((9i;`);(10i;`))
quote   | ((9i;`);(10i;`))
statsTab| ,(8i;`)

12:47:17.641 - Records Processed 5350
12:47:17.641 - Current Subscribers: 
bid     | ((9i;`);(10i;`))
quote   | ((9i;`);(10i;`))
statsTab| ,(8i;`)

12:47:18.639 - Records Processed 5350
12:47:18.640 - Current Subscribers: 
bid     | ((9i;`);(10i;`))
quote   | ((9i;`);(10i;`))
statsTab| ,(8i;`)

12:47:19.640 - Records Processed 5350
12:47:19.640 - Current Subscribers: 
bid     | ((9i;`);(10i;`))
quote   | ((9i;`);(10i;`))
statsTab| ,(8i;`)

12:47:20.639 - Records Processed 5350
12:47:20.639 - Current Subscribers: 
bid     | ((9i;`);(10i;`))
quote   | ((9i;`);(10i;`))
statsTab| ,(8i;`)

12:47:21.640 - Records Processed 5350
12:47:21.640 - Current Subscribers: 
bid     | ((9i;`);(10i;`))
quote   | ((9i;`);(10i;`))
statsTab| ,(8i;`)

12:47:22.640 - Records Processed 5350
12:47:22.640 - Current Subscribers: 
bid     | ((9i;`);(10i;`))
quote   | ((9i;`);(10i;`))
statsTab| ,(8i;`)

12:47:23.639 - Records Processed 5350
12:47:23.640 - Current Subscribers: 
bid     | ((9i;`);(10i;`))
quote   | ((9i;`);(10i;`))
statsTab| ,(8i;`)

12:47:24.638 - Records Processed 5350
12:47:24.639 - Current Subscribers: 
bid     | ((9i;`);(10i;`))
quote   | ((9i;`);(10i;`))
statsTab| ,(8i;`)

12:47:25.640 - Records Processed 5350
12:47:25.640 - Current Subscribers: 
bid     | ((9i;`);(10i;`))
quote   | ((9i;`);(10i;`))
statsTab| ,(8i;`)

12:47:26.640 - Records Processed 5350
12:47:26.640 - Current Subscribers: 
bid     | ((9i;`);(10i;`))
quote   | ((9i;`);(10i;`))
statsTab| ,(8i;`)

12:47:27.639 - Records Processed 5350
12:47:27.639 - Current Subscribers: 
bid     | ((9i;`);(10i;`))
quote   | ((9i;`);(10i;`))
statsTab| ,(8i;`)

12:47:28.640 - Records Processed 5350
12:47:28.641 - Current Subscribers: 
bid     | ((9i;`);(10i;`))
quote   | ((9i;`);(10i;`))
statsTab| ,(8i;`)

12:47:29.641 - Records Processed 5350
12:47:29.642 - Current Subscribers: 
bid     | ((9i;`);(10i;`))
quote   | ((9i;`);(10i;`))
statsTab| ,(8i;`)

12:47:30.640 - Records Processed 5350
12:47:30.640 - Current Subscribers: 
bid     | ((9i;`);(10i;`))
quote   | ((9i;`);(10i;`))
statsTab| ,(8i;`)

12:47:31.640 - Records Processed 5350
12:47:31.640 - Current Subscribers: 
bid     | ((9i;`);(10i;`))
quote   | ((9i;`);(10i;`))
statsTab| ,(8i;`)

12:47:32.640 - Records Processed 5350
12:47:32.640 - Current Subscribers: 
bid     | ((9i;`);(10i;`))
quote   | ((9i;`);(10i;`))
statsTab| ,(8i;`)

12:47:33.640 - Records Processed 5350
12:47:33.640 - Current Subscribers: 
bid     | ((9i;`);(10i;`))
quote   | ((9i;`);(10i;`))
statsTab| ,(8i;`)

12:47:34.640 - Records Processed 5350
12:47:34.641 - Current Subscribers: 
bid     | ((9i;`);(10i;`))
quote   | ((9i;`);(10i;`))
statsTab| ,(8i;`)

12:47:35.641 - Records Processed 5350
12:47:35.641 - Current Subscribers: 
bid     | ((9i;`);(10i;`))
quote   | ((9i;`);(10i;`))
statsTab| ,(8i;`)

12:47:36.640 - Records Processed 5350
12:47:36.641 - Current Subscribers: 
bid     | ((9i;`);(10i;`))
quote   | ((9i;`);(10i;`))
statsTab| ,(8i;`)

12:47:37.641 - Records Processed 5350
12:47:37.641 - Current Subscribers: 
bid     | ((9i;`);(10i;`))
quote   | ((9i;`);(10i;`))
statsTab| ,(8i;`)

12:47:38.640 - Records Processed 5350
12:47:38.640 - Current Subscribers: 
bid     | ((9i;`);(10i;`))
quote   | ((9i;`);(10i;`))
statsTab| ,(8i;`)

12:47:39.640 - Records Processed 5350
12:47:39.641 - Current Subscribers: 
bid     | ((9i;`);(10i;`))
quote   | ((9i;`);(10i;`))
statsTab| ,(8i;`)

12:47:40.640 - Records Processed 5350
12:47:40.641 - Current Subscribers: 
bid     | ((9i;`);(10i;`))
quote   | ((9i;`);(10i;`))
statsTab| ,(8i;`)

12:47:41.640 - Records Processed 5350
12:47:41.641 - Current Subscribers: 
bid     | ((9i;`);(10i;`))
quote   | ((9i;`);(10i;`))
statsTab| ,(8i;`)

12:47:42.640 - Records Processed 5350
12:47:42.641 - Current Subscribers: 
bid     | ((9i;`);(10i;`))
quote   | ((9i;`);(10i;`))
statsTab| ,(8i;`)

12:47:43.640 - Records Processed 5350
12:47:43.640 - Current Subscribers: 
bid     | ((9i;`);(10i;`))
quote   | ((9i;`);(10i;`))
statsTab| ,(8i;`)

12:47:44.640 - Records Processed 5350
12:47:44.640 - Current Subscribers: 
bid     | ((9i;`);(10i;`))
quote   | ((9i;`);(10i;`))
statsTab| ,(8i;`)

12:47:45.641 - Records Processed 5350
12:47:45.641 - Current Subscribers: 
bid     | ((9i;`);(10i;`))
quote   | ((9i;`);(10i;`))
statsTab| ,(8i;`)

12:47:46.640 - Records Processed 5350
12:47:46.640 - Current Subscribers: 
bid     | ((9i;`);(10i;`))
quote   | ((9i;`);(10i;`))
statsTab| ,(8i;`)

12:47:47.640 - Records Processed 5350
12:47:47.640 - Current Subscribers: 
bid     | ((9i;`);(10i;`))
quote   | ((9i;`);(10i;`))
statsTab| ,(8i;`)

12:47:48.641 - Records Processed 5350
12:47:48.641 - Current Subscribers: 
bid     | ((9i;`);(10i;`))
quote   | ((9i;`);(10i;`))
statsTab| ,(8i;`)

12:47:49.640 - Records Processed 5350
12:47:49.641 - Current Subscribers: 
bid     | ((9i;`);(10i;`))
quote   | ((9i;`);(10i;`))
statsTab| ,(8i;`)

12:47:50.645 - Records Processed 5350
12:47:50.645 - Current Subscribers: 
bid     | ((9i;`);(10i;`))
quote   | ((9i;`);(10i;`))
statsTab| ,(8i;`)

12:47:51.640 - Records Processed 5350
12:47:51.641 - Current Subscribers: 
bid     | ((9i;`);(10i;`))
quote   | ((9i;`);(10i;`))
statsTab| ,(8i;`)

12:47:52.639 - Records Processed 5350
12:47:52.639 - Current Subscribers: 
bid     | ((9i;`);(10i;`))
quote   | ((9i;`);(10i;`))
statsTab| ,(8i;`)

12:47:53.639 - Records Processed 5350
12:47:53.639 - Current Subscribers: 
bid     | ((9i;`);(10i;`))
quote   | ((9i;`);(10i;`))
statsTab| ,(8i;`)

12:47:54.639 - Records Processed 5350
12:47:54.640 - Current Subscribers: 
bid     | ((9i;`);(10i;`))
quote   | ((9i;`);(10i;`))
statsTab| ,(8i;`)

12:47:55.640 - Records Processed 5350
12:47:55.640 - Current Subscribers: 
bid     | ((9i;`);(10i;`))
quote   | ((9i;`);(10i;`))
statsTab| ,(8i;`)

12:47:56.640 - Records Processed 5350
12:47:56.641 - Current Subscribers: 
bid     | ((9i;`);(10i;`))
quote   | ((9i;`);(10i;`))
statsTab| ,(8i;`)

12:47:57.639 - Records Processed 5350
12:47:57.640 - Current Subscribers: 
bid     | ((9i;`);(10i;`))
quote   | ((9i;`);(10i;`))
statsTab| ,(8i;`)

12:47:58.640 - Records Processed 5350
12:47:58.641 - Current Subscribers: 
bid     | ((9i;`);(10i;`))
quote   | ((9i;`);(10i;`))
statsTab| ,(8i;`)

12:47:59.641 - Records Processed 5350
12:47:59.641 - Current Subscribers: 
bid     | ((9i;`);(10i;`))
quote   | ((9i;`);(10i;`))
statsTab| ,(8i;`)

12:48:00.640 - Records Processed 5350
12:48:00.640 - Current Subscribers: 
bid     | ((9i;`);(10i;`))
quote   | ((9i;`);(10i;`))
statsTab| ,(8i;`)

12:48:01.640 - Records Processed 5350
12:48:01.640 - Current Subscribers: 
bid     | ((9i;`);(10i;`))
quote   | ((9i;`);(10i;`))
statsTab| ,(8i;`)

12:48:02.639 - Records Processed 5350
12:48:02.639 - Current Subscribers: 
bid     | ((9i;`);(10i;`))
quote   | ((9i;`);(10i;`))
statsTab| ,(8i;`)

12:48:03.640 - Records Processed 5350
12:48:03.641 - Current Subscribers: 
bid     | ((9i;`);(10i;`))
quote   | ((9i;`);(10i;`))
statsTab| ,(8i;`)

12:48:04.640 - Records Processed 5350
12:48:04.641 - Current Subscribers: 
bid     | ((9i;`);(10i;`))
quote   | ((9i;`);(10i;`))
statsTab| ,(8i;`)

12:48:05.641 - Records Processed 5350
12:48:05.641 - Current Subscribers: 
bid     | ((9i;`);(10i;`))
quote   | ((9i;`);(10i;`))
statsTab| ,(8i;`)

12:48:06.640 - Records Processed 5350
12:48:06.640 - Current Subscribers: 
bid     | ((9i;`);(10i;`))
quote   | ((9i;`);(10i;`))
statsTab| ,(8i;`)

12:48:07.640 - Records Processed 5350
12:48:07.640 - Current Subscribers: 
bid     | ((9i;`);(10i;`))
quote   | ((9i;`);(10i;`))
statsTab| ,(8i;`)

12:48:08.640 - Records Processed 5350
12:48:08.640 - Current Subscribers: 
bid     | ((9i;`);(10i;`))
quote   | ((9i;`);(10i;`))
statsTab| ,(8i;`)

12:48:09.640 - Records Processed 5350
12:48:09.640 - Current Subscribers: 
bid     | ((9i;`);(10i;`))
quote   | ((9i;`);(10i;`))
statsTab| ,(8i;`)

12:48:10.640 - Records Processed 5350
12:48:10.640 - Current Subscribers: 
bid     | ((9i;`);(10i;`))
quote   | ((9i;`);(10i;`))
statsTab| ,(8i;`)

12:48:11.639 - Records Processed 5350
12:48:11.639 - Current Subscribers: 
bid     | ((9i;`);(10i;`))
quote   | ((9i;`);(10i;`))
statsTab| ,(8i;`)

12:48:12.639 - Records Processed 5350
12:48:12.640 - Current Subscribers: 
bid     | ((9i;`);(10i;`))
quote   | ((9i;`);(10i;`))
statsTab| ,(8i;`)

12:48:13.640 - Records Processed 5350
12:48:13.641 - Current Subscribers: 
bid     | ((9i;`);(10i;`))
quote   | ((9i;`);(10i;`))
statsTab| ,(8i;`)

12:48:14.641 - Records Processed 5350
12:48:14.641 - Current Subscribers: 
bid     | ((9i;`);(10i;`))
quote   | ((9i;`);(10i;`))
statsTab| ,(8i;`)

12:48:15.640 - Records Processed 5350
12:48:15.640 - Current Subscribers: 
bid     | ((9i;`);(10i;`))
quote   | ((9i;`);(10i;`))
statsTab| ,(8i;`)

12:48:16.640 - Records Processed 5350
12:48:16.640 - Current Subscribers: 
bid     | ((9i;`);(10i;`))
quote   | ((9i;`);(10i;`))
statsTab| ,(8i;`)

12:48:17.640 - Records Processed 5350
12:48:17.640 - Current Subscribers: 
bid     | ((9i;`);(10i;`))
quote   | ((9i;`);(10i;`))
statsTab| ,(8i;`)

12:48:18.641 - Records Processed 5350
12:48:18.641 - Current Subscribers: 
bid     | ((9i;`);(10i;`))
quote   | ((9i;`);(10i;`))
statsTab| ,(8i;`)

12:48:19.640 - Records Processed 5350
12:48:19.640 - Current Subscribers: 
bid     | ((9i;`);(10i;`))
quote   | ((9i;`);(10i;`))
statsTab| ,(8i;`)

12:48:20.640 - Records Processed 5350
12:48:20.640 - Current Subscribers: 
bid     | ((9i;`);(10i;`))
quote   | ((9i;`);(10i;`))
statsTab| ,(8i;`)

12:48:21.640 - Records Processed 5350
12:48:21.641 - Current Subscribers: 
bid     | ((9i;`);(10i;`))
quote   | ((9i;`);(10i;`))
statsTab| ,(8i;`)

12:48:22.640 - Records Processed 5350
12:48:22.641 - Current Subscribers: 
bid     | ((9i;`);(10i;`))
quote   | ((9i;`);(10i;`))
statsTab| ,(8i;`)

12:48:23.641 - Records Processed 5350
12:48:23.642 - Current Subscribers: 
bid     | ((9i;`);(10i;`))
quote   | ((9i;`);(10i;`))
statsTab| ,(8i;`)

12:48:24.641 - Records Processed 5350
12:48:24.641 - Current Subscribers: 
bid     | ((9i;`);(10i;`))
quote   | ((9i;`);(10i;`))
statsTab| ,(8i;`)

12:48:25.640 - Records Processed 5350
12:48:25.640 - Current Subscribers: 
bid     | ((9i;`);(10i;`))
quote   | ((9i;`);(10i;`))
statsTab| ,(8i;`)

12:48:26.640 - Records Processed 5350
12:48:26.641 - Current Subscribers: 
bid     | ((9i;`);(10i;`))
quote   | ((9i;`);(10i;`))
statsTab| ,(8i;`)

12:48:27.641 - Records Processed 5350
12:48:27.641 - Current Subscribers: 
bid     | ((9i;`);(10i;`))
quote   | ((9i;`);(10i;`))
statsTab| ,(8i;`)

12:48:28.640 - Records Processed 5350
12:48:28.641 - Current Subscribers: 
bid     | ((9i;`);(10i;`))
quote   | ((9i;`);(10i;`))
statsTab| ,(8i;`)

12:48:29.640 - Records Processed 5350
12:48:29.640 - Current Subscribers: 
bid     | ((9i;`);(10i;`))
quote   | ((9i;`);(10i;`))
statsTab| ,(8i;`)

12:48:30.639 - Records Processed 5350
12:48:30.640 - Current Subscribers: 
bid     | ((9i;`);(10i;`))
quote   | ((9i;`);(10i;`))
statsTab| ,(8i;`)

12:48:31.641 - Records Processed 5350
12:48:31.641 - Current Subscribers: 
bid     | ((9i;`);(10i;`))
quote   | ((9i;`);(10i;`))
statsTab| ,(8i;`)

12:48:32.640 - Records Processed 5350
12:48:32.641 - Current Subscribers: 
bid     | ((9i;`);(10i;`))
quote   | ((9i;`);(10i;`))
statsTab| ,(8i;`)

12:48:33.640 - Records Processed 5350
12:48:33.640 - Current Subscribers: 
bid     | ((9i;`);(10i;`))
quote   | ((9i;`);(10i;`))
statsTab| ,(8i;`)

12:48:34.639 - Records Processed 5350
12:48:34.640 - Current Subscribers: 
bid     | ((9i;`);(10i;`))
quote   | ((9i;`);(10i;`))
statsTab| ,(8i;`)

12:48:35.640 - Records Processed 5350
12:48:35.641 - Current Subscribers: 
bid     | ((9i;`);(10i;`))
quote   | ((9i;`);(10i;`))
statsTab| ,(8i;`)

12:48:36.640 - Records Processed 5350
12:48:36.640 - Current Subscribers: 
bid     | ((9i;`);(10i;`))
quote   | ((9i;`);(10i;`))
statsTab| ,(8i;`)

12:48:37.640 - Records Processed 5350
12:48:37.641 - Current Subscribers: 
bid     | ((9i;`);(10i;`))
quote   | ((9i;`);(10i;`))
statsTab| ,(8i;`)

12:48:38.640 - Records Processed 5350
12:48:38.641 - Current Subscribers: 
bid     | ((9i;`);(10i;`))
quote   | ((9i;`);(10i;`))
statsTab| ,(8i;`)

12:48:39.640 - Records Processed 5350
12:48:39.640 - Current Subscribers: 
bid     | ((9i;`);(10i;`))
quote   | ((9i;`);(10i;`))
statsTab| ,(8i;`)

12:48:40.639 - Records Processed 5350
12:48:40.640 - Current Subscribers: 
bid     | ((9i;`);(10i;`))
quote   | ((9i;`);(10i;`))
statsTab| ,(8i;`)

12:48:41.640 - Records Processed 5350
12:48:41.640 - Current Subscribers: 
bid     | ((9i;`);(10i;`))
quote   | ((9i;`);(10i;`))
statsTab| ,(8i;`)

12:48:42.641 - Records Processed 5350
12:48:42.641 - Current Subscribers: 
bid     | ((9i;`);(10i;`))
quote   | ((9i;`);(10i;`))
statsTab| ,(8i;`)

12:48:43.640 - Records Processed 5350
12:48:43.640 - Current Subscribers: 
bid     | ((9i;`);(10i;`))
quote   | ((9i;`);(10i;`))
statsTab| ,(8i;`)

12:48:44.641 - Records Processed 5350
12:48:44.642 - Current Subscribers: 
bid     | ((9i;`);(10i;`))
quote   | ((9i;`);(10i;`))
statsTab| ,(8i;`)

12:48:45.642 - Records Processed 5350
12:48:45.643 - Current Subscribers: 
bid     | ((9i;`);(10i;`))
quote   | ((9i;`);(10i;`))
statsTab| ,(8i;`)

12:48:46.640 - Records Processed 5350
12:48:46.640 - Current Subscribers: 
bid     | ((9i;`);(10i;`))
quote   | ((9i;`);(10i;`))
statsTab| ,(8i;`)

12:48:47.641 - Records Processed 5350
12:48:47.641 - Current Subscribers: 
bid     | ((9i;`);(10i;`))
quote   | ((9i;`);(10i;`))
statsTab| ,(8i;`)

12:48:48.641 - Records Processed 5350
12:48:48.641 - Current Subscribers: 
bid     | ((9i;`);(10i;`))
quote   | ((9i;`);(10i;`))
statsTab| ,(8i;`)

12:48:49.640 - Records Processed 5350
12:48:49.640 - Current Subscribers: 
bid     | ((9i;`);(10i;`))
quote   | ((9i;`);(10i;`))
statsTab| ,(8i;`)

12:48:50.639 - Records Processed 5350
12:48:50.639 - Current Subscribers: 
bid     | ((9i;`);(10i;`))
quote   | ((9i;`);(10i;`))
statsTab| ,(8i;`)

12:48:51.639 - Records Processed 5350
12:48:51.639 - Current Subscribers: 
bid     | ((9i;`);(10i;`))
quote   | ((9i;`);(10i;`))
statsTab| ,(8i;`)

12:48:52.638 - Records Processed 5350
12:48:52.639 - Current Subscribers: 
bid     | ((9i;`);(10i;`))
quote   | ((9i;`);(10i;`))
statsTab| ,(8i;`)

12:48:53.639 - Records Processed 5350
12:48:53.640 - Current Subscribers: 
bid     | ((9i;`);(10i;`))
quote   | ((9i;`);(10i;`))
statsTab| ,(8i;`)

12:48:54.640 - Records Processed 5350
12:48:54.641 - Current Subscribers: 
bid     | ((9i;`);(10i;`))
quote   | ((9i;`);(10i;`))
statsTab| ,(8i;`)

12:48:55.644 - Records Processed 5350
12:48:55.644 - Current Subscribers: 
bid     | ((9i;`);(10i;`))
quote   | ((9i;`);(10i;`))
statsTab| ,(8i;`)

12:48:56.639 - Records Processed 5350
12:48:56.639 - Current Subscribers: 
bid     | ((9i;`);(10i;`))
quote   | ((9i;`);(10i;`))
statsTab| ,(8i;`)

12:48:57.641 - Records Processed 5350
12:48:57.641 - Current Subscribers: 
bid     | ((9i;`);(10i;`))
quote   | ((9i;`);(10i;`))
statsTab| ,(8i;`)

12:48:58.640 - Records Processed 5350
12:48:58.640 - Current Subscribers: 
bid     | ((9i;`);(10i;`))
quote   | ((9i;`);(10i;`))
statsTab| ,(8i;`)

12:48:59.639 - Records Processed 5350
12:48:59.640 - Current Subscribers: 
bid     | ((9i;`);(10i;`))
quote   | ((9i;`);(10i;`))
statsTab| ,(8i;`)

12:49:00.640 - Records Processed 5350
12:49:00.641 - Current Subscribers: 
bid     | ((9i;`);(10i;`))
quote   | ((9i;`);(10i;`))
statsTab| ,(8i;`)

12:49:01.641 - Records Processed 5350
12:49:01.641 - Current Subscribers: 
bid     | ((9i;`);(10i;`))
quote   | ((9i;`);(10i;`))
statsTab| ,(8i;`)

12:49:02.640 - Records Processed 5350
12:49:02.640 - Current Subscribers: 
bid     | ((9i;`);(10i;`))
quote   | ((9i;`);(10i;`))
statsTab| ,(8i;`)

12:49:03.640 - Records Processed 5350
12:49:03.640 - Current Subscribers: 
bid     | ((9i;`);(10i;`))
quote   | ((9i;`);(10i;`))
statsTab| ,(8i;`)

12:49:04.640 - Records Processed 5350
12:49:04.640 - Current Subscribers: 
bid     | ((9i;`);(10i;`))
quote   | ((9i;`);(10i;`))
statsTab| ,(8i;`)

12:49:05.640 - Records Processed 5350
12:49:05.640 - Current Subscribers: 
bid     | ((9i;`);(10i;`))
quote   | ((9i;`);(10i;`))
statsTab| ,(8i;`)

12:49:06.641 - Records Processed 5350
12:49:06.642 - Current Subscribers: 
bid     | ((9i;`);(10i;`))
quote   | ((9i;`);(10i;`))
statsTab| ,(8i;`)

12:49:07.640 - Records Processed 5350
12:49:07.641 - Current Subscribers: 
bid     | ((9i;`);(10i;`))
quote   | ((9i;`);(10i;`))
statsTab| ,(8i;`)

12:49:08.640 - Records Processed 5350
12:49:08.640 - Current Subscribers: 
bid     | ((9i;`);(10i;`))
quote   | ((9i;`);(10i;`))
statsTab| ,(8i;`)

12:49:09.640 - Records Processed 5350
12:49:09.641 - Current Subscribers: 
bid     | ((9i;`);(10i;`))
quote   | ((9i;`);(10i;`))
statsTab| ,(8i;`)

12:49:10.640 - Records Processed 5350
12:49:10.640 - Current Subscribers: 
bid     | ((9i;`);(10i;`))
quote   | ((9i;`);(10i;`))
statsTab| ,(8i;`)

12:49:11.640 - Records Processed 5350
12:49:11.640 - Current Subscribers: 
bid     | ((9i;`);(10i;`))
quote   | ((9i;`);(10i;`))
statsTab| ,(8i;`)

12:49:12.640 - Records Processed 5350
12:49:12.641 - Current Subscribers: 
bid     | ((9i;`);(10i;`))
quote   | ((9i;`);(10i;`))
statsTab| ,(8i;`)

12:49:13.642 - Records Processed 5350
12:49:13.645 - Current Subscribers: 
bid     | ((9i;`);(10i;`))
quote   | ((9i;`);(10i;`))
statsTab| ,(8i;`)

12:49:14.643 - Records Processed 5350
12:49:14.644 - Current Subscribers: 
bid     | ((9i;`);(10i;`))
quote   | ((9i;`);(10i;`))
statsTab| ,(8i;`)

12:49:15.640 - Records Processed 5350
12:49:15.641 - Current Subscribers: 
bid     | ((9i;`);(10i;`))
quote   | ((9i;`);(10i;`))
statsTab| ,(8i;`)

12:49:16.639 - Records Processed 5350
12:49:16.639 - Current Subscribers: 
bid     | ((9i;`);(10i;`))
quote   | ((9i;`);(10i;`))
statsTab| ,(8i;`)

12:49:17.641 - Records Processed 5350
12:49:17.641 - Current Subscribers: 
bid     | ((9i;`);(10i;`))
quote   | ((9i;`);(10i;`))
statsTab| ,(8i;`)

12:49:18.640 - Records Processed 5350
12:49:18.640 - Current Subscribers: 
bid     | ((9i;`);(10i;`))
quote   | ((9i;`);(10i;`))
statsTab| ,(8i;`)

12:49:19.639 - Records Processed 5350
12:49:19.640 - Current Subscribers: 
bid     | ((9i;`);(10i;`))
quote   | ((9i;`);(10i;`))
statsTab| ,(8i;`)

12:49:20.641 - Records Processed 5350
12:49:20.641 - Current Subscribers: 
bid     | ((9i;`);(10i;`))
quote   | ((9i;`);(10i;`))
statsTab| ,(8i;`)

12:49:21.641 - Records Processed 5350
12:49:21.641 - Current Subscribers: 
bid     | ((9i;`);(10i;`))
quote   | ((9i;`);(10i;`))
statsTab| ,(8i;`)

12:49:22.640 - Records Processed 5350
12:49:22.640 - Current Subscribers: 
bid     | ((9i;`);(10i;`))
quote   | ((9i;`);(10i;`))
statsTab| ,(8i;`)

12:49:23.641 - Records Processed 5350
12:49:23.641 - Current Subscribers: 
bid     | ((9i;`);(10i;`))
quote   | ((9i;`);(10i;`))
statsTab| ,(8i;`)

12:49:24.640 - Records Processed 5350
12:49:24.640 - Current Subscribers: 
bid     | ((9i;`);(10i;`))
quote   | ((9i;`);(10i;`))
statsTab| ,(8i;`)

12:49:25.640 - Records Processed 5350
12:49:25.640 - Current Subscribers: 
bid     | ((9i;`);(10i;`))
quote   | ((9i;`);(10i;`))
statsTab| ,(8i;`)

12:49:26.640 - Records Processed 5350
12:49:26.640 - Current Subscribers: 
bid     | ((9i;`);(10i;`))
quote   | ((9i;`);(10i;`))
statsTab| ,(8i;`)

12:49:27.640 - Records Processed 5350
12:49:27.640 - Current Subscribers: 
bid     | ((9i;`);(10i;`))
quote   | ((9i;`);(10i;`))
statsTab| ,(8i;`)

12:49:28.640 - Records Processed 5350
12:49:28.641 - Current Subscribers: 
bid     | ((9i;`);(10i;`))
quote   | ((9i;`);(10i;`))
statsTab| ,(8i;`)

12:49:29.640 - Records Processed 5350
12:49:29.641 - Current Subscribers: 
bid     | ((9i;`);(10i;`))
quote   | ((9i;`);(10i;`))
statsTab| ,(8i;`)

12:49:30.640 - Records Processed 5350
12:49:30.640 - Current Subscribers: 
bid     | ((9i;`);(10i;`))
quote   | ((9i;`);(10i;`))
statsTab| ,(8i;`)

12:49:31.640 - Records Processed 5350
12:49:31.640 - Current Subscribers: 
bid     | ((9i;`);(10i;`))
quote   | ((9i;`);(10i;`))
statsTab| ,(8i;`)

12:49:32.641 - Records Processed 5350
12:49:32.641 - Current Subscribers: 
bid     | ((9i;`);(10i;`))
quote   | ((9i;`);(10i;`))
statsTab| ,(8i;`)

12:49:33.640 - Records Processed 5350
12:49:33.640 - Current Subscribers: 
bid     | ((9i;`);(10i;`))
quote   | ((9i;`);(10i;`))
statsTab| ,(8i;`)

12:49:34.640 - Records Processed 5350
12:49:34.640 - Current Subscribers: 
bid     | ((9i;`);(10i;`))
quote   | ((9i;`);(10i;`))
statsTab| ,(8i;`)

12:49:35.645 - Records Processed 5350
12:49:35.645 - Current Subscribers: 
bid     | ((9i;`);(10i;`))
quote   | ((9i;`);(10i;`))
statsTab| ,(8i;`)

12:49:36.639 - Records Processed 5350
12:49:36.639 - Current Subscribers: 
bid     | ((9i;`);(10i;`))
quote   | ((9i;`);(10i;`))
statsTab| ,(8i;`)

12:49:37.639 - Records Processed 5350
12:49:37.639 - Current Subscribers: 
bid     | ((9i;`);(10i;`))
quote   | ((9i;`);(10i;`))
statsTab| ,(8i;`)

12:49:38.640 - Records Processed 5350
12:49:38.640 - Current Subscribers: 
bid     | ((9i;`);(10i;`))
quote   | ((9i;`);(10i;`))
statsTab| ,(8i;`)

12:49:39.641 - Records Processed 5350
12:49:39.641 - Current Subscribers: 
bid     | ((9i;`);(10i;`))
quote   | ((9i;`);(10i;`))
statsTab| ,(8i;`)

12:49:40.640 - Records Processed 5350
12:49:40.640 - Current Subscribers: 
bid     | ((9i;`);(10i;`))
quote   | ((9i;`);(10i;`))
statsTab| ,(8i;`)

12:49:41.639 - Records Processed 5350
12:49:41.640 - Current Subscribers: 
bid     | ((9i;`);(10i;`))
quote   | ((9i;`);(10i;`))
statsTab| ,(8i;`)

12:49:42.640 - Records Processed 5350
12:49:42.640 - Current Subscribers: 
bid     | ((9i;`);(10i;`))
quote   | ((9i;`);(10i;`))
statsTab| ,(8i;`)

12:49:43.640 - Records Processed 5350
12:49:43.640 - Current Subscribers: 
bid     | ((9i;`);(10i;`))
quote   | ((9i;`);(10i;`))
statsTab| ,(8i;`)

12:49:44.640 - Records Processed 5350
12:49:44.641 - Current Subscribers: 
bid     | ((9i;`);(10i;`))
quote   | ((9i;`);(10i;`))
statsTab| ,(8i;`)

12:49:45.640 - Records Processed 5350
12:49:45.640 - Current Subscribers: 
bid     | ((9i;`);(10i;`))
quote   | ((9i;`);(10i;`))
statsTab| ,(8i;`)

12:49:46.640 - Records Processed 5350
12:49:46.640 - Current Subscribers: 
bid     | ((9i;`);(10i;`))
quote   | ((9i;`);(10i;`))
statsTab| ,(8i;`)

12:49:47.640 - Records Processed 5350
12:49:47.640 - Current Subscribers: 
bid     | ((9i;`);(10i;`))
quote   | ((9i;`);(10i;`))
statsTab| ,(8i;`)

12:49:48.640 - Records Processed 5350
12:49:48.640 - Current Subscribers: 
bid     | ((9i;`);(10i;`))
quote   | ((9i;`);(10i;`))
statsTab| ,(8i;`)

12:49:49.641 - Records Processed 5350
12:49:49.641 - Current Subscribers: 
bid     | ((9i;`);(10i;`))
quote   | ((9i;`);(10i;`))
statsTab| ,(8i;`)

12:49:50.640 - Records Processed 5350
12:49:50.640 - Current Subscribers: 
bid     | ((9i;`);(10i;`))
quote   | ((9i;`);(10i;`))
statsTab| ,(8i;`)

12:49:51.640 - Records Processed 5350
12:49:51.640 - Current Subscribers: 
bid     | ((9i;`);(10i;`))
quote   | ((9i;`);(10i;`))
statsTab| ,(8i;`)

12:49:52.640 - Records Processed 5350
12:49:52.640 - Current Subscribers: 
bid     | ((9i;`);(10i;`))
quote   | ((9i;`);(10i;`))
statsTab| ,(8i;`)

12:49:53.640 - Records Processed 5350
12:49:53.641 - Current Subscribers: 
bid     | ((9i;`);(10i;`))
quote   | ((9i;`);(10i;`))
statsTab| ,(8i;`)

12:49:54.641 - Records Processed 5350
12:49:54.641 - Current Subscribers: 
bid     | ((9i;`);(10i;`))
quote   | ((9i;`);(10i;`))
statsTab| ,(8i;`)

12:49:55.640 - Records Processed 5350
12:49:55.641 - Current Subscribers: 
bid     | ((9i;`);(10i;`))
quote   | ((9i;`);(10i;`))
statsTab| ,(8i;`)

12:49:56.641 - Records Processed 5350
12:49:56.641 - Current Subscribers: 
bid     | ((9i;`);(10i;`))
quote   | ((9i;`);(10i;`))
statsTab| ,(8i;`)

12:49:57.640 - Records Processed 5350
12:49:57.641 - Current Subscribers: 
bid     | ((9i;`);(10i;`))
quote   | ((9i;`);(10i;`))
statsTab| ,(8i;`)

12:49:58.641 - Records Processed 5350
12:49:58.642 - Current Subscribers: 
bid     | ((9i;`);(10i;`))
quote   | ((9i;`);(10i;`))
statsTab| ,(8i;`)

12:49:59.640 - Records Processed 5350
12:49:59.640 - Current Subscribers: 
bid     | ((9i;`);(10i;`))
quote   | ((9i;`);(10i;`))
statsTab| ,(8i;`)

12:50:00.639 - Records Processed 5350
12:50:00.639 - Current Subscribers: 
bid     | ((9i;`);(10i;`))
quote   | ((9i;`);(10i;`))
statsTab| ,(8i;`)

12:50:01.641 - Records Processed 5350
12:50:01.642 - Current Subscribers: 
bid     | ((9i;`);(10i;`))
quote   | ((9i;`);(10i;`))
statsTab| ,(8i;`)

12:50:02.640 - Records Processed 5350
12:50:02.641 - Current Subscribers: 
bid     | ((9i;`);(10i;`))
quote   | ((9i;`);(10i;`))
statsTab| ,(8i;`)

12:50:03.641 - Records Processed 5350
12:50:03.641 - Current Subscribers: 
bid     | ((9i;`);(10i;`))
quote   | ((9i;`);(10i;`))
statsTab| ,(8i;`)

12:50:04.640 - Records Processed 5350
12:50:04.640 - Current Subscribers: 
bid     | ((9i;`);(10i;`))
quote   | ((9i;`);(10i;`))
statsTab| ,(8i;`)

12:50:05.640 - Records Processed 5350
12:50:05.641 - Current Subscribers: 
bid     | ((9i;`);(10i;`))
quote   | ((9i;`);(10i;`))
statsTab| ,(8i;`)

12:50:06.641 - Records Processed 5350
12:50:06.641 - Current Subscribers: 
bid     | ((9i;`);(10i;`))
quote   | ((9i;`);(10i;`))
statsTab| ,(8i;`)

12:50:07.640 - Records Processed 5350
12:50:07.640 - Current Subscribers: 
bid     | ((9i;`);(10i;`))
quote   | ((9i;`);(10i;`))
statsTab| ,(8i;`)

12:50:08.641 - Records Processed 5350
12:50:08.641 - Current Subscribers: 
bid     | ((9i;`);(10i;`))
quote   | ((9i;`);(10i;`))
statsTab| ,(8i;`)

12:50:09.640 - Records Processed 5350
12:50:09.640 - Current Subscribers: 
bid     | ((9i;`);(10i;`))
quote   | ((9i;`);(10i;`))
statsTab| ,(8i;`)

12:50:10.640 - Records Processed 5350
12:50:10.640 - Current Subscribers: 
bid     | ((9i;`);(10i;`))
quote   | ((9i;`);(10i;`))
statsTab| ,(8i;`)

12:50:11.640 - Records Processed 5350
12:50:11.640 - Current Subscribers: 
bid     | ((9i;`);(10i;`))
quote   | ((9i;`);(10i;`))
statsTab| ,(8i;`)

12:50:12.640 - Records Processed 5350
12:50:12.641 - Current Subscribers: 
bid     | ((9i;`);(10i;`))
quote   | ((9i;`);(10i;`))
statsTab| ,(8i;`)

12:50:13.640 - Records Processed 5350
12:50:13.641 - Current Subscribers: 
bid     | ((9i;`);(10i;`))
quote   | ((9i;`);(10i;`))
statsTab| ,(8i;`)

12:50:14.639 - Records Processed 5350
12:50:14.640 - Current Subscribers: 
bid     | ((9i;`);(10i;`))
quote   | ((9i;`);(10i;`))
statsTab| ,(8i;`)

12:50:15.641 - Records Processed 5350
12:50:15.642 - Current Subscribers: 
bid     | ((9i;`);(10i;`))
quote   | ((9i;`);(10i;`))
statsTab| ,(8i;`)

12:50:16.640 - Records Processed 5350
12:50:16.640 - Current Subscribers: 
bid     | ((9i;`);(10i;`))
quote   | ((9i;`);(10i;`))
statsTab| ,(8i;`)

12:50:17.640 - Records Processed 5350
12:50:17.642 - Current Subscribers: 
bid     | ((9i;`);(10i;`))
quote   | ((9i;`);(10i;`))
statsTab| ,(8i;`)

12:50:18.641 - Records Processed 5350
12:50:18.641 - Current Subscribers: 
bid     | ((9i;`);(10i;`))
quote   | ((9i;`);(10i;`))
statsTab| ,(8i;`)

12:50:19.640 - Records Processed 5350
12:50:19.640 - Current Subscribers: 
bid     | ((9i;`);(10i;`))
quote   | ((9i;`);(10i;`))
statsTab| ,(8i;`)

12:50:20.643 - Records Processed 5350
12:50:20.643 - Current Subscribers: 
bid     | ((9i;`);(10i;`))
quote   | ((9i;`);(10i;`))
statsTab| ,(8i;`)

12:50:21.640 - Records Processed 5350
12:50:21.641 - Current Subscribers: 
bid     | ((9i;`);(10i;`))
quote   | ((9i;`);(10i;`))
statsTab| ,(8i;`)

12:50:22.640 - Records Processed 5350
12:50:22.641 - Current Subscribers: 
bid     | ((9i;`);(10i;`))
quote   | ((9i;`);(10i;`))
statsTab| ,(8i;`)

12:50:23.640 - Records Processed 5350
12:50:23.641 - Current Subscribers: 
bid     | ((9i;`);(10i;`))
quote   | ((9i;`);(10i;`))
statsTab| ,(8i;`)

12:50:24.641 - Records Processed 5350
12:50:24.641 - Current Subscribers: 
bid     | ((9i;`);(10i;`))
quote   | ((9i;`);(10i;`))
statsTab| ,(8i;`)

12:50:25.641 - Records Processed 5350
12:50:25.642 - Current Subscribers: 
bid     | ((9i;`);(10i;`))
quote   | ((9i;`);(10i;`))
statsTab| ,(8i;`)

12:50:26.642 - Records Processed 5350
12:50:26.642 - Current Subscribers: 
bid     | ((9i;`);(10i;`))
quote   | ((9i;`);(10i;`))
statsTab| ,(8i;`)

12:50:27.640 - Records Processed 5350
12:50:27.641 - Current Subscribers: 
bid     | ((9i;`);(10i;`))
quote   | ((9i;`);(10i;`))
statsTab| ,(8i;`)

12:50:28.640 - Records Processed 5350
12:50:28.641 - Current Subscribers: 
bid     | ((9i;`);(10i;`))
quote   | ((9i;`);(10i;`))
statsTab| ,(8i;`)

12:50:29.641 - Records Processed 5350
12:50:29.641 - Current Subscribers: 
bid     | ((9i;`);(10i;`))
quote   | ((9i;`);(10i;`))
statsTab| ,(8i;`)

12:50:30.640 - Records Processed 5350
12:50:30.641 - Current Subscribers: 
bid     | ((9i;`);(10i;`))
quote   | ((9i;`);(10i;`))
statsTab| ,(8i;`)

12:50:31.641 - Records Processed 5350
12:50:31.641 - Current Subscribers: 
bid     | ((9i;`);(10i;`))
quote   | ((9i;`);(10i;`))
statsTab| ,(8i;`)

12:50:32.641 - Records Processed 5350
12:50:32.641 - Current Subscribers: 
bid     | ((9i;`);(10i;`))
quote   | ((9i;`);(10i;`))
statsTab| ,(8i;`)

12:50:33.639 - Records Processed 5350
12:50:33.639 - Current Subscribers: 
bid     | ((9i;`);(10i;`))
quote   | ((9i;`);(10i;`))
statsTab| ,(8i;`)

12:50:34.640 - Records Processed 5350
12:50:34.641 - Current Subscribers: 
bid     | ((9i;`);(10i;`))
quote   | ((9i;`);(10i;`))
statsTab| ,(8i;`)

12:50:35.641 - Records Processed 5350
12:50:35.641 - Current Subscribers: 
bid     | ((9i;`);(10i;`))
quote   | ((9i;`);(10i;`))
statsTab| ,(8i;`)

12:50:36.641 - Records Processed 5350
12:50:36.641 - Current Subscribers: 
bid     | ((9i;`);(10i;`))
quote   | ((9i;`);(10i;`))
statsTab| ,(8i;`)

12:50:37.640 - Records Processed 5350
12:50:37.641 - Current Subscribers: 
bid     | ((9i;`);(10i;`))
quote   | ((9i;`);(10i;`))
statsTab| ,(8i;`)

12:50:38.640 - Records Processed 5350
12:50:38.641 - Current Subscribers: 
bid     | ((9i;`);(10i;`))
quote   | ((9i;`);(10i;`))
statsTab| ,(8i;`)

12:50:39.641 - Records Processed 5350
12:50:39.642 - Current Subscribers: 
bid     | ((9i;`);(10i;`))
quote   | ((9i;`);(10i;`))
statsTab| ,(8i;`)

12:50:40.642 - Records Processed 5350
12:50:40.642 - Current Subscribers: 
bid     | ((9i;`);(10i;`))
quote   | ((9i;`);(10i;`))
statsTab| ,(8i;`)

12:50:41.640 - Records Processed 5350
12:50:41.640 - Current Subscribers: 
bid     | ((9i;`);(10i;`))
quote   | ((9i;`);(10i;`))
statsTab| ,(8i;`)

12:50:42.640 - Records Processed 5350
12:50:42.640 - Current Subscribers: 
bid     | ((9i;`);(10i;`))
quote   | ((9i;`);(10i;`))
statsTab| ,(8i;`)

12:50:43.640 - Records Processed 5350
12:50:43.641 - Current Subscribers: 
bid     | ((9i;`);(10i;`))
quote   | ((9i;`);(10i;`))
statsTab| ,(8i;`)

12:50:44.640 - Records Processed 5350
12:50:44.640 - Current Subscribers: 
bid     | ((9i;`);(10i;`))
quote   | ((9i;`);(10i;`))
statsTab| ,(8i;`)

12:50:45.640 - Records Processed 5350
12:50:45.640 - Current Subscribers: 
bid     | ((9i;`);(10i;`))
quote   | ((9i;`);(10i;`))
statsTab| ,(8i;`)

12:50:46.640 - Records Processed 5350
12:50:46.640 - Current Subscribers: 
bid     | ((9i;`);(10i;`))
quote   | ((9i;`);(10i;`))
statsTab| ,(8i;`)

12:50:47.640 - Records Processed 5350
12:50:47.640 - Current Subscribers: 
bid     | ((9i;`);(10i;`))
quote   | ((9i;`);(10i;`))
statsTab| ,(8i;`)

12:50:48.640 - Records Processed 5350
12:50:48.640 - Current Subscribers: 
bid     | ((9i;`);(10i;`))
quote   | ((9i;`);(10i;`))
statsTab| ,(8i;`)

12:50:49.640 - Records Processed 5350
12:50:49.640 - Current Subscribers: 
bid     | ((9i;`);(10i;`))
quote   | ((9i;`);(10i;`))
statsTab| ,(8i;`)

12:50:50.640 - Records Processed 5350
12:50:50.640 - Current Subscribers: 
bid     | ((9i;`);(10i;`))
quote   | ((9i;`);(10i;`))
statsTab| ,(8i;`)

12:50:51.640 - Records Processed 5350
12:50:51.640 - Current Subscribers: 
bid     | ((9i;`);(10i;`))
quote   | ((9i;`);(10i;`))
statsTab| ,(8i;`)

12:50:52.639 - Records Processed 5350
12:50:52.639 - Current Subscribers: 
bid     | ((9i;`);(10i;`))
quote   | ((9i;`);(10i;`))
statsTab| ,(8i;`)

12:50:53.641 - Records Processed 5350
12:50:53.641 - Current Subscribers: 
bid     | ((9i;`);(10i;`))
quote   | ((9i;`);(10i;`))
statsTab| ,(8i;`)

12:50:54.640 - Records Processed 5350
12:50:54.641 - Current Subscribers: 
bid     | ((9i;`);(10i;`))
quote   | ((9i;`);(10i;`))
statsTab| ,(8i;`)

12:50:55.640 - Records Processed 5350
12:50:55.640 - Current Subscribers: 
bid     | ((9i;`);(10i;`))
quote   | ((9i;`);(10i;`))
statsTab| ,(8i;`)

12:50:56.641 - Records Processed 5350
12:50:56.641 - Current Subscribers: 
bid     | ((9i;`);(10i;`))
quote   | ((9i;`);(10i;`))
statsTab| ,(8i;`)

12:50:57.640 - Records Processed 5350
12:50:57.640 - Current Subscribers: 
bid     | ((9i;`);(10i;`))
quote   | ((9i;`);(10i;`))
statsTab| ,(8i;`)

12:50:58.640 - Records Processed 5350
12:50:58.640 - Current Subscribers: 
bid     | ((9i;`);(10i;`))
quote   | ((9i;`);(10i;`))
statsTab| ,(8i;`)

12:50:59.640 - Records Processed 5350
12:50:59.640 - Current Subscribers: 
bid     | ((9i;`);(10i;`))
quote   | ((9i;`);(10i;`))
statsTab| ,(8i;`)

12:51:00.640 - Records Processed 5350
12:51:00.640 - Current Subscribers: 
bid     | ((9i;`);(10i;`))
quote   | ((9i;`);(10i;`))
statsTab| ,(8i;`)

12:51:01.640 - Records Processed 5350
12:51:01.641 - Current Subscribers: 
bid     | ((9i;`);(10i;`))
quote   | ((9i;`);(10i;`))
statsTab| ,(8i;`)

12:51:02.640 - Records Processed 5350
12:51:02.640 - Current Subscribers: 
bid     | ((9i;`);(10i;`))
quote   | ((9i;`);(10i;`))
statsTab| ,(8i;`)

12:51:03.640 - Records Processed 5350
12:51:03.640 - Current Subscribers: 
bid     | ((9i;`);(10i;`))
quote   | ((9i;`);(10i;`))
statsTab| ,(8i;`)

12:51:04.640 - Records Processed 5350
12:51:04.641 - Current Subscribers: 
bid     | ((9i;`);(10i;`))
quote   | ((9i;`);(10i;`))
statsTab| ,(8i;`)

12:51:05.640 - Records Processed 5350
12:51:05.640 - Current Subscribers: 
bid     | ((9i;`);(10i;`))
quote   | ((9i;`);(10i;`))
statsTab| ,(8i;`)

12:51:06.640 - Records Processed 5350
12:51:06.641 - Current Subscribers: 
bid     | ((9i;`);(10i;`))
quote   | ((9i;`);(10i;`))
statsTab| ,(8i;`)

12:51:07.640 - Records Processed 5350
12:51:07.641 - Current Subscribers: 
bid     | ((9i;`);(10i;`))
quote   | ((9i;`);(10i;`))
statsTab| ,(8i;`)

12:51:08.640 - Records Processed 5350
12:51:08.640 - Current Subscribers: 
bid     | ((9i;`);(10i;`))
quote   | ((9i;`);(10i;`))
statsTab| ,(8i;`)

12:51:09.640 - Records Processed 5350
12:51:09.640 - Current Subscribers: 
bid     | ((9i;`);(10i;`))
quote   | ((9i;`);(10i;`))
statsTab| ,(8i;`)

12:51:10.640 - Records Processed 5350
12:51:10.641 - Current Subscribers: 
bid     | ((9i;`);(10i;`))
quote   | ((9i;`);(10i;`))
statsTab| ,(8i;`)

12:51:11.640 - Records Processed 5350
12:51:11.640 - Current Subscribers: 
bid     | ((9i;`);(10i;`))
quote   | ((9i;`);(10i;`))
statsTab| ,(8i;`)

12:51:12.640 - Records Processed 5350
12:51:12.640 - Current Subscribers: 
bid     | ((9i;`);(10i;`))
quote   | ((9i;`);(10i;`))
statsTab| ,(8i;`)

12:51:13.640 - Records Processed 5350
12:51:13.641 - Current Subscribers: 
bid     | ((9i;`);(10i;`))
quote   | ((9i;`);(10i;`))
statsTab| ,(8i;`)

12:51:14.640 - Records Processed 5350
12:51:14.640 - Current Subscribers: 
bid     | ((9i;`);(10i;`))
quote   | ((9i;`);(10i;`))
statsTab| ,(8i;`)

12:51:15.640 - Records Processed 5350
12:51:15.640 - Current Subscribers: 
bid     | ((9i;`);(10i;`))
quote   | ((9i;`);(10i;`))
statsTab| ,(8i;`)

12:51:16.639 - Records Processed 5350
12:51:16.640 - Current Subscribers: 
bid     | ((9i;`);(10i;`))
quote   | ((9i;`);(10i;`))
statsTab| ,(8i;`)

12:51:17.640 - Records Processed 5350
12:51:17.640 - Current Subscribers: 
bid     | ((9i;`);(10i;`))
quote   | ((9i;`);(10i;`))
statsTab| ,(8i;`)

12:51:18.641 - Records Processed 5350
12:51:18.641 - Current Subscribers: 
bid     | ((9i;`);(10i;`))
quote   | ((9i;`);(10i;`))
statsTab| ,(8i;`)

12:51:19.640 - Records Processed 5350
12:51:19.640 - Current Subscribers: 
bid     | ((9i;`);(10i;`))
quote   | ((9i;`);(10i;`))
statsTab| ,(8i;`)

12:51:20.640 - Records Processed 5350
12:51:20.640 - Current Subscribers: 
bid     | ((9i;`);(10i;`))
quote   | ((9i;`);(10i;`))
statsTab| ,(8i;`)

12:51:21.640 - Records Processed 5350
12:51:21.640 - Current Subscribers: 
bid     | ((9i;`);(10i;`))
quote   | ((9i;`);(10i;`))
statsTab| ,(8i;`)

12:51:22.640 - Records Processed 5350
12:51:22.640 - Current Subscribers: 
bid     | ((9i;`);(10i;`))
quote   | ((9i;`);(10i;`))
statsTab| ,(8i;`)

12:51:23.640 - Records Processed 5350
12:51:23.640 - Current Subscribers: 
bid     | ((9i;`);(10i;`))
quote   | ((9i;`);(10i;`))
statsTab| ,(8i;`)

12:51:24.640 - Records Processed 5350
12:51:24.640 - Current Subscribers: 
bid     | ((9i;`);(10i;`))
quote   | ((9i;`);(10i;`))
statsTab| ,(8i;`)

12:51:25.640 - Records Processed 5350
12:51:25.640 - Current Subscribers: 
bid     | ((9i;`);(10i;`))
quote   | ((9i;`);(10i;`))
statsTab| ,(8i;`)

12:51:26.640 - Records Processed 5350
12:51:26.640 - Current Subscribers: 
bid     | ((9i;`);(10i;`))
quote   | ((9i;`);(10i;`))
statsTab| ,(8i;`)

12:51:27.640 - Records Processed 5350
12:51:27.640 - Current Subscribers: 
bid     | ((9i;`);(10i;`))
quote   | ((9i;`);(10i;`))
statsTab| ,(8i;`)

12:51:28.640 - Records Processed 5350
12:51:28.640 - Current Subscribers: 
bid     | ((9i;`);(10i;`))
quote   | ((9i;`);(10i;`))
statsTab| ,(8i;`)

12:51:29.641 - Records Processed 5350
12:51:29.641 - Current Subscribers: 
bid     | ((9i;`);(10i;`))
quote   | ((9i;`);(10i;`))
statsTab| ,(8i;`)

12:51:30.640 - Records Processed 5350
12:51:30.640 - Current Subscribers: 
bid     | ((9i;`);(10i;`))
quote   | ((9i;`);(10i;`))
statsTab| ,(8i;`)

12:51:31.640 - Records Processed 5350
12:51:31.640 - Current Subscribers: 
bid     | ((9i;`);(10i;`))
quote   | ((9i;`);(10i;`))
statsTab| ,(8i;`)

12:51:32.639 - Records Processed 5350
12:51:32.639 - Current Subscribers: 
bid     | ((9i;`);(10i;`))
quote   | ((9i;`);(10i;`))
statsTab| ,(8i;`)

12:51:33.639 - Records Processed 5350
12:51:33.640 - Current Subscribers: 
bid     | ((9i;`);(10i;`))
quote   | ((9i;`);(10i;`))
statsTab| ,(8i;`)

12:51:34.640 - Records Processed 5350
12:51:34.640 - Current Subscribers: 
bid     | ((9i;`);(10i;`))
quote   | ((9i;`);(10i;`))
statsTab| ,(8i;`)

12:51:35.640 - Records Processed 5350
12:51:35.640 - Current Subscribers: 
bid     | ((9i;`);(10i;`))
quote   | ((9i;`);(10i;`))
statsTab| ,(8i;`)

12:51:36.640 - Records Processed 5350
12:51:36.640 - Current Subscribers: 
bid     | ((9i;`);(10i;`))
quote   | ((9i;`);(10i;`))
statsTab| ,(8i;`)

12:51:37.640 - Records Processed 5350
12:51:37.640 - Current Subscribers: 
bid     | ((9i;`);(10i;`))
quote   | ((9i;`);(10i;`))
statsTab| ,(8i;`)

12:51:38.640 - Records Processed 5350
12:51:38.640 - Current Subscribers: 
bid     | ((9i;`);(10i;`))
quote   | ((9i;`);(10i;`))
statsTab| ,(8i;`)

12:51:39.640 - Records Processed 5350
12:51:39.640 - Current Subscribers: 
bid     | ((9i;`);(10i;`))
quote   | ((9i;`);(10i;`))
statsTab| ,(8i;`)

12:51:40.640 - Records Processed 5350
12:51:40.640 - Current Subscribers: 
bid     | ((9i;`);(10i;`))
quote   | ((9i;`);(10i;`))
statsTab| ,(8i;`)

12:51:41.641 - Records Processed 5350
12:51:41.641 - Current Subscribers: 
bid     | ((9i;`);(10i;`))
quote   | ((9i;`);(10i;`))
statsTab| ,(8i;`)

12:51:42.640 - Records Processed 5350
12:51:42.640 - Current Subscribers: 
bid     | ((9i;`);(10i;`))
quote   | ((9i;`);(10i;`))
statsTab| ,(8i;`)

12:51:43.640 - Records Processed 5350
12:51:43.640 - Current Subscribers: 
bid     | ((9i;`);(10i;`))
quote   | ((9i;`);(10i;`))
statsTab| ,(8i;`)

12:51:44.640 - Records Processed 5350
12:51:44.640 - Current Subscribers: 
bid     | ((9i;`);(10i;`))
quote   | ((9i;`);(10i;`))
statsTab| ,(8i;`)

12:51:45.640 - Records Processed 5350
12:51:45.640 - Current Subscribers: 
bid     | ((9i;`);(10i;`))
quote   | ((9i;`);(10i;`))
statsTab| ,(8i;`)

12:51:46.640 - Records Processed 5350
12:51:46.641 - Current Subscribers: 
bid     | ((9i;`);(10i;`))
quote   | ((9i;`);(10i;`))
statsTab| ,(8i;`)

12:51:47.641 - Records Processed 5350
12:51:47.641 - Current Subscribers: 
bid     | ((9i;`);(10i;`))
quote   | ((9i;`);(10i;`))
statsTab| ,(8i;`)

12:51:48.640 - Records Processed 5350
12:51:48.640 - Current Subscribers: 
bid     | ((9i;`);(10i;`))
quote   | ((9i;`);(10i;`))
statsTab| ,(8i;`)

12:51:49.640 - Records Processed 5350
12:51:49.641 - Current Subscribers: 
bid     | ((9i;`);(10i;`))
quote   | ((9i;`);(10i;`))
statsTab| ,(8i;`)

12:51:50.641 - Records Processed 5350
12:51:50.642 - Current Subscribers: 
bid     | ((9i;`);(10i;`))
quote   | ((9i;`);(10i;`))
statsTab| ,(8i;`)

12:51:51.640 - Records Processed 5350
12:51:51.640 - Current Subscribers: 
bid     | ((9i;`);(10i;`))
quote   | ((9i;`);(10i;`))
statsTab| ,(8i;`)

12:51:52.640 - Records Processed 5350
12:51:52.640 - Current Subscribers: 
bid     | ((9i;`);(10i;`))
quote   | ((9i;`);(10i;`))
statsTab| ,(8i;`)

12:51:53.640 - Records Processed 5350
12:51:53.640 - Current Subscribers: 
bid     | ((9i;`);(10i;`))
quote   | ((9i;`);(10i;`))
statsTab| ,(8i;`)

12:51:54.640 - Records Processed 5350
12:51:54.640 - Current Subscribers: 
bid     | ((9i;`);(10i;`))
quote   | ((9i;`);(10i;`))
statsTab| ,(8i;`)

12:51:55.641 - Records Processed 5350
12:51:55.642 - Current Subscribers: 
bid     | ((9i;`);(10i;`))
quote   | ((9i;`);(10i;`))
statsTab| ,(8i;`)

12:51:56.641 - Records Processed 5350
12:51:56.641 - Current Subscribers: 
bid     | ((9i;`);(10i;`))
quote   | ((9i;`);(10i;`))
statsTab| ,(8i;`)

12:51:57.640 - Records Processed 5350
12:51:57.640 - Current Subscribers: 
bid     | ((9i;`);(10i;`))
quote   | ((9i;`);(10i;`))
statsTab| ,(8i;`)

12:51:58.640 - Records Processed 5350
12:51:58.641 - Current Subscribers: 
bid     | ((9i;`);(10i;`))
quote   | ((9i;`);(10i;`))
statsTab| ,(8i;`)

12:51:59.641 - Records Processed 5350
12:51:59.641 - Current Subscribers: 
bid     | ((9i;`);(10i;`))
quote   | ((9i;`);(10i;`))
statsTab| ,(8i;`)

12:52:00.640 - Records Processed 5350
12:52:00.640 - Current Subscribers: 
bid     | ((9i;`);(10i;`))
quote   | ((9i;`);(10i;`))
statsTab| ,(8i;`)

12:52:01.639 - Records Processed 5350
12:52:01.640 - Current Subscribers: 
bid     | ((9i;`);(10i;`))
quote   | ((9i;`);(10i;`))
statsTab| ,(8i;`)

12:52:02.640 - Records Processed 5350
12:52:02.641 - Current Subscribers: 
bid     | ((9i;`);(10i;`))
quote   | ((9i;`);(10i;`))
statsTab| ,(8i;`)

12:52:03.639 - Records Processed 5350
12:52:03.639 - Current Subscribers: 
bid     | ((9i;`);(10i;`))
quote   | ((9i;`);(10i;`))
statsTab| ,(8i;`)

12:52:04.640 - Records Processed 5350
12:52:04.641 - Current Subscribers: 
bid     | ((9i;`);(10i;`))
quote   | ((9i;`);(10i;`))
statsTab| ,(8i;`)

12:52:05.640 - Records Processed 5350
12:52:05.640 - Current Subscribers: 
bid     | ((9i;`);(10i;`))
quote   | ((9i;`);(10i;`))
statsTab| ,(8i;`)

12:52:06.640 - Records Processed 5350
12:52:06.641 - Current Subscribers: 
bid     | ((9i;`);(10i;`))
quote   | ((9i;`);(10i;`))
statsTab| ,(8i;`)

12:52:07.640 - Records Processed 5350
12:52:07.640 - Current Subscribers: 
bid     | ((9i;`);(10i;`))
quote   | ((9i;`);(10i;`))
statsTab| ,(8i;`)

12:52:08.641 - Records Processed 5350
12:52:08.641 - Current Subscribers: 
bid     | ((9i;`);(10i;`))
quote   | ((9i;`);(10i;`))
statsTab| ,(8i;`)

12:52:09.641 - Records Processed 5350
12:52:09.641 - Current Subscribers: 
bid     | ((9i;`);(10i;`))
quote   | ((9i;`);(10i;`))
statsTab| ,(8i;`)

12:52:10.640 - Records Processed 5350
12:52:10.640 - Current Subscribers: 
bid     | ((9i;`);(10i;`))
quote   | ((9i;`);(10i;`))
statsTab| ,(8i;`)

12:52:11.641 - Records Processed 5350
12:52:11.641 - Current Subscribers: 
bid     | ((9i;`);(10i;`))
quote   | ((9i;`);(10i;`))
statsTab| ,(8i;`)

12:52:12.641 - Records Processed 5350
12:52:12.641 - Current Subscribers: 
bid     | ((9i;`);(10i;`))
quote   | ((9i;`);(10i;`))
statsTab| ,(8i;`)

12:52:13.641 - Records Processed 5350
12:52:13.641 - Current Subscribers: 
bid     | ((9i;`);(10i;`))
quote   | ((9i;`);(10i;`))
statsTab| ,(8i;`)

12:52:14.641 - Records Processed 5350
12:52:14.641 - Current Subscribers: 
bid     | ((9i;`);(10i;`))
quote   | ((9i;`);(10i;`))
statsTab| ,(8i;`)

12:52:15.640 - Records Processed 5350
12:52:15.641 - Current Subscribers: 
bid     | ((9i;`);(10i;`))
quote   | ((9i;`);(10i;`))
statsTab| ,(8i;`)

12:52:16.640 - Records Processed 5350
12:52:16.641 - Current Subscribers: 
bid     | ((9i;`);(10i;`))
quote   | ((9i;`);(10i;`))
statsTab| ,(8i;`)

12:52:17.640 - Records Processed 5350
12:52:17.640 - Current Subscribers: 
bid     | ((9i;`);(10i;`))
quote   | ((9i;`);(10i;`))
statsTab| ,(8i;`)

12:52:18.641 - Records Processed 5350
12:52:18.641 - Current Subscribers: 
bid     | ((9i;`);(10i;`))
quote   | ((9i;`);(10i;`))
statsTab| ,(8i;`)

12:52:19.640 - Records Processed 5350
12:52:19.640 - Current Subscribers: 
bid     | ((9i;`);(10i;`))
quote   | ((9i;`);(10i;`))
statsTab| ,(8i;`)

12:52:20.640 - Records Processed 5350
12:52:20.640 - Current Subscribers: 
bid     | ((9i;`);(10i;`))
quote   | ((9i;`);(10i;`))
statsTab| ,(8i;`)

12:52:21.640 - Records Processed 5350
12:52:21.640 - Current Subscribers: 
bid     | ((9i;`);(10i;`))
quote   | ((9i;`);(10i;`))
statsTab| ,(8i;`)

12:52:22.640 - Records Processed 5350
12:52:22.640 - Current Subscribers: 
bid     | ((9i;`);(10i;`))
quote   | ((9i;`);(10i;`))
statsTab| ,(8i;`)

12:52:23.640 - Records Processed 5350
12:52:23.640 - Current Subscribers: 
bid     | ((9i;`);(10i;`))
quote   | ((9i;`);(10i;`))
statsTab| ,(8i;`)

12:52:24.639 - Records Processed 5350
12:52:24.640 - Current Subscribers: 
bid     | ((9i;`);(10i;`))
quote   | ((9i;`);(10i;`))
statsTab| ,(8i;`)

12:52:25.641 - Records Processed 5350
12:52:25.641 - Current Subscribers: 
bid     | ((9i;`);(10i;`))
quote   | ((9i;`);(10i;`))
statsTab| ,(8i;`)

12:52:26.640 - Records Processed 5350
12:52:26.640 - Current Subscribers: 
bid     | ((9i;`);(10i;`))
quote   | ((9i;`);(10i;`))
statsTab| ,(8i;`)

12:52:27.640 - Records Processed 5350
12:52:27.640 - Current Subscribers: 
bid     | ((9i;`);(10i;`))
quote   | ((9i;`);(10i;`))
statsTab| ,(8i;`)

12:52:28.641 - Records Processed 5350
12:52:28.641 - Current Subscribers: 
bid     | ((9i;`);(10i;`))
quote   | ((9i;`);(10i;`))
statsTab| ,(8i;`)

12:52:29.640 - Records Processed 5350
12:52:29.640 - Current Subscribers: 
bid     | ((9i;`);(10i;`))
quote   | ((9i;`);(10i;`))
statsTab| ,(8i;`)

12:52:30.641 - Records Processed 5350
12:52:30.641 - Current Subscribers: 
bid     | ((9i;`);(10i;`))
quote   | ((9i;`);(10i;`))
statsTab| ,(8i;`)

12:52:31.640 - Records Processed 5350
12:52:31.640 - Current Subscribers: 
bid     | ((9i;`);(10i;`))
quote   | ((9i;`);(10i;`))
statsTab| ,(8i;`)

12:52:32.641 - Records Processed 5350
12:52:32.641 - Current Subscribers: 
bid     | ((9i;`);(10i;`))
quote   | ((9i;`);(10i;`))
statsTab| ,(8i;`)

12:52:33.639 - Records Processed 5350
12:52:33.639 - Current Subscribers: 
bid     | ((9i;`);(10i;`))
quote   | ((9i;`);(10i;`))
statsTab| ,(8i;`)

12:52:34.640 - Records Processed 5350
12:52:34.641 - Current Subscribers: 
bid     | ((9i;`);(10i;`))
quote   | ((9i;`);(10i;`))
statsTab| ,(8i;`)

12:52:35.641 - Records Processed 5350
12:52:35.641 - Current Subscribers: 
bid     | ((9i;`);(10i;`))
quote   | ((9i;`);(10i;`))
statsTab| ,(8i;`)

12:52:36.641 - Records Processed 5350
12:52:36.641 - Current Subscribers: 
bid     | ((9i;`);(10i;`))
quote   | ((9i;`);(10i;`))
statsTab| ,(8i;`)

12:52:37.639 - Records Processed 5350
12:52:37.640 - Current Subscribers: 
bid     | ((9i;`);(10i;`))
quote   | ((9i;`);(10i;`))
statsTab| ,(8i;`)

12:52:38.640 - Records Processed 5350
12:52:38.640 - Current Subscribers: 
bid     | ((9i;`);(10i;`))
quote   | ((9i;`);(10i;`))
statsTab| ,(8i;`)

12:52:39.640 - Records Processed 5350
12:52:39.640 - Current Subscribers: 
bid     | ((9i;`);(10i;`))
quote   | ((9i;`);(10i;`))
statsTab| ,(8i;`)

12:52:40.639 - Records Processed 5350
12:52:40.639 - Current Subscribers: 
bid     | ((9i;`);(10i;`))
quote   | ((9i;`);(10i;`))
statsTab| ,(8i;`)

12:52:41.640 - Records Processed 5350
12:52:41.640 - Current Subscribers: 
bid     | ((9i;`);(10i;`))
quote   | ((9i;`);(10i;`))
statsTab| ,(8i;`)

12:52:42.641 - Records Processed 5350
12:52:42.641 - Current Subscribers: 
bid     | ((9i;`);(10i;`))
quote   | ((9i;`);(10i;`))
statsTab| ,(8i;`)

12:52:43.640 - Records Processed 5350
12:52:43.641 - Current Subscribers: 
bid     | ((9i;`);(10i;`))
quote   | ((9i;`);(10i;`))
statsTab| ,(8i;`)

12:52:44.641 - Records Processed 5350
12:52:44.641 - Current Subscribers: 
bid     | ((9i;`);(10i;`))
quote   | ((9i;`);(10i;`))
statsTab| ,(8i;`)

12:52:45.641 - Records Processed 5350
12:52:45.641 - Current Subscribers: 
bid     | ((9i;`);(10i;`))
quote   | ((9i;`);(10i;`))
statsTab| ,(8i;`)

12:52:46.640 - Records Processed 5350
12:52:46.640 - Current Subscribers: 
bid     | ((9i;`);(10i;`))
quote   | ((9i;`);(10i;`))
statsTab| ,(8i;`)

12:52:47.640 - Records Processed 5350
12:52:47.640 - Current Subscribers: 
bid     | ((9i;`);(10i;`))
quote   | ((9i;`);(10i;`))
statsTab| ,(8i;`)

12:52:48.639 - Records Processed 5350
12:52:48.639 - Current Subscribers: 
bid     | ((9i;`);(10i;`))
quote   | ((9i;`);(10i;`))
statsTab| ,(8i;`)

12:52:49.640 - Records Processed 5350
12:52:49.641 - Current Subscribers: 
bid     | ((9i;`);(10i;`))
quote   | ((9i;`);(10i;`))
statsTab| ,(8i;`)

12:52:50.641 - Records Processed 5350
12:52:50.641 - Current Subscribers: 
bid     | ((9i;`);(10i;`))
quote   | ((9i;`);(10i;`))
statsTab| ,(8i;`)

12:52:51.640 - Records Processed 5350
12:52:51.641 - Current Subscribers: 
bid     | ((9i;`);(10i;`))
quote   | ((9i;`);(10i;`))
statsTab| ,(8i;`)

12:52:52.639 - Records Processed 5350
12:52:52.639 - Current Subscribers: 
bid     | ((9i;`);(10i;`))
quote   | ((9i;`);(10i;`))
statsTab| ,(8i;`)

12:52:53.640 - Records Processed 5350
12:52:53.641 - Current Subscribers: 
bid     | ((9i;`);(10i;`))
quote   | ((9i;`);(10i;`))
statsTab| ,(8i;`)

12:52:54.640 - Records Processed 5350
12:52:54.640 - Current Subscribers: 
bid     | ((9i;`);(10i;`))
quote   | ((9i;`);(10i;`))
statsTab| ,(8i;`)

12:52:55.640 - Records Processed 5350
12:52:55.640 - Current Subscribers: 
bid     | ((9i;`);(10i;`))
quote   | ((9i;`);(10i;`))
statsTab| ,(8i;`)

12:52:56.640 - Records Processed 5350
12:52:56.640 - Current Subscribers: 
bid     | ((9i;`);(10i;`))
quote   | ((9i;`);(10i;`))
statsTab| ,(8i;`)

12:52:57.640 - Records Processed 5350
12:52:57.640 - Current Subscribers: 
bid     | ((9i;`);(10i;`))
quote   | ((9i;`);(10i;`))
statsTab| ,(8i;`)

12:52:58.641 - Records Processed 5350
12:52:58.641 - Current Subscribers: 
bid     | ((9i;`);(10i;`))
quote   | ((9i;`);(10i;`))
statsTab| ,(8i;`)

12:52:59.640 - Records Processed 5350
12:52:59.640 - Current Subscribers: 
bid     | ((9i;`);(10i;`))
quote   | ((9i;`);(10i;`))
statsTab| ,(8i;`)

12:53:00.642 - Records Processed 5350
12:53:00.642 - Current Subscribers: 
bid     | ((9i;`);(10i;`))
quote   | ((9i;`);(10i;`))
statsTab| ,(8i;`)

12:53:01.640 - Records Processed 5350
12:53:01.640 - Current Subscribers: 
bid     | ((9i;`);(10i;`))
quote   | ((9i;`);(10i;`))
statsTab| ,(8i;`)

12:53:02.640 - Records Processed 5350
12:53:02.641 - Current Subscribers: 
bid     | ((9i;`);(10i;`))
quote   | ((9i;`);(10i;`))
statsTab| ,(8i;`)

12:53:03.640 - Records Processed 5350
12:53:03.640 - Current Subscribers: 
bid     | ((9i;`);(10i;`))
quote   | ((9i;`);(10i;`))
statsTab| ,(8i;`)

12:53:04.639 - Records Processed 5350
12:53:04.640 - Current Subscribers: 
bid     | ((9i;`);(10i;`))
quote   | ((9i;`);(10i;`))
statsTab| ,(8i;`)

12:53:05.641 - Records Processed 5350
12:53:05.641 - Current Subscribers: 
bid     | ((9i;`);(10i;`))
quote   | ((9i;`);(10i;`))
statsTab| ,(8i;`)

12:53:06.640 - Records Processed 5350
12:53:06.640 - Current Subscribers: 
bid     | ((9i;`);(10i;`))
quote   | ((9i;`);(10i;`))
statsTab| ,(8i;`)

12:53:07.641 - Records Processed 5350
12:53:07.641 - Current Subscribers: 
bid     | ((9i;`);(10i;`))
quote   | ((9i;`);(10i;`))
statsTab| ,(8i;`)

12:53:08.640 - Records Processed 5350
12:53:08.641 - Current Subscribers: 
bid     | ((9i;`);(10i;`))
quote   | ((9i;`);(10i;`))
statsTab| ,(8i;`)

12:53:09.641 - Records Processed 5350
12:53:09.641 - Current Subscribers: 
bid     | ((9i;`);(10i;`))
quote   | ((9i;`);(10i;`))
statsTab| ,(8i;`)

12:53:10.641 - Records Processed 5350
12:53:10.641 - Current Subscribers: 
bid     | ((9i;`);(10i;`))
quote   | ((9i;`);(10i;`))
statsTab| ,(8i;`)

12:53:11.641 - Records Processed 5350
12:53:11.641 - Current Subscribers: 
bid     | ((9i;`);(10i;`))
quote   | ((9i;`);(10i;`))
statsTab| ,(8i;`)

12:53:12.639 - Records Processed 5350
12:53:12.639 - Current Subscribers: 
bid     | ((9i;`);(10i;`))
quote   | ((9i;`);(10i;`))
statsTab| ,(8i;`)

12:53:13.640 - Records Processed 5350
12:53:13.640 - Current Subscribers: 
bid     | ((9i;`);(10i;`))
quote   | ((9i;`);(10i;`))
statsTab| ,(8i;`)

12:53:14.640 - Records Processed 5350
12:53:14.641 - Current Subscribers: 
bid     | ((9i;`);(10i;`))
quote   | ((9i;`);(10i;`))
statsTab| ,(8i;`)

12:53:15.640 - Records Processed 5350
12:53:15.640 - Current Subscribers: 
bid     | ((9i;`);(10i;`))
quote   | ((9i;`);(10i;`))
statsTab| ,(8i;`)

12:53:16.640 - Records Processed 5350
12:53:16.640 - Current Subscribers: 
bid     | ((9i;`);(10i;`))
quote   | ((9i;`);(10i;`))
statsTab| ,(8i;`)

12:53:17.641 - Records Processed 5350
12:53:17.641 - Current Subscribers: 
bid     | ((9i;`);(10i;`))
quote   | ((9i;`);(10i;`))
statsTab| ,(8i;`)

12:53:18.640 - Records Processed 5350
12:53:18.640 - Current Subscribers: 
bid     | ((9i;`);(10i;`))
quote   | ((9i;`);(10i;`))
statsTab| ,(8i;`)

12:53:19.640 - Records Processed 5350
12:53:19.640 - Current Subscribers: 
bid     | ((9i;`);(10i;`))
quote   | ((9i;`);(10i;`))
statsTab| ,(8i;`)

12:53:20.640 - Records Processed 5350
12:53:20.640 - Current Subscribers: 
bid     | ((9i;`);(10i;`))
quote   | ((9i;`);(10i;`))
statsTab| ,(8i;`)

12:53:21.639 - Records Processed 5350
12:53:21.640 - Current Subscribers: 
bid     | ((9i;`);(10i;`))
quote   | ((9i;`);(10i;`))
statsTab| ,(8i;`)

12:53:22.640 - Records Processed 5350
12:53:22.640 - Current Subscribers: 
bid     | ((9i;`);(10i;`))
quote   | ((9i;`);(10i;`))
statsTab| ,(8i;`)

12:53:23.640 - Records Processed 5350
12:53:23.640 - Current Subscribers: 
bid     | ((9i;`);(10i;`))
quote   | ((9i;`);(10i;`))
statsTab| ,(8i;`)

12:53:24.640 - Records Processed 5350
12:53:24.640 - Current Subscribers: 
bid     | ((9i;`);(10i;`))
quote   | ((9i;`);(10i;`))
statsTab| ,(8i;`)

12:53:25.640 - Records Processed 5350
12:53:25.641 - Current Subscribers: 
bid     | ((9i;`);(10i;`))
quote   | ((9i;`);(10i;`))
statsTab| ,(8i;`)

12:53:26.640 - Records Processed 5350
12:53:26.640 - Current Subscribers: 
bid     | ((9i;`);(10i;`))
quote   | ((9i;`);(10i;`))
statsTab| ,(8i;`)

12:53:27.640 - Records Processed 5350
12:53:27.641 - Current Subscribers: 
bid     | ((9i;`);(10i;`))
quote   | ((9i;`);(10i;`))
statsTab| ,(8i;`)

12:53:28.641 - Records Processed 5350
12:53:28.641 - Current Subscribers: 
bid     | ((9i;`);(10i;`))
quote   | ((9i;`);(10i;`))
statsTab| ,(8i;`)

12:53:29.640 - Records Processed 5350
12:53:29.641 - Current Subscribers: 
bid     | ((9i;`);(10i;`))
quote   | ((9i;`);(10i;`))
statsTab| ,(8i;`)

12:53:30.640 - Records Processed 5350
12:53:30.640 - Current Subscribers: 
bid     | ((9i;`);(10i;`))
quote   | ((9i;`);(10i;`))
statsTab| ,(8i;`)

12:53:31.640 - Records Processed 5350
12:53:31.640 - Current Subscribers: 
bid     | ((9i;`);(10i;`))
quote   | ((9i;`);(10i;`))
statsTab| ,(8i;`)

12:53:32.640 - Records Processed 5350
12:53:32.640 - Current Subscribers: 
bid     | ((9i;`);(10i;`))
quote   | ((9i;`);(10i;`))
statsTab| ,(8i;`)

12:53:33.639 - Records Processed 5350
12:53:33.639 - Current Subscribers: 
bid     | ((9i;`);(10i;`))
quote   | ((9i;`);(10i;`))
statsTab| ,(8i;`)

12:53:34.640 - Records Processed 5350
12:53:34.640 - Current Subscribers: 
bid     | ((9i;`);(10i;`))
quote   | ((9i;`);(10i;`))
statsTab| ,(8i;`)

12:53:35.644 - Records Processed 5350
12:53:35.644 - Current Subscribers: 
bid     | ((9i;`);(10i;`))
quote   | ((9i;`);(10i;`))
statsTab| ,(8i;`)

12:53:36.640 - Records Processed 5350
12:53:36.640 - Current Subscribers: 
bid     | ((9i;`);(10i;`))
quote   | ((9i;`);(10i;`))
statsTab| ,(8i;`)

12:53:37.640 - Records Processed 5350
12:53:37.640 - Current Subscribers: 
bid     | ((9i;`);(10i;`))
quote   | ((9i;`);(10i;`))
statsTab| ,(8i;`)

12:53:38.640 - Records Processed 5350
12:53:38.640 - Current Subscribers: 
bid     | ((9i;`);(10i;`))
quote   | ((9i;`);(10i;`))
statsTab| ,(8i;`)

12:53:39.640 - Records Processed 5350
12:53:39.640 - Current Subscribers: 
bid     | ((9i;`);(10i;`))
quote   | ((9i;`);(10i;`))
statsTab| ,(8i;`)

12:53:40.639 - Records Processed 5350
12:53:40.639 - Current Subscribers: 
bid     | ((9i;`);(10i;`))
quote   | ((9i;`);(10i;`))
statsTab| ,(8i;`)

12:53:41.641 - Records Processed 5350
12:53:41.641 - Current Subscribers: 
bid     | ((9i;`);(10i;`))
quote   | ((9i;`);(10i;`))
statsTab| ,(8i;`)

12:53:42.639 - Records Processed 5350
12:53:42.640 - Current Subscribers: 
bid     | ((9i;`);(10i;`))
quote   | ((9i;`);(10i;`))
statsTab| ,(8i;`)

12:53:43.640 - Records Processed 5350
12:53:43.640 - Current Subscribers: 
bid     | ((9i;`);(10i;`))
quote   | ((9i;`);(10i;`))
statsTab| ,(8i;`)

12:53:44.641 - Records Processed 5350
12:53:44.641 - Current Subscribers: 
bid     | ((9i;`);(10i;`))
quote   | ((9i;`);(10i;`))
statsTab| ,(8i;`)

12:53:45.640 - Records Processed 5350
12:53:45.641 - Current Subscribers: 
bid     | ((9i;`);(10i;`))
quote   | ((9i;`);(10i;`))
statsTab| ,(8i;`)

12:53:46.640 - Records Processed 5350
12:53:46.640 - Current Subscribers: 
bid     | ((9i;`);(10i;`))
quote   | ((9i;`);(10i;`))
statsTab| ,(8i;`)

12:53:47.640 - Records Processed 5350
12:53:47.640 - Current Subscribers: 
bid     | ((9i;`);(10i;`))
quote   | ((9i;`);(10i;`))
statsTab| ,(8i;`)

12:53:48.640 - Records Processed 5350
12:53:48.640 - Current Subscribers: 
bid     | ((9i;`);(10i;`))
quote   | ((9i;`);(10i;`))
statsTab| ,(8i;`)

12:53:49.640 - Records Processed 5350
12:53:49.641 - Current Subscribers: 
bid     | ((9i;`);(10i;`))
quote   | ((9i;`);(10i;`))
statsTab| ,(8i;`)

12:53:50.640 - Records Processed 5350
12:53:50.640 - Current Subscribers: 
bid     | ((9i;`);(10i;`))
quote   | ((9i;`);(10i;`))
statsTab| ,(8i;`)

12:53:51.641 - Records Processed 5350
12:53:51.641 - Current Subscribers: 
bid     | ((9i;`);(10i;`))
quote   | ((9i;`);(10i;`))
statsTab| ,(8i;`)

12:53:52.641 - Records Processed 5350
12:53:52.642 - Current Subscribers: 
bid     | ((9i;`);(10i;`))
quote   | ((9i;`);(10i;`))
statsTab| ,(8i;`)

12:53:53.640 - Records Processed 5350
12:53:53.641 - Current Subscribers: 
bid     | ((9i;`);(10i;`))
quote   | ((9i;`);(10i;`))
statsTab| ,(8i;`)

12:53:54.641 - Records Processed 5350
12:53:54.641 - Current Subscribers: 
bid     | ((9i;`);(10i;`))
quote   | ((9i;`);(10i;`))
statsTab| ,(8i;`)

12:53:55.640 - Records Processed 5350
12:53:55.640 - Current Subscribers: 
bid     | ((9i;`);(10i;`))
quote   | ((9i;`);(10i;`))
statsTab| ,(8i;`)

12:53:56.640 - Records Processed 5350
12:53:56.642 - Current Subscribers: 
bid     | ((9i;`);(10i;`))
quote   | ((9i;`);(10i;`))
statsTab| ,(8i;`)

12:53:57.641 - Records Processed 5350
12:53:57.641 - Current Subscribers: 
bid     | ((9i;`);(10i;`))
quote   | ((9i;`);(10i;`))
statsTab| ,(8i;`)

12:53:58.640 - Records Processed 5350
12:53:58.641 - Current Subscribers: 
bid     | ((9i;`);(10i;`))
quote   | ((9i;`);(10i;`))
statsTab| ,(8i;`)

12:53:59.641 - Records Processed 5350
12:53:59.641 - Current Subscribers: 
bid     | ((9i;`);(10i;`))
quote   | ((9i;`);(10i;`))
statsTab| ,(8i;`)

12:54:00.641 - Records Processed 5350
12:54:00.641 - Current Subscribers: 
bid     | ((9i;`);(10i;`))
quote   | ((9i;`);(10i;`))
statsTab| ,(8i;`)

12:54:01.641 - Records Processed 5350
12:54:01.641 - Current Subscribers: 
bid     | ((9i;`);(10i;`))
quote   | ((9i;`);(10i;`))
statsTab| ,(8i;`)

12:54:02.643 - Records Processed 5350
12:54:02.643 - Current Subscribers: 
bid     | ((9i;`);(10i;`))
quote   | ((9i;`);(10i;`))
statsTab| ,(8i;`)

12:54:03.640 - Records Processed 5350
12:54:03.640 - Current Subscribers: 
bid     | ((9i;`);(10i;`))
quote   | ((9i;`);(10i;`))
statsTab| ,(8i;`)

12:54:04.640 - Records Processed 5350
12:54:04.641 - Current Subscribers: 
bid     | ((9i;`);(10i;`))
quote   | ((9i;`);(10i;`))
statsTab| ,(8i;`)

12:54:05.639 - Records Processed 5350
12:54:05.639 - Current Subscribers: 
bid     | ((9i;`);(10i;`))
quote   | ((9i;`);(10i;`))
statsTab| ,(8i;`)

12:54:06.640 - Records Processed 5350
12:54:06.640 - Current Subscribers: 
bid     | ((9i;`);(10i;`))
quote   | ((9i;`);(10i;`))
statsTab| ,(8i;`)

12:54:07.639 - Records Processed 5350
12:54:07.639 - Current Subscribers: 
bid     | ((9i;`);(10i;`))
quote   | ((9i;`);(10i;`))
statsTab| ,(8i;`)

12:54:08.640 - Records Processed 5350
12:54:08.641 - Current Subscribers: 
bid     | ((9i;`);(10i;`))
quote   | ((9i;`);(10i;`))
statsTab| ,(8i;`)

12:54:09.640 - Records Processed 5350
12:54:09.640 - Current Subscribers: 
bid     | ((9i;`);(10i;`))
quote   | ((9i;`);(10i;`))
statsTab| ,(8i;`)

12:54:10.640 - Records Processed 5350
12:54:10.640 - Current Subscribers: 
bid     | ((9i;`);(10i;`))
quote   | ((9i;`);(10i;`))
statsTab| ,(8i;`)

12:54:11.640 - Records Processed 5350
12:54:11.641 - Current Subscribers: 
bid     | ((9i;`);(10i;`))
quote   | ((9i;`);(10i;`))
statsTab| ,(8i;`)

12:54:12.640 - Records Processed 5350
12:54:12.640 - Current Subscribers: 
bid     | ((9i;`);(10i;`))
quote   | ((9i;`);(10i;`))
statsTab| ,(8i;`)

12:54:13.640 - Records Processed 5350
12:54:13.641 - Current Subscribers: 
bid     | ((9i;`);(10i;`))
quote   | ((9i;`);(10i;`))
statsTab| ,(8i;`)

12:54:14.641 - Records Processed 5350
12:54:14.641 - Current Subscribers: 
bid     | ((9i;`);(10i;`))
quote   | ((9i;`);(10i;`))
statsTab| ,(8i;`)

12:54:15.640 - Records Processed 5350
12:54:15.640 - Current Subscribers: 
bid     | ((9i;`);(10i;`))
quote   | ((9i;`);(10i;`))
statsTab| ,(8i;`)

12:54:16.640 - Records Processed 5350
12:54:16.641 - Current Subscribers: 
bid     | ((9i;`);(10i;`))
quote   | ((9i;`);(10i;`))
statsTab| ,(8i;`)

12:54:17.641 - Records Processed 5350
12:54:17.641 - Current Subscribers: 
bid     | ((9i;`);(10i;`))
quote   | ((9i;`);(10i;`))
statsTab| ,(8i;`)

12:54:18.640 - Records Processed 5350
12:54:18.640 - Current Subscribers: 
bid     | ((9i;`);(10i;`))
quote   | ((9i;`);(10i;`))
statsTab| ,(8i;`)

12:54:19.641 - Records Processed 5350
12:54:19.641 - Current Subscribers: 
bid     | ((9i;`);(10i;`))
quote   | ((9i;`);(10i;`))
statsTab| ,(8i;`)

12:54:20.639 - Records Processed 5350
12:54:20.639 - Current Subscribers: 
bid     | ((9i;`);(10i;`))
quote   | ((9i;`);(10i;`))
statsTab| ,(8i;`)

12:54:21.640 - Records Processed 5350
12:54:21.640 - Current Subscribers: 
bid     | ((9i;`);(10i;`))
quote   | ((9i;`);(10i;`))
statsTab| ,(8i;`)

12:54:22.639 - Records Processed 5350
12:54:22.639 - Current Subscribers: 
bid     | ((9i;`);(10i;`))
quote   | ((9i;`);(10i;`))
statsTab| ,(8i;`)

12:54:23.641 - Records Processed 5350
12:54:23.641 - Current Subscribers: 
bid     | ((9i;`);(10i;`))
quote   | ((9i;`);(10i;`))
statsTab| ,(8i;`)

12:54:24.640 - Records Processed 5350
12:54:24.641 - Current Subscribers: 
bid     | ((9i;`);(10i;`))
quote   | ((9i;`);(10i;`))
statsTab| ,(8i;`)

12:54:25.640 - Records Processed 5350
12:54:25.640 - Current Subscribers: 
bid     | ((9i;`);(10i;`))
quote   | ((9i;`);(10i;`))
statsTab| ,(8i;`)

12:54:26.642 - Records Processed 5350
12:54:26.642 - Current Subscribers: 
bid     | ((9i;`);(10i;`))
quote   | ((9i;`);(10i;`))
statsTab| ,(8i;`)

12:54:27.640 - Records Processed 5350
12:54:27.640 - Current Subscribers: 
bid     | ((9i;`);(10i;`))
quote   | ((9i;`);(10i;`))
statsTab| ,(8i;`)

12:54:28.639 - Records Processed 5350
12:54:28.639 - Current Subscribers: 
bid     | ((9i;`);(10i;`))
quote   | ((9i;`);(10i;`))
statsTab| ,(8i;`)

12:54:29.640 - Records Processed 5350
12:54:29.640 - Current Subscribers: 
bid     | ((9i;`);(10i;`))
quote   | ((9i;`);(10i;`))
statsTab| ,(8i;`)

12:54:30.641 - Records Processed 5350
12:54:30.641 - Current Subscribers: 
bid     | ((9i;`);(10i;`))
quote   | ((9i;`);(10i;`))
statsTab| ,(8i;`)

12:54:31.640 - Records Processed 5350
12:54:31.640 - Current Subscribers: 
bid     | ((9i;`);(10i;`))
quote   | ((9i;`);(10i;`))
statsTab| ,(8i;`)

12:54:32.080 - Records Processed 5350
12:54:32.080 - Current Subscribers: 
bid     | ((9i;`);(10i;`))
quote   | ((9i;`);(10i;`))
statsTab| ,(8i;`)

12:54:33.639 - Records Processed 5352
12:54:33.639 - Current Subscribers: 
bid     | ((9i;`);(10i;`))
quote   | ((9i;`);(10i;`))
statsTab| ,(8i;`)

12:54:34.640 - Records Processed 5352
12:54:34.640 - Current Subscribers: 
bid     | ((9i;`);(10i;`))
quote   | ((9i;`);(10i;`))
statsTab| ,(8i;`)

12:54:35.640 - Records Processed 5352
12:54:35.640 - Current Subscribers: 
bid     | ((9i;`);(10i;`))
quote   | ((9i;`);(10i;`))
statsTab| ,(8i;`)

12:54:36.641 - Records Processed 5352
12:54:36.641 - Current Subscribers: 
bid     | ((9i;`);(10i;`))
quote   | ((9i;`);(10i;`))
statsTab| ,(8i;`)

12:54:37.640 - Records Processed 5352
12:54:37.640 - Current Subscribers: 
bid     | ((9i;`);(10i;`))
quote   | ((9i;`);(10i;`))
statsTab| ,(8i;`)

12:54:38.640 - Records Processed 5352
12:54:38.640 - Current Subscribers: 
bid     | ((9i;`);(10i;`))
quote   | ((9i;`);(10i;`))
statsTab| ,(8i;`)

12:54:39.640 - Records Processed 5352
12:54:39.641 - Current Subscribers: 
bid     | ((9i;`);(10i;`))
quote   | ((9i;`);(10i;`))
statsTab| ,(8i;`)

12:54:40.641 - Records Processed 5352
12:54:40.641 - Current Subscribers: 
bid     | ((9i;`);(10i;`))
quote   | ((9i;`);(10i;`))
statsTab| ,(8i;`)

12:54:41.640 - Records Processed 5352
12:54:41.641 - Current Subscribers: 
bid     | ((9i;`);(10i;`))
quote   | ((9i;`);(10i;`))
statsTab| ,(8i;`)

12:54:42.638 - Records Processed 5354
12:54:42.638 - Current Subscribers: 
bid     | ((9i;`);(10i;`))
quote   | ((9i;`);(10i;`))
statsTab| ,(8i;`)

12:54:43.639 - Records Processed 5354
12:54:43.640 - Current Subscribers: 
bid     | ((9i;`);(10i;`))
quote   | ((9i;`);(10i;`))
statsTab| ,(8i;`)

12:54:44.640 - Records Processed 5354
12:54:44.640 - Current Subscribers: 
bid     | ((9i;`);(10i;`))
quote   | ((9i;`);(10i;`))
statsTab| ,(8i;`)

12:54:45.640 - Records Processed 5354
12:54:45.641 - Current Subscribers: 
bid     | ((9i;`);(10i;`))
quote   | ((9i;`);(10i;`))
statsTab| ,(8i;`)

12:54:46.641 - Records Processed 5354
12:54:46.641 - Current Subscribers: 
bid     | ((9i;`);(10i;`))
quote   | ((9i;`);(10i;`))
statsTab| ,(8i;`)

12:54:47.640 - Records Processed 5354
12:54:47.640 - Current Subscribers: 
bid     | ((9i;`);(10i;`))
quote   | ((9i;`);(10i;`))
statsTab| ,(8i;`)

12:54:48.640 - Records Processed 5354
12:54:48.640 - Current Subscribers: 
bid     | ((9i;`);(10i;`))
quote   | ((9i;`);(10i;`))
statsTab| ,(8i;`)

12:54:49.641 - Records Processed 5354
12:54:49.642 - Current Subscribers: 
bid     | ((9i;`);(10i;`))
quote   | ((9i;`);(10i;`))
statsTab| ,(8i;`)

12:54:50.641 - Records Processed 5354
12:54:50.642 - Current Subscribers: 
bid     | ((9i;`);(10i;`))
quote   | ((9i;`);(10i;`))
statsTab| ,(8i;`)

12:54:51.641 - Records Processed 5354
12:54:51.641 - Current Subscribers: 
bid     | ((9i;`);(10i;`))
quote   | ((9i;`);(10i;`))
statsTab| ,(8i;`)

12:54:52.639 - Records Processed 5354
12:54:52.640 - Current Subscribers: 
bid     | ((9i;`);(10i;`))
quote   | ((9i;`);(10i;`))
statsTab| ,(8i;`)

12:54:53.639 - Records Processed 5354
12:54:53.639 - Current Subscribers: 
bid     | ((9i;`);(10i;`))
quote   | ((9i;`);(10i;`))
statsTab| ,(8i;`)

