14:01:36.124 - Records Processed 0
14:01:36.124 - Current Subscribers: 
bid     | 
quote   | 
statsTab| 

14:01:37.124 - Records Processed 0
14:01:37.124 - Current Subscribers: 
bid     | 
quote   | 
statsTab| 

14:01:38.125 - Records Processed 1
14:01:38.125 - Current Subscribers: 
bid     | 
quote   | 
statsTab| 

14:01:39.124 - Records Processed 2
14:01:39.124 - Current Subscribers: 
bid     | 
quote   | 
statsTab| 

14:01:40.124 - Records Processed 3
14:01:40.124 - Current Subscribers: 
bid     | 
quote   | 
statsTab| 

14:01:41.125 - Records Processed 4
14:01:41.125 - Current Subscribers: 
bid     | 
quote   | 
statsTab| 

14:01:42.124 - Records Processed 5
14:01:42.124 - Current Subscribers: 
bid     | ()
quote   | ()
statsTab| ,(9i;`)

14:01:43.125 - Records Processed 6
14:01:43.125 - Current Subscribers: 
bid     | ()
quote   | ()
statsTab| ,(9i;`)

14:01:44.125 - Records Processed 8
14:01:44.125 - Current Subscribers: 
bid     | 10i `
quote   | 10i `
statsTab| 9i ` 

14:01:45.124 - Records Processed 10
14:01:45.124 - Current Subscribers: 
bid     | 10i `
quote   | 10i `
statsTab| 9i ` 

14:01:46.125 - Records Processed 12
14:01:46.125 - Current Subscribers: 
bid     | 10i `
quote   | 10i `
statsTab| 9i ` 

14:01:47.124 - Records Processed 14
14:01:47.124 - Current Subscribers: 
bid     | 10i `
quote   | 10i `
statsTab| 9i ` 

14:01:48.125 - Records Processed 16
14:01:48.125 - Current Subscribers: 
bid     | 10i `
quote   | 10i `
statsTab| 9i ` 

14:01:49.124 - Records Processed 18
14:01:49.124 - Current Subscribers: 
bid     | ((10i;`);(11i;`))
quote   | ((10i;`);(11i;`))
statsTab| ,(9i;`)

14:01:50.124 - Records Processed 20
14:01:50.124 - Current Subscribers: 
bid     | ((10i;`);(11i;`))
quote   | ((10i;`);(11i;`))
statsTab| ,(9i;`)

14:01:51.124 - Records Processed 22
14:01:51.125 - Current Subscribers: 
bid     | ((10i;`);(11i;`))
quote   | ((10i;`);(11i;`))
statsTab| ,(9i;`)

14:01:52.124 - Records Processed 24
14:01:52.125 - Current Subscribers: 
bid     | ((10i;`);(11i;`))
quote   | ((10i;`);(11i;`))
statsTab| ,(9i;`)

14:01:53.125 - Records Processed 26
14:01:53.125 - Current Subscribers: 
bid     | ((10i;`);(11i;`))
quote   | ((10i;`);(11i;`))
statsTab| ,(9i;`)

14:01:54.125 - Records Processed 28
14:01:54.125 - Current Subscribers: 
bid     | ((10i;`);(11i;`))
quote   | ((10i;`);(11i;`))
statsTab| ,(9i;`)

14:01:55.125 - Records Processed 30
14:01:55.125 - Current Subscribers: 
bid     | ((10i;`);(11i;`))
quote   | ((10i;`);(11i;`))
statsTab| ,(9i;`)

14:01:56.124 - Records Processed 32
14:01:56.125 - Current Subscribers: 
bid     | ((10i;`);(11i;`))
quote   | ((10i;`);(11i;`))
statsTab| ,(9i;`)

14:01:57.125 - Records Processed 34
14:01:57.125 - Current Subscribers: 
bid     | ((10i;`);(11i;`))
quote   | ((10i;`);(11i;`))
statsTab| ,(9i;`)

14:01:58.125 - Records Processed 36
14:01:58.125 - Current Subscribers: 
bid     | ((10i;`);(11i;`))
quote   | ((10i;`);(11i;`))
statsTab| ,(9i;`)

14:01:59.124 - Records Processed 38
14:01:59.125 - Current Subscribers: 
bid     | ((10i;`);(11i;`))
quote   | ((10i;`);(11i;`))
statsTab| ,(9i;`)

14:02:00.124 - Records Processed 40
14:02:00.125 - Current Subscribers: 
bid     | ((10i;`);(11i;`))
quote   | ((10i;`);(11i;`))
statsTab| ,(9i;`)

14:02:01.125 - Records Processed 42
14:02:01.125 - Current Subscribers: 
bid     | 10i `
quote   | 10i `
statsTab| 9i ` 

14:02:02.125 - Records Processed 44
14:02:02.125 - Current Subscribers: 
bid     | 10i `
quote   | 10i `
statsTab| 9i ` 

14:02:03.125 - Records Processed 45
14:02:03.125 - Current Subscribers: 
bid     | ()
quote   | ()
statsTab| ,(9i;`)

14:02:04.124 - Records Processed 46
14:02:04.124 - Current Subscribers: 
bid     | 
quote   | 
statsTab| 

