10:15:52.923 - Records Processed 134
10:15:52.923 - Current Subscribers: 
bid     | 
quote   | 
statsTab| 

10:15:53.924 - Records Processed 134
10:15:53.924 - Current Subscribers: 
bid     | 
quote   | 
statsTab| 

10:15:54.925 - Records Processed 134
10:15:54.925 - Current Subscribers: 
bid     | 
quote   | 
statsTab| 

10:15:55.924 - Records Processed 134
10:15:55.924 - Current Subscribers: 
bid     | 
quote   | 
statsTab| 

10:15:56.925 - Records Processed 134
10:15:56.925 - Current Subscribers: 
bid     | 
quote   | 
statsTab| 

10:15:57.924 - Records Processed 134
10:15:57.925 - Current Subscribers: 
bid     | 
quote   | 
statsTab| 

10:15:58.923 - Records Processed 134
10:15:58.923 - Current Subscribers: 
bid     | ,(8i;`)
quote   | ,(8i;`)
statsTab| ()

10:15:59.928 - Records Processed 134
10:15:59.928 - Current Subscribers: 
bid     | ,(8i;`)
quote   | ,(8i;`)
statsTab| ()

10:16:00.925 - Records Processed 134
10:16:00.925 - Current Subscribers: 
bid     | ,(8i;`)
quote   | ,(8i;`)
statsTab| ()

10:16:01.923 - Records Processed 134
10:16:01.924 - Current Subscribers: 
bid     | 8i `
quote   | 8i `
statsTab| 9i `

10:16:02.925 - Records Processed 134
10:16:02.926 - Current Subscribers: 
bid     | 8i `
quote   | 8i `
statsTab| 9i `

10:16:03.925 - Records Processed 134
10:16:03.926 - Current Subscribers: 
bid     | 8i `
quote   | 8i `
statsTab| 9i `

10:16:04.646 - Records Processed 134
10:16:04.646 - Current Subscribers: 
bid     | 8i `
quote   | 8i `
statsTab| 9i `

10:16:05.648 - Records Processed 135
10:16:05.648 - Current Subscribers: 
bid     | 8i `
quote   | 8i `
statsTab| 9i `

10:16:06.648 - Records Processed 136
10:16:06.648 - Current Subscribers: 
bid     | 8i `
quote   | 8i `
statsTab| 9i `

10:16:07.648 - Records Processed 137
10:16:07.649 - Current Subscribers: 
bid     | 8i `
quote   | 8i `
statsTab| 9i `

10:16:08.648 - Records Processed 138
10:16:08.649 - Current Subscribers: 
bid     | 8i `
quote   | 8i `
statsTab| 9i `

10:16:09.648 - Records Processed 139
10:16:09.649 - Current Subscribers: 
bid     | 8i `
quote   | 8i `
statsTab| 9i `

10:16:10.649 - Records Processed 140
10:16:10.649 - Current Subscribers: 
bid     | 8i `
quote   | 8i `
statsTab| 9i `

10:16:11.648 - Records Processed 141
10:16:11.649 - Current Subscribers: 
bid     | 8i `
quote   | 8i `
statsTab| 9i `

10:16:12.648 - Records Processed 142
10:16:12.648 - Current Subscribers: 
bid     | 8i `
quote   | 8i `
statsTab| 9i `

10:16:13.648 - Records Processed 143
10:16:13.648 - Current Subscribers: 
bid     | 8i `
quote   | 8i `
statsTab| 9i `

10:16:14.647 - Records Processed 144
10:16:14.648 - Current Subscribers: 
bid     | 8i `
quote   | 8i `
statsTab| 9i `

10:16:15.647 - Records Processed 145
10:16:15.648 - Current Subscribers: 
bid     | 8i `
quote   | 8i `
statsTab| 9i `

10:16:16.647 - Records Processed 146
10:16:16.648 - Current Subscribers: 
bid     | 8i `
quote   | 8i `
statsTab| 9i `

10:16:17.647 - Records Processed 147
10:16:17.648 - Current Subscribers: 
bid     | 8i `
quote   | 8i `
statsTab| 9i `

10:16:18.647 - Records Processed 148
10:16:18.648 - Current Subscribers: 
bid     | 8i `
quote   | 8i `
statsTab| 9i `

10:16:19.648 - Records Processed 149
10:16:19.649 - Current Subscribers: 
bid     | 8i `
quote   | 8i `
statsTab| 9i `

10:16:20.648 - Records Processed 150
10:16:20.649 - Current Subscribers: 
bid     | 8i `
quote   | 8i `
statsTab| 9i `

10:16:21.648 - Records Processed 151
10:16:21.648 - Current Subscribers: 
bid     | 8i `
quote   | 8i `
statsTab| 9i `

10:16:22.647 - Records Processed 152
10:16:22.648 - Current Subscribers: 
bid     | 8i `
quote   | 8i `
statsTab| 9i `

10:16:23.647 - Records Processed 153
10:16:23.648 - Current Subscribers: 
bid     | 8i `
quote   | 8i `
statsTab| 9i `

10:16:24.648 - Records Processed 154
10:16:24.648 - Current Subscribers: 
bid     | 8i `
quote   | 8i `
statsTab| 9i `

10:16:25.647 - Records Processed 155
10:16:25.648 - Current Subscribers: 
bid     | 8i `
quote   | 8i `
statsTab| 9i `

10:16:26.648 - Records Processed 156
10:16:26.649 - Current Subscribers: 
bid     | 8i `
quote   | 8i `
statsTab| 9i `

10:16:27.647 - Records Processed 157
10:16:27.647 - Current Subscribers: 
bid     | 8i `
quote   | 8i `
statsTab| 9i `

10:16:28.648 - Records Processed 158
10:16:28.648 - Current Subscribers: 
bid     | 8i `
quote   | 8i `
statsTab| 9i `

10:16:29.648 - Records Processed 159
10:16:29.649 - Current Subscribers: 
bid     | 8i `
quote   | 8i `
statsTab| 9i `

10:16:30.648 - Records Processed 160
10:16:30.648 - Current Subscribers: 
bid     | 8i `
quote   | 8i `
statsTab| 9i `

10:16:31.648 - Records Processed 161
10:16:31.648 - Current Subscribers: 
bid     | 8i `
quote   | 8i `
statsTab| 9i `

10:16:32.648 - Records Processed 162
10:16:32.648 - Current Subscribers: 
bid     | 8i `
quote   | 8i `
statsTab| 9i `

10:16:33.647 - Records Processed 163
10:16:33.648 - Current Subscribers: 
bid     | 8i `
quote   | 8i `
statsTab| 9i `

10:16:34.648 - Records Processed 164
10:16:34.648 - Current Subscribers: 
bid     | 8i `
quote   | 8i `
statsTab| 9i `

10:16:35.647 - Records Processed 165
10:16:35.647 - Current Subscribers: 
bid     | 8i `
quote   | 8i `
statsTab| 9i `

10:16:36.647 - Records Processed 166
10:16:36.647 - Current Subscribers: 
bid     | 8i `
quote   | 8i `
statsTab| 9i `

10:16:37.647 - Records Processed 167
10:16:37.647 - Current Subscribers: 
bid     | 8i `
quote   | 8i `
statsTab| 9i `

10:16:38.647 - Records Processed 168
10:16:38.647 - Current Subscribers: 
bid     | 8i `
quote   | 8i `
statsTab| 9i `

10:16:39.647 - Records Processed 169
10:16:39.647 - Current Subscribers: 
bid     | 8i `
quote   | 8i `
statsTab| 9i `

10:16:40.647 - Records Processed 170
10:16:40.647 - Current Subscribers: 
bid     | 8i `
quote   | 8i `
statsTab| 9i `

10:16:41.648 - Records Processed 171
10:16:41.648 - Current Subscribers: 
bid     | 8i `
quote   | 8i `
statsTab| 9i `

10:16:42.647 - Records Processed 172
10:16:42.647 - Current Subscribers: 
bid     | 8i `
quote   | 8i `
statsTab| 9i `

10:16:43.647 - Records Processed 173
10:16:43.648 - Current Subscribers: 
bid     | 8i `
quote   | 8i `
statsTab| 9i `

10:16:44.647 - Records Processed 174
10:16:44.647 - Current Subscribers: 
bid     | 8i `
quote   | 8i `
statsTab| 9i `

10:16:45.648 - Records Processed 175
10:16:45.648 - Current Subscribers: 
bid     | 8i `
quote   | 8i `
statsTab| 9i `

10:16:46.647 - Records Processed 176
10:16:46.648 - Current Subscribers: 
bid     | 8i `
quote   | 8i `
statsTab| 9i `

10:16:47.647 - Records Processed 177
10:16:47.647 - Current Subscribers: 
bid     | 8i `
quote   | 8i `
statsTab| 9i `

10:16:48.647 - Records Processed 178
10:16:48.647 - Current Subscribers: 
bid     | 8i `
quote   | 8i `
statsTab| 9i `

10:16:49.647 - Records Processed 179
10:16:49.647 - Current Subscribers: 
bid     | 8i `
quote   | 8i `
statsTab| 9i `

10:16:50.648 - Records Processed 180
10:16:50.648 - Current Subscribers: 
bid     | 8i `
quote   | 8i `
statsTab| 9i `

10:16:51.649 - Records Processed 181
10:16:51.649 - Current Subscribers: 
bid     | 8i `
quote   | 8i `
statsTab| 9i `

10:16:52.647 - Records Processed 182
10:16:52.647 - Current Subscribers: 
bid     | 8i `
quote   | 8i `
statsTab| 9i `

10:16:53.647 - Records Processed 183
10:16:53.647 - Current Subscribers: 
bid     | 8i `
quote   | 8i `
statsTab| 9i `

10:16:54.648 - Records Processed 184
10:16:54.648 - Current Subscribers: 
bid     | 8i `
quote   | 8i `
statsTab| 9i `

10:16:55.647 - Records Processed 185
10:16:55.647 - Current Subscribers: 
bid     | 8i `
quote   | 8i `
statsTab| 9i `

10:16:56.647 - Records Processed 186
10:16:56.647 - Current Subscribers: 
bid     | 8i `
quote   | 8i `
statsTab| 9i `

10:16:57.648 - Records Processed 187
10:16:57.649 - Current Subscribers: 
bid     | 8i `
quote   | 8i `
statsTab| 9i `

10:16:58.647 - Records Processed 188
10:16:58.648 - Current Subscribers: 
bid     | 8i `
quote   | 8i `
statsTab| 9i `

10:16:59.647 - Records Processed 189
10:16:59.648 - Current Subscribers: 
bid     | 8i `
quote   | 8i `
statsTab| 9i `

10:17:00.649 - Records Processed 190
10:17:00.650 - Current Subscribers: 
bid     | 8i `
quote   | 8i `
statsTab| 9i `

10:17:01.648 - Records Processed 191
10:17:01.648 - Current Subscribers: 
bid     | 8i `
quote   | 8i `
statsTab| 9i `

10:17:02.648 - Records Processed 192
10:17:02.648 - Current Subscribers: 
bid     | 8i `
quote   | 8i `
statsTab| 9i `

10:17:03.647 - Records Processed 193
10:17:03.647 - Current Subscribers: 
bid     | 8i `
quote   | 8i `
statsTab| 9i `

10:17:04.647 - Records Processed 194
10:17:04.647 - Current Subscribers: 
bid     | 8i `
quote   | 8i `
statsTab| 9i `

10:17:05.647 - Records Processed 195
10:17:05.647 - Current Subscribers: 
bid     | 8i `
quote   | 8i `
statsTab| 9i `

10:17:06.647 - Records Processed 196
10:17:06.647 - Current Subscribers: 
bid     | 8i `
quote   | 8i `
statsTab| 9i `

10:17:07.647 - Records Processed 197
10:17:07.647 - Current Subscribers: 
bid     | 8i `
quote   | 8i `
statsTab| 9i `

10:17:08.647 - Records Processed 198
10:17:08.648 - Current Subscribers: 
bid     | 8i `
quote   | 8i `
statsTab| 9i `

10:17:09.655 - Records Processed 199
10:17:09.655 - Current Subscribers: 
bid     | 8i `
quote   | 8i `
statsTab| 9i `

10:17:10.647 - Records Processed 200
10:17:10.648 - Current Subscribers: 
bid     | 8i `
quote   | 8i `
statsTab| 9i `

10:17:11.647 - Records Processed 201
10:17:11.647 - Current Subscribers: 
bid     | 8i `
quote   | 8i `
statsTab| 9i `

10:17:12.647 - Records Processed 202
10:17:12.647 - Current Subscribers: 
bid     | 8i `
quote   | 8i `
statsTab| 9i `

10:17:13.647 - Records Processed 203
10:17:13.648 - Current Subscribers: 
bid     | 8i `
quote   | 8i `
statsTab| 9i `

10:17:14.647 - Records Processed 204
10:17:14.647 - Current Subscribers: 
bid     | 8i `
quote   | 8i `
statsTab| 9i `

10:17:15.647 - Records Processed 205
10:17:15.647 - Current Subscribers: 
bid     | 8i `
quote   | 8i `
statsTab| 9i `

10:17:16.648 - Records Processed 206
10:17:16.648 - Current Subscribers: 
bid     | 8i `
quote   | 8i `
statsTab| 9i `

10:17:17.647 - Records Processed 207
10:17:17.648 - Current Subscribers: 
bid     | 8i `
quote   | 8i `
statsTab| 9i `

10:17:18.648 - Records Processed 208
10:17:18.648 - Current Subscribers: 
bid     | 8i `
quote   | 8i `
statsTab| 9i `

10:17:19.648 - Records Processed 209
10:17:19.648 - Current Subscribers: 
bid     | 8i `
quote   | 8i `
statsTab| 9i `

10:17:20.647 - Records Processed 210
10:17:20.647 - Current Subscribers: 
bid     | 8i `
quote   | 8i `
statsTab| 9i `

10:17:21.647 - Records Processed 211
10:17:21.647 - Current Subscribers: 
bid     | 8i `
quote   | 8i `
statsTab| 9i `

10:17:22.648 - Records Processed 212
10:17:22.648 - Current Subscribers: 
bid     | 8i `
quote   | 8i `
statsTab| 9i `

10:17:23.647 - Records Processed 213
10:17:23.647 - Current Subscribers: 
bid     | 8i `
quote   | 8i `
statsTab| 9i `

10:17:24.647 - Records Processed 214
10:17:24.648 - Current Subscribers: 
bid     | 8i `
quote   | 8i `
statsTab| 9i `

10:17:25.648 - Records Processed 215
10:17:25.648 - Current Subscribers: 
bid     | 8i `
quote   | 8i `
statsTab| 9i `

10:17:26.647 - Records Processed 216
10:17:26.647 - Current Subscribers: 
bid     | 8i `
quote   | 8i `
statsTab| 9i `

10:17:27.648 - Records Processed 217
10:17:27.648 - Current Subscribers: 
bid     | 8i `
quote   | 8i `
statsTab| 9i `

10:17:28.648 - Records Processed 218
10:17:28.648 - Current Subscribers: 
bid     | 8i `
quote   | 8i `
statsTab| 9i `

10:17:29.647 - Records Processed 219
10:17:29.647 - Current Subscribers: 
bid     | 8i `
quote   | 8i `
statsTab| 9i `

10:17:30.647 - Records Processed 220
10:17:30.648 - Current Subscribers: 
bid     | 8i `
quote   | 8i `
statsTab| 9i `

10:17:31.648 - Records Processed 221
10:17:31.648 - Current Subscribers: 
bid     | 8i `
quote   | 8i `
statsTab| 9i `

10:17:32.647 - Records Processed 222
10:17:32.648 - Current Subscribers: 
bid     | 8i `
quote   | 8i `
statsTab| 9i `

10:17:33.647 - Records Processed 223
10:17:33.648 - Current Subscribers: 
bid     | 8i `
quote   | 8i `
statsTab| 9i `

10:17:34.647 - Records Processed 224
10:17:34.647 - Current Subscribers: 
bid     | 8i `
quote   | 8i `
statsTab| 9i `

10:17:35.648 - Records Processed 225
10:17:35.648 - Current Subscribers: 
bid     | 8i `
quote   | 8i `
statsTab| 9i `

10:17:36.647 - Records Processed 226
10:17:36.648 - Current Subscribers: 
bid     | 8i `
quote   | 8i `
statsTab| 9i `

10:17:37.648 - Records Processed 227
10:17:37.649 - Current Subscribers: 
bid     | 8i `
quote   | 8i `
statsTab| 9i `

10:17:38.647 - Records Processed 228
10:17:38.648 - Current Subscribers: 
bid     | 8i `
quote   | 8i `
statsTab| 9i `

10:17:39.647 - Records Processed 229
10:17:39.648 - Current Subscribers: 
bid     | 8i `
quote   | 8i `
statsTab| 9i `

10:17:40.648 - Records Processed 230
10:17:40.648 - Current Subscribers: 
bid     | 8i `
quote   | 8i `
statsTab| 9i `

10:17:41.648 - Records Processed 231
10:17:41.648 - Current Subscribers: 
bid     | 8i `
quote   | 8i `
statsTab| 9i `

10:17:42.923 - Records Processed 232
10:17:42.924 - Current Subscribers: 
bid     | 8i `
quote   | 8i `
statsTab| 9i `

10:17:43.925 - Records Processed 232
10:17:43.926 - Current Subscribers: 
bid     | 8i `
quote   | 8i `
statsTab| 9i `

10:17:44.923 - Records Processed 232
10:17:44.923 - Current Subscribers: 
bid     | ()
quote   | ()
statsTab| ,(9i;`)

10:17:45.925 - Records Processed 232
10:17:45.925 - Current Subscribers: 
bid     | ()
quote   | ()
statsTab| ,(9i;`)

10:17:46.923 - Records Processed 232
10:17:46.924 - Current Subscribers: 
bid     | 
quote   | 
statsTab| 

10:17:47.925 - Records Processed 232
10:17:47.925 - Current Subscribers: 
bid     | 
quote   | 
statsTab| 

10:17:48.924 - Records Processed 232
10:17:48.924 - Current Subscribers: 
bid     | 
quote   | 
statsTab| 

10:17:49.925 - Records Processed 232
10:17:49.925 - Current Subscribers: 
bid     | 
quote   | 
statsTab| 

10:17:50.925 - Records Processed 232
10:17:50.925 - Current Subscribers: 
bid     | 
quote   | 
statsTab| 

10:17:51.924 - Records Processed 232
10:17:51.924 - Current Subscribers: 
bid     | 
quote   | 
statsTab| 

10:17:52.924 - Records Processed 232
10:17:52.925 - Current Subscribers: 
bid     | 
quote   | 
statsTab| 

10:17:53.925 - Records Processed 232
10:17:53.925 - Current Subscribers: 
bid     | 
quote   | 
statsTab| 

10:17:54.926 - Records Processed 232
10:17:54.927 - Current Subscribers: 
bid     | 
quote   | 
statsTab| 

10:17:55.925 - Records Processed 232
10:17:55.926 - Current Subscribers: 
bid     | 
quote   | 
statsTab| 

10:17:56.926 - Records Processed 232
10:17:56.926 - Current Subscribers: 
bid     | 
quote   | 
statsTab| 

10:17:57.924 - Records Processed 232
10:17:57.924 - Current Subscribers: 
bid     | 
quote   | 
statsTab| 

10:17:58.925 - Records Processed 232
10:17:58.925 - Current Subscribers: 
bid     | 
quote   | 
statsTab| 

10:17:59.924 - Records Processed 232
10:17:59.924 - Current Subscribers: 
bid     | 
quote   | 
statsTab| 

10:18:00.924 - Records Processed 232
10:18:00.924 - Current Subscribers: 
bid     | 
quote   | 
statsTab| 

10:18:01.924 - Records Processed 232
10:18:01.924 - Current Subscribers: 
bid     | 
quote   | 
statsTab| 

10:18:02.924 - Records Processed 232
10:18:02.925 - Current Subscribers: 
bid     | 
quote   | 
statsTab| 

10:18:03.924 - Records Processed 232
10:18:03.924 - Current Subscribers: 
bid     | 
quote   | 
statsTab| 

10:18:04.924 - Records Processed 232
10:18:04.925 - Current Subscribers: 
bid     | 
quote   | 
statsTab| 

10:18:05.925 - Records Processed 232
10:18:05.925 - Current Subscribers: 
bid     | 
quote   | 
statsTab| 

10:18:06.925 - Records Processed 232
10:18:06.925 - Current Subscribers: 
bid     | 
quote   | 
statsTab| 

10:18:07.924 - Records Processed 232
10:18:07.925 - Current Subscribers: 
bid     | 
quote   | 
statsTab| 

10:18:08.924 - Records Processed 232
10:18:08.925 - Current Subscribers: 
bid     | 
quote   | 
statsTab| 

10:18:09.925 - Records Processed 232
10:18:09.925 - Current Subscribers: 
bid     | 
quote   | 
statsTab| 

10:18:10.925 - Records Processed 232
10:18:10.926 - Current Subscribers: 
bid     | 
quote   | 
statsTab| 

10:18:11.925 - Records Processed 232
10:18:11.926 - Current Subscribers: 
bid     | 
quote   | 
statsTab| 

10:18:12.925 - Records Processed 232
10:18:12.926 - Current Subscribers: 
bid     | 
quote   | 
statsTab| 

10:18:13.925 - Records Processed 232
10:18:13.926 - Current Subscribers: 
bid     | 
quote   | 
statsTab| 

10:18:14.926 - Records Processed 232
10:18:14.926 - Current Subscribers: 
bid     | 
quote   | 
statsTab| 

10:18:15.926 - Records Processed 232
10:18:15.926 - Current Subscribers: 
bid     | 
quote   | 
statsTab| 

10:18:16.924 - Records Processed 232
10:18:16.924 - Current Subscribers: 
bid     | 
quote   | 
statsTab| 

10:18:17.926 - Records Processed 232
10:18:17.926 - Current Subscribers: 
bid     | 
quote   | 
statsTab| 

10:18:18.925 - Records Processed 232
10:18:18.925 - Current Subscribers: 
bid     | 
quote   | 
statsTab| 

10:18:19.925 - Records Processed 232
10:18:19.925 - Current Subscribers: 
bid     | 
quote   | 
statsTab| 

10:18:20.925 - Records Processed 232
10:18:20.925 - Current Subscribers: 
bid     | 
quote   | 
statsTab| 

10:18:21.925 - Records Processed 232
10:18:21.925 - Current Subscribers: 
bid     | 
quote   | 
statsTab| 

10:18:22.924 - Records Processed 232
10:18:22.924 - Current Subscribers: 
bid     | 
quote   | 
statsTab| 

10:18:23.924 - Records Processed 232
10:18:23.924 - Current Subscribers: 
bid     | 
quote   | 
statsTab| 

10:18:24.924 - Records Processed 232
10:18:24.925 - Current Subscribers: 
bid     | 
quote   | 
statsTab| 

10:18:25.924 - Records Processed 232
10:18:25.925 - Current Subscribers: 
bid     | 
quote   | 
statsTab| 

10:18:26.925 - Records Processed 232
10:18:26.925 - Current Subscribers: 
bid     | 
quote   | 
statsTab| 

10:18:27.924 - Records Processed 232
10:18:27.925 - Current Subscribers: 
bid     | 
quote   | 
statsTab| 

10:18:28.925 - Records Processed 232
10:18:28.925 - Current Subscribers: 
bid     | 
quote   | 
statsTab| 

10:18:29.925 - Records Processed 232
10:18:29.926 - Current Subscribers: 
bid     | 
quote   | 
statsTab| 

10:18:30.925 - Records Processed 232
10:18:30.925 - Current Subscribers: 
bid     | 
quote   | 
statsTab| 

10:18:31.925 - Records Processed 232
10:18:31.926 - Current Subscribers: 
bid     | 
quote   | 
statsTab| 

10:18:32.925 - Records Processed 232
10:18:32.925 - Current Subscribers: 
bid     | 
quote   | 
statsTab| 

10:18:33.925 - Records Processed 232
10:18:33.925 - Current Subscribers: 
bid     | 
quote   | 
statsTab| 

10:18:34.924 - Records Processed 232
10:18:34.924 - Current Subscribers: 
bid     | 
quote   | 
statsTab| 

10:18:35.924 - Records Processed 232
10:18:35.924 - Current Subscribers: 
bid     | 
quote   | 
statsTab| 

10:18:36.925 - Records Processed 232
10:18:36.925 - Current Subscribers: 
bid     | 
quote   | 
statsTab| 

10:18:37.925 - Records Processed 232
10:18:37.925 - Current Subscribers: 
bid     | 
quote   | 
statsTab| 

10:18:38.924 - Records Processed 232
10:18:38.924 - Current Subscribers: 
bid     | 
quote   | 
statsTab| 

10:18:39.925 - Records Processed 232
10:18:39.925 - Current Subscribers: 
bid     | 
quote   | 
statsTab| 

10:18:40.926 - Records Processed 232
10:18:40.926 - Current Subscribers: 
bid     | 
quote   | 
statsTab| 

10:18:41.924 - Records Processed 232
10:18:41.925 - Current Subscribers: 
bid     | 
quote   | 
statsTab| 

10:18:42.924 - Records Processed 232
10:18:42.924 - Current Subscribers: 
bid     | 
quote   | 
statsTab| 

10:18:43.925 - Records Processed 232
10:18:43.925 - Current Subscribers: 
bid     | 
quote   | 
statsTab| 

10:18:44.925 - Records Processed 232
10:18:44.925 - Current Subscribers: 
bid     | 
quote   | 
statsTab| 

10:18:45.925 - Records Processed 232
10:18:45.925 - Current Subscribers: 
bid     | 
quote   | 
statsTab| 

10:18:46.925 - Records Processed 232
10:18:46.925 - Current Subscribers: 
bid     | 
quote   | 
statsTab| 

10:18:47.925 - Records Processed 232
10:18:47.925 - Current Subscribers: 
bid     | 
quote   | 
statsTab| 

10:18:48.925 - Records Processed 232
10:18:48.925 - Current Subscribers: 
bid     | 
quote   | 
statsTab| 

10:18:49.925 - Records Processed 232
10:18:49.925 - Current Subscribers: 
bid     | 
quote   | 
statsTab| 

10:18:50.925 - Records Processed 232
10:18:50.925 - Current Subscribers: 
bid     | 
quote   | 
statsTab| 

10:18:51.924 - Records Processed 232
10:18:51.925 - Current Subscribers: 
bid     | 
quote   | 
statsTab| 

10:18:52.925 - Records Processed 232
10:18:52.925 - Current Subscribers: 
bid     | 
quote   | 
statsTab| 

10:18:53.925 - Records Processed 232
10:18:53.925 - Current Subscribers: 
bid     | 
quote   | 
statsTab| 

10:18:54.925 - Records Processed 232
10:18:54.925 - Current Subscribers: 
bid     | 
quote   | 
statsTab| 

10:18:55.924 - Records Processed 232
10:18:55.924 - Current Subscribers: 
bid     | 
quote   | 
statsTab| 

10:18:56.924 - Records Processed 232
10:18:56.924 - Current Subscribers: 
bid     | 
quote   | 
statsTab| 

10:18:57.925 - Records Processed 232
10:18:57.925 - Current Subscribers: 
bid     | 
quote   | 
statsTab| 

10:18:58.924 - Records Processed 232
10:18:58.924 - Current Subscribers: 
bid     | 
quote   | 
statsTab| 

10:18:59.924 - Records Processed 232
10:18:59.924 - Current Subscribers: 
bid     | 
quote   | 
statsTab| 

10:19:00.924 - Records Processed 232
10:19:00.924 - Current Subscribers: 
bid     | 
quote   | 
statsTab| 

10:19:01.925 - Records Processed 232
10:19:01.925 - Current Subscribers: 
bid     | 
quote   | 
statsTab| 

10:19:02.925 - Records Processed 232
10:19:02.925 - Current Subscribers: 
bid     | 
quote   | 
statsTab| 

10:19:03.925 - Records Processed 232
10:19:03.925 - Current Subscribers: 
bid     | 
quote   | 
statsTab| 

10:19:04.924 - Records Processed 232
10:19:04.925 - Current Subscribers: 
bid     | 
quote   | 
statsTab| 

10:19:05.925 - Records Processed 232
10:19:05.925 - Current Subscribers: 
bid     | 
quote   | 
statsTab| 

10:19:06.925 - Records Processed 232
10:19:06.925 - Current Subscribers: 
bid     | 
quote   | 
statsTab| 

10:19:07.924 - Records Processed 232
10:19:07.925 - Current Subscribers: 
bid     | 
quote   | 
statsTab| 

10:19:08.925 - Records Processed 232
10:19:08.925 - Current Subscribers: 
bid     | 
quote   | 
statsTab| 

10:19:09.925 - Records Processed 232
10:19:09.925 - Current Subscribers: 
bid     | 
quote   | 
statsTab| 

10:19:10.924 - Records Processed 232
10:19:10.924 - Current Subscribers: 
bid     | 
quote   | 
statsTab| 

10:19:11.924 - Records Processed 232
10:19:11.924 - Current Subscribers: 
bid     | 
quote   | 
statsTab| 

10:19:12.925 - Records Processed 232
10:19:12.925 - Current Subscribers: 
bid     | 
quote   | 
statsTab| 

10:19:13.925 - Records Processed 232
10:19:13.925 - Current Subscribers: 
bid     | 
quote   | 
statsTab| 

10:19:14.925 - Records Processed 232
10:19:14.925 - Current Subscribers: 
bid     | 
quote   | 
statsTab| 

10:19:15.925 - Records Processed 232
10:19:15.925 - Current Subscribers: 
bid     | 
quote   | 
statsTab| 

10:19:16.924 - Records Processed 232
10:19:16.925 - Current Subscribers: 
bid     | 
quote   | 
statsTab| 

10:19:17.925 - Records Processed 232
10:19:17.926 - Current Subscribers: 
bid     | 
quote   | 
statsTab| 

10:19:18.924 - Records Processed 232
10:19:18.925 - Current Subscribers: 
bid     | 
quote   | 
statsTab| 

10:19:19.924 - Records Processed 232
10:19:19.924 - Current Subscribers: 
bid     | 
quote   | 
statsTab| 

10:19:20.925 - Records Processed 232
10:19:20.925 - Current Subscribers: 
bid     | 
quote   | 
statsTab| 

10:19:21.925 - Records Processed 232
10:19:21.925 - Current Subscribers: 
bid     | 
quote   | 
statsTab| 

10:19:22.925 - Records Processed 232
10:19:22.926 - Current Subscribers: 
bid     | 
quote   | 
statsTab| 

10:19:23.925 - Records Processed 232
10:19:23.926 - Current Subscribers: 
bid     | 
quote   | 
statsTab| 

10:19:24.925 - Records Processed 232
10:19:24.926 - Current Subscribers: 
bid     | 
quote   | 
statsTab| 

10:19:25.924 - Records Processed 232
10:19:25.925 - Current Subscribers: 
bid     | 
quote   | 
statsTab| 

10:19:26.924 - Records Processed 232
10:19:26.924 - Current Subscribers: 
bid     | 
quote   | 
statsTab| 

10:19:27.925 - Records Processed 232
10:19:27.925 - Current Subscribers: 
bid     | 
quote   | 
statsTab| 

10:19:28.925 - Records Processed 232
10:19:28.925 - Current Subscribers: 
bid     | 
quote   | 
statsTab| 

10:19:29.924 - Records Processed 232
10:19:29.925 - Current Subscribers: 
bid     | 
quote   | 
statsTab| 

10:19:30.924 - Records Processed 232
10:19:30.925 - Current Subscribers: 
bid     | 
quote   | 
statsTab| 

10:19:31.925 - Records Processed 232
10:19:31.926 - Current Subscribers: 
bid     | 
quote   | 
statsTab| 

10:19:32.925 - Records Processed 232
10:19:32.925 - Current Subscribers: 
bid     | 
quote   | 
statsTab| 

10:19:33.924 - Records Processed 232
10:19:33.924 - Current Subscribers: 
bid     | 
quote   | 
statsTab| 

10:19:34.925 - Records Processed 232
10:19:34.925 - Current Subscribers: 
bid     | 
quote   | 
statsTab| 

10:19:35.925 - Records Processed 232
10:19:35.925 - Current Subscribers: 
bid     | 
quote   | 
statsTab| 

10:19:36.923 - Records Processed 232
10:19:36.923 - Current Subscribers: 
bid     | 
quote   | 
statsTab| 

10:19:37.924 - Records Processed 232
10:19:37.924 - Current Subscribers: 
bid     | 
quote   | 
statsTab| 

10:19:38.925 - Records Processed 232
10:19:38.925 - Current Subscribers: 
bid     | 
quote   | 
statsTab| 

10:19:39.925 - Records Processed 232
10:19:39.926 - Current Subscribers: 
bid     | 
quote   | 
statsTab| 

10:19:40.925 - Records Processed 232
10:19:40.925 - Current Subscribers: 
bid     | 
quote   | 
statsTab| 

10:19:41.924 - Records Processed 232
10:19:41.924 - Current Subscribers: 
bid     | 
quote   | 
statsTab| 

10:19:42.924 - Records Processed 232
10:19:42.925 - Current Subscribers: 
bid     | 
quote   | 
statsTab| 

10:19:43.925 - Records Processed 232
10:19:43.925 - Current Subscribers: 
bid     | 
quote   | 
statsTab| 

10:19:44.925 - Records Processed 232
10:19:44.925 - Current Subscribers: 
bid     | 
quote   | 
statsTab| 

10:19:45.924 - Records Processed 232
10:19:45.924 - Current Subscribers: 
bid     | 
quote   | 
statsTab| 

10:19:46.924 - Records Processed 232
10:19:46.924 - Current Subscribers: 
bid     | 
quote   | 
statsTab| 

10:19:47.925 - Records Processed 232
10:19:47.925 - Current Subscribers: 
bid     | 
quote   | 
statsTab| 

10:19:48.924 - Records Processed 232
10:19:48.925 - Current Subscribers: 
bid     | 
quote   | 
statsTab| 

10:19:49.924 - Records Processed 232
10:19:49.924 - Current Subscribers: 
bid     | 
quote   | 
statsTab| 

10:19:50.923 - Records Processed 232
10:19:50.923 - Current Subscribers: 
bid     | 
quote   | 
statsTab| 

10:19:51.925 - Records Processed 232
10:19:51.926 - Current Subscribers: 
bid     | 
quote   | 
statsTab| 

10:19:52.923 - Records Processed 232
10:19:52.924 - Current Subscribers: 
bid     | 
quote   | 
statsTab| 

10:19:53.924 - Records Processed 232
10:19:53.925 - Current Subscribers: 
bid     | 
quote   | 
statsTab| 

10:19:54.925 - Records Processed 232
10:19:54.925 - Current Subscribers: 
bid     | 
quote   | 
statsTab| 

10:19:55.924 - Records Processed 232
10:19:55.925 - Current Subscribers: 
bid     | 
quote   | 
statsTab| 

10:19:56.926 - Records Processed 232
10:19:56.926 - Current Subscribers: 
bid     | 
quote   | 
statsTab| 

10:19:57.923 - Records Processed 232
10:19:57.924 - Current Subscribers: 
bid     | 
quote   | 
statsTab| 

10:19:58.924 - Records Processed 232
10:19:58.925 - Current Subscribers: 
bid     | 
quote   | 
statsTab| 

10:19:59.925 - Records Processed 232
10:19:59.925 - Current Subscribers: 
bid     | 
quote   | 
statsTab| 

10:20:00.925 - Records Processed 232
10:20:00.926 - Current Subscribers: 
bid     | 
quote   | 
statsTab| 

10:20:01.926 - Records Processed 232
10:20:01.926 - Current Subscribers: 
bid     | 
quote   | 
statsTab| 

10:20:02.925 - Records Processed 232
10:20:02.925 - Current Subscribers: 
bid     | 
quote   | 
statsTab| 

10:20:03.924 - Records Processed 232
10:20:03.925 - Current Subscribers: 
bid     | 
quote   | 
statsTab| 

10:20:04.925 - Records Processed 232
10:20:04.925 - Current Subscribers: 
bid     | 
quote   | 
statsTab| 

10:20:05.924 - Records Processed 232
10:20:05.924 - Current Subscribers: 
bid     | 
quote   | 
statsTab| 

10:20:06.924 - Records Processed 232
10:20:06.924 - Current Subscribers: 
bid     | 
quote   | 
statsTab| 

10:20:07.925 - Records Processed 232
10:20:07.925 - Current Subscribers: 
bid     | 
quote   | 
statsTab| 

10:20:08.925 - Records Processed 232
10:20:08.925 - Current Subscribers: 
bid     | 
quote   | 
statsTab| 

10:20:09.925 - Records Processed 232
10:20:09.925 - Current Subscribers: 
bid     | 
quote   | 
statsTab| 

10:20:10.925 - Records Processed 232
10:20:10.925 - Current Subscribers: 
bid     | 
quote   | 
statsTab| 

10:20:11.926 - Records Processed 232
10:20:11.926 - Current Subscribers: 
bid     | 
quote   | 
statsTab| 

10:20:12.924 - Records Processed 232
10:20:12.925 - Current Subscribers: 
bid     | 
quote   | 
statsTab| 

10:20:13.925 - Records Processed 232
10:20:13.925 - Current Subscribers: 
bid     | 
quote   | 
statsTab| 

10:20:14.924 - Records Processed 232
10:20:14.924 - Current Subscribers: 
bid     | 
quote   | 
statsTab| 

10:20:15.925 - Records Processed 232
10:20:15.925 - Current Subscribers: 
bid     | 
quote   | 
statsTab| 

10:20:16.925 - Records Processed 232
10:20:16.925 - Current Subscribers: 
bid     | 
quote   | 
statsTab| 

10:20:17.924 - Records Processed 232
10:20:17.924 - Current Subscribers: 
bid     | 
quote   | 
statsTab| 

10:20:18.923 - Records Processed 232
10:20:18.923 - Current Subscribers: 
bid     | 
quote   | 
statsTab| 

10:20:19.924 - Records Processed 232
10:20:19.924 - Current Subscribers: 
bid     | 
quote   | 
statsTab| 

10:20:20.924 - Records Processed 232
10:20:20.924 - Current Subscribers: 
bid     | 
quote   | 
statsTab| 

10:20:21.925 - Records Processed 232
10:20:21.925 - Current Subscribers: 
bid     | 
quote   | 
statsTab| 

10:20:22.925 - Records Processed 232
10:20:22.925 - Current Subscribers: 
bid     | 
quote   | 
statsTab| 

10:20:23.924 - Records Processed 232
10:20:23.924 - Current Subscribers: 
bid     | 
quote   | 
statsTab| 

10:20:24.925 - Records Processed 232
10:20:24.925 - Current Subscribers: 
bid     | 
quote   | 
statsTab| 

10:20:25.924 - Records Processed 232
10:20:25.924 - Current Subscribers: 
bid     | 
quote   | 
statsTab| 

10:20:26.925 - Records Processed 232
10:20:26.925 - Current Subscribers: 
bid     | 
quote   | 
statsTab| 

10:20:27.924 - Records Processed 232
10:20:27.925 - Current Subscribers: 
bid     | 
quote   | 
statsTab| 

10:20:28.924 - Records Processed 232
10:20:28.924 - Current Subscribers: 
bid     | 
quote   | 
statsTab| 

10:20:29.925 - Records Processed 232
10:20:29.925 - Current Subscribers: 
bid     | 
quote   | 
statsTab| 

10:20:30.924 - Records Processed 232
10:20:30.924 - Current Subscribers: 
bid     | 
quote   | 
statsTab| 

10:20:31.925 - Records Processed 232
10:20:31.925 - Current Subscribers: 
bid     | 
quote   | 
statsTab| 

10:20:32.924 - Records Processed 232
10:20:32.925 - Current Subscribers: 
bid     | 
quote   | 
statsTab| 

10:20:33.925 - Records Processed 232
10:20:33.925 - Current Subscribers: 
bid     | 
quote   | 
statsTab| 

10:20:34.926 - Records Processed 232
10:20:34.926 - Current Subscribers: 
bid     | 
quote   | 
statsTab| 

10:20:35.924 - Records Processed 232
10:20:35.925 - Current Subscribers: 
bid     | 
quote   | 
statsTab| 

10:20:36.924 - Records Processed 232
10:20:36.924 - Current Subscribers: 
bid     | 
quote   | 
statsTab| 

10:20:37.925 - Records Processed 232
10:20:37.925 - Current Subscribers: 
bid     | 
quote   | 
statsTab| 

10:20:38.925 - Records Processed 232
10:20:38.925 - Current Subscribers: 
bid     | 
quote   | 
statsTab| 

10:20:39.924 - Records Processed 232
10:20:39.924 - Current Subscribers: 
bid     | 
quote   | 
statsTab| 

10:20:40.924 - Records Processed 232
10:20:40.925 - Current Subscribers: 
bid     | 
quote   | 
statsTab| 

10:20:41.925 - Records Processed 232
10:20:41.925 - Current Subscribers: 
bid     | 
quote   | 
statsTab| 

10:20:42.925 - Records Processed 232
10:20:42.925 - Current Subscribers: 
bid     | 
quote   | 
statsTab| 

10:20:43.925 - Records Processed 232
10:20:43.926 - Current Subscribers: 
bid     | 
quote   | 
statsTab| 

10:20:44.925 - Records Processed 232
10:20:44.925 - Current Subscribers: 
bid     | 
quote   | 
statsTab| 

10:20:45.925 - Records Processed 232
10:20:45.925 - Current Subscribers: 
bid     | 
quote   | 
statsTab| 

10:20:46.924 - Records Processed 232
10:20:46.924 - Current Subscribers: 
bid     | 
quote   | 
statsTab| 

10:20:47.924 - Records Processed 232
10:20:47.925 - Current Subscribers: 
bid     | 
quote   | 
statsTab| 

10:20:48.924 - Records Processed 232
10:20:48.924 - Current Subscribers: 
bid     | 
quote   | 
statsTab| 

10:20:49.925 - Records Processed 232
10:20:49.925 - Current Subscribers: 
bid     | 
quote   | 
statsTab| 

10:20:50.924 - Records Processed 232
10:20:50.925 - Current Subscribers: 
bid     | 
quote   | 
statsTab| 

10:20:51.923 - Records Processed 232
10:20:51.924 - Current Subscribers: 
bid     | ,(8i;`)
quote   | ,(8i;`)
statsTab| ()

10:20:52.924 - Records Processed 232
10:20:52.925 - Current Subscribers: 
bid     | ,(8i;`)
quote   | ,(8i;`)
statsTab| ()

10:20:53.926 - Records Processed 232
10:20:53.926 - Current Subscribers: 
bid     | ,(8i;`)
quote   | ,(8i;`)
statsTab| ()

10:20:54.925 - Records Processed 232
10:20:54.925 - Current Subscribers: 
bid     | ,(8i;`)
quote   | ,(8i;`)
statsTab| ()

10:20:55.924 - Records Processed 232
10:20:55.925 - Current Subscribers: 
bid     | ,(8i;`)
quote   | ,(8i;`)
statsTab| ()

10:20:56.925 - Records Processed 232
10:20:56.925 - Current Subscribers: 
bid     | ,(8i;`)
quote   | ,(8i;`)
statsTab| ()

10:20:57.925 - Records Processed 232
10:20:57.925 - Current Subscribers: 
bid     | ,(8i;`)
quote   | ,(8i;`)
statsTab| ()

10:20:58.925 - Records Processed 232
10:20:58.926 - Current Subscribers: 
bid     | ,(8i;`)
quote   | ,(8i;`)
statsTab| ()

10:20:59.925 - Records Processed 232
10:20:59.926 - Current Subscribers: 
bid     | ,(8i;`)
quote   | ,(8i;`)
statsTab| ()

10:21:00.924 - Records Processed 232
10:21:00.925 - Current Subscribers: 
bid     | ,(8i;`)
quote   | ,(8i;`)
statsTab| ()

10:21:01.925 - Records Processed 232
10:21:01.925 - Current Subscribers: 
bid     | ,(8i;`)
quote   | ,(8i;`)
statsTab| ()

10:21:02.925 - Records Processed 232
10:21:02.925 - Current Subscribers: 
bid     | ,(8i;`)
quote   | ,(8i;`)
statsTab| ()

10:21:03.925 - Records Processed 232
10:21:03.926 - Current Subscribers: 
bid     | ,(8i;`)
quote   | ,(8i;`)
statsTab| ()

10:21:04.925 - Records Processed 232
10:21:04.926 - Current Subscribers: 
bid     | ,(8i;`)
quote   | ,(8i;`)
statsTab| ()

10:21:05.925 - Records Processed 232
10:21:05.925 - Current Subscribers: 
bid     | ,(8i;`)
quote   | ,(8i;`)
statsTab| ()

10:21:06.925 - Records Processed 232
10:21:06.926 - Current Subscribers: 
bid     | ,(8i;`)
quote   | ,(8i;`)
statsTab| ()

10:21:07.925 - Records Processed 232
10:21:07.925 - Current Subscribers: 
bid     | ,(8i;`)
quote   | ,(8i;`)
statsTab| ()

10:21:08.926 - Records Processed 232
10:21:08.928 - Current Subscribers: 
bid     | ,(8i;`)
quote   | ,(8i;`)
statsTab| ()

10:21:09.927 - Records Processed 232
10:21:09.928 - Current Subscribers: 
bid     | ,(8i;`)
quote   | ,(8i;`)
statsTab| ()

10:21:10.924 - Records Processed 232
10:21:10.925 - Current Subscribers: 
bid     | ,(8i;`)
quote   | ,(8i;`)
statsTab| ()

10:21:11.925 - Records Processed 232
10:21:11.925 - Current Subscribers: 
bid     | ,(8i;`)
quote   | ,(8i;`)
statsTab| ()

10:21:12.925 - Records Processed 232
10:21:12.926 - Current Subscribers: 
bid     | ,(8i;`)
quote   | ,(8i;`)
statsTab| ()

10:21:13.924 - Records Processed 232
10:21:13.924 - Current Subscribers: 
bid     | ,(8i;`)
quote   | ,(8i;`)
statsTab| ()

10:21:14.925 - Records Processed 232
10:21:14.925 - Current Subscribers: 
bid     | ,(8i;`)
quote   | ,(8i;`)
statsTab| ()

10:21:15.924 - Records Processed 232
10:21:15.925 - Current Subscribers: 
bid     | ,(8i;`)
quote   | ,(8i;`)
statsTab| ()

10:21:16.925 - Records Processed 232
10:21:16.926 - Current Subscribers: 
bid     | ,(8i;`)
quote   | ,(8i;`)
statsTab| ()

10:21:17.925 - Records Processed 232
10:21:17.926 - Current Subscribers: 
bid     | ,(8i;`)
quote   | ,(8i;`)
statsTab| ()

10:21:18.926 - Records Processed 232
10:21:18.926 - Current Subscribers: 
bid     | ,(8i;`)
quote   | ,(8i;`)
statsTab| ()

10:21:19.925 - Records Processed 232
10:21:19.925 - Current Subscribers: 
bid     | ,(8i;`)
quote   | ,(8i;`)
statsTab| ()

10:21:20.925 - Records Processed 232
10:21:20.925 - Current Subscribers: 
bid     | ,(8i;`)
quote   | ,(8i;`)
statsTab| ()

10:21:21.925 - Records Processed 232
10:21:21.925 - Current Subscribers: 
bid     | ,(8i;`)
quote   | ,(8i;`)
statsTab| ()

10:21:22.925 - Records Processed 232
10:21:22.925 - Current Subscribers: 
bid     | ,(8i;`)
quote   | ,(8i;`)
statsTab| ()

10:21:23.925 - Records Processed 232
10:21:23.926 - Current Subscribers: 
bid     | ,(8i;`)
quote   | ,(8i;`)
statsTab| ()

10:21:24.926 - Records Processed 232
10:21:24.926 - Current Subscribers: 
bid     | ,(8i;`)
quote   | ,(8i;`)
statsTab| ()

10:21:25.925 - Records Processed 232
10:21:25.925 - Current Subscribers: 
bid     | ,(8i;`)
quote   | ,(8i;`)
statsTab| ()

10:21:26.925 - Records Processed 232
10:21:26.925 - Current Subscribers: 
bid     | ,(8i;`)
quote   | ,(8i;`)
statsTab| ()

10:21:27.923 - Records Processed 232
10:21:27.923 - Current Subscribers: 
bid     | 
quote   | 
statsTab| 

10:21:28.925 - Records Processed 232
10:21:28.925 - Current Subscribers: 
bid     | 
quote   | 
statsTab| 

10:21:29.924 - Records Processed 232
10:21:29.925 - Current Subscribers: 
bid     | 
quote   | 
statsTab| 

10:21:30.925 - Records Processed 232
10:21:30.926 - Current Subscribers: 
bid     | 
quote   | 
statsTab| 

10:21:31.924 - Records Processed 232
10:21:31.925 - Current Subscribers: 
bid     | 
quote   | 
statsTab| 

10:21:32.925 - Records Processed 232
10:21:32.925 - Current Subscribers: 
bid     | 
quote   | 
statsTab| 

10:21:33.924 - Records Processed 232
10:21:33.925 - Current Subscribers: 
bid     | 
quote   | 
statsTab| 

10:21:34.923 - Records Processed 232
10:21:34.924 - Current Subscribers: 
bid     | 
quote   | 
statsTab| 

10:21:35.924 - Records Processed 232
10:21:35.924 - Current Subscribers: 
bid     | 
quote   | 
statsTab| 

10:21:36.925 - Records Processed 232
10:21:36.925 - Current Subscribers: 
bid     | 
quote   | 
statsTab| 

10:21:37.924 - Records Processed 232
10:21:37.924 - Current Subscribers: 
bid     | 
quote   | 
statsTab| 

10:21:38.925 - Records Processed 232
10:21:38.926 - Current Subscribers: 
bid     | 
quote   | 
statsTab| 

10:21:39.925 - Records Processed 232
10:21:39.925 - Current Subscribers: 
bid     | 
quote   | 
statsTab| 

10:21:40.925 - Records Processed 232
10:21:40.925 - Current Subscribers: 
bid     | 
quote   | 
statsTab| 

10:21:41.926 - Records Processed 232
10:21:41.926 - Current Subscribers: 
bid     | 
quote   | 
statsTab| 

10:21:42.925 - Records Processed 232
10:21:42.926 - Current Subscribers: 
bid     | 
quote   | 
statsTab| 

10:21:43.926 - Records Processed 232
10:21:43.926 - Current Subscribers: 
bid     | 
quote   | 
statsTab| 

10:21:44.924 - Records Processed 232
10:21:44.924 - Current Subscribers: 
bid     | 
quote   | 
statsTab| 

10:21:45.925 - Records Processed 232
10:21:45.925 - Current Subscribers: 
bid     | 
quote   | 
statsTab| 

10:21:46.925 - Records Processed 232
10:21:46.925 - Current Subscribers: 
bid     | 
quote   | 
statsTab| 

10:21:47.924 - Records Processed 232
10:21:47.924 - Current Subscribers: 
bid     | 
quote   | 
statsTab| 

10:21:48.925 - Records Processed 232
10:21:48.925 - Current Subscribers: 
bid     | 
quote   | 
statsTab| 

10:21:49.925 - Records Processed 232
10:21:49.925 - Current Subscribers: 
bid     | 
quote   | 
statsTab| 

10:21:50.924 - Records Processed 232
10:21:50.924 - Current Subscribers: 
bid     | 
quote   | 
statsTab| 

10:21:51.924 - Records Processed 232
10:21:51.924 - Current Subscribers: 
bid     | 
quote   | 
statsTab| 

10:21:52.924 - Records Processed 232
10:21:52.924 - Current Subscribers: 
bid     | 
quote   | 
statsTab| 

10:21:53.924 - Records Processed 232
10:21:53.924 - Current Subscribers: 
bid     | 
quote   | 
statsTab| 

10:21:54.924 - Records Processed 232
10:21:54.924 - Current Subscribers: 
bid     | 
quote   | 
statsTab| 

10:21:55.924 - Records Processed 232
10:21:55.924 - Current Subscribers: 
bid     | 
quote   | 
statsTab| 

10:21:56.924 - Records Processed 232
10:21:56.924 - Current Subscribers: 
bid     | 
quote   | 
statsTab| 

10:21:57.924 - Records Processed 232
10:21:57.924 - Current Subscribers: 
bid     | 
quote   | 
statsTab| 

10:21:58.924 - Records Processed 232
10:21:58.924 - Current Subscribers: 
bid     | 
quote   | 
statsTab| 

10:21:59.924 - Records Processed 232
10:21:59.924 - Current Subscribers: 
bid     | 
quote   | 
statsTab| 

10:22:00.923 - Records Processed 232
10:22:00.923 - Current Subscribers: 
bid     | 
quote   | 
statsTab| 

10:22:01.924 - Records Processed 232
10:22:01.924 - Current Subscribers: 
bid     | 
quote   | 
statsTab| 

10:22:02.924 - Records Processed 232
10:22:02.924 - Current Subscribers: 
bid     | 
quote   | 
statsTab| 

10:22:03.924 - Records Processed 232
10:22:03.924 - Current Subscribers: 
bid     | 
quote   | 
statsTab| 

10:22:04.924 - Records Processed 232
10:22:04.924 - Current Subscribers: 
bid     | 
quote   | 
statsTab| 

10:22:05.923 - Records Processed 232
10:22:05.923 - Current Subscribers: 
bid     | 
quote   | 
statsTab| 

10:22:06.924 - Records Processed 232
10:22:06.925 - Current Subscribers: 
bid     | 
quote   | 
statsTab| 

10:22:07.924 - Records Processed 232
10:22:07.924 - Current Subscribers: 
bid     | 
quote   | 
statsTab| 

10:22:08.923 - Records Processed 232
10:22:08.923 - Current Subscribers: 
bid     | 
quote   | 
statsTab| 

10:22:09.925 - Records Processed 232
10:22:09.925 - Current Subscribers: 
bid     | 
quote   | 
statsTab| 

10:22:10.923 - Records Processed 232
10:22:10.924 - Current Subscribers: 
bid     | 
quote   | 
statsTab| 

10:22:11.923 - Records Processed 232
10:22:11.923 - Current Subscribers: 
bid     | 
quote   | 
statsTab| 

10:22:12.925 - Records Processed 232
10:22:12.925 - Current Subscribers: 
bid     | 
quote   | 
statsTab| 

10:22:13.923 - Records Processed 232
10:22:13.923 - Current Subscribers: 
bid     | 
quote   | 
statsTab| 

10:22:14.925 - Records Processed 232
10:22:14.925 - Current Subscribers: 
bid     | 
quote   | 
statsTab| 

10:22:15.923 - Records Processed 232
10:22:15.923 - Current Subscribers: 
bid     | 
quote   | 
statsTab| 

10:22:16.924 - Records Processed 232
10:22:16.925 - Current Subscribers: 
bid     | 
quote   | 
statsTab| 

10:22:17.924 - Records Processed 232
10:22:17.924 - Current Subscribers: 
bid     | 
quote   | 
statsTab| 

10:22:18.924 - Records Processed 232
10:22:18.924 - Current Subscribers: 
bid     | 
quote   | 
statsTab| 

10:22:19.925 - Records Processed 232
10:22:19.925 - Current Subscribers: 
bid     | 
quote   | 
statsTab| 

10:22:20.923 - Records Processed 232
10:22:20.923 - Current Subscribers: 
bid     | 
quote   | 
statsTab| 

10:22:21.923 - Records Processed 232
10:22:21.923 - Current Subscribers: 
bid     | 
quote   | 
statsTab| 

10:22:22.924 - Records Processed 232
10:22:22.924 - Current Subscribers: 
bid     | 
quote   | 
statsTab| 

10:22:23.924 - Records Processed 232
10:22:23.924 - Current Subscribers: 
bid     | 
quote   | 
statsTab| 

10:22:24.924 - Records Processed 232
10:22:24.924 - Current Subscribers: 
bid     | 
quote   | 
statsTab| 

10:22:25.924 - Records Processed 232
10:22:25.924 - Current Subscribers: 
bid     | 
quote   | 
statsTab| 

10:22:26.924 - Records Processed 232
10:22:26.924 - Current Subscribers: 
bid     | 
quote   | 
statsTab| 

10:22:27.925 - Records Processed 232
10:22:27.925 - Current Subscribers: 
bid     | 
quote   | 
statsTab| 

10:22:28.924 - Records Processed 232
10:22:28.924 - Current Subscribers: 
bid     | 
quote   | 
statsTab| 

10:22:29.924 - Records Processed 232
10:22:29.924 - Current Subscribers: 
bid     | ()
quote   | ()
statsTab| ,(8i;`)

10:22:30.924 - Records Processed 232
10:22:30.925 - Current Subscribers: 
bid     | ()
quote   | ()
statsTab| ,(8i;`)

10:22:31.925 - Records Processed 232
10:22:31.925 - Current Subscribers: 
bid     | ()
quote   | ()
statsTab| ,(8i;`)

10:22:32.925 - Records Processed 232
10:22:32.925 - Current Subscribers: 
bid     | ()
quote   | ()
statsTab| ,(8i;`)

10:22:33.925 - Records Processed 232
10:22:33.925 - Current Subscribers: 
bid     | ()
quote   | ()
statsTab| ,(8i;`)

10:22:34.924 - Records Processed 232
10:22:34.925 - Current Subscribers: 
bid     | ()
quote   | ()
statsTab| ,(8i;`)

10:22:35.925 - Records Processed 232
10:22:35.925 - Current Subscribers: 
bid     | ()
quote   | ()
statsTab| ,(8i;`)

10:22:36.923 - Records Processed 232
10:22:36.923 - Current Subscribers: 
bid     | ()
quote   | ()
statsTab| ,(8i;`)

10:22:37.924 - Records Processed 232
10:22:37.925 - Current Subscribers: 
bid     | ()
quote   | ()
statsTab| ,(8i;`)

10:22:38.925 - Records Processed 232
10:22:38.925 - Current Subscribers: 
bid     | ()
quote   | ()
statsTab| ,(8i;`)

10:23:56.878 - Records Processed 232
10:23:56.879 - Current Subscribers: 
bid     | 9i `
quote   | 9i `
statsTab| 8i `

10:23:57.924 - Records Processed 232
10:23:57.924 - Current Subscribers: 
bid     | ()
quote   | ()
statsTab| ,(8i;`)

10:23:58.924 - Records Processed 232
10:23:58.924 - Current Subscribers: 
bid     | ()
quote   | ()
statsTab| ,(8i;`)

10:23:59.923 - Records Processed 232
10:23:59.925 - Current Subscribers: 
bid     | ()
quote   | ()
statsTab| ,(8i;`)

10:24:00.926 - Records Processed 232
10:24:00.926 - Current Subscribers: 
bid     | ()
quote   | ()
statsTab| ,(8i;`)

10:24:01.925 - Records Processed 232
10:24:01.925 - Current Subscribers: 
bid     | ()
quote   | ()
statsTab| ,(8i;`)

10:24:02.924 - Records Processed 232
10:24:02.925 - Current Subscribers: 
bid     | ()
quote   | ()
statsTab| ,(8i;`)

10:24:03.925 - Records Processed 232
10:24:03.925 - Current Subscribers: 
bid     | ()
quote   | ()
statsTab| ,(8i;`)

10:24:04.924 - Records Processed 232
10:24:04.925 - Current Subscribers: 
bid     | ()
quote   | ()
statsTab| ,(8i;`)

10:24:05.282 - Records Processed 232
10:24:05.282 - Current Subscribers: 
bid     | 9i `
quote   | 9i `
statsTab| 8i `

10:24:29.218 - Records Processed 232
10:24:29.218 - Current Subscribers: 
bid     | 9i `
quote   | 9i `
statsTab| 8i `

10:24:30.924 - Records Processed 232
10:24:30.924 - Current Subscribers: 
bid     | ()
quote   | ()
statsTab| ,(8i;`)

10:24:31.923 - Records Processed 232
10:24:31.924 - Current Subscribers: 
bid     | ()
quote   | ()
statsTab| ,(8i;`)

10:24:32.925 - Records Processed 232
10:24:32.925 - Current Subscribers: 
bid     | ()
quote   | ()
statsTab| ,(8i;`)

10:24:33.925 - Records Processed 232
10:24:33.925 - Current Subscribers: 
bid     | ()
quote   | ()
statsTab| ,(8i;`)

10:24:34.925 - Records Processed 232
10:24:34.926 - Current Subscribers: 
bid     | ()
quote   | ()
statsTab| ,(8i;`)

10:24:35.925 - Records Processed 232
10:24:35.925 - Current Subscribers: 
bid     | ()
quote   | ()
statsTab| ,(8i;`)

10:24:36.925 - Records Processed 232
10:24:36.925 - Current Subscribers: 
bid     | ()
quote   | ()
statsTab| ,(8i;`)

10:24:37.926 - Records Processed 232
10:24:37.926 - Current Subscribers: 
bid     | ()
quote   | ()
statsTab| ,(8i;`)

10:24:38.925 - Records Processed 232
10:24:38.925 - Current Subscribers: 
bid     | ()
quote   | ()
statsTab| ,(8i;`)

10:24:39.925 - Records Processed 232
10:24:39.925 - Current Subscribers: 
bid     | ()
quote   | ()
statsTab| ,(8i;`)

10:24:40.925 - Records Processed 232
10:24:40.925 - Current Subscribers: 
bid     | ()
quote   | ()
statsTab| ,(8i;`)

10:24:41.926 - Records Processed 232
10:24:41.926 - Current Subscribers: 
bid     | ()
quote   | ()
statsTab| ,(8i;`)

10:24:42.926 - Records Processed 232
10:24:42.927 - Current Subscribers: 
bid     | ()
quote   | ()
statsTab| ,(8i;`)

10:24:43.925 - Records Processed 232
10:24:43.926 - Current Subscribers: 
bid     | ()
quote   | ()
statsTab| ,(8i;`)

10:24:44.926 - Records Processed 232
10:24:44.927 - Current Subscribers: 
bid     | ()
quote   | ()
statsTab| ,(8i;`)

10:24:45.925 - Records Processed 232
10:24:45.925 - Current Subscribers: 
bid     | ()
quote   | ()
statsTab| ,(8i;`)

10:24:46.925 - Records Processed 232
10:24:46.925 - Current Subscribers: 
bid     | ()
quote   | ()
statsTab| ,(8i;`)

10:24:47.925 - Records Processed 232
10:24:47.925 - Current Subscribers: 
bid     | ()
quote   | ()
statsTab| ,(8i;`)

10:24:48.924 - Records Processed 232
10:24:48.925 - Current Subscribers: 
bid     | ()
quote   | ()
statsTab| ,(8i;`)

10:24:49.924 - Records Processed 232
10:24:49.925 - Current Subscribers: 
bid     | ()
quote   | ()
statsTab| ,(8i;`)

10:24:50.925 - Records Processed 232
10:24:50.926 - Current Subscribers: 
bid     | ()
quote   | ()
statsTab| ,(8i;`)

10:24:51.925 - Records Processed 232
10:24:51.925 - Current Subscribers: 
bid     | ()
quote   | ()
statsTab| ,(8i;`)

10:24:52.923 - Records Processed 232
10:24:52.924 - Current Subscribers: 
bid     | ()
quote   | ()
statsTab| ,(8i;`)

10:24:53.925 - Records Processed 232
10:24:53.925 - Current Subscribers: 
bid     | ()
quote   | ()
statsTab| ,(8i;`)

10:24:54.924 - Records Processed 232
10:24:54.925 - Current Subscribers: 
bid     | ()
quote   | ()
statsTab| ,(8i;`)

10:24:55.924 - Records Processed 232
10:24:55.925 - Current Subscribers: 
bid     | ()
quote   | ()
statsTab| ,(8i;`)

10:24:56.925 - Records Processed 232
10:24:56.925 - Current Subscribers: 
bid     | ()
quote   | ()
statsTab| ,(8i;`)

10:24:57.925 - Records Processed 232
10:24:57.925 - Current Subscribers: 
bid     | ()
quote   | ()
statsTab| ,(8i;`)

10:24:58.924 - Records Processed 232
10:24:58.925 - Current Subscribers: 
bid     | ()
quote   | ()
statsTab| ,(8i;`)

10:24:59.924 - Records Processed 232
10:24:59.925 - Current Subscribers: 
bid     | ()
quote   | ()
statsTab| ,(8i;`)

10:25:00.924 - Records Processed 232
10:25:00.924 - Current Subscribers: 
bid     | ()
quote   | ()
statsTab| ,(8i;`)

10:25:01.924 - Records Processed 232
10:25:01.925 - Current Subscribers: 
bid     | ()
quote   | ()
statsTab| ,(8i;`)

10:25:02.925 - Records Processed 232
10:25:02.926 - Current Subscribers: 
bid     | ()
quote   | ()
statsTab| ,(8i;`)

10:25:03.925 - Records Processed 232
10:25:03.925 - Current Subscribers: 
bid     | ()
quote   | ()
statsTab| ,(8i;`)

10:25:04.880 - Records Processed 232
10:25:04.880 - Current Subscribers: 
bid     | 9i `
quote   | 9i `
statsTab| 8i `

10:25:34.281 - Records Processed 232
10:25:34.281 - Current Subscribers: 
bid     | 9i `
quote   | 9i `
statsTab| 8i `

10:25:35.924 - Records Processed 232
10:25:35.924 - Current Subscribers: 
bid     | 9i `
quote   | 9i `
statsTab| 8i `

10:25:36.926 - Records Processed 232
10:25:36.926 - Current Subscribers: 
bid     | 9i `
quote   | 9i `
statsTab| 8i `

10:25:37.925 - Records Processed 232
10:25:37.926 - Current Subscribers: 
bid     | 9i `
quote   | 9i `
statsTab| 8i `

10:25:38.925 - Records Processed 232
10:25:38.925 - Current Subscribers: 
bid     | 9i `
quote   | 9i `
statsTab| 8i `

10:25:39.923 - Records Processed 232
10:25:39.923 - Current Subscribers: 
bid     | 9i `
quote   | 9i `
statsTab| 8i `

10:25:40.925 - Records Processed 232
10:25:40.925 - Current Subscribers: 
bid     | 9i `
quote   | 9i `
statsTab| 8i `

10:25:41.924 - Records Processed 232
10:25:41.924 - Current Subscribers: 
bid     | ()
quote   | ()
statsTab| ,(8i;`)

10:25:42.925 - Records Processed 232
10:25:42.926 - Current Subscribers: 
bid     | ()
quote   | ()
statsTab| ,(8i;`)

10:25:43.924 - Records Processed 232
10:25:43.925 - Current Subscribers: 
bid     | ()
quote   | ()
statsTab| ,(8i;`)

10:25:44.925 - Records Processed 232
10:25:44.926 - Current Subscribers: 
bid     | ()
quote   | ()
statsTab| ,(8i;`)

10:25:45.925 - Records Processed 232
10:25:45.926 - Current Subscribers: 
bid     | ()
quote   | ()
statsTab| ,(8i;`)

10:25:46.926 - Records Processed 232
10:25:46.926 - Current Subscribers: 
bid     | ()
quote   | ()
statsTab| ,(8i;`)

10:25:47.925 - Records Processed 232
10:25:47.925 - Current Subscribers: 
bid     | ()
quote   | ()
statsTab| ,(8i;`)

10:25:48.925 - Records Processed 232
10:25:48.925 - Current Subscribers: 
bid     | ()
quote   | ()
statsTab| ,(8i;`)

10:25:49.925 - Records Processed 232
10:25:49.925 - Current Subscribers: 
bid     | ()
quote   | ()
statsTab| ,(8i;`)

10:25:50.925 - Records Processed 232
10:25:50.925 - Current Subscribers: 
bid     | ()
quote   | ()
statsTab| ,(8i;`)

10:25:51.925 - Records Processed 232
10:25:51.926 - Current Subscribers: 
bid     | ()
quote   | ()
statsTab| ,(8i;`)

10:25:52.925 - Records Processed 232
10:25:52.925 - Current Subscribers: 
bid     | ()
quote   | ()
statsTab| ,(8i;`)

10:25:53.926 - Records Processed 232
10:25:53.926 - Current Subscribers: 
bid     | ()
quote   | ()
statsTab| ,(8i;`)

10:25:54.925 - Records Processed 232
10:25:54.925 - Current Subscribers: 
bid     | ()
quote   | ()
statsTab| ,(8i;`)

10:25:55.925 - Records Processed 232
10:25:55.925 - Current Subscribers: 
bid     | ()
quote   | ()
statsTab| ,(8i;`)

10:25:56.925 - Records Processed 232
10:25:56.925 - Current Subscribers: 
bid     | ()
quote   | ()
statsTab| ,(8i;`)

10:25:57.925 - Records Processed 232
10:25:57.925 - Current Subscribers: 
bid     | ()
quote   | ()
statsTab| ,(8i;`)

10:25:58.925 - Records Processed 232
10:25:58.925 - Current Subscribers: 
bid     | ()
quote   | ()
statsTab| ,(8i;`)

10:25:59.925 - Records Processed 232
10:25:59.925 - Current Subscribers: 
bid     | ()
quote   | ()
statsTab| ,(8i;`)

10:26:00.924 - Records Processed 232
10:26:00.924 - Current Subscribers: 
bid     | ()
quote   | ()
statsTab| ,(8i;`)

10:26:01.925 - Records Processed 232
10:26:01.925 - Current Subscribers: 
bid     | ()
quote   | ()
statsTab| ,(8i;`)

10:26:02.924 - Records Processed 232
10:26:02.925 - Current Subscribers: 
bid     | ()
quote   | ()
statsTab| ,(8i;`)

10:26:03.924 - Records Processed 232
10:26:03.925 - Current Subscribers: 
bid     | ()
quote   | ()
statsTab| ,(8i;`)

10:26:04.925 - Records Processed 232
10:26:04.926 - Current Subscribers: 
bid     | ()
quote   | ()
statsTab| ,(8i;`)

10:26:05.923 - Records Processed 232
10:26:05.924 - Current Subscribers: 
bid     | ()
quote   | ()
statsTab| ,(8i;`)

10:26:06.925 - Records Processed 232
10:26:06.926 - Current Subscribers: 
bid     | ()
quote   | ()
statsTab| ,(8i;`)

10:26:07.926 - Records Processed 232
10:26:07.926 - Current Subscribers: 
bid     | ()
quote   | ()
statsTab| ,(8i;`)

10:26:08.925 - Records Processed 232
10:26:08.925 - Current Subscribers: 
bid     | ()
quote   | ()
statsTab| ,(8i;`)

10:26:09.925 - Records Processed 232
10:26:09.925 - Current Subscribers: 
bid     | ()
quote   | ()
statsTab| ,(8i;`)

10:26:10.926 - Records Processed 232
10:26:10.926 - Current Subscribers: 
bid     | ()
quote   | ()
statsTab| ,(8i;`)

10:26:11.925 - Records Processed 232
10:26:11.925 - Current Subscribers: 
bid     | ()
quote   | ()
statsTab| ,(8i;`)

10:26:12.924 - Records Processed 232
10:26:12.925 - Current Subscribers: 
bid     | ()
quote   | ()
statsTab| ,(8i;`)

10:26:13.925 - Records Processed 232
10:26:13.925 - Current Subscribers: 
bid     | ()
quote   | ()
statsTab| ,(8i;`)

10:26:14.925 - Records Processed 232
10:26:14.925 - Current Subscribers: 
bid     | ()
quote   | ()
statsTab| ,(8i;`)

10:26:15.925 - Records Processed 232
10:26:15.926 - Current Subscribers: 
bid     | ()
quote   | ()
statsTab| ,(8i;`)

10:26:16.925 - Records Processed 232
10:26:16.926 - Current Subscribers: 
bid     | ()
quote   | ()
statsTab| ,(8i;`)

10:26:17.924 - Records Processed 232
10:26:17.925 - Current Subscribers: 
bid     | ()
quote   | ()
statsTab| ,(8i;`)

10:26:18.926 - Records Processed 232
10:26:18.926 - Current Subscribers: 
bid     | ()
quote   | ()
statsTab| ,(8i;`)

10:26:19.924 - Records Processed 232
10:26:19.925 - Current Subscribers: 
bid     | ()
quote   | ()
statsTab| ,(8i;`)

10:26:20.924 - Records Processed 232
10:26:20.925 - Current Subscribers: 
bid     | ()
quote   | ()
statsTab| ,(8i;`)

10:26:21.924 - Records Processed 232
10:26:21.925 - Current Subscribers: 
bid     | ()
quote   | ()
statsTab| ,(8i;`)

10:26:22.925 - Records Processed 232
10:26:22.925 - Current Subscribers: 
bid     | ()
quote   | ()
statsTab| ,(8i;`)

10:26:23.925 - Records Processed 232
10:26:23.926 - Current Subscribers: 
bid     | ()
quote   | ()
statsTab| ,(8i;`)

10:26:24.925 - Records Processed 232
10:26:24.925 - Current Subscribers: 
bid     | ()
quote   | ()
statsTab| ,(8i;`)

10:26:25.925 - Records Processed 232
10:26:25.925 - Current Subscribers: 
bid     | ()
quote   | ()
statsTab| ,(8i;`)

10:26:26.925 - Records Processed 232
10:26:26.925 - Current Subscribers: 
bid     | ()
quote   | ()
statsTab| ,(8i;`)

10:26:27.925 - Records Processed 232
10:26:27.925 - Current Subscribers: 
bid     | ()
quote   | ()
statsTab| ,(8i;`)

10:26:28.925 - Records Processed 232
10:26:28.925 - Current Subscribers: 
bid     | ()
quote   | ()
statsTab| ,(8i;`)

10:26:29.924 - Records Processed 232
10:26:29.924 - Current Subscribers: 
bid     | ()
quote   | ()
statsTab| ,(8i;`)

10:26:30.925 - Records Processed 232
10:26:30.925 - Current Subscribers: 
bid     | ()
quote   | ()
statsTab| ,(8i;`)

10:26:31.925 - Records Processed 232
10:26:31.925 - Current Subscribers: 
bid     | ()
quote   | ()
statsTab| ,(8i;`)

10:26:32.925 - Records Processed 232
10:26:32.925 - Current Subscribers: 
bid     | ()
quote   | ()
statsTab| ,(8i;`)

10:26:33.925 - Records Processed 232
10:26:33.925 - Current Subscribers: 
bid     | ()
quote   | ()
statsTab| ,(8i;`)

10:26:34.925 - Records Processed 232
10:26:34.925 - Current Subscribers: 
bid     | ()
quote   | ()
statsTab| ,(8i;`)

10:26:35.925 - Records Processed 232
10:26:35.925 - Current Subscribers: 
bid     | ()
quote   | ()
statsTab| ,(8i;`)

10:26:36.925 - Records Processed 232
10:26:36.925 - Current Subscribers: 
bid     | ()
quote   | ()
statsTab| ,(8i;`)

10:26:37.924 - Records Processed 232
10:26:37.925 - Current Subscribers: 
bid     | ()
quote   | ()
statsTab| ,(8i;`)

10:26:38.925 - Records Processed 232
10:26:38.925 - Current Subscribers: 
bid     | ()
quote   | ()
statsTab| ,(8i;`)

10:26:39.925 - Records Processed 232
10:26:39.925 - Current Subscribers: 
bid     | ()
quote   | ()
statsTab| ,(8i;`)

10:26:40.924 - Records Processed 232
10:26:40.925 - Current Subscribers: 
bid     | ()
quote   | ()
statsTab| ,(8i;`)

10:26:41.925 - Records Processed 232
10:26:41.925 - Current Subscribers: 
bid     | ()
quote   | ()
statsTab| ,(8i;`)

10:26:42.924 - Records Processed 232
10:26:42.925 - Current Subscribers: 
bid     | ()
quote   | ()
statsTab| ,(8i;`)

10:26:43.925 - Records Processed 232
10:26:43.925 - Current Subscribers: 
bid     | ()
quote   | ()
statsTab| ,(8i;`)

10:26:44.924 - Records Processed 232
10:26:44.924 - Current Subscribers: 
bid     | ()
quote   | ()
statsTab| ,(8i;`)

10:26:45.924 - Records Processed 232
10:26:45.924 - Current Subscribers: 
bid     | ()
quote   | ()
statsTab| ,(8i;`)

10:26:46.924 - Records Processed 232
10:26:46.924 - Current Subscribers: 
bid     | ()
quote   | ()
statsTab| ,(8i;`)

10:26:47.925 - Records Processed 232
10:26:47.925 - Current Subscribers: 
bid     | ()
quote   | ()
statsTab| ,(8i;`)

10:26:48.925 - Records Processed 232
10:26:48.925 - Current Subscribers: 
bid     | ()
quote   | ()
statsTab| ,(8i;`)

10:26:49.925 - Records Processed 232
10:26:49.926 - Current Subscribers: 
bid     | ()
quote   | ()
statsTab| ,(8i;`)

10:26:50.924 - Records Processed 232
10:26:50.925 - Current Subscribers: 
bid     | 9i `
quote   | 9i `
statsTab| 8i `

10:26:51.925 - Records Processed 232
10:26:51.927 - Current Subscribers: 
bid     | 9i `
quote   | 9i `
statsTab| 8i `

10:26:52.927 - Records Processed 232
10:26:52.928 - Current Subscribers: 
bid     | 9i `
quote   | 9i `
statsTab| 8i `

10:26:53.925 - Records Processed 232
10:26:53.925 - Current Subscribers: 
bid     | 9i `
quote   | 9i `
statsTab| 8i `

10:26:54.925 - Records Processed 232
10:26:54.925 - Current Subscribers: 
bid     | 9i `
quote   | 9i `
statsTab| 8i `

10:26:55.925 - Records Processed 232
10:26:55.925 - Current Subscribers: 
bid     | 9i `
quote   | 9i `
statsTab| 8i `

10:26:56.925 - Records Processed 232
10:26:56.925 - Current Subscribers: 
bid     | 9i `
quote   | 9i `
statsTab| 8i `

10:26:57.925 - Records Processed 232
10:26:57.926 - Current Subscribers: 
bid     | 9i `
quote   | 9i `
statsTab| 8i `

10:26:58.925 - Records Processed 232
10:26:58.926 - Current Subscribers: 
bid     | 9i `
quote   | 9i `
statsTab| 8i `

10:26:59.924 - Records Processed 232
10:26:59.925 - Current Subscribers: 
bid     | 9i `
quote   | 9i `
statsTab| 8i `

10:27:00.925 - Records Processed 232
10:27:00.925 - Current Subscribers: 
bid     | 9i `
quote   | 9i `
statsTab| 8i `

10:27:01.925 - Records Processed 232
10:27:01.925 - Current Subscribers: 
bid     | 9i `
quote   | 9i `
statsTab| 8i `

10:27:02.925 - Records Processed 232
10:27:02.925 - Current Subscribers: 
bid     | 9i `
quote   | 9i `
statsTab| 8i `

10:27:03.925 - Records Processed 232
10:27:03.926 - Current Subscribers: 
bid     | 9i `
quote   | 9i `
statsTab| 8i `

10:27:04.925 - Records Processed 232
10:27:04.925 - Current Subscribers: 
bid     | 9i `
quote   | 9i `
statsTab| 8i `

10:27:05.740 - Records Processed 232
10:27:05.741 - Current Subscribers: 
bid     | 9i `
quote   | 9i `
statsTab| 8i `

10:28:18.500 - Records Processed 233
10:28:18.500 - Current Subscribers: 
bid     | 9i `
quote   | 9i `
statsTab| 8i `

10:28:19.924 - Records Processed 301
10:28:19.924 - Current Subscribers: 
bid     | ()
quote   | ()
statsTab| ,(8i;`)

10:28:20.924 - Records Processed 301
10:28:20.925 - Current Subscribers: 
bid     | ()
quote   | ()
statsTab| ,(8i;`)

10:28:21.923 - Records Processed 301
10:28:21.924 - Current Subscribers: 
bid     | ()
quote   | ()
statsTab| ,(8i;`)

10:28:22.924 - Records Processed 301
10:28:22.924 - Current Subscribers: 
bid     | ()
quote   | ()
statsTab| ,(8i;`)

10:28:23.925 - Records Processed 301
10:28:23.925 - Current Subscribers: 
bid     | ()
quote   | ()
statsTab| ,(8i;`)

10:28:24.924 - Records Processed 301
10:28:24.924 - Current Subscribers: 
bid     | ()
quote   | ()
statsTab| ,(8i;`)

10:28:25.925 - Records Processed 301
10:28:25.925 - Current Subscribers: 
bid     | ()
quote   | ()
statsTab| ,(8i;`)

10:28:26.923 - Records Processed 301
10:28:26.923 - Current Subscribers: 
bid     | ()
quote   | ()
statsTab| ,(8i;`)

10:28:27.925 - Records Processed 301
10:28:27.925 - Current Subscribers: 
bid     | ()
quote   | ()
statsTab| ,(8i;`)

10:28:28.924 - Records Processed 301
10:28:28.924 - Current Subscribers: 
bid     | ()
quote   | ()
statsTab| ,(8i;`)

10:28:29.925 - Records Processed 301
10:28:29.925 - Current Subscribers: 
bid     | ()
quote   | ()
statsTab| ,(8i;`)

10:28:30.925 - Records Processed 301
10:28:30.925 - Current Subscribers: 
bid     | ()
quote   | ()
statsTab| ,(8i;`)

10:28:31.925 - Records Processed 301
10:28:31.926 - Current Subscribers: 
bid     | ()
quote   | ()
statsTab| ,(8i;`)

10:28:32.924 - Records Processed 301
10:28:32.924 - Current Subscribers: 
bid     | ()
quote   | ()
statsTab| ,(8i;`)

10:28:33.924 - Records Processed 301
10:28:33.924 - Current Subscribers: 
bid     | ()
quote   | ()
statsTab| ,(8i;`)

10:28:34.924 - Records Processed 301
10:28:34.925 - Current Subscribers: 
bid     | ()
quote   | ()
statsTab| ,(8i;`)

10:28:35.925 - Records Processed 301
10:28:35.925 - Current Subscribers: 
bid     | ()
quote   | ()
statsTab| ,(8i;`)

10:28:36.924 - Records Processed 301
10:28:36.925 - Current Subscribers: 
bid     | ()
quote   | ()
statsTab| ,(8i;`)

10:28:37.923 - Records Processed 301
10:28:37.924 - Current Subscribers: 
bid     | ()
quote   | ()
statsTab| ,(8i;`)

10:28:38.924 - Records Processed 301
10:28:38.924 - Current Subscribers: 
bid     | ()
quote   | ()
statsTab| ,(8i;`)

10:28:39.923 - Records Processed 301
10:28:39.924 - Current Subscribers: 
bid     | 9i `
quote   | 9i `
statsTab| 8i `

10:28:40.925 - Records Processed 301
10:28:40.926 - Current Subscribers: 
bid     | 9i `
quote   | 9i `
statsTab| 8i `

10:28:41.928 - Records Processed 301
10:28:41.928 - Current Subscribers: 
bid     | 9i `
quote   | 9i `
statsTab| 8i `

10:28:42.438 - Records Processed 301
10:28:42.438 - Current Subscribers: 
bid     | 9i `
quote   | 9i `
statsTab| 8i `

10:29:54.486 - Records Processed 302
10:29:54.487 - Current Subscribers: 
bid     | 9i `
quote   | 9i `
statsTab| 8i `

10:29:55.264 - Records Processed 374
10:29:55.264 - Current Subscribers: 
bid     | 9i `
quote   | 9i `
statsTab| 8i `

10:29:59.796 - Records Processed 374
10:29:59.797 - Current Subscribers: 
bid     | 9i `
quote   | 9i `
statsTab| 8i `

10:30:00.643 - Records Processed 375
10:30:00.644 - Current Subscribers: 
bid     | 9i `
quote   | 9i `
statsTab| 8i `

10:30:01.262 - Records Processed 376
10:30:01.263 - Current Subscribers: 
bid     | 9i `
quote   | 9i `
statsTab| 8i `

10:30:05.353 - Records Processed 377
10:30:05.354 - Current Subscribers: 
bid     | 9i `
quote   | 9i `
statsTab| 8i `

10:30:06.038 - Records Processed 377
10:30:06.039 - Current Subscribers: 
bid     | 9i `
quote   | 9i `
statsTab| 8i `

